[2024-10-14 14:37:32,762] {taskinstance.py:1159} INFO - Dependencies all met for <TaskInstance: atividade_aula_4.tarefa_2 scheduled__2024-10-13T00:00:00+00:00 [queued]>
[2024-10-14 14:37:32,767] {taskinstance.py:1159} INFO - Dependencies all met for <TaskInstance: atividade_aula_4.tarefa_2 scheduled__2024-10-13T00:00:00+00:00 [queued]>
[2024-10-14 14:37:32,767] {taskinstance.py:1356} INFO - 
--------------------------------------------------------------------------------
[2024-10-14 14:37:32,767] {taskinstance.py:1357} INFO - Starting attempt 1 of 1
[2024-10-14 14:37:32,767] {taskinstance.py:1358} INFO - 
--------------------------------------------------------------------------------
[2024-10-14 14:37:32,795] {taskinstance.py:1377} INFO - Executing <Task(PythonOperator): tarefa_2> on 2024-10-13 00:00:00+00:00
[2024-10-14 14:37:32,799] {standard_task_runner.py:52} INFO - Started process 14624 to run task
[2024-10-14 14:37:32,805] {standard_task_runner.py:79} INFO - Running: ['airflow', 'tasks', 'run', 'atividade_aula_4', 'tarefa_2', 'scheduled__2024-10-13T00:00:00+00:00', '--job-id', '15', '--raw', '--subdir', 'DAGS_FOLDER/atividade_aula_4.py', '--cfg-path', '/tmp/tmpoj2jgcyr', '--error-file', '/tmp/tmpg3rbbvzs']
[2024-10-14 14:37:32,806] {standard_task_runner.py:80} INFO - Job 15: Subtask tarefa_2
[2024-10-14 14:37:32,842] {task_command.py:370} INFO - Running <TaskInstance: atividade_aula_4.tarefa_2 scheduled__2024-10-13T00:00:00+00:00 [running]> on host luan-capella
[2024-10-14 14:37:32,881] {taskinstance.py:1569} INFO - Exporting the following env vars:
AIRFLOW_CTX_DAG_OWNER=airflow
AIRFLOW_CTX_DAG_ID=atividade_aula_4
AIRFLOW_CTX_TASK_ID=tarefa_2
AIRFLOW_CTX_EXECUTION_DATE=2024-10-13T00:00:00+00:00
AIRFLOW_CTX_TRY_NUMBER=1
AIRFLOW_CTX_DAG_RUN_ID=scheduled__2024-10-13T00:00:00+00:00
[2024-10-14 14:37:32,882] {logging_mixin.py:115} INFO - Boas vindas ao Airflow!
[2024-10-14 14:37:32,882] {python.py:173} INFO - Done. Returned value was: None
[2024-10-14 14:37:32,886] {taskinstance.py:1395} INFO - Marking task as SUCCESS. dag_id=atividade_aula_4, task_id=tarefa_2, execution_date=20241013T000000, start_date=20241014T173732, end_date=20241014T173732
[2024-10-14 14:37:32,933] {local_task_job.py:156} INFO - Task exited with return code 0
[2024-10-14 14:37:32,961] {local_task_job.py:273} INFO - 0 downstream tasks scheduled from follow-on schedule check
