[2024-10-15 21:23:45,256] {taskinstance.py:1159} INFO - Dependencies all met for <TaskInstance: meu_primeiro_dag.criar_pasta scheduled__2024-10-14T00:00:00+00:00 [queued]>
[2024-10-15 21:23:45,263] {taskinstance.py:1159} INFO - Dependencies all met for <TaskInstance: meu_primeiro_dag.criar_pasta scheduled__2024-10-14T00:00:00+00:00 [queued]>
[2024-10-15 21:23:45,263] {taskinstance.py:1356} INFO - 
--------------------------------------------------------------------------------
[2024-10-15 21:23:45,263] {taskinstance.py:1357} INFO - Starting attempt 1 of 1
[2024-10-15 21:23:45,263] {taskinstance.py:1358} INFO - 
--------------------------------------------------------------------------------
[2024-10-15 21:23:45,279] {taskinstance.py:1377} INFO - Executing <Task(BashOperator): criar_pasta> on 2024-10-14 00:00:00+00:00
[2024-10-15 21:23:45,281] {standard_task_runner.py:52} INFO - Started process 9400 to run task
[2024-10-15 21:23:45,285] {standard_task_runner.py:79} INFO - Running: ['airflow', 'tasks', 'run', 'meu_primeiro_dag', 'criar_pasta', 'scheduled__2024-10-14T00:00:00+00:00', '--job-id', '34', '--raw', '--subdir', 'DAGS_FOLDER/meu_primeiro_dag.py', '--cfg-path', '/tmp/tmphwi7wt5n', '--error-file', '/tmp/tmpnuf2txvy']
[2024-10-15 21:23:45,285] {standard_task_runner.py:80} INFO - Job 34: Subtask criar_pasta
[2024-10-15 21:23:45,318] {task_command.py:370} INFO - Running <TaskInstance: meu_primeiro_dag.criar_pasta scheduled__2024-10-14T00:00:00+00:00 [running]> on host luan-capella
[2024-10-15 21:23:45,361] {taskinstance.py:1569} INFO - Exporting the following env vars:
AIRFLOW_CTX_DAG_OWNER=airflow
AIRFLOW_CTX_DAG_ID=meu_primeiro_dag
AIRFLOW_CTX_TASK_ID=criar_pasta
AIRFLOW_CTX_EXECUTION_DATE=2024-10-14T00:00:00+00:00
AIRFLOW_CTX_TRY_NUMBER=1
AIRFLOW_CTX_DAG_RUN_ID=scheduled__2024-10-14T00:00:00+00:00
[2024-10-15 21:23:45,362] {subprocess.py:62} INFO - Tmp dir root location: 
 /tmp
[2024-10-15 21:23:45,362] {subprocess.py:74} INFO - Running command: ['bash', '-c', 'mkdir -p "/home/luan-capella/Documentos/curso_airflow/airflowalura/pasta=2024-10-15T00:00:00+00:00"']
[2024-10-15 21:23:45,368] {subprocess.py:85} INFO - Output:
[2024-10-15 21:23:45,372] {subprocess.py:96} INFO - Command exited with return code 0
[2024-10-15 21:23:45,391] {taskinstance.py:1395} INFO - Marking task as SUCCESS. dag_id=meu_primeiro_dag, task_id=criar_pasta, execution_date=20241014T000000, start_date=20241016T002345, end_date=20241016T002345
[2024-10-15 21:23:45,415] {local_task_job.py:156} INFO - Task exited with return code 0
[2024-10-15 21:23:45,446] {local_task_job.py:273} INFO - 0 downstream tasks scheduled from follow-on schedule check
