[2024-10-14 15:00:55,427] {taskinstance.py:1159} INFO - Dependencies all met for <TaskInstance: meu_primeiro_dag.criar_pasta scheduled__2024-10-12T00:00:00+00:00 [queued]>
[2024-10-14 15:00:55,432] {taskinstance.py:1159} INFO - Dependencies all met for <TaskInstance: meu_primeiro_dag.criar_pasta scheduled__2024-10-12T00:00:00+00:00 [queued]>
[2024-10-14 15:00:55,432] {taskinstance.py:1356} INFO - 
--------------------------------------------------------------------------------
[2024-10-14 15:00:55,432] {taskinstance.py:1357} INFO - Starting attempt 1 of 1
[2024-10-14 15:00:55,432] {taskinstance.py:1358} INFO - 
--------------------------------------------------------------------------------
[2024-10-14 15:00:55,450] {taskinstance.py:1377} INFO - Executing <Task(BashOperator): criar_pasta> on 2024-10-12 00:00:00+00:00
[2024-10-14 15:00:55,454] {standard_task_runner.py:52} INFO - Started process 20876 to run task
[2024-10-14 15:00:55,457] {standard_task_runner.py:79} INFO - Running: ['airflow', 'tasks', 'run', 'meu_primeiro_dag', 'criar_pasta', 'scheduled__2024-10-12T00:00:00+00:00', '--job-id', '18', '--raw', '--subdir', 'DAGS_FOLDER/meu_primeiro_dag.py', '--cfg-path', '/tmp/tmpmp1ax833', '--error-file', '/tmp/tmpcd0vxbt2']
[2024-10-14 15:00:55,457] {standard_task_runner.py:80} INFO - Job 18: Subtask criar_pasta
[2024-10-14 15:00:55,487] {task_command.py:370} INFO - Running <TaskInstance: meu_primeiro_dag.criar_pasta scheduled__2024-10-12T00:00:00+00:00 [running]> on host luan-capella
[2024-10-14 15:00:55,528] {taskinstance.py:1569} INFO - Exporting the following env vars:
AIRFLOW_CTX_DAG_OWNER=airflow
AIRFLOW_CTX_DAG_ID=meu_primeiro_dag
AIRFLOW_CTX_TASK_ID=criar_pasta
AIRFLOW_CTX_EXECUTION_DATE=2024-10-12T00:00:00+00:00
AIRFLOW_CTX_TRY_NUMBER=1
AIRFLOW_CTX_DAG_RUN_ID=scheduled__2024-10-12T00:00:00+00:00
[2024-10-14 15:00:55,529] {subprocess.py:62} INFO - Tmp dir root location: 
 /tmp
[2024-10-14 15:00:55,529] {subprocess.py:74} INFO - Running command: ['bash', '-c', 'mkdir -p "/home/luan-capella/Documentos/curso_airflow/airflowalura/pasta=2024-10-13T00:00:00+00:00"']
[2024-10-14 15:00:55,538] {subprocess.py:85} INFO - Output:
[2024-10-14 15:00:55,543] {subprocess.py:96} INFO - Command exited with return code 0
[2024-10-14 15:00:55,561] {taskinstance.py:1395} INFO - Marking task as SUCCESS. dag_id=meu_primeiro_dag, task_id=criar_pasta, execution_date=20241012T000000, start_date=20241014T180055, end_date=20241014T180055
[2024-10-14 15:00:55,588] {local_task_job.py:156} INFO - Task exited with return code 0
[2024-10-14 15:00:55,602] {local_task_job.py:273} INFO - 0 downstream tasks scheduled from follow-on schedule check
