[2024-10-11 15:19:25,594] {processor.py:153} INFO - Started process (PID=40898) to work on /home/luan-capella/Documentos/curso_airflow/airflowalura/venv/lib/python3.9/site-packages/airflow/example_dags/plugins/workday.py
[2024-10-11 15:19:25,595] {processor.py:641} INFO - Processing file /home/luan-capella/Documentos/curso_airflow/airflowalura/venv/lib/python3.9/site-packages/airflow/example_dags/plugins/workday.py for tasks to queue
[2024-10-11 15:19:25,596] {logging_mixin.py:115} INFO - [2024-10-11 15:19:25,596] {dagbag.py:507} INFO - Filling up the DagBag from /home/luan-capella/Documentos/curso_airflow/airflowalura/venv/lib/python3.9/site-packages/airflow/example_dags/plugins/workday.py
[2024-10-11 15:19:25,598] {processor.py:653} WARNING - No viable dags retrieved from /home/luan-capella/Documentos/curso_airflow/airflowalura/venv/lib/python3.9/site-packages/airflow/example_dags/plugins/workday.py
[2024-10-11 15:19:25,607] {processor.py:161} INFO - Processing /home/luan-capella/Documentos/curso_airflow/airflowalura/venv/lib/python3.9/site-packages/airflow/example_dags/plugins/workday.py took 0.018 seconds
[2024-10-11 15:20:01,001] {processor.py:153} INFO - Started process (PID=41588) to work on /home/luan-capella/Documentos/curso_airflow/airflowalura/venv/lib/python3.9/site-packages/airflow/example_dags/plugins/workday.py
[2024-10-11 15:20:01,002] {processor.py:641} INFO - Processing file /home/luan-capella/Documentos/curso_airflow/airflowalura/venv/lib/python3.9/site-packages/airflow/example_dags/plugins/workday.py for tasks to queue
[2024-10-11 15:20:01,003] {logging_mixin.py:115} INFO - [2024-10-11 15:20:01,003] {dagbag.py:507} INFO - Filling up the DagBag from /home/luan-capella/Documentos/curso_airflow/airflowalura/venv/lib/python3.9/site-packages/airflow/example_dags/plugins/workday.py
[2024-10-11 15:20:01,005] {processor.py:653} WARNING - No viable dags retrieved from /home/luan-capella/Documentos/curso_airflow/airflowalura/venv/lib/python3.9/site-packages/airflow/example_dags/plugins/workday.py
[2024-10-11 15:20:01,015] {processor.py:161} INFO - Processing /home/luan-capella/Documentos/curso_airflow/airflowalura/venv/lib/python3.9/site-packages/airflow/example_dags/plugins/workday.py took 0.018 seconds
[2024-10-11 15:20:35,729] {processor.py:153} INFO - Started process (PID=42354) to work on /home/luan-capella/Documentos/curso_airflow/airflowalura/venv/lib/python3.9/site-packages/airflow/example_dags/plugins/workday.py
[2024-10-11 15:20:35,730] {processor.py:641} INFO - Processing file /home/luan-capella/Documentos/curso_airflow/airflowalura/venv/lib/python3.9/site-packages/airflow/example_dags/plugins/workday.py for tasks to queue
[2024-10-11 15:20:35,731] {logging_mixin.py:115} INFO - [2024-10-11 15:20:35,731] {dagbag.py:507} INFO - Filling up the DagBag from /home/luan-capella/Documentos/curso_airflow/airflowalura/venv/lib/python3.9/site-packages/airflow/example_dags/plugins/workday.py
[2024-10-11 15:20:35,732] {processor.py:653} WARNING - No viable dags retrieved from /home/luan-capella/Documentos/curso_airflow/airflowalura/venv/lib/python3.9/site-packages/airflow/example_dags/plugins/workday.py
[2024-10-11 15:20:35,742] {processor.py:161} INFO - Processing /home/luan-capella/Documentos/curso_airflow/airflowalura/venv/lib/python3.9/site-packages/airflow/example_dags/plugins/workday.py took 0.015 seconds
[2024-10-11 15:21:06,196] {processor.py:153} INFO - Started process (PID=42948) to work on /home/luan-capella/Documentos/curso_airflow/airflowalura/venv/lib/python3.9/site-packages/airflow/example_dags/plugins/workday.py
[2024-10-11 15:21:06,197] {processor.py:641} INFO - Processing file /home/luan-capella/Documentos/curso_airflow/airflowalura/venv/lib/python3.9/site-packages/airflow/example_dags/plugins/workday.py for tasks to queue
[2024-10-11 15:21:06,198] {logging_mixin.py:115} INFO - [2024-10-11 15:21:06,198] {dagbag.py:507} INFO - Filling up the DagBag from /home/luan-capella/Documentos/curso_airflow/airflowalura/venv/lib/python3.9/site-packages/airflow/example_dags/plugins/workday.py
[2024-10-11 15:21:06,201] {processor.py:653} WARNING - No viable dags retrieved from /home/luan-capella/Documentos/curso_airflow/airflowalura/venv/lib/python3.9/site-packages/airflow/example_dags/plugins/workday.py
[2024-10-11 15:21:06,213] {processor.py:161} INFO - Processing /home/luan-capella/Documentos/curso_airflow/airflowalura/venv/lib/python3.9/site-packages/airflow/example_dags/plugins/workday.py took 0.021 seconds
[2024-10-11 15:21:37,978] {processor.py:153} INFO - Started process (PID=43579) to work on /home/luan-capella/Documentos/curso_airflow/airflowalura/venv/lib/python3.9/site-packages/airflow/example_dags/plugins/workday.py
[2024-10-11 15:21:37,979] {processor.py:641} INFO - Processing file /home/luan-capella/Documentos/curso_airflow/airflowalura/venv/lib/python3.9/site-packages/airflow/example_dags/plugins/workday.py for tasks to queue
[2024-10-11 15:21:37,980] {logging_mixin.py:115} INFO - [2024-10-11 15:21:37,980] {dagbag.py:507} INFO - Filling up the DagBag from /home/luan-capella/Documentos/curso_airflow/airflowalura/venv/lib/python3.9/site-packages/airflow/example_dags/plugins/workday.py
[2024-10-11 15:21:37,983] {processor.py:653} WARNING - No viable dags retrieved from /home/luan-capella/Documentos/curso_airflow/airflowalura/venv/lib/python3.9/site-packages/airflow/example_dags/plugins/workday.py
[2024-10-11 15:21:37,993] {processor.py:161} INFO - Processing /home/luan-capella/Documentos/curso_airflow/airflowalura/venv/lib/python3.9/site-packages/airflow/example_dags/plugins/workday.py took 0.020 seconds
[2024-10-11 15:22:09,901] {processor.py:153} INFO - Started process (PID=44337) to work on /home/luan-capella/Documentos/curso_airflow/airflowalura/venv/lib/python3.9/site-packages/airflow/example_dags/plugins/workday.py
[2024-10-11 15:22:09,902] {processor.py:641} INFO - Processing file /home/luan-capella/Documentos/curso_airflow/airflowalura/venv/lib/python3.9/site-packages/airflow/example_dags/plugins/workday.py for tasks to queue
[2024-10-11 15:22:09,903] {logging_mixin.py:115} INFO - [2024-10-11 15:22:09,903] {dagbag.py:507} INFO - Filling up the DagBag from /home/luan-capella/Documentos/curso_airflow/airflowalura/venv/lib/python3.9/site-packages/airflow/example_dags/plugins/workday.py
[2024-10-11 15:22:09,906] {processor.py:653} WARNING - No viable dags retrieved from /home/luan-capella/Documentos/curso_airflow/airflowalura/venv/lib/python3.9/site-packages/airflow/example_dags/plugins/workday.py
[2024-10-11 15:22:09,915] {processor.py:161} INFO - Processing /home/luan-capella/Documentos/curso_airflow/airflowalura/venv/lib/python3.9/site-packages/airflow/example_dags/plugins/workday.py took 0.019 seconds
