[2024-10-14 16:02:44,783] {taskinstance.py:1159} INFO - Dependencies all met for <TaskInstance: dados_climaticos.criar_pasta scheduled__2024-10-07T00:00:00+00:00 [queued]>
[2024-10-14 16:02:44,787] {taskinstance.py:1159} INFO - Dependencies all met for <TaskInstance: dados_climaticos.criar_pasta scheduled__2024-10-07T00:00:00+00:00 [queued]>
[2024-10-14 16:02:44,787] {taskinstance.py:1356} INFO - 
--------------------------------------------------------------------------------
[2024-10-14 16:02:44,787] {taskinstance.py:1357} INFO - Starting attempt 1 of 1
[2024-10-14 16:02:44,787] {taskinstance.py:1358} INFO - 
--------------------------------------------------------------------------------
[2024-10-14 16:02:44,800] {taskinstance.py:1377} INFO - Executing <Task(BashOperator): criar_pasta> on 2024-10-07 00:00:00+00:00
[2024-10-14 16:02:44,805] {standard_task_runner.py:52} INFO - Started process 39109 to run task
[2024-10-14 16:02:44,809] {standard_task_runner.py:79} INFO - Running: ['airflow', 'tasks', 'run', 'dados_climaticos', 'criar_pasta', 'scheduled__2024-10-07T00:00:00+00:00', '--job-id', '23', '--raw', '--subdir', 'DAGS_FOLDER/dados_climaticos.py', '--cfg-path', '/tmp/tmp1b9w_hxd', '--error-file', '/tmp/tmpt428jnh6']
[2024-10-14 16:02:44,810] {standard_task_runner.py:80} INFO - Job 23: Subtask criar_pasta
[2024-10-14 16:02:44,849] {task_command.py:370} INFO - Running <TaskInstance: dados_climaticos.criar_pasta scheduled__2024-10-07T00:00:00+00:00 [running]> on host luan-capella
[2024-10-14 16:02:44,888] {taskinstance.py:1569} INFO - Exporting the following env vars:
AIRFLOW_CTX_DAG_OWNER=airflow
AIRFLOW_CTX_DAG_ID=dados_climaticos
AIRFLOW_CTX_TASK_ID=criar_pasta
AIRFLOW_CTX_EXECUTION_DATE=2024-10-07T00:00:00+00:00
AIRFLOW_CTX_TRY_NUMBER=1
AIRFLOW_CTX_DAG_RUN_ID=scheduled__2024-10-07T00:00:00+00:00
[2024-10-14 16:02:44,889] {subprocess.py:62} INFO - Tmp dir root location: 
 /tmp
[2024-10-14 16:02:44,889] {subprocess.py:74} INFO - Running command: ['bash', '-c', 'mkdir -p "/home/luan-capella/Documentos/curso_airflow/airflowalura/semana=2024-10-14"']
[2024-10-14 16:02:44,899] {subprocess.py:85} INFO - Output:
[2024-10-14 16:02:44,901] {subprocess.py:96} INFO - Command exited with return code 0
[2024-10-14 16:02:44,918] {taskinstance.py:1395} INFO - Marking task as SUCCESS. dag_id=dados_climaticos, task_id=criar_pasta, execution_date=20241007T000000, start_date=20241014T190244, end_date=20241014T190244
[2024-10-14 16:02:44,940] {local_task_job.py:156} INFO - Task exited with return code 0
[2024-10-14 16:02:44,960] {local_task_job.py:273} INFO - 1 downstream tasks scheduled from follow-on schedule check
[2024-10-14 16:07:03,497] {taskinstance.py:1159} INFO - Dependencies all met for <TaskInstance: dados_climaticos.criar_pasta scheduled__2024-10-07T00:00:00+00:00 [queued]>
[2024-10-14 16:07:03,501] {taskinstance.py:1159} INFO - Dependencies all met for <TaskInstance: dados_climaticos.criar_pasta scheduled__2024-10-07T00:00:00+00:00 [queued]>
[2024-10-14 16:07:03,501] {taskinstance.py:1356} INFO - 
--------------------------------------------------------------------------------
[2024-10-14 16:07:03,501] {taskinstance.py:1357} INFO - Starting attempt 1 of 1
[2024-10-14 16:07:03,502] {taskinstance.py:1358} INFO - 
--------------------------------------------------------------------------------
[2024-10-14 16:07:03,514] {taskinstance.py:1377} INFO - Executing <Task(BashOperator): criar_pasta> on 2024-10-07 00:00:00+00:00
[2024-10-14 16:07:03,519] {standard_task_runner.py:52} INFO - Started process 41188 to run task
[2024-10-14 16:07:03,522] {standard_task_runner.py:79} INFO - Running: ['airflow', 'tasks', 'run', 'dados_climaticos', 'criar_pasta', 'scheduled__2024-10-07T00:00:00+00:00', '--job-id', '29', '--raw', '--subdir', 'DAGS_FOLDER/dados_climaticos.py', '--cfg-path', '/tmp/tmpx6rs9gxs', '--error-file', '/tmp/tmpn9l1h6hg']
[2024-10-14 16:07:03,523] {standard_task_runner.py:80} INFO - Job 29: Subtask criar_pasta
[2024-10-14 16:07:03,558] {task_command.py:370} INFO - Running <TaskInstance: dados_climaticos.criar_pasta scheduled__2024-10-07T00:00:00+00:00 [running]> on host luan-capella
[2024-10-14 16:07:03,601] {taskinstance.py:1569} INFO - Exporting the following env vars:
AIRFLOW_CTX_DAG_OWNER=airflow
AIRFLOW_CTX_DAG_ID=dados_climaticos
AIRFLOW_CTX_TASK_ID=criar_pasta
AIRFLOW_CTX_EXECUTION_DATE=2024-10-07T00:00:00+00:00
AIRFLOW_CTX_TRY_NUMBER=1
AIRFLOW_CTX_DAG_RUN_ID=scheduled__2024-10-07T00:00:00+00:00
[2024-10-14 16:07:03,602] {subprocess.py:62} INFO - Tmp dir root location: 
 /tmp
[2024-10-14 16:07:03,602] {subprocess.py:74} INFO - Running command: ['bash', '-c', 'mkdir -p "/home/luan-capella/Documentos/curso_airflow/airflowalura/semana=2024-10-14"']
[2024-10-14 16:07:03,616] {subprocess.py:85} INFO - Output:
[2024-10-14 16:07:03,620] {subprocess.py:96} INFO - Command exited with return code 0
[2024-10-14 16:07:03,637] {taskinstance.py:1395} INFO - Marking task as SUCCESS. dag_id=dados_climaticos, task_id=criar_pasta, execution_date=20241007T000000, start_date=20241014T190703, end_date=20241014T190703
[2024-10-14 16:07:03,653] {local_task_job.py:156} INFO - Task exited with return code 0
[2024-10-14 16:07:03,688] {local_task_job.py:273} INFO - 1 downstream tasks scheduled from follow-on schedule check
