[2025-02-03 22:19:43,545] {taskinstance.py:1159} INFO - Dependencies all met for <TaskInstance: dados_climaticos.criar_pasta scheduled__2024-11-04T00:00:00+00:00 [queued]>
[2025-02-03 22:19:43,548] {taskinstance.py:1159} INFO - Dependencies all met for <TaskInstance: dados_climaticos.criar_pasta scheduled__2024-11-04T00:00:00+00:00 [queued]>
[2025-02-03 22:19:43,549] {taskinstance.py:1356} INFO - 
--------------------------------------------------------------------------------
[2025-02-03 22:19:43,549] {taskinstance.py:1357} INFO - Starting attempt 1 of 1
[2025-02-03 22:19:43,549] {taskinstance.py:1358} INFO - 
--------------------------------------------------------------------------------
[2025-02-03 22:19:43,574] {taskinstance.py:1377} INFO - Executing <Task(BashOperator): criar_pasta> on 2024-11-04 00:00:00+00:00
[2025-02-03 22:19:43,579] {standard_task_runner.py:52} INFO - Started process 41315 to run task
[2025-02-03 22:19:43,584] {standard_task_runner.py:79} INFO - Running: ['airflow', 'tasks', 'run', 'dados_climaticos', 'criar_pasta', 'scheduled__2024-11-04T00:00:00+00:00', '--job-id', '51', '--raw', '--subdir', 'DAGS_FOLDER/dados_climaticos.py', '--cfg-path', '/tmp/tmpcd8p3ncb', '--error-file', '/tmp/tmp76n8h1aj']
[2025-02-03 22:19:43,585] {standard_task_runner.py:80} INFO - Job 51: Subtask criar_pasta
[2025-02-03 22:19:43,627] {task_command.py:370} INFO - Running <TaskInstance: dados_climaticos.criar_pasta scheduled__2024-11-04T00:00:00+00:00 [running]> on host luan-capella
[2025-02-03 22:19:43,705] {taskinstance.py:1569} INFO - Exporting the following env vars:
AIRFLOW_CTX_DAG_OWNER=airflow
AIRFLOW_CTX_DAG_ID=dados_climaticos
AIRFLOW_CTX_TASK_ID=criar_pasta
AIRFLOW_CTX_EXECUTION_DATE=2024-11-04T00:00:00+00:00
AIRFLOW_CTX_TRY_NUMBER=1
AIRFLOW_CTX_DAG_RUN_ID=scheduled__2024-11-04T00:00:00+00:00
[2025-02-03 22:19:43,706] {subprocess.py:62} INFO - Tmp dir root location: 
 /tmp
[2025-02-03 22:19:43,706] {subprocess.py:74} INFO - Running command: ['bash', '-c', 'mkdir -p "/home/luan-capella/Documentos/curso_airflow/airflowalura/semana=2024-11-11"']
[2025-02-03 22:19:43,716] {subprocess.py:85} INFO - Output:
[2025-02-03 22:19:43,718] {subprocess.py:96} INFO - Command exited with return code 0
[2025-02-03 22:19:43,748] {taskinstance.py:1395} INFO - Marking task as SUCCESS. dag_id=dados_climaticos, task_id=criar_pasta, execution_date=20241104T000000, start_date=20250204T011943, end_date=20250204T011943
[2025-02-03 22:19:43,793] {local_task_job.py:156} INFO - Task exited with return code 0
[2025-02-03 22:19:43,834] {local_task_job.py:273} INFO - 1 downstream tasks scheduled from follow-on schedule check
