[2025-02-03 22:19:28,004] {taskinstance.py:1159} INFO - Dependencies all met for <TaskInstance: dados_climaticos.criar_pasta scheduled__2024-10-21T00:00:00+00:00 [queued]>
[2025-02-03 22:19:28,008] {taskinstance.py:1159} INFO - Dependencies all met for <TaskInstance: dados_climaticos.criar_pasta scheduled__2024-10-21T00:00:00+00:00 [queued]>
[2025-02-03 22:19:28,008] {taskinstance.py:1356} INFO - 
--------------------------------------------------------------------------------
[2025-02-03 22:19:28,009] {taskinstance.py:1357} INFO - Starting attempt 1 of 1
[2025-02-03 22:19:28,009] {taskinstance.py:1358} INFO - 
--------------------------------------------------------------------------------
[2025-02-03 22:19:28,023] {taskinstance.py:1377} INFO - Executing <Task(BashOperator): criar_pasta> on 2024-10-21 00:00:00+00:00
[2025-02-03 22:19:28,027] {standard_task_runner.py:52} INFO - Started process 40980 to run task
[2025-02-03 22:19:28,030] {standard_task_runner.py:79} INFO - Running: ['airflow', 'tasks', 'run', 'dados_climaticos', 'criar_pasta', 'scheduled__2024-10-21T00:00:00+00:00', '--job-id', '43', '--raw', '--subdir', 'DAGS_FOLDER/dados_climaticos.py', '--cfg-path', '/tmp/tmp2l_bfgtf', '--error-file', '/tmp/tmp4x2hkmeh']
[2025-02-03 22:19:28,031] {standard_task_runner.py:80} INFO - Job 43: Subtask criar_pasta
[2025-02-03 22:19:28,074] {task_command.py:370} INFO - Running <TaskInstance: dados_climaticos.criar_pasta scheduled__2024-10-21T00:00:00+00:00 [running]> on host luan-capella
[2025-02-03 22:19:28,122] {taskinstance.py:1569} INFO - Exporting the following env vars:
AIRFLOW_CTX_DAG_OWNER=airflow
AIRFLOW_CTX_DAG_ID=dados_climaticos
AIRFLOW_CTX_TASK_ID=criar_pasta
AIRFLOW_CTX_EXECUTION_DATE=2024-10-21T00:00:00+00:00
AIRFLOW_CTX_TRY_NUMBER=1
AIRFLOW_CTX_DAG_RUN_ID=scheduled__2024-10-21T00:00:00+00:00
[2025-02-03 22:19:28,124] {subprocess.py:62} INFO - Tmp dir root location: 
 /tmp
[2025-02-03 22:19:28,124] {subprocess.py:74} INFO - Running command: ['bash', '-c', 'mkdir -p "/home/luan-capella/Documentos/curso_airflow/airflowalura/semana=2024-10-28"']
[2025-02-03 22:19:28,135] {subprocess.py:85} INFO - Output:
[2025-02-03 22:19:28,137] {subprocess.py:96} INFO - Command exited with return code 0
[2025-02-03 22:19:28,155] {taskinstance.py:1395} INFO - Marking task as SUCCESS. dag_id=dados_climaticos, task_id=criar_pasta, execution_date=20241021T000000, start_date=20250204T011928, end_date=20250204T011928
[2025-02-03 22:19:28,201] {local_task_job.py:156} INFO - Task exited with return code 0
[2025-02-03 22:19:28,246] {local_task_job.py:273} INFO - 1 downstream tasks scheduled from follow-on schedule check
