[2024-10-15 21:23:41,073] {processor.py:153} INFO - Started process (PID=9338) to work on /home/luan-capella/Documentos/curso_airflow/airflowalura/dags/dados_climaticos.py
[2024-10-15 21:23:41,074] {processor.py:641} INFO - Processing file /home/luan-capella/Documentos/curso_airflow/airflowalura/dags/dados_climaticos.py for tasks to queue
[2024-10-15 21:23:41,074] {logging_mixin.py:115} INFO - [2024-10-15 21:23:41,074] {dagbag.py:507} INFO - Filling up the DagBag from /home/luan-capella/Documentos/curso_airflow/airflowalura/dags/dados_climaticos.py
[2024-10-15 21:23:41,664] {processor.py:651} INFO - DAG(s) dict_keys(['dados_climaticos']) retrieved from /home/luan-capella/Documentos/curso_airflow/airflowalura/dags/dados_climaticos.py
[2024-10-15 21:23:41,675] {logging_mixin.py:115} INFO - [2024-10-15 21:23:41,675] {dag.py:2379} INFO - Sync 1 DAGs
[2024-10-15 21:23:41,689] {logging_mixin.py:115} INFO - [2024-10-15 21:23:41,689] {dag.py:2927} INFO - Setting next_dagrun for dados_climaticos to 2024-10-14T00:00:00+00:00, run_after=2024-10-21T00:00:00+00:00
[2024-10-15 21:23:41,702] {processor.py:161} INFO - Processing /home/luan-capella/Documentos/curso_airflow/airflowalura/dags/dados_climaticos.py took 0.631 seconds
[2024-10-15 21:24:20,097] {processor.py:153} INFO - Started process (PID=9557) to work on /home/luan-capella/Documentos/curso_airflow/airflowalura/dags/dados_climaticos.py
[2024-10-15 21:24:20,098] {processor.py:641} INFO - Processing file /home/luan-capella/Documentos/curso_airflow/airflowalura/dags/dados_climaticos.py for tasks to queue
[2024-10-15 21:24:20,098] {logging_mixin.py:115} INFO - [2024-10-15 21:24:20,098] {dagbag.py:507} INFO - Filling up the DagBag from /home/luan-capella/Documentos/curso_airflow/airflowalura/dags/dados_climaticos.py
[2024-10-15 21:24:20,392] {processor.py:651} INFO - DAG(s) dict_keys(['dados_climaticos']) retrieved from /home/luan-capella/Documentos/curso_airflow/airflowalura/dags/dados_climaticos.py
[2024-10-15 21:24:20,401] {logging_mixin.py:115} INFO - [2024-10-15 21:24:20,400] {dag.py:2379} INFO - Sync 1 DAGs
[2024-10-15 21:24:20,413] {logging_mixin.py:115} INFO - [2024-10-15 21:24:20,413] {dag.py:2927} INFO - Setting next_dagrun for dados_climaticos to 2024-10-14T00:00:00+00:00, run_after=2024-10-21T00:00:00+00:00
[2024-10-15 21:24:20,423] {processor.py:161} INFO - Processing /home/luan-capella/Documentos/curso_airflow/airflowalura/dags/dados_climaticos.py took 0.328 seconds
[2024-10-15 21:24:56,231] {processor.py:153} INFO - Started process (PID=9727) to work on /home/luan-capella/Documentos/curso_airflow/airflowalura/dags/dados_climaticos.py
[2024-10-15 21:24:56,232] {processor.py:641} INFO - Processing file /home/luan-capella/Documentos/curso_airflow/airflowalura/dags/dados_climaticos.py for tasks to queue
[2024-10-15 21:24:56,232] {logging_mixin.py:115} INFO - [2024-10-15 21:24:56,232] {dagbag.py:507} INFO - Filling up the DagBag from /home/luan-capella/Documentos/curso_airflow/airflowalura/dags/dados_climaticos.py
[2024-10-15 21:24:56,529] {processor.py:651} INFO - DAG(s) dict_keys(['dados_climaticos']) retrieved from /home/luan-capella/Documentos/curso_airflow/airflowalura/dags/dados_climaticos.py
[2024-10-15 21:24:56,539] {logging_mixin.py:115} INFO - [2024-10-15 21:24:56,539] {dag.py:2379} INFO - Sync 1 DAGs
[2024-10-15 21:24:56,552] {logging_mixin.py:115} INFO - [2024-10-15 21:24:56,552] {dag.py:2927} INFO - Setting next_dagrun for dados_climaticos to 2024-10-14T00:00:00+00:00, run_after=2024-10-21T00:00:00+00:00
[2024-10-15 21:24:56,564] {processor.py:161} INFO - Processing /home/luan-capella/Documentos/curso_airflow/airflowalura/dags/dados_climaticos.py took 0.335 seconds
[2024-10-15 21:25:32,304] {processor.py:153} INFO - Started process (PID=9977) to work on /home/luan-capella/Documentos/curso_airflow/airflowalura/dags/dados_climaticos.py
[2024-10-15 21:25:32,306] {processor.py:641} INFO - Processing file /home/luan-capella/Documentos/curso_airflow/airflowalura/dags/dados_climaticos.py for tasks to queue
[2024-10-15 21:25:32,307] {logging_mixin.py:115} INFO - [2024-10-15 21:25:32,306] {dagbag.py:507} INFO - Filling up the DagBag from /home/luan-capella/Documentos/curso_airflow/airflowalura/dags/dados_climaticos.py
[2024-10-15 21:25:32,586] {processor.py:651} INFO - DAG(s) dict_keys(['dados_climaticos']) retrieved from /home/luan-capella/Documentos/curso_airflow/airflowalura/dags/dados_climaticos.py
[2024-10-15 21:25:32,602] {logging_mixin.py:115} INFO - [2024-10-15 21:25:32,602] {dag.py:2379} INFO - Sync 1 DAGs
[2024-10-15 21:25:32,617] {logging_mixin.py:115} INFO - [2024-10-15 21:25:32,617] {dag.py:2927} INFO - Setting next_dagrun for dados_climaticos to 2024-10-14T00:00:00+00:00, run_after=2024-10-21T00:00:00+00:00
[2024-10-15 21:25:32,640] {processor.py:161} INFO - Processing /home/luan-capella/Documentos/curso_airflow/airflowalura/dags/dados_climaticos.py took 0.341 seconds
[2024-10-15 21:26:06,156] {processor.py:153} INFO - Started process (PID=10144) to work on /home/luan-capella/Documentos/curso_airflow/airflowalura/dags/dados_climaticos.py
[2024-10-15 21:26:06,157] {processor.py:641} INFO - Processing file /home/luan-capella/Documentos/curso_airflow/airflowalura/dags/dados_climaticos.py for tasks to queue
[2024-10-15 21:26:06,158] {logging_mixin.py:115} INFO - [2024-10-15 21:26:06,158] {dagbag.py:507} INFO - Filling up the DagBag from /home/luan-capella/Documentos/curso_airflow/airflowalura/dags/dados_climaticos.py
[2024-10-15 21:26:06,427] {processor.py:651} INFO - DAG(s) dict_keys(['dados_climaticos']) retrieved from /home/luan-capella/Documentos/curso_airflow/airflowalura/dags/dados_climaticos.py
[2024-10-15 21:26:06,435] {logging_mixin.py:115} INFO - [2024-10-15 21:26:06,435] {dag.py:2379} INFO - Sync 1 DAGs
[2024-10-15 21:26:06,447] {logging_mixin.py:115} INFO - [2024-10-15 21:26:06,447] {dag.py:2927} INFO - Setting next_dagrun for dados_climaticos to 2024-10-14T00:00:00+00:00, run_after=2024-10-21T00:00:00+00:00
[2024-10-15 21:26:06,457] {processor.py:161} INFO - Processing /home/luan-capella/Documentos/curso_airflow/airflowalura/dags/dados_climaticos.py took 0.303 seconds
[2024-10-15 21:26:40,651] {processor.py:153} INFO - Started process (PID=10288) to work on /home/luan-capella/Documentos/curso_airflow/airflowalura/dags/dados_climaticos.py
[2024-10-15 21:26:40,652] {processor.py:641} INFO - Processing file /home/luan-capella/Documentos/curso_airflow/airflowalura/dags/dados_climaticos.py for tasks to queue
[2024-10-15 21:26:40,652] {logging_mixin.py:115} INFO - [2024-10-15 21:26:40,652] {dagbag.py:507} INFO - Filling up the DagBag from /home/luan-capella/Documentos/curso_airflow/airflowalura/dags/dados_climaticos.py
[2024-10-15 21:26:40,952] {processor.py:651} INFO - DAG(s) dict_keys(['dados_climaticos']) retrieved from /home/luan-capella/Documentos/curso_airflow/airflowalura/dags/dados_climaticos.py
[2024-10-15 21:26:40,965] {logging_mixin.py:115} INFO - [2024-10-15 21:26:40,964] {dag.py:2379} INFO - Sync 1 DAGs
[2024-10-15 21:26:40,979] {logging_mixin.py:115} INFO - [2024-10-15 21:26:40,979] {dag.py:2927} INFO - Setting next_dagrun for dados_climaticos to 2024-10-14T00:00:00+00:00, run_after=2024-10-21T00:00:00+00:00
[2024-10-15 21:26:40,992] {processor.py:161} INFO - Processing /home/luan-capella/Documentos/curso_airflow/airflowalura/dags/dados_climaticos.py took 0.344 seconds
[2024-10-15 21:27:17,123] {processor.py:153} INFO - Started process (PID=10476) to work on /home/luan-capella/Documentos/curso_airflow/airflowalura/dags/dados_climaticos.py
[2024-10-15 21:27:17,129] {processor.py:641} INFO - Processing file /home/luan-capella/Documentos/curso_airflow/airflowalura/dags/dados_climaticos.py for tasks to queue
[2024-10-15 21:27:17,130] {logging_mixin.py:115} INFO - [2024-10-15 21:27:17,129] {dagbag.py:507} INFO - Filling up the DagBag from /home/luan-capella/Documentos/curso_airflow/airflowalura/dags/dados_climaticos.py
[2024-10-15 21:27:17,409] {processor.py:651} INFO - DAG(s) dict_keys(['dados_climaticos']) retrieved from /home/luan-capella/Documentos/curso_airflow/airflowalura/dags/dados_climaticos.py
[2024-10-15 21:27:17,418] {logging_mixin.py:115} INFO - [2024-10-15 21:27:17,418] {dag.py:2379} INFO - Sync 1 DAGs
[2024-10-15 21:27:17,430] {logging_mixin.py:115} INFO - [2024-10-15 21:27:17,429] {dag.py:2927} INFO - Setting next_dagrun for dados_climaticos to 2024-10-14T00:00:00+00:00, run_after=2024-10-21T00:00:00+00:00
[2024-10-15 21:27:17,446] {processor.py:161} INFO - Processing /home/luan-capella/Documentos/curso_airflow/airflowalura/dags/dados_climaticos.py took 0.325 seconds
[2024-10-15 21:27:51,722] {processor.py:153} INFO - Started process (PID=10693) to work on /home/luan-capella/Documentos/curso_airflow/airflowalura/dags/dados_climaticos.py
[2024-10-15 21:27:51,723] {processor.py:641} INFO - Processing file /home/luan-capella/Documentos/curso_airflow/airflowalura/dags/dados_climaticos.py for tasks to queue
[2024-10-15 21:27:51,723] {logging_mixin.py:115} INFO - [2024-10-15 21:27:51,723] {dagbag.py:507} INFO - Filling up the DagBag from /home/luan-capella/Documentos/curso_airflow/airflowalura/dags/dados_climaticos.py
[2024-10-15 21:27:52,007] {processor.py:651} INFO - DAG(s) dict_keys(['dados_climaticos']) retrieved from /home/luan-capella/Documentos/curso_airflow/airflowalura/dags/dados_climaticos.py
[2024-10-15 21:27:52,017] {logging_mixin.py:115} INFO - [2024-10-15 21:27:52,017] {dag.py:2379} INFO - Sync 1 DAGs
[2024-10-15 21:27:52,031] {logging_mixin.py:115} INFO - [2024-10-15 21:27:52,031] {dag.py:2927} INFO - Setting next_dagrun for dados_climaticos to 2024-10-14T00:00:00+00:00, run_after=2024-10-21T00:00:00+00:00
[2024-10-15 21:27:52,047] {processor.py:161} INFO - Processing /home/luan-capella/Documentos/curso_airflow/airflowalura/dags/dados_climaticos.py took 0.328 seconds
[2024-10-15 21:28:26,215] {processor.py:153} INFO - Started process (PID=10888) to work on /home/luan-capella/Documentos/curso_airflow/airflowalura/dags/dados_climaticos.py
[2024-10-15 21:28:26,216] {processor.py:641} INFO - Processing file /home/luan-capella/Documentos/curso_airflow/airflowalura/dags/dados_climaticos.py for tasks to queue
[2024-10-15 21:28:26,216] {logging_mixin.py:115} INFO - [2024-10-15 21:28:26,216] {dagbag.py:507} INFO - Filling up the DagBag from /home/luan-capella/Documentos/curso_airflow/airflowalura/dags/dados_climaticos.py
[2024-10-15 21:28:26,485] {processor.py:651} INFO - DAG(s) dict_keys(['dados_climaticos']) retrieved from /home/luan-capella/Documentos/curso_airflow/airflowalura/dags/dados_climaticos.py
[2024-10-15 21:28:26,494] {logging_mixin.py:115} INFO - [2024-10-15 21:28:26,494] {dag.py:2379} INFO - Sync 1 DAGs
[2024-10-15 21:28:26,505] {logging_mixin.py:115} INFO - [2024-10-15 21:28:26,505] {dag.py:2927} INFO - Setting next_dagrun for dados_climaticos to 2024-10-14T00:00:00+00:00, run_after=2024-10-21T00:00:00+00:00
[2024-10-15 21:28:26,515] {processor.py:161} INFO - Processing /home/luan-capella/Documentos/curso_airflow/airflowalura/dags/dados_climaticos.py took 0.303 seconds
[2024-10-15 21:28:58,722] {processor.py:153} INFO - Started process (PID=11067) to work on /home/luan-capella/Documentos/curso_airflow/airflowalura/dags/dados_climaticos.py
[2024-10-15 21:28:58,723] {processor.py:641} INFO - Processing file /home/luan-capella/Documentos/curso_airflow/airflowalura/dags/dados_climaticos.py for tasks to queue
[2024-10-15 21:28:58,723] {logging_mixin.py:115} INFO - [2024-10-15 21:28:58,723] {dagbag.py:507} INFO - Filling up the DagBag from /home/luan-capella/Documentos/curso_airflow/airflowalura/dags/dados_climaticos.py
[2024-10-15 21:28:58,995] {processor.py:651} INFO - DAG(s) dict_keys(['dados_climaticos']) retrieved from /home/luan-capella/Documentos/curso_airflow/airflowalura/dags/dados_climaticos.py
[2024-10-15 21:28:59,003] {logging_mixin.py:115} INFO - [2024-10-15 21:28:59,003] {dag.py:2379} INFO - Sync 1 DAGs
[2024-10-15 21:28:59,017] {logging_mixin.py:115} INFO - [2024-10-15 21:28:59,017] {dag.py:2927} INFO - Setting next_dagrun for dados_climaticos to 2024-10-14T00:00:00+00:00, run_after=2024-10-21T00:00:00+00:00
[2024-10-15 21:28:59,031] {processor.py:161} INFO - Processing /home/luan-capella/Documentos/curso_airflow/airflowalura/dags/dados_climaticos.py took 0.311 seconds
[2024-10-15 21:29:29,206] {processor.py:153} INFO - Started process (PID=11219) to work on /home/luan-capella/Documentos/curso_airflow/airflowalura/dags/dados_climaticos.py
[2024-10-15 21:29:29,207] {processor.py:641} INFO - Processing file /home/luan-capella/Documentos/curso_airflow/airflowalura/dags/dados_climaticos.py for tasks to queue
[2024-10-15 21:29:29,208] {logging_mixin.py:115} INFO - [2024-10-15 21:29:29,208] {dagbag.py:507} INFO - Filling up the DagBag from /home/luan-capella/Documentos/curso_airflow/airflowalura/dags/dados_climaticos.py
[2024-10-15 21:29:29,472] {processor.py:651} INFO - DAG(s) dict_keys(['dados_climaticos']) retrieved from /home/luan-capella/Documentos/curso_airflow/airflowalura/dags/dados_climaticos.py
[2024-10-15 21:29:29,480] {logging_mixin.py:115} INFO - [2024-10-15 21:29:29,479] {dag.py:2379} INFO - Sync 1 DAGs
[2024-10-15 21:29:29,491] {logging_mixin.py:115} INFO - [2024-10-15 21:29:29,491] {dag.py:2927} INFO - Setting next_dagrun for dados_climaticos to 2024-10-14T00:00:00+00:00, run_after=2024-10-21T00:00:00+00:00
[2024-10-15 21:29:29,501] {processor.py:161} INFO - Processing /home/luan-capella/Documentos/curso_airflow/airflowalura/dags/dados_climaticos.py took 0.300 seconds
