[2024-10-15 21:23:42,897] {processor.py:153} INFO - Started process (PID=9392) to work on /home/luan-capella/Documentos/curso_airflow/airflowalura/dags/meu_primeiro_dag.py
[2024-10-15 21:23:42,897] {processor.py:641} INFO - Processing file /home/luan-capella/Documentos/curso_airflow/airflowalura/dags/meu_primeiro_dag.py for tasks to queue
[2024-10-15 21:23:42,897] {logging_mixin.py:115} INFO - [2024-10-15 21:23:42,897] {dagbag.py:507} INFO - Filling up the DagBag from /home/luan-capella/Documentos/curso_airflow/airflowalura/dags/meu_primeiro_dag.py
[2024-10-15 21:23:42,905] {processor.py:651} INFO - DAG(s) dict_keys(['meu_primeiro_dag']) retrieved from /home/luan-capella/Documentos/curso_airflow/airflowalura/dags/meu_primeiro_dag.py
[2024-10-15 21:23:42,962] {logging_mixin.py:115} INFO - [2024-10-15 21:23:42,962] {dag.py:2379} INFO - Sync 1 DAGs
[2024-10-15 21:23:42,985] {logging_mixin.py:115} INFO - [2024-10-15 21:23:42,985] {dag.py:2927} INFO - Setting next_dagrun for meu_primeiro_dag to 2024-10-15T00:00:00+00:00, run_after=2024-10-16T00:00:00+00:00
[2024-10-15 21:23:43,009] {processor.py:161} INFO - Processing /home/luan-capella/Documentos/curso_airflow/airflowalura/dags/meu_primeiro_dag.py took 0.115 seconds
[2024-10-15 21:24:21,430] {processor.py:153} INFO - Started process (PID=9561) to work on /home/luan-capella/Documentos/curso_airflow/airflowalura/dags/meu_primeiro_dag.py
[2024-10-15 21:24:21,432] {processor.py:641} INFO - Processing file /home/luan-capella/Documentos/curso_airflow/airflowalura/dags/meu_primeiro_dag.py for tasks to queue
[2024-10-15 21:24:21,432] {logging_mixin.py:115} INFO - [2024-10-15 21:24:21,432] {dagbag.py:507} INFO - Filling up the DagBag from /home/luan-capella/Documentos/curso_airflow/airflowalura/dags/meu_primeiro_dag.py
[2024-10-15 21:24:21,446] {processor.py:651} INFO - DAG(s) dict_keys(['meu_primeiro_dag']) retrieved from /home/luan-capella/Documentos/curso_airflow/airflowalura/dags/meu_primeiro_dag.py
[2024-10-15 21:24:21,461] {logging_mixin.py:115} INFO - [2024-10-15 21:24:21,461] {dag.py:2379} INFO - Sync 1 DAGs
[2024-10-15 21:24:21,475] {logging_mixin.py:115} INFO - [2024-10-15 21:24:21,475] {dag.py:2927} INFO - Setting next_dagrun for meu_primeiro_dag to 2024-10-16T00:00:00+00:00, run_after=2024-10-17T00:00:00+00:00
[2024-10-15 21:24:21,488] {processor.py:161} INFO - Processing /home/luan-capella/Documentos/curso_airflow/airflowalura/dags/meu_primeiro_dag.py took 0.063 seconds
[2024-10-15 21:24:56,711] {processor.py:153} INFO - Started process (PID=9735) to work on /home/luan-capella/Documentos/curso_airflow/airflowalura/dags/meu_primeiro_dag.py
[2024-10-15 21:24:56,712] {processor.py:641} INFO - Processing file /home/luan-capella/Documentos/curso_airflow/airflowalura/dags/meu_primeiro_dag.py for tasks to queue
[2024-10-15 21:24:56,713] {logging_mixin.py:115} INFO - [2024-10-15 21:24:56,713] {dagbag.py:507} INFO - Filling up the DagBag from /home/luan-capella/Documentos/curso_airflow/airflowalura/dags/meu_primeiro_dag.py
[2024-10-15 21:24:56,719] {processor.py:651} INFO - DAG(s) dict_keys(['meu_primeiro_dag']) retrieved from /home/luan-capella/Documentos/curso_airflow/airflowalura/dags/meu_primeiro_dag.py
[2024-10-15 21:24:56,731] {logging_mixin.py:115} INFO - [2024-10-15 21:24:56,731] {dag.py:2379} INFO - Sync 1 DAGs
[2024-10-15 21:24:56,745] {logging_mixin.py:115} INFO - [2024-10-15 21:24:56,745] {dag.py:2927} INFO - Setting next_dagrun for meu_primeiro_dag to 2024-10-16T00:00:00+00:00, run_after=2024-10-17T00:00:00+00:00
[2024-10-15 21:24:56,757] {processor.py:161} INFO - Processing /home/luan-capella/Documentos/curso_airflow/airflowalura/dags/meu_primeiro_dag.py took 0.048 seconds
[2024-10-15 21:25:33,745] {processor.py:153} INFO - Started process (PID=9980) to work on /home/luan-capella/Documentos/curso_airflow/airflowalura/dags/meu_primeiro_dag.py
[2024-10-15 21:25:33,746] {processor.py:641} INFO - Processing file /home/luan-capella/Documentos/curso_airflow/airflowalura/dags/meu_primeiro_dag.py for tasks to queue
[2024-10-15 21:25:33,747] {logging_mixin.py:115} INFO - [2024-10-15 21:25:33,747] {dagbag.py:507} INFO - Filling up the DagBag from /home/luan-capella/Documentos/curso_airflow/airflowalura/dags/meu_primeiro_dag.py
[2024-10-15 21:25:33,756] {processor.py:651} INFO - DAG(s) dict_keys(['meu_primeiro_dag']) retrieved from /home/luan-capella/Documentos/curso_airflow/airflowalura/dags/meu_primeiro_dag.py
[2024-10-15 21:25:33,769] {logging_mixin.py:115} INFO - [2024-10-15 21:25:33,769] {dag.py:2379} INFO - Sync 1 DAGs
[2024-10-15 21:25:33,782] {logging_mixin.py:115} INFO - [2024-10-15 21:25:33,782] {dag.py:2927} INFO - Setting next_dagrun for meu_primeiro_dag to 2024-10-16T00:00:00+00:00, run_after=2024-10-17T00:00:00+00:00
[2024-10-15 21:25:33,795] {processor.py:161} INFO - Processing /home/luan-capella/Documentos/curso_airflow/airflowalura/dags/meu_primeiro_dag.py took 0.055 seconds
[2024-10-15 21:26:07,622] {processor.py:153} INFO - Started process (PID=10148) to work on /home/luan-capella/Documentos/curso_airflow/airflowalura/dags/meu_primeiro_dag.py
[2024-10-15 21:26:07,623] {processor.py:641} INFO - Processing file /home/luan-capella/Documentos/curso_airflow/airflowalura/dags/meu_primeiro_dag.py for tasks to queue
[2024-10-15 21:26:07,623] {logging_mixin.py:115} INFO - [2024-10-15 21:26:07,623] {dagbag.py:507} INFO - Filling up the DagBag from /home/luan-capella/Documentos/curso_airflow/airflowalura/dags/meu_primeiro_dag.py
[2024-10-15 21:26:07,630] {processor.py:651} INFO - DAG(s) dict_keys(['meu_primeiro_dag']) retrieved from /home/luan-capella/Documentos/curso_airflow/airflowalura/dags/meu_primeiro_dag.py
[2024-10-15 21:26:07,642] {logging_mixin.py:115} INFO - [2024-10-15 21:26:07,642] {dag.py:2379} INFO - Sync 1 DAGs
[2024-10-15 21:26:07,656] {logging_mixin.py:115} INFO - [2024-10-15 21:26:07,656] {dag.py:2927} INFO - Setting next_dagrun for meu_primeiro_dag to 2024-10-16T00:00:00+00:00, run_after=2024-10-17T00:00:00+00:00
[2024-10-15 21:26:07,670] {processor.py:161} INFO - Processing /home/luan-capella/Documentos/curso_airflow/airflowalura/dags/meu_primeiro_dag.py took 0.050 seconds
[2024-10-15 21:26:42,114] {processor.py:153} INFO - Started process (PID=10295) to work on /home/luan-capella/Documentos/curso_airflow/airflowalura/dags/meu_primeiro_dag.py
[2024-10-15 21:26:42,115] {processor.py:641} INFO - Processing file /home/luan-capella/Documentos/curso_airflow/airflowalura/dags/meu_primeiro_dag.py for tasks to queue
[2024-10-15 21:26:42,116] {logging_mixin.py:115} INFO - [2024-10-15 21:26:42,116] {dagbag.py:507} INFO - Filling up the DagBag from /home/luan-capella/Documentos/curso_airflow/airflowalura/dags/meu_primeiro_dag.py
[2024-10-15 21:26:42,123] {processor.py:651} INFO - DAG(s) dict_keys(['meu_primeiro_dag']) retrieved from /home/luan-capella/Documentos/curso_airflow/airflowalura/dags/meu_primeiro_dag.py
[2024-10-15 21:26:42,134] {logging_mixin.py:115} INFO - [2024-10-15 21:26:42,134] {dag.py:2379} INFO - Sync 1 DAGs
[2024-10-15 21:26:42,146] {logging_mixin.py:115} INFO - [2024-10-15 21:26:42,146] {dag.py:2927} INFO - Setting next_dagrun for meu_primeiro_dag to 2024-10-16T00:00:00+00:00, run_after=2024-10-17T00:00:00+00:00
[2024-10-15 21:26:42,157] {processor.py:161} INFO - Processing /home/luan-capella/Documentos/curso_airflow/airflowalura/dags/meu_primeiro_dag.py took 0.048 seconds
[2024-10-15 21:27:19,326] {processor.py:153} INFO - Started process (PID=10494) to work on /home/luan-capella/Documentos/curso_airflow/airflowalura/dags/meu_primeiro_dag.py
[2024-10-15 21:27:19,327] {processor.py:641} INFO - Processing file /home/luan-capella/Documentos/curso_airflow/airflowalura/dags/meu_primeiro_dag.py for tasks to queue
[2024-10-15 21:27:19,328] {logging_mixin.py:115} INFO - [2024-10-15 21:27:19,328] {dagbag.py:507} INFO - Filling up the DagBag from /home/luan-capella/Documentos/curso_airflow/airflowalura/dags/meu_primeiro_dag.py
[2024-10-15 21:27:19,334] {processor.py:651} INFO - DAG(s) dict_keys(['meu_primeiro_dag']) retrieved from /home/luan-capella/Documentos/curso_airflow/airflowalura/dags/meu_primeiro_dag.py
[2024-10-15 21:27:19,346] {logging_mixin.py:115} INFO - [2024-10-15 21:27:19,346] {dag.py:2379} INFO - Sync 1 DAGs
[2024-10-15 21:27:19,359] {logging_mixin.py:115} INFO - [2024-10-15 21:27:19,359] {dag.py:2927} INFO - Setting next_dagrun for meu_primeiro_dag to 2024-10-16T00:00:00+00:00, run_after=2024-10-17T00:00:00+00:00
[2024-10-15 21:27:19,370] {processor.py:161} INFO - Processing /home/luan-capella/Documentos/curso_airflow/airflowalura/dags/meu_primeiro_dag.py took 0.049 seconds
[2024-10-15 21:27:53,175] {processor.py:153} INFO - Started process (PID=10700) to work on /home/luan-capella/Documentos/curso_airflow/airflowalura/dags/meu_primeiro_dag.py
[2024-10-15 21:27:53,186] {processor.py:641} INFO - Processing file /home/luan-capella/Documentos/curso_airflow/airflowalura/dags/meu_primeiro_dag.py for tasks to queue
[2024-10-15 21:27:53,186] {logging_mixin.py:115} INFO - [2024-10-15 21:27:53,186] {dagbag.py:507} INFO - Filling up the DagBag from /home/luan-capella/Documentos/curso_airflow/airflowalura/dags/meu_primeiro_dag.py
[2024-10-15 21:27:53,194] {processor.py:651} INFO - DAG(s) dict_keys(['meu_primeiro_dag']) retrieved from /home/luan-capella/Documentos/curso_airflow/airflowalura/dags/meu_primeiro_dag.py
[2024-10-15 21:27:53,211] {logging_mixin.py:115} INFO - [2024-10-15 21:27:53,211] {dag.py:2379} INFO - Sync 1 DAGs
[2024-10-15 21:27:53,225] {logging_mixin.py:115} INFO - [2024-10-15 21:27:53,225] {dag.py:2927} INFO - Setting next_dagrun for meu_primeiro_dag to 2024-10-16T00:00:00+00:00, run_after=2024-10-17T00:00:00+00:00
[2024-10-15 21:27:53,237] {processor.py:161} INFO - Processing /home/luan-capella/Documentos/curso_airflow/airflowalura/dags/meu_primeiro_dag.py took 0.065 seconds
[2024-10-15 21:28:27,676] {processor.py:153} INFO - Started process (PID=10891) to work on /home/luan-capella/Documentos/curso_airflow/airflowalura/dags/meu_primeiro_dag.py
[2024-10-15 21:28:27,677] {processor.py:641} INFO - Processing file /home/luan-capella/Documentos/curso_airflow/airflowalura/dags/meu_primeiro_dag.py for tasks to queue
[2024-10-15 21:28:27,677] {logging_mixin.py:115} INFO - [2024-10-15 21:28:27,677] {dagbag.py:507} INFO - Filling up the DagBag from /home/luan-capella/Documentos/curso_airflow/airflowalura/dags/meu_primeiro_dag.py
[2024-10-15 21:28:27,683] {processor.py:651} INFO - DAG(s) dict_keys(['meu_primeiro_dag']) retrieved from /home/luan-capella/Documentos/curso_airflow/airflowalura/dags/meu_primeiro_dag.py
[2024-10-15 21:28:27,697] {logging_mixin.py:115} INFO - [2024-10-15 21:28:27,697] {dag.py:2379} INFO - Sync 1 DAGs
[2024-10-15 21:28:27,711] {logging_mixin.py:115} INFO - [2024-10-15 21:28:27,711] {dag.py:2927} INFO - Setting next_dagrun for meu_primeiro_dag to 2024-10-16T00:00:00+00:00, run_after=2024-10-17T00:00:00+00:00
[2024-10-15 21:28:27,722] {processor.py:161} INFO - Processing /home/luan-capella/Documentos/curso_airflow/airflowalura/dags/meu_primeiro_dag.py took 0.048 seconds
[2024-10-15 21:29:00,161] {processor.py:153} INFO - Started process (PID=11072) to work on /home/luan-capella/Documentos/curso_airflow/airflowalura/dags/meu_primeiro_dag.py
[2024-10-15 21:29:00,161] {processor.py:641} INFO - Processing file /home/luan-capella/Documentos/curso_airflow/airflowalura/dags/meu_primeiro_dag.py for tasks to queue
[2024-10-15 21:29:00,162] {logging_mixin.py:115} INFO - [2024-10-15 21:29:00,162] {dagbag.py:507} INFO - Filling up the DagBag from /home/luan-capella/Documentos/curso_airflow/airflowalura/dags/meu_primeiro_dag.py
[2024-10-15 21:29:00,170] {processor.py:651} INFO - DAG(s) dict_keys(['meu_primeiro_dag']) retrieved from /home/luan-capella/Documentos/curso_airflow/airflowalura/dags/meu_primeiro_dag.py
[2024-10-15 21:29:00,183] {logging_mixin.py:115} INFO - [2024-10-15 21:29:00,183] {dag.py:2379} INFO - Sync 1 DAGs
[2024-10-15 21:29:00,199] {logging_mixin.py:115} INFO - [2024-10-15 21:29:00,199] {dag.py:2927} INFO - Setting next_dagrun for meu_primeiro_dag to 2024-10-16T00:00:00+00:00, run_after=2024-10-17T00:00:00+00:00
[2024-10-15 21:29:00,212] {processor.py:161} INFO - Processing /home/luan-capella/Documentos/curso_airflow/airflowalura/dags/meu_primeiro_dag.py took 0.054 seconds
[2024-10-15 21:29:35,825] {processor.py:153} INFO - Started process (PID=11251) to work on /home/luan-capella/Documentos/curso_airflow/airflowalura/dags/meu_primeiro_dag.py
[2024-10-15 21:29:35,826] {processor.py:641} INFO - Processing file /home/luan-capella/Documentos/curso_airflow/airflowalura/dags/meu_primeiro_dag.py for tasks to queue
[2024-10-15 21:29:35,826] {logging_mixin.py:115} INFO - [2024-10-15 21:29:35,826] {dagbag.py:507} INFO - Filling up the DagBag from /home/luan-capella/Documentos/curso_airflow/airflowalura/dags/meu_primeiro_dag.py
[2024-10-15 21:29:35,833] {processor.py:651} INFO - DAG(s) dict_keys(['meu_primeiro_dag']) retrieved from /home/luan-capella/Documentos/curso_airflow/airflowalura/dags/meu_primeiro_dag.py
[2024-10-15 21:29:35,846] {logging_mixin.py:115} INFO - [2024-10-15 21:29:35,846] {dag.py:2379} INFO - Sync 1 DAGs
[2024-10-15 21:29:35,863] {logging_mixin.py:115} INFO - [2024-10-15 21:29:35,863] {dag.py:2927} INFO - Setting next_dagrun for meu_primeiro_dag to 2024-10-16T00:00:00+00:00, run_after=2024-10-17T00:00:00+00:00
[2024-10-15 21:29:35,877] {processor.py:161} INFO - Processing /home/luan-capella/Documentos/curso_airflow/airflowalura/dags/meu_primeiro_dag.py took 0.056 seconds
