[2024-10-14 14:20:21,920] {taskinstance.py:1159} INFO - Dependencies all met for <TaskInstance: meu_primeiro_dag.criar_pasta scheduled__2024-10-13T00:00:00+00:00 [queued]>
[2024-10-14 14:20:21,925] {taskinstance.py:1159} INFO - Dependencies all met for <TaskInstance: meu_primeiro_dag.criar_pasta scheduled__2024-10-13T00:00:00+00:00 [queued]>
[2024-10-14 14:20:21,925] {taskinstance.py:1356} INFO - 
--------------------------------------------------------------------------------
[2024-10-14 14:20:21,925] {taskinstance.py:1357} INFO - Starting attempt 1 of 1
[2024-10-14 14:20:21,925] {taskinstance.py:1358} INFO - 
--------------------------------------------------------------------------------
[2024-10-14 14:20:21,938] {taskinstance.py:1377} INFO - Executing <Task(BashOperator): criar_pasta> on 2024-10-13 00:00:00+00:00
[2024-10-14 14:20:21,941] {standard_task_runner.py:52} INFO - Started process 9194 to run task
[2024-10-14 14:20:21,945] {standard_task_runner.py:79} INFO - Running: ['airflow', 'tasks', 'run', 'meu_primeiro_dag', 'criar_pasta', 'scheduled__2024-10-13T00:00:00+00:00', '--job-id', '7', '--raw', '--subdir', 'DAGS_FOLDER/meu_primeiro_dag.py', '--cfg-path', '/tmp/tmppvtbhsf6', '--error-file', '/tmp/tmpwb2wnsb6']
[2024-10-14 14:20:21,946] {standard_task_runner.py:80} INFO - Job 7: Subtask criar_pasta
[2024-10-14 14:20:21,974] {task_command.py:370} INFO - Running <TaskInstance: meu_primeiro_dag.criar_pasta scheduled__2024-10-13T00:00:00+00:00 [running]> on host luan-capella
[2024-10-14 14:20:22,017] {taskinstance.py:1569} INFO - Exporting the following env vars:
AIRFLOW_CTX_DAG_OWNER=airflow
AIRFLOW_CTX_DAG_ID=meu_primeiro_dag
AIRFLOW_CTX_TASK_ID=criar_pasta
AIRFLOW_CTX_EXECUTION_DATE=2024-10-13T00:00:00+00:00
AIRFLOW_CTX_TRY_NUMBER=1
AIRFLOW_CTX_DAG_RUN_ID=scheduled__2024-10-13T00:00:00+00:00
[2024-10-14 14:20:22,018] {subprocess.py:62} INFO - Tmp dir root location: 
 /tmp
[2024-10-14 14:20:22,018] {subprocess.py:74} INFO - Running command: ['bash', '-c', 'mkdir -p "/home/luan-capella/Documentos/curso_airflow/airflowalura"']
[2024-10-14 14:20:22,028] {subprocess.py:85} INFO - Output:
[2024-10-14 14:20:22,032] {subprocess.py:96} INFO - Command exited with return code 0
[2024-10-14 14:20:22,049] {taskinstance.py:1395} INFO - Marking task as SUCCESS. dag_id=meu_primeiro_dag, task_id=criar_pasta, execution_date=20241013T000000, start_date=20241014T172021, end_date=20241014T172022
[2024-10-14 14:20:22,076] {local_task_job.py:156} INFO - Task exited with return code 0
[2024-10-14 14:20:22,104] {local_task_job.py:273} INFO - 0 downstream tasks scheduled from follow-on schedule check
[2024-10-14 15:00:56,774] {taskinstance.py:1159} INFO - Dependencies all met for <TaskInstance: meu_primeiro_dag.criar_pasta scheduled__2024-10-13T00:00:00+00:00 [queued]>
[2024-10-14 15:00:56,779] {taskinstance.py:1159} INFO - Dependencies all met for <TaskInstance: meu_primeiro_dag.criar_pasta scheduled__2024-10-13T00:00:00+00:00 [queued]>
[2024-10-14 15:00:56,779] {taskinstance.py:1356} INFO - 
--------------------------------------------------------------------------------
[2024-10-14 15:00:56,779] {taskinstance.py:1357} INFO - Starting attempt 1 of 1
[2024-10-14 15:00:56,779] {taskinstance.py:1358} INFO - 
--------------------------------------------------------------------------------
[2024-10-14 15:00:56,792] {taskinstance.py:1377} INFO - Executing <Task(BashOperator): criar_pasta> on 2024-10-13 00:00:00+00:00
[2024-10-14 15:00:56,794] {standard_task_runner.py:52} INFO - Started process 20888 to run task
[2024-10-14 15:00:56,798] {standard_task_runner.py:79} INFO - Running: ['airflow', 'tasks', 'run', 'meu_primeiro_dag', 'criar_pasta', 'scheduled__2024-10-13T00:00:00+00:00', '--job-id', '19', '--raw', '--subdir', 'DAGS_FOLDER/meu_primeiro_dag.py', '--cfg-path', '/tmp/tmpe039pcbu', '--error-file', '/tmp/tmprkvj6m1h']
[2024-10-14 15:00:56,798] {standard_task_runner.py:80} INFO - Job 19: Subtask criar_pasta
[2024-10-14 15:00:56,830] {task_command.py:370} INFO - Running <TaskInstance: meu_primeiro_dag.criar_pasta scheduled__2024-10-13T00:00:00+00:00 [running]> on host luan-capella
[2024-10-14 15:00:56,874] {taskinstance.py:1569} INFO - Exporting the following env vars:
AIRFLOW_CTX_DAG_OWNER=airflow
AIRFLOW_CTX_DAG_ID=meu_primeiro_dag
AIRFLOW_CTX_TASK_ID=criar_pasta
AIRFLOW_CTX_EXECUTION_DATE=2024-10-13T00:00:00+00:00
AIRFLOW_CTX_TRY_NUMBER=1
AIRFLOW_CTX_DAG_RUN_ID=scheduled__2024-10-13T00:00:00+00:00
[2024-10-14 15:00:56,874] {subprocess.py:62} INFO - Tmp dir root location: 
 /tmp
[2024-10-14 15:00:56,875] {subprocess.py:74} INFO - Running command: ['bash', '-c', 'mkdir -p "/home/luan-capella/Documentos/curso_airflow/airflowalura/pasta=2024-10-14T00:00:00+00:00"']
[2024-10-14 15:00:56,881] {subprocess.py:85} INFO - Output:
[2024-10-14 15:00:56,883] {subprocess.py:96} INFO - Command exited with return code 0
[2024-10-14 15:00:56,901] {taskinstance.py:1395} INFO - Marking task as SUCCESS. dag_id=meu_primeiro_dag, task_id=criar_pasta, execution_date=20241013T000000, start_date=20241014T180056, end_date=20241014T180056
[2024-10-14 15:00:56,929] {local_task_job.py:156} INFO - Task exited with return code 0
[2024-10-14 15:00:56,958] {local_task_job.py:273} INFO - 0 downstream tasks scheduled from follow-on schedule check
