[2024-10-15 21:27:16,558] {taskinstance.py:1159} INFO - Dependencies all met for <TaskInstance: dados_climaticos.criar_pasta manual__2024-10-16T00:27:14.431348+00:00 [queued]>
[2024-10-15 21:27:16,562] {taskinstance.py:1159} INFO - Dependencies all met for <TaskInstance: dados_climaticos.criar_pasta manual__2024-10-16T00:27:14.431348+00:00 [queued]>
[2024-10-15 21:27:16,563] {taskinstance.py:1356} INFO - 
--------------------------------------------------------------------------------
[2024-10-15 21:27:16,563] {taskinstance.py:1357} INFO - Starting attempt 1 of 1
[2024-10-15 21:27:16,563] {taskinstance.py:1358} INFO - 
--------------------------------------------------------------------------------
[2024-10-15 21:27:16,585] {taskinstance.py:1377} INFO - Executing <Task(BashOperator): criar_pasta> on 2024-10-16 00:27:14.431348+00:00
[2024-10-15 21:27:16,590] {standard_task_runner.py:52} INFO - Started process 10472 to run task
[2024-10-15 21:27:16,594] {standard_task_runner.py:79} INFO - Running: ['airflow', 'tasks', 'run', 'dados_climaticos', 'criar_pasta', 'manual__2024-10-16T00:27:14.431348+00:00', '--job-id', '36', '--raw', '--subdir', 'DAGS_FOLDER/dados_climaticos.py', '--cfg-path', '/tmp/tmpot3kii27', '--error-file', '/tmp/tmp_7au80d8']
[2024-10-15 21:27:16,594] {standard_task_runner.py:80} INFO - Job 36: Subtask criar_pasta
[2024-10-15 21:27:16,636] {task_command.py:370} INFO - Running <TaskInstance: dados_climaticos.criar_pasta manual__2024-10-16T00:27:14.431348+00:00 [running]> on host luan-capella
[2024-10-15 21:27:16,698] {taskinstance.py:1569} INFO - Exporting the following env vars:
AIRFLOW_CTX_DAG_OWNER=airflow
AIRFLOW_CTX_DAG_ID=dados_climaticos
AIRFLOW_CTX_TASK_ID=criar_pasta
AIRFLOW_CTX_EXECUTION_DATE=2024-10-16T00:27:14.431348+00:00
AIRFLOW_CTX_TRY_NUMBER=1
AIRFLOW_CTX_DAG_RUN_ID=manual__2024-10-16T00:27:14.431348+00:00
[2024-10-15 21:27:16,698] {subprocess.py:62} INFO - Tmp dir root location: 
 /tmp
[2024-10-15 21:27:16,699] {subprocess.py:74} INFO - Running command: ['bash', '-c', 'mkdir -p "/home/luan-capella/Documentos/curso_airflow/airflowalura/semana=2024-10-14"']
[2024-10-15 21:27:16,707] {subprocess.py:85} INFO - Output:
[2024-10-15 21:27:16,709] {subprocess.py:96} INFO - Command exited with return code 0
[2024-10-15 21:27:16,731] {taskinstance.py:1395} INFO - Marking task as SUCCESS. dag_id=dados_climaticos, task_id=criar_pasta, execution_date=20241016T002714, start_date=20241016T002716, end_date=20241016T002716
[2024-10-15 21:27:16,764] {local_task_job.py:156} INFO - Task exited with return code 0
[2024-10-15 21:27:16,796] {local_task_job.py:273} INFO - 1 downstream tasks scheduled from follow-on schedule check
