[2024-10-14 16:02:43,041] {taskinstance.py:1159} INFO - Dependencies all met for <TaskInstance: dados_climaticos.criar_pasta scheduled__2024-09-30T00:00:00+00:00 [queued]>
[2024-10-14 16:02:43,045] {taskinstance.py:1159} INFO - Dependencies all met for <TaskInstance: dados_climaticos.criar_pasta scheduled__2024-09-30T00:00:00+00:00 [queued]>
[2024-10-14 16:02:43,045] {taskinstance.py:1356} INFO - 
--------------------------------------------------------------------------------
[2024-10-14 16:02:43,045] {taskinstance.py:1357} INFO - Starting attempt 1 of 1
[2024-10-14 16:02:43,045] {taskinstance.py:1358} INFO - 
--------------------------------------------------------------------------------
[2024-10-14 16:02:43,059] {taskinstance.py:1377} INFO - Executing <Task(BashOperator): criar_pasta> on 2024-09-30 00:00:00+00:00
[2024-10-14 16:02:43,065] {standard_task_runner.py:52} INFO - Started process 39088 to run task
[2024-10-14 16:02:43,068] {standard_task_runner.py:79} INFO - Running: ['airflow', 'tasks', 'run', 'dados_climaticos', 'criar_pasta', 'scheduled__2024-09-30T00:00:00+00:00', '--job-id', '22', '--raw', '--subdir', 'DAGS_FOLDER/dados_climaticos.py', '--cfg-path', '/tmp/tmpw4l_h2cc', '--error-file', '/tmp/tmp927mstfn']
[2024-10-14 16:02:43,069] {standard_task_runner.py:80} INFO - Job 22: Subtask criar_pasta
[2024-10-14 16:02:43,103] {task_command.py:370} INFO - Running <TaskInstance: dados_climaticos.criar_pasta scheduled__2024-09-30T00:00:00+00:00 [running]> on host luan-capella
[2024-10-14 16:02:43,167] {taskinstance.py:1569} INFO - Exporting the following env vars:
AIRFLOW_CTX_DAG_OWNER=airflow
AIRFLOW_CTX_DAG_ID=dados_climaticos
AIRFLOW_CTX_TASK_ID=criar_pasta
AIRFLOW_CTX_EXECUTION_DATE=2024-09-30T00:00:00+00:00
AIRFLOW_CTX_TRY_NUMBER=1
AIRFLOW_CTX_DAG_RUN_ID=scheduled__2024-09-30T00:00:00+00:00
[2024-10-14 16:02:43,167] {subprocess.py:62} INFO - Tmp dir root location: 
 /tmp
[2024-10-14 16:02:43,168] {subprocess.py:74} INFO - Running command: ['bash', '-c', 'mkdir -p "/home/luan-capella/Documentos/curso_airflow/airflowalura/semana=2024-10-07"']
[2024-10-14 16:02:43,178] {subprocess.py:85} INFO - Output:
[2024-10-14 16:02:43,180] {subprocess.py:96} INFO - Command exited with return code 0
[2024-10-14 16:02:43,200] {taskinstance.py:1395} INFO - Marking task as SUCCESS. dag_id=dados_climaticos, task_id=criar_pasta, execution_date=20240930T000000, start_date=20241014T190243, end_date=20241014T190243
[2024-10-14 16:02:43,239] {local_task_job.py:156} INFO - Task exited with return code 0
[2024-10-14 16:02:43,268] {local_task_job.py:273} INFO - 1 downstream tasks scheduled from follow-on schedule check
[2024-10-14 16:07:01,799] {taskinstance.py:1159} INFO - Dependencies all met for <TaskInstance: dados_climaticos.criar_pasta scheduled__2024-09-30T00:00:00+00:00 [queued]>
[2024-10-14 16:07:01,803] {taskinstance.py:1159} INFO - Dependencies all met for <TaskInstance: dados_climaticos.criar_pasta scheduled__2024-09-30T00:00:00+00:00 [queued]>
[2024-10-14 16:07:01,803] {taskinstance.py:1356} INFO - 
--------------------------------------------------------------------------------
[2024-10-14 16:07:01,803] {taskinstance.py:1357} INFO - Starting attempt 1 of 1
[2024-10-14 16:07:01,803] {taskinstance.py:1358} INFO - 
--------------------------------------------------------------------------------
[2024-10-14 16:07:01,816] {taskinstance.py:1377} INFO - Executing <Task(BashOperator): criar_pasta> on 2024-09-30 00:00:00+00:00
[2024-10-14 16:07:01,821] {standard_task_runner.py:52} INFO - Started process 41167 to run task
[2024-10-14 16:07:01,825] {standard_task_runner.py:79} INFO - Running: ['airflow', 'tasks', 'run', 'dados_climaticos', 'criar_pasta', 'scheduled__2024-09-30T00:00:00+00:00', '--job-id', '28', '--raw', '--subdir', 'DAGS_FOLDER/dados_climaticos.py', '--cfg-path', '/tmp/tmpm5zl99ej', '--error-file', '/tmp/tmp9q7ld9m6']
[2024-10-14 16:07:01,825] {standard_task_runner.py:80} INFO - Job 28: Subtask criar_pasta
[2024-10-14 16:07:01,865] {task_command.py:370} INFO - Running <TaskInstance: dados_climaticos.criar_pasta scheduled__2024-09-30T00:00:00+00:00 [running]> on host luan-capella
[2024-10-14 16:07:01,907] {taskinstance.py:1569} INFO - Exporting the following env vars:
AIRFLOW_CTX_DAG_OWNER=airflow
AIRFLOW_CTX_DAG_ID=dados_climaticos
AIRFLOW_CTX_TASK_ID=criar_pasta
AIRFLOW_CTX_EXECUTION_DATE=2024-09-30T00:00:00+00:00
AIRFLOW_CTX_TRY_NUMBER=1
AIRFLOW_CTX_DAG_RUN_ID=scheduled__2024-09-30T00:00:00+00:00
[2024-10-14 16:07:01,907] {subprocess.py:62} INFO - Tmp dir root location: 
 /tmp
[2024-10-14 16:07:01,908] {subprocess.py:74} INFO - Running command: ['bash', '-c', 'mkdir -p "/home/luan-capella/Documentos/curso_airflow/airflowalura/semana=2024-10-07"']
[2024-10-14 16:07:01,921] {subprocess.py:85} INFO - Output:
[2024-10-14 16:07:01,926] {subprocess.py:96} INFO - Command exited with return code 0
[2024-10-14 16:07:01,942] {taskinstance.py:1395} INFO - Marking task as SUCCESS. dag_id=dados_climaticos, task_id=criar_pasta, execution_date=20240930T000000, start_date=20241014T190701, end_date=20241014T190701
[2024-10-14 16:07:01,995] {local_task_job.py:156} INFO - Task exited with return code 0
[2024-10-14 16:07:02,038] {local_task_job.py:273} INFO - 1 downstream tasks scheduled from follow-on schedule check
