[2024-10-15 21:24:04,596] {processor.py:153} INFO - Started process (PID=9490) to work on /home/luan-capella/Documentos/curso_airflow/airflowalura/venv/lib/python3.9/site-packages/airflow/example_dags/example_skip_dag.py
[2024-10-15 21:24:04,596] {processor.py:641} INFO - Processing file /home/luan-capella/Documentos/curso_airflow/airflowalura/venv/lib/python3.9/site-packages/airflow/example_dags/example_skip_dag.py for tasks to queue
[2024-10-15 21:24:04,597] {logging_mixin.py:115} INFO - [2024-10-15 21:24:04,597] {dagbag.py:507} INFO - Filling up the DagBag from /home/luan-capella/Documentos/curso_airflow/airflowalura/venv/lib/python3.9/site-packages/airflow/example_dags/example_skip_dag.py
[2024-10-15 21:24:04,602] {processor.py:651} INFO - DAG(s) dict_keys(['example_skip_dag']) retrieved from /home/luan-capella/Documentos/curso_airflow/airflowalura/venv/lib/python3.9/site-packages/airflow/example_dags/example_skip_dag.py
[2024-10-15 21:24:04,617] {logging_mixin.py:115} INFO - [2024-10-15 21:24:04,617] {dag.py:2379} INFO - Sync 1 DAGs
[2024-10-15 21:24:04,633] {logging_mixin.py:115} INFO - [2024-10-15 21:24:04,633] {dag.py:2927} INFO - Setting next_dagrun for example_skip_dag to 2024-10-15T00:24:04.632930+00:00, run_after=2024-10-16T00:24:04.632930+00:00
[2024-10-15 21:24:04,659] {processor.py:161} INFO - Processing /home/luan-capella/Documentos/curso_airflow/airflowalura/venv/lib/python3.9/site-packages/airflow/example_dags/example_skip_dag.py took 0.067 seconds
[2024-10-15 21:24:41,554] {processor.py:153} INFO - Started process (PID=9664) to work on /home/luan-capella/Documentos/curso_airflow/airflowalura/venv/lib/python3.9/site-packages/airflow/example_dags/example_skip_dag.py
[2024-10-15 21:24:41,555] {processor.py:641} INFO - Processing file /home/luan-capella/Documentos/curso_airflow/airflowalura/venv/lib/python3.9/site-packages/airflow/example_dags/example_skip_dag.py for tasks to queue
[2024-10-15 21:24:41,556] {logging_mixin.py:115} INFO - [2024-10-15 21:24:41,555] {dagbag.py:507} INFO - Filling up the DagBag from /home/luan-capella/Documentos/curso_airflow/airflowalura/venv/lib/python3.9/site-packages/airflow/example_dags/example_skip_dag.py
[2024-10-15 21:24:41,564] {processor.py:651} INFO - DAG(s) dict_keys(['example_skip_dag']) retrieved from /home/luan-capella/Documentos/curso_airflow/airflowalura/venv/lib/python3.9/site-packages/airflow/example_dags/example_skip_dag.py
[2024-10-15 21:24:41,578] {logging_mixin.py:115} INFO - [2024-10-15 21:24:41,578] {dag.py:2379} INFO - Sync 1 DAGs
[2024-10-15 21:24:41,595] {logging_mixin.py:115} INFO - [2024-10-15 21:24:41,595] {dag.py:2927} INFO - Setting next_dagrun for example_skip_dag to 2024-10-15T00:24:41.595010+00:00, run_after=2024-10-16T00:24:41.595010+00:00
[2024-10-15 21:24:41,609] {processor.py:161} INFO - Processing /home/luan-capella/Documentos/curso_airflow/airflowalura/venv/lib/python3.9/site-packages/airflow/example_dags/example_skip_dag.py took 0.060 seconds
[2024-10-15 21:25:19,097] {processor.py:153} INFO - Started process (PID=9899) to work on /home/luan-capella/Documentos/curso_airflow/airflowalura/venv/lib/python3.9/site-packages/airflow/example_dags/example_skip_dag.py
[2024-10-15 21:25:19,097] {processor.py:641} INFO - Processing file /home/luan-capella/Documentos/curso_airflow/airflowalura/venv/lib/python3.9/site-packages/airflow/example_dags/example_skip_dag.py for tasks to queue
[2024-10-15 21:25:19,098] {logging_mixin.py:115} INFO - [2024-10-15 21:25:19,098] {dagbag.py:507} INFO - Filling up the DagBag from /home/luan-capella/Documentos/curso_airflow/airflowalura/venv/lib/python3.9/site-packages/airflow/example_dags/example_skip_dag.py
[2024-10-15 21:25:19,102] {processor.py:651} INFO - DAG(s) dict_keys(['example_skip_dag']) retrieved from /home/luan-capella/Documentos/curso_airflow/airflowalura/venv/lib/python3.9/site-packages/airflow/example_dags/example_skip_dag.py
[2024-10-15 21:25:19,169] {logging_mixin.py:115} INFO - [2024-10-15 21:25:19,169] {dag.py:2379} INFO - Sync 1 DAGs
[2024-10-15 21:25:19,198] {logging_mixin.py:115} INFO - [2024-10-15 21:25:19,198] {dag.py:2927} INFO - Setting next_dagrun for example_skip_dag to 2024-10-15T00:25:19.198453+00:00, run_after=2024-10-16T00:25:19.198453+00:00
[2024-10-15 21:25:19,303] {processor.py:161} INFO - Processing /home/luan-capella/Documentos/curso_airflow/airflowalura/venv/lib/python3.9/site-packages/airflow/example_dags/example_skip_dag.py took 0.209 seconds
[2024-10-15 21:25:55,187] {processor.py:153} INFO - Started process (PID=10088) to work on /home/luan-capella/Documentos/curso_airflow/airflowalura/venv/lib/python3.9/site-packages/airflow/example_dags/example_skip_dag.py
[2024-10-15 21:25:55,187] {processor.py:641} INFO - Processing file /home/luan-capella/Documentos/curso_airflow/airflowalura/venv/lib/python3.9/site-packages/airflow/example_dags/example_skip_dag.py for tasks to queue
[2024-10-15 21:25:55,188] {logging_mixin.py:115} INFO - [2024-10-15 21:25:55,188] {dagbag.py:507} INFO - Filling up the DagBag from /home/luan-capella/Documentos/curso_airflow/airflowalura/venv/lib/python3.9/site-packages/airflow/example_dags/example_skip_dag.py
[2024-10-15 21:25:55,192] {processor.py:651} INFO - DAG(s) dict_keys(['example_skip_dag']) retrieved from /home/luan-capella/Documentos/curso_airflow/airflowalura/venv/lib/python3.9/site-packages/airflow/example_dags/example_skip_dag.py
[2024-10-15 21:25:55,207] {logging_mixin.py:115} INFO - [2024-10-15 21:25:55,207] {dag.py:2379} INFO - Sync 1 DAGs
[2024-10-15 21:25:55,227] {logging_mixin.py:115} INFO - [2024-10-15 21:25:55,226] {dag.py:2927} INFO - Setting next_dagrun for example_skip_dag to 2024-10-15T00:25:55.226707+00:00, run_after=2024-10-16T00:25:55.226707+00:00
[2024-10-15 21:25:55,242] {processor.py:161} INFO - Processing /home/luan-capella/Documentos/curso_airflow/airflowalura/venv/lib/python3.9/site-packages/airflow/example_dags/example_skip_dag.py took 0.059 seconds
[2024-10-15 21:26:30,899] {processor.py:153} INFO - Started process (PID=10247) to work on /home/luan-capella/Documentos/curso_airflow/airflowalura/venv/lib/python3.9/site-packages/airflow/example_dags/example_skip_dag.py
[2024-10-15 21:26:30,900] {processor.py:641} INFO - Processing file /home/luan-capella/Documentos/curso_airflow/airflowalura/venv/lib/python3.9/site-packages/airflow/example_dags/example_skip_dag.py for tasks to queue
[2024-10-15 21:26:30,901] {logging_mixin.py:115} INFO - [2024-10-15 21:26:30,901] {dagbag.py:507} INFO - Filling up the DagBag from /home/luan-capella/Documentos/curso_airflow/airflowalura/venv/lib/python3.9/site-packages/airflow/example_dags/example_skip_dag.py
[2024-10-15 21:26:30,906] {processor.py:651} INFO - DAG(s) dict_keys(['example_skip_dag']) retrieved from /home/luan-capella/Documentos/curso_airflow/airflowalura/venv/lib/python3.9/site-packages/airflow/example_dags/example_skip_dag.py
[2024-10-15 21:26:30,919] {logging_mixin.py:115} INFO - [2024-10-15 21:26:30,919] {dag.py:2379} INFO - Sync 1 DAGs
[2024-10-15 21:26:30,932] {logging_mixin.py:115} INFO - [2024-10-15 21:26:30,932] {dag.py:2927} INFO - Setting next_dagrun for example_skip_dag to 2024-10-15T00:26:30.932568+00:00, run_after=2024-10-16T00:26:30.932568+00:00
[2024-10-15 21:26:30,945] {processor.py:161} INFO - Processing /home/luan-capella/Documentos/curso_airflow/airflowalura/venv/lib/python3.9/site-packages/airflow/example_dags/example_skip_dag.py took 0.051 seconds
[2024-10-15 21:27:06,207] {processor.py:153} INFO - Started process (PID=10414) to work on /home/luan-capella/Documentos/curso_airflow/airflowalura/venv/lib/python3.9/site-packages/airflow/example_dags/example_skip_dag.py
[2024-10-15 21:27:06,208] {processor.py:641} INFO - Processing file /home/luan-capella/Documentos/curso_airflow/airflowalura/venv/lib/python3.9/site-packages/airflow/example_dags/example_skip_dag.py for tasks to queue
[2024-10-15 21:27:06,208] {logging_mixin.py:115} INFO - [2024-10-15 21:27:06,208] {dagbag.py:507} INFO - Filling up the DagBag from /home/luan-capella/Documentos/curso_airflow/airflowalura/venv/lib/python3.9/site-packages/airflow/example_dags/example_skip_dag.py
[2024-10-15 21:27:06,212] {processor.py:651} INFO - DAG(s) dict_keys(['example_skip_dag']) retrieved from /home/luan-capella/Documentos/curso_airflow/airflowalura/venv/lib/python3.9/site-packages/airflow/example_dags/example_skip_dag.py
[2024-10-15 21:27:06,226] {logging_mixin.py:115} INFO - [2024-10-15 21:27:06,226] {dag.py:2379} INFO - Sync 1 DAGs
[2024-10-15 21:27:06,240] {logging_mixin.py:115} INFO - [2024-10-15 21:27:06,240] {dag.py:2927} INFO - Setting next_dagrun for example_skip_dag to 2024-10-15T00:27:06.240121+00:00, run_after=2024-10-16T00:27:06.240121+00:00
[2024-10-15 21:27:06,253] {processor.py:161} INFO - Processing /home/luan-capella/Documentos/curso_airflow/airflowalura/venv/lib/python3.9/site-packages/airflow/example_dags/example_skip_dag.py took 0.051 seconds
[2024-10-15 21:27:44,274] {processor.py:153} INFO - Started process (PID=10638) to work on /home/luan-capella/Documentos/curso_airflow/airflowalura/venv/lib/python3.9/site-packages/airflow/example_dags/example_skip_dag.py
[2024-10-15 21:27:44,275] {processor.py:641} INFO - Processing file /home/luan-capella/Documentos/curso_airflow/airflowalura/venv/lib/python3.9/site-packages/airflow/example_dags/example_skip_dag.py for tasks to queue
[2024-10-15 21:27:44,275] {logging_mixin.py:115} INFO - [2024-10-15 21:27:44,275] {dagbag.py:507} INFO - Filling up the DagBag from /home/luan-capella/Documentos/curso_airflow/airflowalura/venv/lib/python3.9/site-packages/airflow/example_dags/example_skip_dag.py
[2024-10-15 21:27:44,280] {processor.py:651} INFO - DAG(s) dict_keys(['example_skip_dag']) retrieved from /home/luan-capella/Documentos/curso_airflow/airflowalura/venv/lib/python3.9/site-packages/airflow/example_dags/example_skip_dag.py
[2024-10-15 21:27:44,296] {logging_mixin.py:115} INFO - [2024-10-15 21:27:44,295] {dag.py:2379} INFO - Sync 1 DAGs
[2024-10-15 21:27:44,310] {logging_mixin.py:115} INFO - [2024-10-15 21:27:44,310] {dag.py:2927} INFO - Setting next_dagrun for example_skip_dag to 2024-10-15T00:27:44.310376+00:00, run_after=2024-10-16T00:27:44.310376+00:00
[2024-10-15 21:27:44,335] {processor.py:161} INFO - Processing /home/luan-capella/Documentos/curso_airflow/airflowalura/venv/lib/python3.9/site-packages/airflow/example_dags/example_skip_dag.py took 0.062 seconds
[2024-10-15 21:28:21,222] {processor.py:153} INFO - Started process (PID=10866) to work on /home/luan-capella/Documentos/curso_airflow/airflowalura/venv/lib/python3.9/site-packages/airflow/example_dags/example_skip_dag.py
[2024-10-15 21:28:21,223] {processor.py:641} INFO - Processing file /home/luan-capella/Documentos/curso_airflow/airflowalura/venv/lib/python3.9/site-packages/airflow/example_dags/example_skip_dag.py for tasks to queue
[2024-10-15 21:28:21,224] {logging_mixin.py:115} INFO - [2024-10-15 21:28:21,224] {dagbag.py:507} INFO - Filling up the DagBag from /home/luan-capella/Documentos/curso_airflow/airflowalura/venv/lib/python3.9/site-packages/airflow/example_dags/example_skip_dag.py
[2024-10-15 21:28:21,229] {processor.py:651} INFO - DAG(s) dict_keys(['example_skip_dag']) retrieved from /home/luan-capella/Documentos/curso_airflow/airflowalura/venv/lib/python3.9/site-packages/airflow/example_dags/example_skip_dag.py
[2024-10-15 21:28:21,244] {logging_mixin.py:115} INFO - [2024-10-15 21:28:21,244] {dag.py:2379} INFO - Sync 1 DAGs
[2024-10-15 21:28:21,258] {logging_mixin.py:115} INFO - [2024-10-15 21:28:21,257] {dag.py:2927} INFO - Setting next_dagrun for example_skip_dag to 2024-10-15T00:28:21.257716+00:00, run_after=2024-10-16T00:28:21.257716+00:00
[2024-10-15 21:28:21,270] {processor.py:161} INFO - Processing /home/luan-capella/Documentos/curso_airflow/airflowalura/venv/lib/python3.9/site-packages/airflow/example_dags/example_skip_dag.py took 0.050 seconds
[2024-10-15 21:28:56,511] {processor.py:153} INFO - Started process (PID=11057) to work on /home/luan-capella/Documentos/curso_airflow/airflowalura/venv/lib/python3.9/site-packages/airflow/example_dags/example_skip_dag.py
[2024-10-15 21:28:56,512] {processor.py:641} INFO - Processing file /home/luan-capella/Documentos/curso_airflow/airflowalura/venv/lib/python3.9/site-packages/airflow/example_dags/example_skip_dag.py for tasks to queue
[2024-10-15 21:28:56,513] {logging_mixin.py:115} INFO - [2024-10-15 21:28:56,513] {dagbag.py:507} INFO - Filling up the DagBag from /home/luan-capella/Documentos/curso_airflow/airflowalura/venv/lib/python3.9/site-packages/airflow/example_dags/example_skip_dag.py
[2024-10-15 21:28:56,520] {processor.py:651} INFO - DAG(s) dict_keys(['example_skip_dag']) retrieved from /home/luan-capella/Documentos/curso_airflow/airflowalura/venv/lib/python3.9/site-packages/airflow/example_dags/example_skip_dag.py
[2024-10-15 21:28:56,532] {logging_mixin.py:115} INFO - [2024-10-15 21:28:56,532] {dag.py:2379} INFO - Sync 1 DAGs
[2024-10-15 21:28:56,544] {logging_mixin.py:115} INFO - [2024-10-15 21:28:56,544] {dag.py:2927} INFO - Setting next_dagrun for example_skip_dag to 2024-10-15T00:28:56.544567+00:00, run_after=2024-10-16T00:28:56.544567+00:00
[2024-10-15 21:28:56,556] {processor.py:161} INFO - Processing /home/luan-capella/Documentos/curso_airflow/airflowalura/venv/lib/python3.9/site-packages/airflow/example_dags/example_skip_dag.py took 0.050 seconds
[2024-10-15 21:29:32,904] {processor.py:153} INFO - Started process (PID=11239) to work on /home/luan-capella/Documentos/curso_airflow/airflowalura/venv/lib/python3.9/site-packages/airflow/example_dags/example_skip_dag.py
[2024-10-15 21:29:32,905] {processor.py:641} INFO - Processing file /home/luan-capella/Documentos/curso_airflow/airflowalura/venv/lib/python3.9/site-packages/airflow/example_dags/example_skip_dag.py for tasks to queue
[2024-10-15 21:29:32,905] {logging_mixin.py:115} INFO - [2024-10-15 21:29:32,905] {dagbag.py:507} INFO - Filling up the DagBag from /home/luan-capella/Documentos/curso_airflow/airflowalura/venv/lib/python3.9/site-packages/airflow/example_dags/example_skip_dag.py
[2024-10-15 21:29:32,912] {processor.py:651} INFO - DAG(s) dict_keys(['example_skip_dag']) retrieved from /home/luan-capella/Documentos/curso_airflow/airflowalura/venv/lib/python3.9/site-packages/airflow/example_dags/example_skip_dag.py
[2024-10-15 21:29:32,926] {logging_mixin.py:115} INFO - [2024-10-15 21:29:32,926] {dag.py:2379} INFO - Sync 1 DAGs
[2024-10-15 21:29:32,937] {logging_mixin.py:115} INFO - [2024-10-15 21:29:32,937] {dag.py:2927} INFO - Setting next_dagrun for example_skip_dag to 2024-10-15T00:29:32.937680+00:00, run_after=2024-10-16T00:29:32.937680+00:00
[2024-10-15 21:29:32,949] {processor.py:161} INFO - Processing /home/luan-capella/Documentos/curso_airflow/airflowalura/venv/lib/python3.9/site-packages/airflow/example_dags/example_skip_dag.py took 0.047 seconds
