[2024-10-15 21:23:56,017] {processor.py:153} INFO - Started process (PID=9447) to work on /home/luan-capella/Documentos/curso_airflow/airflowalura/venv/lib/python3.9/site-packages/airflow/example_dags/example_task_group_decorator.py
[2024-10-15 21:23:56,018] {processor.py:641} INFO - Processing file /home/luan-capella/Documentos/curso_airflow/airflowalura/venv/lib/python3.9/site-packages/airflow/example_dags/example_task_group_decorator.py for tasks to queue
[2024-10-15 21:23:56,018] {logging_mixin.py:115} INFO - [2024-10-15 21:23:56,018] {dagbag.py:507} INFO - Filling up the DagBag from /home/luan-capella/Documentos/curso_airflow/airflowalura/venv/lib/python3.9/site-packages/airflow/example_dags/example_task_group_decorator.py
[2024-10-15 21:23:56,043] {processor.py:651} INFO - DAG(s) dict_keys(['example_task_group_decorator']) retrieved from /home/luan-capella/Documentos/curso_airflow/airflowalura/venv/lib/python3.9/site-packages/airflow/example_dags/example_task_group_decorator.py
[2024-10-15 21:23:56,082] {logging_mixin.py:115} INFO - [2024-10-15 21:23:56,082] {dag.py:2379} INFO - Sync 1 DAGs
[2024-10-15 21:23:56,097] {logging_mixin.py:115} INFO - [2024-10-15 21:23:56,097] {dag.py:2927} INFO - Setting next_dagrun for example_task_group_decorator to 2024-10-15T00:23:56.096607+00:00, run_after=2024-10-16T00:23:56.096607+00:00
[2024-10-15 21:23:56,112] {processor.py:161} INFO - Processing /home/luan-capella/Documentos/curso_airflow/airflowalura/venv/lib/python3.9/site-packages/airflow/example_dags/example_task_group_decorator.py took 0.099 seconds
[2024-10-15 21:24:33,261] {processor.py:153} INFO - Started process (PID=9611) to work on /home/luan-capella/Documentos/curso_airflow/airflowalura/venv/lib/python3.9/site-packages/airflow/example_dags/example_task_group_decorator.py
[2024-10-15 21:24:33,262] {processor.py:641} INFO - Processing file /home/luan-capella/Documentos/curso_airflow/airflowalura/venv/lib/python3.9/site-packages/airflow/example_dags/example_task_group_decorator.py for tasks to queue
[2024-10-15 21:24:33,262] {logging_mixin.py:115} INFO - [2024-10-15 21:24:33,262] {dagbag.py:507} INFO - Filling up the DagBag from /home/luan-capella/Documentos/curso_airflow/airflowalura/venv/lib/python3.9/site-packages/airflow/example_dags/example_task_group_decorator.py
[2024-10-15 21:24:33,282] {processor.py:651} INFO - DAG(s) dict_keys(['example_task_group_decorator']) retrieved from /home/luan-capella/Documentos/curso_airflow/airflowalura/venv/lib/python3.9/site-packages/airflow/example_dags/example_task_group_decorator.py
[2024-10-15 21:24:33,319] {logging_mixin.py:115} INFO - [2024-10-15 21:24:33,319] {dag.py:2379} INFO - Sync 1 DAGs
[2024-10-15 21:24:33,332] {logging_mixin.py:115} INFO - [2024-10-15 21:24:33,332] {dag.py:2927} INFO - Setting next_dagrun for example_task_group_decorator to 2024-10-15T00:24:33.332570+00:00, run_after=2024-10-16T00:24:33.332570+00:00
[2024-10-15 21:24:33,346] {processor.py:161} INFO - Processing /home/luan-capella/Documentos/curso_airflow/airflowalura/venv/lib/python3.9/site-packages/airflow/example_dags/example_task_group_decorator.py took 0.088 seconds
[2024-10-15 21:25:10,491] {processor.py:153} INFO - Started process (PID=9799) to work on /home/luan-capella/Documentos/curso_airflow/airflowalura/venv/lib/python3.9/site-packages/airflow/example_dags/example_task_group_decorator.py
[2024-10-15 21:25:10,493] {processor.py:641} INFO - Processing file /home/luan-capella/Documentos/curso_airflow/airflowalura/venv/lib/python3.9/site-packages/airflow/example_dags/example_task_group_decorator.py for tasks to queue
[2024-10-15 21:25:10,493] {logging_mixin.py:115} INFO - [2024-10-15 21:25:10,493] {dagbag.py:507} INFO - Filling up the DagBag from /home/luan-capella/Documentos/curso_airflow/airflowalura/venv/lib/python3.9/site-packages/airflow/example_dags/example_task_group_decorator.py
[2024-10-15 21:25:10,515] {processor.py:651} INFO - DAG(s) dict_keys(['example_task_group_decorator']) retrieved from /home/luan-capella/Documentos/curso_airflow/airflowalura/venv/lib/python3.9/site-packages/airflow/example_dags/example_task_group_decorator.py
[2024-10-15 21:25:10,554] {logging_mixin.py:115} INFO - [2024-10-15 21:25:10,554] {dag.py:2379} INFO - Sync 1 DAGs
[2024-10-15 21:25:10,566] {logging_mixin.py:115} INFO - [2024-10-15 21:25:10,566] {dag.py:2927} INFO - Setting next_dagrun for example_task_group_decorator to 2024-10-15T00:25:10.566141+00:00, run_after=2024-10-16T00:25:10.566141+00:00
[2024-10-15 21:25:10,584] {processor.py:161} INFO - Processing /home/luan-capella/Documentos/curso_airflow/airflowalura/venv/lib/python3.9/site-packages/airflow/example_dags/example_task_group_decorator.py took 0.097 seconds
[2024-10-15 21:25:46,665] {processor.py:153} INFO - Started process (PID=10042) to work on /home/luan-capella/Documentos/curso_airflow/airflowalura/venv/lib/python3.9/site-packages/airflow/example_dags/example_task_group_decorator.py
[2024-10-15 21:25:46,666] {processor.py:641} INFO - Processing file /home/luan-capella/Documentos/curso_airflow/airflowalura/venv/lib/python3.9/site-packages/airflow/example_dags/example_task_group_decorator.py for tasks to queue
[2024-10-15 21:25:46,667] {logging_mixin.py:115} INFO - [2024-10-15 21:25:46,667] {dagbag.py:507} INFO - Filling up the DagBag from /home/luan-capella/Documentos/curso_airflow/airflowalura/venv/lib/python3.9/site-packages/airflow/example_dags/example_task_group_decorator.py
[2024-10-15 21:25:46,690] {processor.py:651} INFO - DAG(s) dict_keys(['example_task_group_decorator']) retrieved from /home/luan-capella/Documentos/curso_airflow/airflowalura/venv/lib/python3.9/site-packages/airflow/example_dags/example_task_group_decorator.py
[2024-10-15 21:25:46,726] {logging_mixin.py:115} INFO - [2024-10-15 21:25:46,726] {dag.py:2379} INFO - Sync 1 DAGs
[2024-10-15 21:25:46,737] {logging_mixin.py:115} INFO - [2024-10-15 21:25:46,737] {dag.py:2927} INFO - Setting next_dagrun for example_task_group_decorator to 2024-10-15T00:25:46.737685+00:00, run_after=2024-10-16T00:25:46.737685+00:00
[2024-10-15 21:25:46,763] {processor.py:161} INFO - Processing /home/luan-capella/Documentos/curso_airflow/airflowalura/venv/lib/python3.9/site-packages/airflow/example_dags/example_task_group_decorator.py took 0.103 seconds
[2024-10-15 21:26:23,348] {processor.py:153} INFO - Started process (PID=10219) to work on /home/luan-capella/Documentos/curso_airflow/airflowalura/venv/lib/python3.9/site-packages/airflow/example_dags/example_task_group_decorator.py
[2024-10-15 21:26:23,349] {processor.py:641} INFO - Processing file /home/luan-capella/Documentos/curso_airflow/airflowalura/venv/lib/python3.9/site-packages/airflow/example_dags/example_task_group_decorator.py for tasks to queue
[2024-10-15 21:26:23,350] {logging_mixin.py:115} INFO - [2024-10-15 21:26:23,350] {dagbag.py:507} INFO - Filling up the DagBag from /home/luan-capella/Documentos/curso_airflow/airflowalura/venv/lib/python3.9/site-packages/airflow/example_dags/example_task_group_decorator.py
[2024-10-15 21:26:23,373] {processor.py:651} INFO - DAG(s) dict_keys(['example_task_group_decorator']) retrieved from /home/luan-capella/Documentos/curso_airflow/airflowalura/venv/lib/python3.9/site-packages/airflow/example_dags/example_task_group_decorator.py
[2024-10-15 21:26:23,408] {logging_mixin.py:115} INFO - [2024-10-15 21:26:23,408] {dag.py:2379} INFO - Sync 1 DAGs
[2024-10-15 21:26:23,420] {logging_mixin.py:115} INFO - [2024-10-15 21:26:23,420] {dag.py:2927} INFO - Setting next_dagrun for example_task_group_decorator to 2024-10-15T00:26:23.420056+00:00, run_after=2024-10-16T00:26:23.420056+00:00
[2024-10-15 21:26:23,434] {processor.py:161} INFO - Processing /home/luan-capella/Documentos/curso_airflow/airflowalura/venv/lib/python3.9/site-packages/airflow/example_dags/example_task_group_decorator.py took 0.090 seconds
[2024-10-15 21:26:57,953] {processor.py:153} INFO - Started process (PID=10372) to work on /home/luan-capella/Documentos/curso_airflow/airflowalura/venv/lib/python3.9/site-packages/airflow/example_dags/example_task_group_decorator.py
[2024-10-15 21:26:57,954] {processor.py:641} INFO - Processing file /home/luan-capella/Documentos/curso_airflow/airflowalura/venv/lib/python3.9/site-packages/airflow/example_dags/example_task_group_decorator.py for tasks to queue
[2024-10-15 21:26:57,954] {logging_mixin.py:115} INFO - [2024-10-15 21:26:57,954] {dagbag.py:507} INFO - Filling up the DagBag from /home/luan-capella/Documentos/curso_airflow/airflowalura/venv/lib/python3.9/site-packages/airflow/example_dags/example_task_group_decorator.py
[2024-10-15 21:26:57,978] {processor.py:651} INFO - DAG(s) dict_keys(['example_task_group_decorator']) retrieved from /home/luan-capella/Documentos/curso_airflow/airflowalura/venv/lib/python3.9/site-packages/airflow/example_dags/example_task_group_decorator.py
[2024-10-15 21:26:57,994] {logging_mixin.py:115} INFO - [2024-10-15 21:26:57,994] {dag.py:2379} INFO - Sync 1 DAGs
[2024-10-15 21:26:58,008] {logging_mixin.py:115} INFO - [2024-10-15 21:26:58,008] {dag.py:2927} INFO - Setting next_dagrun for example_task_group_decorator to 2024-10-15T00:26:58.008041+00:00, run_after=2024-10-16T00:26:58.008041+00:00
[2024-10-15 21:26:58,024] {processor.py:161} INFO - Processing /home/luan-capella/Documentos/curso_airflow/airflowalura/venv/lib/python3.9/site-packages/airflow/example_dags/example_task_group_decorator.py took 0.074 seconds
[2024-10-15 21:27:34,370] {processor.py:153} INFO - Started process (PID=10594) to work on /home/luan-capella/Documentos/curso_airflow/airflowalura/venv/lib/python3.9/site-packages/airflow/example_dags/example_task_group_decorator.py
[2024-10-15 21:27:34,371] {processor.py:641} INFO - Processing file /home/luan-capella/Documentos/curso_airflow/airflowalura/venv/lib/python3.9/site-packages/airflow/example_dags/example_task_group_decorator.py for tasks to queue
[2024-10-15 21:27:34,371] {logging_mixin.py:115} INFO - [2024-10-15 21:27:34,371] {dagbag.py:507} INFO - Filling up the DagBag from /home/luan-capella/Documentos/curso_airflow/airflowalura/venv/lib/python3.9/site-packages/airflow/example_dags/example_task_group_decorator.py
[2024-10-15 21:27:34,392] {processor.py:651} INFO - DAG(s) dict_keys(['example_task_group_decorator']) retrieved from /home/luan-capella/Documentos/curso_airflow/airflowalura/venv/lib/python3.9/site-packages/airflow/example_dags/example_task_group_decorator.py
[2024-10-15 21:27:34,431] {logging_mixin.py:115} INFO - [2024-10-15 21:27:34,431] {dag.py:2379} INFO - Sync 1 DAGs
[2024-10-15 21:27:34,443] {logging_mixin.py:115} INFO - [2024-10-15 21:27:34,442] {dag.py:2927} INFO - Setting next_dagrun for example_task_group_decorator to 2024-10-15T00:27:34.442782+00:00, run_after=2024-10-16T00:27:34.442782+00:00
[2024-10-15 21:27:34,460] {processor.py:161} INFO - Processing /home/luan-capella/Documentos/curso_airflow/airflowalura/venv/lib/python3.9/site-packages/airflow/example_dags/example_task_group_decorator.py took 0.092 seconds
[2024-10-15 21:28:10,907] {processor.py:153} INFO - Started process (PID=10814) to work on /home/luan-capella/Documentos/curso_airflow/airflowalura/venv/lib/python3.9/site-packages/airflow/example_dags/example_task_group_decorator.py
[2024-10-15 21:28:10,908] {processor.py:641} INFO - Processing file /home/luan-capella/Documentos/curso_airflow/airflowalura/venv/lib/python3.9/site-packages/airflow/example_dags/example_task_group_decorator.py for tasks to queue
[2024-10-15 21:28:10,909] {logging_mixin.py:115} INFO - [2024-10-15 21:28:10,909] {dagbag.py:507} INFO - Filling up the DagBag from /home/luan-capella/Documentos/curso_airflow/airflowalura/venv/lib/python3.9/site-packages/airflow/example_dags/example_task_group_decorator.py
[2024-10-15 21:28:10,933] {processor.py:651} INFO - DAG(s) dict_keys(['example_task_group_decorator']) retrieved from /home/luan-capella/Documentos/curso_airflow/airflowalura/venv/lib/python3.9/site-packages/airflow/example_dags/example_task_group_decorator.py
[2024-10-15 21:28:10,978] {logging_mixin.py:115} INFO - [2024-10-15 21:28:10,978] {dag.py:2379} INFO - Sync 1 DAGs
[2024-10-15 21:28:10,993] {logging_mixin.py:115} INFO - [2024-10-15 21:28:10,993] {dag.py:2927} INFO - Setting next_dagrun for example_task_group_decorator to 2024-10-15T00:28:10.992998+00:00, run_after=2024-10-16T00:28:10.992998+00:00
[2024-10-15 21:28:11,010] {processor.py:161} INFO - Processing /home/luan-capella/Documentos/curso_airflow/airflowalura/venv/lib/python3.9/site-packages/airflow/example_dags/example_task_group_decorator.py took 0.106 seconds
[2024-10-15 21:28:47,120] {processor.py:153} INFO - Started process (PID=11013) to work on /home/luan-capella/Documentos/curso_airflow/airflowalura/venv/lib/python3.9/site-packages/airflow/example_dags/example_task_group_decorator.py
[2024-10-15 21:28:47,120] {processor.py:641} INFO - Processing file /home/luan-capella/Documentos/curso_airflow/airflowalura/venv/lib/python3.9/site-packages/airflow/example_dags/example_task_group_decorator.py for tasks to queue
[2024-10-15 21:28:47,121] {logging_mixin.py:115} INFO - [2024-10-15 21:28:47,121] {dagbag.py:507} INFO - Filling up the DagBag from /home/luan-capella/Documentos/curso_airflow/airflowalura/venv/lib/python3.9/site-packages/airflow/example_dags/example_task_group_decorator.py
[2024-10-15 21:28:47,142] {processor.py:651} INFO - DAG(s) dict_keys(['example_task_group_decorator']) retrieved from /home/luan-capella/Documentos/curso_airflow/airflowalura/venv/lib/python3.9/site-packages/airflow/example_dags/example_task_group_decorator.py
[2024-10-15 21:28:47,181] {logging_mixin.py:115} INFO - [2024-10-15 21:28:47,180] {dag.py:2379} INFO - Sync 1 DAGs
[2024-10-15 21:28:47,193] {logging_mixin.py:115} INFO - [2024-10-15 21:28:47,193] {dag.py:2927} INFO - Setting next_dagrun for example_task_group_decorator to 2024-10-15T00:28:47.193355+00:00, run_after=2024-10-16T00:28:47.193355+00:00
[2024-10-15 21:28:47,212] {processor.py:161} INFO - Processing /home/luan-capella/Documentos/curso_airflow/airflowalura/venv/lib/python3.9/site-packages/airflow/example_dags/example_task_group_decorator.py took 0.094 seconds
[2024-10-15 21:29:22,635] {processor.py:153} INFO - Started process (PID=11188) to work on /home/luan-capella/Documentos/curso_airflow/airflowalura/venv/lib/python3.9/site-packages/airflow/example_dags/example_task_group_decorator.py
[2024-10-15 21:29:22,642] {processor.py:641} INFO - Processing file /home/luan-capella/Documentos/curso_airflow/airflowalura/venv/lib/python3.9/site-packages/airflow/example_dags/example_task_group_decorator.py for tasks to queue
[2024-10-15 21:29:22,643] {logging_mixin.py:115} INFO - [2024-10-15 21:29:22,643] {dagbag.py:507} INFO - Filling up the DagBag from /home/luan-capella/Documentos/curso_airflow/airflowalura/venv/lib/python3.9/site-packages/airflow/example_dags/example_task_group_decorator.py
[2024-10-15 21:29:22,663] {processor.py:651} INFO - DAG(s) dict_keys(['example_task_group_decorator']) retrieved from /home/luan-capella/Documentos/curso_airflow/airflowalura/venv/lib/python3.9/site-packages/airflow/example_dags/example_task_group_decorator.py
[2024-10-15 21:29:22,676] {logging_mixin.py:115} INFO - [2024-10-15 21:29:22,676] {dag.py:2379} INFO - Sync 1 DAGs
[2024-10-15 21:29:22,692] {logging_mixin.py:115} INFO - [2024-10-15 21:29:22,692] {dag.py:2927} INFO - Setting next_dagrun for example_task_group_decorator to 2024-10-15T00:29:22.692196+00:00, run_after=2024-10-16T00:29:22.692196+00:00
[2024-10-15 21:29:22,718] {processor.py:161} INFO - Processing /home/luan-capella/Documentos/curso_airflow/airflowalura/venv/lib/python3.9/site-packages/airflow/example_dags/example_task_group_decorator.py took 0.086 seconds
