[2024-10-15 21:24:08,618] {processor.py:153} INFO - Started process (PID=9508) to work on /home/luan-capella/Documentos/curso_airflow/airflowalura/venv/lib/python3.9/site-packages/airflow/example_dags/example_complex.py
[2024-10-15 21:24:08,619] {processor.py:641} INFO - Processing file /home/luan-capella/Documentos/curso_airflow/airflowalura/venv/lib/python3.9/site-packages/airflow/example_dags/example_complex.py for tasks to queue
[2024-10-15 21:24:08,620] {logging_mixin.py:115} INFO - [2024-10-15 21:24:08,620] {dagbag.py:507} INFO - Filling up the DagBag from /home/luan-capella/Documentos/curso_airflow/airflowalura/venv/lib/python3.9/site-packages/airflow/example_dags/example_complex.py
[2024-10-15 21:24:08,629] {processor.py:651} INFO - DAG(s) dict_keys(['example_complex']) retrieved from /home/luan-capella/Documentos/curso_airflow/airflowalura/venv/lib/python3.9/site-packages/airflow/example_dags/example_complex.py
[2024-10-15 21:24:08,645] {logging_mixin.py:115} INFO - [2024-10-15 21:24:08,645] {dag.py:2379} INFO - Sync 1 DAGs
[2024-10-15 21:24:08,659] {logging_mixin.py:115} INFO - [2024-10-15 21:24:08,659] {dag.py:2927} INFO - Setting next_dagrun for example_complex to None, run_after=None
[2024-10-15 21:24:08,672] {processor.py:161} INFO - Processing /home/luan-capella/Documentos/curso_airflow/airflowalura/venv/lib/python3.9/site-packages/airflow/example_dags/example_complex.py took 0.057 seconds
[2024-10-15 21:24:44,751] {processor.py:153} INFO - Started process (PID=9678) to work on /home/luan-capella/Documentos/curso_airflow/airflowalura/venv/lib/python3.9/site-packages/airflow/example_dags/example_complex.py
[2024-10-15 21:24:44,753] {processor.py:641} INFO - Processing file /home/luan-capella/Documentos/curso_airflow/airflowalura/venv/lib/python3.9/site-packages/airflow/example_dags/example_complex.py for tasks to queue
[2024-10-15 21:24:44,753] {logging_mixin.py:115} INFO - [2024-10-15 21:24:44,753] {dagbag.py:507} INFO - Filling up the DagBag from /home/luan-capella/Documentos/curso_airflow/airflowalura/venv/lib/python3.9/site-packages/airflow/example_dags/example_complex.py
[2024-10-15 21:24:44,766] {processor.py:651} INFO - DAG(s) dict_keys(['example_complex']) retrieved from /home/luan-capella/Documentos/curso_airflow/airflowalura/venv/lib/python3.9/site-packages/airflow/example_dags/example_complex.py
[2024-10-15 21:24:44,782] {logging_mixin.py:115} INFO - [2024-10-15 21:24:44,782] {dag.py:2379} INFO - Sync 1 DAGs
[2024-10-15 21:24:44,796] {logging_mixin.py:115} INFO - [2024-10-15 21:24:44,796] {dag.py:2927} INFO - Setting next_dagrun for example_complex to None, run_after=None
[2024-10-15 21:24:44,809] {processor.py:161} INFO - Processing /home/luan-capella/Documentos/curso_airflow/airflowalura/venv/lib/python3.9/site-packages/airflow/example_dags/example_complex.py took 0.062 seconds
[2024-10-15 21:25:22,345] {processor.py:153} INFO - Started process (PID=9922) to work on /home/luan-capella/Documentos/curso_airflow/airflowalura/venv/lib/python3.9/site-packages/airflow/example_dags/example_complex.py
[2024-10-15 21:25:22,345] {processor.py:641} INFO - Processing file /home/luan-capella/Documentos/curso_airflow/airflowalura/venv/lib/python3.9/site-packages/airflow/example_dags/example_complex.py for tasks to queue
[2024-10-15 21:25:22,346] {logging_mixin.py:115} INFO - [2024-10-15 21:25:22,346] {dagbag.py:507} INFO - Filling up the DagBag from /home/luan-capella/Documentos/curso_airflow/airflowalura/venv/lib/python3.9/site-packages/airflow/example_dags/example_complex.py
[2024-10-15 21:25:22,355] {processor.py:651} INFO - DAG(s) dict_keys(['example_complex']) retrieved from /home/luan-capella/Documentos/curso_airflow/airflowalura/venv/lib/python3.9/site-packages/airflow/example_dags/example_complex.py
[2024-10-15 21:25:22,371] {logging_mixin.py:115} INFO - [2024-10-15 21:25:22,371] {dag.py:2379} INFO - Sync 1 DAGs
[2024-10-15 21:25:22,385] {logging_mixin.py:115} INFO - [2024-10-15 21:25:22,385] {dag.py:2927} INFO - Setting next_dagrun for example_complex to None, run_after=None
[2024-10-15 21:25:22,399] {processor.py:161} INFO - Processing /home/luan-capella/Documentos/curso_airflow/airflowalura/venv/lib/python3.9/site-packages/airflow/example_dags/example_complex.py took 0.057 seconds
[2024-10-15 21:25:58,337] {processor.py:153} INFO - Started process (PID=10101) to work on /home/luan-capella/Documentos/curso_airflow/airflowalura/venv/lib/python3.9/site-packages/airflow/example_dags/example_complex.py
[2024-10-15 21:25:58,338] {processor.py:641} INFO - Processing file /home/luan-capella/Documentos/curso_airflow/airflowalura/venv/lib/python3.9/site-packages/airflow/example_dags/example_complex.py for tasks to queue
[2024-10-15 21:25:58,339] {logging_mixin.py:115} INFO - [2024-10-15 21:25:58,339] {dagbag.py:507} INFO - Filling up the DagBag from /home/luan-capella/Documentos/curso_airflow/airflowalura/venv/lib/python3.9/site-packages/airflow/example_dags/example_complex.py
[2024-10-15 21:25:58,351] {processor.py:651} INFO - DAG(s) dict_keys(['example_complex']) retrieved from /home/luan-capella/Documentos/curso_airflow/airflowalura/venv/lib/python3.9/site-packages/airflow/example_dags/example_complex.py
[2024-10-15 21:25:58,367] {logging_mixin.py:115} INFO - [2024-10-15 21:25:58,367] {dag.py:2379} INFO - Sync 1 DAGs
[2024-10-15 21:25:58,384] {logging_mixin.py:115} INFO - [2024-10-15 21:25:58,383] {dag.py:2927} INFO - Setting next_dagrun for example_complex to None, run_after=None
[2024-10-15 21:25:58,396] {processor.py:161} INFO - Processing /home/luan-capella/Documentos/curso_airflow/airflowalura/venv/lib/python3.9/site-packages/airflow/example_dags/example_complex.py took 0.062 seconds
[2024-10-15 21:26:34,626] {processor.py:153} INFO - Started process (PID=10267) to work on /home/luan-capella/Documentos/curso_airflow/airflowalura/venv/lib/python3.9/site-packages/airflow/example_dags/example_complex.py
[2024-10-15 21:26:34,627] {processor.py:641} INFO - Processing file /home/luan-capella/Documentos/curso_airflow/airflowalura/venv/lib/python3.9/site-packages/airflow/example_dags/example_complex.py for tasks to queue
[2024-10-15 21:26:34,627] {logging_mixin.py:115} INFO - [2024-10-15 21:26:34,627] {dagbag.py:507} INFO - Filling up the DagBag from /home/luan-capella/Documentos/curso_airflow/airflowalura/venv/lib/python3.9/site-packages/airflow/example_dags/example_complex.py
[2024-10-15 21:26:34,636] {processor.py:651} INFO - DAG(s) dict_keys(['example_complex']) retrieved from /home/luan-capella/Documentos/curso_airflow/airflowalura/venv/lib/python3.9/site-packages/airflow/example_dags/example_complex.py
[2024-10-15 21:26:34,652] {logging_mixin.py:115} INFO - [2024-10-15 21:26:34,652] {dag.py:2379} INFO - Sync 1 DAGs
[2024-10-15 21:26:34,666] {logging_mixin.py:115} INFO - [2024-10-15 21:26:34,666] {dag.py:2927} INFO - Setting next_dagrun for example_complex to None, run_after=None
[2024-10-15 21:26:34,678] {processor.py:161} INFO - Processing /home/luan-capella/Documentos/curso_airflow/airflowalura/venv/lib/python3.9/site-packages/airflow/example_dags/example_complex.py took 0.054 seconds
[2024-10-15 21:27:10,552] {processor.py:153} INFO - Started process (PID=10431) to work on /home/luan-capella/Documentos/curso_airflow/airflowalura/venv/lib/python3.9/site-packages/airflow/example_dags/example_complex.py
[2024-10-15 21:27:10,553] {processor.py:641} INFO - Processing file /home/luan-capella/Documentos/curso_airflow/airflowalura/venv/lib/python3.9/site-packages/airflow/example_dags/example_complex.py for tasks to queue
[2024-10-15 21:27:10,553] {logging_mixin.py:115} INFO - [2024-10-15 21:27:10,553] {dagbag.py:507} INFO - Filling up the DagBag from /home/luan-capella/Documentos/curso_airflow/airflowalura/venv/lib/python3.9/site-packages/airflow/example_dags/example_complex.py
[2024-10-15 21:27:10,565] {processor.py:651} INFO - DAG(s) dict_keys(['example_complex']) retrieved from /home/luan-capella/Documentos/curso_airflow/airflowalura/venv/lib/python3.9/site-packages/airflow/example_dags/example_complex.py
[2024-10-15 21:27:10,580] {logging_mixin.py:115} INFO - [2024-10-15 21:27:10,580] {dag.py:2379} INFO - Sync 1 DAGs
[2024-10-15 21:27:10,593] {logging_mixin.py:115} INFO - [2024-10-15 21:27:10,593] {dag.py:2927} INFO - Setting next_dagrun for example_complex to None, run_after=None
[2024-10-15 21:27:10,606] {processor.py:161} INFO - Processing /home/luan-capella/Documentos/curso_airflow/airflowalura/venv/lib/python3.9/site-packages/airflow/example_dags/example_complex.py took 0.057 seconds
[2024-10-15 21:27:47,827] {processor.py:153} INFO - Started process (PID=10671) to work on /home/luan-capella/Documentos/curso_airflow/airflowalura/venv/lib/python3.9/site-packages/airflow/example_dags/example_complex.py
[2024-10-15 21:27:47,828] {processor.py:641} INFO - Processing file /home/luan-capella/Documentos/curso_airflow/airflowalura/venv/lib/python3.9/site-packages/airflow/example_dags/example_complex.py for tasks to queue
[2024-10-15 21:27:47,828] {logging_mixin.py:115} INFO - [2024-10-15 21:27:47,828] {dagbag.py:507} INFO - Filling up the DagBag from /home/luan-capella/Documentos/curso_airflow/airflowalura/venv/lib/python3.9/site-packages/airflow/example_dags/example_complex.py
[2024-10-15 21:27:47,840] {processor.py:651} INFO - DAG(s) dict_keys(['example_complex']) retrieved from /home/luan-capella/Documentos/curso_airflow/airflowalura/venv/lib/python3.9/site-packages/airflow/example_dags/example_complex.py
[2024-10-15 21:27:47,860] {logging_mixin.py:115} INFO - [2024-10-15 21:27:47,860] {dag.py:2379} INFO - Sync 1 DAGs
[2024-10-15 21:27:47,875] {logging_mixin.py:115} INFO - [2024-10-15 21:27:47,875] {dag.py:2927} INFO - Setting next_dagrun for example_complex to None, run_after=None
[2024-10-15 21:27:47,887] {processor.py:161} INFO - Processing /home/luan-capella/Documentos/curso_airflow/airflowalura/venv/lib/python3.9/site-packages/airflow/example_dags/example_complex.py took 0.062 seconds
[2024-10-15 21:28:30,721] {processor.py:153} INFO - Started process (PID=10914) to work on /home/luan-capella/Documentos/curso_airflow/airflowalura/venv/lib/python3.9/site-packages/airflow/example_dags/example_complex.py
[2024-10-15 21:28:30,722] {processor.py:641} INFO - Processing file /home/luan-capella/Documentos/curso_airflow/airflowalura/venv/lib/python3.9/site-packages/airflow/example_dags/example_complex.py for tasks to queue
[2024-10-15 21:28:30,722] {logging_mixin.py:115} INFO - [2024-10-15 21:28:30,722] {dagbag.py:507} INFO - Filling up the DagBag from /home/luan-capella/Documentos/curso_airflow/airflowalura/venv/lib/python3.9/site-packages/airflow/example_dags/example_complex.py
[2024-10-15 21:28:30,731] {processor.py:651} INFO - DAG(s) dict_keys(['example_complex']) retrieved from /home/luan-capella/Documentos/curso_airflow/airflowalura/venv/lib/python3.9/site-packages/airflow/example_dags/example_complex.py
[2024-10-15 21:28:30,747] {logging_mixin.py:115} INFO - [2024-10-15 21:28:30,747] {dag.py:2379} INFO - Sync 1 DAGs
[2024-10-15 21:28:30,760] {logging_mixin.py:115} INFO - [2024-10-15 21:28:30,760] {dag.py:2927} INFO - Setting next_dagrun for example_complex to None, run_after=None
[2024-10-15 21:28:30,772] {processor.py:161} INFO - Processing /home/luan-capella/Documentos/curso_airflow/airflowalura/venv/lib/python3.9/site-packages/airflow/example_dags/example_complex.py took 0.053 seconds
[2024-10-15 21:29:07,768] {processor.py:153} INFO - Started process (PID=11118) to work on /home/luan-capella/Documentos/curso_airflow/airflowalura/venv/lib/python3.9/site-packages/airflow/example_dags/example_complex.py
[2024-10-15 21:29:07,769] {processor.py:641} INFO - Processing file /home/luan-capella/Documentos/curso_airflow/airflowalura/venv/lib/python3.9/site-packages/airflow/example_dags/example_complex.py for tasks to queue
[2024-10-15 21:29:07,770] {logging_mixin.py:115} INFO - [2024-10-15 21:29:07,770] {dagbag.py:507} INFO - Filling up the DagBag from /home/luan-capella/Documentos/curso_airflow/airflowalura/venv/lib/python3.9/site-packages/airflow/example_dags/example_complex.py
[2024-10-15 21:29:07,783] {processor.py:651} INFO - DAG(s) dict_keys(['example_complex']) retrieved from /home/luan-capella/Documentos/curso_airflow/airflowalura/venv/lib/python3.9/site-packages/airflow/example_dags/example_complex.py
[2024-10-15 21:29:07,800] {logging_mixin.py:115} INFO - [2024-10-15 21:29:07,800] {dag.py:2379} INFO - Sync 1 DAGs
[2024-10-15 21:29:07,817] {logging_mixin.py:115} INFO - [2024-10-15 21:29:07,817] {dag.py:2927} INFO - Setting next_dagrun for example_complex to None, run_after=None
[2024-10-15 21:29:07,829] {processor.py:161} INFO - Processing /home/luan-capella/Documentos/curso_airflow/airflowalura/venv/lib/python3.9/site-packages/airflow/example_dags/example_complex.py took 0.066 seconds
[2024-10-15 21:29:45,775] {processor.py:153} INFO - Started process (PID=11292) to work on /home/luan-capella/Documentos/curso_airflow/airflowalura/venv/lib/python3.9/site-packages/airflow/example_dags/example_complex.py
[2024-10-15 21:29:45,777] {processor.py:641} INFO - Processing file /home/luan-capella/Documentos/curso_airflow/airflowalura/venv/lib/python3.9/site-packages/airflow/example_dags/example_complex.py for tasks to queue
[2024-10-15 21:29:45,778] {logging_mixin.py:115} INFO - [2024-10-15 21:29:45,778] {dagbag.py:507} INFO - Filling up the DagBag from /home/luan-capella/Documentos/curso_airflow/airflowalura/venv/lib/python3.9/site-packages/airflow/example_dags/example_complex.py
[2024-10-15 21:29:45,793] {processor.py:651} INFO - DAG(s) dict_keys(['example_complex']) retrieved from /home/luan-capella/Documentos/curso_airflow/airflowalura/venv/lib/python3.9/site-packages/airflow/example_dags/example_complex.py
[2024-10-15 21:29:45,812] {logging_mixin.py:115} INFO - [2024-10-15 21:29:45,812] {dag.py:2379} INFO - Sync 1 DAGs
[2024-10-15 21:29:45,828] {logging_mixin.py:115} INFO - [2024-10-15 21:29:45,828] {dag.py:2927} INFO - Setting next_dagrun for example_complex to None, run_after=None
[2024-10-15 21:29:45,850] {processor.py:161} INFO - Processing /home/luan-capella/Documentos/curso_airflow/airflowalura/venv/lib/python3.9/site-packages/airflow/example_dags/example_complex.py took 0.079 seconds
