[2024-10-15 21:24:14,914] {processor.py:153} INFO - Started process (PID=9539) to work on /home/luan-capella/Documentos/curso_airflow/airflowalura/venv/lib/python3.9/site-packages/airflow/example_dags/example_branch_operator_decorator.py
[2024-10-15 21:24:14,915] {processor.py:641} INFO - Processing file /home/luan-capella/Documentos/curso_airflow/airflowalura/venv/lib/python3.9/site-packages/airflow/example_dags/example_branch_operator_decorator.py for tasks to queue
[2024-10-15 21:24:14,916] {logging_mixin.py:115} INFO - [2024-10-15 21:24:14,916] {dagbag.py:507} INFO - Filling up the DagBag from /home/luan-capella/Documentos/curso_airflow/airflowalura/venv/lib/python3.9/site-packages/airflow/example_dags/example_branch_operator_decorator.py
[2024-10-15 21:24:14,933] {processor.py:651} INFO - DAG(s) dict_keys(['example_branch_python_operator_decorator']) retrieved from /home/luan-capella/Documentos/curso_airflow/airflowalura/venv/lib/python3.9/site-packages/airflow/example_dags/example_branch_operator_decorator.py
[2024-10-15 21:24:14,946] {logging_mixin.py:115} INFO - [2024-10-15 21:24:14,946] {dag.py:2379} INFO - Sync 1 DAGs
[2024-10-15 21:24:14,961] {logging_mixin.py:115} INFO - [2024-10-15 21:24:14,961] {dag.py:2927} INFO - Setting next_dagrun for example_branch_python_operator_decorator to 2024-10-15T00:00:00+00:00, run_after=2024-10-16T00:00:00+00:00
[2024-10-15 21:24:14,982] {processor.py:161} INFO - Processing /home/luan-capella/Documentos/curso_airflow/airflowalura/venv/lib/python3.9/site-packages/airflow/example_dags/example_branch_operator_decorator.py took 0.073 seconds
[2024-10-15 21:24:51,880] {processor.py:153} INFO - Started process (PID=9709) to work on /home/luan-capella/Documentos/curso_airflow/airflowalura/venv/lib/python3.9/site-packages/airflow/example_dags/example_branch_operator_decorator.py
[2024-10-15 21:24:51,880] {processor.py:641} INFO - Processing file /home/luan-capella/Documentos/curso_airflow/airflowalura/venv/lib/python3.9/site-packages/airflow/example_dags/example_branch_operator_decorator.py for tasks to queue
[2024-10-15 21:24:51,881] {logging_mixin.py:115} INFO - [2024-10-15 21:24:51,881] {dagbag.py:507} INFO - Filling up the DagBag from /home/luan-capella/Documentos/curso_airflow/airflowalura/venv/lib/python3.9/site-packages/airflow/example_dags/example_branch_operator_decorator.py
[2024-10-15 21:24:51,895] {processor.py:651} INFO - DAG(s) dict_keys(['example_branch_python_operator_decorator']) retrieved from /home/luan-capella/Documentos/curso_airflow/airflowalura/venv/lib/python3.9/site-packages/airflow/example_dags/example_branch_operator_decorator.py
[2024-10-15 21:24:51,908] {logging_mixin.py:115} INFO - [2024-10-15 21:24:51,907] {dag.py:2379} INFO - Sync 1 DAGs
[2024-10-15 21:24:51,922] {logging_mixin.py:115} INFO - [2024-10-15 21:24:51,922] {dag.py:2927} INFO - Setting next_dagrun for example_branch_python_operator_decorator to 2024-10-15T00:00:00+00:00, run_after=2024-10-16T00:00:00+00:00
[2024-10-15 21:24:51,936] {processor.py:161} INFO - Processing /home/luan-capella/Documentos/curso_airflow/airflowalura/venv/lib/python3.9/site-packages/airflow/example_dags/example_branch_operator_decorator.py took 0.058 seconds
[2024-10-15 21:25:29,154] {processor.py:153} INFO - Started process (PID=9959) to work on /home/luan-capella/Documentos/curso_airflow/airflowalura/venv/lib/python3.9/site-packages/airflow/example_dags/example_branch_operator_decorator.py
[2024-10-15 21:25:29,155] {processor.py:641} INFO - Processing file /home/luan-capella/Documentos/curso_airflow/airflowalura/venv/lib/python3.9/site-packages/airflow/example_dags/example_branch_operator_decorator.py for tasks to queue
[2024-10-15 21:25:29,155] {logging_mixin.py:115} INFO - [2024-10-15 21:25:29,155] {dagbag.py:507} INFO - Filling up the DagBag from /home/luan-capella/Documentos/curso_airflow/airflowalura/venv/lib/python3.9/site-packages/airflow/example_dags/example_branch_operator_decorator.py
[2024-10-15 21:25:29,170] {processor.py:651} INFO - DAG(s) dict_keys(['example_branch_python_operator_decorator']) retrieved from /home/luan-capella/Documentos/curso_airflow/airflowalura/venv/lib/python3.9/site-packages/airflow/example_dags/example_branch_operator_decorator.py
[2024-10-15 21:25:29,183] {logging_mixin.py:115} INFO - [2024-10-15 21:25:29,183] {dag.py:2379} INFO - Sync 1 DAGs
[2024-10-15 21:25:29,197] {logging_mixin.py:115} INFO - [2024-10-15 21:25:29,197] {dag.py:2927} INFO - Setting next_dagrun for example_branch_python_operator_decorator to 2024-10-15T00:00:00+00:00, run_after=2024-10-16T00:00:00+00:00
[2024-10-15 21:25:29,210] {processor.py:161} INFO - Processing /home/luan-capella/Documentos/curso_airflow/airflowalura/venv/lib/python3.9/site-packages/airflow/example_dags/example_branch_operator_decorator.py took 0.058 seconds
[2024-10-15 21:26:05,338] {processor.py:153} INFO - Started process (PID=10141) to work on /home/luan-capella/Documentos/curso_airflow/airflowalura/venv/lib/python3.9/site-packages/airflow/example_dags/example_branch_operator_decorator.py
[2024-10-15 21:26:05,339] {processor.py:641} INFO - Processing file /home/luan-capella/Documentos/curso_airflow/airflowalura/venv/lib/python3.9/site-packages/airflow/example_dags/example_branch_operator_decorator.py for tasks to queue
[2024-10-15 21:26:05,339] {logging_mixin.py:115} INFO - [2024-10-15 21:26:05,339] {dagbag.py:507} INFO - Filling up the DagBag from /home/luan-capella/Documentos/curso_airflow/airflowalura/venv/lib/python3.9/site-packages/airflow/example_dags/example_branch_operator_decorator.py
[2024-10-15 21:26:05,353] {processor.py:651} INFO - DAG(s) dict_keys(['example_branch_python_operator_decorator']) retrieved from /home/luan-capella/Documentos/curso_airflow/airflowalura/venv/lib/python3.9/site-packages/airflow/example_dags/example_branch_operator_decorator.py
[2024-10-15 21:26:05,366] {logging_mixin.py:115} INFO - [2024-10-15 21:26:05,366] {dag.py:2379} INFO - Sync 1 DAGs
[2024-10-15 21:26:05,381] {logging_mixin.py:115} INFO - [2024-10-15 21:26:05,381] {dag.py:2927} INFO - Setting next_dagrun for example_branch_python_operator_decorator to 2024-10-15T00:00:00+00:00, run_after=2024-10-16T00:00:00+00:00
[2024-10-15 21:26:05,394] {processor.py:161} INFO - Processing /home/luan-capella/Documentos/curso_airflow/airflowalura/venv/lib/python3.9/site-packages/airflow/example_dags/example_branch_operator_decorator.py took 0.058 seconds
[2024-10-15 21:26:44,780] {processor.py:153} INFO - Started process (PID=10312) to work on /home/luan-capella/Documentos/curso_airflow/airflowalura/venv/lib/python3.9/site-packages/airflow/example_dags/example_branch_operator_decorator.py
[2024-10-15 21:26:44,781] {processor.py:641} INFO - Processing file /home/luan-capella/Documentos/curso_airflow/airflowalura/venv/lib/python3.9/site-packages/airflow/example_dags/example_branch_operator_decorator.py for tasks to queue
[2024-10-15 21:26:44,782] {logging_mixin.py:115} INFO - [2024-10-15 21:26:44,781] {dagbag.py:507} INFO - Filling up the DagBag from /home/luan-capella/Documentos/curso_airflow/airflowalura/venv/lib/python3.9/site-packages/airflow/example_dags/example_branch_operator_decorator.py
[2024-10-15 21:26:44,795] {processor.py:651} INFO - DAG(s) dict_keys(['example_branch_python_operator_decorator']) retrieved from /home/luan-capella/Documentos/curso_airflow/airflowalura/venv/lib/python3.9/site-packages/airflow/example_dags/example_branch_operator_decorator.py
[2024-10-15 21:26:44,808] {logging_mixin.py:115} INFO - [2024-10-15 21:26:44,808] {dag.py:2379} INFO - Sync 1 DAGs
[2024-10-15 21:26:44,821] {logging_mixin.py:115} INFO - [2024-10-15 21:26:44,821] {dag.py:2927} INFO - Setting next_dagrun for example_branch_python_operator_decorator to 2024-10-15T00:00:00+00:00, run_after=2024-10-16T00:00:00+00:00
[2024-10-15 21:26:44,835] {processor.py:161} INFO - Processing /home/luan-capella/Documentos/curso_airflow/airflowalura/venv/lib/python3.9/site-packages/airflow/example_dags/example_branch_operator_decorator.py took 0.057 seconds
[2024-10-15 21:27:24,206] {processor.py:153} INFO - Started process (PID=10532) to work on /home/luan-capella/Documentos/curso_airflow/airflowalura/venv/lib/python3.9/site-packages/airflow/example_dags/example_branch_operator_decorator.py
[2024-10-15 21:27:24,207] {processor.py:641} INFO - Processing file /home/luan-capella/Documentos/curso_airflow/airflowalura/venv/lib/python3.9/site-packages/airflow/example_dags/example_branch_operator_decorator.py for tasks to queue
[2024-10-15 21:27:24,207] {logging_mixin.py:115} INFO - [2024-10-15 21:27:24,207] {dagbag.py:507} INFO - Filling up the DagBag from /home/luan-capella/Documentos/curso_airflow/airflowalura/venv/lib/python3.9/site-packages/airflow/example_dags/example_branch_operator_decorator.py
[2024-10-15 21:27:24,221] {processor.py:651} INFO - DAG(s) dict_keys(['example_branch_python_operator_decorator']) retrieved from /home/luan-capella/Documentos/curso_airflow/airflowalura/venv/lib/python3.9/site-packages/airflow/example_dags/example_branch_operator_decorator.py
[2024-10-15 21:27:24,236] {logging_mixin.py:115} INFO - [2024-10-15 21:27:24,236] {dag.py:2379} INFO - Sync 1 DAGs
[2024-10-15 21:27:24,252] {logging_mixin.py:115} INFO - [2024-10-15 21:27:24,252] {dag.py:2927} INFO - Setting next_dagrun for example_branch_python_operator_decorator to 2024-10-15T00:00:00+00:00, run_after=2024-10-16T00:00:00+00:00
[2024-10-15 21:27:24,267] {processor.py:161} INFO - Processing /home/luan-capella/Documentos/curso_airflow/airflowalura/venv/lib/python3.9/site-packages/airflow/example_dags/example_branch_operator_decorator.py took 0.062 seconds
[2024-10-15 21:28:05,748] {processor.py:153} INFO - Started process (PID=10788) to work on /home/luan-capella/Documentos/curso_airflow/airflowalura/venv/lib/python3.9/site-packages/airflow/example_dags/example_branch_operator_decorator.py
[2024-10-15 21:28:05,748] {processor.py:641} INFO - Processing file /home/luan-capella/Documentos/curso_airflow/airflowalura/venv/lib/python3.9/site-packages/airflow/example_dags/example_branch_operator_decorator.py for tasks to queue
[2024-10-15 21:28:05,749] {logging_mixin.py:115} INFO - [2024-10-15 21:28:05,749] {dagbag.py:507} INFO - Filling up the DagBag from /home/luan-capella/Documentos/curso_airflow/airflowalura/venv/lib/python3.9/site-packages/airflow/example_dags/example_branch_operator_decorator.py
[2024-10-15 21:28:05,762] {processor.py:651} INFO - DAG(s) dict_keys(['example_branch_python_operator_decorator']) retrieved from /home/luan-capella/Documentos/curso_airflow/airflowalura/venv/lib/python3.9/site-packages/airflow/example_dags/example_branch_operator_decorator.py
[2024-10-15 21:28:05,776] {logging_mixin.py:115} INFO - [2024-10-15 21:28:05,776] {dag.py:2379} INFO - Sync 1 DAGs
[2024-10-15 21:28:05,789] {logging_mixin.py:115} INFO - [2024-10-15 21:28:05,789] {dag.py:2927} INFO - Setting next_dagrun for example_branch_python_operator_decorator to 2024-10-15T00:00:00+00:00, run_after=2024-10-16T00:00:00+00:00
[2024-10-15 21:28:05,802] {processor.py:161} INFO - Processing /home/luan-capella/Documentos/curso_airflow/airflowalura/venv/lib/python3.9/site-packages/airflow/example_dags/example_branch_operator_decorator.py took 0.057 seconds
[2024-10-15 21:28:50,560] {processor.py:153} INFO - Started process (PID=11030) to work on /home/luan-capella/Documentos/curso_airflow/airflowalura/venv/lib/python3.9/site-packages/airflow/example_dags/example_branch_operator_decorator.py
[2024-10-15 21:28:50,562] {processor.py:641} INFO - Processing file /home/luan-capella/Documentos/curso_airflow/airflowalura/venv/lib/python3.9/site-packages/airflow/example_dags/example_branch_operator_decorator.py for tasks to queue
[2024-10-15 21:28:50,562] {logging_mixin.py:115} INFO - [2024-10-15 21:28:50,562] {dagbag.py:507} INFO - Filling up the DagBag from /home/luan-capella/Documentos/curso_airflow/airflowalura/venv/lib/python3.9/site-packages/airflow/example_dags/example_branch_operator_decorator.py
[2024-10-15 21:28:50,582] {processor.py:651} INFO - DAG(s) dict_keys(['example_branch_python_operator_decorator']) retrieved from /home/luan-capella/Documentos/curso_airflow/airflowalura/venv/lib/python3.9/site-packages/airflow/example_dags/example_branch_operator_decorator.py
[2024-10-15 21:28:50,596] {logging_mixin.py:115} INFO - [2024-10-15 21:28:50,596] {dag.py:2379} INFO - Sync 1 DAGs
[2024-10-15 21:28:50,612] {logging_mixin.py:115} INFO - [2024-10-15 21:28:50,612] {dag.py:2927} INFO - Setting next_dagrun for example_branch_python_operator_decorator to 2024-10-15T00:00:00+00:00, run_after=2024-10-16T00:00:00+00:00
[2024-10-15 21:28:50,624] {processor.py:161} INFO - Processing /home/luan-capella/Documentos/curso_airflow/airflowalura/venv/lib/python3.9/site-packages/airflow/example_dags/example_branch_operator_decorator.py took 0.068 seconds
[2024-10-15 21:29:28,381] {processor.py:153} INFO - Started process (PID=11215) to work on /home/luan-capella/Documentos/curso_airflow/airflowalura/venv/lib/python3.9/site-packages/airflow/example_dags/example_branch_operator_decorator.py
[2024-10-15 21:29:28,382] {processor.py:641} INFO - Processing file /home/luan-capella/Documentos/curso_airflow/airflowalura/venv/lib/python3.9/site-packages/airflow/example_dags/example_branch_operator_decorator.py for tasks to queue
[2024-10-15 21:29:28,382] {logging_mixin.py:115} INFO - [2024-10-15 21:29:28,382] {dagbag.py:507} INFO - Filling up the DagBag from /home/luan-capella/Documentos/curso_airflow/airflowalura/venv/lib/python3.9/site-packages/airflow/example_dags/example_branch_operator_decorator.py
[2024-10-15 21:29:28,399] {processor.py:651} INFO - DAG(s) dict_keys(['example_branch_python_operator_decorator']) retrieved from /home/luan-capella/Documentos/curso_airflow/airflowalura/venv/lib/python3.9/site-packages/airflow/example_dags/example_branch_operator_decorator.py
[2024-10-15 21:29:28,413] {logging_mixin.py:115} INFO - [2024-10-15 21:29:28,413] {dag.py:2379} INFO - Sync 1 DAGs
[2024-10-15 21:29:28,430] {logging_mixin.py:115} INFO - [2024-10-15 21:29:28,430] {dag.py:2927} INFO - Setting next_dagrun for example_branch_python_operator_decorator to 2024-10-15T00:00:00+00:00, run_after=2024-10-16T00:00:00+00:00
[2024-10-15 21:29:28,441] {processor.py:161} INFO - Processing /home/luan-capella/Documentos/curso_airflow/airflowalura/venv/lib/python3.9/site-packages/airflow/example_dags/example_branch_operator_decorator.py took 0.063 seconds
