[2024-10-15 21:23:58,434] {processor.py:153} INFO - Started process (PID=9454) to work on /home/luan-capella/Documentos/curso_airflow/airflowalura/venv/lib/python3.9/site-packages/airflow/example_dags/example_time_delta_sensor_async.py
[2024-10-15 21:23:58,435] {processor.py:641} INFO - Processing file /home/luan-capella/Documentos/curso_airflow/airflowalura/venv/lib/python3.9/site-packages/airflow/example_dags/example_time_delta_sensor_async.py for tasks to queue
[2024-10-15 21:23:58,436] {logging_mixin.py:115} INFO - [2024-10-15 21:23:58,436] {dagbag.py:507} INFO - Filling up the DagBag from /home/luan-capella/Documentos/curso_airflow/airflowalura/venv/lib/python3.9/site-packages/airflow/example_dags/example_time_delta_sensor_async.py
[2024-10-15 21:23:58,445] {processor.py:651} INFO - DAG(s) dict_keys(['example_time_delta_sensor_async']) retrieved from /home/luan-capella/Documentos/curso_airflow/airflowalura/venv/lib/python3.9/site-packages/airflow/example_dags/example_time_delta_sensor_async.py
[2024-10-15 21:23:58,463] {logging_mixin.py:115} INFO - [2024-10-15 21:23:58,462] {dag.py:2379} INFO - Sync 1 DAGs
[2024-10-15 21:23:58,476] {logging_mixin.py:115} INFO - [2024-10-15 21:23:58,476] {dag.py:2927} INFO - Setting next_dagrun for example_time_delta_sensor_async to None, run_after=None
[2024-10-15 21:23:58,487] {processor.py:161} INFO - Processing /home/luan-capella/Documentos/curso_airflow/airflowalura/venv/lib/python3.9/site-packages/airflow/example_dags/example_time_delta_sensor_async.py took 0.058 seconds
[2024-10-15 21:24:35,580] {processor.py:153} INFO - Started process (PID=9638) to work on /home/luan-capella/Documentos/curso_airflow/airflowalura/venv/lib/python3.9/site-packages/airflow/example_dags/example_time_delta_sensor_async.py
[2024-10-15 21:24:35,581] {processor.py:641} INFO - Processing file /home/luan-capella/Documentos/curso_airflow/airflowalura/venv/lib/python3.9/site-packages/airflow/example_dags/example_time_delta_sensor_async.py for tasks to queue
[2024-10-15 21:24:35,582] {logging_mixin.py:115} INFO - [2024-10-15 21:24:35,582] {dagbag.py:507} INFO - Filling up the DagBag from /home/luan-capella/Documentos/curso_airflow/airflowalura/venv/lib/python3.9/site-packages/airflow/example_dags/example_time_delta_sensor_async.py
[2024-10-15 21:24:35,586] {processor.py:651} INFO - DAG(s) dict_keys(['example_time_delta_sensor_async']) retrieved from /home/luan-capella/Documentos/curso_airflow/airflowalura/venv/lib/python3.9/site-packages/airflow/example_dags/example_time_delta_sensor_async.py
[2024-10-15 21:24:35,606] {logging_mixin.py:115} INFO - [2024-10-15 21:24:35,605] {dag.py:2379} INFO - Sync 1 DAGs
[2024-10-15 21:24:35,621] {logging_mixin.py:115} INFO - [2024-10-15 21:24:35,621] {dag.py:2927} INFO - Setting next_dagrun for example_time_delta_sensor_async to None, run_after=None
[2024-10-15 21:24:35,633] {processor.py:161} INFO - Processing /home/luan-capella/Documentos/curso_airflow/airflowalura/venv/lib/python3.9/site-packages/airflow/example_dags/example_time_delta_sensor_async.py took 0.055 seconds
[2024-10-15 21:25:12,192] {processor.py:153} INFO - Started process (PID=9807) to work on /home/luan-capella/Documentos/curso_airflow/airflowalura/venv/lib/python3.9/site-packages/airflow/example_dags/example_time_delta_sensor_async.py
[2024-10-15 21:25:12,193] {processor.py:641} INFO - Processing file /home/luan-capella/Documentos/curso_airflow/airflowalura/venv/lib/python3.9/site-packages/airflow/example_dags/example_time_delta_sensor_async.py for tasks to queue
[2024-10-15 21:25:12,193] {logging_mixin.py:115} INFO - [2024-10-15 21:25:12,193] {dagbag.py:507} INFO - Filling up the DagBag from /home/luan-capella/Documentos/curso_airflow/airflowalura/venv/lib/python3.9/site-packages/airflow/example_dags/example_time_delta_sensor_async.py
[2024-10-15 21:25:12,198] {processor.py:651} INFO - DAG(s) dict_keys(['example_time_delta_sensor_async']) retrieved from /home/luan-capella/Documentos/curso_airflow/airflowalura/venv/lib/python3.9/site-packages/airflow/example_dags/example_time_delta_sensor_async.py
[2024-10-15 21:25:12,217] {logging_mixin.py:115} INFO - [2024-10-15 21:25:12,217] {dag.py:2379} INFO - Sync 1 DAGs
[2024-10-15 21:25:12,231] {logging_mixin.py:115} INFO - [2024-10-15 21:25:12,231] {dag.py:2927} INFO - Setting next_dagrun for example_time_delta_sensor_async to None, run_after=None
[2024-10-15 21:25:12,246] {processor.py:161} INFO - Processing /home/luan-capella/Documentos/curso_airflow/airflowalura/venv/lib/python3.9/site-packages/airflow/example_dags/example_time_delta_sensor_async.py took 0.058 seconds
[2024-10-15 21:25:49,065] {processor.py:153} INFO - Started process (PID=10059) to work on /home/luan-capella/Documentos/curso_airflow/airflowalura/venv/lib/python3.9/site-packages/airflow/example_dags/example_time_delta_sensor_async.py
[2024-10-15 21:25:49,066] {processor.py:641} INFO - Processing file /home/luan-capella/Documentos/curso_airflow/airflowalura/venv/lib/python3.9/site-packages/airflow/example_dags/example_time_delta_sensor_async.py for tasks to queue
[2024-10-15 21:25:49,067] {logging_mixin.py:115} INFO - [2024-10-15 21:25:49,067] {dagbag.py:507} INFO - Filling up the DagBag from /home/luan-capella/Documentos/curso_airflow/airflowalura/venv/lib/python3.9/site-packages/airflow/example_dags/example_time_delta_sensor_async.py
[2024-10-15 21:25:49,073] {processor.py:651} INFO - DAG(s) dict_keys(['example_time_delta_sensor_async']) retrieved from /home/luan-capella/Documentos/curso_airflow/airflowalura/venv/lib/python3.9/site-packages/airflow/example_dags/example_time_delta_sensor_async.py
[2024-10-15 21:25:49,091] {logging_mixin.py:115} INFO - [2024-10-15 21:25:49,091] {dag.py:2379} INFO - Sync 1 DAGs
[2024-10-15 21:25:49,104] {logging_mixin.py:115} INFO - [2024-10-15 21:25:49,104] {dag.py:2927} INFO - Setting next_dagrun for example_time_delta_sensor_async to None, run_after=None
[2024-10-15 21:25:49,115] {processor.py:161} INFO - Processing /home/luan-capella/Documentos/curso_airflow/airflowalura/venv/lib/python3.9/site-packages/airflow/example_dags/example_time_delta_sensor_async.py took 0.055 seconds
[2024-10-15 21:26:25,628] {processor.py:153} INFO - Started process (PID=10226) to work on /home/luan-capella/Documentos/curso_airflow/airflowalura/venv/lib/python3.9/site-packages/airflow/example_dags/example_time_delta_sensor_async.py
[2024-10-15 21:26:25,629] {processor.py:641} INFO - Processing file /home/luan-capella/Documentos/curso_airflow/airflowalura/venv/lib/python3.9/site-packages/airflow/example_dags/example_time_delta_sensor_async.py for tasks to queue
[2024-10-15 21:26:25,629] {logging_mixin.py:115} INFO - [2024-10-15 21:26:25,629] {dagbag.py:507} INFO - Filling up the DagBag from /home/luan-capella/Documentos/curso_airflow/airflowalura/venv/lib/python3.9/site-packages/airflow/example_dags/example_time_delta_sensor_async.py
[2024-10-15 21:26:25,633] {processor.py:651} INFO - DAG(s) dict_keys(['example_time_delta_sensor_async']) retrieved from /home/luan-capella/Documentos/curso_airflow/airflowalura/venv/lib/python3.9/site-packages/airflow/example_dags/example_time_delta_sensor_async.py
[2024-10-15 21:26:25,651] {logging_mixin.py:115} INFO - [2024-10-15 21:26:25,651] {dag.py:2379} INFO - Sync 1 DAGs
[2024-10-15 21:26:25,664] {logging_mixin.py:115} INFO - [2024-10-15 21:26:25,664] {dag.py:2927} INFO - Setting next_dagrun for example_time_delta_sensor_async to None, run_after=None
[2024-10-15 21:26:25,677] {processor.py:161} INFO - Processing /home/luan-capella/Documentos/curso_airflow/airflowalura/venv/lib/python3.9/site-packages/airflow/example_dags/example_time_delta_sensor_async.py took 0.052 seconds
[2024-10-15 21:27:00,256] {processor.py:153} INFO - Started process (PID=10381) to work on /home/luan-capella/Documentos/curso_airflow/airflowalura/venv/lib/python3.9/site-packages/airflow/example_dags/example_time_delta_sensor_async.py
[2024-10-15 21:27:00,256] {processor.py:641} INFO - Processing file /home/luan-capella/Documentos/curso_airflow/airflowalura/venv/lib/python3.9/site-packages/airflow/example_dags/example_time_delta_sensor_async.py for tasks to queue
[2024-10-15 21:27:00,257] {logging_mixin.py:115} INFO - [2024-10-15 21:27:00,256] {dagbag.py:507} INFO - Filling up the DagBag from /home/luan-capella/Documentos/curso_airflow/airflowalura/venv/lib/python3.9/site-packages/airflow/example_dags/example_time_delta_sensor_async.py
[2024-10-15 21:27:00,264] {processor.py:651} INFO - DAG(s) dict_keys(['example_time_delta_sensor_async']) retrieved from /home/luan-capella/Documentos/curso_airflow/airflowalura/venv/lib/python3.9/site-packages/airflow/example_dags/example_time_delta_sensor_async.py
[2024-10-15 21:27:00,283] {logging_mixin.py:115} INFO - [2024-10-15 21:27:00,283] {dag.py:2379} INFO - Sync 1 DAGs
[2024-10-15 21:27:00,297] {logging_mixin.py:115} INFO - [2024-10-15 21:27:00,297] {dag.py:2927} INFO - Setting next_dagrun for example_time_delta_sensor_async to None, run_after=None
[2024-10-15 21:27:00,309] {processor.py:161} INFO - Processing /home/luan-capella/Documentos/curso_airflow/airflowalura/venv/lib/python3.9/site-packages/airflow/example_dags/example_time_delta_sensor_async.py took 0.056 seconds
[2024-10-15 21:27:35,696] {processor.py:153} INFO - Started process (PID=10606) to work on /home/luan-capella/Documentos/curso_airflow/airflowalura/venv/lib/python3.9/site-packages/airflow/example_dags/example_time_delta_sensor_async.py
[2024-10-15 21:27:35,697] {processor.py:641} INFO - Processing file /home/luan-capella/Documentos/curso_airflow/airflowalura/venv/lib/python3.9/site-packages/airflow/example_dags/example_time_delta_sensor_async.py for tasks to queue
[2024-10-15 21:27:35,697] {logging_mixin.py:115} INFO - [2024-10-15 21:27:35,697] {dagbag.py:507} INFO - Filling up the DagBag from /home/luan-capella/Documentos/curso_airflow/airflowalura/venv/lib/python3.9/site-packages/airflow/example_dags/example_time_delta_sensor_async.py
[2024-10-15 21:27:35,701] {processor.py:651} INFO - DAG(s) dict_keys(['example_time_delta_sensor_async']) retrieved from /home/luan-capella/Documentos/curso_airflow/airflowalura/venv/lib/python3.9/site-packages/airflow/example_dags/example_time_delta_sensor_async.py
[2024-10-15 21:27:35,717] {logging_mixin.py:115} INFO - [2024-10-15 21:27:35,717] {dag.py:2379} INFO - Sync 1 DAGs
[2024-10-15 21:27:35,729] {logging_mixin.py:115} INFO - [2024-10-15 21:27:35,729] {dag.py:2927} INFO - Setting next_dagrun for example_time_delta_sensor_async to None, run_after=None
[2024-10-15 21:27:35,739] {processor.py:161} INFO - Processing /home/luan-capella/Documentos/curso_airflow/airflowalura/venv/lib/python3.9/site-packages/airflow/example_dags/example_time_delta_sensor_async.py took 0.045 seconds
[2024-10-15 21:28:13,314] {processor.py:153} INFO - Started process (PID=10823) to work on /home/luan-capella/Documentos/curso_airflow/airflowalura/venv/lib/python3.9/site-packages/airflow/example_dags/example_time_delta_sensor_async.py
[2024-10-15 21:28:13,315] {processor.py:641} INFO - Processing file /home/luan-capella/Documentos/curso_airflow/airflowalura/venv/lib/python3.9/site-packages/airflow/example_dags/example_time_delta_sensor_async.py for tasks to queue
[2024-10-15 21:28:13,316] {logging_mixin.py:115} INFO - [2024-10-15 21:28:13,316] {dagbag.py:507} INFO - Filling up the DagBag from /home/luan-capella/Documentos/curso_airflow/airflowalura/venv/lib/python3.9/site-packages/airflow/example_dags/example_time_delta_sensor_async.py
[2024-10-15 21:28:13,325] {processor.py:651} INFO - DAG(s) dict_keys(['example_time_delta_sensor_async']) retrieved from /home/luan-capella/Documentos/curso_airflow/airflowalura/venv/lib/python3.9/site-packages/airflow/example_dags/example_time_delta_sensor_async.py
[2024-10-15 21:28:13,345] {logging_mixin.py:115} INFO - [2024-10-15 21:28:13,345] {dag.py:2379} INFO - Sync 1 DAGs
[2024-10-15 21:28:13,362] {logging_mixin.py:115} INFO - [2024-10-15 21:28:13,362] {dag.py:2927} INFO - Setting next_dagrun for example_time_delta_sensor_async to None, run_after=None
[2024-10-15 21:28:13,373] {processor.py:161} INFO - Processing /home/luan-capella/Documentos/curso_airflow/airflowalura/venv/lib/python3.9/site-packages/airflow/example_dags/example_time_delta_sensor_async.py took 0.064 seconds
[2024-10-15 21:28:49,421] {processor.py:153} INFO - Started process (PID=11018) to work on /home/luan-capella/Documentos/curso_airflow/airflowalura/venv/lib/python3.9/site-packages/airflow/example_dags/example_time_delta_sensor_async.py
[2024-10-15 21:28:49,421] {processor.py:641} INFO - Processing file /home/luan-capella/Documentos/curso_airflow/airflowalura/venv/lib/python3.9/site-packages/airflow/example_dags/example_time_delta_sensor_async.py for tasks to queue
[2024-10-15 21:28:49,422] {logging_mixin.py:115} INFO - [2024-10-15 21:28:49,422] {dagbag.py:507} INFO - Filling up the DagBag from /home/luan-capella/Documentos/curso_airflow/airflowalura/venv/lib/python3.9/site-packages/airflow/example_dags/example_time_delta_sensor_async.py
[2024-10-15 21:28:49,427] {processor.py:651} INFO - DAG(s) dict_keys(['example_time_delta_sensor_async']) retrieved from /home/luan-capella/Documentos/curso_airflow/airflowalura/venv/lib/python3.9/site-packages/airflow/example_dags/example_time_delta_sensor_async.py
[2024-10-15 21:28:49,445] {logging_mixin.py:115} INFO - [2024-10-15 21:28:49,445] {dag.py:2379} INFO - Sync 1 DAGs
[2024-10-15 21:28:49,460] {logging_mixin.py:115} INFO - [2024-10-15 21:28:49,459] {dag.py:2927} INFO - Setting next_dagrun for example_time_delta_sensor_async to None, run_after=None
[2024-10-15 21:28:49,472] {processor.py:161} INFO - Processing /home/luan-capella/Documentos/curso_airflow/airflowalura/venv/lib/python3.9/site-packages/airflow/example_dags/example_time_delta_sensor_async.py took 0.054 seconds
[2024-10-15 21:29:25,518] {processor.py:153} INFO - Started process (PID=11200) to work on /home/luan-capella/Documentos/curso_airflow/airflowalura/venv/lib/python3.9/site-packages/airflow/example_dags/example_time_delta_sensor_async.py
[2024-10-15 21:29:25,523] {processor.py:641} INFO - Processing file /home/luan-capella/Documentos/curso_airflow/airflowalura/venv/lib/python3.9/site-packages/airflow/example_dags/example_time_delta_sensor_async.py for tasks to queue
[2024-10-15 21:29:25,524] {logging_mixin.py:115} INFO - [2024-10-15 21:29:25,524] {dagbag.py:507} INFO - Filling up the DagBag from /home/luan-capella/Documentos/curso_airflow/airflowalura/venv/lib/python3.9/site-packages/airflow/example_dags/example_time_delta_sensor_async.py
[2024-10-15 21:29:25,533] {processor.py:651} INFO - DAG(s) dict_keys(['example_time_delta_sensor_async']) retrieved from /home/luan-capella/Documentos/curso_airflow/airflowalura/venv/lib/python3.9/site-packages/airflow/example_dags/example_time_delta_sensor_async.py
[2024-10-15 21:29:25,552] {logging_mixin.py:115} INFO - [2024-10-15 21:29:25,552] {dag.py:2379} INFO - Sync 1 DAGs
[2024-10-15 21:29:25,565] {logging_mixin.py:115} INFO - [2024-10-15 21:29:25,565] {dag.py:2927} INFO - Setting next_dagrun for example_time_delta_sensor_async to None, run_after=None
[2024-10-15 21:29:25,577] {processor.py:161} INFO - Processing /home/luan-capella/Documentos/curso_airflow/airflowalura/venv/lib/python3.9/site-packages/airflow/example_dags/example_time_delta_sensor_async.py took 0.065 seconds
