[2024-10-15 21:24:17,780] {processor.py:153} INFO - Started process (PID=9549) to work on /home/luan-capella/Documentos/curso_airflow/airflowalura/venv/lib/python3.9/site-packages/airflow/example_dags/example_branch_day_of_week_operator.py
[2024-10-15 21:24:17,780] {processor.py:641} INFO - Processing file /home/luan-capella/Documentos/curso_airflow/airflowalura/venv/lib/python3.9/site-packages/airflow/example_dags/example_branch_day_of_week_operator.py for tasks to queue
[2024-10-15 21:24:17,781] {logging_mixin.py:115} INFO - [2024-10-15 21:24:17,781] {dagbag.py:507} INFO - Filling up the DagBag from /home/luan-capella/Documentos/curso_airflow/airflowalura/venv/lib/python3.9/site-packages/airflow/example_dags/example_branch_day_of_week_operator.py
[2024-10-15 21:24:17,790] {processor.py:651} INFO - DAG(s) dict_keys(['example_weekday_branch_operator']) retrieved from /home/luan-capella/Documentos/curso_airflow/airflowalura/venv/lib/python3.9/site-packages/airflow/example_dags/example_branch_day_of_week_operator.py
[2024-10-15 21:24:17,804] {logging_mixin.py:115} INFO - [2024-10-15 21:24:17,804] {dag.py:2379} INFO - Sync 1 DAGs
[2024-10-15 21:24:17,821] {logging_mixin.py:115} INFO - [2024-10-15 21:24:17,821] {dag.py:2927} INFO - Setting next_dagrun for example_weekday_branch_operator to 2024-10-15T00:00:00+00:00, run_after=2024-10-16T00:00:00+00:00
[2024-10-15 21:24:17,833] {processor.py:161} INFO - Processing /home/luan-capella/Documentos/curso_airflow/airflowalura/venv/lib/python3.9/site-packages/airflow/example_dags/example_branch_day_of_week_operator.py took 0.056 seconds
[2024-10-15 21:24:55,080] {processor.py:153} INFO - Started process (PID=9722) to work on /home/luan-capella/Documentos/curso_airflow/airflowalura/venv/lib/python3.9/site-packages/airflow/example_dags/example_branch_day_of_week_operator.py
[2024-10-15 21:24:55,080] {processor.py:641} INFO - Processing file /home/luan-capella/Documentos/curso_airflow/airflowalura/venv/lib/python3.9/site-packages/airflow/example_dags/example_branch_day_of_week_operator.py for tasks to queue
[2024-10-15 21:24:55,081] {logging_mixin.py:115} INFO - [2024-10-15 21:24:55,081] {dagbag.py:507} INFO - Filling up the DagBag from /home/luan-capella/Documentos/curso_airflow/airflowalura/venv/lib/python3.9/site-packages/airflow/example_dags/example_branch_day_of_week_operator.py
[2024-10-15 21:24:55,090] {processor.py:651} INFO - DAG(s) dict_keys(['example_weekday_branch_operator']) retrieved from /home/luan-capella/Documentos/curso_airflow/airflowalura/venv/lib/python3.9/site-packages/airflow/example_dags/example_branch_day_of_week_operator.py
[2024-10-15 21:24:55,104] {logging_mixin.py:115} INFO - [2024-10-15 21:24:55,104] {dag.py:2379} INFO - Sync 1 DAGs
[2024-10-15 21:24:55,118] {logging_mixin.py:115} INFO - [2024-10-15 21:24:55,118] {dag.py:2927} INFO - Setting next_dagrun for example_weekday_branch_operator to 2024-10-15T00:00:00+00:00, run_after=2024-10-16T00:00:00+00:00
[2024-10-15 21:24:55,130] {processor.py:161} INFO - Processing /home/luan-capella/Documentos/curso_airflow/airflowalura/venv/lib/python3.9/site-packages/airflow/example_dags/example_branch_day_of_week_operator.py took 0.054 seconds
[2024-10-15 21:25:38,625] {processor.py:153} INFO - Started process (PID=10000) to work on /home/luan-capella/Documentos/curso_airflow/airflowalura/venv/lib/python3.9/site-packages/airflow/example_dags/example_branch_day_of_week_operator.py
[2024-10-15 21:25:38,626] {processor.py:641} INFO - Processing file /home/luan-capella/Documentos/curso_airflow/airflowalura/venv/lib/python3.9/site-packages/airflow/example_dags/example_branch_day_of_week_operator.py for tasks to queue
[2024-10-15 21:25:38,627] {logging_mixin.py:115} INFO - [2024-10-15 21:25:38,627] {dagbag.py:507} INFO - Filling up the DagBag from /home/luan-capella/Documentos/curso_airflow/airflowalura/venv/lib/python3.9/site-packages/airflow/example_dags/example_branch_day_of_week_operator.py
[2024-10-15 21:25:38,634] {processor.py:651} INFO - DAG(s) dict_keys(['example_weekday_branch_operator']) retrieved from /home/luan-capella/Documentos/curso_airflow/airflowalura/venv/lib/python3.9/site-packages/airflow/example_dags/example_branch_day_of_week_operator.py
[2024-10-15 21:25:38,646] {logging_mixin.py:115} INFO - [2024-10-15 21:25:38,646] {dag.py:2379} INFO - Sync 1 DAGs
[2024-10-15 21:25:38,660] {logging_mixin.py:115} INFO - [2024-10-15 21:25:38,660] {dag.py:2927} INFO - Setting next_dagrun for example_weekday_branch_operator to 2024-10-15T00:00:00+00:00, run_after=2024-10-16T00:00:00+00:00
[2024-10-15 21:25:38,674] {processor.py:161} INFO - Processing /home/luan-capella/Documentos/curso_airflow/airflowalura/venv/lib/python3.9/site-packages/airflow/example_dags/example_branch_day_of_week_operator.py took 0.054 seconds
[2024-10-15 21:26:17,821] {processor.py:153} INFO - Started process (PID=10193) to work on /home/luan-capella/Documentos/curso_airflow/airflowalura/venv/lib/python3.9/site-packages/airflow/example_dags/example_branch_day_of_week_operator.py
[2024-10-15 21:26:17,824] {processor.py:641} INFO - Processing file /home/luan-capella/Documentos/curso_airflow/airflowalura/venv/lib/python3.9/site-packages/airflow/example_dags/example_branch_day_of_week_operator.py for tasks to queue
[2024-10-15 21:26:17,825] {logging_mixin.py:115} INFO - [2024-10-15 21:26:17,825] {dagbag.py:507} INFO - Filling up the DagBag from /home/luan-capella/Documentos/curso_airflow/airflowalura/venv/lib/python3.9/site-packages/airflow/example_dags/example_branch_day_of_week_operator.py
[2024-10-15 21:26:17,833] {processor.py:651} INFO - DAG(s) dict_keys(['example_weekday_branch_operator']) retrieved from /home/luan-capella/Documentos/curso_airflow/airflowalura/venv/lib/python3.9/site-packages/airflow/example_dags/example_branch_day_of_week_operator.py
[2024-10-15 21:26:17,848] {logging_mixin.py:115} INFO - [2024-10-15 21:26:17,847] {dag.py:2379} INFO - Sync 1 DAGs
[2024-10-15 21:26:17,862] {logging_mixin.py:115} INFO - [2024-10-15 21:26:17,862] {dag.py:2927} INFO - Setting next_dagrun for example_weekday_branch_operator to 2024-10-15T00:00:00+00:00, run_after=2024-10-16T00:00:00+00:00
[2024-10-15 21:26:17,877] {processor.py:161} INFO - Processing /home/luan-capella/Documentos/curso_airflow/airflowalura/venv/lib/python3.9/site-packages/airflow/example_dags/example_branch_day_of_week_operator.py took 0.059 seconds
[2024-10-15 21:26:56,059] {processor.py:153} INFO - Started process (PID=10363) to work on /home/luan-capella/Documentos/curso_airflow/airflowalura/venv/lib/python3.9/site-packages/airflow/example_dags/example_branch_day_of_week_operator.py
[2024-10-15 21:26:56,059] {processor.py:641} INFO - Processing file /home/luan-capella/Documentos/curso_airflow/airflowalura/venv/lib/python3.9/site-packages/airflow/example_dags/example_branch_day_of_week_operator.py for tasks to queue
[2024-10-15 21:26:56,060] {logging_mixin.py:115} INFO - [2024-10-15 21:26:56,060] {dagbag.py:507} INFO - Filling up the DagBag from /home/luan-capella/Documentos/curso_airflow/airflowalura/venv/lib/python3.9/site-packages/airflow/example_dags/example_branch_day_of_week_operator.py
[2024-10-15 21:26:56,066] {processor.py:651} INFO - DAG(s) dict_keys(['example_weekday_branch_operator']) retrieved from /home/luan-capella/Documentos/curso_airflow/airflowalura/venv/lib/python3.9/site-packages/airflow/example_dags/example_branch_day_of_week_operator.py
[2024-10-15 21:26:56,080] {logging_mixin.py:115} INFO - [2024-10-15 21:26:56,080] {dag.py:2379} INFO - Sync 1 DAGs
[2024-10-15 21:26:56,094] {logging_mixin.py:115} INFO - [2024-10-15 21:26:56,094] {dag.py:2927} INFO - Setting next_dagrun for example_weekday_branch_operator to 2024-10-15T00:00:00+00:00, run_after=2024-10-16T00:00:00+00:00
[2024-10-15 21:26:56,107] {processor.py:161} INFO - Processing /home/luan-capella/Documentos/curso_airflow/airflowalura/venv/lib/python3.9/site-packages/airflow/example_dags/example_branch_day_of_week_operator.py took 0.051 seconds
[2024-10-15 21:27:39,699] {processor.py:153} INFO - Started process (PID=10619) to work on /home/luan-capella/Documentos/curso_airflow/airflowalura/venv/lib/python3.9/site-packages/airflow/example_dags/example_branch_day_of_week_operator.py
[2024-10-15 21:27:39,700] {processor.py:641} INFO - Processing file /home/luan-capella/Documentos/curso_airflow/airflowalura/venv/lib/python3.9/site-packages/airflow/example_dags/example_branch_day_of_week_operator.py for tasks to queue
[2024-10-15 21:27:39,700] {logging_mixin.py:115} INFO - [2024-10-15 21:27:39,700] {dagbag.py:507} INFO - Filling up the DagBag from /home/luan-capella/Documentos/curso_airflow/airflowalura/venv/lib/python3.9/site-packages/airflow/example_dags/example_branch_day_of_week_operator.py
[2024-10-15 21:27:39,706] {processor.py:651} INFO - DAG(s) dict_keys(['example_weekday_branch_operator']) retrieved from /home/luan-capella/Documentos/curso_airflow/airflowalura/venv/lib/python3.9/site-packages/airflow/example_dags/example_branch_day_of_week_operator.py
[2024-10-15 21:27:39,719] {logging_mixin.py:115} INFO - [2024-10-15 21:27:39,719] {dag.py:2379} INFO - Sync 1 DAGs
[2024-10-15 21:27:39,739] {logging_mixin.py:115} INFO - [2024-10-15 21:27:39,738] {dag.py:2927} INFO - Setting next_dagrun for example_weekday_branch_operator to 2024-10-15T00:00:00+00:00, run_after=2024-10-16T00:00:00+00:00
[2024-10-15 21:27:39,755] {processor.py:161} INFO - Processing /home/luan-capella/Documentos/curso_airflow/airflowalura/venv/lib/python3.9/site-packages/airflow/example_dags/example_branch_day_of_week_operator.py took 0.059 seconds
[2024-10-15 21:28:24,667] {processor.py:153} INFO - Started process (PID=10880) to work on /home/luan-capella/Documentos/curso_airflow/airflowalura/venv/lib/python3.9/site-packages/airflow/example_dags/example_branch_day_of_week_operator.py
[2024-10-15 21:28:24,667] {processor.py:641} INFO - Processing file /home/luan-capella/Documentos/curso_airflow/airflowalura/venv/lib/python3.9/site-packages/airflow/example_dags/example_branch_day_of_week_operator.py for tasks to queue
[2024-10-15 21:28:24,668] {logging_mixin.py:115} INFO - [2024-10-15 21:28:24,668] {dagbag.py:507} INFO - Filling up the DagBag from /home/luan-capella/Documentos/curso_airflow/airflowalura/venv/lib/python3.9/site-packages/airflow/example_dags/example_branch_day_of_week_operator.py
[2024-10-15 21:28:24,674] {processor.py:651} INFO - DAG(s) dict_keys(['example_weekday_branch_operator']) retrieved from /home/luan-capella/Documentos/curso_airflow/airflowalura/venv/lib/python3.9/site-packages/airflow/example_dags/example_branch_day_of_week_operator.py
[2024-10-15 21:28:24,687] {logging_mixin.py:115} INFO - [2024-10-15 21:28:24,687] {dag.py:2379} INFO - Sync 1 DAGs
[2024-10-15 21:28:24,703] {logging_mixin.py:115} INFO - [2024-10-15 21:28:24,703] {dag.py:2927} INFO - Setting next_dagrun for example_weekday_branch_operator to 2024-10-15T00:00:00+00:00, run_after=2024-10-16T00:00:00+00:00
[2024-10-15 21:28:24,716] {processor.py:161} INFO - Processing /home/luan-capella/Documentos/curso_airflow/airflowalura/venv/lib/python3.9/site-packages/airflow/example_dags/example_branch_day_of_week_operator.py took 0.051 seconds
[2024-10-15 21:29:03,767] {processor.py:153} INFO - Started process (PID=11091) to work on /home/luan-capella/Documentos/curso_airflow/airflowalura/venv/lib/python3.9/site-packages/airflow/example_dags/example_branch_day_of_week_operator.py
[2024-10-15 21:29:03,769] {processor.py:641} INFO - Processing file /home/luan-capella/Documentos/curso_airflow/airflowalura/venv/lib/python3.9/site-packages/airflow/example_dags/example_branch_day_of_week_operator.py for tasks to queue
[2024-10-15 21:29:03,770] {logging_mixin.py:115} INFO - [2024-10-15 21:29:03,770] {dagbag.py:507} INFO - Filling up the DagBag from /home/luan-capella/Documentos/curso_airflow/airflowalura/venv/lib/python3.9/site-packages/airflow/example_dags/example_branch_day_of_week_operator.py
[2024-10-15 21:29:03,780] {processor.py:651} INFO - DAG(s) dict_keys(['example_weekday_branch_operator']) retrieved from /home/luan-capella/Documentos/curso_airflow/airflowalura/venv/lib/python3.9/site-packages/airflow/example_dags/example_branch_day_of_week_operator.py
[2024-10-15 21:29:03,793] {logging_mixin.py:115} INFO - [2024-10-15 21:29:03,793] {dag.py:2379} INFO - Sync 1 DAGs
[2024-10-15 21:29:03,806] {logging_mixin.py:115} INFO - [2024-10-15 21:29:03,806] {dag.py:2927} INFO - Setting next_dagrun for example_weekday_branch_operator to 2024-10-15T00:00:00+00:00, run_after=2024-10-16T00:00:00+00:00
[2024-10-15 21:29:03,820] {processor.py:161} INFO - Processing /home/luan-capella/Documentos/curso_airflow/airflowalura/venv/lib/python3.9/site-packages/airflow/example_dags/example_branch_day_of_week_operator.py took 0.058 seconds
[2024-10-15 21:29:40,969] {processor.py:153} INFO - Started process (PID=11270) to work on /home/luan-capella/Documentos/curso_airflow/airflowalura/venv/lib/python3.9/site-packages/airflow/example_dags/example_branch_day_of_week_operator.py
[2024-10-15 21:29:40,969] {processor.py:641} INFO - Processing file /home/luan-capella/Documentos/curso_airflow/airflowalura/venv/lib/python3.9/site-packages/airflow/example_dags/example_branch_day_of_week_operator.py for tasks to queue
[2024-10-15 21:29:40,970] {logging_mixin.py:115} INFO - [2024-10-15 21:29:40,970] {dagbag.py:507} INFO - Filling up the DagBag from /home/luan-capella/Documentos/curso_airflow/airflowalura/venv/lib/python3.9/site-packages/airflow/example_dags/example_branch_day_of_week_operator.py
[2024-10-15 21:29:40,976] {processor.py:651} INFO - DAG(s) dict_keys(['example_weekday_branch_operator']) retrieved from /home/luan-capella/Documentos/curso_airflow/airflowalura/venv/lib/python3.9/site-packages/airflow/example_dags/example_branch_day_of_week_operator.py
[2024-10-15 21:29:40,991] {logging_mixin.py:115} INFO - [2024-10-15 21:29:40,991] {dag.py:2379} INFO - Sync 1 DAGs
[2024-10-15 21:29:41,007] {logging_mixin.py:115} INFO - [2024-10-15 21:29:41,007] {dag.py:2927} INFO - Setting next_dagrun for example_weekday_branch_operator to 2024-10-15T00:00:00+00:00, run_after=2024-10-16T00:00:00+00:00
[2024-10-15 21:29:41,019] {processor.py:161} INFO - Processing /home/luan-capella/Documentos/curso_airflow/airflowalura/venv/lib/python3.9/site-packages/airflow/example_dags/example_branch_day_of_week_operator.py took 0.052 seconds
