[2024-10-15 21:24:13,781] {processor.py:153} INFO - Started process (PID=9527) to work on /home/luan-capella/Documentos/curso_airflow/airflowalura/venv/lib/python3.9/site-packages/airflow/example_dags/example_branch_operator.py
[2024-10-15 21:24:13,782] {processor.py:641} INFO - Processing file /home/luan-capella/Documentos/curso_airflow/airflowalura/venv/lib/python3.9/site-packages/airflow/example_dags/example_branch_operator.py for tasks to queue
[2024-10-15 21:24:13,782] {logging_mixin.py:115} INFO - [2024-10-15 21:24:13,782] {dagbag.py:507} INFO - Filling up the DagBag from /home/luan-capella/Documentos/curso_airflow/airflowalura/venv/lib/python3.9/site-packages/airflow/example_dags/example_branch_operator.py
[2024-10-15 21:24:13,791] {processor.py:651} INFO - DAG(s) dict_keys(['example_branch_operator']) retrieved from /home/luan-capella/Documentos/curso_airflow/airflowalura/venv/lib/python3.9/site-packages/airflow/example_dags/example_branch_operator.py
[2024-10-15 21:24:13,804] {logging_mixin.py:115} INFO - [2024-10-15 21:24:13,804] {dag.py:2379} INFO - Sync 1 DAGs
[2024-10-15 21:24:13,819] {logging_mixin.py:115} INFO - [2024-10-15 21:24:13,819] {dag.py:2927} INFO - Setting next_dagrun for example_branch_operator to 2024-10-15T00:00:00+00:00, run_after=2024-10-16T00:00:00+00:00
[2024-10-15 21:24:13,862] {processor.py:161} INFO - Processing /home/luan-capella/Documentos/curso_airflow/airflowalura/venv/lib/python3.9/site-packages/airflow/example_dags/example_branch_operator.py took 0.087 seconds
[2024-10-15 21:24:51,045] {processor.py:153} INFO - Started process (PID=9706) to work on /home/luan-capella/Documentos/curso_airflow/airflowalura/venv/lib/python3.9/site-packages/airflow/example_dags/example_branch_operator.py
[2024-10-15 21:24:51,047] {processor.py:641} INFO - Processing file /home/luan-capella/Documentos/curso_airflow/airflowalura/venv/lib/python3.9/site-packages/airflow/example_dags/example_branch_operator.py for tasks to queue
[2024-10-15 21:24:51,048] {logging_mixin.py:115} INFO - [2024-10-15 21:24:51,048] {dagbag.py:507} INFO - Filling up the DagBag from /home/luan-capella/Documentos/curso_airflow/airflowalura/venv/lib/python3.9/site-packages/airflow/example_dags/example_branch_operator.py
[2024-10-15 21:24:51,062] {processor.py:651} INFO - DAG(s) dict_keys(['example_branch_operator']) retrieved from /home/luan-capella/Documentos/curso_airflow/airflowalura/venv/lib/python3.9/site-packages/airflow/example_dags/example_branch_operator.py
[2024-10-15 21:24:51,075] {logging_mixin.py:115} INFO - [2024-10-15 21:24:51,075] {dag.py:2379} INFO - Sync 1 DAGs
[2024-10-15 21:24:51,090] {logging_mixin.py:115} INFO - [2024-10-15 21:24:51,090] {dag.py:2927} INFO - Setting next_dagrun for example_branch_operator to 2024-10-15T00:00:00+00:00, run_after=2024-10-16T00:00:00+00:00
[2024-10-15 21:24:51,105] {processor.py:161} INFO - Processing /home/luan-capella/Documentos/curso_airflow/airflowalura/venv/lib/python3.9/site-packages/airflow/example_dags/example_branch_operator.py took 0.064 seconds
[2024-10-15 21:25:28,025] {processor.py:153} INFO - Started process (PID=9953) to work on /home/luan-capella/Documentos/curso_airflow/airflowalura/venv/lib/python3.9/site-packages/airflow/example_dags/example_branch_operator.py
[2024-10-15 21:25:28,026] {processor.py:641} INFO - Processing file /home/luan-capella/Documentos/curso_airflow/airflowalura/venv/lib/python3.9/site-packages/airflow/example_dags/example_branch_operator.py for tasks to queue
[2024-10-15 21:25:28,027] {logging_mixin.py:115} INFO - [2024-10-15 21:25:28,027] {dagbag.py:507} INFO - Filling up the DagBag from /home/luan-capella/Documentos/curso_airflow/airflowalura/venv/lib/python3.9/site-packages/airflow/example_dags/example_branch_operator.py
[2024-10-15 21:25:28,038] {processor.py:651} INFO - DAG(s) dict_keys(['example_branch_operator']) retrieved from /home/luan-capella/Documentos/curso_airflow/airflowalura/venv/lib/python3.9/site-packages/airflow/example_dags/example_branch_operator.py
[2024-10-15 21:25:28,052] {logging_mixin.py:115} INFO - [2024-10-15 21:25:28,052] {dag.py:2379} INFO - Sync 1 DAGs
[2024-10-15 21:25:28,067] {logging_mixin.py:115} INFO - [2024-10-15 21:25:28,067] {dag.py:2927} INFO - Setting next_dagrun for example_branch_operator to 2024-10-15T00:00:00+00:00, run_after=2024-10-16T00:00:00+00:00
[2024-10-15 21:25:28,085] {processor.py:161} INFO - Processing /home/luan-capella/Documentos/curso_airflow/airflowalura/venv/lib/python3.9/site-packages/airflow/example_dags/example_branch_operator.py took 0.064 seconds
[2024-10-15 21:26:04,193] {processor.py:153} INFO - Started process (PID=10136) to work on /home/luan-capella/Documentos/curso_airflow/airflowalura/venv/lib/python3.9/site-packages/airflow/example_dags/example_branch_operator.py
[2024-10-15 21:26:04,196] {processor.py:641} INFO - Processing file /home/luan-capella/Documentos/curso_airflow/airflowalura/venv/lib/python3.9/site-packages/airflow/example_dags/example_branch_operator.py for tasks to queue
[2024-10-15 21:26:04,197] {logging_mixin.py:115} INFO - [2024-10-15 21:26:04,197] {dagbag.py:507} INFO - Filling up the DagBag from /home/luan-capella/Documentos/curso_airflow/airflowalura/venv/lib/python3.9/site-packages/airflow/example_dags/example_branch_operator.py
[2024-10-15 21:26:04,207] {processor.py:651} INFO - DAG(s) dict_keys(['example_branch_operator']) retrieved from /home/luan-capella/Documentos/curso_airflow/airflowalura/venv/lib/python3.9/site-packages/airflow/example_dags/example_branch_operator.py
[2024-10-15 21:26:04,226] {logging_mixin.py:115} INFO - [2024-10-15 21:26:04,226] {dag.py:2379} INFO - Sync 1 DAGs
[2024-10-15 21:26:04,241] {logging_mixin.py:115} INFO - [2024-10-15 21:26:04,241] {dag.py:2927} INFO - Setting next_dagrun for example_branch_operator to 2024-10-15T00:00:00+00:00, run_after=2024-10-16T00:00:00+00:00
[2024-10-15 21:26:04,254] {processor.py:161} INFO - Processing /home/luan-capella/Documentos/curso_airflow/airflowalura/venv/lib/python3.9/site-packages/airflow/example_dags/example_branch_operator.py took 0.065 seconds
[2024-10-15 21:26:43,627] {processor.py:153} INFO - Started process (PID=10305) to work on /home/luan-capella/Documentos/curso_airflow/airflowalura/venv/lib/python3.9/site-packages/airflow/example_dags/example_branch_operator.py
[2024-10-15 21:26:43,628] {processor.py:641} INFO - Processing file /home/luan-capella/Documentos/curso_airflow/airflowalura/venv/lib/python3.9/site-packages/airflow/example_dags/example_branch_operator.py for tasks to queue
[2024-10-15 21:26:43,628] {logging_mixin.py:115} INFO - [2024-10-15 21:26:43,628] {dagbag.py:507} INFO - Filling up the DagBag from /home/luan-capella/Documentos/curso_airflow/airflowalura/venv/lib/python3.9/site-packages/airflow/example_dags/example_branch_operator.py
[2024-10-15 21:26:43,636] {processor.py:651} INFO - DAG(s) dict_keys(['example_branch_operator']) retrieved from /home/luan-capella/Documentos/curso_airflow/airflowalura/venv/lib/python3.9/site-packages/airflow/example_dags/example_branch_operator.py
[2024-10-15 21:26:43,650] {logging_mixin.py:115} INFO - [2024-10-15 21:26:43,650] {dag.py:2379} INFO - Sync 1 DAGs
[2024-10-15 21:26:43,665] {logging_mixin.py:115} INFO - [2024-10-15 21:26:43,665] {dag.py:2927} INFO - Setting next_dagrun for example_branch_operator to 2024-10-15T00:00:00+00:00, run_after=2024-10-16T00:00:00+00:00
[2024-10-15 21:26:43,678] {processor.py:161} INFO - Processing /home/luan-capella/Documentos/curso_airflow/airflowalura/venv/lib/python3.9/site-packages/airflow/example_dags/example_branch_operator.py took 0.053 seconds
[2024-10-15 21:27:23,917] {processor.py:153} INFO - Started process (PID=10521) to work on /home/luan-capella/Documentos/curso_airflow/airflowalura/venv/lib/python3.9/site-packages/airflow/example_dags/example_branch_operator.py
[2024-10-15 21:27:23,917] {processor.py:641} INFO - Processing file /home/luan-capella/Documentos/curso_airflow/airflowalura/venv/lib/python3.9/site-packages/airflow/example_dags/example_branch_operator.py for tasks to queue
[2024-10-15 21:27:23,918] {logging_mixin.py:115} INFO - [2024-10-15 21:27:23,918] {dagbag.py:507} INFO - Filling up the DagBag from /home/luan-capella/Documentos/curso_airflow/airflowalura/venv/lib/python3.9/site-packages/airflow/example_dags/example_branch_operator.py
[2024-10-15 21:27:23,926] {processor.py:651} INFO - DAG(s) dict_keys(['example_branch_operator']) retrieved from /home/luan-capella/Documentos/curso_airflow/airflowalura/venv/lib/python3.9/site-packages/airflow/example_dags/example_branch_operator.py
[2024-10-15 21:27:23,941] {logging_mixin.py:115} INFO - [2024-10-15 21:27:23,941] {dag.py:2379} INFO - Sync 1 DAGs
[2024-10-15 21:27:23,957] {logging_mixin.py:115} INFO - [2024-10-15 21:27:23,957] {dag.py:2927} INFO - Setting next_dagrun for example_branch_operator to 2024-10-15T00:00:00+00:00, run_after=2024-10-16T00:00:00+00:00
[2024-10-15 21:27:23,973] {processor.py:161} INFO - Processing /home/luan-capella/Documentos/curso_airflow/airflowalura/venv/lib/python3.9/site-packages/airflow/example_dags/example_branch_operator.py took 0.059 seconds
[2024-10-15 21:28:04,801] {processor.py:153} INFO - Started process (PID=10782) to work on /home/luan-capella/Documentos/curso_airflow/airflowalura/venv/lib/python3.9/site-packages/airflow/example_dags/example_branch_operator.py
[2024-10-15 21:28:04,802] {processor.py:641} INFO - Processing file /home/luan-capella/Documentos/curso_airflow/airflowalura/venv/lib/python3.9/site-packages/airflow/example_dags/example_branch_operator.py for tasks to queue
[2024-10-15 21:28:04,802] {logging_mixin.py:115} INFO - [2024-10-15 21:28:04,802] {dagbag.py:507} INFO - Filling up the DagBag from /home/luan-capella/Documentos/curso_airflow/airflowalura/venv/lib/python3.9/site-packages/airflow/example_dags/example_branch_operator.py
[2024-10-15 21:28:04,810] {processor.py:651} INFO - DAG(s) dict_keys(['example_branch_operator']) retrieved from /home/luan-capella/Documentos/curso_airflow/airflowalura/venv/lib/python3.9/site-packages/airflow/example_dags/example_branch_operator.py
[2024-10-15 21:28:04,822] {logging_mixin.py:115} INFO - [2024-10-15 21:28:04,822] {dag.py:2379} INFO - Sync 1 DAGs
[2024-10-15 21:28:04,836] {logging_mixin.py:115} INFO - [2024-10-15 21:28:04,835] {dag.py:2927} INFO - Setting next_dagrun for example_branch_operator to 2024-10-15T00:00:00+00:00, run_after=2024-10-16T00:00:00+00:00
[2024-10-15 21:28:04,847] {processor.py:161} INFO - Processing /home/luan-capella/Documentos/curso_airflow/airflowalura/venv/lib/python3.9/site-packages/airflow/example_dags/example_branch_operator.py took 0.050 seconds
[2024-10-15 21:28:43,128] {processor.py:153} INFO - Started process (PID=10994) to work on /home/luan-capella/Documentos/curso_airflow/airflowalura/venv/lib/python3.9/site-packages/airflow/example_dags/example_branch_operator.py
[2024-10-15 21:28:43,130] {processor.py:641} INFO - Processing file /home/luan-capella/Documentos/curso_airflow/airflowalura/venv/lib/python3.9/site-packages/airflow/example_dags/example_branch_operator.py for tasks to queue
[2024-10-15 21:28:43,130] {logging_mixin.py:115} INFO - [2024-10-15 21:28:43,130] {dagbag.py:507} INFO - Filling up the DagBag from /home/luan-capella/Documentos/curso_airflow/airflowalura/venv/lib/python3.9/site-packages/airflow/example_dags/example_branch_operator.py
[2024-10-15 21:28:43,143] {processor.py:651} INFO - DAG(s) dict_keys(['example_branch_operator']) retrieved from /home/luan-capella/Documentos/curso_airflow/airflowalura/venv/lib/python3.9/site-packages/airflow/example_dags/example_branch_operator.py
[2024-10-15 21:28:43,156] {logging_mixin.py:115} INFO - [2024-10-15 21:28:43,156] {dag.py:2379} INFO - Sync 1 DAGs
[2024-10-15 21:28:43,170] {logging_mixin.py:115} INFO - [2024-10-15 21:28:43,170] {dag.py:2927} INFO - Setting next_dagrun for example_branch_operator to 2024-10-15T00:00:00+00:00, run_after=2024-10-16T00:00:00+00:00
[2024-10-15 21:28:43,183] {processor.py:161} INFO - Processing /home/luan-capella/Documentos/curso_airflow/airflowalura/venv/lib/python3.9/site-packages/airflow/example_dags/example_branch_operator.py took 0.058 seconds
[2024-10-15 21:29:23,207] {processor.py:153} INFO - Started process (PID=11192) to work on /home/luan-capella/Documentos/curso_airflow/airflowalura/venv/lib/python3.9/site-packages/airflow/example_dags/example_branch_operator.py
[2024-10-15 21:29:23,213] {processor.py:641} INFO - Processing file /home/luan-capella/Documentos/curso_airflow/airflowalura/venv/lib/python3.9/site-packages/airflow/example_dags/example_branch_operator.py for tasks to queue
[2024-10-15 21:29:23,213] {logging_mixin.py:115} INFO - [2024-10-15 21:29:23,213] {dagbag.py:507} INFO - Filling up the DagBag from /home/luan-capella/Documentos/curso_airflow/airflowalura/venv/lib/python3.9/site-packages/airflow/example_dags/example_branch_operator.py
[2024-10-15 21:29:23,224] {processor.py:651} INFO - DAG(s) dict_keys(['example_branch_operator']) retrieved from /home/luan-capella/Documentos/curso_airflow/airflowalura/venv/lib/python3.9/site-packages/airflow/example_dags/example_branch_operator.py
[2024-10-15 21:29:23,240] {logging_mixin.py:115} INFO - [2024-10-15 21:29:23,240] {dag.py:2379} INFO - Sync 1 DAGs
[2024-10-15 21:29:23,255] {logging_mixin.py:115} INFO - [2024-10-15 21:29:23,254] {dag.py:2927} INFO - Setting next_dagrun for example_branch_operator to 2024-10-15T00:00:00+00:00, run_after=2024-10-16T00:00:00+00:00
[2024-10-15 21:29:23,276] {processor.py:161} INFO - Processing /home/luan-capella/Documentos/curso_airflow/airflowalura/venv/lib/python3.9/site-packages/airflow/example_dags/example_branch_operator.py took 0.071 seconds
