[2024-10-15 21:24:17,199] {processor.py:153} INFO - Started process (PID=9547) to work on /home/luan-capella/Documentos/curso_airflow/airflowalura/venv/lib/python3.9/site-packages/airflow/example_dags/example_branch_labels.py
[2024-10-15 21:24:17,200] {processor.py:641} INFO - Processing file /home/luan-capella/Documentos/curso_airflow/airflowalura/venv/lib/python3.9/site-packages/airflow/example_dags/example_branch_labels.py for tasks to queue
[2024-10-15 21:24:17,200] {logging_mixin.py:115} INFO - [2024-10-15 21:24:17,200] {dagbag.py:507} INFO - Filling up the DagBag from /home/luan-capella/Documentos/curso_airflow/airflowalura/venv/lib/python3.9/site-packages/airflow/example_dags/example_branch_labels.py
[2024-10-15 21:24:17,205] {processor.py:651} INFO - DAG(s) dict_keys(['example_branch_labels']) retrieved from /home/luan-capella/Documentos/curso_airflow/airflowalura/venv/lib/python3.9/site-packages/airflow/example_dags/example_branch_labels.py
[2024-10-15 21:24:17,220] {logging_mixin.py:115} INFO - [2024-10-15 21:24:17,220] {dag.py:2379} INFO - Sync 1 DAGs
[2024-10-15 21:24:17,234] {logging_mixin.py:115} INFO - [2024-10-15 21:24:17,234] {dag.py:2927} INFO - Setting next_dagrun for example_branch_labels to 2024-10-15T00:00:00+00:00, run_after=2024-10-16T00:00:00+00:00
[2024-10-15 21:24:17,246] {processor.py:161} INFO - Processing /home/luan-capella/Documentos/curso_airflow/airflowalura/venv/lib/python3.9/site-packages/airflow/example_dags/example_branch_labels.py took 0.049 seconds
[2024-10-15 21:24:53,908] {processor.py:153} INFO - Started process (PID=9719) to work on /home/luan-capella/Documentos/curso_airflow/airflowalura/venv/lib/python3.9/site-packages/airflow/example_dags/example_branch_labels.py
[2024-10-15 21:24:53,909] {processor.py:641} INFO - Processing file /home/luan-capella/Documentos/curso_airflow/airflowalura/venv/lib/python3.9/site-packages/airflow/example_dags/example_branch_labels.py for tasks to queue
[2024-10-15 21:24:53,909] {logging_mixin.py:115} INFO - [2024-10-15 21:24:53,909] {dagbag.py:507} INFO - Filling up the DagBag from /home/luan-capella/Documentos/curso_airflow/airflowalura/venv/lib/python3.9/site-packages/airflow/example_dags/example_branch_labels.py
[2024-10-15 21:24:53,914] {processor.py:651} INFO - DAG(s) dict_keys(['example_branch_labels']) retrieved from /home/luan-capella/Documentos/curso_airflow/airflowalura/venv/lib/python3.9/site-packages/airflow/example_dags/example_branch_labels.py
[2024-10-15 21:24:53,929] {logging_mixin.py:115} INFO - [2024-10-15 21:24:53,929] {dag.py:2379} INFO - Sync 1 DAGs
[2024-10-15 21:24:53,945] {logging_mixin.py:115} INFO - [2024-10-15 21:24:53,945] {dag.py:2927} INFO - Setting next_dagrun for example_branch_labels to 2024-10-15T00:00:00+00:00, run_after=2024-10-16T00:00:00+00:00
[2024-10-15 21:24:53,958] {processor.py:161} INFO - Processing /home/luan-capella/Documentos/curso_airflow/airflowalura/venv/lib/python3.9/site-packages/airflow/example_dags/example_branch_labels.py took 0.052 seconds
[2024-10-15 21:25:31,146] {processor.py:153} INFO - Started process (PID=9972) to work on /home/luan-capella/Documentos/curso_airflow/airflowalura/venv/lib/python3.9/site-packages/airflow/example_dags/example_branch_labels.py
[2024-10-15 21:25:31,147] {processor.py:641} INFO - Processing file /home/luan-capella/Documentos/curso_airflow/airflowalura/venv/lib/python3.9/site-packages/airflow/example_dags/example_branch_labels.py for tasks to queue
[2024-10-15 21:25:31,147] {logging_mixin.py:115} INFO - [2024-10-15 21:25:31,147] {dagbag.py:507} INFO - Filling up the DagBag from /home/luan-capella/Documentos/curso_airflow/airflowalura/venv/lib/python3.9/site-packages/airflow/example_dags/example_branch_labels.py
[2024-10-15 21:25:31,153] {processor.py:651} INFO - DAG(s) dict_keys(['example_branch_labels']) retrieved from /home/luan-capella/Documentos/curso_airflow/airflowalura/venv/lib/python3.9/site-packages/airflow/example_dags/example_branch_labels.py
[2024-10-15 21:25:31,167] {logging_mixin.py:115} INFO - [2024-10-15 21:25:31,167] {dag.py:2379} INFO - Sync 1 DAGs
[2024-10-15 21:25:31,180] {logging_mixin.py:115} INFO - [2024-10-15 21:25:31,180] {dag.py:2927} INFO - Setting next_dagrun for example_branch_labels to 2024-10-15T00:00:00+00:00, run_after=2024-10-16T00:00:00+00:00
[2024-10-15 21:25:31,230] {processor.py:161} INFO - Processing /home/luan-capella/Documentos/curso_airflow/airflowalura/venv/lib/python3.9/site-packages/airflow/example_dags/example_branch_labels.py took 0.087 seconds
[2024-10-15 21:26:11,630] {processor.py:153} INFO - Started process (PID=10171) to work on /home/luan-capella/Documentos/curso_airflow/airflowalura/venv/lib/python3.9/site-packages/airflow/example_dags/example_branch_labels.py
[2024-10-15 21:26:11,631] {processor.py:641} INFO - Processing file /home/luan-capella/Documentos/curso_airflow/airflowalura/venv/lib/python3.9/site-packages/airflow/example_dags/example_branch_labels.py for tasks to queue
[2024-10-15 21:26:11,632] {logging_mixin.py:115} INFO - [2024-10-15 21:26:11,632] {dagbag.py:507} INFO - Filling up the DagBag from /home/luan-capella/Documentos/curso_airflow/airflowalura/venv/lib/python3.9/site-packages/airflow/example_dags/example_branch_labels.py
[2024-10-15 21:26:11,639] {processor.py:651} INFO - DAG(s) dict_keys(['example_branch_labels']) retrieved from /home/luan-capella/Documentos/curso_airflow/airflowalura/venv/lib/python3.9/site-packages/airflow/example_dags/example_branch_labels.py
[2024-10-15 21:26:11,654] {logging_mixin.py:115} INFO - [2024-10-15 21:26:11,654] {dag.py:2379} INFO - Sync 1 DAGs
[2024-10-15 21:26:11,669] {logging_mixin.py:115} INFO - [2024-10-15 21:26:11,669] {dag.py:2927} INFO - Setting next_dagrun for example_branch_labels to 2024-10-15T00:00:00+00:00, run_after=2024-10-16T00:00:00+00:00
[2024-10-15 21:26:11,683] {processor.py:161} INFO - Processing /home/luan-capella/Documentos/curso_airflow/airflowalura/venv/lib/python3.9/site-packages/airflow/example_dags/example_branch_labels.py took 0.059 seconds
[2024-10-15 21:26:51,067] {processor.py:153} INFO - Started process (PID=10338) to work on /home/luan-capella/Documentos/curso_airflow/airflowalura/venv/lib/python3.9/site-packages/airflow/example_dags/example_branch_labels.py
[2024-10-15 21:26:51,068] {processor.py:641} INFO - Processing file /home/luan-capella/Documentos/curso_airflow/airflowalura/venv/lib/python3.9/site-packages/airflow/example_dags/example_branch_labels.py for tasks to queue
[2024-10-15 21:26:51,069] {logging_mixin.py:115} INFO - [2024-10-15 21:26:51,069] {dagbag.py:507} INFO - Filling up the DagBag from /home/luan-capella/Documentos/curso_airflow/airflowalura/venv/lib/python3.9/site-packages/airflow/example_dags/example_branch_labels.py
[2024-10-15 21:26:51,074] {processor.py:651} INFO - DAG(s) dict_keys(['example_branch_labels']) retrieved from /home/luan-capella/Documentos/curso_airflow/airflowalura/venv/lib/python3.9/site-packages/airflow/example_dags/example_branch_labels.py
[2024-10-15 21:26:51,087] {logging_mixin.py:115} INFO - [2024-10-15 21:26:51,087] {dag.py:2379} INFO - Sync 1 DAGs
[2024-10-15 21:26:51,102] {logging_mixin.py:115} INFO - [2024-10-15 21:26:51,102] {dag.py:2927} INFO - Setting next_dagrun for example_branch_labels to 2024-10-15T00:00:00+00:00, run_after=2024-10-16T00:00:00+00:00
[2024-10-15 21:26:51,114] {processor.py:161} INFO - Processing /home/luan-capella/Documentos/curso_airflow/airflowalura/venv/lib/python3.9/site-packages/airflow/example_dags/example_branch_labels.py took 0.052 seconds
[2024-10-15 21:27:32,814] {processor.py:153} INFO - Started process (PID=10588) to work on /home/luan-capella/Documentos/curso_airflow/airflowalura/venv/lib/python3.9/site-packages/airflow/example_dags/example_branch_labels.py
[2024-10-15 21:27:32,815] {processor.py:641} INFO - Processing file /home/luan-capella/Documentos/curso_airflow/airflowalura/venv/lib/python3.9/site-packages/airflow/example_dags/example_branch_labels.py for tasks to queue
[2024-10-15 21:27:32,816] {logging_mixin.py:115} INFO - [2024-10-15 21:27:32,816] {dagbag.py:507} INFO - Filling up the DagBag from /home/luan-capella/Documentos/curso_airflow/airflowalura/venv/lib/python3.9/site-packages/airflow/example_dags/example_branch_labels.py
[2024-10-15 21:27:32,824] {processor.py:651} INFO - DAG(s) dict_keys(['example_branch_labels']) retrieved from /home/luan-capella/Documentos/curso_airflow/airflowalura/venv/lib/python3.9/site-packages/airflow/example_dags/example_branch_labels.py
[2024-10-15 21:27:32,838] {logging_mixin.py:115} INFO - [2024-10-15 21:27:32,838] {dag.py:2379} INFO - Sync 1 DAGs
[2024-10-15 21:27:32,854] {logging_mixin.py:115} INFO - [2024-10-15 21:27:32,854] {dag.py:2927} INFO - Setting next_dagrun for example_branch_labels to 2024-10-15T00:00:00+00:00, run_after=2024-10-16T00:00:00+00:00
[2024-10-15 21:27:32,866] {processor.py:161} INFO - Processing /home/luan-capella/Documentos/curso_airflow/airflowalura/venv/lib/python3.9/site-packages/airflow/example_dags/example_branch_labels.py took 0.055 seconds
[2024-10-15 21:28:14,941] {processor.py:153} INFO - Started process (PID=10835) to work on /home/luan-capella/Documentos/curso_airflow/airflowalura/venv/lib/python3.9/site-packages/airflow/example_dags/example_branch_labels.py
[2024-10-15 21:28:14,942] {processor.py:641} INFO - Processing file /home/luan-capella/Documentos/curso_airflow/airflowalura/venv/lib/python3.9/site-packages/airflow/example_dags/example_branch_labels.py for tasks to queue
[2024-10-15 21:28:14,943] {logging_mixin.py:115} INFO - [2024-10-15 21:28:14,943] {dagbag.py:507} INFO - Filling up the DagBag from /home/luan-capella/Documentos/curso_airflow/airflowalura/venv/lib/python3.9/site-packages/airflow/example_dags/example_branch_labels.py
[2024-10-15 21:28:14,951] {processor.py:651} INFO - DAG(s) dict_keys(['example_branch_labels']) retrieved from /home/luan-capella/Documentos/curso_airflow/airflowalura/venv/lib/python3.9/site-packages/airflow/example_dags/example_branch_labels.py
[2024-10-15 21:28:14,964] {logging_mixin.py:115} INFO - [2024-10-15 21:28:14,964] {dag.py:2379} INFO - Sync 1 DAGs
[2024-10-15 21:28:14,980] {logging_mixin.py:115} INFO - [2024-10-15 21:28:14,979] {dag.py:2927} INFO - Setting next_dagrun for example_branch_labels to 2024-10-15T00:00:00+00:00, run_after=2024-10-16T00:00:00+00:00
[2024-10-15 21:28:14,990] {processor.py:161} INFO - Processing /home/luan-capella/Documentos/curso_airflow/airflowalura/venv/lib/python3.9/site-packages/airflow/example_dags/example_branch_labels.py took 0.055 seconds
[2024-10-15 21:28:58,585] {processor.py:153} INFO - Started process (PID=11064) to work on /home/luan-capella/Documentos/curso_airflow/airflowalura/venv/lib/python3.9/site-packages/airflow/example_dags/example_branch_labels.py
[2024-10-15 21:28:58,586] {processor.py:641} INFO - Processing file /home/luan-capella/Documentos/curso_airflow/airflowalura/venv/lib/python3.9/site-packages/airflow/example_dags/example_branch_labels.py for tasks to queue
[2024-10-15 21:28:58,587] {logging_mixin.py:115} INFO - [2024-10-15 21:28:58,587] {dagbag.py:507} INFO - Filling up the DagBag from /home/luan-capella/Documentos/curso_airflow/airflowalura/venv/lib/python3.9/site-packages/airflow/example_dags/example_branch_labels.py
[2024-10-15 21:28:58,597] {processor.py:651} INFO - DAG(s) dict_keys(['example_branch_labels']) retrieved from /home/luan-capella/Documentos/curso_airflow/airflowalura/venv/lib/python3.9/site-packages/airflow/example_dags/example_branch_labels.py
[2024-10-15 21:28:58,610] {logging_mixin.py:115} INFO - [2024-10-15 21:28:58,610] {dag.py:2379} INFO - Sync 1 DAGs
[2024-10-15 21:28:58,624] {logging_mixin.py:115} INFO - [2024-10-15 21:28:58,623] {dag.py:2927} INFO - Setting next_dagrun for example_branch_labels to 2024-10-15T00:00:00+00:00, run_after=2024-10-16T00:00:00+00:00
[2024-10-15 21:28:58,647] {processor.py:161} INFO - Processing /home/luan-capella/Documentos/curso_airflow/airflowalura/venv/lib/python3.9/site-packages/airflow/example_dags/example_branch_labels.py took 0.067 seconds
[2024-10-15 21:29:34,685] {processor.py:153} INFO - Started process (PID=11243) to work on /home/luan-capella/Documentos/curso_airflow/airflowalura/venv/lib/python3.9/site-packages/airflow/example_dags/example_branch_labels.py
[2024-10-15 21:29:34,687] {processor.py:641} INFO - Processing file /home/luan-capella/Documentos/curso_airflow/airflowalura/venv/lib/python3.9/site-packages/airflow/example_dags/example_branch_labels.py for tasks to queue
[2024-10-15 21:29:34,688] {logging_mixin.py:115} INFO - [2024-10-15 21:29:34,687] {dagbag.py:507} INFO - Filling up the DagBag from /home/luan-capella/Documentos/curso_airflow/airflowalura/venv/lib/python3.9/site-packages/airflow/example_dags/example_branch_labels.py
[2024-10-15 21:29:34,696] {processor.py:651} INFO - DAG(s) dict_keys(['example_branch_labels']) retrieved from /home/luan-capella/Documentos/curso_airflow/airflowalura/venv/lib/python3.9/site-packages/airflow/example_dags/example_branch_labels.py
[2024-10-15 21:29:34,709] {logging_mixin.py:115} INFO - [2024-10-15 21:29:34,709] {dag.py:2379} INFO - Sync 1 DAGs
[2024-10-15 21:29:34,723] {logging_mixin.py:115} INFO - [2024-10-15 21:29:34,723] {dag.py:2927} INFO - Setting next_dagrun for example_branch_labels to 2024-10-15T00:00:00+00:00, run_after=2024-10-16T00:00:00+00:00
[2024-10-15 21:29:34,735] {processor.py:161} INFO - Processing /home/luan-capella/Documentos/curso_airflow/airflowalura/venv/lib/python3.9/site-packages/airflow/example_dags/example_branch_labels.py took 0.054 seconds
