[2024-10-15 21:24:06,864] {processor.py:153} INFO - Started process (PID=9499) to work on /home/luan-capella/Documentos/curso_airflow/airflowalura/venv/lib/python3.9/site-packages/airflow/example_dags/example_short_circuit_operator.py
[2024-10-15 21:24:06,870] {processor.py:641} INFO - Processing file /home/luan-capella/Documentos/curso_airflow/airflowalura/venv/lib/python3.9/site-packages/airflow/example_dags/example_short_circuit_operator.py for tasks to queue
[2024-10-15 21:24:06,871] {logging_mixin.py:115} INFO - [2024-10-15 21:24:06,871] {dagbag.py:507} INFO - Filling up the DagBag from /home/luan-capella/Documentos/curso_airflow/airflowalura/venv/lib/python3.9/site-packages/airflow/example_dags/example_short_circuit_operator.py
[2024-10-15 21:24:06,882] {processor.py:651} INFO - DAG(s) dict_keys(['example_short_circuit_operator']) retrieved from /home/luan-capella/Documentos/curso_airflow/airflowalura/venv/lib/python3.9/site-packages/airflow/example_dags/example_short_circuit_operator.py
[2024-10-15 21:24:06,903] {logging_mixin.py:115} INFO - [2024-10-15 21:24:06,903] {dag.py:2379} INFO - Sync 1 DAGs
[2024-10-15 21:24:06,924] {logging_mixin.py:115} INFO - [2024-10-15 21:24:06,923] {dag.py:2927} INFO - Setting next_dagrun for example_short_circuit_operator to 2024-10-15T00:24:06.923738+00:00, run_after=2024-10-16T00:24:06.923738+00:00
[2024-10-15 21:24:06,946] {processor.py:161} INFO - Processing /home/luan-capella/Documentos/curso_airflow/airflowalura/venv/lib/python3.9/site-packages/airflow/example_dags/example_short_circuit_operator.py took 0.084 seconds
[2024-10-15 21:24:42,882] {processor.py:153} INFO - Started process (PID=9669) to work on /home/luan-capella/Documentos/curso_airflow/airflowalura/venv/lib/python3.9/site-packages/airflow/example_dags/example_short_circuit_operator.py
[2024-10-15 21:24:42,882] {processor.py:641} INFO - Processing file /home/luan-capella/Documentos/curso_airflow/airflowalura/venv/lib/python3.9/site-packages/airflow/example_dags/example_short_circuit_operator.py for tasks to queue
[2024-10-15 21:24:42,883] {logging_mixin.py:115} INFO - [2024-10-15 21:24:42,882] {dagbag.py:507} INFO - Filling up the DagBag from /home/luan-capella/Documentos/curso_airflow/airflowalura/venv/lib/python3.9/site-packages/airflow/example_dags/example_short_circuit_operator.py
[2024-10-15 21:24:42,890] {processor.py:651} INFO - DAG(s) dict_keys(['example_short_circuit_operator']) retrieved from /home/luan-capella/Documentos/curso_airflow/airflowalura/venv/lib/python3.9/site-packages/airflow/example_dags/example_short_circuit_operator.py
[2024-10-15 21:24:42,903] {logging_mixin.py:115} INFO - [2024-10-15 21:24:42,903] {dag.py:2379} INFO - Sync 1 DAGs
[2024-10-15 21:24:42,917] {logging_mixin.py:115} INFO - [2024-10-15 21:24:42,917] {dag.py:2927} INFO - Setting next_dagrun for example_short_circuit_operator to 2024-10-15T00:24:42.916987+00:00, run_after=2024-10-16T00:24:42.916987+00:00
[2024-10-15 21:24:42,930] {processor.py:161} INFO - Processing /home/luan-capella/Documentos/curso_airflow/airflowalura/venv/lib/python3.9/site-packages/airflow/example_dags/example_short_circuit_operator.py took 0.051 seconds
[2024-10-15 21:25:20,819] {processor.py:153} INFO - Started process (PID=9917) to work on /home/luan-capella/Documentos/curso_airflow/airflowalura/venv/lib/python3.9/site-packages/airflow/example_dags/example_short_circuit_operator.py
[2024-10-15 21:25:20,824] {processor.py:641} INFO - Processing file /home/luan-capella/Documentos/curso_airflow/airflowalura/venv/lib/python3.9/site-packages/airflow/example_dags/example_short_circuit_operator.py for tasks to queue
[2024-10-15 21:25:20,825] {logging_mixin.py:115} INFO - [2024-10-15 21:25:20,824] {dagbag.py:507} INFO - Filling up the DagBag from /home/luan-capella/Documentos/curso_airflow/airflowalura/venv/lib/python3.9/site-packages/airflow/example_dags/example_short_circuit_operator.py
[2024-10-15 21:25:20,832] {processor.py:651} INFO - DAG(s) dict_keys(['example_short_circuit_operator']) retrieved from /home/luan-capella/Documentos/curso_airflow/airflowalura/venv/lib/python3.9/site-packages/airflow/example_dags/example_short_circuit_operator.py
[2024-10-15 21:25:20,847] {logging_mixin.py:115} INFO - [2024-10-15 21:25:20,847] {dag.py:2379} INFO - Sync 1 DAGs
[2024-10-15 21:25:20,861] {logging_mixin.py:115} INFO - [2024-10-15 21:25:20,861] {dag.py:2927} INFO - Setting next_dagrun for example_short_circuit_operator to 2024-10-15T00:25:20.861097+00:00, run_after=2024-10-16T00:25:20.861097+00:00
[2024-10-15 21:25:20,881] {processor.py:161} INFO - Processing /home/luan-capella/Documentos/curso_airflow/airflowalura/venv/lib/python3.9/site-packages/airflow/example_dags/example_short_circuit_operator.py took 0.065 seconds
[2024-10-15 21:25:56,995] {processor.py:153} INFO - Started process (PID=10096) to work on /home/luan-capella/Documentos/curso_airflow/airflowalura/venv/lib/python3.9/site-packages/airflow/example_dags/example_short_circuit_operator.py
[2024-10-15 21:25:56,995] {processor.py:641} INFO - Processing file /home/luan-capella/Documentos/curso_airflow/airflowalura/venv/lib/python3.9/site-packages/airflow/example_dags/example_short_circuit_operator.py for tasks to queue
[2024-10-15 21:25:56,996] {logging_mixin.py:115} INFO - [2024-10-15 21:25:56,996] {dagbag.py:507} INFO - Filling up the DagBag from /home/luan-capella/Documentos/curso_airflow/airflowalura/venv/lib/python3.9/site-packages/airflow/example_dags/example_short_circuit_operator.py
[2024-10-15 21:25:57,003] {processor.py:651} INFO - DAG(s) dict_keys(['example_short_circuit_operator']) retrieved from /home/luan-capella/Documentos/curso_airflow/airflowalura/venv/lib/python3.9/site-packages/airflow/example_dags/example_short_circuit_operator.py
[2024-10-15 21:25:57,018] {logging_mixin.py:115} INFO - [2024-10-15 21:25:57,018] {dag.py:2379} INFO - Sync 1 DAGs
[2024-10-15 21:25:57,030] {logging_mixin.py:115} INFO - [2024-10-15 21:25:57,030] {dag.py:2927} INFO - Setting next_dagrun for example_short_circuit_operator to 2024-10-15T00:25:57.030407+00:00, run_after=2024-10-16T00:25:57.030407+00:00
[2024-10-15 21:25:57,044] {processor.py:161} INFO - Processing /home/luan-capella/Documentos/curso_airflow/airflowalura/venv/lib/python3.9/site-packages/airflow/example_dags/example_short_circuit_operator.py took 0.051 seconds
[2024-10-15 21:26:33,192] {processor.py:153} INFO - Started process (PID=10261) to work on /home/luan-capella/Documentos/curso_airflow/airflowalura/venv/lib/python3.9/site-packages/airflow/example_dags/example_short_circuit_operator.py
[2024-10-15 21:26:33,193] {processor.py:641} INFO - Processing file /home/luan-capella/Documentos/curso_airflow/airflowalura/venv/lib/python3.9/site-packages/airflow/example_dags/example_short_circuit_operator.py for tasks to queue
[2024-10-15 21:26:33,194] {logging_mixin.py:115} INFO - [2024-10-15 21:26:33,194] {dagbag.py:507} INFO - Filling up the DagBag from /home/luan-capella/Documentos/curso_airflow/airflowalura/venv/lib/python3.9/site-packages/airflow/example_dags/example_short_circuit_operator.py
[2024-10-15 21:26:33,205] {processor.py:651} INFO - DAG(s) dict_keys(['example_short_circuit_operator']) retrieved from /home/luan-capella/Documentos/curso_airflow/airflowalura/venv/lib/python3.9/site-packages/airflow/example_dags/example_short_circuit_operator.py
[2024-10-15 21:26:33,218] {logging_mixin.py:115} INFO - [2024-10-15 21:26:33,218] {dag.py:2379} INFO - Sync 1 DAGs
[2024-10-15 21:26:33,231] {logging_mixin.py:115} INFO - [2024-10-15 21:26:33,231] {dag.py:2927} INFO - Setting next_dagrun for example_short_circuit_operator to 2024-10-15T00:26:33.231380+00:00, run_after=2024-10-16T00:26:33.231380+00:00
[2024-10-15 21:26:33,243] {processor.py:161} INFO - Processing /home/luan-capella/Documentos/curso_airflow/airflowalura/venv/lib/python3.9/site-packages/airflow/example_dags/example_short_circuit_operator.py took 0.055 seconds
[2024-10-15 21:27:08,265] {processor.py:153} INFO - Started process (PID=10424) to work on /home/luan-capella/Documentos/curso_airflow/airflowalura/venv/lib/python3.9/site-packages/airflow/example_dags/example_short_circuit_operator.py
[2024-10-15 21:27:08,266] {processor.py:641} INFO - Processing file /home/luan-capella/Documentos/curso_airflow/airflowalura/venv/lib/python3.9/site-packages/airflow/example_dags/example_short_circuit_operator.py for tasks to queue
[2024-10-15 21:27:08,267] {logging_mixin.py:115} INFO - [2024-10-15 21:27:08,267] {dagbag.py:507} INFO - Filling up the DagBag from /home/luan-capella/Documentos/curso_airflow/airflowalura/venv/lib/python3.9/site-packages/airflow/example_dags/example_short_circuit_operator.py
[2024-10-15 21:27:08,277] {processor.py:651} INFO - DAG(s) dict_keys(['example_short_circuit_operator']) retrieved from /home/luan-capella/Documentos/curso_airflow/airflowalura/venv/lib/python3.9/site-packages/airflow/example_dags/example_short_circuit_operator.py
[2024-10-15 21:27:08,291] {logging_mixin.py:115} INFO - [2024-10-15 21:27:08,291] {dag.py:2379} INFO - Sync 1 DAGs
[2024-10-15 21:27:08,305] {logging_mixin.py:115} INFO - [2024-10-15 21:27:08,305] {dag.py:2927} INFO - Setting next_dagrun for example_short_circuit_operator to 2024-10-15T00:27:08.304828+00:00, run_after=2024-10-16T00:27:08.304828+00:00
[2024-10-15 21:27:08,318] {processor.py:161} INFO - Processing /home/luan-capella/Documentos/curso_airflow/airflowalura/venv/lib/python3.9/site-packages/airflow/example_dags/example_short_circuit_operator.py took 0.058 seconds
[2024-10-15 21:27:44,871] {processor.py:153} INFO - Started process (PID=10642) to work on /home/luan-capella/Documentos/curso_airflow/airflowalura/venv/lib/python3.9/site-packages/airflow/example_dags/example_short_circuit_operator.py
[2024-10-15 21:27:44,872] {processor.py:641} INFO - Processing file /home/luan-capella/Documentos/curso_airflow/airflowalura/venv/lib/python3.9/site-packages/airflow/example_dags/example_short_circuit_operator.py for tasks to queue
[2024-10-15 21:27:44,873] {logging_mixin.py:115} INFO - [2024-10-15 21:27:44,872] {dagbag.py:507} INFO - Filling up the DagBag from /home/luan-capella/Documentos/curso_airflow/airflowalura/venv/lib/python3.9/site-packages/airflow/example_dags/example_short_circuit_operator.py
[2024-10-15 21:27:44,883] {processor.py:651} INFO - DAG(s) dict_keys(['example_short_circuit_operator']) retrieved from /home/luan-capella/Documentos/curso_airflow/airflowalura/venv/lib/python3.9/site-packages/airflow/example_dags/example_short_circuit_operator.py
[2024-10-15 21:27:44,898] {logging_mixin.py:115} INFO - [2024-10-15 21:27:44,898] {dag.py:2379} INFO - Sync 1 DAGs
[2024-10-15 21:27:44,912] {logging_mixin.py:115} INFO - [2024-10-15 21:27:44,912] {dag.py:2927} INFO - Setting next_dagrun for example_short_circuit_operator to 2024-10-15T00:27:44.911992+00:00, run_after=2024-10-16T00:27:44.911992+00:00
[2024-10-15 21:27:44,925] {processor.py:161} INFO - Processing /home/luan-capella/Documentos/curso_airflow/airflowalura/venv/lib/python3.9/site-packages/airflow/example_dags/example_short_circuit_operator.py took 0.059 seconds
[2024-10-15 21:28:23,533] {processor.py:153} INFO - Started process (PID=10874) to work on /home/luan-capella/Documentos/curso_airflow/airflowalura/venv/lib/python3.9/site-packages/airflow/example_dags/example_short_circuit_operator.py
[2024-10-15 21:28:23,534] {processor.py:641} INFO - Processing file /home/luan-capella/Documentos/curso_airflow/airflowalura/venv/lib/python3.9/site-packages/airflow/example_dags/example_short_circuit_operator.py for tasks to queue
[2024-10-15 21:28:23,535] {logging_mixin.py:115} INFO - [2024-10-15 21:28:23,535] {dagbag.py:507} INFO - Filling up the DagBag from /home/luan-capella/Documentos/curso_airflow/airflowalura/venv/lib/python3.9/site-packages/airflow/example_dags/example_short_circuit_operator.py
[2024-10-15 21:28:23,544] {processor.py:651} INFO - DAG(s) dict_keys(['example_short_circuit_operator']) retrieved from /home/luan-capella/Documentos/curso_airflow/airflowalura/venv/lib/python3.9/site-packages/airflow/example_dags/example_short_circuit_operator.py
[2024-10-15 21:28:23,560] {logging_mixin.py:115} INFO - [2024-10-15 21:28:23,560] {dag.py:2379} INFO - Sync 1 DAGs
[2024-10-15 21:28:23,574] {logging_mixin.py:115} INFO - [2024-10-15 21:28:23,574] {dag.py:2927} INFO - Setting next_dagrun for example_short_circuit_operator to 2024-10-15T00:28:23.573912+00:00, run_after=2024-10-16T00:28:23.573912+00:00
[2024-10-15 21:28:23,586] {processor.py:161} INFO - Processing /home/luan-capella/Documentos/curso_airflow/airflowalura/venv/lib/python3.9/site-packages/airflow/example_dags/example_short_circuit_operator.py took 0.060 seconds
[2024-10-15 21:29:02,580] {processor.py:153} INFO - Started process (PID=11088) to work on /home/luan-capella/Documentos/curso_airflow/airflowalura/venv/lib/python3.9/site-packages/airflow/example_dags/example_short_circuit_operator.py
[2024-10-15 21:29:02,581] {processor.py:641} INFO - Processing file /home/luan-capella/Documentos/curso_airflow/airflowalura/venv/lib/python3.9/site-packages/airflow/example_dags/example_short_circuit_operator.py for tasks to queue
[2024-10-15 21:29:02,581] {logging_mixin.py:115} INFO - [2024-10-15 21:29:02,581] {dagbag.py:507} INFO - Filling up the DagBag from /home/luan-capella/Documentos/curso_airflow/airflowalura/venv/lib/python3.9/site-packages/airflow/example_dags/example_short_circuit_operator.py
[2024-10-15 21:29:02,592] {processor.py:651} INFO - DAG(s) dict_keys(['example_short_circuit_operator']) retrieved from /home/luan-capella/Documentos/curso_airflow/airflowalura/venv/lib/python3.9/site-packages/airflow/example_dags/example_short_circuit_operator.py
[2024-10-15 21:29:02,606] {logging_mixin.py:115} INFO - [2024-10-15 21:29:02,606] {dag.py:2379} INFO - Sync 1 DAGs
[2024-10-15 21:29:02,621] {logging_mixin.py:115} INFO - [2024-10-15 21:29:02,621] {dag.py:2927} INFO - Setting next_dagrun for example_short_circuit_operator to 2024-10-15T00:29:02.620957+00:00, run_after=2024-10-16T00:29:02.620957+00:00
[2024-10-15 21:29:02,666] {processor.py:161} INFO - Processing /home/luan-capella/Documentos/curso_airflow/airflowalura/venv/lib/python3.9/site-packages/airflow/example_dags/example_short_circuit_operator.py took 0.089 seconds
[2024-10-15 21:29:39,831] {processor.py:153} INFO - Started process (PID=11266) to work on /home/luan-capella/Documentos/curso_airflow/airflowalura/venv/lib/python3.9/site-packages/airflow/example_dags/example_short_circuit_operator.py
[2024-10-15 21:29:39,832] {processor.py:641} INFO - Processing file /home/luan-capella/Documentos/curso_airflow/airflowalura/venv/lib/python3.9/site-packages/airflow/example_dags/example_short_circuit_operator.py for tasks to queue
[2024-10-15 21:29:39,832] {logging_mixin.py:115} INFO - [2024-10-15 21:29:39,832] {dagbag.py:507} INFO - Filling up the DagBag from /home/luan-capella/Documentos/curso_airflow/airflowalura/venv/lib/python3.9/site-packages/airflow/example_dags/example_short_circuit_operator.py
[2024-10-15 21:29:39,840] {processor.py:651} INFO - DAG(s) dict_keys(['example_short_circuit_operator']) retrieved from /home/luan-capella/Documentos/curso_airflow/airflowalura/venv/lib/python3.9/site-packages/airflow/example_dags/example_short_circuit_operator.py
[2024-10-15 21:29:39,855] {logging_mixin.py:115} INFO - [2024-10-15 21:29:39,855] {dag.py:2379} INFO - Sync 1 DAGs
[2024-10-15 21:29:39,870] {logging_mixin.py:115} INFO - [2024-10-15 21:29:39,870] {dag.py:2927} INFO - Setting next_dagrun for example_short_circuit_operator to 2024-10-15T00:29:39.870284+00:00, run_after=2024-10-16T00:29:39.870284+00:00
[2024-10-15 21:29:39,884] {processor.py:161} INFO - Processing /home/luan-capella/Documentos/curso_airflow/airflowalura/venv/lib/python3.9/site-packages/airflow/example_dags/example_short_circuit_operator.py took 0.056 seconds
