[2024-10-15 21:24:10,896] {processor.py:153} INFO - Started process (PID=9515) to work on /home/luan-capella/Documentos/curso_airflow/airflowalura/venv/lib/python3.9/site-packages/airflow/example_dags/example_latest_only.py
[2024-10-15 21:24:10,899] {processor.py:641} INFO - Processing file /home/luan-capella/Documentos/curso_airflow/airflowalura/venv/lib/python3.9/site-packages/airflow/example_dags/example_latest_only.py for tasks to queue
[2024-10-15 21:24:10,900] {logging_mixin.py:115} INFO - [2024-10-15 21:24:10,900] {dagbag.py:507} INFO - Filling up the DagBag from /home/luan-capella/Documentos/curso_airflow/airflowalura/venv/lib/python3.9/site-packages/airflow/example_dags/example_latest_only.py
[2024-10-15 21:24:10,910] {processor.py:651} INFO - DAG(s) dict_keys(['latest_only']) retrieved from /home/luan-capella/Documentos/curso_airflow/airflowalura/venv/lib/python3.9/site-packages/airflow/example_dags/example_latest_only.py
[2024-10-15 21:24:10,926] {logging_mixin.py:115} INFO - [2024-10-15 21:24:10,925] {dag.py:2379} INFO - Sync 1 DAGs
[2024-10-15 21:24:10,939] {logging_mixin.py:115} INFO - [2024-10-15 21:24:10,938] {dag.py:2927} INFO - Setting next_dagrun for latest_only to 2024-10-15T20:24:10.938755+00:00, run_after=2024-10-16T00:24:10.938755+00:00
[2024-10-15 21:24:10,951] {processor.py:161} INFO - Processing /home/luan-capella/Documentos/curso_airflow/airflowalura/venv/lib/python3.9/site-packages/airflow/example_dags/example_latest_only.py took 0.060 seconds
[2024-10-15 21:24:47,045] {processor.py:153} INFO - Started process (PID=9692) to work on /home/luan-capella/Documentos/curso_airflow/airflowalura/venv/lib/python3.9/site-packages/airflow/example_dags/example_latest_only.py
[2024-10-15 21:24:47,046] {processor.py:641} INFO - Processing file /home/luan-capella/Documentos/curso_airflow/airflowalura/venv/lib/python3.9/site-packages/airflow/example_dags/example_latest_only.py for tasks to queue
[2024-10-15 21:24:47,046] {logging_mixin.py:115} INFO - [2024-10-15 21:24:47,046] {dagbag.py:507} INFO - Filling up the DagBag from /home/luan-capella/Documentos/curso_airflow/airflowalura/venv/lib/python3.9/site-packages/airflow/example_dags/example_latest_only.py
[2024-10-15 21:24:47,053] {processor.py:651} INFO - DAG(s) dict_keys(['latest_only']) retrieved from /home/luan-capella/Documentos/curso_airflow/airflowalura/venv/lib/python3.9/site-packages/airflow/example_dags/example_latest_only.py
[2024-10-15 21:24:47,074] {logging_mixin.py:115} INFO - [2024-10-15 21:24:47,074] {dag.py:2379} INFO - Sync 1 DAGs
[2024-10-15 21:24:47,088] {logging_mixin.py:115} INFO - [2024-10-15 21:24:47,088] {dag.py:2927} INFO - Setting next_dagrun for latest_only to 2024-10-15T20:24:47.088619+00:00, run_after=2024-10-16T00:24:47.088619+00:00
[2024-10-15 21:24:47,101] {processor.py:161} INFO - Processing /home/luan-capella/Documentos/curso_airflow/airflowalura/venv/lib/python3.9/site-packages/airflow/example_dags/example_latest_only.py took 0.058 seconds
[2024-10-15 21:25:24,647] {processor.py:153} INFO - Started process (PID=9935) to work on /home/luan-capella/Documentos/curso_airflow/airflowalura/venv/lib/python3.9/site-packages/airflow/example_dags/example_latest_only.py
[2024-10-15 21:25:24,649] {processor.py:641} INFO - Processing file /home/luan-capella/Documentos/curso_airflow/airflowalura/venv/lib/python3.9/site-packages/airflow/example_dags/example_latest_only.py for tasks to queue
[2024-10-15 21:25:24,650] {logging_mixin.py:115} INFO - [2024-10-15 21:25:24,650] {dagbag.py:507} INFO - Filling up the DagBag from /home/luan-capella/Documentos/curso_airflow/airflowalura/venv/lib/python3.9/site-packages/airflow/example_dags/example_latest_only.py
[2024-10-15 21:25:24,656] {processor.py:651} INFO - DAG(s) dict_keys(['latest_only']) retrieved from /home/luan-capella/Documentos/curso_airflow/airflowalura/venv/lib/python3.9/site-packages/airflow/example_dags/example_latest_only.py
[2024-10-15 21:25:24,671] {logging_mixin.py:115} INFO - [2024-10-15 21:25:24,671] {dag.py:2379} INFO - Sync 1 DAGs
[2024-10-15 21:25:24,685] {logging_mixin.py:115} INFO - [2024-10-15 21:25:24,685] {dag.py:2927} INFO - Setting next_dagrun for latest_only to 2024-10-15T20:25:24.685104+00:00, run_after=2024-10-16T00:25:24.685104+00:00
[2024-10-15 21:25:24,699] {processor.py:161} INFO - Processing /home/luan-capella/Documentos/curso_airflow/airflowalura/venv/lib/python3.9/site-packages/airflow/example_dags/example_latest_only.py took 0.057 seconds
[2024-10-15 21:26:00,644] {processor.py:153} INFO - Started process (PID=10109) to work on /home/luan-capella/Documentos/curso_airflow/airflowalura/venv/lib/python3.9/site-packages/airflow/example_dags/example_latest_only.py
[2024-10-15 21:26:00,645] {processor.py:641} INFO - Processing file /home/luan-capella/Documentos/curso_airflow/airflowalura/venv/lib/python3.9/site-packages/airflow/example_dags/example_latest_only.py for tasks to queue
[2024-10-15 21:26:00,645] {logging_mixin.py:115} INFO - [2024-10-15 21:26:00,645] {dagbag.py:507} INFO - Filling up the DagBag from /home/luan-capella/Documentos/curso_airflow/airflowalura/venv/lib/python3.9/site-packages/airflow/example_dags/example_latest_only.py
[2024-10-15 21:26:00,649] {processor.py:651} INFO - DAG(s) dict_keys(['latest_only']) retrieved from /home/luan-capella/Documentos/curso_airflow/airflowalura/venv/lib/python3.9/site-packages/airflow/example_dags/example_latest_only.py
[2024-10-15 21:26:00,665] {logging_mixin.py:115} INFO - [2024-10-15 21:26:00,665] {dag.py:2379} INFO - Sync 1 DAGs
[2024-10-15 21:26:00,679] {logging_mixin.py:115} INFO - [2024-10-15 21:26:00,679] {dag.py:2927} INFO - Setting next_dagrun for latest_only to 2024-10-15T20:26:00.678848+00:00, run_after=2024-10-16T00:26:00.678848+00:00
[2024-10-15 21:26:00,692] {processor.py:161} INFO - Processing /home/luan-capella/Documentos/curso_airflow/airflowalura/venv/lib/python3.9/site-packages/airflow/example_dags/example_latest_only.py took 0.051 seconds
[2024-10-15 21:26:36,928] {processor.py:153} INFO - Started process (PID=10275) to work on /home/luan-capella/Documentos/curso_airflow/airflowalura/venv/lib/python3.9/site-packages/airflow/example_dags/example_latest_only.py
[2024-10-15 21:26:36,929] {processor.py:641} INFO - Processing file /home/luan-capella/Documentos/curso_airflow/airflowalura/venv/lib/python3.9/site-packages/airflow/example_dags/example_latest_only.py for tasks to queue
[2024-10-15 21:26:36,930] {logging_mixin.py:115} INFO - [2024-10-15 21:26:36,930] {dagbag.py:507} INFO - Filling up the DagBag from /home/luan-capella/Documentos/curso_airflow/airflowalura/venv/lib/python3.9/site-packages/airflow/example_dags/example_latest_only.py
[2024-10-15 21:26:36,935] {processor.py:651} INFO - DAG(s) dict_keys(['latest_only']) retrieved from /home/luan-capella/Documentos/curso_airflow/airflowalura/venv/lib/python3.9/site-packages/airflow/example_dags/example_latest_only.py
[2024-10-15 21:26:36,947] {logging_mixin.py:115} INFO - [2024-10-15 21:26:36,947] {dag.py:2379} INFO - Sync 1 DAGs
[2024-10-15 21:26:36,960] {logging_mixin.py:115} INFO - [2024-10-15 21:26:36,960] {dag.py:2927} INFO - Setting next_dagrun for latest_only to 2024-10-15T20:26:36.960336+00:00, run_after=2024-10-16T00:26:36.960336+00:00
[2024-10-15 21:26:36,972] {processor.py:161} INFO - Processing /home/luan-capella/Documentos/curso_airflow/airflowalura/venv/lib/python3.9/site-packages/airflow/example_dags/example_latest_only.py took 0.049 seconds
[2024-10-15 21:27:12,830] {processor.py:153} INFO - Started process (PID=10439) to work on /home/luan-capella/Documentos/curso_airflow/airflowalura/venv/lib/python3.9/site-packages/airflow/example_dags/example_latest_only.py
[2024-10-15 21:27:12,831] {processor.py:641} INFO - Processing file /home/luan-capella/Documentos/curso_airflow/airflowalura/venv/lib/python3.9/site-packages/airflow/example_dags/example_latest_only.py for tasks to queue
[2024-10-15 21:27:12,832] {logging_mixin.py:115} INFO - [2024-10-15 21:27:12,832] {dagbag.py:507} INFO - Filling up the DagBag from /home/luan-capella/Documentos/curso_airflow/airflowalura/venv/lib/python3.9/site-packages/airflow/example_dags/example_latest_only.py
[2024-10-15 21:27:12,837] {processor.py:651} INFO - DAG(s) dict_keys(['latest_only']) retrieved from /home/luan-capella/Documentos/curso_airflow/airflowalura/venv/lib/python3.9/site-packages/airflow/example_dags/example_latest_only.py
[2024-10-15 21:27:12,851] {logging_mixin.py:115} INFO - [2024-10-15 21:27:12,851] {dag.py:2379} INFO - Sync 1 DAGs
[2024-10-15 21:27:12,865] {logging_mixin.py:115} INFO - [2024-10-15 21:27:12,865] {dag.py:2927} INFO - Setting next_dagrun for latest_only to 2024-10-15T20:27:12.865526+00:00, run_after=2024-10-16T00:27:12.865526+00:00
[2024-10-15 21:27:12,878] {processor.py:161} INFO - Processing /home/luan-capella/Documentos/curso_airflow/airflowalura/venv/lib/python3.9/site-packages/airflow/example_dags/example_latest_only.py took 0.056 seconds
[2024-10-15 21:27:54,655] {processor.py:153} INFO - Started process (PID=10708) to work on /home/luan-capella/Documentos/curso_airflow/airflowalura/venv/lib/python3.9/site-packages/airflow/example_dags/example_latest_only.py
[2024-10-15 21:27:54,657] {processor.py:641} INFO - Processing file /home/luan-capella/Documentos/curso_airflow/airflowalura/venv/lib/python3.9/site-packages/airflow/example_dags/example_latest_only.py for tasks to queue
[2024-10-15 21:27:54,657] {logging_mixin.py:115} INFO - [2024-10-15 21:27:54,657] {dagbag.py:507} INFO - Filling up the DagBag from /home/luan-capella/Documentos/curso_airflow/airflowalura/venv/lib/python3.9/site-packages/airflow/example_dags/example_latest_only.py
[2024-10-15 21:27:54,664] {processor.py:651} INFO - DAG(s) dict_keys(['latest_only']) retrieved from /home/luan-capella/Documentos/curso_airflow/airflowalura/venv/lib/python3.9/site-packages/airflow/example_dags/example_latest_only.py
[2024-10-15 21:27:54,676] {logging_mixin.py:115} INFO - [2024-10-15 21:27:54,676] {dag.py:2379} INFO - Sync 1 DAGs
[2024-10-15 21:27:54,689] {logging_mixin.py:115} INFO - [2024-10-15 21:27:54,689] {dag.py:2927} INFO - Setting next_dagrun for latest_only to 2024-10-15T20:27:54.689111+00:00, run_after=2024-10-16T00:27:54.689111+00:00
[2024-10-15 21:27:54,701] {processor.py:161} INFO - Processing /home/luan-capella/Documentos/curso_airflow/airflowalura/venv/lib/python3.9/site-packages/airflow/example_dags/example_latest_only.py took 0.051 seconds
[2024-10-15 21:28:32,817] {processor.py:153} INFO - Started process (PID=10923) to work on /home/luan-capella/Documentos/curso_airflow/airflowalura/venv/lib/python3.9/site-packages/airflow/example_dags/example_latest_only.py
[2024-10-15 21:28:32,818] {processor.py:641} INFO - Processing file /home/luan-capella/Documentos/curso_airflow/airflowalura/venv/lib/python3.9/site-packages/airflow/example_dags/example_latest_only.py for tasks to queue
[2024-10-15 21:28:32,818] {logging_mixin.py:115} INFO - [2024-10-15 21:28:32,818] {dagbag.py:507} INFO - Filling up the DagBag from /home/luan-capella/Documentos/curso_airflow/airflowalura/venv/lib/python3.9/site-packages/airflow/example_dags/example_latest_only.py
[2024-10-15 21:28:32,822] {processor.py:651} INFO - DAG(s) dict_keys(['latest_only']) retrieved from /home/luan-capella/Documentos/curso_airflow/airflowalura/venv/lib/python3.9/site-packages/airflow/example_dags/example_latest_only.py
[2024-10-15 21:28:32,836] {logging_mixin.py:115} INFO - [2024-10-15 21:28:32,836] {dag.py:2379} INFO - Sync 1 DAGs
[2024-10-15 21:28:32,851] {logging_mixin.py:115} INFO - [2024-10-15 21:28:32,851] {dag.py:2927} INFO - Setting next_dagrun for latest_only to 2024-10-15T20:28:32.851150+00:00, run_after=2024-10-16T00:28:32.851150+00:00
[2024-10-15 21:28:32,868] {processor.py:161} INFO - Processing /home/luan-capella/Documentos/curso_airflow/airflowalura/venv/lib/python3.9/site-packages/airflow/example_dags/example_latest_only.py took 0.054 seconds
[2024-10-15 21:29:10,041] {processor.py:153} INFO - Started process (PID=11130) to work on /home/luan-capella/Documentos/curso_airflow/airflowalura/venv/lib/python3.9/site-packages/airflow/example_dags/example_latest_only.py
[2024-10-15 21:29:10,042] {processor.py:641} INFO - Processing file /home/luan-capella/Documentos/curso_airflow/airflowalura/venv/lib/python3.9/site-packages/airflow/example_dags/example_latest_only.py for tasks to queue
[2024-10-15 21:29:10,043] {logging_mixin.py:115} INFO - [2024-10-15 21:29:10,043] {dagbag.py:507} INFO - Filling up the DagBag from /home/luan-capella/Documentos/curso_airflow/airflowalura/venv/lib/python3.9/site-packages/airflow/example_dags/example_latest_only.py
[2024-10-15 21:29:10,047] {processor.py:651} INFO - DAG(s) dict_keys(['latest_only']) retrieved from /home/luan-capella/Documentos/curso_airflow/airflowalura/venv/lib/python3.9/site-packages/airflow/example_dags/example_latest_only.py
[2024-10-15 21:29:10,061] {logging_mixin.py:115} INFO - [2024-10-15 21:29:10,060] {dag.py:2379} INFO - Sync 1 DAGs
[2024-10-15 21:29:10,074] {logging_mixin.py:115} INFO - [2024-10-15 21:29:10,074] {dag.py:2927} INFO - Setting next_dagrun for latest_only to 2024-10-15T20:29:10.074350+00:00, run_after=2024-10-16T00:29:10.074350+00:00
[2024-10-15 21:29:10,087] {processor.py:161} INFO - Processing /home/luan-capella/Documentos/curso_airflow/airflowalura/venv/lib/python3.9/site-packages/airflow/example_dags/example_latest_only.py took 0.048 seconds
[2024-10-15 21:29:47,105] {processor.py:153} INFO - Started process (PID=11300) to work on /home/luan-capella/Documentos/curso_airflow/airflowalura/venv/lib/python3.9/site-packages/airflow/example_dags/example_latest_only.py
[2024-10-15 21:29:47,106] {processor.py:641} INFO - Processing file /home/luan-capella/Documentos/curso_airflow/airflowalura/venv/lib/python3.9/site-packages/airflow/example_dags/example_latest_only.py for tasks to queue
[2024-10-15 21:29:47,107] {logging_mixin.py:115} INFO - [2024-10-15 21:29:47,106] {dagbag.py:507} INFO - Filling up the DagBag from /home/luan-capella/Documentos/curso_airflow/airflowalura/venv/lib/python3.9/site-packages/airflow/example_dags/example_latest_only.py
[2024-10-15 21:29:47,111] {processor.py:651} INFO - DAG(s) dict_keys(['latest_only']) retrieved from /home/luan-capella/Documentos/curso_airflow/airflowalura/venv/lib/python3.9/site-packages/airflow/example_dags/example_latest_only.py
[2024-10-15 21:29:47,124] {logging_mixin.py:115} INFO - [2024-10-15 21:29:47,124] {dag.py:2379} INFO - Sync 1 DAGs
[2024-10-15 21:29:47,137] {logging_mixin.py:115} INFO - [2024-10-15 21:29:47,137] {dag.py:2927} INFO - Setting next_dagrun for latest_only to 2024-10-15T20:29:47.136901+00:00, run_after=2024-10-16T00:29:47.136901+00:00
[2024-10-15 21:29:47,151] {processor.py:161} INFO - Processing /home/luan-capella/Documentos/curso_airflow/airflowalura/venv/lib/python3.9/site-packages/airflow/example_dags/example_latest_only.py took 0.051 seconds
