[2024-10-15 21:23:54,456] {processor.py:153} INFO - Started process (PID=9439) to work on /home/luan-capella/Documentos/curso_airflow/airflowalura/venv/lib/python3.9/site-packages/airflow/example_dags/example_xcomargs.py
[2024-10-15 21:23:54,457] {processor.py:641} INFO - Processing file /home/luan-capella/Documentos/curso_airflow/airflowalura/venv/lib/python3.9/site-packages/airflow/example_dags/example_xcomargs.py for tasks to queue
[2024-10-15 21:23:54,458] {logging_mixin.py:115} INFO - [2024-10-15 21:23:54,458] {dagbag.py:507} INFO - Filling up the DagBag from /home/luan-capella/Documentos/curso_airflow/airflowalura/venv/lib/python3.9/site-packages/airflow/example_dags/example_xcomargs.py
[2024-10-15 21:23:54,478] {processor.py:651} INFO - DAG(s) dict_keys(['example_xcom_args', 'example_xcom_args_with_operators']) retrieved from /home/luan-capella/Documentos/curso_airflow/airflowalura/venv/lib/python3.9/site-packages/airflow/example_dags/example_xcomargs.py
[2024-10-15 21:23:54,514] {logging_mixin.py:115} INFO - [2024-10-15 21:23:54,514] {dag.py:2379} INFO - Sync 2 DAGs
[2024-10-15 21:23:54,526] {logging_mixin.py:115} INFO - [2024-10-15 21:23:54,526] {dag.py:2927} INFO - Setting next_dagrun for example_xcom_args to None, run_after=None
[2024-10-15 21:23:54,526] {logging_mixin.py:115} INFO - [2024-10-15 21:23:54,526] {dag.py:2927} INFO - Setting next_dagrun for example_xcom_args_with_operators to None, run_after=None
[2024-10-15 21:23:54,539] {processor.py:161} INFO - Processing /home/luan-capella/Documentos/curso_airflow/airflowalura/venv/lib/python3.9/site-packages/airflow/example_dags/example_xcomargs.py took 0.088 seconds
[2024-10-15 21:24:31,563] {processor.py:153} INFO - Started process (PID=9604) to work on /home/luan-capella/Documentos/curso_airflow/airflowalura/venv/lib/python3.9/site-packages/airflow/example_dags/example_xcomargs.py
[2024-10-15 21:24:31,564] {processor.py:641} INFO - Processing file /home/luan-capella/Documentos/curso_airflow/airflowalura/venv/lib/python3.9/site-packages/airflow/example_dags/example_xcomargs.py for tasks to queue
[2024-10-15 21:24:31,565] {logging_mixin.py:115} INFO - [2024-10-15 21:24:31,564] {dagbag.py:507} INFO - Filling up the DagBag from /home/luan-capella/Documentos/curso_airflow/airflowalura/venv/lib/python3.9/site-packages/airflow/example_dags/example_xcomargs.py
[2024-10-15 21:24:31,586] {processor.py:651} INFO - DAG(s) dict_keys(['example_xcom_args', 'example_xcom_args_with_operators']) retrieved from /home/luan-capella/Documentos/curso_airflow/airflowalura/venv/lib/python3.9/site-packages/airflow/example_dags/example_xcomargs.py
[2024-10-15 21:24:31,624] {logging_mixin.py:115} INFO - [2024-10-15 21:24:31,624] {dag.py:2379} INFO - Sync 2 DAGs
[2024-10-15 21:24:31,638] {logging_mixin.py:115} INFO - [2024-10-15 21:24:31,637] {dag.py:2927} INFO - Setting next_dagrun for example_xcom_args to None, run_after=None
[2024-10-15 21:24:31,638] {logging_mixin.py:115} INFO - [2024-10-15 21:24:31,638] {dag.py:2927} INFO - Setting next_dagrun for example_xcom_args_with_operators to None, run_after=None
[2024-10-15 21:24:31,651] {processor.py:161} INFO - Processing /home/luan-capella/Documentos/curso_airflow/airflowalura/venv/lib/python3.9/site-packages/airflow/example_dags/example_xcomargs.py took 0.091 seconds
[2024-10-15 21:25:08,746] {processor.py:153} INFO - Started process (PID=9793) to work on /home/luan-capella/Documentos/curso_airflow/airflowalura/venv/lib/python3.9/site-packages/airflow/example_dags/example_xcomargs.py
[2024-10-15 21:25:08,746] {processor.py:641} INFO - Processing file /home/luan-capella/Documentos/curso_airflow/airflowalura/venv/lib/python3.9/site-packages/airflow/example_dags/example_xcomargs.py for tasks to queue
[2024-10-15 21:25:08,747] {logging_mixin.py:115} INFO - [2024-10-15 21:25:08,747] {dagbag.py:507} INFO - Filling up the DagBag from /home/luan-capella/Documentos/curso_airflow/airflowalura/venv/lib/python3.9/site-packages/airflow/example_dags/example_xcomargs.py
[2024-10-15 21:25:08,763] {processor.py:651} INFO - DAG(s) dict_keys(['example_xcom_args', 'example_xcom_args_with_operators']) retrieved from /home/luan-capella/Documentos/curso_airflow/airflowalura/venv/lib/python3.9/site-packages/airflow/example_dags/example_xcomargs.py
[2024-10-15 21:25:08,778] {logging_mixin.py:115} INFO - [2024-10-15 21:25:08,778] {dag.py:2379} INFO - Sync 2 DAGs
[2024-10-15 21:25:08,791] {logging_mixin.py:115} INFO - [2024-10-15 21:25:08,791] {dag.py:2927} INFO - Setting next_dagrun for example_xcom_args to None, run_after=None
[2024-10-15 21:25:08,792] {logging_mixin.py:115} INFO - [2024-10-15 21:25:08,792] {dag.py:2927} INFO - Setting next_dagrun for example_xcom_args_with_operators to None, run_after=None
[2024-10-15 21:25:08,806] {processor.py:161} INFO - Processing /home/luan-capella/Documentos/curso_airflow/airflowalura/venv/lib/python3.9/site-packages/airflow/example_dags/example_xcomargs.py took 0.063 seconds
[2024-10-15 21:25:45,050] {processor.py:153} INFO - Started process (PID=10030) to work on /home/luan-capella/Documentos/curso_airflow/airflowalura/venv/lib/python3.9/site-packages/airflow/example_dags/example_xcomargs.py
[2024-10-15 21:25:45,051] {processor.py:641} INFO - Processing file /home/luan-capella/Documentos/curso_airflow/airflowalura/venv/lib/python3.9/site-packages/airflow/example_dags/example_xcomargs.py for tasks to queue
[2024-10-15 21:25:45,052] {logging_mixin.py:115} INFO - [2024-10-15 21:25:45,052] {dagbag.py:507} INFO - Filling up the DagBag from /home/luan-capella/Documentos/curso_airflow/airflowalura/venv/lib/python3.9/site-packages/airflow/example_dags/example_xcomargs.py
[2024-10-15 21:25:45,068] {processor.py:651} INFO - DAG(s) dict_keys(['example_xcom_args', 'example_xcom_args_with_operators']) retrieved from /home/luan-capella/Documentos/curso_airflow/airflowalura/venv/lib/python3.9/site-packages/airflow/example_dags/example_xcomargs.py
[2024-10-15 21:25:45,083] {logging_mixin.py:115} INFO - [2024-10-15 21:25:45,082] {dag.py:2379} INFO - Sync 2 DAGs
[2024-10-15 21:25:45,096] {logging_mixin.py:115} INFO - [2024-10-15 21:25:45,096] {dag.py:2927} INFO - Setting next_dagrun for example_xcom_args to None, run_after=None
[2024-10-15 21:25:45,097] {logging_mixin.py:115} INFO - [2024-10-15 21:25:45,096] {dag.py:2927} INFO - Setting next_dagrun for example_xcom_args_with_operators to None, run_after=None
[2024-10-15 21:25:45,109] {processor.py:161} INFO - Processing /home/luan-capella/Documentos/curso_airflow/airflowalura/venv/lib/python3.9/site-packages/airflow/example_dags/example_xcomargs.py took 0.062 seconds
[2024-10-15 21:26:21,820] {processor.py:153} INFO - Started process (PID=10213) to work on /home/luan-capella/Documentos/curso_airflow/airflowalura/venv/lib/python3.9/site-packages/airflow/example_dags/example_xcomargs.py
[2024-10-15 21:26:21,820] {processor.py:641} INFO - Processing file /home/luan-capella/Documentos/curso_airflow/airflowalura/venv/lib/python3.9/site-packages/airflow/example_dags/example_xcomargs.py for tasks to queue
[2024-10-15 21:26:21,821] {logging_mixin.py:115} INFO - [2024-10-15 21:26:21,821] {dagbag.py:507} INFO - Filling up the DagBag from /home/luan-capella/Documentos/curso_airflow/airflowalura/venv/lib/python3.9/site-packages/airflow/example_dags/example_xcomargs.py
[2024-10-15 21:26:21,839] {processor.py:651} INFO - DAG(s) dict_keys(['example_xcom_args', 'example_xcom_args_with_operators']) retrieved from /home/luan-capella/Documentos/curso_airflow/airflowalura/venv/lib/python3.9/site-packages/airflow/example_dags/example_xcomargs.py
[2024-10-15 21:26:21,875] {logging_mixin.py:115} INFO - [2024-10-15 21:26:21,875] {dag.py:2379} INFO - Sync 2 DAGs
[2024-10-15 21:26:21,887] {logging_mixin.py:115} INFO - [2024-10-15 21:26:21,887] {dag.py:2927} INFO - Setting next_dagrun for example_xcom_args to None, run_after=None
[2024-10-15 21:26:21,887] {logging_mixin.py:115} INFO - [2024-10-15 21:26:21,887] {dag.py:2927} INFO - Setting next_dagrun for example_xcom_args_with_operators to None, run_after=None
[2024-10-15 21:26:21,901] {processor.py:161} INFO - Processing /home/luan-capella/Documentos/curso_airflow/airflowalura/venv/lib/python3.9/site-packages/airflow/example_dags/example_xcomargs.py took 0.084 seconds
[2024-10-15 21:26:54,928] {processor.py:153} INFO - Started process (PID=10358) to work on /home/luan-capella/Documentos/curso_airflow/airflowalura/venv/lib/python3.9/site-packages/airflow/example_dags/example_xcomargs.py
[2024-10-15 21:26:54,929] {processor.py:641} INFO - Processing file /home/luan-capella/Documentos/curso_airflow/airflowalura/venv/lib/python3.9/site-packages/airflow/example_dags/example_xcomargs.py for tasks to queue
[2024-10-15 21:26:54,930] {logging_mixin.py:115} INFO - [2024-10-15 21:26:54,930] {dagbag.py:507} INFO - Filling up the DagBag from /home/luan-capella/Documentos/curso_airflow/airflowalura/venv/lib/python3.9/site-packages/airflow/example_dags/example_xcomargs.py
[2024-10-15 21:26:54,950] {processor.py:651} INFO - DAG(s) dict_keys(['example_xcom_args', 'example_xcom_args_with_operators']) retrieved from /home/luan-capella/Documentos/curso_airflow/airflowalura/venv/lib/python3.9/site-packages/airflow/example_dags/example_xcomargs.py
[2024-10-15 21:26:54,965] {logging_mixin.py:115} INFO - [2024-10-15 21:26:54,965] {dag.py:2379} INFO - Sync 2 DAGs
[2024-10-15 21:26:54,978] {logging_mixin.py:115} INFO - [2024-10-15 21:26:54,978] {dag.py:2927} INFO - Setting next_dagrun for example_xcom_args to None, run_after=None
[2024-10-15 21:26:54,979] {logging_mixin.py:115} INFO - [2024-10-15 21:26:54,978] {dag.py:2927} INFO - Setting next_dagrun for example_xcom_args_with_operators to None, run_after=None
[2024-10-15 21:26:54,991] {processor.py:161} INFO - Processing /home/luan-capella/Documentos/curso_airflow/airflowalura/venv/lib/python3.9/site-packages/airflow/example_dags/example_xcomargs.py took 0.068 seconds
[2024-10-15 21:27:30,542] {processor.py:153} INFO - Started process (PID=10578) to work on /home/luan-capella/Documentos/curso_airflow/airflowalura/venv/lib/python3.9/site-packages/airflow/example_dags/example_xcomargs.py
[2024-10-15 21:27:30,543] {processor.py:641} INFO - Processing file /home/luan-capella/Documentos/curso_airflow/airflowalura/venv/lib/python3.9/site-packages/airflow/example_dags/example_xcomargs.py for tasks to queue
[2024-10-15 21:27:30,544] {logging_mixin.py:115} INFO - [2024-10-15 21:27:30,544] {dagbag.py:507} INFO - Filling up the DagBag from /home/luan-capella/Documentos/curso_airflow/airflowalura/venv/lib/python3.9/site-packages/airflow/example_dags/example_xcomargs.py
[2024-10-15 21:27:30,559] {processor.py:651} INFO - DAG(s) dict_keys(['example_xcom_args', 'example_xcom_args_with_operators']) retrieved from /home/luan-capella/Documentos/curso_airflow/airflowalura/venv/lib/python3.9/site-packages/airflow/example_dags/example_xcomargs.py
[2024-10-15 21:27:30,594] {logging_mixin.py:115} INFO - [2024-10-15 21:27:30,594] {dag.py:2379} INFO - Sync 2 DAGs
[2024-10-15 21:27:30,604] {logging_mixin.py:115} INFO - [2024-10-15 21:27:30,604] {dag.py:2927} INFO - Setting next_dagrun for example_xcom_args to None, run_after=None
[2024-10-15 21:27:30,604] {logging_mixin.py:115} INFO - [2024-10-15 21:27:30,604] {dag.py:2927} INFO - Setting next_dagrun for example_xcom_args_with_operators to None, run_after=None
[2024-10-15 21:27:30,622] {processor.py:161} INFO - Processing /home/luan-capella/Documentos/curso_airflow/airflowalura/venv/lib/python3.9/site-packages/airflow/example_dags/example_xcomargs.py took 0.085 seconds
[2024-10-15 21:28:09,179] {processor.py:153} INFO - Started process (PID=10808) to work on /home/luan-capella/Documentos/curso_airflow/airflowalura/venv/lib/python3.9/site-packages/airflow/example_dags/example_xcomargs.py
[2024-10-15 21:28:09,180] {processor.py:641} INFO - Processing file /home/luan-capella/Documentos/curso_airflow/airflowalura/venv/lib/python3.9/site-packages/airflow/example_dags/example_xcomargs.py for tasks to queue
[2024-10-15 21:28:09,181] {logging_mixin.py:115} INFO - [2024-10-15 21:28:09,181] {dagbag.py:507} INFO - Filling up the DagBag from /home/luan-capella/Documentos/curso_airflow/airflowalura/venv/lib/python3.9/site-packages/airflow/example_dags/example_xcomargs.py
[2024-10-15 21:28:09,198] {processor.py:651} INFO - DAG(s) dict_keys(['example_xcom_args', 'example_xcom_args_with_operators']) retrieved from /home/luan-capella/Documentos/curso_airflow/airflowalura/venv/lib/python3.9/site-packages/airflow/example_dags/example_xcomargs.py
[2024-10-15 21:28:09,234] {logging_mixin.py:115} INFO - [2024-10-15 21:28:09,234] {dag.py:2379} INFO - Sync 2 DAGs
[2024-10-15 21:28:09,245] {logging_mixin.py:115} INFO - [2024-10-15 21:28:09,245] {dag.py:2927} INFO - Setting next_dagrun for example_xcom_args to None, run_after=None
[2024-10-15 21:28:09,246] {logging_mixin.py:115} INFO - [2024-10-15 21:28:09,246] {dag.py:2927} INFO - Setting next_dagrun for example_xcom_args_with_operators to None, run_after=None
[2024-10-15 21:28:09,257] {processor.py:161} INFO - Processing /home/luan-capella/Documentos/curso_airflow/airflowalura/venv/lib/python3.9/site-packages/airflow/example_dags/example_xcomargs.py took 0.083 seconds
[2024-10-15 21:28:45,228] {processor.py:153} INFO - Started process (PID=11005) to work on /home/luan-capella/Documentos/curso_airflow/airflowalura/venv/lib/python3.9/site-packages/airflow/example_dags/example_xcomargs.py
[2024-10-15 21:28:45,229] {processor.py:641} INFO - Processing file /home/luan-capella/Documentos/curso_airflow/airflowalura/venv/lib/python3.9/site-packages/airflow/example_dags/example_xcomargs.py for tasks to queue
[2024-10-15 21:28:45,230] {logging_mixin.py:115} INFO - [2024-10-15 21:28:45,229] {dagbag.py:507} INFO - Filling up the DagBag from /home/luan-capella/Documentos/curso_airflow/airflowalura/venv/lib/python3.9/site-packages/airflow/example_dags/example_xcomargs.py
[2024-10-15 21:28:45,246] {processor.py:651} INFO - DAG(s) dict_keys(['example_xcom_args', 'example_xcom_args_with_operators']) retrieved from /home/luan-capella/Documentos/curso_airflow/airflowalura/venv/lib/python3.9/site-packages/airflow/example_dags/example_xcomargs.py
[2024-10-15 21:28:45,281] {logging_mixin.py:115} INFO - [2024-10-15 21:28:45,281] {dag.py:2379} INFO - Sync 2 DAGs
[2024-10-15 21:28:45,293] {logging_mixin.py:115} INFO - [2024-10-15 21:28:45,293] {dag.py:2927} INFO - Setting next_dagrun for example_xcom_args to None, run_after=None
[2024-10-15 21:28:45,294] {logging_mixin.py:115} INFO - [2024-10-15 21:28:45,294] {dag.py:2927} INFO - Setting next_dagrun for example_xcom_args_with_operators to None, run_after=None
[2024-10-15 21:28:45,306] {processor.py:161} INFO - Processing /home/luan-capella/Documentos/curso_airflow/airflowalura/venv/lib/python3.9/site-packages/airflow/example_dags/example_xcomargs.py took 0.083 seconds
[2024-10-15 21:29:20,348] {processor.py:153} INFO - Started process (PID=11176) to work on /home/luan-capella/Documentos/curso_airflow/airflowalura/venv/lib/python3.9/site-packages/airflow/example_dags/example_xcomargs.py
[2024-10-15 21:29:20,349] {processor.py:641} INFO - Processing file /home/luan-capella/Documentos/curso_airflow/airflowalura/venv/lib/python3.9/site-packages/airflow/example_dags/example_xcomargs.py for tasks to queue
[2024-10-15 21:29:20,350] {logging_mixin.py:115} INFO - [2024-10-15 21:29:20,350] {dagbag.py:507} INFO - Filling up the DagBag from /home/luan-capella/Documentos/curso_airflow/airflowalura/venv/lib/python3.9/site-packages/airflow/example_dags/example_xcomargs.py
[2024-10-15 21:29:20,367] {processor.py:651} INFO - DAG(s) dict_keys(['example_xcom_args', 'example_xcom_args_with_operators']) retrieved from /home/luan-capella/Documentos/curso_airflow/airflowalura/venv/lib/python3.9/site-packages/airflow/example_dags/example_xcomargs.py
[2024-10-15 21:29:20,382] {logging_mixin.py:115} INFO - [2024-10-15 21:29:20,382] {dag.py:2379} INFO - Sync 2 DAGs
[2024-10-15 21:29:20,396] {logging_mixin.py:115} INFO - [2024-10-15 21:29:20,396] {dag.py:2927} INFO - Setting next_dagrun for example_xcom_args to None, run_after=None
[2024-10-15 21:29:20,397] {logging_mixin.py:115} INFO - [2024-10-15 21:29:20,397] {dag.py:2927} INFO - Setting next_dagrun for example_xcom_args_with_operators to None, run_after=None
[2024-10-15 21:29:20,411] {processor.py:161} INFO - Processing /home/luan-capella/Documentos/curso_airflow/airflowalura/venv/lib/python3.9/site-packages/airflow/example_dags/example_xcomargs.py took 0.066 seconds
