[2024-10-15 21:23:55,588] {processor.py:153} INFO - Started process (PID=9442) to work on /home/luan-capella/Documentos/curso_airflow/airflowalura/venv/lib/python3.9/site-packages/airflow/example_dags/example_task_group.py
[2024-10-15 21:23:55,588] {processor.py:641} INFO - Processing file /home/luan-capella/Documentos/curso_airflow/airflowalura/venv/lib/python3.9/site-packages/airflow/example_dags/example_task_group.py for tasks to queue
[2024-10-15 21:23:55,588] {logging_mixin.py:115} INFO - [2024-10-15 21:23:55,588] {dagbag.py:507} INFO - Filling up the DagBag from /home/luan-capella/Documentos/curso_airflow/airflowalura/venv/lib/python3.9/site-packages/airflow/example_dags/example_task_group.py
[2024-10-15 21:23:55,595] {processor.py:651} INFO - DAG(s) dict_keys(['example_task_group']) retrieved from /home/luan-capella/Documentos/curso_airflow/airflowalura/venv/lib/python3.9/site-packages/airflow/example_dags/example_task_group.py
[2024-10-15 21:23:55,609] {logging_mixin.py:115} INFO - [2024-10-15 21:23:55,609] {dag.py:2379} INFO - Sync 1 DAGs
[2024-10-15 21:23:55,622] {logging_mixin.py:115} INFO - [2024-10-15 21:23:55,622] {dag.py:2927} INFO - Setting next_dagrun for example_task_group to 2024-10-15T00:23:55.622667+00:00, run_after=2024-10-16T00:23:55.622667+00:00
[2024-10-15 21:23:55,637] {processor.py:161} INFO - Processing /home/luan-capella/Documentos/curso_airflow/airflowalura/venv/lib/python3.9/site-packages/airflow/example_dags/example_task_group.py took 0.051 seconds
[2024-10-15 21:24:32,731] {processor.py:153} INFO - Started process (PID=9609) to work on /home/luan-capella/Documentos/curso_airflow/airflowalura/venv/lib/python3.9/site-packages/airflow/example_dags/example_task_group.py
[2024-10-15 21:24:32,732] {processor.py:641} INFO - Processing file /home/luan-capella/Documentos/curso_airflow/airflowalura/venv/lib/python3.9/site-packages/airflow/example_dags/example_task_group.py for tasks to queue
[2024-10-15 21:24:32,733] {logging_mixin.py:115} INFO - [2024-10-15 21:24:32,732] {dagbag.py:507} INFO - Filling up the DagBag from /home/luan-capella/Documentos/curso_airflow/airflowalura/venv/lib/python3.9/site-packages/airflow/example_dags/example_task_group.py
[2024-10-15 21:24:32,741] {processor.py:651} INFO - DAG(s) dict_keys(['example_task_group']) retrieved from /home/luan-capella/Documentos/curso_airflow/airflowalura/venv/lib/python3.9/site-packages/airflow/example_dags/example_task_group.py
[2024-10-15 21:24:32,754] {logging_mixin.py:115} INFO - [2024-10-15 21:24:32,754] {dag.py:2379} INFO - Sync 1 DAGs
[2024-10-15 21:24:32,767] {logging_mixin.py:115} INFO - [2024-10-15 21:24:32,767] {dag.py:2927} INFO - Setting next_dagrun for example_task_group to 2024-10-15T00:24:32.767297+00:00, run_after=2024-10-16T00:24:32.767297+00:00
[2024-10-15 21:24:32,779] {processor.py:161} INFO - Processing /home/luan-capella/Documentos/curso_airflow/airflowalura/venv/lib/python3.9/site-packages/airflow/example_dags/example_task_group.py took 0.054 seconds
[2024-10-15 21:25:09,315] {processor.py:153} INFO - Started process (PID=9796) to work on /home/luan-capella/Documentos/curso_airflow/airflowalura/venv/lib/python3.9/site-packages/airflow/example_dags/example_task_group.py
[2024-10-15 21:25:09,317] {processor.py:641} INFO - Processing file /home/luan-capella/Documentos/curso_airflow/airflowalura/venv/lib/python3.9/site-packages/airflow/example_dags/example_task_group.py for tasks to queue
[2024-10-15 21:25:09,318] {logging_mixin.py:115} INFO - [2024-10-15 21:25:09,318] {dagbag.py:507} INFO - Filling up the DagBag from /home/luan-capella/Documentos/curso_airflow/airflowalura/venv/lib/python3.9/site-packages/airflow/example_dags/example_task_group.py
[2024-10-15 21:25:09,328] {processor.py:651} INFO - DAG(s) dict_keys(['example_task_group']) retrieved from /home/luan-capella/Documentos/curso_airflow/airflowalura/venv/lib/python3.9/site-packages/airflow/example_dags/example_task_group.py
[2024-10-15 21:25:09,341] {logging_mixin.py:115} INFO - [2024-10-15 21:25:09,341] {dag.py:2379} INFO - Sync 1 DAGs
[2024-10-15 21:25:09,355] {logging_mixin.py:115} INFO - [2024-10-15 21:25:09,355] {dag.py:2927} INFO - Setting next_dagrun for example_task_group to 2024-10-15T00:25:09.354941+00:00, run_after=2024-10-16T00:25:09.354941+00:00
[2024-10-15 21:25:09,368] {processor.py:161} INFO - Processing /home/luan-capella/Documentos/curso_airflow/airflowalura/venv/lib/python3.9/site-packages/airflow/example_dags/example_task_group.py took 0.058 seconds
[2024-10-15 21:25:45,489] {processor.py:153} INFO - Started process (PID=10032) to work on /home/luan-capella/Documentos/curso_airflow/airflowalura/venv/lib/python3.9/site-packages/airflow/example_dags/example_task_group.py
[2024-10-15 21:25:45,490] {processor.py:641} INFO - Processing file /home/luan-capella/Documentos/curso_airflow/airflowalura/venv/lib/python3.9/site-packages/airflow/example_dags/example_task_group.py for tasks to queue
[2024-10-15 21:25:45,490] {logging_mixin.py:115} INFO - [2024-10-15 21:25:45,490] {dagbag.py:507} INFO - Filling up the DagBag from /home/luan-capella/Documentos/curso_airflow/airflowalura/venv/lib/python3.9/site-packages/airflow/example_dags/example_task_group.py
[2024-10-15 21:25:45,496] {processor.py:651} INFO - DAG(s) dict_keys(['example_task_group']) retrieved from /home/luan-capella/Documentos/curso_airflow/airflowalura/venv/lib/python3.9/site-packages/airflow/example_dags/example_task_group.py
[2024-10-15 21:25:45,510] {logging_mixin.py:115} INFO - [2024-10-15 21:25:45,510] {dag.py:2379} INFO - Sync 1 DAGs
[2024-10-15 21:25:45,526] {logging_mixin.py:115} INFO - [2024-10-15 21:25:45,526] {dag.py:2927} INFO - Setting next_dagrun for example_task_group to 2024-10-15T00:25:45.526268+00:00, run_after=2024-10-16T00:25:45.526268+00:00
[2024-10-15 21:25:45,539] {processor.py:161} INFO - Processing /home/luan-capella/Documentos/curso_airflow/airflowalura/venv/lib/python3.9/site-packages/airflow/example_dags/example_task_group.py took 0.053 seconds
[2024-10-15 21:26:22,986] {processor.py:153} INFO - Started process (PID=10216) to work on /home/luan-capella/Documentos/curso_airflow/airflowalura/venv/lib/python3.9/site-packages/airflow/example_dags/example_task_group.py
[2024-10-15 21:26:22,987] {processor.py:641} INFO - Processing file /home/luan-capella/Documentos/curso_airflow/airflowalura/venv/lib/python3.9/site-packages/airflow/example_dags/example_task_group.py for tasks to queue
[2024-10-15 21:26:22,988] {logging_mixin.py:115} INFO - [2024-10-15 21:26:22,988] {dagbag.py:507} INFO - Filling up the DagBag from /home/luan-capella/Documentos/curso_airflow/airflowalura/venv/lib/python3.9/site-packages/airflow/example_dags/example_task_group.py
[2024-10-15 21:26:22,996] {processor.py:651} INFO - DAG(s) dict_keys(['example_task_group']) retrieved from /home/luan-capella/Documentos/curso_airflow/airflowalura/venv/lib/python3.9/site-packages/airflow/example_dags/example_task_group.py
[2024-10-15 21:26:23,009] {logging_mixin.py:115} INFO - [2024-10-15 21:26:23,009] {dag.py:2379} INFO - Sync 1 DAGs
[2024-10-15 21:26:23,021] {logging_mixin.py:115} INFO - [2024-10-15 21:26:23,021] {dag.py:2927} INFO - Setting next_dagrun for example_task_group to 2024-10-15T00:26:23.021411+00:00, run_after=2024-10-16T00:26:23.021411+00:00
[2024-10-15 21:26:23,036] {processor.py:161} INFO - Processing /home/luan-capella/Documentos/curso_airflow/airflowalura/venv/lib/python3.9/site-packages/airflow/example_dags/example_task_group.py took 0.055 seconds
[2024-10-15 21:26:57,776] {processor.py:153} INFO - Started process (PID=10370) to work on /home/luan-capella/Documentos/curso_airflow/airflowalura/venv/lib/python3.9/site-packages/airflow/example_dags/example_task_group.py
[2024-10-15 21:26:57,777] {processor.py:641} INFO - Processing file /home/luan-capella/Documentos/curso_airflow/airflowalura/venv/lib/python3.9/site-packages/airflow/example_dags/example_task_group.py for tasks to queue
[2024-10-15 21:26:57,777] {logging_mixin.py:115} INFO - [2024-10-15 21:26:57,777] {dagbag.py:507} INFO - Filling up the DagBag from /home/luan-capella/Documentos/curso_airflow/airflowalura/venv/lib/python3.9/site-packages/airflow/example_dags/example_task_group.py
[2024-10-15 21:26:57,783] {processor.py:651} INFO - DAG(s) dict_keys(['example_task_group']) retrieved from /home/luan-capella/Documentos/curso_airflow/airflowalura/venv/lib/python3.9/site-packages/airflow/example_dags/example_task_group.py
[2024-10-15 21:26:57,797] {logging_mixin.py:115} INFO - [2024-10-15 21:26:57,796] {dag.py:2379} INFO - Sync 1 DAGs
[2024-10-15 21:26:57,809] {logging_mixin.py:115} INFO - [2024-10-15 21:26:57,809] {dag.py:2927} INFO - Setting next_dagrun for example_task_group to 2024-10-15T00:26:57.809705+00:00, run_after=2024-10-16T00:26:57.809705+00:00
[2024-10-15 21:26:57,823] {processor.py:161} INFO - Processing /home/luan-capella/Documentos/curso_airflow/airflowalura/venv/lib/python3.9/site-packages/airflow/example_dags/example_task_group.py took 0.049 seconds
[2024-10-15 21:27:33,951] {processor.py:153} INFO - Started process (PID=10591) to work on /home/luan-capella/Documentos/curso_airflow/airflowalura/venv/lib/python3.9/site-packages/airflow/example_dags/example_task_group.py
[2024-10-15 21:27:33,952] {processor.py:641} INFO - Processing file /home/luan-capella/Documentos/curso_airflow/airflowalura/venv/lib/python3.9/site-packages/airflow/example_dags/example_task_group.py for tasks to queue
[2024-10-15 21:27:33,952] {logging_mixin.py:115} INFO - [2024-10-15 21:27:33,952] {dagbag.py:507} INFO - Filling up the DagBag from /home/luan-capella/Documentos/curso_airflow/airflowalura/venv/lib/python3.9/site-packages/airflow/example_dags/example_task_group.py
[2024-10-15 21:27:33,958] {processor.py:651} INFO - DAG(s) dict_keys(['example_task_group']) retrieved from /home/luan-capella/Documentos/curso_airflow/airflowalura/venv/lib/python3.9/site-packages/airflow/example_dags/example_task_group.py
[2024-10-15 21:27:33,974] {logging_mixin.py:115} INFO - [2024-10-15 21:27:33,974] {dag.py:2379} INFO - Sync 1 DAGs
[2024-10-15 21:27:33,988] {logging_mixin.py:115} INFO - [2024-10-15 21:27:33,988] {dag.py:2927} INFO - Setting next_dagrun for example_task_group to 2024-10-15T00:27:33.988524+00:00, run_after=2024-10-16T00:27:33.988524+00:00
[2024-10-15 21:27:34,004] {processor.py:161} INFO - Processing /home/luan-capella/Documentos/curso_airflow/airflowalura/venv/lib/python3.9/site-packages/airflow/example_dags/example_task_group.py took 0.055 seconds
[2024-10-15 21:28:10,310] {processor.py:153} INFO - Started process (PID=10812) to work on /home/luan-capella/Documentos/curso_airflow/airflowalura/venv/lib/python3.9/site-packages/airflow/example_dags/example_task_group.py
[2024-10-15 21:28:10,311] {processor.py:641} INFO - Processing file /home/luan-capella/Documentos/curso_airflow/airflowalura/venv/lib/python3.9/site-packages/airflow/example_dags/example_task_group.py for tasks to queue
[2024-10-15 21:28:10,312] {logging_mixin.py:115} INFO - [2024-10-15 21:28:10,312] {dagbag.py:507} INFO - Filling up the DagBag from /home/luan-capella/Documentos/curso_airflow/airflowalura/venv/lib/python3.9/site-packages/airflow/example_dags/example_task_group.py
[2024-10-15 21:28:10,318] {processor.py:651} INFO - DAG(s) dict_keys(['example_task_group']) retrieved from /home/luan-capella/Documentos/curso_airflow/airflowalura/venv/lib/python3.9/site-packages/airflow/example_dags/example_task_group.py
[2024-10-15 21:28:10,332] {logging_mixin.py:115} INFO - [2024-10-15 21:28:10,332] {dag.py:2379} INFO - Sync 1 DAGs
[2024-10-15 21:28:10,346] {logging_mixin.py:115} INFO - [2024-10-15 21:28:10,346] {dag.py:2927} INFO - Setting next_dagrun for example_task_group to 2024-10-15T00:28:10.346227+00:00, run_after=2024-10-16T00:28:10.346227+00:00
[2024-10-15 21:28:10,359] {processor.py:161} INFO - Processing /home/luan-capella/Documentos/curso_airflow/airflowalura/venv/lib/python3.9/site-packages/airflow/example_dags/example_task_group.py took 0.053 seconds
[2024-10-15 21:28:46,364] {processor.py:153} INFO - Started process (PID=11007) to work on /home/luan-capella/Documentos/curso_airflow/airflowalura/venv/lib/python3.9/site-packages/airflow/example_dags/example_task_group.py
[2024-10-15 21:28:46,370] {processor.py:641} INFO - Processing file /home/luan-capella/Documentos/curso_airflow/airflowalura/venv/lib/python3.9/site-packages/airflow/example_dags/example_task_group.py for tasks to queue
[2024-10-15 21:28:46,370] {logging_mixin.py:115} INFO - [2024-10-15 21:28:46,370] {dagbag.py:507} INFO - Filling up the DagBag from /home/luan-capella/Documentos/curso_airflow/airflowalura/venv/lib/python3.9/site-packages/airflow/example_dags/example_task_group.py
[2024-10-15 21:28:46,376] {processor.py:651} INFO - DAG(s) dict_keys(['example_task_group']) retrieved from /home/luan-capella/Documentos/curso_airflow/airflowalura/venv/lib/python3.9/site-packages/airflow/example_dags/example_task_group.py
[2024-10-15 21:28:46,393] {logging_mixin.py:115} INFO - [2024-10-15 21:28:46,393] {dag.py:2379} INFO - Sync 1 DAGs
[2024-10-15 21:28:46,407] {logging_mixin.py:115} INFO - [2024-10-15 21:28:46,407] {dag.py:2927} INFO - Setting next_dagrun for example_task_group to 2024-10-15T00:28:46.406926+00:00, run_after=2024-10-16T00:28:46.406926+00:00
[2024-10-15 21:28:46,423] {processor.py:161} INFO - Processing /home/luan-capella/Documentos/curso_airflow/airflowalura/venv/lib/python3.9/site-packages/airflow/example_dags/example_task_group.py took 0.064 seconds
[2024-10-15 21:29:21,492] {processor.py:153} INFO - Started process (PID=11184) to work on /home/luan-capella/Documentos/curso_airflow/airflowalura/venv/lib/python3.9/site-packages/airflow/example_dags/example_task_group.py
[2024-10-15 21:29:21,493] {processor.py:641} INFO - Processing file /home/luan-capella/Documentos/curso_airflow/airflowalura/venv/lib/python3.9/site-packages/airflow/example_dags/example_task_group.py for tasks to queue
[2024-10-15 21:29:21,493] {logging_mixin.py:115} INFO - [2024-10-15 21:29:21,493] {dagbag.py:507} INFO - Filling up the DagBag from /home/luan-capella/Documentos/curso_airflow/airflowalura/venv/lib/python3.9/site-packages/airflow/example_dags/example_task_group.py
[2024-10-15 21:29:21,500] {processor.py:651} INFO - DAG(s) dict_keys(['example_task_group']) retrieved from /home/luan-capella/Documentos/curso_airflow/airflowalura/venv/lib/python3.9/site-packages/airflow/example_dags/example_task_group.py
[2024-10-15 21:29:21,515] {logging_mixin.py:115} INFO - [2024-10-15 21:29:21,515] {dag.py:2379} INFO - Sync 1 DAGs
[2024-10-15 21:29:21,527] {logging_mixin.py:115} INFO - [2024-10-15 21:29:21,527] {dag.py:2927} INFO - Setting next_dagrun for example_task_group to 2024-10-15T00:29:21.527660+00:00, run_after=2024-10-16T00:29:21.527660+00:00
[2024-10-15 21:29:21,542] {processor.py:161} INFO - Processing /home/luan-capella/Documentos/curso_airflow/airflowalura/venv/lib/python3.9/site-packages/airflow/example_dags/example_task_group.py took 0.055 seconds
