[2024-10-15 21:24:09,758] {processor.py:153} INFO - Started process (PID=9510) to work on /home/luan-capella/Documentos/curso_airflow/airflowalura/venv/lib/python3.9/site-packages/airflow/example_dags/example_dag_decorator.py
[2024-10-15 21:24:09,759] {processor.py:641} INFO - Processing file /home/luan-capella/Documentos/curso_airflow/airflowalura/venv/lib/python3.9/site-packages/airflow/example_dags/example_dag_decorator.py for tasks to queue
[2024-10-15 21:24:09,760] {logging_mixin.py:115} INFO - [2024-10-15 21:24:09,760] {dagbag.py:507} INFO - Filling up the DagBag from /home/luan-capella/Documentos/curso_airflow/airflowalura/venv/lib/python3.9/site-packages/airflow/example_dags/example_dag_decorator.py
[2024-10-15 21:24:09,785] {processor.py:651} INFO - DAG(s) dict_keys(['example_dag_decorator']) retrieved from /home/luan-capella/Documentos/curso_airflow/airflowalura/venv/lib/python3.9/site-packages/airflow/example_dags/example_dag_decorator.py
[2024-10-15 21:24:09,819] {logging_mixin.py:115} INFO - [2024-10-15 21:24:09,819] {dag.py:2379} INFO - Sync 1 DAGs
[2024-10-15 21:24:09,831] {logging_mixin.py:115} INFO - [2024-10-15 21:24:09,831] {dag.py:2927} INFO - Setting next_dagrun for example_dag_decorator to None, run_after=None
[2024-10-15 21:24:09,846] {processor.py:161} INFO - Processing /home/luan-capella/Documentos/curso_airflow/airflowalura/venv/lib/python3.9/site-packages/airflow/example_dags/example_dag_decorator.py took 0.093 seconds
[2024-10-15 21:24:45,897] {processor.py:153} INFO - Started process (PID=9681) to work on /home/luan-capella/Documentos/curso_airflow/airflowalura/venv/lib/python3.9/site-packages/airflow/example_dags/example_dag_decorator.py
[2024-10-15 21:24:45,898] {processor.py:641} INFO - Processing file /home/luan-capella/Documentos/curso_airflow/airflowalura/venv/lib/python3.9/site-packages/airflow/example_dags/example_dag_decorator.py for tasks to queue
[2024-10-15 21:24:45,898] {logging_mixin.py:115} INFO - [2024-10-15 21:24:45,898] {dagbag.py:507} INFO - Filling up the DagBag from /home/luan-capella/Documentos/curso_airflow/airflowalura/venv/lib/python3.9/site-packages/airflow/example_dags/example_dag_decorator.py
[2024-10-15 21:24:45,916] {processor.py:651} INFO - DAG(s) dict_keys(['example_dag_decorator']) retrieved from /home/luan-capella/Documentos/curso_airflow/airflowalura/venv/lib/python3.9/site-packages/airflow/example_dags/example_dag_decorator.py
[2024-10-15 21:24:45,951] {logging_mixin.py:115} INFO - [2024-10-15 21:24:45,951] {dag.py:2379} INFO - Sync 1 DAGs
[2024-10-15 21:24:45,964] {logging_mixin.py:115} INFO - [2024-10-15 21:24:45,963] {dag.py:2927} INFO - Setting next_dagrun for example_dag_decorator to None, run_after=None
[2024-10-15 21:24:45,977] {processor.py:161} INFO - Processing /home/luan-capella/Documentos/curso_airflow/airflowalura/venv/lib/python3.9/site-packages/airflow/example_dags/example_dag_decorator.py took 0.082 seconds
[2024-10-15 21:25:23,496] {processor.py:153} INFO - Started process (PID=9931) to work on /home/luan-capella/Documentos/curso_airflow/airflowalura/venv/lib/python3.9/site-packages/airflow/example_dags/example_dag_decorator.py
[2024-10-15 21:25:23,497] {processor.py:641} INFO - Processing file /home/luan-capella/Documentos/curso_airflow/airflowalura/venv/lib/python3.9/site-packages/airflow/example_dags/example_dag_decorator.py for tasks to queue
[2024-10-15 21:25:23,497] {logging_mixin.py:115} INFO - [2024-10-15 21:25:23,497] {dagbag.py:507} INFO - Filling up the DagBag from /home/luan-capella/Documentos/curso_airflow/airflowalura/venv/lib/python3.9/site-packages/airflow/example_dags/example_dag_decorator.py
[2024-10-15 21:25:23,515] {processor.py:651} INFO - DAG(s) dict_keys(['example_dag_decorator']) retrieved from /home/luan-capella/Documentos/curso_airflow/airflowalura/venv/lib/python3.9/site-packages/airflow/example_dags/example_dag_decorator.py
[2024-10-15 21:25:23,550] {logging_mixin.py:115} INFO - [2024-10-15 21:25:23,550] {dag.py:2379} INFO - Sync 1 DAGs
[2024-10-15 21:25:23,563] {logging_mixin.py:115} INFO - [2024-10-15 21:25:23,562] {dag.py:2927} INFO - Setting next_dagrun for example_dag_decorator to None, run_after=None
[2024-10-15 21:25:23,577] {processor.py:161} INFO - Processing /home/luan-capella/Documentos/curso_airflow/airflowalura/venv/lib/python3.9/site-packages/airflow/example_dags/example_dag_decorator.py took 0.083 seconds
[2024-10-15 21:25:59,493] {processor.py:153} INFO - Started process (PID=10106) to work on /home/luan-capella/Documentos/curso_airflow/airflowalura/venv/lib/python3.9/site-packages/airflow/example_dags/example_dag_decorator.py
[2024-10-15 21:25:59,493] {processor.py:641} INFO - Processing file /home/luan-capella/Documentos/curso_airflow/airflowalura/venv/lib/python3.9/site-packages/airflow/example_dags/example_dag_decorator.py for tasks to queue
[2024-10-15 21:25:59,494] {logging_mixin.py:115} INFO - [2024-10-15 21:25:59,494] {dagbag.py:507} INFO - Filling up the DagBag from /home/luan-capella/Documentos/curso_airflow/airflowalura/venv/lib/python3.9/site-packages/airflow/example_dags/example_dag_decorator.py
[2024-10-15 21:25:59,512] {processor.py:651} INFO - DAG(s) dict_keys(['example_dag_decorator']) retrieved from /home/luan-capella/Documentos/curso_airflow/airflowalura/venv/lib/python3.9/site-packages/airflow/example_dags/example_dag_decorator.py
[2024-10-15 21:25:59,525] {logging_mixin.py:115} INFO - [2024-10-15 21:25:59,525] {dag.py:2379} INFO - Sync 1 DAGs
[2024-10-15 21:25:59,538] {logging_mixin.py:115} INFO - [2024-10-15 21:25:59,538] {dag.py:2927} INFO - Setting next_dagrun for example_dag_decorator to None, run_after=None
[2024-10-15 21:25:59,549] {processor.py:161} INFO - Processing /home/luan-capella/Documentos/curso_airflow/airflowalura/venv/lib/python3.9/site-packages/airflow/example_dags/example_dag_decorator.py took 0.063 seconds
[2024-10-15 21:26:35,779] {processor.py:153} INFO - Started process (PID=10273) to work on /home/luan-capella/Documentos/curso_airflow/airflowalura/venv/lib/python3.9/site-packages/airflow/example_dags/example_dag_decorator.py
[2024-10-15 21:26:35,781] {processor.py:641} INFO - Processing file /home/luan-capella/Documentos/curso_airflow/airflowalura/venv/lib/python3.9/site-packages/airflow/example_dags/example_dag_decorator.py for tasks to queue
[2024-10-15 21:26:35,781] {logging_mixin.py:115} INFO - [2024-10-15 21:26:35,781] {dagbag.py:507} INFO - Filling up the DagBag from /home/luan-capella/Documentos/curso_airflow/airflowalura/venv/lib/python3.9/site-packages/airflow/example_dags/example_dag_decorator.py
[2024-10-15 21:26:35,803] {processor.py:651} INFO - DAG(s) dict_keys(['example_dag_decorator']) retrieved from /home/luan-capella/Documentos/curso_airflow/airflowalura/venv/lib/python3.9/site-packages/airflow/example_dags/example_dag_decorator.py
[2024-10-15 21:26:35,836] {logging_mixin.py:115} INFO - [2024-10-15 21:26:35,836] {dag.py:2379} INFO - Sync 1 DAGs
[2024-10-15 21:26:35,846] {logging_mixin.py:115} INFO - [2024-10-15 21:26:35,846] {dag.py:2927} INFO - Setting next_dagrun for example_dag_decorator to None, run_after=None
[2024-10-15 21:26:35,858] {processor.py:161} INFO - Processing /home/luan-capella/Documentos/curso_airflow/airflowalura/venv/lib/python3.9/site-packages/airflow/example_dags/example_dag_decorator.py took 0.083 seconds
[2024-10-15 21:27:11,691] {processor.py:153} INFO - Started process (PID=10437) to work on /home/luan-capella/Documentos/curso_airflow/airflowalura/venv/lib/python3.9/site-packages/airflow/example_dags/example_dag_decorator.py
[2024-10-15 21:27:11,692] {processor.py:641} INFO - Processing file /home/luan-capella/Documentos/curso_airflow/airflowalura/venv/lib/python3.9/site-packages/airflow/example_dags/example_dag_decorator.py for tasks to queue
[2024-10-15 21:27:11,692] {logging_mixin.py:115} INFO - [2024-10-15 21:27:11,692] {dagbag.py:507} INFO - Filling up the DagBag from /home/luan-capella/Documentos/curso_airflow/airflowalura/venv/lib/python3.9/site-packages/airflow/example_dags/example_dag_decorator.py
[2024-10-15 21:27:11,708] {processor.py:651} INFO - DAG(s) dict_keys(['example_dag_decorator']) retrieved from /home/luan-capella/Documentos/curso_airflow/airflowalura/venv/lib/python3.9/site-packages/airflow/example_dags/example_dag_decorator.py
[2024-10-15 21:27:11,741] {logging_mixin.py:115} INFO - [2024-10-15 21:27:11,741] {dag.py:2379} INFO - Sync 1 DAGs
[2024-10-15 21:27:11,752] {logging_mixin.py:115} INFO - [2024-10-15 21:27:11,752] {dag.py:2927} INFO - Setting next_dagrun for example_dag_decorator to None, run_after=None
[2024-10-15 21:27:11,764] {processor.py:161} INFO - Processing /home/luan-capella/Documentos/curso_airflow/airflowalura/venv/lib/python3.9/site-packages/airflow/example_dags/example_dag_decorator.py took 0.076 seconds
[2024-10-15 21:27:50,571] {processor.py:153} INFO - Started process (PID=10691) to work on /home/luan-capella/Documentos/curso_airflow/airflowalura/venv/lib/python3.9/site-packages/airflow/example_dags/example_dag_decorator.py
[2024-10-15 21:27:50,572] {processor.py:641} INFO - Processing file /home/luan-capella/Documentos/curso_airflow/airflowalura/venv/lib/python3.9/site-packages/airflow/example_dags/example_dag_decorator.py for tasks to queue
[2024-10-15 21:27:50,573] {logging_mixin.py:115} INFO - [2024-10-15 21:27:50,573] {dagbag.py:507} INFO - Filling up the DagBag from /home/luan-capella/Documentos/curso_airflow/airflowalura/venv/lib/python3.9/site-packages/airflow/example_dags/example_dag_decorator.py
[2024-10-15 21:27:50,594] {processor.py:651} INFO - DAG(s) dict_keys(['example_dag_decorator']) retrieved from /home/luan-capella/Documentos/curso_airflow/airflowalura/venv/lib/python3.9/site-packages/airflow/example_dags/example_dag_decorator.py
[2024-10-15 21:27:50,629] {logging_mixin.py:115} INFO - [2024-10-15 21:27:50,629] {dag.py:2379} INFO - Sync 1 DAGs
[2024-10-15 21:27:50,639] {logging_mixin.py:115} INFO - [2024-10-15 21:27:50,639] {dag.py:2927} INFO - Setting next_dagrun for example_dag_decorator to None, run_after=None
[2024-10-15 21:27:50,656] {processor.py:161} INFO - Processing /home/luan-capella/Documentos/curso_airflow/airflowalura/venv/lib/python3.9/site-packages/airflow/example_dags/example_dag_decorator.py took 0.090 seconds
[2024-10-15 21:28:31,679] {processor.py:153} INFO - Started process (PID=10918) to work on /home/luan-capella/Documentos/curso_airflow/airflowalura/venv/lib/python3.9/site-packages/airflow/example_dags/example_dag_decorator.py
[2024-10-15 21:28:31,679] {processor.py:641} INFO - Processing file /home/luan-capella/Documentos/curso_airflow/airflowalura/venv/lib/python3.9/site-packages/airflow/example_dags/example_dag_decorator.py for tasks to queue
[2024-10-15 21:28:31,679] {logging_mixin.py:115} INFO - [2024-10-15 21:28:31,679] {dagbag.py:507} INFO - Filling up the DagBag from /home/luan-capella/Documentos/curso_airflow/airflowalura/venv/lib/python3.9/site-packages/airflow/example_dags/example_dag_decorator.py
[2024-10-15 21:28:31,697] {processor.py:651} INFO - DAG(s) dict_keys(['example_dag_decorator']) retrieved from /home/luan-capella/Documentos/curso_airflow/airflowalura/venv/lib/python3.9/site-packages/airflow/example_dags/example_dag_decorator.py
[2024-10-15 21:28:31,736] {logging_mixin.py:115} INFO - [2024-10-15 21:28:31,736] {dag.py:2379} INFO - Sync 1 DAGs
[2024-10-15 21:28:31,748] {logging_mixin.py:115} INFO - [2024-10-15 21:28:31,748] {dag.py:2927} INFO - Setting next_dagrun for example_dag_decorator to None, run_after=None
[2024-10-15 21:28:31,761] {processor.py:161} INFO - Processing /home/luan-capella/Documentos/curso_airflow/airflowalura/venv/lib/python3.9/site-packages/airflow/example_dags/example_dag_decorator.py took 0.086 seconds
[2024-10-15 21:29:08,907] {processor.py:153} INFO - Started process (PID=11128) to work on /home/luan-capella/Documentos/curso_airflow/airflowalura/venv/lib/python3.9/site-packages/airflow/example_dags/example_dag_decorator.py
[2024-10-15 21:29:08,908] {processor.py:641} INFO - Processing file /home/luan-capella/Documentos/curso_airflow/airflowalura/venv/lib/python3.9/site-packages/airflow/example_dags/example_dag_decorator.py for tasks to queue
[2024-10-15 21:29:08,909] {logging_mixin.py:115} INFO - [2024-10-15 21:29:08,909] {dagbag.py:507} INFO - Filling up the DagBag from /home/luan-capella/Documentos/curso_airflow/airflowalura/venv/lib/python3.9/site-packages/airflow/example_dags/example_dag_decorator.py
[2024-10-15 21:29:08,934] {processor.py:651} INFO - DAG(s) dict_keys(['example_dag_decorator']) retrieved from /home/luan-capella/Documentos/curso_airflow/airflowalura/venv/lib/python3.9/site-packages/airflow/example_dags/example_dag_decorator.py
[2024-10-15 21:29:08,970] {logging_mixin.py:115} INFO - [2024-10-15 21:29:08,970] {dag.py:2379} INFO - Sync 1 DAGs
[2024-10-15 21:29:08,982] {logging_mixin.py:115} INFO - [2024-10-15 21:29:08,982] {dag.py:2927} INFO - Setting next_dagrun for example_dag_decorator to None, run_after=None
[2024-10-15 21:29:08,996] {processor.py:161} INFO - Processing /home/luan-capella/Documentos/curso_airflow/airflowalura/venv/lib/python3.9/site-packages/airflow/example_dags/example_dag_decorator.py took 0.090 seconds
[2024-10-15 21:29:45,961] {processor.py:153} INFO - Started process (PID=11294) to work on /home/luan-capella/Documentos/curso_airflow/airflowalura/venv/lib/python3.9/site-packages/airflow/example_dags/example_dag_decorator.py
[2024-10-15 21:29:45,962] {processor.py:641} INFO - Processing file /home/luan-capella/Documentos/curso_airflow/airflowalura/venv/lib/python3.9/site-packages/airflow/example_dags/example_dag_decorator.py for tasks to queue
[2024-10-15 21:29:45,963] {logging_mixin.py:115} INFO - [2024-10-15 21:29:45,962] {dagbag.py:507} INFO - Filling up the DagBag from /home/luan-capella/Documentos/curso_airflow/airflowalura/venv/lib/python3.9/site-packages/airflow/example_dags/example_dag_decorator.py
[2024-10-15 21:29:45,980] {processor.py:651} INFO - DAG(s) dict_keys(['example_dag_decorator']) retrieved from /home/luan-capella/Documentos/curso_airflow/airflowalura/venv/lib/python3.9/site-packages/airflow/example_dags/example_dag_decorator.py
[2024-10-15 21:29:45,992] {logging_mixin.py:115} INFO - [2024-10-15 21:29:45,992] {dag.py:2379} INFO - Sync 1 DAGs
[2024-10-15 21:29:46,006] {logging_mixin.py:115} INFO - [2024-10-15 21:29:46,006] {dag.py:2927} INFO - Setting next_dagrun for example_dag_decorator to None, run_after=None
[2024-10-15 21:29:46,023] {processor.py:161} INFO - Processing /home/luan-capella/Documentos/curso_airflow/airflowalura/venv/lib/python3.9/site-packages/airflow/example_dags/example_dag_decorator.py took 0.064 seconds
