[2024-10-15 21:23:57,278] {processor.py:153} INFO - Started process (PID=9449) to work on /home/luan-capella/Documentos/curso_airflow/airflowalura/venv/lib/python3.9/site-packages/airflow/example_dags/example_trigger_controller_dag.py
[2024-10-15 21:23:57,287] {processor.py:641} INFO - Processing file /home/luan-capella/Documentos/curso_airflow/airflowalura/venv/lib/python3.9/site-packages/airflow/example_dags/example_trigger_controller_dag.py for tasks to queue
[2024-10-15 21:23:57,287] {logging_mixin.py:115} INFO - [2024-10-15 21:23:57,287] {dagbag.py:507} INFO - Filling up the DagBag from /home/luan-capella/Documentos/curso_airflow/airflowalura/venv/lib/python3.9/site-packages/airflow/example_dags/example_trigger_controller_dag.py
[2024-10-15 21:23:57,290] {processor.py:651} INFO - DAG(s) dict_keys(['example_trigger_controller_dag']) retrieved from /home/luan-capella/Documentos/curso_airflow/airflowalura/venv/lib/python3.9/site-packages/airflow/example_dags/example_trigger_controller_dag.py
[2024-10-15 21:23:57,304] {logging_mixin.py:115} INFO - [2024-10-15 21:23:57,304] {dag.py:2379} INFO - Sync 1 DAGs
[2024-10-15 21:23:57,318] {logging_mixin.py:115} INFO - [2024-10-15 21:23:57,317] {dag.py:2927} INFO - Setting next_dagrun for example_trigger_controller_dag to 2021-01-01T00:00:00+00:00, run_after=2021-01-01T00:00:00+00:00
[2024-10-15 21:23:57,333] {processor.py:161} INFO - Processing /home/luan-capella/Documentos/curso_airflow/airflowalura/venv/lib/python3.9/site-packages/airflow/example_dags/example_trigger_controller_dag.py took 0.058 seconds
[2024-10-15 21:24:34,429] {processor.py:153} INFO - Started process (PID=9625) to work on /home/luan-capella/Documentos/curso_airflow/airflowalura/venv/lib/python3.9/site-packages/airflow/example_dags/example_trigger_controller_dag.py
[2024-10-15 21:24:34,429] {processor.py:641} INFO - Processing file /home/luan-capella/Documentos/curso_airflow/airflowalura/venv/lib/python3.9/site-packages/airflow/example_dags/example_trigger_controller_dag.py for tasks to queue
[2024-10-15 21:24:34,430] {logging_mixin.py:115} INFO - [2024-10-15 21:24:34,430] {dagbag.py:507} INFO - Filling up the DagBag from /home/luan-capella/Documentos/curso_airflow/airflowalura/venv/lib/python3.9/site-packages/airflow/example_dags/example_trigger_controller_dag.py
[2024-10-15 21:24:34,433] {processor.py:651} INFO - DAG(s) dict_keys(['example_trigger_controller_dag']) retrieved from /home/luan-capella/Documentos/curso_airflow/airflowalura/venv/lib/python3.9/site-packages/airflow/example_dags/example_trigger_controller_dag.py
[2024-10-15 21:24:34,448] {logging_mixin.py:115} INFO - [2024-10-15 21:24:34,448] {dag.py:2379} INFO - Sync 1 DAGs
[2024-10-15 21:24:34,463] {logging_mixin.py:115} INFO - [2024-10-15 21:24:34,463] {dag.py:2927} INFO - Setting next_dagrun for example_trigger_controller_dag to 2021-01-01T00:00:00+00:00, run_after=2021-01-01T00:00:00+00:00
[2024-10-15 21:24:34,475] {processor.py:161} INFO - Processing /home/luan-capella/Documentos/curso_airflow/airflowalura/venv/lib/python3.9/site-packages/airflow/example_dags/example_trigger_controller_dag.py took 0.050 seconds
[2024-10-15 21:25:11,732] {processor.py:153} INFO - Started process (PID=9805) to work on /home/luan-capella/Documentos/curso_airflow/airflowalura/venv/lib/python3.9/site-packages/airflow/example_dags/example_trigger_controller_dag.py
[2024-10-15 21:25:11,733] {processor.py:641} INFO - Processing file /home/luan-capella/Documentos/curso_airflow/airflowalura/venv/lib/python3.9/site-packages/airflow/example_dags/example_trigger_controller_dag.py for tasks to queue
[2024-10-15 21:25:11,734] {logging_mixin.py:115} INFO - [2024-10-15 21:25:11,734] {dagbag.py:507} INFO - Filling up the DagBag from /home/luan-capella/Documentos/curso_airflow/airflowalura/venv/lib/python3.9/site-packages/airflow/example_dags/example_trigger_controller_dag.py
[2024-10-15 21:25:11,738] {processor.py:651} INFO - DAG(s) dict_keys(['example_trigger_controller_dag']) retrieved from /home/luan-capella/Documentos/curso_airflow/airflowalura/venv/lib/python3.9/site-packages/airflow/example_dags/example_trigger_controller_dag.py
[2024-10-15 21:25:11,753] {logging_mixin.py:115} INFO - [2024-10-15 21:25:11,753] {dag.py:2379} INFO - Sync 1 DAGs
[2024-10-15 21:25:11,767] {logging_mixin.py:115} INFO - [2024-10-15 21:25:11,767] {dag.py:2927} INFO - Setting next_dagrun for example_trigger_controller_dag to 2021-01-01T00:00:00+00:00, run_after=2021-01-01T00:00:00+00:00
[2024-10-15 21:25:11,780] {processor.py:161} INFO - Processing /home/luan-capella/Documentos/curso_airflow/airflowalura/venv/lib/python3.9/site-packages/airflow/example_dags/example_trigger_controller_dag.py took 0.050 seconds
[2024-10-15 21:25:47,912] {processor.py:153} INFO - Started process (PID=10056) to work on /home/luan-capella/Documentos/curso_airflow/airflowalura/venv/lib/python3.9/site-packages/airflow/example_dags/example_trigger_controller_dag.py
[2024-10-15 21:25:47,913] {processor.py:641} INFO - Processing file /home/luan-capella/Documentos/curso_airflow/airflowalura/venv/lib/python3.9/site-packages/airflow/example_dags/example_trigger_controller_dag.py for tasks to queue
[2024-10-15 21:25:47,913] {logging_mixin.py:115} INFO - [2024-10-15 21:25:47,913] {dagbag.py:507} INFO - Filling up the DagBag from /home/luan-capella/Documentos/curso_airflow/airflowalura/venv/lib/python3.9/site-packages/airflow/example_dags/example_trigger_controller_dag.py
[2024-10-15 21:25:47,916] {processor.py:651} INFO - DAG(s) dict_keys(['example_trigger_controller_dag']) retrieved from /home/luan-capella/Documentos/curso_airflow/airflowalura/venv/lib/python3.9/site-packages/airflow/example_dags/example_trigger_controller_dag.py
[2024-10-15 21:25:47,928] {logging_mixin.py:115} INFO - [2024-10-15 21:25:47,928] {dag.py:2379} INFO - Sync 1 DAGs
[2024-10-15 21:25:47,944] {logging_mixin.py:115} INFO - [2024-10-15 21:25:47,944] {dag.py:2927} INFO - Setting next_dagrun for example_trigger_controller_dag to 2021-01-01T00:00:00+00:00, run_after=2021-01-01T00:00:00+00:00
[2024-10-15 21:25:47,956] {processor.py:161} INFO - Processing /home/luan-capella/Documentos/curso_airflow/airflowalura/venv/lib/python3.9/site-packages/airflow/example_dags/example_trigger_controller_dag.py took 0.047 seconds
[2024-10-15 21:26:24,491] {processor.py:153} INFO - Started process (PID=10222) to work on /home/luan-capella/Documentos/curso_airflow/airflowalura/venv/lib/python3.9/site-packages/airflow/example_dags/example_trigger_controller_dag.py
[2024-10-15 21:26:24,492] {processor.py:641} INFO - Processing file /home/luan-capella/Documentos/curso_airflow/airflowalura/venv/lib/python3.9/site-packages/airflow/example_dags/example_trigger_controller_dag.py for tasks to queue
[2024-10-15 21:26:24,492] {logging_mixin.py:115} INFO - [2024-10-15 21:26:24,492] {dagbag.py:507} INFO - Filling up the DagBag from /home/luan-capella/Documentos/curso_airflow/airflowalura/venv/lib/python3.9/site-packages/airflow/example_dags/example_trigger_controller_dag.py
[2024-10-15 21:26:24,497] {processor.py:651} INFO - DAG(s) dict_keys(['example_trigger_controller_dag']) retrieved from /home/luan-capella/Documentos/curso_airflow/airflowalura/venv/lib/python3.9/site-packages/airflow/example_dags/example_trigger_controller_dag.py
[2024-10-15 21:26:24,510] {logging_mixin.py:115} INFO - [2024-10-15 21:26:24,510] {dag.py:2379} INFO - Sync 1 DAGs
[2024-10-15 21:26:24,522] {logging_mixin.py:115} INFO - [2024-10-15 21:26:24,522] {dag.py:2927} INFO - Setting next_dagrun for example_trigger_controller_dag to 2021-01-01T00:00:00+00:00, run_after=2021-01-01T00:00:00+00:00
[2024-10-15 21:26:24,532] {processor.py:161} INFO - Processing /home/luan-capella/Documentos/curso_airflow/airflowalura/venv/lib/python3.9/site-packages/airflow/example_dags/example_trigger_controller_dag.py took 0.046 seconds
[2024-10-15 21:26:59,122] {processor.py:153} INFO - Started process (PID=10377) to work on /home/luan-capella/Documentos/curso_airflow/airflowalura/venv/lib/python3.9/site-packages/airflow/example_dags/example_trigger_controller_dag.py
[2024-10-15 21:26:59,123] {processor.py:641} INFO - Processing file /home/luan-capella/Documentos/curso_airflow/airflowalura/venv/lib/python3.9/site-packages/airflow/example_dags/example_trigger_controller_dag.py for tasks to queue
[2024-10-15 21:26:59,124] {logging_mixin.py:115} INFO - [2024-10-15 21:26:59,124] {dagbag.py:507} INFO - Filling up the DagBag from /home/luan-capella/Documentos/curso_airflow/airflowalura/venv/lib/python3.9/site-packages/airflow/example_dags/example_trigger_controller_dag.py
[2024-10-15 21:26:59,129] {processor.py:651} INFO - DAG(s) dict_keys(['example_trigger_controller_dag']) retrieved from /home/luan-capella/Documentos/curso_airflow/airflowalura/venv/lib/python3.9/site-packages/airflow/example_dags/example_trigger_controller_dag.py
[2024-10-15 21:26:59,142] {logging_mixin.py:115} INFO - [2024-10-15 21:26:59,142] {dag.py:2379} INFO - Sync 1 DAGs
[2024-10-15 21:26:59,156] {logging_mixin.py:115} INFO - [2024-10-15 21:26:59,156] {dag.py:2927} INFO - Setting next_dagrun for example_trigger_controller_dag to 2021-01-01T00:00:00+00:00, run_after=2021-01-01T00:00:00+00:00
[2024-10-15 21:26:59,168] {processor.py:161} INFO - Processing /home/luan-capella/Documentos/curso_airflow/airflowalura/venv/lib/python3.9/site-packages/airflow/example_dags/example_trigger_controller_dag.py took 0.052 seconds
[2024-10-15 21:27:34,539] {processor.py:153} INFO - Started process (PID=10595) to work on /home/luan-capella/Documentos/curso_airflow/airflowalura/venv/lib/python3.9/site-packages/airflow/example_dags/example_trigger_controller_dag.py
[2024-10-15 21:27:34,540] {processor.py:641} INFO - Processing file /home/luan-capella/Documentos/curso_airflow/airflowalura/venv/lib/python3.9/site-packages/airflow/example_dags/example_trigger_controller_dag.py for tasks to queue
[2024-10-15 21:27:34,540] {logging_mixin.py:115} INFO - [2024-10-15 21:27:34,540] {dagbag.py:507} INFO - Filling up the DagBag from /home/luan-capella/Documentos/curso_airflow/airflowalura/venv/lib/python3.9/site-packages/airflow/example_dags/example_trigger_controller_dag.py
[2024-10-15 21:27:34,543] {processor.py:651} INFO - DAG(s) dict_keys(['example_trigger_controller_dag']) retrieved from /home/luan-capella/Documentos/curso_airflow/airflowalura/venv/lib/python3.9/site-packages/airflow/example_dags/example_trigger_controller_dag.py
[2024-10-15 21:27:34,557] {logging_mixin.py:115} INFO - [2024-10-15 21:27:34,557] {dag.py:2379} INFO - Sync 1 DAGs
[2024-10-15 21:27:34,572] {logging_mixin.py:115} INFO - [2024-10-15 21:27:34,572] {dag.py:2927} INFO - Setting next_dagrun for example_trigger_controller_dag to 2021-01-01T00:00:00+00:00, run_after=2021-01-01T00:00:00+00:00
[2024-10-15 21:27:34,584] {processor.py:161} INFO - Processing /home/luan-capella/Documentos/curso_airflow/airflowalura/venv/lib/python3.9/site-packages/airflow/example_dags/example_trigger_controller_dag.py took 0.047 seconds
[2024-10-15 21:28:12,182] {processor.py:153} INFO - Started process (PID=10820) to work on /home/luan-capella/Documentos/curso_airflow/airflowalura/venv/lib/python3.9/site-packages/airflow/example_dags/example_trigger_controller_dag.py
[2024-10-15 21:28:12,183] {processor.py:641} INFO - Processing file /home/luan-capella/Documentos/curso_airflow/airflowalura/venv/lib/python3.9/site-packages/airflow/example_dags/example_trigger_controller_dag.py for tasks to queue
[2024-10-15 21:28:12,183] {logging_mixin.py:115} INFO - [2024-10-15 21:28:12,183] {dagbag.py:507} INFO - Filling up the DagBag from /home/luan-capella/Documentos/curso_airflow/airflowalura/venv/lib/python3.9/site-packages/airflow/example_dags/example_trigger_controller_dag.py
[2024-10-15 21:28:12,186] {processor.py:651} INFO - DAG(s) dict_keys(['example_trigger_controller_dag']) retrieved from /home/luan-capella/Documentos/curso_airflow/airflowalura/venv/lib/python3.9/site-packages/airflow/example_dags/example_trigger_controller_dag.py
[2024-10-15 21:28:12,203] {logging_mixin.py:115} INFO - [2024-10-15 21:28:12,203] {dag.py:2379} INFO - Sync 1 DAGs
[2024-10-15 21:28:12,217] {logging_mixin.py:115} INFO - [2024-10-15 21:28:12,216] {dag.py:2927} INFO - Setting next_dagrun for example_trigger_controller_dag to 2021-01-01T00:00:00+00:00, run_after=2021-01-01T00:00:00+00:00
[2024-10-15 21:28:12,228] {processor.py:161} INFO - Processing /home/luan-capella/Documentos/curso_airflow/airflowalura/venv/lib/python3.9/site-packages/airflow/example_dags/example_trigger_controller_dag.py took 0.052 seconds
[2024-10-15 21:28:48,276] {processor.py:153} INFO - Started process (PID=11015) to work on /home/luan-capella/Documentos/curso_airflow/airflowalura/venv/lib/python3.9/site-packages/airflow/example_dags/example_trigger_controller_dag.py
[2024-10-15 21:28:48,277] {processor.py:641} INFO - Processing file /home/luan-capella/Documentos/curso_airflow/airflowalura/venv/lib/python3.9/site-packages/airflow/example_dags/example_trigger_controller_dag.py for tasks to queue
[2024-10-15 21:28:48,277] {logging_mixin.py:115} INFO - [2024-10-15 21:28:48,277] {dagbag.py:507} INFO - Filling up the DagBag from /home/luan-capella/Documentos/curso_airflow/airflowalura/venv/lib/python3.9/site-packages/airflow/example_dags/example_trigger_controller_dag.py
[2024-10-15 21:28:48,282] {processor.py:651} INFO - DAG(s) dict_keys(['example_trigger_controller_dag']) retrieved from /home/luan-capella/Documentos/curso_airflow/airflowalura/venv/lib/python3.9/site-packages/airflow/example_dags/example_trigger_controller_dag.py
[2024-10-15 21:28:48,298] {logging_mixin.py:115} INFO - [2024-10-15 21:28:48,298] {dag.py:2379} INFO - Sync 1 DAGs
[2024-10-15 21:28:48,312] {logging_mixin.py:115} INFO - [2024-10-15 21:28:48,312] {dag.py:2927} INFO - Setting next_dagrun for example_trigger_controller_dag to 2021-01-01T00:00:00+00:00, run_after=2021-01-01T00:00:00+00:00
[2024-10-15 21:28:48,325] {processor.py:161} INFO - Processing /home/luan-capella/Documentos/curso_airflow/airflowalura/venv/lib/python3.9/site-packages/airflow/example_dags/example_trigger_controller_dag.py took 0.053 seconds
[2024-10-15 21:29:24,387] {processor.py:153} INFO - Started process (PID=11195) to work on /home/luan-capella/Documentos/curso_airflow/airflowalura/venv/lib/python3.9/site-packages/airflow/example_dags/example_trigger_controller_dag.py
[2024-10-15 21:29:24,388] {processor.py:641} INFO - Processing file /home/luan-capella/Documentos/curso_airflow/airflowalura/venv/lib/python3.9/site-packages/airflow/example_dags/example_trigger_controller_dag.py for tasks to queue
[2024-10-15 21:29:24,389] {logging_mixin.py:115} INFO - [2024-10-15 21:29:24,389] {dagbag.py:507} INFO - Filling up the DagBag from /home/luan-capella/Documentos/curso_airflow/airflowalura/venv/lib/python3.9/site-packages/airflow/example_dags/example_trigger_controller_dag.py
[2024-10-15 21:29:24,393] {processor.py:651} INFO - DAG(s) dict_keys(['example_trigger_controller_dag']) retrieved from /home/luan-capella/Documentos/curso_airflow/airflowalura/venv/lib/python3.9/site-packages/airflow/example_dags/example_trigger_controller_dag.py
[2024-10-15 21:29:24,407] {logging_mixin.py:115} INFO - [2024-10-15 21:29:24,406] {dag.py:2379} INFO - Sync 1 DAGs
[2024-10-15 21:29:24,421] {logging_mixin.py:115} INFO - [2024-10-15 21:29:24,421] {dag.py:2927} INFO - Setting next_dagrun for example_trigger_controller_dag to 2021-01-01T00:00:00+00:00, run_after=2021-01-01T00:00:00+00:00
[2024-10-15 21:29:24,433] {processor.py:161} INFO - Processing /home/luan-capella/Documentos/curso_airflow/airflowalura/venv/lib/python3.9/site-packages/airflow/example_dags/example_trigger_controller_dag.py took 0.053 seconds
