[2024-10-15 21:24:11,279] {processor.py:153} INFO - Started process (PID=9520) to work on /home/luan-capella/Documentos/curso_airflow/airflowalura/venv/lib/python3.9/site-packages/airflow/example_dags/example_latest_only_with_trigger.py
[2024-10-15 21:24:11,280] {processor.py:641} INFO - Processing file /home/luan-capella/Documentos/curso_airflow/airflowalura/venv/lib/python3.9/site-packages/airflow/example_dags/example_latest_only_with_trigger.py for tasks to queue
[2024-10-15 21:24:11,281] {logging_mixin.py:115} INFO - [2024-10-15 21:24:11,281] {dagbag.py:507} INFO - Filling up the DagBag from /home/luan-capella/Documentos/curso_airflow/airflowalura/venv/lib/python3.9/site-packages/airflow/example_dags/example_latest_only_with_trigger.py
[2024-10-15 21:24:11,288] {processor.py:651} INFO - DAG(s) dict_keys(['latest_only_with_trigger']) retrieved from /home/luan-capella/Documentos/curso_airflow/airflowalura/venv/lib/python3.9/site-packages/airflow/example_dags/example_latest_only_with_trigger.py
[2024-10-15 21:24:11,301] {logging_mixin.py:115} INFO - [2024-10-15 21:24:11,301] {dag.py:2379} INFO - Sync 1 DAGs
[2024-10-15 21:24:11,315] {logging_mixin.py:115} INFO - [2024-10-15 21:24:11,315] {dag.py:2927} INFO - Setting next_dagrun for latest_only_with_trigger to 2024-10-15T20:24:11.315130+00:00, run_after=2024-10-16T00:24:11.315130+00:00
[2024-10-15 21:24:11,332] {processor.py:161} INFO - Processing /home/luan-capella/Documentos/curso_airflow/airflowalura/venv/lib/python3.9/site-packages/airflow/example_dags/example_latest_only_with_trigger.py took 0.058 seconds
[2024-10-15 21:24:48,198] {processor.py:153} INFO - Started process (PID=9695) to work on /home/luan-capella/Documentos/curso_airflow/airflowalura/venv/lib/python3.9/site-packages/airflow/example_dags/example_latest_only_with_trigger.py
[2024-10-15 21:24:48,198] {processor.py:641} INFO - Processing file /home/luan-capella/Documentos/curso_airflow/airflowalura/venv/lib/python3.9/site-packages/airflow/example_dags/example_latest_only_with_trigger.py for tasks to queue
[2024-10-15 21:24:48,199] {logging_mixin.py:115} INFO - [2024-10-15 21:24:48,199] {dagbag.py:507} INFO - Filling up the DagBag from /home/luan-capella/Documentos/curso_airflow/airflowalura/venv/lib/python3.9/site-packages/airflow/example_dags/example_latest_only_with_trigger.py
[2024-10-15 21:24:48,207] {processor.py:651} INFO - DAG(s) dict_keys(['latest_only_with_trigger']) retrieved from /home/luan-capella/Documentos/curso_airflow/airflowalura/venv/lib/python3.9/site-packages/airflow/example_dags/example_latest_only_with_trigger.py
[2024-10-15 21:24:48,221] {logging_mixin.py:115} INFO - [2024-10-15 21:24:48,220] {dag.py:2379} INFO - Sync 1 DAGs
[2024-10-15 21:24:48,234] {logging_mixin.py:115} INFO - [2024-10-15 21:24:48,234] {dag.py:2927} INFO - Setting next_dagrun for latest_only_with_trigger to 2024-10-15T20:24:48.234481+00:00, run_after=2024-10-16T00:24:48.234481+00:00
[2024-10-15 21:24:48,249] {processor.py:161} INFO - Processing /home/luan-capella/Documentos/curso_airflow/airflowalura/venv/lib/python3.9/site-packages/airflow/example_dags/example_latest_only_with_trigger.py took 0.054 seconds
[2024-10-15 21:25:24,823] {processor.py:153} INFO - Started process (PID=9937) to work on /home/luan-capella/Documentos/curso_airflow/airflowalura/venv/lib/python3.9/site-packages/airflow/example_dags/example_latest_only_with_trigger.py
[2024-10-15 21:25:24,824] {processor.py:641} INFO - Processing file /home/luan-capella/Documentos/curso_airflow/airflowalura/venv/lib/python3.9/site-packages/airflow/example_dags/example_latest_only_with_trigger.py for tasks to queue
[2024-10-15 21:25:24,824] {logging_mixin.py:115} INFO - [2024-10-15 21:25:24,824] {dagbag.py:507} INFO - Filling up the DagBag from /home/luan-capella/Documentos/curso_airflow/airflowalura/venv/lib/python3.9/site-packages/airflow/example_dags/example_latest_only_with_trigger.py
[2024-10-15 21:25:24,828] {processor.py:651} INFO - DAG(s) dict_keys(['latest_only_with_trigger']) retrieved from /home/luan-capella/Documentos/curso_airflow/airflowalura/venv/lib/python3.9/site-packages/airflow/example_dags/example_latest_only_with_trigger.py
[2024-10-15 21:25:24,842] {logging_mixin.py:115} INFO - [2024-10-15 21:25:24,842] {dag.py:2379} INFO - Sync 1 DAGs
[2024-10-15 21:25:24,856] {logging_mixin.py:115} INFO - [2024-10-15 21:25:24,856] {dag.py:2927} INFO - Setting next_dagrun for latest_only_with_trigger to 2024-10-15T20:25:24.856562+00:00, run_after=2024-10-16T00:25:24.856562+00:00
[2024-10-15 21:25:24,868] {processor.py:161} INFO - Processing /home/luan-capella/Documentos/curso_airflow/airflowalura/venv/lib/python3.9/site-packages/airflow/example_dags/example_latest_only_with_trigger.py took 0.048 seconds
[2024-10-15 21:26:00,995] {processor.py:153} INFO - Started process (PID=10112) to work on /home/luan-capella/Documentos/curso_airflow/airflowalura/venv/lib/python3.9/site-packages/airflow/example_dags/example_latest_only_with_trigger.py
[2024-10-15 21:26:00,995] {processor.py:641} INFO - Processing file /home/luan-capella/Documentos/curso_airflow/airflowalura/venv/lib/python3.9/site-packages/airflow/example_dags/example_latest_only_with_trigger.py for tasks to queue
[2024-10-15 21:26:00,996] {logging_mixin.py:115} INFO - [2024-10-15 21:26:00,996] {dagbag.py:507} INFO - Filling up the DagBag from /home/luan-capella/Documentos/curso_airflow/airflowalura/venv/lib/python3.9/site-packages/airflow/example_dags/example_latest_only_with_trigger.py
[2024-10-15 21:26:01,000] {processor.py:651} INFO - DAG(s) dict_keys(['latest_only_with_trigger']) retrieved from /home/luan-capella/Documentos/curso_airflow/airflowalura/venv/lib/python3.9/site-packages/airflow/example_dags/example_latest_only_with_trigger.py
[2024-10-15 21:26:01,014] {logging_mixin.py:115} INFO - [2024-10-15 21:26:01,014] {dag.py:2379} INFO - Sync 1 DAGs
[2024-10-15 21:26:01,028] {logging_mixin.py:115} INFO - [2024-10-15 21:26:01,028] {dag.py:2927} INFO - Setting next_dagrun for latest_only_with_trigger to 2024-10-15T20:26:01.028348+00:00, run_after=2024-10-16T00:26:01.028348+00:00
[2024-10-15 21:26:01,043] {processor.py:161} INFO - Processing /home/luan-capella/Documentos/curso_airflow/airflowalura/venv/lib/python3.9/site-packages/airflow/example_dags/example_latest_only_with_trigger.py took 0.051 seconds
[2024-10-15 21:26:37,188] {processor.py:153} INFO - Started process (PID=10278) to work on /home/luan-capella/Documentos/curso_airflow/airflowalura/venv/lib/python3.9/site-packages/airflow/example_dags/example_latest_only_with_trigger.py
[2024-10-15 21:26:37,189] {processor.py:641} INFO - Processing file /home/luan-capella/Documentos/curso_airflow/airflowalura/venv/lib/python3.9/site-packages/airflow/example_dags/example_latest_only_with_trigger.py for tasks to queue
[2024-10-15 21:26:37,190] {logging_mixin.py:115} INFO - [2024-10-15 21:26:37,190] {dagbag.py:507} INFO - Filling up the DagBag from /home/luan-capella/Documentos/curso_airflow/airflowalura/venv/lib/python3.9/site-packages/airflow/example_dags/example_latest_only_with_trigger.py
[2024-10-15 21:26:37,198] {processor.py:651} INFO - DAG(s) dict_keys(['latest_only_with_trigger']) retrieved from /home/luan-capella/Documentos/curso_airflow/airflowalura/venv/lib/python3.9/site-packages/airflow/example_dags/example_latest_only_with_trigger.py
[2024-10-15 21:26:37,212] {logging_mixin.py:115} INFO - [2024-10-15 21:26:37,212] {dag.py:2379} INFO - Sync 1 DAGs
[2024-10-15 21:26:37,228] {logging_mixin.py:115} INFO - [2024-10-15 21:26:37,227] {dag.py:2927} INFO - Setting next_dagrun for latest_only_with_trigger to 2024-10-15T20:26:37.227493+00:00, run_after=2024-10-16T00:26:37.227493+00:00
[2024-10-15 21:26:37,242] {processor.py:161} INFO - Processing /home/luan-capella/Documentos/curso_airflow/airflowalura/venv/lib/python3.9/site-packages/airflow/example_dags/example_latest_only_with_trigger.py took 0.057 seconds
[2024-10-15 21:27:13,416] {processor.py:153} INFO - Started process (PID=10443) to work on /home/luan-capella/Documentos/curso_airflow/airflowalura/venv/lib/python3.9/site-packages/airflow/example_dags/example_latest_only_with_trigger.py
[2024-10-15 21:27:13,419] {processor.py:641} INFO - Processing file /home/luan-capella/Documentos/curso_airflow/airflowalura/venv/lib/python3.9/site-packages/airflow/example_dags/example_latest_only_with_trigger.py for tasks to queue
[2024-10-15 21:27:13,420] {logging_mixin.py:115} INFO - [2024-10-15 21:27:13,420] {dagbag.py:507} INFO - Filling up the DagBag from /home/luan-capella/Documentos/curso_airflow/airflowalura/venv/lib/python3.9/site-packages/airflow/example_dags/example_latest_only_with_trigger.py
[2024-10-15 21:27:13,429] {processor.py:651} INFO - DAG(s) dict_keys(['latest_only_with_trigger']) retrieved from /home/luan-capella/Documentos/curso_airflow/airflowalura/venv/lib/python3.9/site-packages/airflow/example_dags/example_latest_only_with_trigger.py
[2024-10-15 21:27:13,445] {logging_mixin.py:115} INFO - [2024-10-15 21:27:13,445] {dag.py:2379} INFO - Sync 1 DAGs
[2024-10-15 21:27:13,459] {logging_mixin.py:115} INFO - [2024-10-15 21:27:13,458] {dag.py:2927} INFO - Setting next_dagrun for latest_only_with_trigger to 2024-10-15T20:27:13.458733+00:00, run_after=2024-10-16T00:27:13.458733+00:00
[2024-10-15 21:27:13,478] {processor.py:161} INFO - Processing /home/luan-capella/Documentos/curso_airflow/airflowalura/venv/lib/python3.9/site-packages/airflow/example_dags/example_latest_only_with_trigger.py took 0.066 seconds
[2024-10-15 21:27:55,565] {processor.py:153} INFO - Started process (PID=10710) to work on /home/luan-capella/Documentos/curso_airflow/airflowalura/venv/lib/python3.9/site-packages/airflow/example_dags/example_latest_only_with_trigger.py
[2024-10-15 21:27:55,566] {processor.py:641} INFO - Processing file /home/luan-capella/Documentos/curso_airflow/airflowalura/venv/lib/python3.9/site-packages/airflow/example_dags/example_latest_only_with_trigger.py for tasks to queue
[2024-10-15 21:27:55,567] {logging_mixin.py:115} INFO - [2024-10-15 21:27:55,567] {dagbag.py:507} INFO - Filling up the DagBag from /home/luan-capella/Documentos/curso_airflow/airflowalura/venv/lib/python3.9/site-packages/airflow/example_dags/example_latest_only_with_trigger.py
[2024-10-15 21:27:55,573] {processor.py:651} INFO - DAG(s) dict_keys(['latest_only_with_trigger']) retrieved from /home/luan-capella/Documentos/curso_airflow/airflowalura/venv/lib/python3.9/site-packages/airflow/example_dags/example_latest_only_with_trigger.py
[2024-10-15 21:27:55,588] {logging_mixin.py:115} INFO - [2024-10-15 21:27:55,588] {dag.py:2379} INFO - Sync 1 DAGs
[2024-10-15 21:27:55,601] {logging_mixin.py:115} INFO - [2024-10-15 21:27:55,601] {dag.py:2927} INFO - Setting next_dagrun for latest_only_with_trigger to 2024-10-15T20:27:55.601587+00:00, run_after=2024-10-16T00:27:55.601587+00:00
[2024-10-15 21:27:55,614] {processor.py:161} INFO - Processing /home/luan-capella/Documentos/curso_airflow/airflowalura/venv/lib/python3.9/site-packages/airflow/example_dags/example_latest_only_with_trigger.py took 0.052 seconds
[2024-10-15 21:28:33,953] {processor.py:153} INFO - Started process (PID=10925) to work on /home/luan-capella/Documentos/curso_airflow/airflowalura/venv/lib/python3.9/site-packages/airflow/example_dags/example_latest_only_with_trigger.py
[2024-10-15 21:28:33,953] {processor.py:641} INFO - Processing file /home/luan-capella/Documentos/curso_airflow/airflowalura/venv/lib/python3.9/site-packages/airflow/example_dags/example_latest_only_with_trigger.py for tasks to queue
[2024-10-15 21:28:33,954] {logging_mixin.py:115} INFO - [2024-10-15 21:28:33,954] {dagbag.py:507} INFO - Filling up the DagBag from /home/luan-capella/Documentos/curso_airflow/airflowalura/venv/lib/python3.9/site-packages/airflow/example_dags/example_latest_only_with_trigger.py
[2024-10-15 21:28:33,959] {processor.py:651} INFO - DAG(s) dict_keys(['latest_only_with_trigger']) retrieved from /home/luan-capella/Documentos/curso_airflow/airflowalura/venv/lib/python3.9/site-packages/airflow/example_dags/example_latest_only_with_trigger.py
[2024-10-15 21:28:33,973] {logging_mixin.py:115} INFO - [2024-10-15 21:28:33,973] {dag.py:2379} INFO - Sync 1 DAGs
[2024-10-15 21:28:33,987] {logging_mixin.py:115} INFO - [2024-10-15 21:28:33,987] {dag.py:2927} INFO - Setting next_dagrun for latest_only_with_trigger to 2024-10-15T20:28:33.987435+00:00, run_after=2024-10-16T00:28:33.987435+00:00
[2024-10-15 21:28:34,000] {processor.py:161} INFO - Processing /home/luan-capella/Documentos/curso_airflow/airflowalura/venv/lib/python3.9/site-packages/airflow/example_dags/example_latest_only_with_trigger.py took 0.051 seconds
[2024-10-15 21:29:11,181] {processor.py:153} INFO - Started process (PID=11141) to work on /home/luan-capella/Documentos/curso_airflow/airflowalura/venv/lib/python3.9/site-packages/airflow/example_dags/example_latest_only_with_trigger.py
[2024-10-15 21:29:11,183] {processor.py:641} INFO - Processing file /home/luan-capella/Documentos/curso_airflow/airflowalura/venv/lib/python3.9/site-packages/airflow/example_dags/example_latest_only_with_trigger.py for tasks to queue
[2024-10-15 21:29:11,183] {logging_mixin.py:115} INFO - [2024-10-15 21:29:11,183] {dagbag.py:507} INFO - Filling up the DagBag from /home/luan-capella/Documentos/curso_airflow/airflowalura/venv/lib/python3.9/site-packages/airflow/example_dags/example_latest_only_with_trigger.py
[2024-10-15 21:29:11,191] {processor.py:651} INFO - DAG(s) dict_keys(['latest_only_with_trigger']) retrieved from /home/luan-capella/Documentos/curso_airflow/airflowalura/venv/lib/python3.9/site-packages/airflow/example_dags/example_latest_only_with_trigger.py
[2024-10-15 21:29:11,203] {logging_mixin.py:115} INFO - [2024-10-15 21:29:11,203] {dag.py:2379} INFO - Sync 1 DAGs
[2024-10-15 21:29:11,215] {logging_mixin.py:115} INFO - [2024-10-15 21:29:11,215] {dag.py:2927} INFO - Setting next_dagrun for latest_only_with_trigger to 2024-10-15T20:29:11.215092+00:00, run_after=2024-10-16T00:29:11.215092+00:00
[2024-10-15 21:29:11,228] {processor.py:161} INFO - Processing /home/luan-capella/Documentos/curso_airflow/airflowalura/venv/lib/python3.9/site-packages/airflow/example_dags/example_latest_only_with_trigger.py took 0.052 seconds
