[2024-10-15 21:24:00,701] {processor.py:153} INFO - Started process (PID=9464) to work on /home/luan-capella/Documentos/curso_airflow/airflowalura/venv/lib/python3.9/site-packages/airflow/example_dags/example_sla_dag.py
[2024-10-15 21:24:00,701] {processor.py:641} INFO - Processing file /home/luan-capella/Documentos/curso_airflow/airflowalura/venv/lib/python3.9/site-packages/airflow/example_dags/example_sla_dag.py for tasks to queue
[2024-10-15 21:24:00,702] {logging_mixin.py:115} INFO - [2024-10-15 21:24:00,702] {dagbag.py:507} INFO - Filling up the DagBag from /home/luan-capella/Documentos/curso_airflow/airflowalura/venv/lib/python3.9/site-packages/airflow/example_dags/example_sla_dag.py
[2024-10-15 21:24:00,720] {processor.py:651} INFO - DAG(s) dict_keys(['example_sla_dag']) retrieved from /home/luan-capella/Documentos/curso_airflow/airflowalura/venv/lib/python3.9/site-packages/airflow/example_dags/example_sla_dag.py
[2024-10-15 21:24:00,732] {logging_mixin.py:115} INFO - [2024-10-15 21:24:00,732] {dag.py:2379} INFO - Sync 1 DAGs
[2024-10-15 21:24:00,748] {logging_mixin.py:115} INFO - [2024-10-15 21:24:00,748] {dag.py:2927} INFO - Setting next_dagrun for example_sla_dag to 2024-10-16T00:22:00+00:00, run_after=2024-10-16T00:24:00+00:00
[2024-10-15 21:24:00,760] {processor.py:161} INFO - Processing /home/luan-capella/Documentos/curso_airflow/airflowalura/venv/lib/python3.9/site-packages/airflow/example_dags/example_sla_dag.py took 0.065 seconds
[2024-10-15 21:24:37,896] {processor.py:153} INFO - Started process (PID=9643) to work on /home/luan-capella/Documentos/curso_airflow/airflowalura/venv/lib/python3.9/site-packages/airflow/example_dags/example_sla_dag.py
[2024-10-15 21:24:37,897] {processor.py:641} INFO - Processing file /home/luan-capella/Documentos/curso_airflow/airflowalura/venv/lib/python3.9/site-packages/airflow/example_dags/example_sla_dag.py for tasks to queue
[2024-10-15 21:24:37,898] {logging_mixin.py:115} INFO - [2024-10-15 21:24:37,897] {dagbag.py:507} INFO - Filling up the DagBag from /home/luan-capella/Documentos/curso_airflow/airflowalura/venv/lib/python3.9/site-packages/airflow/example_dags/example_sla_dag.py
[2024-10-15 21:24:37,917] {processor.py:651} INFO - DAG(s) dict_keys(['example_sla_dag']) retrieved from /home/luan-capella/Documentos/curso_airflow/airflowalura/venv/lib/python3.9/site-packages/airflow/example_dags/example_sla_dag.py
[2024-10-15 21:24:37,930] {logging_mixin.py:115} INFO - [2024-10-15 21:24:37,930] {dag.py:2379} INFO - Sync 1 DAGs
[2024-10-15 21:24:37,947] {logging_mixin.py:115} INFO - [2024-10-15 21:24:37,947] {dag.py:2927} INFO - Setting next_dagrun for example_sla_dag to 2024-10-16T00:22:00+00:00, run_after=2024-10-16T00:24:00+00:00
[2024-10-15 21:24:37,958] {processor.py:161} INFO - Processing /home/luan-capella/Documentos/curso_airflow/airflowalura/venv/lib/python3.9/site-packages/airflow/example_dags/example_sla_dag.py took 0.066 seconds
[2024-10-15 21:25:14,486] {processor.py:153} INFO - Started process (PID=9816) to work on /home/luan-capella/Documentos/curso_airflow/airflowalura/venv/lib/python3.9/site-packages/airflow/example_dags/example_sla_dag.py
[2024-10-15 21:25:14,489] {processor.py:641} INFO - Processing file /home/luan-capella/Documentos/curso_airflow/airflowalura/venv/lib/python3.9/site-packages/airflow/example_dags/example_sla_dag.py for tasks to queue
[2024-10-15 21:25:14,490] {logging_mixin.py:115} INFO - [2024-10-15 21:25:14,490] {dagbag.py:507} INFO - Filling up the DagBag from /home/luan-capella/Documentos/curso_airflow/airflowalura/venv/lib/python3.9/site-packages/airflow/example_dags/example_sla_dag.py
[2024-10-15 21:25:14,504] {processor.py:651} INFO - DAG(s) dict_keys(['example_sla_dag']) retrieved from /home/luan-capella/Documentos/curso_airflow/airflowalura/venv/lib/python3.9/site-packages/airflow/example_dags/example_sla_dag.py
[2024-10-15 21:25:14,517] {logging_mixin.py:115} INFO - [2024-10-15 21:25:14,517] {dag.py:2379} INFO - Sync 1 DAGs
[2024-10-15 21:25:14,536] {logging_mixin.py:115} INFO - [2024-10-15 21:25:14,536] {dag.py:2927} INFO - Setting next_dagrun for example_sla_dag to 2024-10-16T00:22:00+00:00, run_after=2024-10-16T00:24:00+00:00
[2024-10-15 21:25:14,548] {processor.py:161} INFO - Processing /home/luan-capella/Documentos/curso_airflow/airflowalura/venv/lib/python3.9/site-packages/airflow/example_dags/example_sla_dag.py took 0.067 seconds
[2024-10-15 21:25:50,659] {processor.py:153} INFO - Started process (PID=10073) to work on /home/luan-capella/Documentos/curso_airflow/airflowalura/venv/lib/python3.9/site-packages/airflow/example_dags/example_sla_dag.py
[2024-10-15 21:25:50,660] {processor.py:641} INFO - Processing file /home/luan-capella/Documentos/curso_airflow/airflowalura/venv/lib/python3.9/site-packages/airflow/example_dags/example_sla_dag.py for tasks to queue
[2024-10-15 21:25:50,660] {logging_mixin.py:115} INFO - [2024-10-15 21:25:50,660] {dagbag.py:507} INFO - Filling up the DagBag from /home/luan-capella/Documentos/curso_airflow/airflowalura/venv/lib/python3.9/site-packages/airflow/example_dags/example_sla_dag.py
[2024-10-15 21:25:50,675] {processor.py:651} INFO - DAG(s) dict_keys(['example_sla_dag']) retrieved from /home/luan-capella/Documentos/curso_airflow/airflowalura/venv/lib/python3.9/site-packages/airflow/example_dags/example_sla_dag.py
[2024-10-15 21:25:50,688] {logging_mixin.py:115} INFO - [2024-10-15 21:25:50,688] {dag.py:2379} INFO - Sync 1 DAGs
[2024-10-15 21:25:50,704] {logging_mixin.py:115} INFO - [2024-10-15 21:25:50,704] {dag.py:2927} INFO - Setting next_dagrun for example_sla_dag to 2024-10-16T00:22:00+00:00, run_after=2024-10-16T00:24:00+00:00
[2024-10-15 21:25:50,715] {processor.py:161} INFO - Processing /home/luan-capella/Documentos/curso_airflow/airflowalura/venv/lib/python3.9/site-packages/airflow/example_dags/example_sla_dag.py took 0.059 seconds
[2024-10-15 21:26:26,982] {processor.py:153} INFO - Started process (PID=10234) to work on /home/luan-capella/Documentos/curso_airflow/airflowalura/venv/lib/python3.9/site-packages/airflow/example_dags/example_sla_dag.py
[2024-10-15 21:26:26,983] {processor.py:641} INFO - Processing file /home/luan-capella/Documentos/curso_airflow/airflowalura/venv/lib/python3.9/site-packages/airflow/example_dags/example_sla_dag.py for tasks to queue
[2024-10-15 21:26:26,984] {logging_mixin.py:115} INFO - [2024-10-15 21:26:26,984] {dagbag.py:507} INFO - Filling up the DagBag from /home/luan-capella/Documentos/curso_airflow/airflowalura/venv/lib/python3.9/site-packages/airflow/example_dags/example_sla_dag.py
[2024-10-15 21:26:26,999] {processor.py:651} INFO - DAG(s) dict_keys(['example_sla_dag']) retrieved from /home/luan-capella/Documentos/curso_airflow/airflowalura/venv/lib/python3.9/site-packages/airflow/example_dags/example_sla_dag.py
[2024-10-15 21:26:27,012] {logging_mixin.py:115} INFO - [2024-10-15 21:26:27,012] {dag.py:2379} INFO - Sync 1 DAGs
[2024-10-15 21:26:27,030] {logging_mixin.py:115} INFO - [2024-10-15 21:26:27,030] {dag.py:2927} INFO - Setting next_dagrun for example_sla_dag to 2024-10-16T00:24:00+00:00, run_after=2024-10-16T00:26:00+00:00
[2024-10-15 21:26:27,042] {processor.py:161} INFO - Processing /home/luan-capella/Documentos/curso_airflow/airflowalura/venv/lib/python3.9/site-packages/airflow/example_dags/example_sla_dag.py took 0.064 seconds
[2024-10-15 21:27:02,528] {processor.py:153} INFO - Started process (PID=10389) to work on /home/luan-capella/Documentos/curso_airflow/airflowalura/venv/lib/python3.9/site-packages/airflow/example_dags/example_sla_dag.py
[2024-10-15 21:27:02,529] {processor.py:641} INFO - Processing file /home/luan-capella/Documentos/curso_airflow/airflowalura/venv/lib/python3.9/site-packages/airflow/example_dags/example_sla_dag.py for tasks to queue
[2024-10-15 21:27:02,529] {logging_mixin.py:115} INFO - [2024-10-15 21:27:02,529] {dagbag.py:507} INFO - Filling up the DagBag from /home/luan-capella/Documentos/curso_airflow/airflowalura/venv/lib/python3.9/site-packages/airflow/example_dags/example_sla_dag.py
[2024-10-15 21:27:02,544] {processor.py:651} INFO - DAG(s) dict_keys(['example_sla_dag']) retrieved from /home/luan-capella/Documentos/curso_airflow/airflowalura/venv/lib/python3.9/site-packages/airflow/example_dags/example_sla_dag.py
[2024-10-15 21:27:02,557] {logging_mixin.py:115} INFO - [2024-10-15 21:27:02,557] {dag.py:2379} INFO - Sync 1 DAGs
[2024-10-15 21:27:02,573] {logging_mixin.py:115} INFO - [2024-10-15 21:27:02,573] {dag.py:2927} INFO - Setting next_dagrun for example_sla_dag to 2024-10-16T00:24:00+00:00, run_after=2024-10-16T00:26:00+00:00
[2024-10-15 21:27:02,584] {processor.py:161} INFO - Processing /home/luan-capella/Documentos/curso_airflow/airflowalura/venv/lib/python3.9/site-packages/airflow/example_dags/example_sla_dag.py took 0.059 seconds
[2024-10-15 21:27:38,002] {processor.py:153} INFO - Started process (PID=10613) to work on /home/luan-capella/Documentos/curso_airflow/airflowalura/venv/lib/python3.9/site-packages/airflow/example_dags/example_sla_dag.py
[2024-10-15 21:27:38,003] {processor.py:641} INFO - Processing file /home/luan-capella/Documentos/curso_airflow/airflowalura/venv/lib/python3.9/site-packages/airflow/example_dags/example_sla_dag.py for tasks to queue
[2024-10-15 21:27:38,004] {logging_mixin.py:115} INFO - [2024-10-15 21:27:38,003] {dagbag.py:507} INFO - Filling up the DagBag from /home/luan-capella/Documentos/curso_airflow/airflowalura/venv/lib/python3.9/site-packages/airflow/example_dags/example_sla_dag.py
[2024-10-15 21:27:38,022] {processor.py:651} INFO - DAG(s) dict_keys(['example_sla_dag']) retrieved from /home/luan-capella/Documentos/curso_airflow/airflowalura/venv/lib/python3.9/site-packages/airflow/example_dags/example_sla_dag.py
[2024-10-15 21:27:38,035] {logging_mixin.py:115} INFO - [2024-10-15 21:27:38,035] {dag.py:2379} INFO - Sync 1 DAGs
[2024-10-15 21:27:38,052] {logging_mixin.py:115} INFO - [2024-10-15 21:27:38,052] {dag.py:2927} INFO - Setting next_dagrun for example_sla_dag to 2024-10-16T00:24:00+00:00, run_after=2024-10-16T00:26:00+00:00
[2024-10-15 21:27:38,064] {processor.py:161} INFO - Processing /home/luan-capella/Documentos/curso_airflow/airflowalura/venv/lib/python3.9/site-packages/airflow/example_dags/example_sla_dag.py took 0.064 seconds
[2024-10-15 21:28:17,225] {processor.py:153} INFO - Started process (PID=10845) to work on /home/luan-capella/Documentos/curso_airflow/airflowalura/venv/lib/python3.9/site-packages/airflow/example_dags/example_sla_dag.py
[2024-10-15 21:28:17,226] {processor.py:641} INFO - Processing file /home/luan-capella/Documentos/curso_airflow/airflowalura/venv/lib/python3.9/site-packages/airflow/example_dags/example_sla_dag.py for tasks to queue
[2024-10-15 21:28:17,227] {logging_mixin.py:115} INFO - [2024-10-15 21:28:17,227] {dagbag.py:507} INFO - Filling up the DagBag from /home/luan-capella/Documentos/curso_airflow/airflowalura/venv/lib/python3.9/site-packages/airflow/example_dags/example_sla_dag.py
[2024-10-15 21:28:17,243] {processor.py:651} INFO - DAG(s) dict_keys(['example_sla_dag']) retrieved from /home/luan-capella/Documentos/curso_airflow/airflowalura/venv/lib/python3.9/site-packages/airflow/example_dags/example_sla_dag.py
[2024-10-15 21:28:17,255] {logging_mixin.py:115} INFO - [2024-10-15 21:28:17,255] {dag.py:2379} INFO - Sync 1 DAGs
[2024-10-15 21:28:17,271] {logging_mixin.py:115} INFO - [2024-10-15 21:28:17,271] {dag.py:2927} INFO - Setting next_dagrun for example_sla_dag to 2024-10-16T00:26:00+00:00, run_after=2024-10-16T00:28:00+00:00
[2024-10-15 21:28:17,282] {processor.py:161} INFO - Processing /home/luan-capella/Documentos/curso_airflow/airflowalura/venv/lib/python3.9/site-packages/airflow/example_dags/example_sla_dag.py took 0.062 seconds
[2024-10-15 21:28:52,279] {processor.py:153} INFO - Started process (PID=11037) to work on /home/luan-capella/Documentos/curso_airflow/airflowalura/venv/lib/python3.9/site-packages/airflow/example_dags/example_sla_dag.py
[2024-10-15 21:28:52,280] {processor.py:641} INFO - Processing file /home/luan-capella/Documentos/curso_airflow/airflowalura/venv/lib/python3.9/site-packages/airflow/example_dags/example_sla_dag.py for tasks to queue
[2024-10-15 21:28:52,281] {logging_mixin.py:115} INFO - [2024-10-15 21:28:52,281] {dagbag.py:507} INFO - Filling up the DagBag from /home/luan-capella/Documentos/curso_airflow/airflowalura/venv/lib/python3.9/site-packages/airflow/example_dags/example_sla_dag.py
[2024-10-15 21:28:52,298] {processor.py:651} INFO - DAG(s) dict_keys(['example_sla_dag']) retrieved from /home/luan-capella/Documentos/curso_airflow/airflowalura/venv/lib/python3.9/site-packages/airflow/example_dags/example_sla_dag.py
[2024-10-15 21:28:52,309] {logging_mixin.py:115} INFO - [2024-10-15 21:28:52,309] {dag.py:2379} INFO - Sync 1 DAGs
[2024-10-15 21:28:52,325] {logging_mixin.py:115} INFO - [2024-10-15 21:28:52,325] {dag.py:2927} INFO - Setting next_dagrun for example_sla_dag to 2024-10-16T00:26:00+00:00, run_after=2024-10-16T00:28:00+00:00
[2024-10-15 21:28:52,336] {processor.py:161} INFO - Processing /home/luan-capella/Documentos/curso_airflow/airflowalura/venv/lib/python3.9/site-packages/airflow/example_dags/example_sla_dag.py took 0.062 seconds
[2024-10-15 21:29:26,913] {processor.py:153} INFO - Started process (PID=11208) to work on /home/luan-capella/Documentos/curso_airflow/airflowalura/venv/lib/python3.9/site-packages/airflow/example_dags/example_sla_dag.py
[2024-10-15 21:29:26,914] {processor.py:641} INFO - Processing file /home/luan-capella/Documentos/curso_airflow/airflowalura/venv/lib/python3.9/site-packages/airflow/example_dags/example_sla_dag.py for tasks to queue
[2024-10-15 21:29:26,914] {logging_mixin.py:115} INFO - [2024-10-15 21:29:26,914] {dagbag.py:507} INFO - Filling up the DagBag from /home/luan-capella/Documentos/curso_airflow/airflowalura/venv/lib/python3.9/site-packages/airflow/example_dags/example_sla_dag.py
[2024-10-15 21:29:26,929] {processor.py:651} INFO - DAG(s) dict_keys(['example_sla_dag']) retrieved from /home/luan-capella/Documentos/curso_airflow/airflowalura/venv/lib/python3.9/site-packages/airflow/example_dags/example_sla_dag.py
[2024-10-15 21:29:26,941] {logging_mixin.py:115} INFO - [2024-10-15 21:29:26,941] {dag.py:2379} INFO - Sync 1 DAGs
[2024-10-15 21:29:26,959] {logging_mixin.py:115} INFO - [2024-10-15 21:29:26,959] {dag.py:2927} INFO - Setting next_dagrun for example_sla_dag to 2024-10-16T00:26:00+00:00, run_after=2024-10-16T00:28:00+00:00
[2024-10-15 21:29:26,972] {processor.py:161} INFO - Processing /home/luan-capella/Documentos/curso_airflow/airflowalura/venv/lib/python3.9/site-packages/airflow/example_dags/example_sla_dag.py took 0.061 seconds
