[2024-10-15 21:23:49,463] {processor.py:153} INFO - Started process (PID=9416) to work on /home/luan-capella/Documentos/curso_airflow/airflowalura/venv/lib/python3.9/site-packages/airflow/example_dags/example_xcom.py
[2024-10-15 21:23:49,464] {processor.py:641} INFO - Processing file /home/luan-capella/Documentos/curso_airflow/airflowalura/venv/lib/python3.9/site-packages/airflow/example_dags/example_xcom.py for tasks to queue
[2024-10-15 21:23:49,465] {logging_mixin.py:115} INFO - [2024-10-15 21:23:49,465] {dagbag.py:507} INFO - Filling up the DagBag from /home/luan-capella/Documentos/curso_airflow/airflowalura/venv/lib/python3.9/site-packages/airflow/example_dags/example_xcom.py
[2024-10-15 21:23:49,484] {processor.py:651} INFO - DAG(s) dict_keys(['example_xcom']) retrieved from /home/luan-capella/Documentos/curso_airflow/airflowalura/venv/lib/python3.9/site-packages/airflow/example_dags/example_xcom.py
[2024-10-15 21:23:49,522] {logging_mixin.py:115} INFO - [2024-10-15 21:23:49,522] {dag.py:2379} INFO - Sync 1 DAGs
[2024-10-15 21:23:49,534] {logging_mixin.py:115} INFO - [2024-10-15 21:23:49,534] {dag.py:2927} INFO - Setting next_dagrun for example_xcom to 2021-01-01T00:00:00+00:00, run_after=2021-01-01T00:00:00+00:00
[2024-10-15 21:23:49,548] {processor.py:161} INFO - Processing /home/luan-capella/Documentos/curso_airflow/airflowalura/venv/lib/python3.9/site-packages/airflow/example_dags/example_xcom.py took 0.089 seconds
[2024-10-15 21:24:26,397] {processor.py:153} INFO - Started process (PID=9586) to work on /home/luan-capella/Documentos/curso_airflow/airflowalura/venv/lib/python3.9/site-packages/airflow/example_dags/example_xcom.py
[2024-10-15 21:24:26,397] {processor.py:641} INFO - Processing file /home/luan-capella/Documentos/curso_airflow/airflowalura/venv/lib/python3.9/site-packages/airflow/example_dags/example_xcom.py for tasks to queue
[2024-10-15 21:24:26,398] {logging_mixin.py:115} INFO - [2024-10-15 21:24:26,397] {dagbag.py:507} INFO - Filling up the DagBag from /home/luan-capella/Documentos/curso_airflow/airflowalura/venv/lib/python3.9/site-packages/airflow/example_dags/example_xcom.py
[2024-10-15 21:24:26,413] {processor.py:651} INFO - DAG(s) dict_keys(['example_xcom']) retrieved from /home/luan-capella/Documentos/curso_airflow/airflowalura/venv/lib/python3.9/site-packages/airflow/example_dags/example_xcom.py
[2024-10-15 21:24:26,453] {logging_mixin.py:115} INFO - [2024-10-15 21:24:26,453] {dag.py:2379} INFO - Sync 1 DAGs
[2024-10-15 21:24:26,465] {logging_mixin.py:115} INFO - [2024-10-15 21:24:26,465] {dag.py:2927} INFO - Setting next_dagrun for example_xcom to 2021-01-01T00:00:00+00:00, run_after=2021-01-01T00:00:00+00:00
[2024-10-15 21:24:26,481] {processor.py:161} INFO - Processing /home/luan-capella/Documentos/curso_airflow/airflowalura/venv/lib/python3.9/site-packages/airflow/example_dags/example_xcom.py took 0.086 seconds
[2024-10-15 21:25:03,192] {processor.py:153} INFO - Started process (PID=9761) to work on /home/luan-capella/Documentos/curso_airflow/airflowalura/venv/lib/python3.9/site-packages/airflow/example_dags/example_xcom.py
[2024-10-15 21:25:03,193] {processor.py:641} INFO - Processing file /home/luan-capella/Documentos/curso_airflow/airflowalura/venv/lib/python3.9/site-packages/airflow/example_dags/example_xcom.py for tasks to queue
[2024-10-15 21:25:03,194] {logging_mixin.py:115} INFO - [2024-10-15 21:25:03,193] {dagbag.py:507} INFO - Filling up the DagBag from /home/luan-capella/Documentos/curso_airflow/airflowalura/venv/lib/python3.9/site-packages/airflow/example_dags/example_xcom.py
[2024-10-15 21:25:03,211] {processor.py:651} INFO - DAG(s) dict_keys(['example_xcom']) retrieved from /home/luan-capella/Documentos/curso_airflow/airflowalura/venv/lib/python3.9/site-packages/airflow/example_dags/example_xcom.py
[2024-10-15 21:25:03,248] {logging_mixin.py:115} INFO - [2024-10-15 21:25:03,248] {dag.py:2379} INFO - Sync 1 DAGs
[2024-10-15 21:25:03,260] {logging_mixin.py:115} INFO - [2024-10-15 21:25:03,260] {dag.py:2927} INFO - Setting next_dagrun for example_xcom to 2021-01-01T00:00:00+00:00, run_after=2021-01-01T00:00:00+00:00
[2024-10-15 21:25:03,275] {processor.py:161} INFO - Processing /home/luan-capella/Documentos/curso_airflow/airflowalura/venv/lib/python3.9/site-packages/airflow/example_dags/example_xcom.py took 0.087 seconds
[2024-10-15 21:25:40,323] {processor.py:153} INFO - Started process (PID=10009) to work on /home/luan-capella/Documentos/curso_airflow/airflowalura/venv/lib/python3.9/site-packages/airflow/example_dags/example_xcom.py
[2024-10-15 21:25:40,324] {processor.py:641} INFO - Processing file /home/luan-capella/Documentos/curso_airflow/airflowalura/venv/lib/python3.9/site-packages/airflow/example_dags/example_xcom.py for tasks to queue
[2024-10-15 21:25:40,324] {logging_mixin.py:115} INFO - [2024-10-15 21:25:40,324] {dagbag.py:507} INFO - Filling up the DagBag from /home/luan-capella/Documentos/curso_airflow/airflowalura/venv/lib/python3.9/site-packages/airflow/example_dags/example_xcom.py
[2024-10-15 21:25:40,338] {processor.py:651} INFO - DAG(s) dict_keys(['example_xcom']) retrieved from /home/luan-capella/Documentos/curso_airflow/airflowalura/venv/lib/python3.9/site-packages/airflow/example_dags/example_xcom.py
[2024-10-15 21:25:40,374] {logging_mixin.py:115} INFO - [2024-10-15 21:25:40,374] {dag.py:2379} INFO - Sync 1 DAGs
[2024-10-15 21:25:40,387] {logging_mixin.py:115} INFO - [2024-10-15 21:25:40,387] {dag.py:2927} INFO - Setting next_dagrun for example_xcom to 2021-01-01T00:00:00+00:00, run_after=2021-01-01T00:00:00+00:00
[2024-10-15 21:25:40,402] {processor.py:161} INFO - Processing /home/luan-capella/Documentos/curso_airflow/airflowalura/venv/lib/python3.9/site-packages/airflow/example_dags/example_xcom.py took 0.082 seconds
[2024-10-15 21:26:14,350] {processor.py:153} INFO - Started process (PID=10182) to work on /home/luan-capella/Documentos/curso_airflow/airflowalura/venv/lib/python3.9/site-packages/airflow/example_dags/example_xcom.py
[2024-10-15 21:26:14,351] {processor.py:641} INFO - Processing file /home/luan-capella/Documentos/curso_airflow/airflowalura/venv/lib/python3.9/site-packages/airflow/example_dags/example_xcom.py for tasks to queue
[2024-10-15 21:26:14,352] {logging_mixin.py:115} INFO - [2024-10-15 21:26:14,352] {dagbag.py:507} INFO - Filling up the DagBag from /home/luan-capella/Documentos/curso_airflow/airflowalura/venv/lib/python3.9/site-packages/airflow/example_dags/example_xcom.py
[2024-10-15 21:26:14,369] {processor.py:651} INFO - DAG(s) dict_keys(['example_xcom']) retrieved from /home/luan-capella/Documentos/curso_airflow/airflowalura/venv/lib/python3.9/site-packages/airflow/example_dags/example_xcom.py
[2024-10-15 21:26:14,381] {logging_mixin.py:115} INFO - [2024-10-15 21:26:14,381] {dag.py:2379} INFO - Sync 1 DAGs
[2024-10-15 21:26:14,394] {logging_mixin.py:115} INFO - [2024-10-15 21:26:14,394] {dag.py:2927} INFO - Setting next_dagrun for example_xcom to 2021-01-01T00:00:00+00:00, run_after=2021-01-01T00:00:00+00:00
[2024-10-15 21:26:14,407] {processor.py:161} INFO - Processing /home/luan-capella/Documentos/curso_airflow/airflowalura/venv/lib/python3.9/site-packages/airflow/example_dags/example_xcom.py took 0.061 seconds
[2024-10-15 21:26:47,516] {processor.py:153} INFO - Started process (PID=10323) to work on /home/luan-capella/Documentos/curso_airflow/airflowalura/venv/lib/python3.9/site-packages/airflow/example_dags/example_xcom.py
[2024-10-15 21:26:47,533] {processor.py:641} INFO - Processing file /home/luan-capella/Documentos/curso_airflow/airflowalura/venv/lib/python3.9/site-packages/airflow/example_dags/example_xcom.py for tasks to queue
[2024-10-15 21:26:47,533] {logging_mixin.py:115} INFO - [2024-10-15 21:26:47,533] {dagbag.py:507} INFO - Filling up the DagBag from /home/luan-capella/Documentos/curso_airflow/airflowalura/venv/lib/python3.9/site-packages/airflow/example_dags/example_xcom.py
[2024-10-15 21:26:47,550] {processor.py:651} INFO - DAG(s) dict_keys(['example_xcom']) retrieved from /home/luan-capella/Documentos/curso_airflow/airflowalura/venv/lib/python3.9/site-packages/airflow/example_dags/example_xcom.py
[2024-10-15 21:26:47,589] {logging_mixin.py:115} INFO - [2024-10-15 21:26:47,588] {dag.py:2379} INFO - Sync 1 DAGs
[2024-10-15 21:26:47,602] {logging_mixin.py:115} INFO - [2024-10-15 21:26:47,602] {dag.py:2927} INFO - Setting next_dagrun for example_xcom to 2021-01-01T00:00:00+00:00, run_after=2021-01-01T00:00:00+00:00
[2024-10-15 21:26:47,617] {processor.py:161} INFO - Processing /home/luan-capella/Documentos/curso_airflow/airflowalura/venv/lib/python3.9/site-packages/airflow/example_dags/example_xcom.py took 0.104 seconds
[2024-10-15 21:27:26,520] {processor.py:153} INFO - Started process (PID=10550) to work on /home/luan-capella/Documentos/curso_airflow/airflowalura/venv/lib/python3.9/site-packages/airflow/example_dags/example_xcom.py
[2024-10-15 21:27:26,521] {processor.py:641} INFO - Processing file /home/luan-capella/Documentos/curso_airflow/airflowalura/venv/lib/python3.9/site-packages/airflow/example_dags/example_xcom.py for tasks to queue
[2024-10-15 21:27:26,521] {logging_mixin.py:115} INFO - [2024-10-15 21:27:26,521] {dagbag.py:507} INFO - Filling up the DagBag from /home/luan-capella/Documentos/curso_airflow/airflowalura/venv/lib/python3.9/site-packages/airflow/example_dags/example_xcom.py
[2024-10-15 21:27:26,535] {processor.py:651} INFO - DAG(s) dict_keys(['example_xcom']) retrieved from /home/luan-capella/Documentos/curso_airflow/airflowalura/venv/lib/python3.9/site-packages/airflow/example_dags/example_xcom.py
[2024-10-15 21:27:26,572] {logging_mixin.py:115} INFO - [2024-10-15 21:27:26,572] {dag.py:2379} INFO - Sync 1 DAGs
[2024-10-15 21:27:26,585] {logging_mixin.py:115} INFO - [2024-10-15 21:27:26,585] {dag.py:2927} INFO - Setting next_dagrun for example_xcom to 2021-01-01T00:00:00+00:00, run_after=2021-01-01T00:00:00+00:00
[2024-10-15 21:27:26,599] {processor.py:161} INFO - Processing /home/luan-capella/Documentos/curso_airflow/airflowalura/venv/lib/python3.9/site-packages/airflow/example_dags/example_xcom.py took 0.081 seconds
[2024-10-15 21:28:01,748] {processor.py:153} INFO - Started process (PID=10764) to work on /home/luan-capella/Documentos/curso_airflow/airflowalura/venv/lib/python3.9/site-packages/airflow/example_dags/example_xcom.py
[2024-10-15 21:28:01,749] {processor.py:641} INFO - Processing file /home/luan-capella/Documentos/curso_airflow/airflowalura/venv/lib/python3.9/site-packages/airflow/example_dags/example_xcom.py for tasks to queue
[2024-10-15 21:28:01,750] {logging_mixin.py:115} INFO - [2024-10-15 21:28:01,749] {dagbag.py:507} INFO - Filling up the DagBag from /home/luan-capella/Documentos/curso_airflow/airflowalura/venv/lib/python3.9/site-packages/airflow/example_dags/example_xcom.py
[2024-10-15 21:28:01,763] {processor.py:651} INFO - DAG(s) dict_keys(['example_xcom']) retrieved from /home/luan-capella/Documentos/curso_airflow/airflowalura/venv/lib/python3.9/site-packages/airflow/example_dags/example_xcom.py
[2024-10-15 21:28:01,775] {logging_mixin.py:115} INFO - [2024-10-15 21:28:01,775] {dag.py:2379} INFO - Sync 1 DAGs
[2024-10-15 21:28:01,787] {logging_mixin.py:115} INFO - [2024-10-15 21:28:01,787] {dag.py:2927} INFO - Setting next_dagrun for example_xcom to 2021-01-01T00:00:00+00:00, run_after=2021-01-01T00:00:00+00:00
[2024-10-15 21:28:01,802] {processor.py:161} INFO - Processing /home/luan-capella/Documentos/curso_airflow/airflowalura/venv/lib/python3.9/site-packages/airflow/example_dags/example_xcom.py took 0.056 seconds
[2024-10-15 21:28:37,965] {processor.py:153} INFO - Started process (PID=10968) to work on /home/luan-capella/Documentos/curso_airflow/airflowalura/venv/lib/python3.9/site-packages/airflow/example_dags/example_xcom.py
[2024-10-15 21:28:37,966] {processor.py:641} INFO - Processing file /home/luan-capella/Documentos/curso_airflow/airflowalura/venv/lib/python3.9/site-packages/airflow/example_dags/example_xcom.py for tasks to queue
[2024-10-15 21:28:37,966] {logging_mixin.py:115} INFO - [2024-10-15 21:28:37,966] {dagbag.py:507} INFO - Filling up the DagBag from /home/luan-capella/Documentos/curso_airflow/airflowalura/venv/lib/python3.9/site-packages/airflow/example_dags/example_xcom.py
[2024-10-15 21:28:37,983] {processor.py:651} INFO - DAG(s) dict_keys(['example_xcom']) retrieved from /home/luan-capella/Documentos/curso_airflow/airflowalura/venv/lib/python3.9/site-packages/airflow/example_dags/example_xcom.py
[2024-10-15 21:28:37,996] {logging_mixin.py:115} INFO - [2024-10-15 21:28:37,996] {dag.py:2379} INFO - Sync 1 DAGs
[2024-10-15 21:28:38,012] {logging_mixin.py:115} INFO - [2024-10-15 21:28:38,012] {dag.py:2927} INFO - Setting next_dagrun for example_xcom to 2021-01-01T00:00:00+00:00, run_after=2021-01-01T00:00:00+00:00
[2024-10-15 21:28:38,026] {processor.py:161} INFO - Processing /home/luan-capella/Documentos/curso_airflow/airflowalura/venv/lib/python3.9/site-packages/airflow/example_dags/example_xcom.py took 0.064 seconds
[2024-10-15 21:29:14,066] {processor.py:153} INFO - Started process (PID=11153) to work on /home/luan-capella/Documentos/curso_airflow/airflowalura/venv/lib/python3.9/site-packages/airflow/example_dags/example_xcom.py
[2024-10-15 21:29:14,067] {processor.py:641} INFO - Processing file /home/luan-capella/Documentos/curso_airflow/airflowalura/venv/lib/python3.9/site-packages/airflow/example_dags/example_xcom.py for tasks to queue
[2024-10-15 21:29:14,068] {logging_mixin.py:115} INFO - [2024-10-15 21:29:14,067] {dagbag.py:507} INFO - Filling up the DagBag from /home/luan-capella/Documentos/curso_airflow/airflowalura/venv/lib/python3.9/site-packages/airflow/example_dags/example_xcom.py
[2024-10-15 21:29:14,084] {processor.py:651} INFO - DAG(s) dict_keys(['example_xcom']) retrieved from /home/luan-capella/Documentos/curso_airflow/airflowalura/venv/lib/python3.9/site-packages/airflow/example_dags/example_xcom.py
[2024-10-15 21:29:14,124] {logging_mixin.py:115} INFO - [2024-10-15 21:29:14,124] {dag.py:2379} INFO - Sync 1 DAGs
[2024-10-15 21:29:14,138] {logging_mixin.py:115} INFO - [2024-10-15 21:29:14,138] {dag.py:2927} INFO - Setting next_dagrun for example_xcom to 2021-01-01T00:00:00+00:00, run_after=2021-01-01T00:00:00+00:00
[2024-10-15 21:29:14,152] {processor.py:161} INFO - Processing /home/luan-capella/Documentos/curso_airflow/airflowalura/venv/lib/python3.9/site-packages/airflow/example_dags/example_xcom.py took 0.089 seconds
