[2024-10-15 21:23:59,566] {processor.py:153} INFO - Started process (PID=9462) to work on /home/luan-capella/Documentos/curso_airflow/airflowalura/venv/lib/python3.9/site-packages/airflow/example_dags/example_subdag_operator.py
[2024-10-15 21:23:59,566] {processor.py:641} INFO - Processing file /home/luan-capella/Documentos/curso_airflow/airflowalura/venv/lib/python3.9/site-packages/airflow/example_dags/example_subdag_operator.py for tasks to queue
[2024-10-15 21:23:59,567] {logging_mixin.py:115} INFO - [2024-10-15 21:23:59,567] {dagbag.py:507} INFO - Filling up the DagBag from /home/luan-capella/Documentos/curso_airflow/airflowalura/venv/lib/python3.9/site-packages/airflow/example_dags/example_subdag_operator.py
[2024-10-15 21:23:59,584] {processor.py:651} INFO - DAG(s) dict_keys(['example_subdag_operator.section-1', 'example_subdag_operator.section-2', 'example_subdag_operator']) retrieved from /home/luan-capella/Documentos/curso_airflow/airflowalura/venv/lib/python3.9/site-packages/airflow/example_dags/example_subdag_operator.py
[2024-10-15 21:23:59,603] {logging_mixin.py:115} INFO - [2024-10-15 21:23:59,602] {dag.py:2379} INFO - Sync 3 DAGs
[2024-10-15 21:23:59,617] {logging_mixin.py:115} INFO - [2024-10-15 21:23:59,617] {dag.py:2927} INFO - Setting next_dagrun for example_subdag_operator to 2022-01-01T00:00:00+00:00, run_after=2022-01-01T00:00:00+00:00
[2024-10-15 21:23:59,617] {logging_mixin.py:115} INFO - [2024-10-15 21:23:59,617] {dag.py:2927} INFO - Setting next_dagrun for example_subdag_operator.section-1 to None, run_after=None
[2024-10-15 21:23:59,617] {logging_mixin.py:115} INFO - [2024-10-15 21:23:59,617] {dag.py:2927} INFO - Setting next_dagrun for example_subdag_operator.section-2 to None, run_after=None
[2024-10-15 21:23:59,621] {logging_mixin.py:115} INFO - [2024-10-15 21:23:59,620] {dag.py:2379} INFO - Sync 2 DAGs
[2024-10-15 21:23:59,623] {logging_mixin.py:115} INFO - [2024-10-15 21:23:59,623] {dag.py:2927} INFO - Setting next_dagrun for example_subdag_operator.section-1 to None, run_after=None
[2024-10-15 21:23:59,624] {logging_mixin.py:115} INFO - [2024-10-15 21:23:59,624] {dag.py:2927} INFO - Setting next_dagrun for example_subdag_operator.section-2 to None, run_after=None
[2024-10-15 21:23:59,635] {processor.py:161} INFO - Processing /home/luan-capella/Documentos/curso_airflow/airflowalura/venv/lib/python3.9/site-packages/airflow/example_dags/example_subdag_operator.py took 0.073 seconds
[2024-10-15 21:24:36,732] {processor.py:153} INFO - Started process (PID=9640) to work on /home/luan-capella/Documentos/curso_airflow/airflowalura/venv/lib/python3.9/site-packages/airflow/example_dags/example_subdag_operator.py
[2024-10-15 21:24:36,732] {processor.py:641} INFO - Processing file /home/luan-capella/Documentos/curso_airflow/airflowalura/venv/lib/python3.9/site-packages/airflow/example_dags/example_subdag_operator.py for tasks to queue
[2024-10-15 21:24:36,733] {logging_mixin.py:115} INFO - [2024-10-15 21:24:36,733] {dagbag.py:507} INFO - Filling up the DagBag from /home/luan-capella/Documentos/curso_airflow/airflowalura/venv/lib/python3.9/site-packages/airflow/example_dags/example_subdag_operator.py
[2024-10-15 21:24:36,752] {processor.py:651} INFO - DAG(s) dict_keys(['example_subdag_operator.section-1', 'example_subdag_operator.section-2', 'example_subdag_operator']) retrieved from /home/luan-capella/Documentos/curso_airflow/airflowalura/venv/lib/python3.9/site-packages/airflow/example_dags/example_subdag_operator.py
[2024-10-15 21:24:36,769] {logging_mixin.py:115} INFO - [2024-10-15 21:24:36,769] {dag.py:2379} INFO - Sync 3 DAGs
[2024-10-15 21:24:36,784] {logging_mixin.py:115} INFO - [2024-10-15 21:24:36,784] {dag.py:2927} INFO - Setting next_dagrun for example_subdag_operator to 2022-01-01T00:00:00+00:00, run_after=2022-01-01T00:00:00+00:00
[2024-10-15 21:24:36,784] {logging_mixin.py:115} INFO - [2024-10-15 21:24:36,784] {dag.py:2927} INFO - Setting next_dagrun for example_subdag_operator.section-1 to None, run_after=None
[2024-10-15 21:24:36,784] {logging_mixin.py:115} INFO - [2024-10-15 21:24:36,784] {dag.py:2927} INFO - Setting next_dagrun for example_subdag_operator.section-2 to None, run_after=None
[2024-10-15 21:24:36,788] {logging_mixin.py:115} INFO - [2024-10-15 21:24:36,788] {dag.py:2379} INFO - Sync 2 DAGs
[2024-10-15 21:24:36,792] {logging_mixin.py:115} INFO - [2024-10-15 21:24:36,792] {dag.py:2927} INFO - Setting next_dagrun for example_subdag_operator.section-1 to None, run_after=None
[2024-10-15 21:24:36,792] {logging_mixin.py:115} INFO - [2024-10-15 21:24:36,792] {dag.py:2927} INFO - Setting next_dagrun for example_subdag_operator.section-2 to None, run_after=None
[2024-10-15 21:24:36,806] {processor.py:161} INFO - Processing /home/luan-capella/Documentos/curso_airflow/airflowalura/venv/lib/python3.9/site-packages/airflow/example_dags/example_subdag_operator.py took 0.078 seconds
[2024-10-15 21:25:13,351] {processor.py:153} INFO - Started process (PID=9810) to work on /home/luan-capella/Documentos/curso_airflow/airflowalura/venv/lib/python3.9/site-packages/airflow/example_dags/example_subdag_operator.py
[2024-10-15 21:25:13,354] {processor.py:641} INFO - Processing file /home/luan-capella/Documentos/curso_airflow/airflowalura/venv/lib/python3.9/site-packages/airflow/example_dags/example_subdag_operator.py for tasks to queue
[2024-10-15 21:25:13,354] {logging_mixin.py:115} INFO - [2024-10-15 21:25:13,354] {dagbag.py:507} INFO - Filling up the DagBag from /home/luan-capella/Documentos/curso_airflow/airflowalura/venv/lib/python3.9/site-packages/airflow/example_dags/example_subdag_operator.py
[2024-10-15 21:25:13,375] {processor.py:651} INFO - DAG(s) dict_keys(['example_subdag_operator.section-1', 'example_subdag_operator.section-2', 'example_subdag_operator']) retrieved from /home/luan-capella/Documentos/curso_airflow/airflowalura/venv/lib/python3.9/site-packages/airflow/example_dags/example_subdag_operator.py
[2024-10-15 21:25:13,390] {logging_mixin.py:115} INFO - [2024-10-15 21:25:13,390] {dag.py:2379} INFO - Sync 3 DAGs
[2024-10-15 21:25:13,405] {logging_mixin.py:115} INFO - [2024-10-15 21:25:13,404] {dag.py:2927} INFO - Setting next_dagrun for example_subdag_operator to 2022-01-01T00:00:00+00:00, run_after=2022-01-01T00:00:00+00:00
[2024-10-15 21:25:13,405] {logging_mixin.py:115} INFO - [2024-10-15 21:25:13,405] {dag.py:2927} INFO - Setting next_dagrun for example_subdag_operator.section-1 to None, run_after=None
[2024-10-15 21:25:13,405] {logging_mixin.py:115} INFO - [2024-10-15 21:25:13,405] {dag.py:2927} INFO - Setting next_dagrun for example_subdag_operator.section-2 to None, run_after=None
[2024-10-15 21:25:13,409] {logging_mixin.py:115} INFO - [2024-10-15 21:25:13,408] {dag.py:2379} INFO - Sync 2 DAGs
[2024-10-15 21:25:13,411] {logging_mixin.py:115} INFO - [2024-10-15 21:25:13,411] {dag.py:2927} INFO - Setting next_dagrun for example_subdag_operator.section-1 to None, run_after=None
[2024-10-15 21:25:13,411] {logging_mixin.py:115} INFO - [2024-10-15 21:25:13,411] {dag.py:2927} INFO - Setting next_dagrun for example_subdag_operator.section-2 to None, run_after=None
[2024-10-15 21:25:13,424] {processor.py:161} INFO - Processing /home/luan-capella/Documentos/curso_airflow/airflowalura/venv/lib/python3.9/site-packages/airflow/example_dags/example_subdag_operator.py took 0.078 seconds
[2024-10-15 21:25:50,211] {processor.py:153} INFO - Started process (PID=10065) to work on /home/luan-capella/Documentos/curso_airflow/airflowalura/venv/lib/python3.9/site-packages/airflow/example_dags/example_subdag_operator.py
[2024-10-15 21:25:50,212] {processor.py:641} INFO - Processing file /home/luan-capella/Documentos/curso_airflow/airflowalura/venv/lib/python3.9/site-packages/airflow/example_dags/example_subdag_operator.py for tasks to queue
[2024-10-15 21:25:50,212] {logging_mixin.py:115} INFO - [2024-10-15 21:25:50,212] {dagbag.py:507} INFO - Filling up the DagBag from /home/luan-capella/Documentos/curso_airflow/airflowalura/venv/lib/python3.9/site-packages/airflow/example_dags/example_subdag_operator.py
[2024-10-15 21:25:50,231] {processor.py:651} INFO - DAG(s) dict_keys(['example_subdag_operator.section-1', 'example_subdag_operator.section-2', 'example_subdag_operator']) retrieved from /home/luan-capella/Documentos/curso_airflow/airflowalura/venv/lib/python3.9/site-packages/airflow/example_dags/example_subdag_operator.py
[2024-10-15 21:25:50,247] {logging_mixin.py:115} INFO - [2024-10-15 21:25:50,247] {dag.py:2379} INFO - Sync 3 DAGs
[2024-10-15 21:25:50,264] {logging_mixin.py:115} INFO - [2024-10-15 21:25:50,264] {dag.py:2927} INFO - Setting next_dagrun for example_subdag_operator to 2022-01-01T00:00:00+00:00, run_after=2022-01-01T00:00:00+00:00
[2024-10-15 21:25:50,264] {logging_mixin.py:115} INFO - [2024-10-15 21:25:50,264] {dag.py:2927} INFO - Setting next_dagrun for example_subdag_operator.section-1 to None, run_after=None
[2024-10-15 21:25:50,264] {logging_mixin.py:115} INFO - [2024-10-15 21:25:50,264] {dag.py:2927} INFO - Setting next_dagrun for example_subdag_operator.section-2 to None, run_after=None
[2024-10-15 21:25:50,269] {logging_mixin.py:115} INFO - [2024-10-15 21:25:50,269] {dag.py:2379} INFO - Sync 2 DAGs
[2024-10-15 21:25:50,272] {logging_mixin.py:115} INFO - [2024-10-15 21:25:50,272] {dag.py:2927} INFO - Setting next_dagrun for example_subdag_operator.section-1 to None, run_after=None
[2024-10-15 21:25:50,272] {logging_mixin.py:115} INFO - [2024-10-15 21:25:50,272] {dag.py:2927} INFO - Setting next_dagrun for example_subdag_operator.section-2 to None, run_after=None
[2024-10-15 21:25:50,283] {processor.py:161} INFO - Processing /home/luan-capella/Documentos/curso_airflow/airflowalura/venv/lib/python3.9/site-packages/airflow/example_dags/example_subdag_operator.py took 0.075 seconds
[2024-10-15 21:26:26,767] {processor.py:153} INFO - Started process (PID=10232) to work on /home/luan-capella/Documentos/curso_airflow/airflowalura/venv/lib/python3.9/site-packages/airflow/example_dags/example_subdag_operator.py
[2024-10-15 21:26:26,769] {processor.py:641} INFO - Processing file /home/luan-capella/Documentos/curso_airflow/airflowalura/venv/lib/python3.9/site-packages/airflow/example_dags/example_subdag_operator.py for tasks to queue
[2024-10-15 21:26:26,769] {logging_mixin.py:115} INFO - [2024-10-15 21:26:26,769] {dagbag.py:507} INFO - Filling up the DagBag from /home/luan-capella/Documentos/curso_airflow/airflowalura/venv/lib/python3.9/site-packages/airflow/example_dags/example_subdag_operator.py
[2024-10-15 21:26:26,793] {processor.py:651} INFO - DAG(s) dict_keys(['example_subdag_operator.section-1', 'example_subdag_operator.section-2', 'example_subdag_operator']) retrieved from /home/luan-capella/Documentos/curso_airflow/airflowalura/venv/lib/python3.9/site-packages/airflow/example_dags/example_subdag_operator.py
[2024-10-15 21:26:26,808] {logging_mixin.py:115} INFO - [2024-10-15 21:26:26,808] {dag.py:2379} INFO - Sync 3 DAGs
[2024-10-15 21:26:26,823] {logging_mixin.py:115} INFO - [2024-10-15 21:26:26,823] {dag.py:2927} INFO - Setting next_dagrun for example_subdag_operator to 2022-01-01T00:00:00+00:00, run_after=2022-01-01T00:00:00+00:00
[2024-10-15 21:26:26,824] {logging_mixin.py:115} INFO - [2024-10-15 21:26:26,824] {dag.py:2927} INFO - Setting next_dagrun for example_subdag_operator.section-1 to None, run_after=None
[2024-10-15 21:26:26,824] {logging_mixin.py:115} INFO - [2024-10-15 21:26:26,824] {dag.py:2927} INFO - Setting next_dagrun for example_subdag_operator.section-2 to None, run_after=None
[2024-10-15 21:26:26,827] {logging_mixin.py:115} INFO - [2024-10-15 21:26:26,827] {dag.py:2379} INFO - Sync 2 DAGs
[2024-10-15 21:26:26,830] {logging_mixin.py:115} INFO - [2024-10-15 21:26:26,830] {dag.py:2927} INFO - Setting next_dagrun for example_subdag_operator.section-1 to None, run_after=None
[2024-10-15 21:26:26,830] {logging_mixin.py:115} INFO - [2024-10-15 21:26:26,830] {dag.py:2927} INFO - Setting next_dagrun for example_subdag_operator.section-2 to None, run_after=None
[2024-10-15 21:26:26,842] {processor.py:161} INFO - Processing /home/luan-capella/Documentos/curso_airflow/airflowalura/venv/lib/python3.9/site-packages/airflow/example_dags/example_subdag_operator.py took 0.078 seconds
[2024-10-15 21:27:01,396] {processor.py:153} INFO - Started process (PID=10384) to work on /home/luan-capella/Documentos/curso_airflow/airflowalura/venv/lib/python3.9/site-packages/airflow/example_dags/example_subdag_operator.py
[2024-10-15 21:27:01,397] {processor.py:641} INFO - Processing file /home/luan-capella/Documentos/curso_airflow/airflowalura/venv/lib/python3.9/site-packages/airflow/example_dags/example_subdag_operator.py for tasks to queue
[2024-10-15 21:27:01,398] {logging_mixin.py:115} INFO - [2024-10-15 21:27:01,397] {dagbag.py:507} INFO - Filling up the DagBag from /home/luan-capella/Documentos/curso_airflow/airflowalura/venv/lib/python3.9/site-packages/airflow/example_dags/example_subdag_operator.py
[2024-10-15 21:27:01,416] {processor.py:651} INFO - DAG(s) dict_keys(['example_subdag_operator.section-1', 'example_subdag_operator.section-2', 'example_subdag_operator']) retrieved from /home/luan-capella/Documentos/curso_airflow/airflowalura/venv/lib/python3.9/site-packages/airflow/example_dags/example_subdag_operator.py
[2024-10-15 21:27:01,430] {logging_mixin.py:115} INFO - [2024-10-15 21:27:01,430] {dag.py:2379} INFO - Sync 3 DAGs
[2024-10-15 21:27:01,443] {logging_mixin.py:115} INFO - [2024-10-15 21:27:01,443] {dag.py:2927} INFO - Setting next_dagrun for example_subdag_operator to 2022-01-01T00:00:00+00:00, run_after=2022-01-01T00:00:00+00:00
[2024-10-15 21:27:01,443] {logging_mixin.py:115} INFO - [2024-10-15 21:27:01,443] {dag.py:2927} INFO - Setting next_dagrun for example_subdag_operator.section-1 to None, run_after=None
[2024-10-15 21:27:01,443] {logging_mixin.py:115} INFO - [2024-10-15 21:27:01,443] {dag.py:2927} INFO - Setting next_dagrun for example_subdag_operator.section-2 to None, run_after=None
[2024-10-15 21:27:01,447] {logging_mixin.py:115} INFO - [2024-10-15 21:27:01,447] {dag.py:2379} INFO - Sync 2 DAGs
[2024-10-15 21:27:01,450] {logging_mixin.py:115} INFO - [2024-10-15 21:27:01,450] {dag.py:2927} INFO - Setting next_dagrun for example_subdag_operator.section-1 to None, run_after=None
[2024-10-15 21:27:01,450] {logging_mixin.py:115} INFO - [2024-10-15 21:27:01,450] {dag.py:2927} INFO - Setting next_dagrun for example_subdag_operator.section-2 to None, run_after=None
[2024-10-15 21:27:01,459] {processor.py:161} INFO - Processing /home/luan-capella/Documentos/curso_airflow/airflowalura/venv/lib/python3.9/site-packages/airflow/example_dags/example_subdag_operator.py took 0.066 seconds
[2024-10-15 21:27:36,847] {processor.py:153} INFO - Started process (PID=10608) to work on /home/luan-capella/Documentos/curso_airflow/airflowalura/venv/lib/python3.9/site-packages/airflow/example_dags/example_subdag_operator.py
[2024-10-15 21:27:36,848] {processor.py:641} INFO - Processing file /home/luan-capella/Documentos/curso_airflow/airflowalura/venv/lib/python3.9/site-packages/airflow/example_dags/example_subdag_operator.py for tasks to queue
[2024-10-15 21:27:36,848] {logging_mixin.py:115} INFO - [2024-10-15 21:27:36,848] {dagbag.py:507} INFO - Filling up the DagBag from /home/luan-capella/Documentos/curso_airflow/airflowalura/venv/lib/python3.9/site-packages/airflow/example_dags/example_subdag_operator.py
[2024-10-15 21:27:36,864] {processor.py:651} INFO - DAG(s) dict_keys(['example_subdag_operator.section-1', 'example_subdag_operator.section-2', 'example_subdag_operator']) retrieved from /home/luan-capella/Documentos/curso_airflow/airflowalura/venv/lib/python3.9/site-packages/airflow/example_dags/example_subdag_operator.py
[2024-10-15 21:27:36,882] {logging_mixin.py:115} INFO - [2024-10-15 21:27:36,881] {dag.py:2379} INFO - Sync 3 DAGs
[2024-10-15 21:27:36,900] {logging_mixin.py:115} INFO - [2024-10-15 21:27:36,899] {dag.py:2927} INFO - Setting next_dagrun for example_subdag_operator to 2022-01-01T00:00:00+00:00, run_after=2022-01-01T00:00:00+00:00
[2024-10-15 21:27:36,900] {logging_mixin.py:115} INFO - [2024-10-15 21:27:36,900] {dag.py:2927} INFO - Setting next_dagrun for example_subdag_operator.section-1 to None, run_after=None
[2024-10-15 21:27:36,900] {logging_mixin.py:115} INFO - [2024-10-15 21:27:36,900] {dag.py:2927} INFO - Setting next_dagrun for example_subdag_operator.section-2 to None, run_after=None
[2024-10-15 21:27:36,905] {logging_mixin.py:115} INFO - [2024-10-15 21:27:36,905] {dag.py:2379} INFO - Sync 2 DAGs
[2024-10-15 21:27:36,908] {logging_mixin.py:115} INFO - [2024-10-15 21:27:36,908] {dag.py:2927} INFO - Setting next_dagrun for example_subdag_operator.section-1 to None, run_after=None
[2024-10-15 21:27:36,908] {logging_mixin.py:115} INFO - [2024-10-15 21:27:36,908] {dag.py:2927} INFO - Setting next_dagrun for example_subdag_operator.section-2 to None, run_after=None
[2024-10-15 21:27:36,919] {processor.py:161} INFO - Processing /home/luan-capella/Documentos/curso_airflow/airflowalura/venv/lib/python3.9/site-packages/airflow/example_dags/example_subdag_operator.py took 0.075 seconds
[2024-10-15 21:28:16,073] {processor.py:153} INFO - Started process (PID=10837) to work on /home/luan-capella/Documentos/curso_airflow/airflowalura/venv/lib/python3.9/site-packages/airflow/example_dags/example_subdag_operator.py
[2024-10-15 21:28:16,075] {processor.py:641} INFO - Processing file /home/luan-capella/Documentos/curso_airflow/airflowalura/venv/lib/python3.9/site-packages/airflow/example_dags/example_subdag_operator.py for tasks to queue
[2024-10-15 21:28:16,076] {logging_mixin.py:115} INFO - [2024-10-15 21:28:16,076] {dagbag.py:507} INFO - Filling up the DagBag from /home/luan-capella/Documentos/curso_airflow/airflowalura/venv/lib/python3.9/site-packages/airflow/example_dags/example_subdag_operator.py
[2024-10-15 21:28:16,093] {processor.py:651} INFO - DAG(s) dict_keys(['example_subdag_operator.section-1', 'example_subdag_operator.section-2', 'example_subdag_operator']) retrieved from /home/luan-capella/Documentos/curso_airflow/airflowalura/venv/lib/python3.9/site-packages/airflow/example_dags/example_subdag_operator.py
[2024-10-15 21:28:16,107] {logging_mixin.py:115} INFO - [2024-10-15 21:28:16,107] {dag.py:2379} INFO - Sync 3 DAGs
[2024-10-15 21:28:16,122] {logging_mixin.py:115} INFO - [2024-10-15 21:28:16,122] {dag.py:2927} INFO - Setting next_dagrun for example_subdag_operator to 2022-01-01T00:00:00+00:00, run_after=2022-01-01T00:00:00+00:00
[2024-10-15 21:28:16,122] {logging_mixin.py:115} INFO - [2024-10-15 21:28:16,122] {dag.py:2927} INFO - Setting next_dagrun for example_subdag_operator.section-1 to None, run_after=None
[2024-10-15 21:28:16,122] {logging_mixin.py:115} INFO - [2024-10-15 21:28:16,122] {dag.py:2927} INFO - Setting next_dagrun for example_subdag_operator.section-2 to None, run_after=None
[2024-10-15 21:28:16,126] {logging_mixin.py:115} INFO - [2024-10-15 21:28:16,126] {dag.py:2379} INFO - Sync 2 DAGs
[2024-10-15 21:28:16,129] {logging_mixin.py:115} INFO - [2024-10-15 21:28:16,129] {dag.py:2927} INFO - Setting next_dagrun for example_subdag_operator.section-1 to None, run_after=None
[2024-10-15 21:28:16,129] {logging_mixin.py:115} INFO - [2024-10-15 21:28:16,129] {dag.py:2927} INFO - Setting next_dagrun for example_subdag_operator.section-2 to None, run_after=None
[2024-10-15 21:28:16,138] {processor.py:161} INFO - Processing /home/luan-capella/Documentos/curso_airflow/airflowalura/venv/lib/python3.9/site-packages/airflow/example_dags/example_subdag_operator.py took 0.070 seconds
[2024-10-15 21:28:51,699] {processor.py:153} INFO - Started process (PID=11033) to work on /home/luan-capella/Documentos/curso_airflow/airflowalura/venv/lib/python3.9/site-packages/airflow/example_dags/example_subdag_operator.py
[2024-10-15 21:28:51,701] {processor.py:641} INFO - Processing file /home/luan-capella/Documentos/curso_airflow/airflowalura/venv/lib/python3.9/site-packages/airflow/example_dags/example_subdag_operator.py for tasks to queue
[2024-10-15 21:28:51,701] {logging_mixin.py:115} INFO - [2024-10-15 21:28:51,701] {dagbag.py:507} INFO - Filling up the DagBag from /home/luan-capella/Documentos/curso_airflow/airflowalura/venv/lib/python3.9/site-packages/airflow/example_dags/example_subdag_operator.py
[2024-10-15 21:28:51,719] {processor.py:651} INFO - DAG(s) dict_keys(['example_subdag_operator.section-1', 'example_subdag_operator.section-2', 'example_subdag_operator']) retrieved from /home/luan-capella/Documentos/curso_airflow/airflowalura/venv/lib/python3.9/site-packages/airflow/example_dags/example_subdag_operator.py
[2024-10-15 21:28:51,732] {logging_mixin.py:115} INFO - [2024-10-15 21:28:51,732] {dag.py:2379} INFO - Sync 3 DAGs
[2024-10-15 21:28:51,744] {logging_mixin.py:115} INFO - [2024-10-15 21:28:51,744] {dag.py:2927} INFO - Setting next_dagrun for example_subdag_operator to 2022-01-01T00:00:00+00:00, run_after=2022-01-01T00:00:00+00:00
[2024-10-15 21:28:51,744] {logging_mixin.py:115} INFO - [2024-10-15 21:28:51,744] {dag.py:2927} INFO - Setting next_dagrun for example_subdag_operator.section-1 to None, run_after=None
[2024-10-15 21:28:51,744] {logging_mixin.py:115} INFO - [2024-10-15 21:28:51,744] {dag.py:2927} INFO - Setting next_dagrun for example_subdag_operator.section-2 to None, run_after=None
[2024-10-15 21:28:51,747] {logging_mixin.py:115} INFO - [2024-10-15 21:28:51,747] {dag.py:2379} INFO - Sync 2 DAGs
[2024-10-15 21:28:51,750] {logging_mixin.py:115} INFO - [2024-10-15 21:28:51,750] {dag.py:2927} INFO - Setting next_dagrun for example_subdag_operator.section-1 to None, run_after=None
[2024-10-15 21:28:51,750] {logging_mixin.py:115} INFO - [2024-10-15 21:28:51,750] {dag.py:2927} INFO - Setting next_dagrun for example_subdag_operator.section-2 to None, run_after=None
[2024-10-15 21:28:51,758] {processor.py:161} INFO - Processing /home/luan-capella/Documentos/curso_airflow/airflowalura/venv/lib/python3.9/site-packages/airflow/example_dags/example_subdag_operator.py took 0.064 seconds
[2024-10-15 21:29:25,788] {processor.py:153} INFO - Started process (PID=11202) to work on /home/luan-capella/Documentos/curso_airflow/airflowalura/venv/lib/python3.9/site-packages/airflow/example_dags/example_subdag_operator.py
[2024-10-15 21:29:25,789] {processor.py:641} INFO - Processing file /home/luan-capella/Documentos/curso_airflow/airflowalura/venv/lib/python3.9/site-packages/airflow/example_dags/example_subdag_operator.py for tasks to queue
[2024-10-15 21:29:25,790] {logging_mixin.py:115} INFO - [2024-10-15 21:29:25,789] {dagbag.py:507} INFO - Filling up the DagBag from /home/luan-capella/Documentos/curso_airflow/airflowalura/venv/lib/python3.9/site-packages/airflow/example_dags/example_subdag_operator.py
[2024-10-15 21:29:25,809] {processor.py:651} INFO - DAG(s) dict_keys(['example_subdag_operator.section-1', 'example_subdag_operator.section-2', 'example_subdag_operator']) retrieved from /home/luan-capella/Documentos/curso_airflow/airflowalura/venv/lib/python3.9/site-packages/airflow/example_dags/example_subdag_operator.py
[2024-10-15 21:29:25,824] {logging_mixin.py:115} INFO - [2024-10-15 21:29:25,824] {dag.py:2379} INFO - Sync 3 DAGs
[2024-10-15 21:29:25,836] {logging_mixin.py:115} INFO - [2024-10-15 21:29:25,836] {dag.py:2927} INFO - Setting next_dagrun for example_subdag_operator to 2022-01-01T00:00:00+00:00, run_after=2022-01-01T00:00:00+00:00
[2024-10-15 21:29:25,836] {logging_mixin.py:115} INFO - [2024-10-15 21:29:25,836] {dag.py:2927} INFO - Setting next_dagrun for example_subdag_operator.section-1 to None, run_after=None
[2024-10-15 21:29:25,836] {logging_mixin.py:115} INFO - [2024-10-15 21:29:25,836] {dag.py:2927} INFO - Setting next_dagrun for example_subdag_operator.section-2 to None, run_after=None
[2024-10-15 21:29:25,840] {logging_mixin.py:115} INFO - [2024-10-15 21:29:25,840] {dag.py:2379} INFO - Sync 2 DAGs
[2024-10-15 21:29:25,843] {logging_mixin.py:115} INFO - [2024-10-15 21:29:25,843] {dag.py:2927} INFO - Setting next_dagrun for example_subdag_operator.section-1 to None, run_after=None
[2024-10-15 21:29:25,843] {logging_mixin.py:115} INFO - [2024-10-15 21:29:25,843] {dag.py:2927} INFO - Setting next_dagrun for example_subdag_operator.section-2 to None, run_after=None
[2024-10-15 21:29:25,855] {processor.py:161} INFO - Processing /home/luan-capella/Documentos/curso_airflow/airflowalura/venv/lib/python3.9/site-packages/airflow/example_dags/example_subdag_operator.py took 0.072 seconds
