[2024-10-15 21:24:03,466] {processor.py:153} INFO - Started process (PID=9481) to work on /home/luan-capella/Documentos/curso_airflow/airflowalura/venv/lib/python3.9/site-packages/airflow/example_dags/example_python_operator.py
[2024-10-15 21:24:03,466] {processor.py:641} INFO - Processing file /home/luan-capella/Documentos/curso_airflow/airflowalura/venv/lib/python3.9/site-packages/airflow/example_dags/example_python_operator.py for tasks to queue
[2024-10-15 21:24:03,467] {logging_mixin.py:115} INFO - [2024-10-15 21:24:03,467] {dagbag.py:507} INFO - Filling up the DagBag from /home/luan-capella/Documentos/curso_airflow/airflowalura/venv/lib/python3.9/site-packages/airflow/example_dags/example_python_operator.py
[2024-10-15 21:24:03,487] {logging_mixin.py:115} INFO - [2024-10-15 21:24:03,487] {example_python_operator.py:68} WARNING - The virtalenv_python example task requires virtualenv, please install it.
[2024-10-15 21:24:03,488] {processor.py:651} INFO - DAG(s) dict_keys(['example_python_operator']) retrieved from /home/luan-capella/Documentos/curso_airflow/airflowalura/venv/lib/python3.9/site-packages/airflow/example_dags/example_python_operator.py
[2024-10-15 21:24:03,499] {logging_mixin.py:115} INFO - [2024-10-15 21:24:03,499] {dag.py:2379} INFO - Sync 1 DAGs
[2024-10-15 21:24:03,512] {logging_mixin.py:115} INFO - [2024-10-15 21:24:03,512] {dag.py:2927} INFO - Setting next_dagrun for example_python_operator to None, run_after=None
[2024-10-15 21:24:03,527] {processor.py:161} INFO - Processing /home/luan-capella/Documentos/curso_airflow/airflowalura/venv/lib/python3.9/site-packages/airflow/example_dags/example_python_operator.py took 0.067 seconds
[2024-10-15 21:24:40,738] {processor.py:153} INFO - Started process (PID=9655) to work on /home/luan-capella/Documentos/curso_airflow/airflowalura/venv/lib/python3.9/site-packages/airflow/example_dags/example_python_operator.py
[2024-10-15 21:24:40,739] {processor.py:641} INFO - Processing file /home/luan-capella/Documentos/curso_airflow/airflowalura/venv/lib/python3.9/site-packages/airflow/example_dags/example_python_operator.py for tasks to queue
[2024-10-15 21:24:40,739] {logging_mixin.py:115} INFO - [2024-10-15 21:24:40,739] {dagbag.py:507} INFO - Filling up the DagBag from /home/luan-capella/Documentos/curso_airflow/airflowalura/venv/lib/python3.9/site-packages/airflow/example_dags/example_python_operator.py
[2024-10-15 21:24:40,753] {logging_mixin.py:115} INFO - [2024-10-15 21:24:40,753] {example_python_operator.py:68} WARNING - The virtalenv_python example task requires virtualenv, please install it.
[2024-10-15 21:24:40,753] {processor.py:651} INFO - DAG(s) dict_keys(['example_python_operator']) retrieved from /home/luan-capella/Documentos/curso_airflow/airflowalura/venv/lib/python3.9/site-packages/airflow/example_dags/example_python_operator.py
[2024-10-15 21:24:40,767] {logging_mixin.py:115} INFO - [2024-10-15 21:24:40,767] {dag.py:2379} INFO - Sync 1 DAGs
[2024-10-15 21:24:40,782] {logging_mixin.py:115} INFO - [2024-10-15 21:24:40,782] {dag.py:2927} INFO - Setting next_dagrun for example_python_operator to None, run_after=None
[2024-10-15 21:24:40,794] {processor.py:161} INFO - Processing /home/luan-capella/Documentos/curso_airflow/airflowalura/venv/lib/python3.9/site-packages/airflow/example_dags/example_python_operator.py took 0.059 seconds
[2024-10-15 21:25:17,948] {processor.py:153} INFO - Started process (PID=9875) to work on /home/luan-capella/Documentos/curso_airflow/airflowalura/venv/lib/python3.9/site-packages/airflow/example_dags/example_python_operator.py
[2024-10-15 21:25:17,949] {processor.py:641} INFO - Processing file /home/luan-capella/Documentos/curso_airflow/airflowalura/venv/lib/python3.9/site-packages/airflow/example_dags/example_python_operator.py for tasks to queue
[2024-10-15 21:25:17,950] {logging_mixin.py:115} INFO - [2024-10-15 21:25:17,950] {dagbag.py:507} INFO - Filling up the DagBag from /home/luan-capella/Documentos/curso_airflow/airflowalura/venv/lib/python3.9/site-packages/airflow/example_dags/example_python_operator.py
[2024-10-15 21:25:17,965] {logging_mixin.py:115} INFO - [2024-10-15 21:25:17,965] {example_python_operator.py:68} WARNING - The virtalenv_python example task requires virtualenv, please install it.
[2024-10-15 21:25:17,965] {processor.py:651} INFO - DAG(s) dict_keys(['example_python_operator']) retrieved from /home/luan-capella/Documentos/curso_airflow/airflowalura/venv/lib/python3.9/site-packages/airflow/example_dags/example_python_operator.py
[2024-10-15 21:25:17,979] {logging_mixin.py:115} INFO - [2024-10-15 21:25:17,979] {dag.py:2379} INFO - Sync 1 DAGs
[2024-10-15 21:25:17,995] {logging_mixin.py:115} INFO - [2024-10-15 21:25:17,995] {dag.py:2927} INFO - Setting next_dagrun for example_python_operator to None, run_after=None
[2024-10-15 21:25:18,010] {processor.py:161} INFO - Processing /home/luan-capella/Documentos/curso_airflow/airflowalura/venv/lib/python3.9/site-packages/airflow/example_dags/example_python_operator.py took 0.064 seconds
[2024-10-15 21:25:54,040] {processor.py:153} INFO - Started process (PID=10085) to work on /home/luan-capella/Documentos/curso_airflow/airflowalura/venv/lib/python3.9/site-packages/airflow/example_dags/example_python_operator.py
[2024-10-15 21:25:54,041] {processor.py:641} INFO - Processing file /home/luan-capella/Documentos/curso_airflow/airflowalura/venv/lib/python3.9/site-packages/airflow/example_dags/example_python_operator.py for tasks to queue
[2024-10-15 21:25:54,041] {logging_mixin.py:115} INFO - [2024-10-15 21:25:54,041] {dagbag.py:507} INFO - Filling up the DagBag from /home/luan-capella/Documentos/curso_airflow/airflowalura/venv/lib/python3.9/site-packages/airflow/example_dags/example_python_operator.py
[2024-10-15 21:25:54,055] {logging_mixin.py:115} INFO - [2024-10-15 21:25:54,055] {example_python_operator.py:68} WARNING - The virtalenv_python example task requires virtualenv, please install it.
[2024-10-15 21:25:54,055] {processor.py:651} INFO - DAG(s) dict_keys(['example_python_operator']) retrieved from /home/luan-capella/Documentos/curso_airflow/airflowalura/venv/lib/python3.9/site-packages/airflow/example_dags/example_python_operator.py
[2024-10-15 21:25:54,069] {logging_mixin.py:115} INFO - [2024-10-15 21:25:54,069] {dag.py:2379} INFO - Sync 1 DAGs
[2024-10-15 21:25:54,083] {logging_mixin.py:115} INFO - [2024-10-15 21:25:54,083] {dag.py:2927} INFO - Setting next_dagrun for example_python_operator to None, run_after=None
[2024-10-15 21:25:54,095] {processor.py:161} INFO - Processing /home/luan-capella/Documentos/curso_airflow/airflowalura/venv/lib/python3.9/site-packages/airflow/example_dags/example_python_operator.py took 0.058 seconds
[2024-10-15 21:26:29,762] {processor.py:153} INFO - Started process (PID=10244) to work on /home/luan-capella/Documentos/curso_airflow/airflowalura/venv/lib/python3.9/site-packages/airflow/example_dags/example_python_operator.py
[2024-10-15 21:26:29,763] {processor.py:641} INFO - Processing file /home/luan-capella/Documentos/curso_airflow/airflowalura/venv/lib/python3.9/site-packages/airflow/example_dags/example_python_operator.py for tasks to queue
[2024-10-15 21:26:29,764] {logging_mixin.py:115} INFO - [2024-10-15 21:26:29,764] {dagbag.py:507} INFO - Filling up the DagBag from /home/luan-capella/Documentos/curso_airflow/airflowalura/venv/lib/python3.9/site-packages/airflow/example_dags/example_python_operator.py
[2024-10-15 21:26:29,779] {logging_mixin.py:115} INFO - [2024-10-15 21:26:29,779] {example_python_operator.py:68} WARNING - The virtalenv_python example task requires virtualenv, please install it.
[2024-10-15 21:26:29,779] {processor.py:651} INFO - DAG(s) dict_keys(['example_python_operator']) retrieved from /home/luan-capella/Documentos/curso_airflow/airflowalura/venv/lib/python3.9/site-packages/airflow/example_dags/example_python_operator.py
[2024-10-15 21:26:29,791] {logging_mixin.py:115} INFO - [2024-10-15 21:26:29,791] {dag.py:2379} INFO - Sync 1 DAGs
[2024-10-15 21:26:29,803] {logging_mixin.py:115} INFO - [2024-10-15 21:26:29,803] {dag.py:2927} INFO - Setting next_dagrun for example_python_operator to None, run_after=None
[2024-10-15 21:26:29,815] {processor.py:161} INFO - Processing /home/luan-capella/Documentos/curso_airflow/airflowalura/venv/lib/python3.9/site-packages/airflow/example_dags/example_python_operator.py took 0.058 seconds
[2024-10-15 21:27:05,070] {processor.py:153} INFO - Started process (PID=10412) to work on /home/luan-capella/Documentos/curso_airflow/airflowalura/venv/lib/python3.9/site-packages/airflow/example_dags/example_python_operator.py
[2024-10-15 21:27:05,071] {processor.py:641} INFO - Processing file /home/luan-capella/Documentos/curso_airflow/airflowalura/venv/lib/python3.9/site-packages/airflow/example_dags/example_python_operator.py for tasks to queue
[2024-10-15 21:27:05,072] {logging_mixin.py:115} INFO - [2024-10-15 21:27:05,072] {dagbag.py:507} INFO - Filling up the DagBag from /home/luan-capella/Documentos/curso_airflow/airflowalura/venv/lib/python3.9/site-packages/airflow/example_dags/example_python_operator.py
[2024-10-15 21:27:05,085] {logging_mixin.py:115} INFO - [2024-10-15 21:27:05,085] {example_python_operator.py:68} WARNING - The virtalenv_python example task requires virtualenv, please install it.
[2024-10-15 21:27:05,086] {processor.py:651} INFO - DAG(s) dict_keys(['example_python_operator']) retrieved from /home/luan-capella/Documentos/curso_airflow/airflowalura/venv/lib/python3.9/site-packages/airflow/example_dags/example_python_operator.py
[2024-10-15 21:27:05,098] {logging_mixin.py:115} INFO - [2024-10-15 21:27:05,098] {dag.py:2379} INFO - Sync 1 DAGs
[2024-10-15 21:27:05,110] {logging_mixin.py:115} INFO - [2024-10-15 21:27:05,110] {dag.py:2927} INFO - Setting next_dagrun for example_python_operator to None, run_after=None
[2024-10-15 21:27:05,121] {processor.py:161} INFO - Processing /home/luan-capella/Documentos/curso_airflow/airflowalura/venv/lib/python3.9/site-packages/airflow/example_dags/example_python_operator.py took 0.056 seconds
[2024-10-15 21:27:43,122] {processor.py:153} INFO - Started process (PID=10632) to work on /home/luan-capella/Documentos/curso_airflow/airflowalura/venv/lib/python3.9/site-packages/airflow/example_dags/example_python_operator.py
[2024-10-15 21:27:43,123] {processor.py:641} INFO - Processing file /home/luan-capella/Documentos/curso_airflow/airflowalura/venv/lib/python3.9/site-packages/airflow/example_dags/example_python_operator.py for tasks to queue
[2024-10-15 21:27:43,123] {logging_mixin.py:115} INFO - [2024-10-15 21:27:43,123] {dagbag.py:507} INFO - Filling up the DagBag from /home/luan-capella/Documentos/curso_airflow/airflowalura/venv/lib/python3.9/site-packages/airflow/example_dags/example_python_operator.py
[2024-10-15 21:27:43,138] {logging_mixin.py:115} INFO - [2024-10-15 21:27:43,138] {example_python_operator.py:68} WARNING - The virtalenv_python example task requires virtualenv, please install it.
[2024-10-15 21:27:43,138] {processor.py:651} INFO - DAG(s) dict_keys(['example_python_operator']) retrieved from /home/luan-capella/Documentos/curso_airflow/airflowalura/venv/lib/python3.9/site-packages/airflow/example_dags/example_python_operator.py
[2024-10-15 21:27:43,150] {logging_mixin.py:115} INFO - [2024-10-15 21:27:43,150] {dag.py:2379} INFO - Sync 1 DAGs
[2024-10-15 21:27:43,164] {logging_mixin.py:115} INFO - [2024-10-15 21:27:43,164] {dag.py:2927} INFO - Setting next_dagrun for example_python_operator to None, run_after=None
[2024-10-15 21:27:43,177] {processor.py:161} INFO - Processing /home/luan-capella/Documentos/curso_airflow/airflowalura/venv/lib/python3.9/site-packages/airflow/example_dags/example_python_operator.py took 0.058 seconds
[2024-10-15 21:28:20,637] {processor.py:153} INFO - Started process (PID=10863) to work on /home/luan-capella/Documentos/curso_airflow/airflowalura/venv/lib/python3.9/site-packages/airflow/example_dags/example_python_operator.py
[2024-10-15 21:28:20,638] {processor.py:641} INFO - Processing file /home/luan-capella/Documentos/curso_airflow/airflowalura/venv/lib/python3.9/site-packages/airflow/example_dags/example_python_operator.py for tasks to queue
[2024-10-15 21:28:20,638] {logging_mixin.py:115} INFO - [2024-10-15 21:28:20,638] {dagbag.py:507} INFO - Filling up the DagBag from /home/luan-capella/Documentos/curso_airflow/airflowalura/venv/lib/python3.9/site-packages/airflow/example_dags/example_python_operator.py
[2024-10-15 21:28:20,656] {logging_mixin.py:115} INFO - [2024-10-15 21:28:20,656] {example_python_operator.py:68} WARNING - The virtalenv_python example task requires virtualenv, please install it.
[2024-10-15 21:28:20,656] {processor.py:651} INFO - DAG(s) dict_keys(['example_python_operator']) retrieved from /home/luan-capella/Documentos/curso_airflow/airflowalura/venv/lib/python3.9/site-packages/airflow/example_dags/example_python_operator.py
[2024-10-15 21:28:20,671] {logging_mixin.py:115} INFO - [2024-10-15 21:28:20,671] {dag.py:2379} INFO - Sync 1 DAGs
[2024-10-15 21:28:20,690] {logging_mixin.py:115} INFO - [2024-10-15 21:28:20,690] {dag.py:2927} INFO - Setting next_dagrun for example_python_operator to None, run_after=None
[2024-10-15 21:28:20,705] {processor.py:161} INFO - Processing /home/luan-capella/Documentos/curso_airflow/airflowalura/venv/lib/python3.9/site-packages/airflow/example_dags/example_python_operator.py took 0.071 seconds
[2024-10-15 21:28:55,367] {processor.py:153} INFO - Started process (PID=11050) to work on /home/luan-capella/Documentos/curso_airflow/airflowalura/venv/lib/python3.9/site-packages/airflow/example_dags/example_python_operator.py
[2024-10-15 21:28:55,368] {processor.py:641} INFO - Processing file /home/luan-capella/Documentos/curso_airflow/airflowalura/venv/lib/python3.9/site-packages/airflow/example_dags/example_python_operator.py for tasks to queue
[2024-10-15 21:28:55,369] {logging_mixin.py:115} INFO - [2024-10-15 21:28:55,369] {dagbag.py:507} INFO - Filling up the DagBag from /home/luan-capella/Documentos/curso_airflow/airflowalura/venv/lib/python3.9/site-packages/airflow/example_dags/example_python_operator.py
[2024-10-15 21:28:55,382] {logging_mixin.py:115} INFO - [2024-10-15 21:28:55,382] {example_python_operator.py:68} WARNING - The virtalenv_python example task requires virtualenv, please install it.
[2024-10-15 21:28:55,382] {processor.py:651} INFO - DAG(s) dict_keys(['example_python_operator']) retrieved from /home/luan-capella/Documentos/curso_airflow/airflowalura/venv/lib/python3.9/site-packages/airflow/example_dags/example_python_operator.py
[2024-10-15 21:28:55,395] {logging_mixin.py:115} INFO - [2024-10-15 21:28:55,395] {dag.py:2379} INFO - Sync 1 DAGs
[2024-10-15 21:28:55,407] {logging_mixin.py:115} INFO - [2024-10-15 21:28:55,407] {dag.py:2927} INFO - Setting next_dagrun for example_python_operator to None, run_after=None
[2024-10-15 21:28:55,421] {processor.py:161} INFO - Processing /home/luan-capella/Documentos/curso_airflow/airflowalura/venv/lib/python3.9/site-packages/airflow/example_dags/example_python_operator.py took 0.059 seconds
[2024-10-15 21:29:31,780] {processor.py:153} INFO - Started process (PID=11227) to work on /home/luan-capella/Documentos/curso_airflow/airflowalura/venv/lib/python3.9/site-packages/airflow/example_dags/example_python_operator.py
[2024-10-15 21:29:31,781] {processor.py:641} INFO - Processing file /home/luan-capella/Documentos/curso_airflow/airflowalura/venv/lib/python3.9/site-packages/airflow/example_dags/example_python_operator.py for tasks to queue
[2024-10-15 21:29:31,782] {logging_mixin.py:115} INFO - [2024-10-15 21:29:31,782] {dagbag.py:507} INFO - Filling up the DagBag from /home/luan-capella/Documentos/curso_airflow/airflowalura/venv/lib/python3.9/site-packages/airflow/example_dags/example_python_operator.py
[2024-10-15 21:29:31,799] {logging_mixin.py:115} INFO - [2024-10-15 21:29:31,799] {example_python_operator.py:68} WARNING - The virtalenv_python example task requires virtualenv, please install it.
[2024-10-15 21:29:31,799] {processor.py:651} INFO - DAG(s) dict_keys(['example_python_operator']) retrieved from /home/luan-capella/Documentos/curso_airflow/airflowalura/venv/lib/python3.9/site-packages/airflow/example_dags/example_python_operator.py
[2024-10-15 21:29:31,811] {logging_mixin.py:115} INFO - [2024-10-15 21:29:31,811] {dag.py:2379} INFO - Sync 1 DAGs
[2024-10-15 21:29:31,824] {logging_mixin.py:115} INFO - [2024-10-15 21:29:31,824] {dag.py:2927} INFO - Setting next_dagrun for example_python_operator to None, run_after=None
[2024-10-15 21:29:31,839] {processor.py:161} INFO - Processing /home/luan-capella/Documentos/curso_airflow/airflowalura/venv/lib/python3.9/site-packages/airflow/example_dags/example_python_operator.py took 0.065 seconds
