[2024-10-15 21:24:12,615] {processor.py:153} INFO - Started process (PID=9524) to work on /home/luan-capella/Documentos/curso_airflow/airflowalura/venv/lib/python3.9/site-packages/airflow/example_dags/example_branch_datetime_operator.py
[2024-10-15 21:24:12,615] {processor.py:641} INFO - Processing file /home/luan-capella/Documentos/curso_airflow/airflowalura/venv/lib/python3.9/site-packages/airflow/example_dags/example_branch_datetime_operator.py for tasks to queue
[2024-10-15 21:24:12,615] {logging_mixin.py:115} INFO - [2024-10-15 21:24:12,615] {dagbag.py:507} INFO - Filling up the DagBag from /home/luan-capella/Documentos/curso_airflow/airflowalura/venv/lib/python3.9/site-packages/airflow/example_dags/example_branch_datetime_operator.py
[2024-10-15 21:24:12,622] {processor.py:651} INFO - DAG(s) dict_keys(['example_branch_datetime_operator_2']) retrieved from /home/luan-capella/Documentos/curso_airflow/airflowalura/venv/lib/python3.9/site-packages/airflow/example_dags/example_branch_datetime_operator.py
[2024-10-15 21:24:12,636] {logging_mixin.py:115} INFO - [2024-10-15 21:24:12,636] {dag.py:2379} INFO - Sync 1 DAGs
[2024-10-15 21:24:12,652] {logging_mixin.py:115} INFO - [2024-10-15 21:24:12,652] {dag.py:2927} INFO - Setting next_dagrun for example_branch_datetime_operator_2 to 2024-10-15T00:00:00+00:00, run_after=2024-10-16T00:00:00+00:00
[2024-10-15 21:24:12,670] {processor.py:161} INFO - Processing /home/luan-capella/Documentos/curso_airflow/airflowalura/venv/lib/python3.9/site-packages/airflow/example_dags/example_branch_datetime_operator.py took 0.058 seconds
[2024-10-15 21:24:49,909] {processor.py:153} INFO - Started process (PID=9700) to work on /home/luan-capella/Documentos/curso_airflow/airflowalura/venv/lib/python3.9/site-packages/airflow/example_dags/example_branch_datetime_operator.py
[2024-10-15 21:24:49,910] {processor.py:641} INFO - Processing file /home/luan-capella/Documentos/curso_airflow/airflowalura/venv/lib/python3.9/site-packages/airflow/example_dags/example_branch_datetime_operator.py for tasks to queue
[2024-10-15 21:24:49,910] {logging_mixin.py:115} INFO - [2024-10-15 21:24:49,910] {dagbag.py:507} INFO - Filling up the DagBag from /home/luan-capella/Documentos/curso_airflow/airflowalura/venv/lib/python3.9/site-packages/airflow/example_dags/example_branch_datetime_operator.py
[2024-10-15 21:24:49,917] {processor.py:651} INFO - DAG(s) dict_keys(['example_branch_datetime_operator_2']) retrieved from /home/luan-capella/Documentos/curso_airflow/airflowalura/venv/lib/python3.9/site-packages/airflow/example_dags/example_branch_datetime_operator.py
[2024-10-15 21:24:49,931] {logging_mixin.py:115} INFO - [2024-10-15 21:24:49,931] {dag.py:2379} INFO - Sync 1 DAGs
[2024-10-15 21:24:49,946] {logging_mixin.py:115} INFO - [2024-10-15 21:24:49,946] {dag.py:2927} INFO - Setting next_dagrun for example_branch_datetime_operator_2 to 2024-10-15T00:00:00+00:00, run_after=2024-10-16T00:00:00+00:00
[2024-10-15 21:24:49,961] {processor.py:161} INFO - Processing /home/luan-capella/Documentos/curso_airflow/airflowalura/venv/lib/python3.9/site-packages/airflow/example_dags/example_branch_datetime_operator.py took 0.054 seconds
[2024-10-15 21:25:26,883] {processor.py:153} INFO - Started process (PID=9948) to work on /home/luan-capella/Documentos/curso_airflow/airflowalura/venv/lib/python3.9/site-packages/airflow/example_dags/example_branch_datetime_operator.py
[2024-10-15 21:25:26,884] {processor.py:641} INFO - Processing file /home/luan-capella/Documentos/curso_airflow/airflowalura/venv/lib/python3.9/site-packages/airflow/example_dags/example_branch_datetime_operator.py for tasks to queue
[2024-10-15 21:25:26,884] {logging_mixin.py:115} INFO - [2024-10-15 21:25:26,884] {dagbag.py:507} INFO - Filling up the DagBag from /home/luan-capella/Documentos/curso_airflow/airflowalura/venv/lib/python3.9/site-packages/airflow/example_dags/example_branch_datetime_operator.py
[2024-10-15 21:25:26,892] {processor.py:651} INFO - DAG(s) dict_keys(['example_branch_datetime_operator_2']) retrieved from /home/luan-capella/Documentos/curso_airflow/airflowalura/venv/lib/python3.9/site-packages/airflow/example_dags/example_branch_datetime_operator.py
[2024-10-15 21:25:26,906] {logging_mixin.py:115} INFO - [2024-10-15 21:25:26,906] {dag.py:2379} INFO - Sync 1 DAGs
[2024-10-15 21:25:26,921] {logging_mixin.py:115} INFO - [2024-10-15 21:25:26,921] {dag.py:2927} INFO - Setting next_dagrun for example_branch_datetime_operator_2 to 2024-10-15T00:00:00+00:00, run_after=2024-10-16T00:00:00+00:00
[2024-10-15 21:25:26,933] {processor.py:161} INFO - Processing /home/luan-capella/Documentos/curso_airflow/airflowalura/venv/lib/python3.9/site-packages/airflow/example_dags/example_branch_datetime_operator.py took 0.052 seconds
[2024-10-15 21:26:03,038] {processor.py:153} INFO - Started process (PID=10125) to work on /home/luan-capella/Documentos/curso_airflow/airflowalura/venv/lib/python3.9/site-packages/airflow/example_dags/example_branch_datetime_operator.py
[2024-10-15 21:26:03,039] {processor.py:641} INFO - Processing file /home/luan-capella/Documentos/curso_airflow/airflowalura/venv/lib/python3.9/site-packages/airflow/example_dags/example_branch_datetime_operator.py for tasks to queue
[2024-10-15 21:26:03,039] {logging_mixin.py:115} INFO - [2024-10-15 21:26:03,039] {dagbag.py:507} INFO - Filling up the DagBag from /home/luan-capella/Documentos/curso_airflow/airflowalura/venv/lib/python3.9/site-packages/airflow/example_dags/example_branch_datetime_operator.py
[2024-10-15 21:26:03,045] {processor.py:651} INFO - DAG(s) dict_keys(['example_branch_datetime_operator_2']) retrieved from /home/luan-capella/Documentos/curso_airflow/airflowalura/venv/lib/python3.9/site-packages/airflow/example_dags/example_branch_datetime_operator.py
[2024-10-15 21:26:03,058] {logging_mixin.py:115} INFO - [2024-10-15 21:26:03,058] {dag.py:2379} INFO - Sync 1 DAGs
[2024-10-15 21:26:03,075] {logging_mixin.py:115} INFO - [2024-10-15 21:26:03,075] {dag.py:2927} INFO - Setting next_dagrun for example_branch_datetime_operator_2 to 2024-10-15T00:00:00+00:00, run_after=2024-10-16T00:00:00+00:00
[2024-10-15 21:26:03,089] {processor.py:161} INFO - Processing /home/luan-capella/Documentos/curso_airflow/airflowalura/venv/lib/python3.9/site-packages/airflow/example_dags/example_branch_datetime_operator.py took 0.053 seconds
[2024-10-15 21:26:39,496] {processor.py:153} INFO - Started process (PID=10285) to work on /home/luan-capella/Documentos/curso_airflow/airflowalura/venv/lib/python3.9/site-packages/airflow/example_dags/example_branch_datetime_operator.py
[2024-10-15 21:26:39,497] {processor.py:641} INFO - Processing file /home/luan-capella/Documentos/curso_airflow/airflowalura/venv/lib/python3.9/site-packages/airflow/example_dags/example_branch_datetime_operator.py for tasks to queue
[2024-10-15 21:26:39,497] {logging_mixin.py:115} INFO - [2024-10-15 21:26:39,497] {dagbag.py:507} INFO - Filling up the DagBag from /home/luan-capella/Documentos/curso_airflow/airflowalura/venv/lib/python3.9/site-packages/airflow/example_dags/example_branch_datetime_operator.py
[2024-10-15 21:26:39,504] {processor.py:651} INFO - DAG(s) dict_keys(['example_branch_datetime_operator_2']) retrieved from /home/luan-capella/Documentos/curso_airflow/airflowalura/venv/lib/python3.9/site-packages/airflow/example_dags/example_branch_datetime_operator.py
[2024-10-15 21:26:39,516] {logging_mixin.py:115} INFO - [2024-10-15 21:26:39,516] {dag.py:2379} INFO - Sync 1 DAGs
[2024-10-15 21:26:39,532] {logging_mixin.py:115} INFO - [2024-10-15 21:26:39,532] {dag.py:2927} INFO - Setting next_dagrun for example_branch_datetime_operator_2 to 2024-10-15T00:00:00+00:00, run_after=2024-10-16T00:00:00+00:00
[2024-10-15 21:26:39,544] {processor.py:161} INFO - Processing /home/luan-capella/Documentos/curso_airflow/airflowalura/venv/lib/python3.9/site-packages/airflow/example_dags/example_branch_datetime_operator.py took 0.050 seconds
[2024-10-15 21:27:15,207] {processor.py:153} INFO - Started process (PID=10457) to work on /home/luan-capella/Documentos/curso_airflow/airflowalura/venv/lib/python3.9/site-packages/airflow/example_dags/example_branch_datetime_operator.py
[2024-10-15 21:27:15,214] {processor.py:641} INFO - Processing file /home/luan-capella/Documentos/curso_airflow/airflowalura/venv/lib/python3.9/site-packages/airflow/example_dags/example_branch_datetime_operator.py for tasks to queue
[2024-10-15 21:27:15,214] {logging_mixin.py:115} INFO - [2024-10-15 21:27:15,214] {dagbag.py:507} INFO - Filling up the DagBag from /home/luan-capella/Documentos/curso_airflow/airflowalura/venv/lib/python3.9/site-packages/airflow/example_dags/example_branch_datetime_operator.py
[2024-10-15 21:27:15,220] {processor.py:651} INFO - DAG(s) dict_keys(['example_branch_datetime_operator_2']) retrieved from /home/luan-capella/Documentos/curso_airflow/airflowalura/venv/lib/python3.9/site-packages/airflow/example_dags/example_branch_datetime_operator.py
[2024-10-15 21:27:15,235] {logging_mixin.py:115} INFO - [2024-10-15 21:27:15,235] {dag.py:2379} INFO - Sync 1 DAGs
[2024-10-15 21:27:15,250] {logging_mixin.py:115} INFO - [2024-10-15 21:27:15,249] {dag.py:2927} INFO - Setting next_dagrun for example_branch_datetime_operator_2 to 2024-10-15T00:00:00+00:00, run_after=2024-10-16T00:00:00+00:00
[2024-10-15 21:27:15,267] {processor.py:161} INFO - Processing /home/luan-capella/Documentos/curso_airflow/airflowalura/venv/lib/python3.9/site-packages/airflow/example_dags/example_branch_datetime_operator.py took 0.062 seconds
[2024-10-15 21:27:57,889] {processor.py:153} INFO - Started process (PID=10751) to work on /home/luan-capella/Documentos/curso_airflow/airflowalura/venv/lib/python3.9/site-packages/airflow/example_dags/example_branch_datetime_operator.py
[2024-10-15 21:27:57,890] {processor.py:641} INFO - Processing file /home/luan-capella/Documentos/curso_airflow/airflowalura/venv/lib/python3.9/site-packages/airflow/example_dags/example_branch_datetime_operator.py for tasks to queue
[2024-10-15 21:27:57,890] {logging_mixin.py:115} INFO - [2024-10-15 21:27:57,890] {dagbag.py:507} INFO - Filling up the DagBag from /home/luan-capella/Documentos/curso_airflow/airflowalura/venv/lib/python3.9/site-packages/airflow/example_dags/example_branch_datetime_operator.py
[2024-10-15 21:27:57,898] {processor.py:651} INFO - DAG(s) dict_keys(['example_branch_datetime_operator_2']) retrieved from /home/luan-capella/Documentos/curso_airflow/airflowalura/venv/lib/python3.9/site-packages/airflow/example_dags/example_branch_datetime_operator.py
[2024-10-15 21:27:57,911] {logging_mixin.py:115} INFO - [2024-10-15 21:27:57,911] {dag.py:2379} INFO - Sync 1 DAGs
[2024-10-15 21:27:57,928] {logging_mixin.py:115} INFO - [2024-10-15 21:27:57,928] {dag.py:2927} INFO - Setting next_dagrun for example_branch_datetime_operator_2 to 2024-10-15T00:00:00+00:00, run_after=2024-10-16T00:00:00+00:00
[2024-10-15 21:27:57,941] {processor.py:161} INFO - Processing /home/luan-capella/Documentos/curso_airflow/airflowalura/venv/lib/python3.9/site-packages/airflow/example_dags/example_branch_datetime_operator.py took 0.055 seconds
[2024-10-15 21:28:41,964] {processor.py:153} INFO - Started process (PID=10993) to work on /home/luan-capella/Documentos/curso_airflow/airflowalura/venv/lib/python3.9/site-packages/airflow/example_dags/example_branch_datetime_operator.py
[2024-10-15 21:28:41,965] {processor.py:641} INFO - Processing file /home/luan-capella/Documentos/curso_airflow/airflowalura/venv/lib/python3.9/site-packages/airflow/example_dags/example_branch_datetime_operator.py for tasks to queue
[2024-10-15 21:28:41,965] {logging_mixin.py:115} INFO - [2024-10-15 21:28:41,965] {dagbag.py:507} INFO - Filling up the DagBag from /home/luan-capella/Documentos/curso_airflow/airflowalura/venv/lib/python3.9/site-packages/airflow/example_dags/example_branch_datetime_operator.py
[2024-10-15 21:28:41,971] {processor.py:651} INFO - DAG(s) dict_keys(['example_branch_datetime_operator_2']) retrieved from /home/luan-capella/Documentos/curso_airflow/airflowalura/venv/lib/python3.9/site-packages/airflow/example_dags/example_branch_datetime_operator.py
[2024-10-15 21:28:41,984] {logging_mixin.py:115} INFO - [2024-10-15 21:28:41,984] {dag.py:2379} INFO - Sync 1 DAGs
[2024-10-15 21:28:41,998] {logging_mixin.py:115} INFO - [2024-10-15 21:28:41,998] {dag.py:2927} INFO - Setting next_dagrun for example_branch_datetime_operator_2 to 2024-10-15T00:00:00+00:00, run_after=2024-10-16T00:00:00+00:00
[2024-10-15 21:28:42,010] {processor.py:161} INFO - Processing /home/luan-capella/Documentos/curso_airflow/airflowalura/venv/lib/python3.9/site-packages/airflow/example_dags/example_branch_datetime_operator.py took 0.048 seconds
[2024-10-15 21:29:17,924] {processor.py:153} INFO - Started process (PID=11166) to work on /home/luan-capella/Documentos/curso_airflow/airflowalura/venv/lib/python3.9/site-packages/airflow/example_dags/example_branch_datetime_operator.py
[2024-10-15 21:29:17,925] {processor.py:641} INFO - Processing file /home/luan-capella/Documentos/curso_airflow/airflowalura/venv/lib/python3.9/site-packages/airflow/example_dags/example_branch_datetime_operator.py for tasks to queue
[2024-10-15 21:29:17,925] {logging_mixin.py:115} INFO - [2024-10-15 21:29:17,925] {dagbag.py:507} INFO - Filling up the DagBag from /home/luan-capella/Documentos/curso_airflow/airflowalura/venv/lib/python3.9/site-packages/airflow/example_dags/example_branch_datetime_operator.py
[2024-10-15 21:29:17,932] {processor.py:651} INFO - DAG(s) dict_keys(['example_branch_datetime_operator_2']) retrieved from /home/luan-capella/Documentos/curso_airflow/airflowalura/venv/lib/python3.9/site-packages/airflow/example_dags/example_branch_datetime_operator.py
[2024-10-15 21:29:17,945] {logging_mixin.py:115} INFO - [2024-10-15 21:29:17,945] {dag.py:2379} INFO - Sync 1 DAGs
[2024-10-15 21:29:17,961] {logging_mixin.py:115} INFO - [2024-10-15 21:29:17,961] {dag.py:2927} INFO - Setting next_dagrun for example_branch_datetime_operator_2 to 2024-10-15T00:00:00+00:00, run_after=2024-10-16T00:00:00+00:00
[2024-10-15 21:29:17,974] {processor.py:161} INFO - Processing /home/luan-capella/Documentos/curso_airflow/airflowalura/venv/lib/python3.9/site-packages/airflow/example_dags/example_branch_datetime_operator.py took 0.053 seconds
