[2024-10-15 21:24:18,954] {processor.py:153} INFO - Started process (PID=9551) to work on /home/luan-capella/Documentos/curso_airflow/airflowalura/venv/lib/python3.9/site-packages/airflow/example_dags/example_bash_operator.py
[2024-10-15 21:24:18,955] {processor.py:641} INFO - Processing file /home/luan-capella/Documentos/curso_airflow/airflowalura/venv/lib/python3.9/site-packages/airflow/example_dags/example_bash_operator.py for tasks to queue
[2024-10-15 21:24:18,955] {logging_mixin.py:115} INFO - [2024-10-15 21:24:18,955] {dagbag.py:507} INFO - Filling up the DagBag from /home/luan-capella/Documentos/curso_airflow/airflowalura/venv/lib/python3.9/site-packages/airflow/example_dags/example_bash_operator.py
[2024-10-15 21:24:18,965] {processor.py:651} INFO - DAG(s) dict_keys(['example_bash_operator']) retrieved from /home/luan-capella/Documentos/curso_airflow/airflowalura/venv/lib/python3.9/site-packages/airflow/example_dags/example_bash_operator.py
[2024-10-15 21:24:18,978] {logging_mixin.py:115} INFO - [2024-10-15 21:24:18,978] {dag.py:2379} INFO - Sync 1 DAGs
[2024-10-15 21:24:18,992] {logging_mixin.py:115} INFO - [2024-10-15 21:24:18,992] {dag.py:2927} INFO - Setting next_dagrun for example_bash_operator to 2024-10-15T00:00:00+00:00, run_after=2024-10-16T00:00:00+00:00
[2024-10-15 21:24:19,007] {processor.py:161} INFO - Processing /home/luan-capella/Documentos/curso_airflow/airflowalura/venv/lib/python3.9/site-packages/airflow/example_dags/example_bash_operator.py took 0.059 seconds
[2024-10-15 21:25:02,042] {processor.py:153} INFO - Started process (PID=9757) to work on /home/luan-capella/Documentos/curso_airflow/airflowalura/venv/lib/python3.9/site-packages/airflow/example_dags/example_bash_operator.py
[2024-10-15 21:25:02,043] {processor.py:641} INFO - Processing file /home/luan-capella/Documentos/curso_airflow/airflowalura/venv/lib/python3.9/site-packages/airflow/example_dags/example_bash_operator.py for tasks to queue
[2024-10-15 21:25:02,043] {logging_mixin.py:115} INFO - [2024-10-15 21:25:02,043] {dagbag.py:507} INFO - Filling up the DagBag from /home/luan-capella/Documentos/curso_airflow/airflowalura/venv/lib/python3.9/site-packages/airflow/example_dags/example_bash_operator.py
[2024-10-15 21:25:02,052] {processor.py:651} INFO - DAG(s) dict_keys(['example_bash_operator']) retrieved from /home/luan-capella/Documentos/curso_airflow/airflowalura/venv/lib/python3.9/site-packages/airflow/example_dags/example_bash_operator.py
[2024-10-15 21:25:02,065] {logging_mixin.py:115} INFO - [2024-10-15 21:25:02,064] {dag.py:2379} INFO - Sync 1 DAGs
[2024-10-15 21:25:02,078] {logging_mixin.py:115} INFO - [2024-10-15 21:25:02,078] {dag.py:2927} INFO - Setting next_dagrun for example_bash_operator to 2024-10-15T00:00:00+00:00, run_after=2024-10-16T00:00:00+00:00
[2024-10-15 21:25:02,091] {processor.py:161} INFO - Processing /home/luan-capella/Documentos/curso_airflow/airflowalura/venv/lib/python3.9/site-packages/airflow/example_dags/example_bash_operator.py took 0.051 seconds
[2024-10-15 21:25:39,774] {processor.py:153} INFO - Started process (PID=10001) to work on /home/luan-capella/Documentos/curso_airflow/airflowalura/venv/lib/python3.9/site-packages/airflow/example_dags/example_bash_operator.py
[2024-10-15 21:25:39,776] {processor.py:641} INFO - Processing file /home/luan-capella/Documentos/curso_airflow/airflowalura/venv/lib/python3.9/site-packages/airflow/example_dags/example_bash_operator.py for tasks to queue
[2024-10-15 21:25:39,776] {logging_mixin.py:115} INFO - [2024-10-15 21:25:39,776] {dagbag.py:507} INFO - Filling up the DagBag from /home/luan-capella/Documentos/curso_airflow/airflowalura/venv/lib/python3.9/site-packages/airflow/example_dags/example_bash_operator.py
[2024-10-15 21:25:39,788] {processor.py:651} INFO - DAG(s) dict_keys(['example_bash_operator']) retrieved from /home/luan-capella/Documentos/curso_airflow/airflowalura/venv/lib/python3.9/site-packages/airflow/example_dags/example_bash_operator.py
[2024-10-15 21:25:39,801] {logging_mixin.py:115} INFO - [2024-10-15 21:25:39,801] {dag.py:2379} INFO - Sync 1 DAGs
[2024-10-15 21:25:39,814] {logging_mixin.py:115} INFO - [2024-10-15 21:25:39,814] {dag.py:2927} INFO - Setting next_dagrun for example_bash_operator to 2024-10-15T00:00:00+00:00, run_after=2024-10-16T00:00:00+00:00
[2024-10-15 21:25:39,826] {processor.py:161} INFO - Processing /home/luan-capella/Documentos/curso_airflow/airflowalura/venv/lib/python3.9/site-packages/airflow/example_dags/example_bash_operator.py took 0.056 seconds
[2024-10-15 21:26:18,967] {processor.py:153} INFO - Started process (PID=10196) to work on /home/luan-capella/Documentos/curso_airflow/airflowalura/venv/lib/python3.9/site-packages/airflow/example_dags/example_bash_operator.py
[2024-10-15 21:26:18,968] {processor.py:641} INFO - Processing file /home/luan-capella/Documentos/curso_airflow/airflowalura/venv/lib/python3.9/site-packages/airflow/example_dags/example_bash_operator.py for tasks to queue
[2024-10-15 21:26:18,968] {logging_mixin.py:115} INFO - [2024-10-15 21:26:18,968] {dagbag.py:507} INFO - Filling up the DagBag from /home/luan-capella/Documentos/curso_airflow/airflowalura/venv/lib/python3.9/site-packages/airflow/example_dags/example_bash_operator.py
[2024-10-15 21:26:18,977] {processor.py:651} INFO - DAG(s) dict_keys(['example_bash_operator']) retrieved from /home/luan-capella/Documentos/curso_airflow/airflowalura/venv/lib/python3.9/site-packages/airflow/example_dags/example_bash_operator.py
[2024-10-15 21:26:18,992] {logging_mixin.py:115} INFO - [2024-10-15 21:26:18,992] {dag.py:2379} INFO - Sync 1 DAGs
[2024-10-15 21:26:19,007] {logging_mixin.py:115} INFO - [2024-10-15 21:26:19,006] {dag.py:2927} INFO - Setting next_dagrun for example_bash_operator to 2024-10-15T00:00:00+00:00, run_after=2024-10-16T00:00:00+00:00
[2024-10-15 21:26:19,018] {processor.py:161} INFO - Processing /home/luan-capella/Documentos/curso_airflow/airflowalura/venv/lib/python3.9/site-packages/airflow/example_dags/example_bash_operator.py took 0.053 seconds
[2024-10-15 21:26:57,201] {processor.py:153} INFO - Started process (PID=10367) to work on /home/luan-capella/Documentos/curso_airflow/airflowalura/venv/lib/python3.9/site-packages/airflow/example_dags/example_bash_operator.py
[2024-10-15 21:26:57,202] {processor.py:641} INFO - Processing file /home/luan-capella/Documentos/curso_airflow/airflowalura/venv/lib/python3.9/site-packages/airflow/example_dags/example_bash_operator.py for tasks to queue
[2024-10-15 21:26:57,203] {logging_mixin.py:115} INFO - [2024-10-15 21:26:57,203] {dagbag.py:507} INFO - Filling up the DagBag from /home/luan-capella/Documentos/curso_airflow/airflowalura/venv/lib/python3.9/site-packages/airflow/example_dags/example_bash_operator.py
[2024-10-15 21:26:57,216] {processor.py:651} INFO - DAG(s) dict_keys(['example_bash_operator']) retrieved from /home/luan-capella/Documentos/curso_airflow/airflowalura/venv/lib/python3.9/site-packages/airflow/example_dags/example_bash_operator.py
[2024-10-15 21:26:57,228] {logging_mixin.py:115} INFO - [2024-10-15 21:26:57,228] {dag.py:2379} INFO - Sync 1 DAGs
[2024-10-15 21:26:57,241] {logging_mixin.py:115} INFO - [2024-10-15 21:26:57,241] {dag.py:2927} INFO - Setting next_dagrun for example_bash_operator to 2024-10-15T00:00:00+00:00, run_after=2024-10-16T00:00:00+00:00
[2024-10-15 21:26:57,252] {processor.py:161} INFO - Processing /home/luan-capella/Documentos/curso_airflow/airflowalura/venv/lib/python3.9/site-packages/airflow/example_dags/example_bash_operator.py took 0.056 seconds
[2024-10-15 21:27:40,866] {processor.py:153} INFO - Started process (PID=10624) to work on /home/luan-capella/Documentos/curso_airflow/airflowalura/venv/lib/python3.9/site-packages/airflow/example_dags/example_bash_operator.py
[2024-10-15 21:27:40,867] {processor.py:641} INFO - Processing file /home/luan-capella/Documentos/curso_airflow/airflowalura/venv/lib/python3.9/site-packages/airflow/example_dags/example_bash_operator.py for tasks to queue
[2024-10-15 21:27:40,867] {logging_mixin.py:115} INFO - [2024-10-15 21:27:40,867] {dagbag.py:507} INFO - Filling up the DagBag from /home/luan-capella/Documentos/curso_airflow/airflowalura/venv/lib/python3.9/site-packages/airflow/example_dags/example_bash_operator.py
[2024-10-15 21:27:40,876] {processor.py:651} INFO - DAG(s) dict_keys(['example_bash_operator']) retrieved from /home/luan-capella/Documentos/curso_airflow/airflowalura/venv/lib/python3.9/site-packages/airflow/example_dags/example_bash_operator.py
[2024-10-15 21:27:40,888] {logging_mixin.py:115} INFO - [2024-10-15 21:27:40,888] {dag.py:2379} INFO - Sync 1 DAGs
[2024-10-15 21:27:40,902] {logging_mixin.py:115} INFO - [2024-10-15 21:27:40,902] {dag.py:2927} INFO - Setting next_dagrun for example_bash_operator to 2024-10-15T00:00:00+00:00, run_after=2024-10-16T00:00:00+00:00
[2024-10-15 21:27:40,914] {processor.py:161} INFO - Processing /home/luan-capella/Documentos/curso_airflow/airflowalura/venv/lib/python3.9/site-packages/airflow/example_dags/example_bash_operator.py took 0.050 seconds
[2024-10-15 21:28:25,077] {processor.py:153} INFO - Started process (PID=10883) to work on /home/luan-capella/Documentos/curso_airflow/airflowalura/venv/lib/python3.9/site-packages/airflow/example_dags/example_bash_operator.py
[2024-10-15 21:28:25,079] {processor.py:641} INFO - Processing file /home/luan-capella/Documentos/curso_airflow/airflowalura/venv/lib/python3.9/site-packages/airflow/example_dags/example_bash_operator.py for tasks to queue
[2024-10-15 21:28:25,080] {logging_mixin.py:115} INFO - [2024-10-15 21:28:25,079] {dagbag.py:507} INFO - Filling up the DagBag from /home/luan-capella/Documentos/curso_airflow/airflowalura/venv/lib/python3.9/site-packages/airflow/example_dags/example_bash_operator.py
[2024-10-15 21:28:25,092] {processor.py:651} INFO - DAG(s) dict_keys(['example_bash_operator']) retrieved from /home/luan-capella/Documentos/curso_airflow/airflowalura/venv/lib/python3.9/site-packages/airflow/example_dags/example_bash_operator.py
[2024-10-15 21:28:25,106] {logging_mixin.py:115} INFO - [2024-10-15 21:28:25,106] {dag.py:2379} INFO - Sync 1 DAGs
[2024-10-15 21:28:25,124] {logging_mixin.py:115} INFO - [2024-10-15 21:28:25,124] {dag.py:2927} INFO - Setting next_dagrun for example_bash_operator to 2024-10-15T00:00:00+00:00, run_after=2024-10-16T00:00:00+00:00
[2024-10-15 21:28:25,137] {processor.py:161} INFO - Processing /home/luan-capella/Documentos/curso_airflow/airflowalura/venv/lib/python3.9/site-packages/airflow/example_dags/example_bash_operator.py took 0.065 seconds
[2024-10-15 21:29:04,910] {processor.py:153} INFO - Started process (PID=11099) to work on /home/luan-capella/Documentos/curso_airflow/airflowalura/venv/lib/python3.9/site-packages/airflow/example_dags/example_bash_operator.py
[2024-10-15 21:29:04,911] {processor.py:641} INFO - Processing file /home/luan-capella/Documentos/curso_airflow/airflowalura/venv/lib/python3.9/site-packages/airflow/example_dags/example_bash_operator.py for tasks to queue
[2024-10-15 21:29:04,912] {logging_mixin.py:115} INFO - [2024-10-15 21:29:04,912] {dagbag.py:507} INFO - Filling up the DagBag from /home/luan-capella/Documentos/curso_airflow/airflowalura/venv/lib/python3.9/site-packages/airflow/example_dags/example_bash_operator.py
[2024-10-15 21:29:04,924] {processor.py:651} INFO - DAG(s) dict_keys(['example_bash_operator']) retrieved from /home/luan-capella/Documentos/curso_airflow/airflowalura/venv/lib/python3.9/site-packages/airflow/example_dags/example_bash_operator.py
[2024-10-15 21:29:04,938] {logging_mixin.py:115} INFO - [2024-10-15 21:29:04,938] {dag.py:2379} INFO - Sync 1 DAGs
[2024-10-15 21:29:04,956] {logging_mixin.py:115} INFO - [2024-10-15 21:29:04,956] {dag.py:2927} INFO - Setting next_dagrun for example_bash_operator to 2024-10-15T00:00:00+00:00, run_after=2024-10-16T00:00:00+00:00
[2024-10-15 21:29:04,973] {processor.py:161} INFO - Processing /home/luan-capella/Documentos/curso_airflow/airflowalura/venv/lib/python3.9/site-packages/airflow/example_dags/example_bash_operator.py took 0.069 seconds
[2024-10-15 21:29:42,101] {processor.py:153} INFO - Started process (PID=11275) to work on /home/luan-capella/Documentos/curso_airflow/airflowalura/venv/lib/python3.9/site-packages/airflow/example_dags/example_bash_operator.py
[2024-10-15 21:29:42,102] {processor.py:641} INFO - Processing file /home/luan-capella/Documentos/curso_airflow/airflowalura/venv/lib/python3.9/site-packages/airflow/example_dags/example_bash_operator.py for tasks to queue
[2024-10-15 21:29:42,102] {logging_mixin.py:115} INFO - [2024-10-15 21:29:42,102] {dagbag.py:507} INFO - Filling up the DagBag from /home/luan-capella/Documentos/curso_airflow/airflowalura/venv/lib/python3.9/site-packages/airflow/example_dags/example_bash_operator.py
[2024-10-15 21:29:42,112] {processor.py:651} INFO - DAG(s) dict_keys(['example_bash_operator']) retrieved from /home/luan-capella/Documentos/curso_airflow/airflowalura/venv/lib/python3.9/site-packages/airflow/example_dags/example_bash_operator.py
[2024-10-15 21:29:42,128] {logging_mixin.py:115} INFO - [2024-10-15 21:29:42,128] {dag.py:2379} INFO - Sync 1 DAGs
[2024-10-15 21:29:42,143] {logging_mixin.py:115} INFO - [2024-10-15 21:29:42,143] {dag.py:2927} INFO - Setting next_dagrun for example_bash_operator to 2024-10-15T00:00:00+00:00, run_after=2024-10-16T00:00:00+00:00
[2024-10-15 21:29:42,157] {processor.py:161} INFO - Processing /home/luan-capella/Documentos/curso_airflow/airflowalura/venv/lib/python3.9/site-packages/airflow/example_dags/example_bash_operator.py took 0.058 seconds
