[2024-10-15 21:24:16,047] {processor.py:153} INFO - Started process (PID=9542) to work on /home/luan-capella/Documentos/curso_airflow/airflowalura/venv/lib/python3.9/site-packages/airflow/example_dags/example_branch_python_dop_operator_3.py
[2024-10-15 21:24:16,051] {processor.py:641} INFO - Processing file /home/luan-capella/Documentos/curso_airflow/airflowalura/venv/lib/python3.9/site-packages/airflow/example_dags/example_branch_python_dop_operator_3.py for tasks to queue
[2024-10-15 21:24:16,051] {logging_mixin.py:115} INFO - [2024-10-15 21:24:16,051] {dagbag.py:507} INFO - Filling up the DagBag from /home/luan-capella/Documentos/curso_airflow/airflowalura/venv/lib/python3.9/site-packages/airflow/example_dags/example_branch_python_dop_operator_3.py
[2024-10-15 21:24:16,063] {processor.py:651} INFO - DAG(s) dict_keys(['example_branch_dop_operator_v3']) retrieved from /home/luan-capella/Documentos/curso_airflow/airflowalura/venv/lib/python3.9/site-packages/airflow/example_dags/example_branch_python_dop_operator_3.py
[2024-10-15 21:24:16,077] {logging_mixin.py:115} INFO - [2024-10-15 21:24:16,077] {dag.py:2379} INFO - Sync 1 DAGs
[2024-10-15 21:24:16,097] {logging_mixin.py:115} INFO - [2024-10-15 21:24:16,097] {dag.py:2927} INFO - Setting next_dagrun for example_branch_dop_operator_v3 to 2024-10-16T00:23:00+00:00, run_after=2024-10-16T00:24:00+00:00
[2024-10-15 21:24:16,110] {processor.py:161} INFO - Processing /home/luan-capella/Documentos/curso_airflow/airflowalura/venv/lib/python3.9/site-packages/airflow/example_dags/example_branch_python_dop_operator_3.py took 0.066 seconds
[2024-10-15 21:24:53,044] {processor.py:153} INFO - Started process (PID=9715) to work on /home/luan-capella/Documentos/curso_airflow/airflowalura/venv/lib/python3.9/site-packages/airflow/example_dags/example_branch_python_dop_operator_3.py
[2024-10-15 21:24:53,045] {processor.py:641} INFO - Processing file /home/luan-capella/Documentos/curso_airflow/airflowalura/venv/lib/python3.9/site-packages/airflow/example_dags/example_branch_python_dop_operator_3.py for tasks to queue
[2024-10-15 21:24:53,045] {logging_mixin.py:115} INFO - [2024-10-15 21:24:53,045] {dagbag.py:507} INFO - Filling up the DagBag from /home/luan-capella/Documentos/curso_airflow/airflowalura/venv/lib/python3.9/site-packages/airflow/example_dags/example_branch_python_dop_operator_3.py
[2024-10-15 21:24:53,054] {processor.py:651} INFO - DAG(s) dict_keys(['example_branch_dop_operator_v3']) retrieved from /home/luan-capella/Documentos/curso_airflow/airflowalura/venv/lib/python3.9/site-packages/airflow/example_dags/example_branch_python_dop_operator_3.py
[2024-10-15 21:24:53,066] {logging_mixin.py:115} INFO - [2024-10-15 21:24:53,066] {dag.py:2379} INFO - Sync 1 DAGs
[2024-10-15 21:24:53,085] {logging_mixin.py:115} INFO - [2024-10-15 21:24:53,085] {dag.py:2927} INFO - Setting next_dagrun for example_branch_dop_operator_v3 to 2024-10-16T00:23:00+00:00, run_after=2024-10-16T00:24:00+00:00
[2024-10-15 21:24:53,097] {processor.py:161} INFO - Processing /home/luan-capella/Documentos/curso_airflow/airflowalura/venv/lib/python3.9/site-packages/airflow/example_dags/example_branch_python_dop_operator_3.py took 0.056 seconds
[2024-10-15 21:25:29,986] {processor.py:153} INFO - Started process (PID=9968) to work on /home/luan-capella/Documentos/curso_airflow/airflowalura/venv/lib/python3.9/site-packages/airflow/example_dags/example_branch_python_dop_operator_3.py
[2024-10-15 21:25:29,987] {processor.py:641} INFO - Processing file /home/luan-capella/Documentos/curso_airflow/airflowalura/venv/lib/python3.9/site-packages/airflow/example_dags/example_branch_python_dop_operator_3.py for tasks to queue
[2024-10-15 21:25:29,988] {logging_mixin.py:115} INFO - [2024-10-15 21:25:29,987] {dagbag.py:507} INFO - Filling up the DagBag from /home/luan-capella/Documentos/curso_airflow/airflowalura/venv/lib/python3.9/site-packages/airflow/example_dags/example_branch_python_dop_operator_3.py
[2024-10-15 21:25:30,002] {processor.py:651} INFO - DAG(s) dict_keys(['example_branch_dop_operator_v3']) retrieved from /home/luan-capella/Documentos/curso_airflow/airflowalura/venv/lib/python3.9/site-packages/airflow/example_dags/example_branch_python_dop_operator_3.py
[2024-10-15 21:25:30,016] {logging_mixin.py:115} INFO - [2024-10-15 21:25:30,015] {dag.py:2379} INFO - Sync 1 DAGs
[2024-10-15 21:25:30,035] {logging_mixin.py:115} INFO - [2024-10-15 21:25:30,035] {dag.py:2927} INFO - Setting next_dagrun for example_branch_dop_operator_v3 to 2024-10-16T00:24:00+00:00, run_after=2024-10-16T00:25:00+00:00
[2024-10-15 21:25:30,050] {processor.py:161} INFO - Processing /home/luan-capella/Documentos/curso_airflow/airflowalura/venv/lib/python3.9/site-packages/airflow/example_dags/example_branch_python_dop_operator_3.py took 0.066 seconds
[2024-10-15 21:26:11,077] {processor.py:153} INFO - Started process (PID=10163) to work on /home/luan-capella/Documentos/curso_airflow/airflowalura/venv/lib/python3.9/site-packages/airflow/example_dags/example_branch_python_dop_operator_3.py
[2024-10-15 21:26:11,078] {processor.py:641} INFO - Processing file /home/luan-capella/Documentos/curso_airflow/airflowalura/venv/lib/python3.9/site-packages/airflow/example_dags/example_branch_python_dop_operator_3.py for tasks to queue
[2024-10-15 21:26:11,079] {logging_mixin.py:115} INFO - [2024-10-15 21:26:11,078] {dagbag.py:507} INFO - Filling up the DagBag from /home/luan-capella/Documentos/curso_airflow/airflowalura/venv/lib/python3.9/site-packages/airflow/example_dags/example_branch_python_dop_operator_3.py
[2024-10-15 21:26:11,092] {processor.py:651} INFO - DAG(s) dict_keys(['example_branch_dop_operator_v3']) retrieved from /home/luan-capella/Documentos/curso_airflow/airflowalura/venv/lib/python3.9/site-packages/airflow/example_dags/example_branch_python_dop_operator_3.py
[2024-10-15 21:26:11,106] {logging_mixin.py:115} INFO - [2024-10-15 21:26:11,106] {dag.py:2379} INFO - Sync 1 DAGs
[2024-10-15 21:26:11,127] {logging_mixin.py:115} INFO - [2024-10-15 21:26:11,127] {dag.py:2927} INFO - Setting next_dagrun for example_branch_dop_operator_v3 to 2024-10-16T00:25:00+00:00, run_after=2024-10-16T00:26:00+00:00
[2024-10-15 21:26:11,142] {processor.py:161} INFO - Processing /home/luan-capella/Documentos/curso_airflow/airflowalura/venv/lib/python3.9/site-packages/airflow/example_dags/example_branch_python_dop_operator_3.py took 0.066 seconds
[2024-10-15 21:26:49,926] {processor.py:153} INFO - Started process (PID=10330) to work on /home/luan-capella/Documentos/curso_airflow/airflowalura/venv/lib/python3.9/site-packages/airflow/example_dags/example_branch_python_dop_operator_3.py
[2024-10-15 21:26:49,927] {processor.py:641} INFO - Processing file /home/luan-capella/Documentos/curso_airflow/airflowalura/venv/lib/python3.9/site-packages/airflow/example_dags/example_branch_python_dop_operator_3.py for tasks to queue
[2024-10-15 21:26:49,927] {logging_mixin.py:115} INFO - [2024-10-15 21:26:49,927] {dagbag.py:507} INFO - Filling up the DagBag from /home/luan-capella/Documentos/curso_airflow/airflowalura/venv/lib/python3.9/site-packages/airflow/example_dags/example_branch_python_dop_operator_3.py
[2024-10-15 21:26:49,935] {processor.py:651} INFO - DAG(s) dict_keys(['example_branch_dop_operator_v3']) retrieved from /home/luan-capella/Documentos/curso_airflow/airflowalura/venv/lib/python3.9/site-packages/airflow/example_dags/example_branch_python_dop_operator_3.py
[2024-10-15 21:26:49,948] {logging_mixin.py:115} INFO - [2024-10-15 21:26:49,948] {dag.py:2379} INFO - Sync 1 DAGs
[2024-10-15 21:26:49,964] {logging_mixin.py:115} INFO - [2024-10-15 21:26:49,964] {dag.py:2927} INFO - Setting next_dagrun for example_branch_dop_operator_v3 to 2024-10-16T00:25:00+00:00, run_after=2024-10-16T00:26:00+00:00
[2024-10-15 21:26:49,977] {processor.py:161} INFO - Processing /home/luan-capella/Documentos/curso_airflow/airflowalura/venv/lib/python3.9/site-packages/airflow/example_dags/example_branch_python_dop_operator_3.py took 0.053 seconds
[2024-10-15 21:27:31,676] {processor.py:153} INFO - Started process (PID=10580) to work on /home/luan-capella/Documentos/curso_airflow/airflowalura/venv/lib/python3.9/site-packages/airflow/example_dags/example_branch_python_dop_operator_3.py
[2024-10-15 21:27:31,677] {processor.py:641} INFO - Processing file /home/luan-capella/Documentos/curso_airflow/airflowalura/venv/lib/python3.9/site-packages/airflow/example_dags/example_branch_python_dop_operator_3.py for tasks to queue
[2024-10-15 21:27:31,677] {logging_mixin.py:115} INFO - [2024-10-15 21:27:31,677] {dagbag.py:507} INFO - Filling up the DagBag from /home/luan-capella/Documentos/curso_airflow/airflowalura/venv/lib/python3.9/site-packages/airflow/example_dags/example_branch_python_dop_operator_3.py
[2024-10-15 21:27:31,687] {processor.py:651} INFO - DAG(s) dict_keys(['example_branch_dop_operator_v3']) retrieved from /home/luan-capella/Documentos/curso_airflow/airflowalura/venv/lib/python3.9/site-packages/airflow/example_dags/example_branch_python_dop_operator_3.py
[2024-10-15 21:27:31,699] {logging_mixin.py:115} INFO - [2024-10-15 21:27:31,699] {dag.py:2379} INFO - Sync 1 DAGs
[2024-10-15 21:27:31,716] {logging_mixin.py:115} INFO - [2024-10-15 21:27:31,716] {dag.py:2927} INFO - Setting next_dagrun for example_branch_dop_operator_v3 to 2024-10-16T00:26:00+00:00, run_after=2024-10-16T00:27:00+00:00
[2024-10-15 21:27:31,729] {processor.py:161} INFO - Processing /home/luan-capella/Documentos/curso_airflow/airflowalura/venv/lib/python3.9/site-packages/airflow/example_dags/example_branch_python_dop_operator_3.py took 0.056 seconds
[2024-10-15 21:28:14,449] {processor.py:153} INFO - Started process (PID=10832) to work on /home/luan-capella/Documentos/curso_airflow/airflowalura/venv/lib/python3.9/site-packages/airflow/example_dags/example_branch_python_dop_operator_3.py
[2024-10-15 21:28:14,451] {processor.py:641} INFO - Processing file /home/luan-capella/Documentos/curso_airflow/airflowalura/venv/lib/python3.9/site-packages/airflow/example_dags/example_branch_python_dop_operator_3.py for tasks to queue
[2024-10-15 21:28:14,453] {logging_mixin.py:115} INFO - [2024-10-15 21:28:14,452] {dagbag.py:507} INFO - Filling up the DagBag from /home/luan-capella/Documentos/curso_airflow/airflowalura/venv/lib/python3.9/site-packages/airflow/example_dags/example_branch_python_dop_operator_3.py
[2024-10-15 21:28:14,466] {processor.py:651} INFO - DAG(s) dict_keys(['example_branch_dop_operator_v3']) retrieved from /home/luan-capella/Documentos/curso_airflow/airflowalura/venv/lib/python3.9/site-packages/airflow/example_dags/example_branch_python_dop_operator_3.py
[2024-10-15 21:28:14,478] {logging_mixin.py:115} INFO - [2024-10-15 21:28:14,478] {dag.py:2379} INFO - Sync 1 DAGs
[2024-10-15 21:28:14,496] {logging_mixin.py:115} INFO - [2024-10-15 21:28:14,496] {dag.py:2927} INFO - Setting next_dagrun for example_branch_dop_operator_v3 to 2024-10-16T00:27:00+00:00, run_after=2024-10-16T00:28:00+00:00
[2024-10-15 21:28:14,507] {processor.py:161} INFO - Processing /home/luan-capella/Documentos/curso_airflow/airflowalura/venv/lib/python3.9/site-packages/airflow/example_dags/example_branch_python_dop_operator_3.py took 0.064 seconds
[2024-10-15 21:28:57,430] {processor.py:153} INFO - Started process (PID=11061) to work on /home/luan-capella/Documentos/curso_airflow/airflowalura/venv/lib/python3.9/site-packages/airflow/example_dags/example_branch_python_dop_operator_3.py
[2024-10-15 21:28:57,431] {processor.py:641} INFO - Processing file /home/luan-capella/Documentos/curso_airflow/airflowalura/venv/lib/python3.9/site-packages/airflow/example_dags/example_branch_python_dop_operator_3.py for tasks to queue
[2024-10-15 21:28:57,432] {logging_mixin.py:115} INFO - [2024-10-15 21:28:57,432] {dagbag.py:507} INFO - Filling up the DagBag from /home/luan-capella/Documentos/curso_airflow/airflowalura/venv/lib/python3.9/site-packages/airflow/example_dags/example_branch_python_dop_operator_3.py
[2024-10-15 21:28:57,444] {processor.py:651} INFO - DAG(s) dict_keys(['example_branch_dop_operator_v3']) retrieved from /home/luan-capella/Documentos/curso_airflow/airflowalura/venv/lib/python3.9/site-packages/airflow/example_dags/example_branch_python_dop_operator_3.py
[2024-10-15 21:28:57,457] {logging_mixin.py:115} INFO - [2024-10-15 21:28:57,457] {dag.py:2379} INFO - Sync 1 DAGs
[2024-10-15 21:28:57,474] {logging_mixin.py:115} INFO - [2024-10-15 21:28:57,474] {dag.py:2927} INFO - Setting next_dagrun for example_branch_dop_operator_v3 to 2024-10-16T00:27:00+00:00, run_after=2024-10-16T00:28:00+00:00
[2024-10-15 21:28:57,486] {processor.py:161} INFO - Processing /home/luan-capella/Documentos/curso_airflow/airflowalura/venv/lib/python3.9/site-packages/airflow/example_dags/example_branch_python_dop_operator_3.py took 0.060 seconds
[2024-10-15 21:29:33,534] {processor.py:153} INFO - Started process (PID=11240) to work on /home/luan-capella/Documentos/curso_airflow/airflowalura/venv/lib/python3.9/site-packages/airflow/example_dags/example_branch_python_dop_operator_3.py
[2024-10-15 21:29:33,535] {processor.py:641} INFO - Processing file /home/luan-capella/Documentos/curso_airflow/airflowalura/venv/lib/python3.9/site-packages/airflow/example_dags/example_branch_python_dop_operator_3.py for tasks to queue
[2024-10-15 21:29:33,535] {logging_mixin.py:115} INFO - [2024-10-15 21:29:33,535] {dagbag.py:507} INFO - Filling up the DagBag from /home/luan-capella/Documentos/curso_airflow/airflowalura/venv/lib/python3.9/site-packages/airflow/example_dags/example_branch_python_dop_operator_3.py
[2024-10-15 21:29:33,548] {processor.py:651} INFO - DAG(s) dict_keys(['example_branch_dop_operator_v3']) retrieved from /home/luan-capella/Documentos/curso_airflow/airflowalura/venv/lib/python3.9/site-packages/airflow/example_dags/example_branch_python_dop_operator_3.py
[2024-10-15 21:29:33,562] {logging_mixin.py:115} INFO - [2024-10-15 21:29:33,562] {dag.py:2379} INFO - Sync 1 DAGs
[2024-10-15 21:29:33,579] {logging_mixin.py:115} INFO - [2024-10-15 21:29:33,579] {dag.py:2927} INFO - Setting next_dagrun for example_branch_dop_operator_v3 to 2024-10-16T00:28:00+00:00, run_after=2024-10-16T00:29:00+00:00
[2024-10-15 21:29:33,593] {processor.py:161} INFO - Processing /home/luan-capella/Documentos/curso_airflow/airflowalura/venv/lib/python3.9/site-packages/airflow/example_dags/example_branch_python_dop_operator_3.py took 0.065 seconds
