[2024-10-15 21:24:01,172] {processor.py:153} INFO - Started process (PID=9467) to work on /home/luan-capella/Documentos/curso_airflow/airflowalura/venv/lib/python3.9/site-packages/airflow/example_dags/example_nested_branch_dag.py
[2024-10-15 21:24:01,173] {processor.py:641} INFO - Processing file /home/luan-capella/Documentos/curso_airflow/airflowalura/venv/lib/python3.9/site-packages/airflow/example_dags/example_nested_branch_dag.py for tasks to queue
[2024-10-15 21:24:01,174] {logging_mixin.py:115} INFO - [2024-10-15 21:24:01,174] {dagbag.py:507} INFO - Filling up the DagBag from /home/luan-capella/Documentos/curso_airflow/airflowalura/venv/lib/python3.9/site-packages/airflow/example_dags/example_nested_branch_dag.py
[2024-10-15 21:24:01,185] {processor.py:651} INFO - DAG(s) dict_keys(['example_nested_branch_dag']) retrieved from /home/luan-capella/Documentos/curso_airflow/airflowalura/venv/lib/python3.9/site-packages/airflow/example_dags/example_nested_branch_dag.py
[2024-10-15 21:24:01,197] {logging_mixin.py:115} INFO - [2024-10-15 21:24:01,197] {dag.py:2379} INFO - Sync 1 DAGs
[2024-10-15 21:24:01,211] {logging_mixin.py:115} INFO - [2024-10-15 21:24:01,211] {dag.py:2927} INFO - Setting next_dagrun for example_nested_branch_dag to 2024-10-15T00:00:00+00:00, run_after=2024-10-16T00:00:00+00:00
[2024-10-15 21:24:01,224] {processor.py:161} INFO - Processing /home/luan-capella/Documentos/curso_airflow/airflowalura/venv/lib/python3.9/site-packages/airflow/example_dags/example_nested_branch_dag.py took 0.057 seconds
[2024-10-15 21:24:38,431] {processor.py:153} INFO - Started process (PID=9647) to work on /home/luan-capella/Documentos/curso_airflow/airflowalura/venv/lib/python3.9/site-packages/airflow/example_dags/example_nested_branch_dag.py
[2024-10-15 21:24:38,432] {processor.py:641} INFO - Processing file /home/luan-capella/Documentos/curso_airflow/airflowalura/venv/lib/python3.9/site-packages/airflow/example_dags/example_nested_branch_dag.py for tasks to queue
[2024-10-15 21:24:38,433] {logging_mixin.py:115} INFO - [2024-10-15 21:24:38,433] {dagbag.py:507} INFO - Filling up the DagBag from /home/luan-capella/Documentos/curso_airflow/airflowalura/venv/lib/python3.9/site-packages/airflow/example_dags/example_nested_branch_dag.py
[2024-10-15 21:24:38,447] {processor.py:651} INFO - DAG(s) dict_keys(['example_nested_branch_dag']) retrieved from /home/luan-capella/Documentos/curso_airflow/airflowalura/venv/lib/python3.9/site-packages/airflow/example_dags/example_nested_branch_dag.py
[2024-10-15 21:24:38,461] {logging_mixin.py:115} INFO - [2024-10-15 21:24:38,461] {dag.py:2379} INFO - Sync 1 DAGs
[2024-10-15 21:24:38,475] {logging_mixin.py:115} INFO - [2024-10-15 21:24:38,475] {dag.py:2927} INFO - Setting next_dagrun for example_nested_branch_dag to 2024-10-15T00:00:00+00:00, run_after=2024-10-16T00:00:00+00:00
[2024-10-15 21:24:38,487] {processor.py:161} INFO - Processing /home/luan-capella/Documentos/curso_airflow/airflowalura/venv/lib/python3.9/site-packages/airflow/example_dags/example_nested_branch_dag.py took 0.062 seconds
[2024-10-15 21:25:15,653] {processor.py:153} INFO - Started process (PID=9820) to work on /home/luan-capella/Documentos/curso_airflow/airflowalura/venv/lib/python3.9/site-packages/airflow/example_dags/example_nested_branch_dag.py
[2024-10-15 21:25:15,654] {processor.py:641} INFO - Processing file /home/luan-capella/Documentos/curso_airflow/airflowalura/venv/lib/python3.9/site-packages/airflow/example_dags/example_nested_branch_dag.py for tasks to queue
[2024-10-15 21:25:15,654] {logging_mixin.py:115} INFO - [2024-10-15 21:25:15,654] {dagbag.py:507} INFO - Filling up the DagBag from /home/luan-capella/Documentos/curso_airflow/airflowalura/venv/lib/python3.9/site-packages/airflow/example_dags/example_nested_branch_dag.py
[2024-10-15 21:25:15,663] {processor.py:651} INFO - DAG(s) dict_keys(['example_nested_branch_dag']) retrieved from /home/luan-capella/Documentos/curso_airflow/airflowalura/venv/lib/python3.9/site-packages/airflow/example_dags/example_nested_branch_dag.py
[2024-10-15 21:25:15,677] {logging_mixin.py:115} INFO - [2024-10-15 21:25:15,677] {dag.py:2379} INFO - Sync 1 DAGs
[2024-10-15 21:25:15,692] {logging_mixin.py:115} INFO - [2024-10-15 21:25:15,692] {dag.py:2927} INFO - Setting next_dagrun for example_nested_branch_dag to 2024-10-15T00:00:00+00:00, run_after=2024-10-16T00:00:00+00:00
[2024-10-15 21:25:15,706] {processor.py:161} INFO - Processing /home/luan-capella/Documentos/curso_airflow/airflowalura/venv/lib/python3.9/site-packages/airflow/example_dags/example_nested_branch_dag.py took 0.057 seconds
[2024-10-15 21:25:51,838] {processor.py:153} INFO - Started process (PID=10074) to work on /home/luan-capella/Documentos/curso_airflow/airflowalura/venv/lib/python3.9/site-packages/airflow/example_dags/example_nested_branch_dag.py
[2024-10-15 21:25:51,838] {processor.py:641} INFO - Processing file /home/luan-capella/Documentos/curso_airflow/airflowalura/venv/lib/python3.9/site-packages/airflow/example_dags/example_nested_branch_dag.py for tasks to queue
[2024-10-15 21:25:51,839] {logging_mixin.py:115} INFO - [2024-10-15 21:25:51,839] {dagbag.py:507} INFO - Filling up the DagBag from /home/luan-capella/Documentos/curso_airflow/airflowalura/venv/lib/python3.9/site-packages/airflow/example_dags/example_nested_branch_dag.py
[2024-10-15 21:25:51,848] {processor.py:651} INFO - DAG(s) dict_keys(['example_nested_branch_dag']) retrieved from /home/luan-capella/Documentos/curso_airflow/airflowalura/venv/lib/python3.9/site-packages/airflow/example_dags/example_nested_branch_dag.py
[2024-10-15 21:25:51,861] {logging_mixin.py:115} INFO - [2024-10-15 21:25:51,861] {dag.py:2379} INFO - Sync 1 DAGs
[2024-10-15 21:25:51,875] {logging_mixin.py:115} INFO - [2024-10-15 21:25:51,875] {dag.py:2927} INFO - Setting next_dagrun for example_nested_branch_dag to 2024-10-15T00:00:00+00:00, run_after=2024-10-16T00:00:00+00:00
[2024-10-15 21:25:51,887] {processor.py:161} INFO - Processing /home/luan-capella/Documentos/curso_airflow/airflowalura/venv/lib/python3.9/site-packages/airflow/example_dags/example_nested_branch_dag.py took 0.053 seconds
[2024-10-15 21:26:27,489] {processor.py:153} INFO - Started process (PID=10235) to work on /home/luan-capella/Documentos/curso_airflow/airflowalura/venv/lib/python3.9/site-packages/airflow/example_dags/example_nested_branch_dag.py
[2024-10-15 21:26:27,489] {processor.py:641} INFO - Processing file /home/luan-capella/Documentos/curso_airflow/airflowalura/venv/lib/python3.9/site-packages/airflow/example_dags/example_nested_branch_dag.py for tasks to queue
[2024-10-15 21:26:27,490] {logging_mixin.py:115} INFO - [2024-10-15 21:26:27,490] {dagbag.py:507} INFO - Filling up the DagBag from /home/luan-capella/Documentos/curso_airflow/airflowalura/venv/lib/python3.9/site-packages/airflow/example_dags/example_nested_branch_dag.py
[2024-10-15 21:26:27,498] {processor.py:651} INFO - DAG(s) dict_keys(['example_nested_branch_dag']) retrieved from /home/luan-capella/Documentos/curso_airflow/airflowalura/venv/lib/python3.9/site-packages/airflow/example_dags/example_nested_branch_dag.py
[2024-10-15 21:26:27,511] {logging_mixin.py:115} INFO - [2024-10-15 21:26:27,511] {dag.py:2379} INFO - Sync 1 DAGs
[2024-10-15 21:26:27,528] {logging_mixin.py:115} INFO - [2024-10-15 21:26:27,528] {dag.py:2927} INFO - Setting next_dagrun for example_nested_branch_dag to 2024-10-15T00:00:00+00:00, run_after=2024-10-16T00:00:00+00:00
[2024-10-15 21:26:27,541] {processor.py:161} INFO - Processing /home/luan-capella/Documentos/curso_airflow/airflowalura/venv/lib/python3.9/site-packages/airflow/example_dags/example_nested_branch_dag.py took 0.054 seconds
[2024-10-15 21:27:03,122] {processor.py:153} INFO - Started process (PID=10393) to work on /home/luan-capella/Documentos/curso_airflow/airflowalura/venv/lib/python3.9/site-packages/airflow/example_dags/example_nested_branch_dag.py
[2024-10-15 21:27:03,123] {processor.py:641} INFO - Processing file /home/luan-capella/Documentos/curso_airflow/airflowalura/venv/lib/python3.9/site-packages/airflow/example_dags/example_nested_branch_dag.py for tasks to queue
[2024-10-15 21:27:03,124] {logging_mixin.py:115} INFO - [2024-10-15 21:27:03,124] {dagbag.py:507} INFO - Filling up the DagBag from /home/luan-capella/Documentos/curso_airflow/airflowalura/venv/lib/python3.9/site-packages/airflow/example_dags/example_nested_branch_dag.py
[2024-10-15 21:27:03,135] {processor.py:651} INFO - DAG(s) dict_keys(['example_nested_branch_dag']) retrieved from /home/luan-capella/Documentos/curso_airflow/airflowalura/venv/lib/python3.9/site-packages/airflow/example_dags/example_nested_branch_dag.py
[2024-10-15 21:27:03,147] {logging_mixin.py:115} INFO - [2024-10-15 21:27:03,147] {dag.py:2379} INFO - Sync 1 DAGs
[2024-10-15 21:27:03,163] {logging_mixin.py:115} INFO - [2024-10-15 21:27:03,163] {dag.py:2927} INFO - Setting next_dagrun for example_nested_branch_dag to 2024-10-15T00:00:00+00:00, run_after=2024-10-16T00:00:00+00:00
[2024-10-15 21:27:03,174] {processor.py:161} INFO - Processing /home/luan-capella/Documentos/curso_airflow/airflowalura/venv/lib/python3.9/site-packages/airflow/example_dags/example_nested_branch_dag.py took 0.058 seconds
[2024-10-15 21:27:39,159] {processor.py:153} INFO - Started process (PID=10617) to work on /home/luan-capella/Documentos/curso_airflow/airflowalura/venv/lib/python3.9/site-packages/airflow/example_dags/example_nested_branch_dag.py
[2024-10-15 21:27:39,160] {processor.py:641} INFO - Processing file /home/luan-capella/Documentos/curso_airflow/airflowalura/venv/lib/python3.9/site-packages/airflow/example_dags/example_nested_branch_dag.py for tasks to queue
[2024-10-15 21:27:39,161] {logging_mixin.py:115} INFO - [2024-10-15 21:27:39,161] {dagbag.py:507} INFO - Filling up the DagBag from /home/luan-capella/Documentos/curso_airflow/airflowalura/venv/lib/python3.9/site-packages/airflow/example_dags/example_nested_branch_dag.py
[2024-10-15 21:27:39,171] {processor.py:651} INFO - DAG(s) dict_keys(['example_nested_branch_dag']) retrieved from /home/luan-capella/Documentos/curso_airflow/airflowalura/venv/lib/python3.9/site-packages/airflow/example_dags/example_nested_branch_dag.py
[2024-10-15 21:27:39,184] {logging_mixin.py:115} INFO - [2024-10-15 21:27:39,184] {dag.py:2379} INFO - Sync 1 DAGs
[2024-10-15 21:27:39,199] {logging_mixin.py:115} INFO - [2024-10-15 21:27:39,199] {dag.py:2927} INFO - Setting next_dagrun for example_nested_branch_dag to 2024-10-15T00:00:00+00:00, run_after=2024-10-16T00:00:00+00:00
[2024-10-15 21:27:39,211] {processor.py:161} INFO - Processing /home/luan-capella/Documentos/curso_airflow/airflowalura/venv/lib/python3.9/site-packages/airflow/example_dags/example_nested_branch_dag.py took 0.057 seconds
[2024-10-15 21:28:18,362] {processor.py:153} INFO - Started process (PID=10855) to work on /home/luan-capella/Documentos/curso_airflow/airflowalura/venv/lib/python3.9/site-packages/airflow/example_dags/example_nested_branch_dag.py
[2024-10-15 21:28:18,363] {processor.py:641} INFO - Processing file /home/luan-capella/Documentos/curso_airflow/airflowalura/venv/lib/python3.9/site-packages/airflow/example_dags/example_nested_branch_dag.py for tasks to queue
[2024-10-15 21:28:18,363] {logging_mixin.py:115} INFO - [2024-10-15 21:28:18,363] {dagbag.py:507} INFO - Filling up the DagBag from /home/luan-capella/Documentos/curso_airflow/airflowalura/venv/lib/python3.9/site-packages/airflow/example_dags/example_nested_branch_dag.py
[2024-10-15 21:28:18,370] {processor.py:651} INFO - DAG(s) dict_keys(['example_nested_branch_dag']) retrieved from /home/luan-capella/Documentos/curso_airflow/airflowalura/venv/lib/python3.9/site-packages/airflow/example_dags/example_nested_branch_dag.py
[2024-10-15 21:28:18,384] {logging_mixin.py:115} INFO - [2024-10-15 21:28:18,384] {dag.py:2379} INFO - Sync 1 DAGs
[2024-10-15 21:28:18,398] {logging_mixin.py:115} INFO - [2024-10-15 21:28:18,398] {dag.py:2927} INFO - Setting next_dagrun for example_nested_branch_dag to 2024-10-15T00:00:00+00:00, run_after=2024-10-16T00:00:00+00:00
[2024-10-15 21:28:18,409] {processor.py:161} INFO - Processing /home/luan-capella/Documentos/curso_airflow/airflowalura/venv/lib/python3.9/site-packages/airflow/example_dags/example_nested_branch_dag.py took 0.050 seconds
[2024-10-15 21:28:53,431] {processor.py:153} INFO - Started process (PID=11042) to work on /home/luan-capella/Documentos/curso_airflow/airflowalura/venv/lib/python3.9/site-packages/airflow/example_dags/example_nested_branch_dag.py
[2024-10-15 21:28:53,432] {processor.py:641} INFO - Processing file /home/luan-capella/Documentos/curso_airflow/airflowalura/venv/lib/python3.9/site-packages/airflow/example_dags/example_nested_branch_dag.py for tasks to queue
[2024-10-15 21:28:53,433] {logging_mixin.py:115} INFO - [2024-10-15 21:28:53,432] {dagbag.py:507} INFO - Filling up the DagBag from /home/luan-capella/Documentos/curso_airflow/airflowalura/venv/lib/python3.9/site-packages/airflow/example_dags/example_nested_branch_dag.py
[2024-10-15 21:28:53,446] {processor.py:651} INFO - DAG(s) dict_keys(['example_nested_branch_dag']) retrieved from /home/luan-capella/Documentos/curso_airflow/airflowalura/venv/lib/python3.9/site-packages/airflow/example_dags/example_nested_branch_dag.py
[2024-10-15 21:28:53,459] {logging_mixin.py:115} INFO - [2024-10-15 21:28:53,459] {dag.py:2379} INFO - Sync 1 DAGs
[2024-10-15 21:28:53,472] {logging_mixin.py:115} INFO - [2024-10-15 21:28:53,472] {dag.py:2927} INFO - Setting next_dagrun for example_nested_branch_dag to 2024-10-15T00:00:00+00:00, run_after=2024-10-16T00:00:00+00:00
[2024-10-15 21:28:53,489] {processor.py:161} INFO - Processing /home/luan-capella/Documentos/curso_airflow/airflowalura/venv/lib/python3.9/site-packages/airflow/example_dags/example_nested_branch_dag.py took 0.063 seconds
[2024-10-15 21:29:28,049] {processor.py:153} INFO - Started process (PID=11211) to work on /home/luan-capella/Documentos/curso_airflow/airflowalura/venv/lib/python3.9/site-packages/airflow/example_dags/example_nested_branch_dag.py
[2024-10-15 21:29:28,050] {processor.py:641} INFO - Processing file /home/luan-capella/Documentos/curso_airflow/airflowalura/venv/lib/python3.9/site-packages/airflow/example_dags/example_nested_branch_dag.py for tasks to queue
[2024-10-15 21:29:28,051] {logging_mixin.py:115} INFO - [2024-10-15 21:29:28,050] {dagbag.py:507} INFO - Filling up the DagBag from /home/luan-capella/Documentos/curso_airflow/airflowalura/venv/lib/python3.9/site-packages/airflow/example_dags/example_nested_branch_dag.py
[2024-10-15 21:29:28,061] {processor.py:651} INFO - DAG(s) dict_keys(['example_nested_branch_dag']) retrieved from /home/luan-capella/Documentos/curso_airflow/airflowalura/venv/lib/python3.9/site-packages/airflow/example_dags/example_nested_branch_dag.py
[2024-10-15 21:29:28,074] {logging_mixin.py:115} INFO - [2024-10-15 21:29:28,074] {dag.py:2379} INFO - Sync 1 DAGs
[2024-10-15 21:29:28,088] {logging_mixin.py:115} INFO - [2024-10-15 21:29:28,088] {dag.py:2927} INFO - Setting next_dagrun for example_nested_branch_dag to 2024-10-15T00:00:00+00:00, run_after=2024-10-16T00:00:00+00:00
[2024-10-15 21:29:28,102] {processor.py:161} INFO - Processing /home/luan-capella/Documentos/curso_airflow/airflowalura/venv/lib/python3.9/site-packages/airflow/example_dags/example_nested_branch_dag.py took 0.056 seconds
