[2024-10-15 21:24:12,430] {processor.py:153} INFO - Started process (PID=9522) to work on /home/luan-capella/Documentos/curso_airflow/airflowalura/venv/lib/python3.9/site-packages/airflow/example_dags/example_external_task_marker_dag.py
[2024-10-15 21:24:12,433] {processor.py:641} INFO - Processing file /home/luan-capella/Documentos/curso_airflow/airflowalura/venv/lib/python3.9/site-packages/airflow/example_dags/example_external_task_marker_dag.py for tasks to queue
[2024-10-15 21:24:12,434] {logging_mixin.py:115} INFO - [2024-10-15 21:24:12,434] {dagbag.py:507} INFO - Filling up the DagBag from /home/luan-capella/Documentos/curso_airflow/airflowalura/venv/lib/python3.9/site-packages/airflow/example_dags/example_external_task_marker_dag.py
[2024-10-15 21:24:12,442] {processor.py:651} INFO - DAG(s) dict_keys(['example_external_task_marker_parent', 'example_external_task_marker_child']) retrieved from /home/luan-capella/Documentos/curso_airflow/airflowalura/venv/lib/python3.9/site-packages/airflow/example_dags/example_external_task_marker_dag.py
[2024-10-15 21:24:12,466] {logging_mixin.py:115} INFO - [2024-10-15 21:24:12,466] {dag.py:2379} INFO - Sync 2 DAGs
[2024-10-15 21:24:12,480] {logging_mixin.py:115} INFO - [2024-10-15 21:24:12,480] {dag.py:2927} INFO - Setting next_dagrun for example_external_task_marker_child to None, run_after=None
[2024-10-15 21:24:12,481] {logging_mixin.py:115} INFO - [2024-10-15 21:24:12,481] {dag.py:2927} INFO - Setting next_dagrun for example_external_task_marker_parent to None, run_after=None
[2024-10-15 21:24:12,507] {processor.py:161} INFO - Processing /home/luan-capella/Documentos/curso_airflow/airflowalura/venv/lib/python3.9/site-packages/airflow/example_dags/example_external_task_marker_dag.py took 0.082 seconds
[2024-10-15 21:24:48,748] {processor.py:153} INFO - Started process (PID=9697) to work on /home/luan-capella/Documentos/curso_airflow/airflowalura/venv/lib/python3.9/site-packages/airflow/example_dags/example_external_task_marker_dag.py
[2024-10-15 21:24:48,749] {processor.py:641} INFO - Processing file /home/luan-capella/Documentos/curso_airflow/airflowalura/venv/lib/python3.9/site-packages/airflow/example_dags/example_external_task_marker_dag.py for tasks to queue
[2024-10-15 21:24:48,749] {logging_mixin.py:115} INFO - [2024-10-15 21:24:48,749] {dagbag.py:507} INFO - Filling up the DagBag from /home/luan-capella/Documentos/curso_airflow/airflowalura/venv/lib/python3.9/site-packages/airflow/example_dags/example_external_task_marker_dag.py
[2024-10-15 21:24:48,752] {processor.py:651} INFO - DAG(s) dict_keys(['example_external_task_marker_parent', 'example_external_task_marker_child']) retrieved from /home/luan-capella/Documentos/curso_airflow/airflowalura/venv/lib/python3.9/site-packages/airflow/example_dags/example_external_task_marker_dag.py
[2024-10-15 21:24:48,774] {logging_mixin.py:115} INFO - [2024-10-15 21:24:48,774] {dag.py:2379} INFO - Sync 2 DAGs
[2024-10-15 21:24:48,787] {logging_mixin.py:115} INFO - [2024-10-15 21:24:48,787] {dag.py:2927} INFO - Setting next_dagrun for example_external_task_marker_child to None, run_after=None
[2024-10-15 21:24:48,787] {logging_mixin.py:115} INFO - [2024-10-15 21:24:48,787] {dag.py:2927} INFO - Setting next_dagrun for example_external_task_marker_parent to None, run_after=None
[2024-10-15 21:24:48,800] {processor.py:161} INFO - Processing /home/luan-capella/Documentos/curso_airflow/airflowalura/venv/lib/python3.9/site-packages/airflow/example_dags/example_external_task_marker_dag.py took 0.056 seconds
[2024-10-15 21:25:25,991] {processor.py:153} INFO - Started process (PID=9942) to work on /home/luan-capella/Documentos/curso_airflow/airflowalura/venv/lib/python3.9/site-packages/airflow/example_dags/example_external_task_marker_dag.py
[2024-10-15 21:25:25,992] {processor.py:641} INFO - Processing file /home/luan-capella/Documentos/curso_airflow/airflowalura/venv/lib/python3.9/site-packages/airflow/example_dags/example_external_task_marker_dag.py for tasks to queue
[2024-10-15 21:25:25,993] {logging_mixin.py:115} INFO - [2024-10-15 21:25:25,992] {dagbag.py:507} INFO - Filling up the DagBag from /home/luan-capella/Documentos/curso_airflow/airflowalura/venv/lib/python3.9/site-packages/airflow/example_dags/example_external_task_marker_dag.py
[2024-10-15 21:25:25,997] {processor.py:651} INFO - DAG(s) dict_keys(['example_external_task_marker_parent', 'example_external_task_marker_child']) retrieved from /home/luan-capella/Documentos/curso_airflow/airflowalura/venv/lib/python3.9/site-packages/airflow/example_dags/example_external_task_marker_dag.py
[2024-10-15 21:25:26,019] {logging_mixin.py:115} INFO - [2024-10-15 21:25:26,018] {dag.py:2379} INFO - Sync 2 DAGs
[2024-10-15 21:25:26,034] {logging_mixin.py:115} INFO - [2024-10-15 21:25:26,034] {dag.py:2927} INFO - Setting next_dagrun for example_external_task_marker_child to None, run_after=None
[2024-10-15 21:25:26,034] {logging_mixin.py:115} INFO - [2024-10-15 21:25:26,034] {dag.py:2927} INFO - Setting next_dagrun for example_external_task_marker_parent to None, run_after=None
[2024-10-15 21:25:26,048] {processor.py:161} INFO - Processing /home/luan-capella/Documentos/curso_airflow/airflowalura/venv/lib/python3.9/site-packages/airflow/example_dags/example_external_task_marker_dag.py took 0.061 seconds
[2024-10-15 21:26:02,159] {processor.py:153} INFO - Started process (PID=10122) to work on /home/luan-capella/Documentos/curso_airflow/airflowalura/venv/lib/python3.9/site-packages/airflow/example_dags/example_external_task_marker_dag.py
[2024-10-15 21:26:02,160] {processor.py:641} INFO - Processing file /home/luan-capella/Documentos/curso_airflow/airflowalura/venv/lib/python3.9/site-packages/airflow/example_dags/example_external_task_marker_dag.py for tasks to queue
[2024-10-15 21:26:02,161] {logging_mixin.py:115} INFO - [2024-10-15 21:26:02,160] {dagbag.py:507} INFO - Filling up the DagBag from /home/luan-capella/Documentos/curso_airflow/airflowalura/venv/lib/python3.9/site-packages/airflow/example_dags/example_external_task_marker_dag.py
[2024-10-15 21:26:02,167] {processor.py:651} INFO - DAG(s) dict_keys(['example_external_task_marker_parent', 'example_external_task_marker_child']) retrieved from /home/luan-capella/Documentos/curso_airflow/airflowalura/venv/lib/python3.9/site-packages/airflow/example_dags/example_external_task_marker_dag.py
[2024-10-15 21:26:02,186] {logging_mixin.py:115} INFO - [2024-10-15 21:26:02,186] {dag.py:2379} INFO - Sync 2 DAGs
[2024-10-15 21:26:02,199] {logging_mixin.py:115} INFO - [2024-10-15 21:26:02,199] {dag.py:2927} INFO - Setting next_dagrun for example_external_task_marker_child to None, run_after=None
[2024-10-15 21:26:02,199] {logging_mixin.py:115} INFO - [2024-10-15 21:26:02,199] {dag.py:2927} INFO - Setting next_dagrun for example_external_task_marker_parent to None, run_after=None
[2024-10-15 21:26:02,211] {processor.py:161} INFO - Processing /home/luan-capella/Documentos/curso_airflow/airflowalura/venv/lib/python3.9/site-packages/airflow/example_dags/example_external_task_marker_dag.py took 0.057 seconds
[2024-10-15 21:26:38,355] {processor.py:153} INFO - Started process (PID=10281) to work on /home/luan-capella/Documentos/curso_airflow/airflowalura/venv/lib/python3.9/site-packages/airflow/example_dags/example_external_task_marker_dag.py
[2024-10-15 21:26:38,356] {processor.py:641} INFO - Processing file /home/luan-capella/Documentos/curso_airflow/airflowalura/venv/lib/python3.9/site-packages/airflow/example_dags/example_external_task_marker_dag.py for tasks to queue
[2024-10-15 21:26:38,356] {logging_mixin.py:115} INFO - [2024-10-15 21:26:38,356] {dagbag.py:507} INFO - Filling up the DagBag from /home/luan-capella/Documentos/curso_airflow/airflowalura/venv/lib/python3.9/site-packages/airflow/example_dags/example_external_task_marker_dag.py
[2024-10-15 21:26:38,362] {processor.py:651} INFO - DAG(s) dict_keys(['example_external_task_marker_parent', 'example_external_task_marker_child']) retrieved from /home/luan-capella/Documentos/curso_airflow/airflowalura/venv/lib/python3.9/site-packages/airflow/example_dags/example_external_task_marker_dag.py
[2024-10-15 21:26:38,381] {logging_mixin.py:115} INFO - [2024-10-15 21:26:38,381] {dag.py:2379} INFO - Sync 2 DAGs
[2024-10-15 21:26:38,394] {logging_mixin.py:115} INFO - [2024-10-15 21:26:38,394] {dag.py:2927} INFO - Setting next_dagrun for example_external_task_marker_child to None, run_after=None
[2024-10-15 21:26:38,394] {logging_mixin.py:115} INFO - [2024-10-15 21:26:38,394] {dag.py:2927} INFO - Setting next_dagrun for example_external_task_marker_parent to None, run_after=None
[2024-10-15 21:26:38,405] {processor.py:161} INFO - Processing /home/luan-capella/Documentos/curso_airflow/airflowalura/venv/lib/python3.9/site-packages/airflow/example_dags/example_external_task_marker_dag.py took 0.055 seconds
[2024-10-15 21:27:14,064] {processor.py:153} INFO - Started process (PID=10454) to work on /home/luan-capella/Documentos/curso_airflow/airflowalura/venv/lib/python3.9/site-packages/airflow/example_dags/example_external_task_marker_dag.py
[2024-10-15 21:27:14,069] {processor.py:641} INFO - Processing file /home/luan-capella/Documentos/curso_airflow/airflowalura/venv/lib/python3.9/site-packages/airflow/example_dags/example_external_task_marker_dag.py for tasks to queue
[2024-10-15 21:27:14,070] {logging_mixin.py:115} INFO - [2024-10-15 21:27:14,069] {dagbag.py:507} INFO - Filling up the DagBag from /home/luan-capella/Documentos/curso_airflow/airflowalura/venv/lib/python3.9/site-packages/airflow/example_dags/example_external_task_marker_dag.py
[2024-10-15 21:27:14,074] {processor.py:651} INFO - DAG(s) dict_keys(['example_external_task_marker_parent', 'example_external_task_marker_child']) retrieved from /home/luan-capella/Documentos/curso_airflow/airflowalura/venv/lib/python3.9/site-packages/airflow/example_dags/example_external_task_marker_dag.py
[2024-10-15 21:27:14,096] {logging_mixin.py:115} INFO - [2024-10-15 21:27:14,096] {dag.py:2379} INFO - Sync 2 DAGs
[2024-10-15 21:27:14,110] {logging_mixin.py:115} INFO - [2024-10-15 21:27:14,110] {dag.py:2927} INFO - Setting next_dagrun for example_external_task_marker_child to None, run_after=None
[2024-10-15 21:27:14,110] {logging_mixin.py:115} INFO - [2024-10-15 21:27:14,110] {dag.py:2927} INFO - Setting next_dagrun for example_external_task_marker_parent to None, run_after=None
[2024-10-15 21:27:14,131] {processor.py:161} INFO - Processing /home/luan-capella/Documentos/curso_airflow/airflowalura/venv/lib/python3.9/site-packages/airflow/example_dags/example_external_task_marker_dag.py took 0.069 seconds
[2024-10-15 21:27:56,741] {processor.py:153} INFO - Started process (PID=10716) to work on /home/luan-capella/Documentos/curso_airflow/airflowalura/venv/lib/python3.9/site-packages/airflow/example_dags/example_external_task_marker_dag.py
[2024-10-15 21:27:56,741] {processor.py:641} INFO - Processing file /home/luan-capella/Documentos/curso_airflow/airflowalura/venv/lib/python3.9/site-packages/airflow/example_dags/example_external_task_marker_dag.py for tasks to queue
[2024-10-15 21:27:56,742] {logging_mixin.py:115} INFO - [2024-10-15 21:27:56,742] {dagbag.py:507} INFO - Filling up the DagBag from /home/luan-capella/Documentos/curso_airflow/airflowalura/venv/lib/python3.9/site-packages/airflow/example_dags/example_external_task_marker_dag.py
[2024-10-15 21:27:56,746] {processor.py:651} INFO - DAG(s) dict_keys(['example_external_task_marker_parent', 'example_external_task_marker_child']) retrieved from /home/luan-capella/Documentos/curso_airflow/airflowalura/venv/lib/python3.9/site-packages/airflow/example_dags/example_external_task_marker_dag.py
[2024-10-15 21:27:56,766] {logging_mixin.py:115} INFO - [2024-10-15 21:27:56,766] {dag.py:2379} INFO - Sync 2 DAGs
[2024-10-15 21:27:56,780] {logging_mixin.py:115} INFO - [2024-10-15 21:27:56,780] {dag.py:2927} INFO - Setting next_dagrun for example_external_task_marker_child to None, run_after=None
[2024-10-15 21:27:56,781] {logging_mixin.py:115} INFO - [2024-10-15 21:27:56,781] {dag.py:2927} INFO - Setting next_dagrun for example_external_task_marker_parent to None, run_after=None
[2024-10-15 21:27:56,793] {processor.py:161} INFO - Processing /home/luan-capella/Documentos/curso_airflow/airflowalura/venv/lib/python3.9/site-packages/airflow/example_dags/example_external_task_marker_dag.py took 0.055 seconds
[2024-10-15 21:28:41,042] {processor.py:153} INFO - Started process (PID=10988) to work on /home/luan-capella/Documentos/curso_airflow/airflowalura/venv/lib/python3.9/site-packages/airflow/example_dags/example_external_task_marker_dag.py
[2024-10-15 21:28:41,043] {processor.py:641} INFO - Processing file /home/luan-capella/Documentos/curso_airflow/airflowalura/venv/lib/python3.9/site-packages/airflow/example_dags/example_external_task_marker_dag.py for tasks to queue
[2024-10-15 21:28:41,044] {logging_mixin.py:115} INFO - [2024-10-15 21:28:41,044] {dagbag.py:507} INFO - Filling up the DagBag from /home/luan-capella/Documentos/curso_airflow/airflowalura/venv/lib/python3.9/site-packages/airflow/example_dags/example_external_task_marker_dag.py
[2024-10-15 21:28:41,047] {processor.py:651} INFO - DAG(s) dict_keys(['example_external_task_marker_parent', 'example_external_task_marker_child']) retrieved from /home/luan-capella/Documentos/curso_airflow/airflowalura/venv/lib/python3.9/site-packages/airflow/example_dags/example_external_task_marker_dag.py
[2024-10-15 21:28:41,068] {logging_mixin.py:115} INFO - [2024-10-15 21:28:41,068] {dag.py:2379} INFO - Sync 2 DAGs
[2024-10-15 21:28:41,084] {logging_mixin.py:115} INFO - [2024-10-15 21:28:41,084] {dag.py:2927} INFO - Setting next_dagrun for example_external_task_marker_child to None, run_after=None
[2024-10-15 21:28:41,084] {logging_mixin.py:115} INFO - [2024-10-15 21:28:41,084] {dag.py:2927} INFO - Setting next_dagrun for example_external_task_marker_parent to None, run_after=None
[2024-10-15 21:28:41,096] {processor.py:161} INFO - Processing /home/luan-capella/Documentos/curso_airflow/airflowalura/venv/lib/python3.9/site-packages/airflow/example_dags/example_external_task_marker_dag.py took 0.056 seconds
[2024-10-15 21:29:16,793] {processor.py:153} INFO - Started process (PID=11160) to work on /home/luan-capella/Documentos/curso_airflow/airflowalura/venv/lib/python3.9/site-packages/airflow/example_dags/example_external_task_marker_dag.py
[2024-10-15 21:29:16,794] {processor.py:641} INFO - Processing file /home/luan-capella/Documentos/curso_airflow/airflowalura/venv/lib/python3.9/site-packages/airflow/example_dags/example_external_task_marker_dag.py for tasks to queue
[2024-10-15 21:29:16,795] {logging_mixin.py:115} INFO - [2024-10-15 21:29:16,795] {dagbag.py:507} INFO - Filling up the DagBag from /home/luan-capella/Documentos/curso_airflow/airflowalura/venv/lib/python3.9/site-packages/airflow/example_dags/example_external_task_marker_dag.py
[2024-10-15 21:29:16,798] {processor.py:651} INFO - DAG(s) dict_keys(['example_external_task_marker_parent', 'example_external_task_marker_child']) retrieved from /home/luan-capella/Documentos/curso_airflow/airflowalura/venv/lib/python3.9/site-packages/airflow/example_dags/example_external_task_marker_dag.py
[2024-10-15 21:29:16,819] {logging_mixin.py:115} INFO - [2024-10-15 21:29:16,819] {dag.py:2379} INFO - Sync 2 DAGs
[2024-10-15 21:29:16,833] {logging_mixin.py:115} INFO - [2024-10-15 21:29:16,833] {dag.py:2927} INFO - Setting next_dagrun for example_external_task_marker_child to None, run_after=None
[2024-10-15 21:29:16,833] {logging_mixin.py:115} INFO - [2024-10-15 21:29:16,833] {dag.py:2927} INFO - Setting next_dagrun for example_external_task_marker_parent to None, run_after=None
[2024-10-15 21:29:16,844] {processor.py:161} INFO - Processing /home/luan-capella/Documentos/curso_airflow/airflowalura/venv/lib/python3.9/site-packages/airflow/example_dags/example_external_task_marker_dag.py took 0.057 seconds
