[2024-10-15 21:23:53,323] {processor.py:153} INFO - Started process (PID=9437) to work on /home/luan-capella/Documentos/curso_airflow/airflowalura/venv/lib/python3.9/site-packages/airflow/example_dags/example_trigger_target_dag.py
[2024-10-15 21:23:53,324] {processor.py:641} INFO - Processing file /home/luan-capella/Documentos/curso_airflow/airflowalura/venv/lib/python3.9/site-packages/airflow/example_dags/example_trigger_target_dag.py for tasks to queue
[2024-10-15 21:23:53,325] {logging_mixin.py:115} INFO - [2024-10-15 21:23:53,325] {dagbag.py:507} INFO - Filling up the DagBag from /home/luan-capella/Documentos/curso_airflow/airflowalura/venv/lib/python3.9/site-packages/airflow/example_dags/example_trigger_target_dag.py
[2024-10-15 21:23:53,345] {processor.py:651} INFO - DAG(s) dict_keys(['example_trigger_target_dag']) retrieved from /home/luan-capella/Documentos/curso_airflow/airflowalura/venv/lib/python3.9/site-packages/airflow/example_dags/example_trigger_target_dag.py
[2024-10-15 21:23:53,357] {logging_mixin.py:115} INFO - [2024-10-15 21:23:53,357] {dag.py:2379} INFO - Sync 1 DAGs
[2024-10-15 21:23:53,371] {logging_mixin.py:115} INFO - [2024-10-15 21:23:53,371] {dag.py:2927} INFO - Setting next_dagrun for example_trigger_target_dag to None, run_after=None
[2024-10-15 21:23:53,384] {processor.py:161} INFO - Processing /home/luan-capella/Documentos/curso_airflow/airflowalura/venv/lib/python3.9/site-packages/airflow/example_dags/example_trigger_target_dag.py took 0.066 seconds
[2024-10-15 21:24:30,413] {processor.py:153} INFO - Started process (PID=9601) to work on /home/luan-capella/Documentos/curso_airflow/airflowalura/venv/lib/python3.9/site-packages/airflow/example_dags/example_trigger_target_dag.py
[2024-10-15 21:24:30,414] {processor.py:641} INFO - Processing file /home/luan-capella/Documentos/curso_airflow/airflowalura/venv/lib/python3.9/site-packages/airflow/example_dags/example_trigger_target_dag.py for tasks to queue
[2024-10-15 21:24:30,414] {logging_mixin.py:115} INFO - [2024-10-15 21:24:30,414] {dagbag.py:507} INFO - Filling up the DagBag from /home/luan-capella/Documentos/curso_airflow/airflowalura/venv/lib/python3.9/site-packages/airflow/example_dags/example_trigger_target_dag.py
[2024-10-15 21:24:30,427] {processor.py:651} INFO - DAG(s) dict_keys(['example_trigger_target_dag']) retrieved from /home/luan-capella/Documentos/curso_airflow/airflowalura/venv/lib/python3.9/site-packages/airflow/example_dags/example_trigger_target_dag.py
[2024-10-15 21:24:30,439] {logging_mixin.py:115} INFO - [2024-10-15 21:24:30,438] {dag.py:2379} INFO - Sync 1 DAGs
[2024-10-15 21:24:30,452] {logging_mixin.py:115} INFO - [2024-10-15 21:24:30,452] {dag.py:2927} INFO - Setting next_dagrun for example_trigger_target_dag to None, run_after=None
[2024-10-15 21:24:30,463] {processor.py:161} INFO - Processing /home/luan-capella/Documentos/curso_airflow/airflowalura/venv/lib/python3.9/site-packages/airflow/example_dags/example_trigger_target_dag.py took 0.053 seconds
[2024-10-15 21:25:07,614] {processor.py:153} INFO - Started process (PID=9781) to work on /home/luan-capella/Documentos/curso_airflow/airflowalura/venv/lib/python3.9/site-packages/airflow/example_dags/example_trigger_target_dag.py
[2024-10-15 21:25:07,615] {processor.py:641} INFO - Processing file /home/luan-capella/Documentos/curso_airflow/airflowalura/venv/lib/python3.9/site-packages/airflow/example_dags/example_trigger_target_dag.py for tasks to queue
[2024-10-15 21:25:07,616] {logging_mixin.py:115} INFO - [2024-10-15 21:25:07,616] {dagbag.py:507} INFO - Filling up the DagBag from /home/luan-capella/Documentos/curso_airflow/airflowalura/venv/lib/python3.9/site-packages/airflow/example_dags/example_trigger_target_dag.py
[2024-10-15 21:25:07,632] {processor.py:651} INFO - DAG(s) dict_keys(['example_trigger_target_dag']) retrieved from /home/luan-capella/Documentos/curso_airflow/airflowalura/venv/lib/python3.9/site-packages/airflow/example_dags/example_trigger_target_dag.py
[2024-10-15 21:25:07,648] {logging_mixin.py:115} INFO - [2024-10-15 21:25:07,648] {dag.py:2379} INFO - Sync 1 DAGs
[2024-10-15 21:25:07,663] {logging_mixin.py:115} INFO - [2024-10-15 21:25:07,663] {dag.py:2927} INFO - Setting next_dagrun for example_trigger_target_dag to None, run_after=None
[2024-10-15 21:25:07,681] {processor.py:161} INFO - Processing /home/luan-capella/Documentos/curso_airflow/airflowalura/venv/lib/python3.9/site-packages/airflow/example_dags/example_trigger_target_dag.py took 0.072 seconds
[2024-10-15 21:25:43,894] {processor.py:153} INFO - Started process (PID=10024) to work on /home/luan-capella/Documentos/curso_airflow/airflowalura/venv/lib/python3.9/site-packages/airflow/example_dags/example_trigger_target_dag.py
[2024-10-15 21:25:43,895] {processor.py:641} INFO - Processing file /home/luan-capella/Documentos/curso_airflow/airflowalura/venv/lib/python3.9/site-packages/airflow/example_dags/example_trigger_target_dag.py for tasks to queue
[2024-10-15 21:25:43,896] {logging_mixin.py:115} INFO - [2024-10-15 21:25:43,895] {dagbag.py:507} INFO - Filling up the DagBag from /home/luan-capella/Documentos/curso_airflow/airflowalura/venv/lib/python3.9/site-packages/airflow/example_dags/example_trigger_target_dag.py
[2024-10-15 21:25:43,910] {processor.py:651} INFO - DAG(s) dict_keys(['example_trigger_target_dag']) retrieved from /home/luan-capella/Documentos/curso_airflow/airflowalura/venv/lib/python3.9/site-packages/airflow/example_dags/example_trigger_target_dag.py
[2024-10-15 21:25:43,922] {logging_mixin.py:115} INFO - [2024-10-15 21:25:43,922] {dag.py:2379} INFO - Sync 1 DAGs
[2024-10-15 21:25:43,936] {logging_mixin.py:115} INFO - [2024-10-15 21:25:43,936] {dag.py:2927} INFO - Setting next_dagrun for example_trigger_target_dag to None, run_after=None
[2024-10-15 21:25:43,948] {processor.py:161} INFO - Processing /home/luan-capella/Documentos/curso_airflow/airflowalura/venv/lib/python3.9/site-packages/airflow/example_dags/example_trigger_target_dag.py took 0.059 seconds
[2024-10-15 21:26:21,266] {processor.py:153} INFO - Started process (PID=10206) to work on /home/luan-capella/Documentos/curso_airflow/airflowalura/venv/lib/python3.9/site-packages/airflow/example_dags/example_trigger_target_dag.py
[2024-10-15 21:26:21,267] {processor.py:641} INFO - Processing file /home/luan-capella/Documentos/curso_airflow/airflowalura/venv/lib/python3.9/site-packages/airflow/example_dags/example_trigger_target_dag.py for tasks to queue
[2024-10-15 21:26:21,268] {logging_mixin.py:115} INFO - [2024-10-15 21:26:21,268] {dagbag.py:507} INFO - Filling up the DagBag from /home/luan-capella/Documentos/curso_airflow/airflowalura/venv/lib/python3.9/site-packages/airflow/example_dags/example_trigger_target_dag.py
[2024-10-15 21:26:21,284] {processor.py:651} INFO - DAG(s) dict_keys(['example_trigger_target_dag']) retrieved from /home/luan-capella/Documentos/curso_airflow/airflowalura/venv/lib/python3.9/site-packages/airflow/example_dags/example_trigger_target_dag.py
[2024-10-15 21:26:21,295] {logging_mixin.py:115} INFO - [2024-10-15 21:26:21,295] {dag.py:2379} INFO - Sync 1 DAGs
[2024-10-15 21:26:21,310] {logging_mixin.py:115} INFO - [2024-10-15 21:26:21,310] {dag.py:2927} INFO - Setting next_dagrun for example_trigger_target_dag to None, run_after=None
[2024-10-15 21:26:21,334] {processor.py:161} INFO - Processing /home/luan-capella/Documentos/curso_airflow/airflowalura/venv/lib/python3.9/site-packages/airflow/example_dags/example_trigger_target_dag.py took 0.073 seconds
[2024-10-15 21:26:53,783] {processor.py:153} INFO - Started process (PID=10355) to work on /home/luan-capella/Documentos/curso_airflow/airflowalura/venv/lib/python3.9/site-packages/airflow/example_dags/example_trigger_target_dag.py
[2024-10-15 21:26:53,786] {processor.py:641} INFO - Processing file /home/luan-capella/Documentos/curso_airflow/airflowalura/venv/lib/python3.9/site-packages/airflow/example_dags/example_trigger_target_dag.py for tasks to queue
[2024-10-15 21:26:53,787] {logging_mixin.py:115} INFO - [2024-10-15 21:26:53,787] {dagbag.py:507} INFO - Filling up the DagBag from /home/luan-capella/Documentos/curso_airflow/airflowalura/venv/lib/python3.9/site-packages/airflow/example_dags/example_trigger_target_dag.py
[2024-10-15 21:26:53,803] {processor.py:651} INFO - DAG(s) dict_keys(['example_trigger_target_dag']) retrieved from /home/luan-capella/Documentos/curso_airflow/airflowalura/venv/lib/python3.9/site-packages/airflow/example_dags/example_trigger_target_dag.py
[2024-10-15 21:26:53,817] {logging_mixin.py:115} INFO - [2024-10-15 21:26:53,817] {dag.py:2379} INFO - Sync 1 DAGs
[2024-10-15 21:26:53,831] {logging_mixin.py:115} INFO - [2024-10-15 21:26:53,831] {dag.py:2927} INFO - Setting next_dagrun for example_trigger_target_dag to None, run_after=None
[2024-10-15 21:26:53,845] {processor.py:161} INFO - Processing /home/luan-capella/Documentos/curso_airflow/airflowalura/venv/lib/python3.9/site-packages/airflow/example_dags/example_trigger_target_dag.py took 0.066 seconds
[2024-10-15 21:27:29,372] {processor.py:153} INFO - Started process (PID=10574) to work on /home/luan-capella/Documentos/curso_airflow/airflowalura/venv/lib/python3.9/site-packages/airflow/example_dags/example_trigger_target_dag.py
[2024-10-15 21:27:29,373] {processor.py:641} INFO - Processing file /home/luan-capella/Documentos/curso_airflow/airflowalura/venv/lib/python3.9/site-packages/airflow/example_dags/example_trigger_target_dag.py for tasks to queue
[2024-10-15 21:27:29,374] {logging_mixin.py:115} INFO - [2024-10-15 21:27:29,373] {dagbag.py:507} INFO - Filling up the DagBag from /home/luan-capella/Documentos/curso_airflow/airflowalura/venv/lib/python3.9/site-packages/airflow/example_dags/example_trigger_target_dag.py
[2024-10-15 21:27:29,388] {processor.py:651} INFO - DAG(s) dict_keys(['example_trigger_target_dag']) retrieved from /home/luan-capella/Documentos/curso_airflow/airflowalura/venv/lib/python3.9/site-packages/airflow/example_dags/example_trigger_target_dag.py
[2024-10-15 21:27:29,402] {logging_mixin.py:115} INFO - [2024-10-15 21:27:29,402] {dag.py:2379} INFO - Sync 1 DAGs
[2024-10-15 21:27:29,416] {logging_mixin.py:115} INFO - [2024-10-15 21:27:29,416] {dag.py:2927} INFO - Setting next_dagrun for example_trigger_target_dag to None, run_after=None
[2024-10-15 21:27:29,430] {processor.py:161} INFO - Processing /home/luan-capella/Documentos/curso_airflow/airflowalura/venv/lib/python3.9/site-packages/airflow/example_dags/example_trigger_target_dag.py took 0.061 seconds
[2024-10-15 21:28:08,039] {processor.py:153} INFO - Started process (PID=10796) to work on /home/luan-capella/Documentos/curso_airflow/airflowalura/venv/lib/python3.9/site-packages/airflow/example_dags/example_trigger_target_dag.py
[2024-10-15 21:28:08,040] {processor.py:641} INFO - Processing file /home/luan-capella/Documentos/curso_airflow/airflowalura/venv/lib/python3.9/site-packages/airflow/example_dags/example_trigger_target_dag.py for tasks to queue
[2024-10-15 21:28:08,040] {logging_mixin.py:115} INFO - [2024-10-15 21:28:08,040] {dagbag.py:507} INFO - Filling up the DagBag from /home/luan-capella/Documentos/curso_airflow/airflowalura/venv/lib/python3.9/site-packages/airflow/example_dags/example_trigger_target_dag.py
[2024-10-15 21:28:08,053] {processor.py:651} INFO - DAG(s) dict_keys(['example_trigger_target_dag']) retrieved from /home/luan-capella/Documentos/curso_airflow/airflowalura/venv/lib/python3.9/site-packages/airflow/example_dags/example_trigger_target_dag.py
[2024-10-15 21:28:08,065] {logging_mixin.py:115} INFO - [2024-10-15 21:28:08,064] {dag.py:2379} INFO - Sync 1 DAGs
[2024-10-15 21:28:08,077] {logging_mixin.py:115} INFO - [2024-10-15 21:28:08,077] {dag.py:2927} INFO - Setting next_dagrun for example_trigger_target_dag to None, run_after=None
[2024-10-15 21:28:08,089] {processor.py:161} INFO - Processing /home/luan-capella/Documentos/curso_airflow/airflowalura/venv/lib/python3.9/site-packages/airflow/example_dags/example_trigger_target_dag.py took 0.052 seconds
[2024-10-15 21:28:44,726] {processor.py:153} INFO - Started process (PID=11002) to work on /home/luan-capella/Documentos/curso_airflow/airflowalura/venv/lib/python3.9/site-packages/airflow/example_dags/example_trigger_target_dag.py
[2024-10-15 21:28:44,727] {processor.py:641} INFO - Processing file /home/luan-capella/Documentos/curso_airflow/airflowalura/venv/lib/python3.9/site-packages/airflow/example_dags/example_trigger_target_dag.py for tasks to queue
[2024-10-15 21:28:44,728] {logging_mixin.py:115} INFO - [2024-10-15 21:28:44,728] {dagbag.py:507} INFO - Filling up the DagBag from /home/luan-capella/Documentos/curso_airflow/airflowalura/venv/lib/python3.9/site-packages/airflow/example_dags/example_trigger_target_dag.py
[2024-10-15 21:28:44,741] {processor.py:651} INFO - DAG(s) dict_keys(['example_trigger_target_dag']) retrieved from /home/luan-capella/Documentos/curso_airflow/airflowalura/venv/lib/python3.9/site-packages/airflow/example_dags/example_trigger_target_dag.py
[2024-10-15 21:28:44,753] {logging_mixin.py:115} INFO - [2024-10-15 21:28:44,753] {dag.py:2379} INFO - Sync 1 DAGs
[2024-10-15 21:28:44,768] {logging_mixin.py:115} INFO - [2024-10-15 21:28:44,768] {dag.py:2927} INFO - Setting next_dagrun for example_trigger_target_dag to None, run_after=None
[2024-10-15 21:28:44,784] {processor.py:161} INFO - Processing /home/luan-capella/Documentos/curso_airflow/airflowalura/venv/lib/python3.9/site-packages/airflow/example_dags/example_trigger_target_dag.py took 0.063 seconds
[2024-10-15 21:29:19,207] {processor.py:153} INFO - Started process (PID=11171) to work on /home/luan-capella/Documentos/curso_airflow/airflowalura/venv/lib/python3.9/site-packages/airflow/example_dags/example_trigger_target_dag.py
[2024-10-15 21:29:19,209] {processor.py:641} INFO - Processing file /home/luan-capella/Documentos/curso_airflow/airflowalura/venv/lib/python3.9/site-packages/airflow/example_dags/example_trigger_target_dag.py for tasks to queue
[2024-10-15 21:29:19,209] {logging_mixin.py:115} INFO - [2024-10-15 21:29:19,209] {dagbag.py:507} INFO - Filling up the DagBag from /home/luan-capella/Documentos/curso_airflow/airflowalura/venv/lib/python3.9/site-packages/airflow/example_dags/example_trigger_target_dag.py
[2024-10-15 21:29:19,227] {processor.py:651} INFO - DAG(s) dict_keys(['example_trigger_target_dag']) retrieved from /home/luan-capella/Documentos/curso_airflow/airflowalura/venv/lib/python3.9/site-packages/airflow/example_dags/example_trigger_target_dag.py
[2024-10-15 21:29:19,239] {logging_mixin.py:115} INFO - [2024-10-15 21:29:19,239] {dag.py:2379} INFO - Sync 1 DAGs
[2024-10-15 21:29:19,254] {logging_mixin.py:115} INFO - [2024-10-15 21:29:19,254] {dag.py:2927} INFO - Setting next_dagrun for example_trigger_target_dag to None, run_after=None
[2024-10-15 21:29:19,269] {processor.py:161} INFO - Processing /home/luan-capella/Documentos/curso_airflow/airflowalura/venv/lib/python3.9/site-packages/airflow/example_dags/example_trigger_target_dag.py took 0.066 seconds
