[2024-10-15 21:23:51,018] {processor.py:153} INFO - Started process (PID=9424) to work on /home/luan-capella/Documentos/curso_airflow/airflowalura/venv/lib/python3.9/site-packages/airflow/example_dags/tutorial.py
[2024-10-15 21:23:51,018] {processor.py:641} INFO - Processing file /home/luan-capella/Documentos/curso_airflow/airflowalura/venv/lib/python3.9/site-packages/airflow/example_dags/tutorial.py for tasks to queue
[2024-10-15 21:23:51,019] {logging_mixin.py:115} INFO - [2024-10-15 21:23:51,019] {dagbag.py:507} INFO - Filling up the DagBag from /home/luan-capella/Documentos/curso_airflow/airflowalura/venv/lib/python3.9/site-packages/airflow/example_dags/tutorial.py
[2024-10-15 21:23:51,024] {processor.py:651} INFO - DAG(s) dict_keys(['tutorial']) retrieved from /home/luan-capella/Documentos/curso_airflow/airflowalura/venv/lib/python3.9/site-packages/airflow/example_dags/tutorial.py
[2024-10-15 21:23:51,038] {logging_mixin.py:115} INFO - [2024-10-15 21:23:51,038] {dag.py:2379} INFO - Sync 1 DAGs
[2024-10-15 21:23:51,052] {logging_mixin.py:115} INFO - [2024-10-15 21:23:51,052] {dag.py:2927} INFO - Setting next_dagrun for tutorial to 2024-10-15T00:23:51.051927+00:00, run_after=2024-10-16T00:23:51.051927+00:00
[2024-10-15 21:23:51,065] {processor.py:161} INFO - Processing /home/luan-capella/Documentos/curso_airflow/airflowalura/venv/lib/python3.9/site-packages/airflow/example_dags/tutorial.py took 0.053 seconds
[2024-10-15 21:24:28,114] {processor.py:153} INFO - Started process (PID=9592) to work on /home/luan-capella/Documentos/curso_airflow/airflowalura/venv/lib/python3.9/site-packages/airflow/example_dags/tutorial.py
[2024-10-15 21:24:28,115] {processor.py:641} INFO - Processing file /home/luan-capella/Documentos/curso_airflow/airflowalura/venv/lib/python3.9/site-packages/airflow/example_dags/tutorial.py for tasks to queue
[2024-10-15 21:24:28,116] {logging_mixin.py:115} INFO - [2024-10-15 21:24:28,116] {dagbag.py:507} INFO - Filling up the DagBag from /home/luan-capella/Documentos/curso_airflow/airflowalura/venv/lib/python3.9/site-packages/airflow/example_dags/tutorial.py
[2024-10-15 21:24:28,123] {processor.py:651} INFO - DAG(s) dict_keys(['tutorial']) retrieved from /home/luan-capella/Documentos/curso_airflow/airflowalura/venv/lib/python3.9/site-packages/airflow/example_dags/tutorial.py
[2024-10-15 21:24:28,136] {logging_mixin.py:115} INFO - [2024-10-15 21:24:28,136] {dag.py:2379} INFO - Sync 1 DAGs
[2024-10-15 21:24:28,149] {logging_mixin.py:115} INFO - [2024-10-15 21:24:28,149] {dag.py:2927} INFO - Setting next_dagrun for tutorial to 2024-10-15T00:24:28.149083+00:00, run_after=2024-10-16T00:24:28.149083+00:00
[2024-10-15 21:24:28,162] {processor.py:161} INFO - Processing /home/luan-capella/Documentos/curso_airflow/airflowalura/venv/lib/python3.9/site-packages/airflow/example_dags/tutorial.py took 0.053 seconds
[2024-10-15 21:25:05,311] {processor.py:153} INFO - Started process (PID=9774) to work on /home/luan-capella/Documentos/curso_airflow/airflowalura/venv/lib/python3.9/site-packages/airflow/example_dags/tutorial.py
[2024-10-15 21:25:05,312] {processor.py:641} INFO - Processing file /home/luan-capella/Documentos/curso_airflow/airflowalura/venv/lib/python3.9/site-packages/airflow/example_dags/tutorial.py for tasks to queue
[2024-10-15 21:25:05,312] {logging_mixin.py:115} INFO - [2024-10-15 21:25:05,312] {dagbag.py:507} INFO - Filling up the DagBag from /home/luan-capella/Documentos/curso_airflow/airflowalura/venv/lib/python3.9/site-packages/airflow/example_dags/tutorial.py
[2024-10-15 21:25:05,318] {processor.py:651} INFO - DAG(s) dict_keys(['tutorial']) retrieved from /home/luan-capella/Documentos/curso_airflow/airflowalura/venv/lib/python3.9/site-packages/airflow/example_dags/tutorial.py
[2024-10-15 21:25:05,334] {logging_mixin.py:115} INFO - [2024-10-15 21:25:05,334] {dag.py:2379} INFO - Sync 1 DAGs
[2024-10-15 21:25:05,348] {logging_mixin.py:115} INFO - [2024-10-15 21:25:05,348] {dag.py:2927} INFO - Setting next_dagrun for tutorial to 2024-10-15T00:25:05.348433+00:00, run_after=2024-10-16T00:25:05.348433+00:00
[2024-10-15 21:25:05,363] {processor.py:161} INFO - Processing /home/luan-capella/Documentos/curso_airflow/airflowalura/venv/lib/python3.9/site-packages/airflow/example_dags/tutorial.py took 0.054 seconds
[2024-10-15 21:25:42,027] {processor.py:153} INFO - Started process (PID=10018) to work on /home/luan-capella/Documentos/curso_airflow/airflowalura/venv/lib/python3.9/site-packages/airflow/example_dags/tutorial.py
[2024-10-15 21:25:42,028] {processor.py:641} INFO - Processing file /home/luan-capella/Documentos/curso_airflow/airflowalura/venv/lib/python3.9/site-packages/airflow/example_dags/tutorial.py for tasks to queue
[2024-10-15 21:25:42,028] {logging_mixin.py:115} INFO - [2024-10-15 21:25:42,028] {dagbag.py:507} INFO - Filling up the DagBag from /home/luan-capella/Documentos/curso_airflow/airflowalura/venv/lib/python3.9/site-packages/airflow/example_dags/tutorial.py
[2024-10-15 21:25:42,033] {processor.py:651} INFO - DAG(s) dict_keys(['tutorial']) retrieved from /home/luan-capella/Documentos/curso_airflow/airflowalura/venv/lib/python3.9/site-packages/airflow/example_dags/tutorial.py
[2024-10-15 21:25:42,045] {logging_mixin.py:115} INFO - [2024-10-15 21:25:42,045] {dag.py:2379} INFO - Sync 1 DAGs
[2024-10-15 21:25:42,059] {logging_mixin.py:115} INFO - [2024-10-15 21:25:42,059] {dag.py:2927} INFO - Setting next_dagrun for tutorial to 2024-10-15T00:25:42.059653+00:00, run_after=2024-10-16T00:25:42.059653+00:00
[2024-10-15 21:25:42,075] {processor.py:161} INFO - Processing /home/luan-capella/Documentos/curso_airflow/airflowalura/venv/lib/python3.9/site-packages/airflow/example_dags/tutorial.py took 0.053 seconds
[2024-10-15 21:26:16,654] {processor.py:153} INFO - Started process (PID=10188) to work on /home/luan-capella/Documentos/curso_airflow/airflowalura/venv/lib/python3.9/site-packages/airflow/example_dags/tutorial.py
[2024-10-15 21:26:16,654] {processor.py:641} INFO - Processing file /home/luan-capella/Documentos/curso_airflow/airflowalura/venv/lib/python3.9/site-packages/airflow/example_dags/tutorial.py for tasks to queue
[2024-10-15 21:26:16,655] {logging_mixin.py:115} INFO - [2024-10-15 21:26:16,655] {dagbag.py:507} INFO - Filling up the DagBag from /home/luan-capella/Documentos/curso_airflow/airflowalura/venv/lib/python3.9/site-packages/airflow/example_dags/tutorial.py
[2024-10-15 21:26:16,660] {processor.py:651} INFO - DAG(s) dict_keys(['tutorial']) retrieved from /home/luan-capella/Documentos/curso_airflow/airflowalura/venv/lib/python3.9/site-packages/airflow/example_dags/tutorial.py
[2024-10-15 21:26:16,675] {logging_mixin.py:115} INFO - [2024-10-15 21:26:16,675] {dag.py:2379} INFO - Sync 1 DAGs
[2024-10-15 21:26:16,688] {logging_mixin.py:115} INFO - [2024-10-15 21:26:16,688] {dag.py:2927} INFO - Setting next_dagrun for tutorial to 2024-10-15T00:26:16.687835+00:00, run_after=2024-10-16T00:26:16.687835+00:00
[2024-10-15 21:26:16,701] {processor.py:161} INFO - Processing /home/luan-capella/Documentos/curso_airflow/airflowalura/venv/lib/python3.9/site-packages/airflow/example_dags/tutorial.py took 0.050 seconds
[2024-10-15 21:26:52,207] {processor.py:153} INFO - Started process (PID=10342) to work on /home/luan-capella/Documentos/curso_airflow/airflowalura/venv/lib/python3.9/site-packages/airflow/example_dags/tutorial.py
[2024-10-15 21:26:52,208] {processor.py:641} INFO - Processing file /home/luan-capella/Documentos/curso_airflow/airflowalura/venv/lib/python3.9/site-packages/airflow/example_dags/tutorial.py for tasks to queue
[2024-10-15 21:26:52,208] {logging_mixin.py:115} INFO - [2024-10-15 21:26:52,208] {dagbag.py:507} INFO - Filling up the DagBag from /home/luan-capella/Documentos/curso_airflow/airflowalura/venv/lib/python3.9/site-packages/airflow/example_dags/tutorial.py
[2024-10-15 21:26:52,213] {processor.py:651} INFO - DAG(s) dict_keys(['tutorial']) retrieved from /home/luan-capella/Documentos/curso_airflow/airflowalura/venv/lib/python3.9/site-packages/airflow/example_dags/tutorial.py
[2024-10-15 21:26:52,225] {logging_mixin.py:115} INFO - [2024-10-15 21:26:52,225] {dag.py:2379} INFO - Sync 1 DAGs
[2024-10-15 21:26:52,241] {logging_mixin.py:115} INFO - [2024-10-15 21:26:52,241] {dag.py:2927} INFO - Setting next_dagrun for tutorial to 2024-10-15T00:26:52.240920+00:00, run_after=2024-10-16T00:26:52.240920+00:00
[2024-10-15 21:26:52,254] {processor.py:161} INFO - Processing /home/luan-capella/Documentos/curso_airflow/airflowalura/venv/lib/python3.9/site-packages/airflow/example_dags/tutorial.py took 0.049 seconds
[2024-10-15 21:27:27,964] {processor.py:153} INFO - Started process (PID=10562) to work on /home/luan-capella/Documentos/curso_airflow/airflowalura/venv/lib/python3.9/site-packages/airflow/example_dags/tutorial.py
[2024-10-15 21:27:27,966] {processor.py:641} INFO - Processing file /home/luan-capella/Documentos/curso_airflow/airflowalura/venv/lib/python3.9/site-packages/airflow/example_dags/tutorial.py for tasks to queue
[2024-10-15 21:27:27,967] {logging_mixin.py:115} INFO - [2024-10-15 21:27:27,966] {dagbag.py:507} INFO - Filling up the DagBag from /home/luan-capella/Documentos/curso_airflow/airflowalura/venv/lib/python3.9/site-packages/airflow/example_dags/tutorial.py
[2024-10-15 21:27:27,974] {processor.py:651} INFO - DAG(s) dict_keys(['tutorial']) retrieved from /home/luan-capella/Documentos/curso_airflow/airflowalura/venv/lib/python3.9/site-packages/airflow/example_dags/tutorial.py
[2024-10-15 21:27:27,986] {logging_mixin.py:115} INFO - [2024-10-15 21:27:27,986] {dag.py:2379} INFO - Sync 1 DAGs
[2024-10-15 21:27:27,999] {logging_mixin.py:115} INFO - [2024-10-15 21:27:27,999] {dag.py:2927} INFO - Setting next_dagrun for tutorial to 2024-10-15T00:27:27.999498+00:00, run_after=2024-10-16T00:27:27.999498+00:00
[2024-10-15 21:27:28,011] {processor.py:161} INFO - Processing /home/luan-capella/Documentos/curso_airflow/airflowalura/venv/lib/python3.9/site-packages/airflow/example_dags/tutorial.py took 0.052 seconds
[2024-10-15 21:28:04,034] {processor.py:153} INFO - Started process (PID=10774) to work on /home/luan-capella/Documentos/curso_airflow/airflowalura/venv/lib/python3.9/site-packages/airflow/example_dags/tutorial.py
[2024-10-15 21:28:04,034] {processor.py:641} INFO - Processing file /home/luan-capella/Documentos/curso_airflow/airflowalura/venv/lib/python3.9/site-packages/airflow/example_dags/tutorial.py for tasks to queue
[2024-10-15 21:28:04,035] {logging_mixin.py:115} INFO - [2024-10-15 21:28:04,035] {dagbag.py:507} INFO - Filling up the DagBag from /home/luan-capella/Documentos/curso_airflow/airflowalura/venv/lib/python3.9/site-packages/airflow/example_dags/tutorial.py
[2024-10-15 21:28:04,039] {processor.py:651} INFO - DAG(s) dict_keys(['tutorial']) retrieved from /home/luan-capella/Documentos/curso_airflow/airflowalura/venv/lib/python3.9/site-packages/airflow/example_dags/tutorial.py
[2024-10-15 21:28:04,054] {logging_mixin.py:115} INFO - [2024-10-15 21:28:04,054] {dag.py:2379} INFO - Sync 1 DAGs
[2024-10-15 21:28:04,068] {logging_mixin.py:115} INFO - [2024-10-15 21:28:04,068] {dag.py:2927} INFO - Setting next_dagrun for tutorial to 2024-10-15T00:28:04.068282+00:00, run_after=2024-10-16T00:28:04.068282+00:00
[2024-10-15 21:28:04,082] {processor.py:161} INFO - Processing /home/luan-capella/Documentos/curso_airflow/airflowalura/venv/lib/python3.9/site-packages/airflow/example_dags/tutorial.py took 0.051 seconds
[2024-10-15 21:28:40,234] {processor.py:153} INFO - Started process (PID=10982) to work on /home/luan-capella/Documentos/curso_airflow/airflowalura/venv/lib/python3.9/site-packages/airflow/example_dags/tutorial.py
[2024-10-15 21:28:40,235] {processor.py:641} INFO - Processing file /home/luan-capella/Documentos/curso_airflow/airflowalura/venv/lib/python3.9/site-packages/airflow/example_dags/tutorial.py for tasks to queue
[2024-10-15 21:28:40,235] {logging_mixin.py:115} INFO - [2024-10-15 21:28:40,235] {dagbag.py:507} INFO - Filling up the DagBag from /home/luan-capella/Documentos/curso_airflow/airflowalura/venv/lib/python3.9/site-packages/airflow/example_dags/tutorial.py
[2024-10-15 21:28:40,241] {processor.py:651} INFO - DAG(s) dict_keys(['tutorial']) retrieved from /home/luan-capella/Documentos/curso_airflow/airflowalura/venv/lib/python3.9/site-packages/airflow/example_dags/tutorial.py
[2024-10-15 21:28:40,254] {logging_mixin.py:115} INFO - [2024-10-15 21:28:40,254] {dag.py:2379} INFO - Sync 1 DAGs
[2024-10-15 21:28:40,267] {logging_mixin.py:115} INFO - [2024-10-15 21:28:40,267] {dag.py:2927} INFO - Setting next_dagrun for tutorial to 2024-10-15T00:28:40.267030+00:00, run_after=2024-10-16T00:28:40.267030+00:00
[2024-10-15 21:28:40,284] {processor.py:161} INFO - Processing /home/luan-capella/Documentos/curso_airflow/airflowalura/venv/lib/python3.9/site-packages/airflow/example_dags/tutorial.py took 0.052 seconds
[2024-10-15 21:29:15,645] {processor.py:153} INFO - Started process (PID=11158) to work on /home/luan-capella/Documentos/curso_airflow/airflowalura/venv/lib/python3.9/site-packages/airflow/example_dags/tutorial.py
[2024-10-15 21:29:15,646] {processor.py:641} INFO - Processing file /home/luan-capella/Documentos/curso_airflow/airflowalura/venv/lib/python3.9/site-packages/airflow/example_dags/tutorial.py for tasks to queue
[2024-10-15 21:29:15,646] {logging_mixin.py:115} INFO - [2024-10-15 21:29:15,646] {dagbag.py:507} INFO - Filling up the DagBag from /home/luan-capella/Documentos/curso_airflow/airflowalura/venv/lib/python3.9/site-packages/airflow/example_dags/tutorial.py
[2024-10-15 21:29:15,651] {processor.py:651} INFO - DAG(s) dict_keys(['tutorial']) retrieved from /home/luan-capella/Documentos/curso_airflow/airflowalura/venv/lib/python3.9/site-packages/airflow/example_dags/tutorial.py
[2024-10-15 21:29:15,664] {logging_mixin.py:115} INFO - [2024-10-15 21:29:15,664] {dag.py:2379} INFO - Sync 1 DAGs
[2024-10-15 21:29:15,676] {logging_mixin.py:115} INFO - [2024-10-15 21:29:15,676] {dag.py:2927} INFO - Setting next_dagrun for tutorial to 2024-10-15T00:29:15.676461+00:00, run_after=2024-10-16T00:29:15.676461+00:00
[2024-10-15 21:29:15,692] {processor.py:161} INFO - Processing /home/luan-capella/Documentos/curso_airflow/airflowalura/venv/lib/python3.9/site-packages/airflow/example_dags/tutorial.py took 0.048 seconds
