[2024-10-15 21:23:50,597] {processor.py:153} INFO - Started process (PID=9422) to work on /home/luan-capella/Documentos/curso_airflow/airflowalura/venv/lib/python3.9/site-packages/airflow/example_dags/tutorial_etl_dag.py
[2024-10-15 21:23:50,597] {processor.py:641} INFO - Processing file /home/luan-capella/Documentos/curso_airflow/airflowalura/venv/lib/python3.9/site-packages/airflow/example_dags/tutorial_etl_dag.py for tasks to queue
[2024-10-15 21:23:50,598] {logging_mixin.py:115} INFO - [2024-10-15 21:23:50,598] {dagbag.py:507} INFO - Filling up the DagBag from /home/luan-capella/Documentos/curso_airflow/airflowalura/venv/lib/python3.9/site-packages/airflow/example_dags/tutorial_etl_dag.py
[2024-10-15 21:23:50,604] {processor.py:651} INFO - DAG(s) dict_keys(['tutorial_etl_dag']) retrieved from /home/luan-capella/Documentos/curso_airflow/airflowalura/venv/lib/python3.9/site-packages/airflow/example_dags/tutorial_etl_dag.py
[2024-10-15 21:23:50,617] {logging_mixin.py:115} INFO - [2024-10-15 21:23:50,617] {dag.py:2379} INFO - Sync 1 DAGs
[2024-10-15 21:23:50,630] {logging_mixin.py:115} INFO - [2024-10-15 21:23:50,630] {dag.py:2927} INFO - Setting next_dagrun for tutorial_etl_dag to None, run_after=None
[2024-10-15 21:23:50,642] {processor.py:161} INFO - Processing /home/luan-capella/Documentos/curso_airflow/airflowalura/venv/lib/python3.9/site-packages/airflow/example_dags/tutorial_etl_dag.py took 0.050 seconds
[2024-10-15 21:24:27,558] {processor.py:153} INFO - Started process (PID=9589) to work on /home/luan-capella/Documentos/curso_airflow/airflowalura/venv/lib/python3.9/site-packages/airflow/example_dags/tutorial_etl_dag.py
[2024-10-15 21:24:27,560] {processor.py:641} INFO - Processing file /home/luan-capella/Documentos/curso_airflow/airflowalura/venv/lib/python3.9/site-packages/airflow/example_dags/tutorial_etl_dag.py for tasks to queue
[2024-10-15 21:24:27,560] {logging_mixin.py:115} INFO - [2024-10-15 21:24:27,560] {dagbag.py:507} INFO - Filling up the DagBag from /home/luan-capella/Documentos/curso_airflow/airflowalura/venv/lib/python3.9/site-packages/airflow/example_dags/tutorial_etl_dag.py
[2024-10-15 21:24:27,569] {processor.py:651} INFO - DAG(s) dict_keys(['tutorial_etl_dag']) retrieved from /home/luan-capella/Documentos/curso_airflow/airflowalura/venv/lib/python3.9/site-packages/airflow/example_dags/tutorial_etl_dag.py
[2024-10-15 21:24:27,581] {logging_mixin.py:115} INFO - [2024-10-15 21:24:27,581] {dag.py:2379} INFO - Sync 1 DAGs
[2024-10-15 21:24:27,594] {logging_mixin.py:115} INFO - [2024-10-15 21:24:27,594] {dag.py:2927} INFO - Setting next_dagrun for tutorial_etl_dag to None, run_after=None
[2024-10-15 21:24:27,606] {processor.py:161} INFO - Processing /home/luan-capella/Documentos/curso_airflow/airflowalura/venv/lib/python3.9/site-packages/airflow/example_dags/tutorial_etl_dag.py took 0.053 seconds
[2024-10-15 21:25:04,158] {processor.py:153} INFO - Started process (PID=9764) to work on /home/luan-capella/Documentos/curso_airflow/airflowalura/venv/lib/python3.9/site-packages/airflow/example_dags/tutorial_etl_dag.py
[2024-10-15 21:25:04,159] {processor.py:641} INFO - Processing file /home/luan-capella/Documentos/curso_airflow/airflowalura/venv/lib/python3.9/site-packages/airflow/example_dags/tutorial_etl_dag.py for tasks to queue
[2024-10-15 21:25:04,160] {logging_mixin.py:115} INFO - [2024-10-15 21:25:04,159] {dagbag.py:507} INFO - Filling up the DagBag from /home/luan-capella/Documentos/curso_airflow/airflowalura/venv/lib/python3.9/site-packages/airflow/example_dags/tutorial_etl_dag.py
[2024-10-15 21:25:04,168] {processor.py:651} INFO - DAG(s) dict_keys(['tutorial_etl_dag']) retrieved from /home/luan-capella/Documentos/curso_airflow/airflowalura/venv/lib/python3.9/site-packages/airflow/example_dags/tutorial_etl_dag.py
[2024-10-15 21:25:04,187] {logging_mixin.py:115} INFO - [2024-10-15 21:25:04,187] {dag.py:2379} INFO - Sync 1 DAGs
[2024-10-15 21:25:04,205] {logging_mixin.py:115} INFO - [2024-10-15 21:25:04,205] {dag.py:2927} INFO - Setting next_dagrun for tutorial_etl_dag to None, run_after=None
[2024-10-15 21:25:04,220] {processor.py:161} INFO - Processing /home/luan-capella/Documentos/curso_airflow/airflowalura/venv/lib/python3.9/site-packages/airflow/example_dags/tutorial_etl_dag.py took 0.066 seconds
[2024-10-15 21:25:41,489] {processor.py:153} INFO - Started process (PID=10014) to work on /home/luan-capella/Documentos/curso_airflow/airflowalura/venv/lib/python3.9/site-packages/airflow/example_dags/tutorial_etl_dag.py
[2024-10-15 21:25:41,490] {processor.py:641} INFO - Processing file /home/luan-capella/Documentos/curso_airflow/airflowalura/venv/lib/python3.9/site-packages/airflow/example_dags/tutorial_etl_dag.py for tasks to queue
[2024-10-15 21:25:41,491] {logging_mixin.py:115} INFO - [2024-10-15 21:25:41,490] {dagbag.py:507} INFO - Filling up the DagBag from /home/luan-capella/Documentos/curso_airflow/airflowalura/venv/lib/python3.9/site-packages/airflow/example_dags/tutorial_etl_dag.py
[2024-10-15 21:25:41,498] {processor.py:651} INFO - DAG(s) dict_keys(['tutorial_etl_dag']) retrieved from /home/luan-capella/Documentos/curso_airflow/airflowalura/venv/lib/python3.9/site-packages/airflow/example_dags/tutorial_etl_dag.py
[2024-10-15 21:25:41,512] {logging_mixin.py:115} INFO - [2024-10-15 21:25:41,512] {dag.py:2379} INFO - Sync 1 DAGs
[2024-10-15 21:25:41,525] {logging_mixin.py:115} INFO - [2024-10-15 21:25:41,525] {dag.py:2927} INFO - Setting next_dagrun for tutorial_etl_dag to None, run_after=None
[2024-10-15 21:25:41,539] {processor.py:161} INFO - Processing /home/luan-capella/Documentos/curso_airflow/airflowalura/venv/lib/python3.9/site-packages/airflow/example_dags/tutorial_etl_dag.py took 0.052 seconds
[2024-10-15 21:26:15,504] {processor.py:153} INFO - Started process (PID=10184) to work on /home/luan-capella/Documentos/curso_airflow/airflowalura/venv/lib/python3.9/site-packages/airflow/example_dags/tutorial_etl_dag.py
[2024-10-15 21:26:15,504] {processor.py:641} INFO - Processing file /home/luan-capella/Documentos/curso_airflow/airflowalura/venv/lib/python3.9/site-packages/airflow/example_dags/tutorial_etl_dag.py for tasks to queue
[2024-10-15 21:26:15,505] {logging_mixin.py:115} INFO - [2024-10-15 21:26:15,505] {dagbag.py:507} INFO - Filling up the DagBag from /home/luan-capella/Documentos/curso_airflow/airflowalura/venv/lib/python3.9/site-packages/airflow/example_dags/tutorial_etl_dag.py
[2024-10-15 21:26:15,513] {processor.py:651} INFO - DAG(s) dict_keys(['tutorial_etl_dag']) retrieved from /home/luan-capella/Documentos/curso_airflow/airflowalura/venv/lib/python3.9/site-packages/airflow/example_dags/tutorial_etl_dag.py
[2024-10-15 21:26:15,529] {logging_mixin.py:115} INFO - [2024-10-15 21:26:15,529] {dag.py:2379} INFO - Sync 1 DAGs
[2024-10-15 21:26:15,541] {logging_mixin.py:115} INFO - [2024-10-15 21:26:15,541] {dag.py:2927} INFO - Setting next_dagrun for tutorial_etl_dag to None, run_after=None
[2024-10-15 21:26:15,553] {processor.py:161} INFO - Processing /home/luan-capella/Documentos/curso_airflow/airflowalura/venv/lib/python3.9/site-packages/airflow/example_dags/tutorial_etl_dag.py took 0.052 seconds
[2024-10-15 21:26:48,785] {processor.py:153} INFO - Started process (PID=10325) to work on /home/luan-capella/Documentos/curso_airflow/airflowalura/venv/lib/python3.9/site-packages/airflow/example_dags/tutorial_etl_dag.py
[2024-10-15 21:26:48,786] {processor.py:641} INFO - Processing file /home/luan-capella/Documentos/curso_airflow/airflowalura/venv/lib/python3.9/site-packages/airflow/example_dags/tutorial_etl_dag.py for tasks to queue
[2024-10-15 21:26:48,786] {logging_mixin.py:115} INFO - [2024-10-15 21:26:48,786] {dagbag.py:507} INFO - Filling up the DagBag from /home/luan-capella/Documentos/curso_airflow/airflowalura/venv/lib/python3.9/site-packages/airflow/example_dags/tutorial_etl_dag.py
[2024-10-15 21:26:48,793] {processor.py:651} INFO - DAG(s) dict_keys(['tutorial_etl_dag']) retrieved from /home/luan-capella/Documentos/curso_airflow/airflowalura/venv/lib/python3.9/site-packages/airflow/example_dags/tutorial_etl_dag.py
[2024-10-15 21:26:48,806] {logging_mixin.py:115} INFO - [2024-10-15 21:26:48,806] {dag.py:2379} INFO - Sync 1 DAGs
[2024-10-15 21:26:48,819] {logging_mixin.py:115} INFO - [2024-10-15 21:26:48,819] {dag.py:2927} INFO - Setting next_dagrun for tutorial_etl_dag to None, run_after=None
[2024-10-15 21:26:48,832] {processor.py:161} INFO - Processing /home/luan-capella/Documentos/curso_airflow/airflowalura/venv/lib/python3.9/site-packages/airflow/example_dags/tutorial_etl_dag.py took 0.050 seconds
[2024-10-15 21:27:27,669] {processor.py:153} INFO - Started process (PID=10558) to work on /home/luan-capella/Documentos/curso_airflow/airflowalura/venv/lib/python3.9/site-packages/airflow/example_dags/tutorial_etl_dag.py
[2024-10-15 21:27:27,669] {processor.py:641} INFO - Processing file /home/luan-capella/Documentos/curso_airflow/airflowalura/venv/lib/python3.9/site-packages/airflow/example_dags/tutorial_etl_dag.py for tasks to queue
[2024-10-15 21:27:27,670] {logging_mixin.py:115} INFO - [2024-10-15 21:27:27,670] {dagbag.py:507} INFO - Filling up the DagBag from /home/luan-capella/Documentos/curso_airflow/airflowalura/venv/lib/python3.9/site-packages/airflow/example_dags/tutorial_etl_dag.py
[2024-10-15 21:27:27,676] {processor.py:651} INFO - DAG(s) dict_keys(['tutorial_etl_dag']) retrieved from /home/luan-capella/Documentos/curso_airflow/airflowalura/venv/lib/python3.9/site-packages/airflow/example_dags/tutorial_etl_dag.py
[2024-10-15 21:27:27,687] {logging_mixin.py:115} INFO - [2024-10-15 21:27:27,687] {dag.py:2379} INFO - Sync 1 DAGs
[2024-10-15 21:27:27,699] {logging_mixin.py:115} INFO - [2024-10-15 21:27:27,699] {dag.py:2927} INFO - Setting next_dagrun for tutorial_etl_dag to None, run_after=None
[2024-10-15 21:27:27,712] {processor.py:161} INFO - Processing /home/luan-capella/Documentos/curso_airflow/airflowalura/venv/lib/python3.9/site-packages/airflow/example_dags/tutorial_etl_dag.py took 0.047 seconds
[2024-10-15 21:28:02,902] {processor.py:153} INFO - Started process (PID=10771) to work on /home/luan-capella/Documentos/curso_airflow/airflowalura/venv/lib/python3.9/site-packages/airflow/example_dags/tutorial_etl_dag.py
[2024-10-15 21:28:02,903] {processor.py:641} INFO - Processing file /home/luan-capella/Documentos/curso_airflow/airflowalura/venv/lib/python3.9/site-packages/airflow/example_dags/tutorial_etl_dag.py for tasks to queue
[2024-10-15 21:28:02,903] {logging_mixin.py:115} INFO - [2024-10-15 21:28:02,903] {dagbag.py:507} INFO - Filling up the DagBag from /home/luan-capella/Documentos/curso_airflow/airflowalura/venv/lib/python3.9/site-packages/airflow/example_dags/tutorial_etl_dag.py
[2024-10-15 21:28:02,910] {processor.py:651} INFO - DAG(s) dict_keys(['tutorial_etl_dag']) retrieved from /home/luan-capella/Documentos/curso_airflow/airflowalura/venv/lib/python3.9/site-packages/airflow/example_dags/tutorial_etl_dag.py
[2024-10-15 21:28:02,925] {logging_mixin.py:115} INFO - [2024-10-15 21:28:02,925] {dag.py:2379} INFO - Sync 1 DAGs
[2024-10-15 21:28:02,942] {logging_mixin.py:115} INFO - [2024-10-15 21:28:02,942] {dag.py:2927} INFO - Setting next_dagrun for tutorial_etl_dag to None, run_after=None
[2024-10-15 21:28:02,962] {processor.py:161} INFO - Processing /home/luan-capella/Documentos/curso_airflow/airflowalura/venv/lib/python3.9/site-packages/airflow/example_dags/tutorial_etl_dag.py took 0.063 seconds
[2024-10-15 21:28:39,103] {processor.py:153} INFO - Started process (PID=10975) to work on /home/luan-capella/Documentos/curso_airflow/airflowalura/venv/lib/python3.9/site-packages/airflow/example_dags/tutorial_etl_dag.py
[2024-10-15 21:28:39,103] {processor.py:641} INFO - Processing file /home/luan-capella/Documentos/curso_airflow/airflowalura/venv/lib/python3.9/site-packages/airflow/example_dags/tutorial_etl_dag.py for tasks to queue
[2024-10-15 21:28:39,104] {logging_mixin.py:115} INFO - [2024-10-15 21:28:39,104] {dagbag.py:507} INFO - Filling up the DagBag from /home/luan-capella/Documentos/curso_airflow/airflowalura/venv/lib/python3.9/site-packages/airflow/example_dags/tutorial_etl_dag.py
[2024-10-15 21:28:39,111] {processor.py:651} INFO - DAG(s) dict_keys(['tutorial_etl_dag']) retrieved from /home/luan-capella/Documentos/curso_airflow/airflowalura/venv/lib/python3.9/site-packages/airflow/example_dags/tutorial_etl_dag.py
[2024-10-15 21:28:39,126] {logging_mixin.py:115} INFO - [2024-10-15 21:28:39,126] {dag.py:2379} INFO - Sync 1 DAGs
[2024-10-15 21:28:39,139] {logging_mixin.py:115} INFO - [2024-10-15 21:28:39,139] {dag.py:2927} INFO - Setting next_dagrun for tutorial_etl_dag to None, run_after=None
[2024-10-15 21:28:39,150] {processor.py:161} INFO - Processing /home/luan-capella/Documentos/curso_airflow/airflowalura/venv/lib/python3.9/site-packages/airflow/example_dags/tutorial_etl_dag.py took 0.051 seconds
[2024-10-15 21:29:15,202] {processor.py:153} INFO - Started process (PID=11156) to work on /home/luan-capella/Documentos/curso_airflow/airflowalura/venv/lib/python3.9/site-packages/airflow/example_dags/tutorial_etl_dag.py
[2024-10-15 21:29:15,203] {processor.py:641} INFO - Processing file /home/luan-capella/Documentos/curso_airflow/airflowalura/venv/lib/python3.9/site-packages/airflow/example_dags/tutorial_etl_dag.py for tasks to queue
[2024-10-15 21:29:15,203] {logging_mixin.py:115} INFO - [2024-10-15 21:29:15,203] {dagbag.py:507} INFO - Filling up the DagBag from /home/luan-capella/Documentos/curso_airflow/airflowalura/venv/lib/python3.9/site-packages/airflow/example_dags/tutorial_etl_dag.py
[2024-10-15 21:29:15,212] {processor.py:651} INFO - DAG(s) dict_keys(['tutorial_etl_dag']) retrieved from /home/luan-capella/Documentos/curso_airflow/airflowalura/venv/lib/python3.9/site-packages/airflow/example_dags/tutorial_etl_dag.py
[2024-10-15 21:29:15,225] {logging_mixin.py:115} INFO - [2024-10-15 21:29:15,225] {dag.py:2379} INFO - Sync 1 DAGs
[2024-10-15 21:29:15,238] {logging_mixin.py:115} INFO - [2024-10-15 21:29:15,238] {dag.py:2927} INFO - Setting next_dagrun for tutorial_etl_dag to None, run_after=None
[2024-10-15 21:29:15,251] {processor.py:161} INFO - Processing /home/luan-capella/Documentos/curso_airflow/airflowalura/venv/lib/python3.9/site-packages/airflow/example_dags/tutorial_etl_dag.py took 0.053 seconds
