[2025-02-06 19:04:42,713] {processor.py:153} INFO - Started process (PID=7105) to work on /home/luan-capella/Documentos/curso_airflow/airflowalura/venv/lib/python3.9/site-packages/airflow/example_dags/example_subdag_operator.py
[2025-02-06 19:04:42,714] {processor.py:641} INFO - Processing file /home/luan-capella/Documentos/curso_airflow/airflowalura/venv/lib/python3.9/site-packages/airflow/example_dags/example_subdag_operator.py for tasks to queue
[2025-02-06 19:04:42,714] {logging_mixin.py:115} INFO - [2025-02-06 19:04:42,714] {dagbag.py:507} INFO - Filling up the DagBag from /home/luan-capella/Documentos/curso_airflow/airflowalura/venv/lib/python3.9/site-packages/airflow/example_dags/example_subdag_operator.py
[2025-02-06 19:04:42,732] {processor.py:651} INFO - DAG(s) dict_keys(['example_subdag_operator.section-1', 'example_subdag_operator.section-2', 'example_subdag_operator']) retrieved from /home/luan-capella/Documentos/curso_airflow/airflowalura/venv/lib/python3.9/site-packages/airflow/example_dags/example_subdag_operator.py
[2025-02-06 19:04:42,746] {logging_mixin.py:115} INFO - [2025-02-06 19:04:42,745] {dag.py:2379} INFO - Sync 3 DAGs
[2025-02-06 19:04:42,758] {logging_mixin.py:115} INFO - [2025-02-06 19:04:42,758] {dag.py:2927} INFO - Setting next_dagrun for example_subdag_operator to 2022-01-01T00:00:00+00:00, run_after=2022-01-01T00:00:00+00:00
[2025-02-06 19:04:42,758] {logging_mixin.py:115} INFO - [2025-02-06 19:04:42,758] {dag.py:2927} INFO - Setting next_dagrun for example_subdag_operator.section-1 to None, run_after=None
[2025-02-06 19:04:42,758] {logging_mixin.py:115} INFO - [2025-02-06 19:04:42,758] {dag.py:2927} INFO - Setting next_dagrun for example_subdag_operator.section-2 to None, run_after=None
[2025-02-06 19:04:42,762] {logging_mixin.py:115} INFO - [2025-02-06 19:04:42,761] {dag.py:2379} INFO - Sync 2 DAGs
[2025-02-06 19:04:42,764] {logging_mixin.py:115} INFO - [2025-02-06 19:04:42,764] {dag.py:2927} INFO - Setting next_dagrun for example_subdag_operator.section-1 to None, run_after=None
[2025-02-06 19:04:42,764] {logging_mixin.py:115} INFO - [2025-02-06 19:04:42,764] {dag.py:2927} INFO - Setting next_dagrun for example_subdag_operator.section-2 to None, run_after=None
[2025-02-06 19:04:42,774] {processor.py:161} INFO - Processing /home/luan-capella/Documentos/curso_airflow/airflowalura/venv/lib/python3.9/site-packages/airflow/example_dags/example_subdag_operator.py took 0.066 seconds
[2025-02-06 19:43:15,737] {processor.py:153} INFO - Started process (PID=14315) to work on /home/luan-capella/Documentos/curso_airflow/airflowalura/venv/lib/python3.9/site-packages/airflow/example_dags/example_subdag_operator.py
[2025-02-06 19:43:15,737] {processor.py:641} INFO - Processing file /home/luan-capella/Documentos/curso_airflow/airflowalura/venv/lib/python3.9/site-packages/airflow/example_dags/example_subdag_operator.py for tasks to queue
[2025-02-06 19:43:15,738] {logging_mixin.py:115} INFO - [2025-02-06 19:43:15,738] {dagbag.py:507} INFO - Filling up the DagBag from /home/luan-capella/Documentos/curso_airflow/airflowalura/venv/lib/python3.9/site-packages/airflow/example_dags/example_subdag_operator.py
[2025-02-06 19:43:15,758] {processor.py:651} INFO - DAG(s) dict_keys(['example_subdag_operator.section-1', 'example_subdag_operator.section-2', 'example_subdag_operator']) retrieved from /home/luan-capella/Documentos/curso_airflow/airflowalura/venv/lib/python3.9/site-packages/airflow/example_dags/example_subdag_operator.py
[2025-02-06 19:43:15,773] {logging_mixin.py:115} INFO - [2025-02-06 19:43:15,773] {dag.py:2379} INFO - Sync 3 DAGs
[2025-02-06 19:43:15,788] {logging_mixin.py:115} INFO - [2025-02-06 19:43:15,788] {dag.py:2927} INFO - Setting next_dagrun for example_subdag_operator to 2022-01-01T00:00:00+00:00, run_after=2022-01-01T00:00:00+00:00
[2025-02-06 19:43:15,788] {logging_mixin.py:115} INFO - [2025-02-06 19:43:15,788] {dag.py:2927} INFO - Setting next_dagrun for example_subdag_operator.section-1 to None, run_after=None
[2025-02-06 19:43:15,788] {logging_mixin.py:115} INFO - [2025-02-06 19:43:15,788] {dag.py:2927} INFO - Setting next_dagrun for example_subdag_operator.section-2 to None, run_after=None
[2025-02-06 19:43:15,793] {logging_mixin.py:115} INFO - [2025-02-06 19:43:15,793] {dag.py:2379} INFO - Sync 2 DAGs
[2025-02-06 19:43:15,796] {logging_mixin.py:115} INFO - [2025-02-06 19:43:15,796] {dag.py:2927} INFO - Setting next_dagrun for example_subdag_operator.section-1 to None, run_after=None
[2025-02-06 19:43:15,796] {logging_mixin.py:115} INFO - [2025-02-06 19:43:15,796] {dag.py:2927} INFO - Setting next_dagrun for example_subdag_operator.section-2 to None, run_after=None
[2025-02-06 19:43:15,809] {processor.py:161} INFO - Processing /home/luan-capella/Documentos/curso_airflow/airflowalura/venv/lib/python3.9/site-packages/airflow/example_dags/example_subdag_operator.py took 0.075 seconds
[2025-02-06 19:43:51,025] {processor.py:153} INFO - Started process (PID=14519) to work on /home/luan-capella/Documentos/curso_airflow/airflowalura/venv/lib/python3.9/site-packages/airflow/example_dags/example_subdag_operator.py
[2025-02-06 19:43:51,027] {processor.py:641} INFO - Processing file /home/luan-capella/Documentos/curso_airflow/airflowalura/venv/lib/python3.9/site-packages/airflow/example_dags/example_subdag_operator.py for tasks to queue
[2025-02-06 19:43:51,028] {logging_mixin.py:115} INFO - [2025-02-06 19:43:51,027] {dagbag.py:507} INFO - Filling up the DagBag from /home/luan-capella/Documentos/curso_airflow/airflowalura/venv/lib/python3.9/site-packages/airflow/example_dags/example_subdag_operator.py
[2025-02-06 19:43:51,049] {processor.py:651} INFO - DAG(s) dict_keys(['example_subdag_operator.section-1', 'example_subdag_operator.section-2', 'example_subdag_operator']) retrieved from /home/luan-capella/Documentos/curso_airflow/airflowalura/venv/lib/python3.9/site-packages/airflow/example_dags/example_subdag_operator.py
[2025-02-06 19:43:51,063] {logging_mixin.py:115} INFO - [2025-02-06 19:43:51,063] {dag.py:2379} INFO - Sync 3 DAGs
[2025-02-06 19:43:51,078] {logging_mixin.py:115} INFO - [2025-02-06 19:43:51,078] {dag.py:2927} INFO - Setting next_dagrun for example_subdag_operator to 2022-01-01T00:00:00+00:00, run_after=2022-01-01T00:00:00+00:00
[2025-02-06 19:43:51,078] {logging_mixin.py:115} INFO - [2025-02-06 19:43:51,078] {dag.py:2927} INFO - Setting next_dagrun for example_subdag_operator.section-1 to None, run_after=None
[2025-02-06 19:43:51,078] {logging_mixin.py:115} INFO - [2025-02-06 19:43:51,078] {dag.py:2927} INFO - Setting next_dagrun for example_subdag_operator.section-2 to None, run_after=None
[2025-02-06 19:43:51,082] {logging_mixin.py:115} INFO - [2025-02-06 19:43:51,082] {dag.py:2379} INFO - Sync 2 DAGs
[2025-02-06 19:43:51,085] {logging_mixin.py:115} INFO - [2025-02-06 19:43:51,085] {dag.py:2927} INFO - Setting next_dagrun for example_subdag_operator.section-1 to None, run_after=None
[2025-02-06 19:43:51,085] {logging_mixin.py:115} INFO - [2025-02-06 19:43:51,085] {dag.py:2927} INFO - Setting next_dagrun for example_subdag_operator.section-2 to None, run_after=None
[2025-02-06 19:43:51,095] {processor.py:161} INFO - Processing /home/luan-capella/Documentos/curso_airflow/airflowalura/venv/lib/python3.9/site-packages/airflow/example_dags/example_subdag_operator.py took 0.075 seconds
[2025-02-06 19:44:27,078] {processor.py:153} INFO - Started process (PID=14694) to work on /home/luan-capella/Documentos/curso_airflow/airflowalura/venv/lib/python3.9/site-packages/airflow/example_dags/example_subdag_operator.py
[2025-02-06 19:44:27,079] {processor.py:641} INFO - Processing file /home/luan-capella/Documentos/curso_airflow/airflowalura/venv/lib/python3.9/site-packages/airflow/example_dags/example_subdag_operator.py for tasks to queue
[2025-02-06 19:44:27,079] {logging_mixin.py:115} INFO - [2025-02-06 19:44:27,079] {dagbag.py:507} INFO - Filling up the DagBag from /home/luan-capella/Documentos/curso_airflow/airflowalura/venv/lib/python3.9/site-packages/airflow/example_dags/example_subdag_operator.py
[2025-02-06 19:44:27,096] {processor.py:651} INFO - DAG(s) dict_keys(['example_subdag_operator.section-1', 'example_subdag_operator.section-2', 'example_subdag_operator']) retrieved from /home/luan-capella/Documentos/curso_airflow/airflowalura/venv/lib/python3.9/site-packages/airflow/example_dags/example_subdag_operator.py
[2025-02-06 19:44:27,110] {logging_mixin.py:115} INFO - [2025-02-06 19:44:27,110] {dag.py:2379} INFO - Sync 3 DAGs
[2025-02-06 19:44:27,123] {logging_mixin.py:115} INFO - [2025-02-06 19:44:27,123] {dag.py:2927} INFO - Setting next_dagrun for example_subdag_operator to 2022-01-01T00:00:00+00:00, run_after=2022-01-01T00:00:00+00:00
[2025-02-06 19:44:27,124] {logging_mixin.py:115} INFO - [2025-02-06 19:44:27,123] {dag.py:2927} INFO - Setting next_dagrun for example_subdag_operator.section-1 to None, run_after=None
[2025-02-06 19:44:27,124] {logging_mixin.py:115} INFO - [2025-02-06 19:44:27,124] {dag.py:2927} INFO - Setting next_dagrun for example_subdag_operator.section-2 to None, run_after=None
[2025-02-06 19:44:27,128] {logging_mixin.py:115} INFO - [2025-02-06 19:44:27,128] {dag.py:2379} INFO - Sync 2 DAGs
[2025-02-06 19:44:27,131] {logging_mixin.py:115} INFO - [2025-02-06 19:44:27,131] {dag.py:2927} INFO - Setting next_dagrun for example_subdag_operator.section-1 to None, run_after=None
[2025-02-06 19:44:27,131] {logging_mixin.py:115} INFO - [2025-02-06 19:44:27,131] {dag.py:2927} INFO - Setting next_dagrun for example_subdag_operator.section-2 to None, run_after=None
[2025-02-06 19:44:27,143] {processor.py:161} INFO - Processing /home/luan-capella/Documentos/curso_airflow/airflowalura/venv/lib/python3.9/site-packages/airflow/example_dags/example_subdag_operator.py took 0.067 seconds
