[2025-02-06 19:04:53,009] {processor.py:153} INFO - Started process (PID=7168) to work on /home/luan-capella/Documentos/curso_airflow/airflowalura/venv/lib/python3.9/site-packages/airflow/example_dags/example_latest_only.py
[2025-02-06 19:04:53,010] {processor.py:641} INFO - Processing file /home/luan-capella/Documentos/curso_airflow/airflowalura/venv/lib/python3.9/site-packages/airflow/example_dags/example_latest_only.py for tasks to queue
[2025-02-06 19:04:53,011] {logging_mixin.py:115} INFO - [2025-02-06 19:04:53,011] {dagbag.py:507} INFO - Filling up the DagBag from /home/luan-capella/Documentos/curso_airflow/airflowalura/venv/lib/python3.9/site-packages/airflow/example_dags/example_latest_only.py
[2025-02-06 19:04:53,018] {processor.py:651} INFO - DAG(s) dict_keys(['latest_only']) retrieved from /home/luan-capella/Documentos/curso_airflow/airflowalura/venv/lib/python3.9/site-packages/airflow/example_dags/example_latest_only.py
[2025-02-06 19:04:53,030] {logging_mixin.py:115} INFO - [2025-02-06 19:04:53,030] {dag.py:2379} INFO - Sync 1 DAGs
[2025-02-06 19:04:53,043] {logging_mixin.py:115} INFO - [2025-02-06 19:04:53,043] {dag.py:2927} INFO - Setting next_dagrun for latest_only to 2025-02-06T18:04:53.043321+00:00, run_after=2025-02-06T22:04:53.043321+00:00
[2025-02-06 19:04:53,055] {processor.py:161} INFO - Processing /home/luan-capella/Documentos/curso_airflow/airflowalura/venv/lib/python3.9/site-packages/airflow/example_dags/example_latest_only.py took 0.051 seconds
[2025-02-06 19:43:26,031] {processor.py:153} INFO - Started process (PID=14360) to work on /home/luan-capella/Documentos/curso_airflow/airflowalura/venv/lib/python3.9/site-packages/airflow/example_dags/example_latest_only.py
[2025-02-06 19:43:26,031] {processor.py:641} INFO - Processing file /home/luan-capella/Documentos/curso_airflow/airflowalura/venv/lib/python3.9/site-packages/airflow/example_dags/example_latest_only.py for tasks to queue
[2025-02-06 19:43:26,032] {logging_mixin.py:115} INFO - [2025-02-06 19:43:26,032] {dagbag.py:507} INFO - Filling up the DagBag from /home/luan-capella/Documentos/curso_airflow/airflowalura/venv/lib/python3.9/site-packages/airflow/example_dags/example_latest_only.py
[2025-02-06 19:43:26,036] {processor.py:651} INFO - DAG(s) dict_keys(['latest_only']) retrieved from /home/luan-capella/Documentos/curso_airflow/airflowalura/venv/lib/python3.9/site-packages/airflow/example_dags/example_latest_only.py
[2025-02-06 19:43:26,048] {logging_mixin.py:115} INFO - [2025-02-06 19:43:26,048] {dag.py:2379} INFO - Sync 1 DAGs
[2025-02-06 19:43:26,063] {logging_mixin.py:115} INFO - [2025-02-06 19:43:26,063] {dag.py:2927} INFO - Setting next_dagrun for latest_only to 2025-02-06T18:43:26.063028+00:00, run_after=2025-02-06T22:43:26.063028+00:00
[2025-02-06 19:43:26,076] {processor.py:161} INFO - Processing /home/luan-capella/Documentos/curso_airflow/airflowalura/venv/lib/python3.9/site-packages/airflow/example_dags/example_latest_only.py took 0.049 seconds
[2025-02-06 19:44:02,430] {processor.py:153} INFO - Started process (PID=14572) to work on /home/luan-capella/Documentos/curso_airflow/airflowalura/venv/lib/python3.9/site-packages/airflow/example_dags/example_latest_only.py
[2025-02-06 19:44:02,430] {processor.py:641} INFO - Processing file /home/luan-capella/Documentos/curso_airflow/airflowalura/venv/lib/python3.9/site-packages/airflow/example_dags/example_latest_only.py for tasks to queue
[2025-02-06 19:44:02,431] {logging_mixin.py:115} INFO - [2025-02-06 19:44:02,431] {dagbag.py:507} INFO - Filling up the DagBag from /home/luan-capella/Documentos/curso_airflow/airflowalura/venv/lib/python3.9/site-packages/airflow/example_dags/example_latest_only.py
[2025-02-06 19:44:02,435] {processor.py:651} INFO - DAG(s) dict_keys(['latest_only']) retrieved from /home/luan-capella/Documentos/curso_airflow/airflowalura/venv/lib/python3.9/site-packages/airflow/example_dags/example_latest_only.py
[2025-02-06 19:44:02,446] {logging_mixin.py:115} INFO - [2025-02-06 19:44:02,446] {dag.py:2379} INFO - Sync 1 DAGs
[2025-02-06 19:44:02,461] {logging_mixin.py:115} INFO - [2025-02-06 19:44:02,461] {dag.py:2927} INFO - Setting next_dagrun for latest_only to 2025-02-06T18:44:02.461114+00:00, run_after=2025-02-06T22:44:02.461114+00:00
[2025-02-06 19:44:02,473] {processor.py:161} INFO - Processing /home/luan-capella/Documentos/curso_airflow/airflowalura/venv/lib/python3.9/site-packages/airflow/example_dags/example_latest_only.py took 0.045 seconds
[2025-02-06 19:44:38,656] {processor.py:153} INFO - Started process (PID=14775) to work on /home/luan-capella/Documentos/curso_airflow/airflowalura/venv/lib/python3.9/site-packages/airflow/example_dags/example_latest_only.py
[2025-02-06 19:44:38,657] {processor.py:641} INFO - Processing file /home/luan-capella/Documentos/curso_airflow/airflowalura/venv/lib/python3.9/site-packages/airflow/example_dags/example_latest_only.py for tasks to queue
[2025-02-06 19:44:38,658] {logging_mixin.py:115} INFO - [2025-02-06 19:44:38,657] {dagbag.py:507} INFO - Filling up the DagBag from /home/luan-capella/Documentos/curso_airflow/airflowalura/venv/lib/python3.9/site-packages/airflow/example_dags/example_latest_only.py
[2025-02-06 19:44:38,664] {processor.py:651} INFO - DAG(s) dict_keys(['latest_only']) retrieved from /home/luan-capella/Documentos/curso_airflow/airflowalura/venv/lib/python3.9/site-packages/airflow/example_dags/example_latest_only.py
[2025-02-06 19:44:38,676] {logging_mixin.py:115} INFO - [2025-02-06 19:44:38,676] {dag.py:2379} INFO - Sync 1 DAGs
[2025-02-06 19:44:38,689] {logging_mixin.py:115} INFO - [2025-02-06 19:44:38,689] {dag.py:2927} INFO - Setting next_dagrun for latest_only to 2025-02-06T18:44:38.689450+00:00, run_after=2025-02-06T22:44:38.689450+00:00
[2025-02-06 19:44:38,702] {processor.py:161} INFO - Processing /home/luan-capella/Documentos/curso_airflow/airflowalura/venv/lib/python3.9/site-packages/airflow/example_dags/example_latest_only.py took 0.051 seconds
