[2025-02-06 19:04:43,864] {processor.py:153} INFO - Started process (PID=7117) to work on /home/luan-capella/Documentos/curso_airflow/airflowalura/venv/lib/python3.9/site-packages/airflow/example_dags/example_sla_dag.py
[2025-02-06 19:04:43,865] {processor.py:641} INFO - Processing file /home/luan-capella/Documentos/curso_airflow/airflowalura/venv/lib/python3.9/site-packages/airflow/example_dags/example_sla_dag.py for tasks to queue
[2025-02-06 19:04:43,866] {logging_mixin.py:115} INFO - [2025-02-06 19:04:43,866] {dagbag.py:507} INFO - Filling up the DagBag from /home/luan-capella/Documentos/curso_airflow/airflowalura/venv/lib/python3.9/site-packages/airflow/example_dags/example_sla_dag.py
[2025-02-06 19:04:43,883] {processor.py:651} INFO - DAG(s) dict_keys(['example_sla_dag']) retrieved from /home/luan-capella/Documentos/curso_airflow/airflowalura/venv/lib/python3.9/site-packages/airflow/example_dags/example_sla_dag.py
[2025-02-06 19:04:43,893] {logging_mixin.py:115} INFO - [2025-02-06 19:04:43,893] {dag.py:2379} INFO - Sync 1 DAGs
[2025-02-06 19:04:43,909] {logging_mixin.py:115} INFO - [2025-02-06 19:04:43,909] {dag.py:2927} INFO - Setting next_dagrun for example_sla_dag to 2025-02-06T22:02:00+00:00, run_after=2025-02-06T22:04:00+00:00
[2025-02-06 19:04:43,927] {processor.py:161} INFO - Processing /home/luan-capella/Documentos/curso_airflow/airflowalura/venv/lib/python3.9/site-packages/airflow/example_dags/example_sla_dag.py took 0.067 seconds
[2025-02-06 19:43:16,875] {processor.py:153} INFO - Started process (PID=14319) to work on /home/luan-capella/Documentos/curso_airflow/airflowalura/venv/lib/python3.9/site-packages/airflow/example_dags/example_sla_dag.py
[2025-02-06 19:43:16,876] {processor.py:641} INFO - Processing file /home/luan-capella/Documentos/curso_airflow/airflowalura/venv/lib/python3.9/site-packages/airflow/example_dags/example_sla_dag.py for tasks to queue
[2025-02-06 19:43:16,876] {logging_mixin.py:115} INFO - [2025-02-06 19:43:16,876] {dagbag.py:507} INFO - Filling up the DagBag from /home/luan-capella/Documentos/curso_airflow/airflowalura/venv/lib/python3.9/site-packages/airflow/example_dags/example_sla_dag.py
[2025-02-06 19:43:16,894] {processor.py:651} INFO - DAG(s) dict_keys(['example_sla_dag']) retrieved from /home/luan-capella/Documentos/curso_airflow/airflowalura/venv/lib/python3.9/site-packages/airflow/example_dags/example_sla_dag.py
[2025-02-06 19:43:16,907] {logging_mixin.py:115} INFO - [2025-02-06 19:43:16,907] {dag.py:2379} INFO - Sync 1 DAGs
[2025-02-06 19:43:16,926] {logging_mixin.py:115} INFO - [2025-02-06 19:43:16,926] {dag.py:2927} INFO - Setting next_dagrun for example_sla_dag to 2025-02-06T22:40:00+00:00, run_after=2025-02-06T22:42:00+00:00
[2025-02-06 19:43:16,938] {processor.py:161} INFO - Processing /home/luan-capella/Documentos/curso_airflow/airflowalura/venv/lib/python3.9/site-packages/airflow/example_dags/example_sla_dag.py took 0.066 seconds
[2025-02-06 19:43:52,188] {processor.py:153} INFO - Started process (PID=14525) to work on /home/luan-capella/Documentos/curso_airflow/airflowalura/venv/lib/python3.9/site-packages/airflow/example_dags/example_sla_dag.py
[2025-02-06 19:43:52,189] {processor.py:641} INFO - Processing file /home/luan-capella/Documentos/curso_airflow/airflowalura/venv/lib/python3.9/site-packages/airflow/example_dags/example_sla_dag.py for tasks to queue
[2025-02-06 19:43:52,189] {logging_mixin.py:115} INFO - [2025-02-06 19:43:52,189] {dagbag.py:507} INFO - Filling up the DagBag from /home/luan-capella/Documentos/curso_airflow/airflowalura/venv/lib/python3.9/site-packages/airflow/example_dags/example_sla_dag.py
[2025-02-06 19:43:52,206] {processor.py:651} INFO - DAG(s) dict_keys(['example_sla_dag']) retrieved from /home/luan-capella/Documentos/curso_airflow/airflowalura/venv/lib/python3.9/site-packages/airflow/example_dags/example_sla_dag.py
[2025-02-06 19:43:52,220] {logging_mixin.py:115} INFO - [2025-02-06 19:43:52,220] {dag.py:2379} INFO - Sync 1 DAGs
[2025-02-06 19:43:52,243] {logging_mixin.py:115} INFO - [2025-02-06 19:43:52,243] {dag.py:2927} INFO - Setting next_dagrun for example_sla_dag to 2025-02-06T22:40:00+00:00, run_after=2025-02-06T22:42:00+00:00
[2025-02-06 19:43:52,258] {processor.py:161} INFO - Processing /home/luan-capella/Documentos/curso_airflow/airflowalura/venv/lib/python3.9/site-packages/airflow/example_dags/example_sla_dag.py took 0.072 seconds
[2025-02-06 19:44:28,232] {processor.py:153} INFO - Started process (PID=14696) to work on /home/luan-capella/Documentos/curso_airflow/airflowalura/venv/lib/python3.9/site-packages/airflow/example_dags/example_sla_dag.py
[2025-02-06 19:44:28,233] {processor.py:641} INFO - Processing file /home/luan-capella/Documentos/curso_airflow/airflowalura/venv/lib/python3.9/site-packages/airflow/example_dags/example_sla_dag.py for tasks to queue
[2025-02-06 19:44:28,234] {logging_mixin.py:115} INFO - [2025-02-06 19:44:28,234] {dagbag.py:507} INFO - Filling up the DagBag from /home/luan-capella/Documentos/curso_airflow/airflowalura/venv/lib/python3.9/site-packages/airflow/example_dags/example_sla_dag.py
[2025-02-06 19:44:28,248] {processor.py:651} INFO - DAG(s) dict_keys(['example_sla_dag']) retrieved from /home/luan-capella/Documentos/curso_airflow/airflowalura/venv/lib/python3.9/site-packages/airflow/example_dags/example_sla_dag.py
[2025-02-06 19:44:28,260] {logging_mixin.py:115} INFO - [2025-02-06 19:44:28,260] {dag.py:2379} INFO - Sync 1 DAGs
[2025-02-06 19:44:28,279] {logging_mixin.py:115} INFO - [2025-02-06 19:44:28,279] {dag.py:2927} INFO - Setting next_dagrun for example_sla_dag to 2025-02-06T22:42:00+00:00, run_after=2025-02-06T22:44:00+00:00
[2025-02-06 19:44:28,291] {processor.py:161} INFO - Processing /home/luan-capella/Documentos/curso_airflow/airflowalura/venv/lib/python3.9/site-packages/airflow/example_dags/example_sla_dag.py took 0.062 seconds
