[2025-02-06 19:43:33,465] {processor.py:153} INFO - Started process (PID=14399) to work on /home/luan-capella/Documentos/curso_airflow/airflowalura/venv/lib/python3.9/site-packages/airflow/example_dags/example_branch_day_of_week_operator.py
[2025-02-06 19:43:33,465] {processor.py:641} INFO - Processing file /home/luan-capella/Documentos/curso_airflow/airflowalura/venv/lib/python3.9/site-packages/airflow/example_dags/example_branch_day_of_week_operator.py for tasks to queue
[2025-02-06 19:43:33,465] {logging_mixin.py:115} INFO - [2025-02-06 19:43:33,465] {dagbag.py:507} INFO - Filling up the DagBag from /home/luan-capella/Documentos/curso_airflow/airflowalura/venv/lib/python3.9/site-packages/airflow/example_dags/example_branch_day_of_week_operator.py
[2025-02-06 19:43:33,483] {processor.py:651} INFO - DAG(s) dict_keys(['example_weekday_branch_operator']) retrieved from /home/luan-capella/Documentos/curso_airflow/airflowalura/venv/lib/python3.9/site-packages/airflow/example_dags/example_branch_day_of_week_operator.py
[2025-02-06 19:43:33,499] {logging_mixin.py:115} INFO - [2025-02-06 19:43:33,499] {dag.py:2379} INFO - Sync 1 DAGs
[2025-02-06 19:43:33,516] {logging_mixin.py:115} INFO - [2025-02-06 19:43:33,516] {dag.py:2927} INFO - Setting next_dagrun for example_weekday_branch_operator to 2025-02-05T00:00:00+00:00, run_after=2025-02-06T00:00:00+00:00
[2025-02-06 19:43:33,529] {processor.py:161} INFO - Processing /home/luan-capella/Documentos/curso_airflow/airflowalura/venv/lib/python3.9/site-packages/airflow/example_dags/example_branch_day_of_week_operator.py took 0.067 seconds
[2025-02-06 19:44:11,438] {processor.py:153} INFO - Started process (PID=14614) to work on /home/luan-capella/Documentos/curso_airflow/airflowalura/venv/lib/python3.9/site-packages/airflow/example_dags/example_branch_day_of_week_operator.py
[2025-02-06 19:44:11,439] {processor.py:641} INFO - Processing file /home/luan-capella/Documentos/curso_airflow/airflowalura/venv/lib/python3.9/site-packages/airflow/example_dags/example_branch_day_of_week_operator.py for tasks to queue
[2025-02-06 19:44:11,439] {logging_mixin.py:115} INFO - [2025-02-06 19:44:11,439] {dagbag.py:507} INFO - Filling up the DagBag from /home/luan-capella/Documentos/curso_airflow/airflowalura/venv/lib/python3.9/site-packages/airflow/example_dags/example_branch_day_of_week_operator.py
[2025-02-06 19:44:11,446] {processor.py:651} INFO - DAG(s) dict_keys(['example_weekday_branch_operator']) retrieved from /home/luan-capella/Documentos/curso_airflow/airflowalura/venv/lib/python3.9/site-packages/airflow/example_dags/example_branch_day_of_week_operator.py
[2025-02-06 19:44:11,460] {logging_mixin.py:115} INFO - [2025-02-06 19:44:11,460] {dag.py:2379} INFO - Sync 1 DAGs
[2025-02-06 19:44:11,473] {logging_mixin.py:115} INFO - [2025-02-06 19:44:11,473] {dag.py:2927} INFO - Setting next_dagrun for example_weekday_branch_operator to 2025-02-05T00:00:00+00:00, run_after=2025-02-06T00:00:00+00:00
[2025-02-06 19:44:11,486] {processor.py:161} INFO - Processing /home/luan-capella/Documentos/curso_airflow/airflowalura/venv/lib/python3.9/site-packages/airflow/example_dags/example_branch_day_of_week_operator.py took 0.051 seconds
[2025-02-06 19:44:47,251] {processor.py:153} INFO - Started process (PID=14839) to work on /home/luan-capella/Documentos/curso_airflow/airflowalura/venv/lib/python3.9/site-packages/airflow/example_dags/example_branch_day_of_week_operator.py
[2025-02-06 19:44:47,255] {processor.py:641} INFO - Processing file /home/luan-capella/Documentos/curso_airflow/airflowalura/venv/lib/python3.9/site-packages/airflow/example_dags/example_branch_day_of_week_operator.py for tasks to queue
[2025-02-06 19:44:47,255] {logging_mixin.py:115} INFO - [2025-02-06 19:44:47,255] {dagbag.py:507} INFO - Filling up the DagBag from /home/luan-capella/Documentos/curso_airflow/airflowalura/venv/lib/python3.9/site-packages/airflow/example_dags/example_branch_day_of_week_operator.py
[2025-02-06 19:44:47,261] {processor.py:651} INFO - DAG(s) dict_keys(['example_weekday_branch_operator']) retrieved from /home/luan-capella/Documentos/curso_airflow/airflowalura/venv/lib/python3.9/site-packages/airflow/example_dags/example_branch_day_of_week_operator.py
[2025-02-06 19:44:47,274] {logging_mixin.py:115} INFO - [2025-02-06 19:44:47,274] {dag.py:2379} INFO - Sync 1 DAGs
[2025-02-06 19:44:47,292] {logging_mixin.py:115} INFO - [2025-02-06 19:44:47,292] {dag.py:2927} INFO - Setting next_dagrun for example_weekday_branch_operator to 2025-02-05T00:00:00+00:00, run_after=2025-02-06T00:00:00+00:00
[2025-02-06 19:44:47,310] {processor.py:161} INFO - Processing /home/luan-capella/Documentos/curso_airflow/airflowalura/venv/lib/python3.9/site-packages/airflow/example_dags/example_branch_day_of_week_operator.py took 0.061 seconds
