[2025-02-06 19:04:56,427] {processor.py:153} INFO - Started process (PID=7180) to work on /home/luan-capella/Documentos/curso_airflow/airflowalura/venv/lib/python3.9/site-packages/airflow/example_dags/example_branch_datetime_operator.py
[2025-02-06 19:04:56,427] {processor.py:641} INFO - Processing file /home/luan-capella/Documentos/curso_airflow/airflowalura/venv/lib/python3.9/site-packages/airflow/example_dags/example_branch_datetime_operator.py for tasks to queue
[2025-02-06 19:04:56,428] {logging_mixin.py:115} INFO - [2025-02-06 19:04:56,428] {dagbag.py:507} INFO - Filling up the DagBag from /home/luan-capella/Documentos/curso_airflow/airflowalura/venv/lib/python3.9/site-packages/airflow/example_dags/example_branch_datetime_operator.py
[2025-02-06 19:04:56,440] {processor.py:651} INFO - DAG(s) dict_keys(['example_branch_datetime_operator_2']) retrieved from /home/luan-capella/Documentos/curso_airflow/airflowalura/venv/lib/python3.9/site-packages/airflow/example_dags/example_branch_datetime_operator.py
[2025-02-06 19:04:56,452] {logging_mixin.py:115} INFO - [2025-02-06 19:04:56,452] {dag.py:2379} INFO - Sync 1 DAGs
[2025-02-06 19:04:56,466] {logging_mixin.py:115} INFO - [2025-02-06 19:04:56,466] {dag.py:2927} INFO - Setting next_dagrun for example_branch_datetime_operator_2 to 2025-02-05T00:00:00+00:00, run_after=2025-02-06T00:00:00+00:00
[2025-02-06 19:04:56,478] {processor.py:161} INFO - Processing /home/luan-capella/Documentos/curso_airflow/airflowalura/venv/lib/python3.9/site-packages/airflow/example_dags/example_branch_datetime_operator.py took 0.056 seconds
[2025-02-06 19:43:29,430] {processor.py:153} INFO - Started process (PID=14374) to work on /home/luan-capella/Documentos/curso_airflow/airflowalura/venv/lib/python3.9/site-packages/airflow/example_dags/example_branch_datetime_operator.py
[2025-02-06 19:43:29,431] {processor.py:641} INFO - Processing file /home/luan-capella/Documentos/curso_airflow/airflowalura/venv/lib/python3.9/site-packages/airflow/example_dags/example_branch_datetime_operator.py for tasks to queue
[2025-02-06 19:43:29,431] {logging_mixin.py:115} INFO - [2025-02-06 19:43:29,431] {dagbag.py:507} INFO - Filling up the DagBag from /home/luan-capella/Documentos/curso_airflow/airflowalura/venv/lib/python3.9/site-packages/airflow/example_dags/example_branch_datetime_operator.py
[2025-02-06 19:43:29,437] {processor.py:651} INFO - DAG(s) dict_keys(['example_branch_datetime_operator_2']) retrieved from /home/luan-capella/Documentos/curso_airflow/airflowalura/venv/lib/python3.9/site-packages/airflow/example_dags/example_branch_datetime_operator.py
[2025-02-06 19:43:29,450] {logging_mixin.py:115} INFO - [2025-02-06 19:43:29,450] {dag.py:2379} INFO - Sync 1 DAGs
[2025-02-06 19:43:29,464] {logging_mixin.py:115} INFO - [2025-02-06 19:43:29,464] {dag.py:2927} INFO - Setting next_dagrun for example_branch_datetime_operator_2 to 2025-02-05T00:00:00+00:00, run_after=2025-02-06T00:00:00+00:00
[2025-02-06 19:43:29,490] {processor.py:161} INFO - Processing /home/luan-capella/Documentos/curso_airflow/airflowalura/venv/lib/python3.9/site-packages/airflow/example_dags/example_branch_datetime_operator.py took 0.062 seconds
[2025-02-06 19:44:06,433] {processor.py:153} INFO - Started process (PID=14595) to work on /home/luan-capella/Documentos/curso_airflow/airflowalura/venv/lib/python3.9/site-packages/airflow/example_dags/example_branch_datetime_operator.py
[2025-02-06 19:44:06,434] {processor.py:641} INFO - Processing file /home/luan-capella/Documentos/curso_airflow/airflowalura/venv/lib/python3.9/site-packages/airflow/example_dags/example_branch_datetime_operator.py for tasks to queue
[2025-02-06 19:44:06,434] {logging_mixin.py:115} INFO - [2025-02-06 19:44:06,434] {dagbag.py:507} INFO - Filling up the DagBag from /home/luan-capella/Documentos/curso_airflow/airflowalura/venv/lib/python3.9/site-packages/airflow/example_dags/example_branch_datetime_operator.py
[2025-02-06 19:44:06,443] {processor.py:651} INFO - DAG(s) dict_keys(['example_branch_datetime_operator_2']) retrieved from /home/luan-capella/Documentos/curso_airflow/airflowalura/venv/lib/python3.9/site-packages/airflow/example_dags/example_branch_datetime_operator.py
[2025-02-06 19:44:06,457] {logging_mixin.py:115} INFO - [2025-02-06 19:44:06,456] {dag.py:2379} INFO - Sync 1 DAGs
[2025-02-06 19:44:06,471] {logging_mixin.py:115} INFO - [2025-02-06 19:44:06,471] {dag.py:2927} INFO - Setting next_dagrun for example_branch_datetime_operator_2 to 2025-02-05T00:00:00+00:00, run_after=2025-02-06T00:00:00+00:00
[2025-02-06 19:44:06,484] {processor.py:161} INFO - Processing /home/luan-capella/Documentos/curso_airflow/airflowalura/venv/lib/python3.9/site-packages/airflow/example_dags/example_branch_datetime_operator.py took 0.053 seconds
[2025-02-06 19:44:41,892] {processor.py:153} INFO - Started process (PID=14793) to work on /home/luan-capella/Documentos/curso_airflow/airflowalura/venv/lib/python3.9/site-packages/airflow/example_dags/example_branch_datetime_operator.py
[2025-02-06 19:44:41,893] {processor.py:641} INFO - Processing file /home/luan-capella/Documentos/curso_airflow/airflowalura/venv/lib/python3.9/site-packages/airflow/example_dags/example_branch_datetime_operator.py for tasks to queue
[2025-02-06 19:44:41,894] {logging_mixin.py:115} INFO - [2025-02-06 19:44:41,894] {dagbag.py:507} INFO - Filling up the DagBag from /home/luan-capella/Documentos/curso_airflow/airflowalura/venv/lib/python3.9/site-packages/airflow/example_dags/example_branch_datetime_operator.py
[2025-02-06 19:44:41,904] {processor.py:651} INFO - DAG(s) dict_keys(['example_branch_datetime_operator_2']) retrieved from /home/luan-capella/Documentos/curso_airflow/airflowalura/venv/lib/python3.9/site-packages/airflow/example_dags/example_branch_datetime_operator.py
[2025-02-06 19:44:41,917] {logging_mixin.py:115} INFO - [2025-02-06 19:44:41,917] {dag.py:2379} INFO - Sync 1 DAGs
[2025-02-06 19:44:41,933] {logging_mixin.py:115} INFO - [2025-02-06 19:44:41,933] {dag.py:2927} INFO - Setting next_dagrun for example_branch_datetime_operator_2 to 2025-02-05T00:00:00+00:00, run_after=2025-02-06T00:00:00+00:00
[2025-02-06 19:44:41,946] {processor.py:161} INFO - Processing /home/luan-capella/Documentos/curso_airflow/airflowalura/venv/lib/python3.9/site-packages/airflow/example_dags/example_branch_datetime_operator.py took 0.059 seconds
