[2025-02-06 19:43:31,200] {processor.py:153} INFO - Started process (PID=14388) to work on /home/luan-capella/Documentos/curso_airflow/airflowalura/venv/lib/python3.9/site-packages/airflow/example_dags/example_branch_python_dop_operator_3.py
[2025-02-06 19:43:31,200] {processor.py:641} INFO - Processing file /home/luan-capella/Documentos/curso_airflow/airflowalura/venv/lib/python3.9/site-packages/airflow/example_dags/example_branch_python_dop_operator_3.py for tasks to queue
[2025-02-06 19:43:31,201] {logging_mixin.py:115} INFO - [2025-02-06 19:43:31,201] {dagbag.py:507} INFO - Filling up the DagBag from /home/luan-capella/Documentos/curso_airflow/airflowalura/venv/lib/python3.9/site-packages/airflow/example_dags/example_branch_python_dop_operator_3.py
[2025-02-06 19:43:31,209] {processor.py:651} INFO - DAG(s) dict_keys(['example_branch_dop_operator_v3']) retrieved from /home/luan-capella/Documentos/curso_airflow/airflowalura/venv/lib/python3.9/site-packages/airflow/example_dags/example_branch_python_dop_operator_3.py
[2025-02-06 19:43:31,222] {logging_mixin.py:115} INFO - [2025-02-06 19:43:31,222] {dag.py:2379} INFO - Sync 1 DAGs
[2025-02-06 19:43:31,243] {logging_mixin.py:115} INFO - [2025-02-06 19:43:31,242] {dag.py:2927} INFO - Setting next_dagrun for example_branch_dop_operator_v3 to 2025-02-06T22:42:00+00:00, run_after=2025-02-06T22:43:00+00:00
[2025-02-06 19:43:31,262] {processor.py:161} INFO - Processing /home/luan-capella/Documentos/curso_airflow/airflowalura/venv/lib/python3.9/site-packages/airflow/example_dags/example_branch_python_dop_operator_3.py took 0.064 seconds
[2025-02-06 19:44:09,903] {processor.py:153} INFO - Started process (PID=14610) to work on /home/luan-capella/Documentos/curso_airflow/airflowalura/venv/lib/python3.9/site-packages/airflow/example_dags/example_branch_python_dop_operator_3.py
[2025-02-06 19:44:09,905] {processor.py:641} INFO - Processing file /home/luan-capella/Documentos/curso_airflow/airflowalura/venv/lib/python3.9/site-packages/airflow/example_dags/example_branch_python_dop_operator_3.py for tasks to queue
[2025-02-06 19:44:09,906] {logging_mixin.py:115} INFO - [2025-02-06 19:44:09,906] {dagbag.py:507} INFO - Filling up the DagBag from /home/luan-capella/Documentos/curso_airflow/airflowalura/venv/lib/python3.9/site-packages/airflow/example_dags/example_branch_python_dop_operator_3.py
[2025-02-06 19:44:09,918] {processor.py:651} INFO - DAG(s) dict_keys(['example_branch_dop_operator_v3']) retrieved from /home/luan-capella/Documentos/curso_airflow/airflowalura/venv/lib/python3.9/site-packages/airflow/example_dags/example_branch_python_dop_operator_3.py
[2025-02-06 19:44:09,932] {logging_mixin.py:115} INFO - [2025-02-06 19:44:09,932] {dag.py:2379} INFO - Sync 1 DAGs
[2025-02-06 19:44:09,949] {logging_mixin.py:115} INFO - [2025-02-06 19:44:09,949] {dag.py:2927} INFO - Setting next_dagrun for example_branch_dop_operator_v3 to 2025-02-06T22:43:00+00:00, run_after=2025-02-06T22:44:00+00:00
[2025-02-06 19:44:09,961] {processor.py:161} INFO - Processing /home/luan-capella/Documentos/curso_airflow/airflowalura/venv/lib/python3.9/site-packages/airflow/example_dags/example_branch_python_dop_operator_3.py took 0.064 seconds
[2025-02-06 19:44:44,971] {processor.py:153} INFO - Started process (PID=14809) to work on /home/luan-capella/Documentos/curso_airflow/airflowalura/venv/lib/python3.9/site-packages/airflow/example_dags/example_branch_python_dop_operator_3.py
[2025-02-06 19:44:44,972] {processor.py:641} INFO - Processing file /home/luan-capella/Documentos/curso_airflow/airflowalura/venv/lib/python3.9/site-packages/airflow/example_dags/example_branch_python_dop_operator_3.py for tasks to queue
[2025-02-06 19:44:44,972] {logging_mixin.py:115} INFO - [2025-02-06 19:44:44,972] {dagbag.py:507} INFO - Filling up the DagBag from /home/luan-capella/Documentos/curso_airflow/airflowalura/venv/lib/python3.9/site-packages/airflow/example_dags/example_branch_python_dop_operator_3.py
[2025-02-06 19:44:44,980] {processor.py:651} INFO - DAG(s) dict_keys(['example_branch_dop_operator_v3']) retrieved from /home/luan-capella/Documentos/curso_airflow/airflowalura/venv/lib/python3.9/site-packages/airflow/example_dags/example_branch_python_dop_operator_3.py
[2025-02-06 19:44:44,994] {logging_mixin.py:115} INFO - [2025-02-06 19:44:44,994] {dag.py:2379} INFO - Sync 1 DAGs
[2025-02-06 19:44:45,015] {logging_mixin.py:115} INFO - [2025-02-06 19:44:45,015] {dag.py:2927} INFO - Setting next_dagrun for example_branch_dop_operator_v3 to 2025-02-06T22:43:00+00:00, run_after=2025-02-06T22:44:00+00:00
[2025-02-06 19:44:45,030] {processor.py:161} INFO - Processing /home/luan-capella/Documentos/curso_airflow/airflowalura/venv/lib/python3.9/site-packages/airflow/example_dags/example_branch_python_dop_operator_3.py took 0.061 seconds
