[2025-02-06 19:43:34,608] {processor.py:153} INFO - Started process (PID=14402) to work on /home/luan-capella/Documentos/curso_airflow/airflowalura/venv/lib/python3.9/site-packages/airflow/example_dags/example_bash_operator.py
[2025-02-06 19:43:34,610] {processor.py:641} INFO - Processing file /home/luan-capella/Documentos/curso_airflow/airflowalura/venv/lib/python3.9/site-packages/airflow/example_dags/example_bash_operator.py for tasks to queue
[2025-02-06 19:43:34,611] {logging_mixin.py:115} INFO - [2025-02-06 19:43:34,610] {dagbag.py:507} INFO - Filling up the DagBag from /home/luan-capella/Documentos/curso_airflow/airflowalura/venv/lib/python3.9/site-packages/airflow/example_dags/example_bash_operator.py
[2025-02-06 19:43:34,621] {processor.py:651} INFO - DAG(s) dict_keys(['example_bash_operator']) retrieved from /home/luan-capella/Documentos/curso_airflow/airflowalura/venv/lib/python3.9/site-packages/airflow/example_dags/example_bash_operator.py
[2025-02-06 19:43:34,636] {logging_mixin.py:115} INFO - [2025-02-06 19:43:34,636] {dag.py:2379} INFO - Sync 1 DAGs
[2025-02-06 19:43:34,650] {logging_mixin.py:115} INFO - [2025-02-06 19:43:34,650] {dag.py:2927} INFO - Setting next_dagrun for example_bash_operator to 2025-02-05T00:00:00+00:00, run_after=2025-02-06T00:00:00+00:00
[2025-02-06 19:43:34,664] {processor.py:161} INFO - Processing /home/luan-capella/Documentos/curso_airflow/airflowalura/venv/lib/python3.9/site-packages/airflow/example_dags/example_bash_operator.py took 0.058 seconds
[2025-02-06 19:44:11,593] {processor.py:153} INFO - Started process (PID=14616) to work on /home/luan-capella/Documentos/curso_airflow/airflowalura/venv/lib/python3.9/site-packages/airflow/example_dags/example_bash_operator.py
[2025-02-06 19:44:11,594] {processor.py:641} INFO - Processing file /home/luan-capella/Documentos/curso_airflow/airflowalura/venv/lib/python3.9/site-packages/airflow/example_dags/example_bash_operator.py for tasks to queue
[2025-02-06 19:44:11,594] {logging_mixin.py:115} INFO - [2025-02-06 19:44:11,594] {dagbag.py:507} INFO - Filling up the DagBag from /home/luan-capella/Documentos/curso_airflow/airflowalura/venv/lib/python3.9/site-packages/airflow/example_dags/example_bash_operator.py
[2025-02-06 19:44:11,602] {processor.py:651} INFO - DAG(s) dict_keys(['example_bash_operator']) retrieved from /home/luan-capella/Documentos/curso_airflow/airflowalura/venv/lib/python3.9/site-packages/airflow/example_dags/example_bash_operator.py
[2025-02-06 19:44:11,616] {logging_mixin.py:115} INFO - [2025-02-06 19:44:11,616] {dag.py:2379} INFO - Sync 1 DAGs
[2025-02-06 19:44:11,629] {logging_mixin.py:115} INFO - [2025-02-06 19:44:11,629] {dag.py:2927} INFO - Setting next_dagrun for example_bash_operator to 2025-02-05T00:00:00+00:00, run_after=2025-02-06T00:00:00+00:00
[2025-02-06 19:44:11,640] {processor.py:161} INFO - Processing /home/luan-capella/Documentos/curso_airflow/airflowalura/venv/lib/python3.9/site-packages/airflow/example_dags/example_bash_operator.py took 0.049 seconds
[2025-02-06 19:44:47,808] {processor.py:153} INFO - Started process (PID=14847) to work on /home/luan-capella/Documentos/curso_airflow/airflowalura/venv/lib/python3.9/site-packages/airflow/example_dags/example_bash_operator.py
[2025-02-06 19:44:47,828] {processor.py:641} INFO - Processing file /home/luan-capella/Documentos/curso_airflow/airflowalura/venv/lib/python3.9/site-packages/airflow/example_dags/example_bash_operator.py for tasks to queue
[2025-02-06 19:44:47,828] {logging_mixin.py:115} INFO - [2025-02-06 19:44:47,828] {dagbag.py:507} INFO - Filling up the DagBag from /home/luan-capella/Documentos/curso_airflow/airflowalura/venv/lib/python3.9/site-packages/airflow/example_dags/example_bash_operator.py
[2025-02-06 19:44:47,839] {processor.py:651} INFO - DAG(s) dict_keys(['example_bash_operator']) retrieved from /home/luan-capella/Documentos/curso_airflow/airflowalura/venv/lib/python3.9/site-packages/airflow/example_dags/example_bash_operator.py
[2025-02-06 19:44:47,852] {logging_mixin.py:115} INFO - [2025-02-06 19:44:47,852] {dag.py:2379} INFO - Sync 1 DAGs
[2025-02-06 19:44:47,868] {logging_mixin.py:115} INFO - [2025-02-06 19:44:47,868] {dag.py:2927} INFO - Setting next_dagrun for example_bash_operator to 2025-02-05T00:00:00+00:00, run_after=2025-02-06T00:00:00+00:00
[2025-02-06 19:44:47,887] {processor.py:161} INFO - Processing /home/luan-capella/Documentos/curso_airflow/airflowalura/venv/lib/python3.9/site-packages/airflow/example_dags/example_bash_operator.py took 0.082 seconds
