[2025-02-06 19:43:30,039] {processor.py:153} INFO - Started process (PID=14386) to work on /home/luan-capella/Documentos/curso_airflow/airflowalura/venv/lib/python3.9/site-packages/airflow/example_dags/example_branch_operator_decorator.py
[2025-02-06 19:43:30,040] {processor.py:641} INFO - Processing file /home/luan-capella/Documentos/curso_airflow/airflowalura/venv/lib/python3.9/site-packages/airflow/example_dags/example_branch_operator_decorator.py for tasks to queue
[2025-02-06 19:43:30,040] {logging_mixin.py:115} INFO - [2025-02-06 19:43:30,040] {dagbag.py:507} INFO - Filling up the DagBag from /home/luan-capella/Documentos/curso_airflow/airflowalura/venv/lib/python3.9/site-packages/airflow/example_dags/example_branch_operator_decorator.py
[2025-02-06 19:43:30,057] {processor.py:651} INFO - DAG(s) dict_keys(['example_branch_python_operator_decorator']) retrieved from /home/luan-capella/Documentos/curso_airflow/airflowalura/venv/lib/python3.9/site-packages/airflow/example_dags/example_branch_operator_decorator.py
[2025-02-06 19:43:30,072] {logging_mixin.py:115} INFO - [2025-02-06 19:43:30,072] {dag.py:2379} INFO - Sync 1 DAGs
[2025-02-06 19:43:30,089] {logging_mixin.py:115} INFO - [2025-02-06 19:43:30,089] {dag.py:2927} INFO - Setting next_dagrun for example_branch_python_operator_decorator to 2025-02-05T00:00:00+00:00, run_after=2025-02-06T00:00:00+00:00
[2025-02-06 19:43:30,113] {processor.py:161} INFO - Processing /home/luan-capella/Documentos/curso_airflow/airflowalura/venv/lib/python3.9/site-packages/airflow/example_dags/example_branch_operator_decorator.py took 0.077 seconds
[2025-02-06 19:44:08,753] {processor.py:153} INFO - Started process (PID=14603) to work on /home/luan-capella/Documentos/curso_airflow/airflowalura/venv/lib/python3.9/site-packages/airflow/example_dags/example_branch_operator_decorator.py
[2025-02-06 19:44:08,754] {processor.py:641} INFO - Processing file /home/luan-capella/Documentos/curso_airflow/airflowalura/venv/lib/python3.9/site-packages/airflow/example_dags/example_branch_operator_decorator.py for tasks to queue
[2025-02-06 19:44:08,755] {logging_mixin.py:115} INFO - [2025-02-06 19:44:08,755] {dagbag.py:507} INFO - Filling up the DagBag from /home/luan-capella/Documentos/curso_airflow/airflowalura/venv/lib/python3.9/site-packages/airflow/example_dags/example_branch_operator_decorator.py
[2025-02-06 19:44:08,773] {processor.py:651} INFO - DAG(s) dict_keys(['example_branch_python_operator_decorator']) retrieved from /home/luan-capella/Documentos/curso_airflow/airflowalura/venv/lib/python3.9/site-packages/airflow/example_dags/example_branch_operator_decorator.py
[2025-02-06 19:44:08,785] {logging_mixin.py:115} INFO - [2025-02-06 19:44:08,785] {dag.py:2379} INFO - Sync 1 DAGs
[2025-02-06 19:44:08,801] {logging_mixin.py:115} INFO - [2025-02-06 19:44:08,801] {dag.py:2927} INFO - Setting next_dagrun for example_branch_python_operator_decorator to 2025-02-05T00:00:00+00:00, run_after=2025-02-06T00:00:00+00:00
[2025-02-06 19:44:08,816] {processor.py:161} INFO - Processing /home/luan-capella/Documentos/curso_airflow/airflowalura/venv/lib/python3.9/site-packages/airflow/example_dags/example_branch_operator_decorator.py took 0.069 seconds
[2025-02-06 19:44:43,816] {processor.py:153} INFO - Started process (PID=14802) to work on /home/luan-capella/Documentos/curso_airflow/airflowalura/venv/lib/python3.9/site-packages/airflow/example_dags/example_branch_operator_decorator.py
[2025-02-06 19:44:43,817] {processor.py:641} INFO - Processing file /home/luan-capella/Documentos/curso_airflow/airflowalura/venv/lib/python3.9/site-packages/airflow/example_dags/example_branch_operator_decorator.py for tasks to queue
[2025-02-06 19:44:43,818] {logging_mixin.py:115} INFO - [2025-02-06 19:44:43,818] {dagbag.py:507} INFO - Filling up the DagBag from /home/luan-capella/Documentos/curso_airflow/airflowalura/venv/lib/python3.9/site-packages/airflow/example_dags/example_branch_operator_decorator.py
[2025-02-06 19:44:43,837] {processor.py:651} INFO - DAG(s) dict_keys(['example_branch_python_operator_decorator']) retrieved from /home/luan-capella/Documentos/curso_airflow/airflowalura/venv/lib/python3.9/site-packages/airflow/example_dags/example_branch_operator_decorator.py
[2025-02-06 19:44:43,851] {logging_mixin.py:115} INFO - [2025-02-06 19:44:43,851] {dag.py:2379} INFO - Sync 1 DAGs
[2025-02-06 19:44:43,870] {logging_mixin.py:115} INFO - [2025-02-06 19:44:43,869] {dag.py:2927} INFO - Setting next_dagrun for example_branch_python_operator_decorator to 2025-02-05T00:00:00+00:00, run_after=2025-02-06T00:00:00+00:00
[2025-02-06 19:44:43,883] {processor.py:161} INFO - Processing /home/luan-capella/Documentos/curso_airflow/airflowalura/venv/lib/python3.9/site-packages/airflow/example_dags/example_branch_operator_decorator.py took 0.071 seconds
