[2025-02-06 19:43:29,732] {processor.py:153} INFO - Started process (PID=14376) to work on /home/luan-capella/Documentos/curso_airflow/airflowalura/venv/lib/python3.9/site-packages/airflow/example_dags/example_branch_operator.py
[2025-02-06 19:43:29,739] {processor.py:641} INFO - Processing file /home/luan-capella/Documentos/curso_airflow/airflowalura/venv/lib/python3.9/site-packages/airflow/example_dags/example_branch_operator.py for tasks to queue
[2025-02-06 19:43:29,740] {logging_mixin.py:115} INFO - [2025-02-06 19:43:29,740] {dagbag.py:507} INFO - Filling up the DagBag from /home/luan-capella/Documentos/curso_airflow/airflowalura/venv/lib/python3.9/site-packages/airflow/example_dags/example_branch_operator.py
[2025-02-06 19:43:29,751] {processor.py:651} INFO - DAG(s) dict_keys(['example_branch_operator']) retrieved from /home/luan-capella/Documentos/curso_airflow/airflowalura/venv/lib/python3.9/site-packages/airflow/example_dags/example_branch_operator.py
[2025-02-06 19:43:29,766] {logging_mixin.py:115} INFO - [2025-02-06 19:43:29,765] {dag.py:2379} INFO - Sync 1 DAGs
[2025-02-06 19:43:29,783] {logging_mixin.py:115} INFO - [2025-02-06 19:43:29,782] {dag.py:2927} INFO - Setting next_dagrun for example_branch_operator to 2025-02-05T00:00:00+00:00, run_after=2025-02-06T00:00:00+00:00
[2025-02-06 19:43:29,803] {processor.py:161} INFO - Processing /home/luan-capella/Documentos/curso_airflow/airflowalura/venv/lib/python3.9/site-packages/airflow/example_dags/example_branch_operator.py took 0.074 seconds
[2025-02-06 19:44:07,593] {processor.py:153} INFO - Started process (PID=14598) to work on /home/luan-capella/Documentos/curso_airflow/airflowalura/venv/lib/python3.9/site-packages/airflow/example_dags/example_branch_operator.py
[2025-02-06 19:44:07,594] {processor.py:641} INFO - Processing file /home/luan-capella/Documentos/curso_airflow/airflowalura/venv/lib/python3.9/site-packages/airflow/example_dags/example_branch_operator.py for tasks to queue
[2025-02-06 19:44:07,594] {logging_mixin.py:115} INFO - [2025-02-06 19:44:07,594] {dagbag.py:507} INFO - Filling up the DagBag from /home/luan-capella/Documentos/curso_airflow/airflowalura/venv/lib/python3.9/site-packages/airflow/example_dags/example_branch_operator.py
[2025-02-06 19:44:07,602] {processor.py:651} INFO - DAG(s) dict_keys(['example_branch_operator']) retrieved from /home/luan-capella/Documentos/curso_airflow/airflowalura/venv/lib/python3.9/site-packages/airflow/example_dags/example_branch_operator.py
[2025-02-06 19:44:07,615] {logging_mixin.py:115} INFO - [2025-02-06 19:44:07,615] {dag.py:2379} INFO - Sync 1 DAGs
[2025-02-06 19:44:07,629] {logging_mixin.py:115} INFO - [2025-02-06 19:44:07,629] {dag.py:2927} INFO - Setting next_dagrun for example_branch_operator to 2025-02-05T00:00:00+00:00, run_after=2025-02-06T00:00:00+00:00
[2025-02-06 19:44:07,641] {processor.py:161} INFO - Processing /home/luan-capella/Documentos/curso_airflow/airflowalura/venv/lib/python3.9/site-packages/airflow/example_dags/example_branch_operator.py took 0.050 seconds
[2025-02-06 19:44:42,658] {processor.py:153} INFO - Started process (PID=14798) to work on /home/luan-capella/Documentos/curso_airflow/airflowalura/venv/lib/python3.9/site-packages/airflow/example_dags/example_branch_operator.py
[2025-02-06 19:44:42,660] {processor.py:641} INFO - Processing file /home/luan-capella/Documentos/curso_airflow/airflowalura/venv/lib/python3.9/site-packages/airflow/example_dags/example_branch_operator.py for tasks to queue
[2025-02-06 19:44:42,661] {logging_mixin.py:115} INFO - [2025-02-06 19:44:42,661] {dagbag.py:507} INFO - Filling up the DagBag from /home/luan-capella/Documentos/curso_airflow/airflowalura/venv/lib/python3.9/site-packages/airflow/example_dags/example_branch_operator.py
[2025-02-06 19:44:42,670] {processor.py:651} INFO - DAG(s) dict_keys(['example_branch_operator']) retrieved from /home/luan-capella/Documentos/curso_airflow/airflowalura/venv/lib/python3.9/site-packages/airflow/example_dags/example_branch_operator.py
[2025-02-06 19:44:42,685] {logging_mixin.py:115} INFO - [2025-02-06 19:44:42,685] {dag.py:2379} INFO - Sync 1 DAGs
[2025-02-06 19:44:42,701] {logging_mixin.py:115} INFO - [2025-02-06 19:44:42,701] {dag.py:2927} INFO - Setting next_dagrun for example_branch_operator to 2025-02-05T00:00:00+00:00, run_after=2025-02-06T00:00:00+00:00
[2025-02-06 19:44:42,713] {processor.py:161} INFO - Processing /home/luan-capella/Documentos/curso_airflow/airflowalura/venv/lib/python3.9/site-packages/airflow/example_dags/example_branch_operator.py took 0.061 seconds
