[2025-02-06 19:04:37,522] {processor.py:153} INFO - Started process (PID=7037) to work on /home/luan-capella/Documentos/curso_airflow/airflowalura/venv/lib/python3.9/site-packages/airflow/example_dags/example_trigger_target_dag.py
[2025-02-06 19:04:37,523] {processor.py:641} INFO - Processing file /home/luan-capella/Documentos/curso_airflow/airflowalura/venv/lib/python3.9/site-packages/airflow/example_dags/example_trigger_target_dag.py for tasks to queue
[2025-02-06 19:04:37,523] {logging_mixin.py:115} INFO - [2025-02-06 19:04:37,523] {dagbag.py:507} INFO - Filling up the DagBag from /home/luan-capella/Documentos/curso_airflow/airflowalura/venv/lib/python3.9/site-packages/airflow/example_dags/example_trigger_target_dag.py
[2025-02-06 19:04:37,535] {processor.py:651} INFO - DAG(s) dict_keys(['example_trigger_target_dag']) retrieved from /home/luan-capella/Documentos/curso_airflow/airflowalura/venv/lib/python3.9/site-packages/airflow/example_dags/example_trigger_target_dag.py
[2025-02-06 19:04:37,546] {logging_mixin.py:115} INFO - [2025-02-06 19:04:37,546] {dag.py:2379} INFO - Sync 1 DAGs
[2025-02-06 19:04:37,560] {logging_mixin.py:115} INFO - [2025-02-06 19:04:37,560] {dag.py:2927} INFO - Setting next_dagrun for example_trigger_target_dag to None, run_after=None
[2025-02-06 19:04:37,570] {processor.py:161} INFO - Processing /home/luan-capella/Documentos/curso_airflow/airflowalura/venv/lib/python3.9/site-packages/airflow/example_dags/example_trigger_target_dag.py took 0.051 seconds
[2025-02-06 19:43:10,581] {processor.py:153} INFO - Started process (PID=14263) to work on /home/luan-capella/Documentos/curso_airflow/airflowalura/venv/lib/python3.9/site-packages/airflow/example_dags/example_trigger_target_dag.py
[2025-02-06 19:43:10,587] {processor.py:641} INFO - Processing file /home/luan-capella/Documentos/curso_airflow/airflowalura/venv/lib/python3.9/site-packages/airflow/example_dags/example_trigger_target_dag.py for tasks to queue
[2025-02-06 19:43:10,587] {logging_mixin.py:115} INFO - [2025-02-06 19:43:10,587] {dagbag.py:507} INFO - Filling up the DagBag from /home/luan-capella/Documentos/curso_airflow/airflowalura/venv/lib/python3.9/site-packages/airflow/example_dags/example_trigger_target_dag.py
[2025-02-06 19:43:10,601] {processor.py:651} INFO - DAG(s) dict_keys(['example_trigger_target_dag']) retrieved from /home/luan-capella/Documentos/curso_airflow/airflowalura/venv/lib/python3.9/site-packages/airflow/example_dags/example_trigger_target_dag.py
[2025-02-06 19:43:10,614] {logging_mixin.py:115} INFO - [2025-02-06 19:43:10,614] {dag.py:2379} INFO - Sync 1 DAGs
[2025-02-06 19:43:10,632] {logging_mixin.py:115} INFO - [2025-02-06 19:43:10,632] {dag.py:2927} INFO - Setting next_dagrun for example_trigger_target_dag to None, run_after=None
[2025-02-06 19:43:10,660] {processor.py:161} INFO - Processing /home/luan-capella/Documentos/curso_airflow/airflowalura/venv/lib/python3.9/site-packages/airflow/example_dags/example_trigger_target_dag.py took 0.082 seconds
[2025-02-06 19:43:45,720] {processor.py:153} INFO - Started process (PID=14482) to work on /home/luan-capella/Documentos/curso_airflow/airflowalura/venv/lib/python3.9/site-packages/airflow/example_dags/example_trigger_target_dag.py
[2025-02-06 19:43:45,721] {processor.py:641} INFO - Processing file /home/luan-capella/Documentos/curso_airflow/airflowalura/venv/lib/python3.9/site-packages/airflow/example_dags/example_trigger_target_dag.py for tasks to queue
[2025-02-06 19:43:45,722] {logging_mixin.py:115} INFO - [2025-02-06 19:43:45,722] {dagbag.py:507} INFO - Filling up the DagBag from /home/luan-capella/Documentos/curso_airflow/airflowalura/venv/lib/python3.9/site-packages/airflow/example_dags/example_trigger_target_dag.py
[2025-02-06 19:43:45,742] {processor.py:651} INFO - DAG(s) dict_keys(['example_trigger_target_dag']) retrieved from /home/luan-capella/Documentos/curso_airflow/airflowalura/venv/lib/python3.9/site-packages/airflow/example_dags/example_trigger_target_dag.py
[2025-02-06 19:43:45,756] {logging_mixin.py:115} INFO - [2025-02-06 19:43:45,756] {dag.py:2379} INFO - Sync 1 DAGs
[2025-02-06 19:43:45,772] {logging_mixin.py:115} INFO - [2025-02-06 19:43:45,772] {dag.py:2927} INFO - Setting next_dagrun for example_trigger_target_dag to None, run_after=None
[2025-02-06 19:43:45,790] {processor.py:161} INFO - Processing /home/luan-capella/Documentos/curso_airflow/airflowalura/venv/lib/python3.9/site-packages/airflow/example_dags/example_trigger_target_dag.py took 0.075 seconds
[2025-02-06 19:44:21,585] {processor.py:153} INFO - Started process (PID=14662) to work on /home/luan-capella/Documentos/curso_airflow/airflowalura/venv/lib/python3.9/site-packages/airflow/example_dags/example_trigger_target_dag.py
[2025-02-06 19:44:21,586] {processor.py:641} INFO - Processing file /home/luan-capella/Documentos/curso_airflow/airflowalura/venv/lib/python3.9/site-packages/airflow/example_dags/example_trigger_target_dag.py for tasks to queue
[2025-02-06 19:44:21,586] {logging_mixin.py:115} INFO - [2025-02-06 19:44:21,586] {dagbag.py:507} INFO - Filling up the DagBag from /home/luan-capella/Documentos/curso_airflow/airflowalura/venv/lib/python3.9/site-packages/airflow/example_dags/example_trigger_target_dag.py
[2025-02-06 19:44:21,600] {processor.py:651} INFO - DAG(s) dict_keys(['example_trigger_target_dag']) retrieved from /home/luan-capella/Documentos/curso_airflow/airflowalura/venv/lib/python3.9/site-packages/airflow/example_dags/example_trigger_target_dag.py
[2025-02-06 19:44:21,611] {logging_mixin.py:115} INFO - [2025-02-06 19:44:21,611] {dag.py:2379} INFO - Sync 1 DAGs
[2025-02-06 19:44:21,626] {logging_mixin.py:115} INFO - [2025-02-06 19:44:21,625] {dag.py:2927} INFO - Setting next_dagrun for example_trigger_target_dag to None, run_after=None
[2025-02-06 19:44:21,637] {processor.py:161} INFO - Processing /home/luan-capella/Documentos/curso_airflow/airflowalura/venv/lib/python3.9/site-packages/airflow/example_dags/example_trigger_target_dag.py took 0.057 seconds
[2025-02-06 19:44:58,149] {processor.py:153} INFO - Started process (PID=14900) to work on /home/luan-capella/Documentos/curso_airflow/airflowalura/venv/lib/python3.9/site-packages/airflow/example_dags/example_trigger_target_dag.py
[2025-02-06 19:44:58,150] {processor.py:641} INFO - Processing file /home/luan-capella/Documentos/curso_airflow/airflowalura/venv/lib/python3.9/site-packages/airflow/example_dags/example_trigger_target_dag.py for tasks to queue
[2025-02-06 19:44:58,151] {logging_mixin.py:115} INFO - [2025-02-06 19:44:58,151] {dagbag.py:507} INFO - Filling up the DagBag from /home/luan-capella/Documentos/curso_airflow/airflowalura/venv/lib/python3.9/site-packages/airflow/example_dags/example_trigger_target_dag.py
[2025-02-06 19:44:58,164] {processor.py:651} INFO - DAG(s) dict_keys(['example_trigger_target_dag']) retrieved from /home/luan-capella/Documentos/curso_airflow/airflowalura/venv/lib/python3.9/site-packages/airflow/example_dags/example_trigger_target_dag.py
[2025-02-06 19:44:58,177] {logging_mixin.py:115} INFO - [2025-02-06 19:44:58,177] {dag.py:2379} INFO - Sync 1 DAGs
[2025-02-06 19:44:58,192] {logging_mixin.py:115} INFO - [2025-02-06 19:44:58,192] {dag.py:2927} INFO - Setting next_dagrun for example_trigger_target_dag to None, run_after=None
[2025-02-06 19:44:58,203] {processor.py:161} INFO - Processing /home/luan-capella/Documentos/curso_airflow/airflowalura/venv/lib/python3.9/site-packages/airflow/example_dags/example_trigger_target_dag.py took 0.060 seconds
