[2025-02-06 19:04:42,221] {processor.py:153} INFO - Started process (PID=7101) to work on /home/luan-capella/Documentos/curso_airflow/airflowalura/venv/lib/python3.9/site-packages/airflow/example_dags/example_trigger_controller_dag.py
[2025-02-06 19:04:42,222] {processor.py:641} INFO - Processing file /home/luan-capella/Documentos/curso_airflow/airflowalura/venv/lib/python3.9/site-packages/airflow/example_dags/example_trigger_controller_dag.py for tasks to queue
[2025-02-06 19:04:42,223] {logging_mixin.py:115} INFO - [2025-02-06 19:04:42,223] {dagbag.py:507} INFO - Filling up the DagBag from /home/luan-capella/Documentos/curso_airflow/airflowalura/venv/lib/python3.9/site-packages/airflow/example_dags/example_trigger_controller_dag.py
[2025-02-06 19:04:42,229] {processor.py:651} INFO - DAG(s) dict_keys(['example_trigger_controller_dag']) retrieved from /home/luan-capella/Documentos/curso_airflow/airflowalura/venv/lib/python3.9/site-packages/airflow/example_dags/example_trigger_controller_dag.py
[2025-02-06 19:04:42,245] {logging_mixin.py:115} INFO - [2025-02-06 19:04:42,245] {dag.py:2379} INFO - Sync 1 DAGs
[2025-02-06 19:04:42,258] {logging_mixin.py:115} INFO - [2025-02-06 19:04:42,258] {dag.py:2927} INFO - Setting next_dagrun for example_trigger_controller_dag to 2021-01-01T00:00:00+00:00, run_after=2021-01-01T00:00:00+00:00
[2025-02-06 19:04:42,269] {processor.py:161} INFO - Processing /home/luan-capella/Documentos/curso_airflow/airflowalura/venv/lib/python3.9/site-packages/airflow/example_dags/example_trigger_controller_dag.py took 0.054 seconds
[2025-02-06 19:43:14,359] {processor.py:153} INFO - Started process (PID=14305) to work on /home/luan-capella/Documentos/curso_airflow/airflowalura/venv/lib/python3.9/site-packages/airflow/example_dags/example_trigger_controller_dag.py
[2025-02-06 19:43:14,360] {processor.py:641} INFO - Processing file /home/luan-capella/Documentos/curso_airflow/airflowalura/venv/lib/python3.9/site-packages/airflow/example_dags/example_trigger_controller_dag.py for tasks to queue
[2025-02-06 19:43:14,361] {logging_mixin.py:115} INFO - [2025-02-06 19:43:14,360] {dagbag.py:507} INFO - Filling up the DagBag from /home/luan-capella/Documentos/curso_airflow/airflowalura/venv/lib/python3.9/site-packages/airflow/example_dags/example_trigger_controller_dag.py
[2025-02-06 19:43:14,364] {processor.py:651} INFO - DAG(s) dict_keys(['example_trigger_controller_dag']) retrieved from /home/luan-capella/Documentos/curso_airflow/airflowalura/venv/lib/python3.9/site-packages/airflow/example_dags/example_trigger_controller_dag.py
[2025-02-06 19:43:14,379] {logging_mixin.py:115} INFO - [2025-02-06 19:43:14,379] {dag.py:2379} INFO - Sync 1 DAGs
[2025-02-06 19:43:14,395] {logging_mixin.py:115} INFO - [2025-02-06 19:43:14,395] {dag.py:2927} INFO - Setting next_dagrun for example_trigger_controller_dag to 2021-01-01T00:00:00+00:00, run_after=2021-01-01T00:00:00+00:00
[2025-02-06 19:43:14,407] {processor.py:161} INFO - Processing /home/luan-capella/Documentos/curso_airflow/airflowalura/venv/lib/python3.9/site-packages/airflow/example_dags/example_trigger_controller_dag.py took 0.051 seconds
[2025-02-06 19:43:49,412] {processor.py:153} INFO - Started process (PID=14508) to work on /home/luan-capella/Documentos/curso_airflow/airflowalura/venv/lib/python3.9/site-packages/airflow/example_dags/example_trigger_controller_dag.py
[2025-02-06 19:43:49,413] {processor.py:641} INFO - Processing file /home/luan-capella/Documentos/curso_airflow/airflowalura/venv/lib/python3.9/site-packages/airflow/example_dags/example_trigger_controller_dag.py for tasks to queue
[2025-02-06 19:43:49,414] {logging_mixin.py:115} INFO - [2025-02-06 19:43:49,414] {dagbag.py:507} INFO - Filling up the DagBag from /home/luan-capella/Documentos/curso_airflow/airflowalura/venv/lib/python3.9/site-packages/airflow/example_dags/example_trigger_controller_dag.py
[2025-02-06 19:43:49,417] {processor.py:651} INFO - DAG(s) dict_keys(['example_trigger_controller_dag']) retrieved from /home/luan-capella/Documentos/curso_airflow/airflowalura/venv/lib/python3.9/site-packages/airflow/example_dags/example_trigger_controller_dag.py
[2025-02-06 19:43:49,433] {logging_mixin.py:115} INFO - [2025-02-06 19:43:49,433] {dag.py:2379} INFO - Sync 1 DAGs
[2025-02-06 19:43:49,449] {logging_mixin.py:115} INFO - [2025-02-06 19:43:49,449] {dag.py:2927} INFO - Setting next_dagrun for example_trigger_controller_dag to 2021-01-01T00:00:00+00:00, run_after=2021-01-01T00:00:00+00:00
[2025-02-06 19:43:49,463] {processor.py:161} INFO - Processing /home/luan-capella/Documentos/curso_airflow/airflowalura/venv/lib/python3.9/site-packages/airflow/example_dags/example_trigger_controller_dag.py took 0.055 seconds
[2025-02-06 19:44:25,483] {processor.py:153} INFO - Started process (PID=14677) to work on /home/luan-capella/Documentos/curso_airflow/airflowalura/venv/lib/python3.9/site-packages/airflow/example_dags/example_trigger_controller_dag.py
[2025-02-06 19:44:25,484] {processor.py:641} INFO - Processing file /home/luan-capella/Documentos/curso_airflow/airflowalura/venv/lib/python3.9/site-packages/airflow/example_dags/example_trigger_controller_dag.py for tasks to queue
[2025-02-06 19:44:25,484] {logging_mixin.py:115} INFO - [2025-02-06 19:44:25,484] {dagbag.py:507} INFO - Filling up the DagBag from /home/luan-capella/Documentos/curso_airflow/airflowalura/venv/lib/python3.9/site-packages/airflow/example_dags/example_trigger_controller_dag.py
[2025-02-06 19:44:25,488] {processor.py:651} INFO - DAG(s) dict_keys(['example_trigger_controller_dag']) retrieved from /home/luan-capella/Documentos/curso_airflow/airflowalura/venv/lib/python3.9/site-packages/airflow/example_dags/example_trigger_controller_dag.py
[2025-02-06 19:44:25,506] {logging_mixin.py:115} INFO - [2025-02-06 19:44:25,506] {dag.py:2379} INFO - Sync 1 DAGs
[2025-02-06 19:44:25,522] {logging_mixin.py:115} INFO - [2025-02-06 19:44:25,521] {dag.py:2927} INFO - Setting next_dagrun for example_trigger_controller_dag to 2021-01-01T00:00:00+00:00, run_after=2021-01-01T00:00:00+00:00
[2025-02-06 19:44:25,535] {processor.py:161} INFO - Processing /home/luan-capella/Documentos/curso_airflow/airflowalura/venv/lib/python3.9/site-packages/airflow/example_dags/example_trigger_controller_dag.py took 0.055 seconds
[2025-02-06 19:45:02,190] {processor.py:153} INFO - Started process (PID=14918) to work on /home/luan-capella/Documentos/curso_airflow/airflowalura/venv/lib/python3.9/site-packages/airflow/example_dags/example_trigger_controller_dag.py
[2025-02-06 19:45:02,191] {processor.py:641} INFO - Processing file /home/luan-capella/Documentos/curso_airflow/airflowalura/venv/lib/python3.9/site-packages/airflow/example_dags/example_trigger_controller_dag.py for tasks to queue
[2025-02-06 19:45:02,192] {logging_mixin.py:115} INFO - [2025-02-06 19:45:02,192] {dagbag.py:507} INFO - Filling up the DagBag from /home/luan-capella/Documentos/curso_airflow/airflowalura/venv/lib/python3.9/site-packages/airflow/example_dags/example_trigger_controller_dag.py
[2025-02-06 19:45:02,196] {processor.py:651} INFO - DAG(s) dict_keys(['example_trigger_controller_dag']) retrieved from /home/luan-capella/Documentos/curso_airflow/airflowalura/venv/lib/python3.9/site-packages/airflow/example_dags/example_trigger_controller_dag.py
[2025-02-06 19:45:02,212] {logging_mixin.py:115} INFO - [2025-02-06 19:45:02,212] {dag.py:2379} INFO - Sync 1 DAGs
[2025-02-06 19:45:02,225] {logging_mixin.py:115} INFO - [2025-02-06 19:45:02,225] {dag.py:2927} INFO - Setting next_dagrun for example_trigger_controller_dag to 2021-01-01T00:00:00+00:00, run_after=2021-01-01T00:00:00+00:00
[2025-02-06 19:45:02,237] {processor.py:161} INFO - Processing /home/luan-capella/Documentos/curso_airflow/airflowalura/venv/lib/python3.9/site-packages/airflow/example_dags/example_trigger_controller_dag.py took 0.050 seconds
