[2025-02-06 19:04:49,003] {processor.py:153} INFO - Started process (PID=7148) to work on /home/luan-capella/Documentos/curso_airflow/airflowalura/venv/lib/python3.9/site-packages/airflow/example_dags/example_short_circuit_operator.py
[2025-02-06 19:04:49,003] {processor.py:641} INFO - Processing file /home/luan-capella/Documentos/curso_airflow/airflowalura/venv/lib/python3.9/site-packages/airflow/example_dags/example_short_circuit_operator.py for tasks to queue
[2025-02-06 19:04:49,004] {logging_mixin.py:115} INFO - [2025-02-06 19:04:49,004] {dagbag.py:507} INFO - Filling up the DagBag from /home/luan-capella/Documentos/curso_airflow/airflowalura/venv/lib/python3.9/site-packages/airflow/example_dags/example_short_circuit_operator.py
[2025-02-06 19:04:49,011] {processor.py:651} INFO - DAG(s) dict_keys(['example_short_circuit_operator']) retrieved from /home/luan-capella/Documentos/curso_airflow/airflowalura/venv/lib/python3.9/site-packages/airflow/example_dags/example_short_circuit_operator.py
[2025-02-06 19:04:49,025] {logging_mixin.py:115} INFO - [2025-02-06 19:04:49,025] {dag.py:2379} INFO - Sync 1 DAGs
[2025-02-06 19:04:49,038] {logging_mixin.py:115} INFO - [2025-02-06 19:04:49,038] {dag.py:2927} INFO - Setting next_dagrun for example_short_circuit_operator to 2025-02-05T22:04:49.038389+00:00, run_after=2025-02-06T22:04:49.038389+00:00
[2025-02-06 19:04:49,051] {processor.py:161} INFO - Processing /home/luan-capella/Documentos/curso_airflow/airflowalura/venv/lib/python3.9/site-packages/airflow/example_dags/example_short_circuit_operator.py took 0.051 seconds
[2025-02-06 19:43:22,014] {processor.py:153} INFO - Started process (PID=14346) to work on /home/luan-capella/Documentos/curso_airflow/airflowalura/venv/lib/python3.9/site-packages/airflow/example_dags/example_short_circuit_operator.py
[2025-02-06 19:43:22,015] {processor.py:641} INFO - Processing file /home/luan-capella/Documentos/curso_airflow/airflowalura/venv/lib/python3.9/site-packages/airflow/example_dags/example_short_circuit_operator.py for tasks to queue
[2025-02-06 19:43:22,016] {logging_mixin.py:115} INFO - [2025-02-06 19:43:22,016] {dagbag.py:507} INFO - Filling up the DagBag from /home/luan-capella/Documentos/curso_airflow/airflowalura/venv/lib/python3.9/site-packages/airflow/example_dags/example_short_circuit_operator.py
[2025-02-06 19:43:22,023] {processor.py:651} INFO - DAG(s) dict_keys(['example_short_circuit_operator']) retrieved from /home/luan-capella/Documentos/curso_airflow/airflowalura/venv/lib/python3.9/site-packages/airflow/example_dags/example_short_circuit_operator.py
[2025-02-06 19:43:22,036] {logging_mixin.py:115} INFO - [2025-02-06 19:43:22,036] {dag.py:2379} INFO - Sync 1 DAGs
[2025-02-06 19:43:22,051] {logging_mixin.py:115} INFO - [2025-02-06 19:43:22,051] {dag.py:2927} INFO - Setting next_dagrun for example_short_circuit_operator to 2025-02-05T22:43:22.051417+00:00, run_after=2025-02-06T22:43:22.051417+00:00
[2025-02-06 19:43:22,067] {processor.py:161} INFO - Processing /home/luan-capella/Documentos/curso_airflow/airflowalura/venv/lib/python3.9/site-packages/airflow/example_dags/example_short_circuit_operator.py took 0.055 seconds
[2025-02-06 19:43:58,476] {processor.py:153} INFO - Started process (PID=14557) to work on /home/luan-capella/Documentos/curso_airflow/airflowalura/venv/lib/python3.9/site-packages/airflow/example_dags/example_short_circuit_operator.py
[2025-02-06 19:43:58,478] {processor.py:641} INFO - Processing file /home/luan-capella/Documentos/curso_airflow/airflowalura/venv/lib/python3.9/site-packages/airflow/example_dags/example_short_circuit_operator.py for tasks to queue
[2025-02-06 19:43:58,479] {logging_mixin.py:115} INFO - [2025-02-06 19:43:58,478] {dagbag.py:507} INFO - Filling up the DagBag from /home/luan-capella/Documentos/curso_airflow/airflowalura/venv/lib/python3.9/site-packages/airflow/example_dags/example_short_circuit_operator.py
[2025-02-06 19:43:58,494] {processor.py:651} INFO - DAG(s) dict_keys(['example_short_circuit_operator']) retrieved from /home/luan-capella/Documentos/curso_airflow/airflowalura/venv/lib/python3.9/site-packages/airflow/example_dags/example_short_circuit_operator.py
[2025-02-06 19:43:58,507] {logging_mixin.py:115} INFO - [2025-02-06 19:43:58,507] {dag.py:2379} INFO - Sync 1 DAGs
[2025-02-06 19:43:58,521] {logging_mixin.py:115} INFO - [2025-02-06 19:43:58,521] {dag.py:2927} INFO - Setting next_dagrun for example_short_circuit_operator to 2025-02-05T22:43:58.521102+00:00, run_after=2025-02-06T22:43:58.521102+00:00
[2025-02-06 19:43:58,533] {processor.py:161} INFO - Processing /home/luan-capella/Documentos/curso_airflow/airflowalura/venv/lib/python3.9/site-packages/airflow/example_dags/example_short_circuit_operator.py took 0.062 seconds
[2025-02-06 19:44:33,385] {processor.py:153} INFO - Started process (PID=14719) to work on /home/luan-capella/Documentos/curso_airflow/airflowalura/venv/lib/python3.9/site-packages/airflow/example_dags/example_short_circuit_operator.py
[2025-02-06 19:44:33,386] {processor.py:641} INFO - Processing file /home/luan-capella/Documentos/curso_airflow/airflowalura/venv/lib/python3.9/site-packages/airflow/example_dags/example_short_circuit_operator.py for tasks to queue
[2025-02-06 19:44:33,386] {logging_mixin.py:115} INFO - [2025-02-06 19:44:33,386] {dagbag.py:507} INFO - Filling up the DagBag from /home/luan-capella/Documentos/curso_airflow/airflowalura/venv/lib/python3.9/site-packages/airflow/example_dags/example_short_circuit_operator.py
[2025-02-06 19:44:33,396] {processor.py:651} INFO - DAG(s) dict_keys(['example_short_circuit_operator']) retrieved from /home/luan-capella/Documentos/curso_airflow/airflowalura/venv/lib/python3.9/site-packages/airflow/example_dags/example_short_circuit_operator.py
[2025-02-06 19:44:33,409] {logging_mixin.py:115} INFO - [2025-02-06 19:44:33,409] {dag.py:2379} INFO - Sync 1 DAGs
[2025-02-06 19:44:33,425] {logging_mixin.py:115} INFO - [2025-02-06 19:44:33,424] {dag.py:2927} INFO - Setting next_dagrun for example_short_circuit_operator to 2025-02-05T22:44:33.424709+00:00, run_after=2025-02-06T22:44:33.424709+00:00
[2025-02-06 19:44:33,436] {processor.py:161} INFO - Processing /home/luan-capella/Documentos/curso_airflow/airflowalura/venv/lib/python3.9/site-packages/airflow/example_dags/example_short_circuit_operator.py took 0.057 seconds
