[2025-02-06 19:04:54,160] {processor.py:153} INFO - Started process (PID=7172) to work on /home/luan-capella/Documentos/curso_airflow/airflowalura/venv/lib/python3.9/site-packages/airflow/example_dags/example_latest_only_with_trigger.py
[2025-02-06 19:04:54,160] {processor.py:641} INFO - Processing file /home/luan-capella/Documentos/curso_airflow/airflowalura/venv/lib/python3.9/site-packages/airflow/example_dags/example_latest_only_with_trigger.py for tasks to queue
[2025-02-06 19:04:54,161] {logging_mixin.py:115} INFO - [2025-02-06 19:04:54,160] {dagbag.py:507} INFO - Filling up the DagBag from /home/luan-capella/Documentos/curso_airflow/airflowalura/venv/lib/python3.9/site-packages/airflow/example_dags/example_latest_only_with_trigger.py
[2025-02-06 19:04:54,166] {processor.py:651} INFO - DAG(s) dict_keys(['latest_only_with_trigger']) retrieved from /home/luan-capella/Documentos/curso_airflow/airflowalura/venv/lib/python3.9/site-packages/airflow/example_dags/example_latest_only_with_trigger.py
[2025-02-06 19:04:54,178] {logging_mixin.py:115} INFO - [2025-02-06 19:04:54,178] {dag.py:2379} INFO - Sync 1 DAGs
[2025-02-06 19:04:54,191] {logging_mixin.py:115} INFO - [2025-02-06 19:04:54,191] {dag.py:2927} INFO - Setting next_dagrun for latest_only_with_trigger to 2025-02-06T18:04:54.190917+00:00, run_after=2025-02-06T22:04:54.190917+00:00
[2025-02-06 19:04:54,202] {processor.py:161} INFO - Processing /home/luan-capella/Documentos/curso_airflow/airflowalura/venv/lib/python3.9/site-packages/airflow/example_dags/example_latest_only_with_trigger.py took 0.046 seconds
[2025-02-06 19:43:27,164] {processor.py:153} INFO - Started process (PID=14367) to work on /home/luan-capella/Documentos/curso_airflow/airflowalura/venv/lib/python3.9/site-packages/airflow/example_dags/example_latest_only_with_trigger.py
[2025-02-06 19:43:27,165] {processor.py:641} INFO - Processing file /home/luan-capella/Documentos/curso_airflow/airflowalura/venv/lib/python3.9/site-packages/airflow/example_dags/example_latest_only_with_trigger.py for tasks to queue
[2025-02-06 19:43:27,165] {logging_mixin.py:115} INFO - [2025-02-06 19:43:27,165] {dagbag.py:507} INFO - Filling up the DagBag from /home/luan-capella/Documentos/curso_airflow/airflowalura/venv/lib/python3.9/site-packages/airflow/example_dags/example_latest_only_with_trigger.py
[2025-02-06 19:43:27,171] {processor.py:651} INFO - DAG(s) dict_keys(['latest_only_with_trigger']) retrieved from /home/luan-capella/Documentos/curso_airflow/airflowalura/venv/lib/python3.9/site-packages/airflow/example_dags/example_latest_only_with_trigger.py
[2025-02-06 19:43:27,186] {logging_mixin.py:115} INFO - [2025-02-06 19:43:27,186] {dag.py:2379} INFO - Sync 1 DAGs
[2025-02-06 19:43:27,201] {logging_mixin.py:115} INFO - [2025-02-06 19:43:27,201] {dag.py:2927} INFO - Setting next_dagrun for latest_only_with_trigger to 2025-02-06T18:43:27.201077+00:00, run_after=2025-02-06T22:43:27.201077+00:00
[2025-02-06 19:43:27,214] {processor.py:161} INFO - Processing /home/luan-capella/Documentos/curso_airflow/airflowalura/venv/lib/python3.9/site-packages/airflow/example_dags/example_latest_only_with_trigger.py took 0.053 seconds
[2025-02-06 19:44:03,576] {processor.py:153} INFO - Started process (PID=14577) to work on /home/luan-capella/Documentos/curso_airflow/airflowalura/venv/lib/python3.9/site-packages/airflow/example_dags/example_latest_only_with_trigger.py
[2025-02-06 19:44:03,577] {processor.py:641} INFO - Processing file /home/luan-capella/Documentos/curso_airflow/airflowalura/venv/lib/python3.9/site-packages/airflow/example_dags/example_latest_only_with_trigger.py for tasks to queue
[2025-02-06 19:44:03,578] {logging_mixin.py:115} INFO - [2025-02-06 19:44:03,577] {dagbag.py:507} INFO - Filling up the DagBag from /home/luan-capella/Documentos/curso_airflow/airflowalura/venv/lib/python3.9/site-packages/airflow/example_dags/example_latest_only_with_trigger.py
[2025-02-06 19:44:03,586] {processor.py:651} INFO - DAG(s) dict_keys(['latest_only_with_trigger']) retrieved from /home/luan-capella/Documentos/curso_airflow/airflowalura/venv/lib/python3.9/site-packages/airflow/example_dags/example_latest_only_with_trigger.py
[2025-02-06 19:44:03,598] {logging_mixin.py:115} INFO - [2025-02-06 19:44:03,598] {dag.py:2379} INFO - Sync 1 DAGs
[2025-02-06 19:44:03,621] {logging_mixin.py:115} INFO - [2025-02-06 19:44:03,620] {dag.py:2927} INFO - Setting next_dagrun for latest_only_with_trigger to 2025-02-06T18:44:03.620625+00:00, run_after=2025-02-06T22:44:03.620625+00:00
[2025-02-06 19:44:03,638] {processor.py:161} INFO - Processing /home/luan-capella/Documentos/curso_airflow/airflowalura/venv/lib/python3.9/site-packages/airflow/example_dags/example_latest_only_with_trigger.py took 0.067 seconds
[2025-02-06 19:44:39,789] {processor.py:153} INFO - Started process (PID=14782) to work on /home/luan-capella/Documentos/curso_airflow/airflowalura/venv/lib/python3.9/site-packages/airflow/example_dags/example_latest_only_with_trigger.py
[2025-02-06 19:44:39,790] {processor.py:641} INFO - Processing file /home/luan-capella/Documentos/curso_airflow/airflowalura/venv/lib/python3.9/site-packages/airflow/example_dags/example_latest_only_with_trigger.py for tasks to queue
[2025-02-06 19:44:39,790] {logging_mixin.py:115} INFO - [2025-02-06 19:44:39,790] {dagbag.py:507} INFO - Filling up the DagBag from /home/luan-capella/Documentos/curso_airflow/airflowalura/venv/lib/python3.9/site-packages/airflow/example_dags/example_latest_only_with_trigger.py
[2025-02-06 19:44:39,795] {processor.py:651} INFO - DAG(s) dict_keys(['latest_only_with_trigger']) retrieved from /home/luan-capella/Documentos/curso_airflow/airflowalura/venv/lib/python3.9/site-packages/airflow/example_dags/example_latest_only_with_trigger.py
[2025-02-06 19:44:39,811] {logging_mixin.py:115} INFO - [2025-02-06 19:44:39,811] {dag.py:2379} INFO - Sync 1 DAGs
[2025-02-06 19:44:39,824] {logging_mixin.py:115} INFO - [2025-02-06 19:44:39,824] {dag.py:2927} INFO - Setting next_dagrun for latest_only_with_trigger to 2025-02-06T18:44:39.824539+00:00, run_after=2025-02-06T22:44:39.824539+00:00
[2025-02-06 19:44:39,839] {processor.py:161} INFO - Processing /home/luan-capella/Documentos/curso_airflow/airflowalura/venv/lib/python3.9/site-packages/airflow/example_dags/example_latest_only_with_trigger.py took 0.052 seconds
