[2025-02-06 19:04:52,497] {processor.py:153} INFO - Started process (PID=7166) to work on /home/luan-capella/Documentos/curso_airflow/airflowalura/venv/lib/python3.9/site-packages/airflow/example_dags/example_dag_decorator.py
[2025-02-06 19:04:52,498] {processor.py:641} INFO - Processing file /home/luan-capella/Documentos/curso_airflow/airflowalura/venv/lib/python3.9/site-packages/airflow/example_dags/example_dag_decorator.py for tasks to queue
[2025-02-06 19:04:52,499] {logging_mixin.py:115} INFO - [2025-02-06 19:04:52,499] {dagbag.py:507} INFO - Filling up the DagBag from /home/luan-capella/Documentos/curso_airflow/airflowalura/venv/lib/python3.9/site-packages/airflow/example_dags/example_dag_decorator.py
[2025-02-06 19:04:52,516] {processor.py:651} INFO - DAG(s) dict_keys(['example_dag_decorator']) retrieved from /home/luan-capella/Documentos/curso_airflow/airflowalura/venv/lib/python3.9/site-packages/airflow/example_dags/example_dag_decorator.py
[2025-02-06 19:04:52,549] {logging_mixin.py:115} INFO - [2025-02-06 19:04:52,549] {dag.py:2379} INFO - Sync 1 DAGs
[2025-02-06 19:04:52,559] {logging_mixin.py:115} INFO - [2025-02-06 19:04:52,559] {dag.py:2927} INFO - Setting next_dagrun for example_dag_decorator to None, run_after=None
[2025-02-06 19:04:52,571] {processor.py:161} INFO - Processing /home/luan-capella/Documentos/curso_airflow/airflowalura/venv/lib/python3.9/site-packages/airflow/example_dags/example_dag_decorator.py took 0.076 seconds
[2025-02-06 19:43:24,884] {processor.py:153} INFO - Started process (PID=14358) to work on /home/luan-capella/Documentos/curso_airflow/airflowalura/venv/lib/python3.9/site-packages/airflow/example_dags/example_dag_decorator.py
[2025-02-06 19:43:24,886] {processor.py:641} INFO - Processing file /home/luan-capella/Documentos/curso_airflow/airflowalura/venv/lib/python3.9/site-packages/airflow/example_dags/example_dag_decorator.py for tasks to queue
[2025-02-06 19:43:24,888] {logging_mixin.py:115} INFO - [2025-02-06 19:43:24,887] {dagbag.py:507} INFO - Filling up the DagBag from /home/luan-capella/Documentos/curso_airflow/airflowalura/venv/lib/python3.9/site-packages/airflow/example_dags/example_dag_decorator.py
[2025-02-06 19:43:24,908] {processor.py:651} INFO - DAG(s) dict_keys(['example_dag_decorator']) retrieved from /home/luan-capella/Documentos/curso_airflow/airflowalura/venv/lib/python3.9/site-packages/airflow/example_dags/example_dag_decorator.py
[2025-02-06 19:43:24,943] {logging_mixin.py:115} INFO - [2025-02-06 19:43:24,943] {dag.py:2379} INFO - Sync 1 DAGs
[2025-02-06 19:43:24,955] {logging_mixin.py:115} INFO - [2025-02-06 19:43:24,955] {dag.py:2927} INFO - Setting next_dagrun for example_dag_decorator to None, run_after=None
[2025-02-06 19:43:24,968] {processor.py:161} INFO - Processing /home/luan-capella/Documentos/curso_airflow/airflowalura/venv/lib/python3.9/site-packages/airflow/example_dags/example_dag_decorator.py took 0.086 seconds
[2025-02-06 19:44:01,291] {processor.py:153} INFO - Started process (PID=14568) to work on /home/luan-capella/Documentos/curso_airflow/airflowalura/venv/lib/python3.9/site-packages/airflow/example_dags/example_dag_decorator.py
[2025-02-06 19:44:01,292] {processor.py:641} INFO - Processing file /home/luan-capella/Documentos/curso_airflow/airflowalura/venv/lib/python3.9/site-packages/airflow/example_dags/example_dag_decorator.py for tasks to queue
[2025-02-06 19:44:01,293] {logging_mixin.py:115} INFO - [2025-02-06 19:44:01,293] {dagbag.py:507} INFO - Filling up the DagBag from /home/luan-capella/Documentos/curso_airflow/airflowalura/venv/lib/python3.9/site-packages/airflow/example_dags/example_dag_decorator.py
[2025-02-06 19:44:01,313] {processor.py:651} INFO - DAG(s) dict_keys(['example_dag_decorator']) retrieved from /home/luan-capella/Documentos/curso_airflow/airflowalura/venv/lib/python3.9/site-packages/airflow/example_dags/example_dag_decorator.py
[2025-02-06 19:44:01,347] {logging_mixin.py:115} INFO - [2025-02-06 19:44:01,347] {dag.py:2379} INFO - Sync 1 DAGs
[2025-02-06 19:44:01,358] {logging_mixin.py:115} INFO - [2025-02-06 19:44:01,357] {dag.py:2927} INFO - Setting next_dagrun for example_dag_decorator to None, run_after=None
[2025-02-06 19:44:01,370] {processor.py:161} INFO - Processing /home/luan-capella/Documentos/curso_airflow/airflowalura/venv/lib/python3.9/site-packages/airflow/example_dags/example_dag_decorator.py took 0.084 seconds
[2025-02-06 19:44:37,379] {processor.py:153} INFO - Started process (PID=14772) to work on /home/luan-capella/Documentos/curso_airflow/airflowalura/venv/lib/python3.9/site-packages/airflow/example_dags/example_dag_decorator.py
[2025-02-06 19:44:37,380] {processor.py:641} INFO - Processing file /home/luan-capella/Documentos/curso_airflow/airflowalura/venv/lib/python3.9/site-packages/airflow/example_dags/example_dag_decorator.py for tasks to queue
[2025-02-06 19:44:37,382] {logging_mixin.py:115} INFO - [2025-02-06 19:44:37,381] {dagbag.py:507} INFO - Filling up the DagBag from /home/luan-capella/Documentos/curso_airflow/airflowalura/venv/lib/python3.9/site-packages/airflow/example_dags/example_dag_decorator.py
[2025-02-06 19:44:37,407] {processor.py:651} INFO - DAG(s) dict_keys(['example_dag_decorator']) retrieved from /home/luan-capella/Documentos/curso_airflow/airflowalura/venv/lib/python3.9/site-packages/airflow/example_dags/example_dag_decorator.py
[2025-02-06 19:44:37,447] {logging_mixin.py:115} INFO - [2025-02-06 19:44:37,446] {dag.py:2379} INFO - Sync 1 DAGs
[2025-02-06 19:44:37,459] {logging_mixin.py:115} INFO - [2025-02-06 19:44:37,459] {dag.py:2927} INFO - Setting next_dagrun for example_dag_decorator to None, run_after=None
[2025-02-06 19:44:37,473] {processor.py:161} INFO - Processing /home/luan-capella/Documentos/curso_airflow/airflowalura/venv/lib/python3.9/site-packages/airflow/example_dags/example_dag_decorator.py took 0.097 seconds
