[2025-02-06 19:04:42,360] {processor.py:153} INFO - Started process (PID=7103) to work on /home/luan-capella/Documentos/curso_airflow/airflowalura/venv/lib/python3.9/site-packages/airflow/example_dags/example_time_delta_sensor_async.py
[2025-02-06 19:04:42,360] {processor.py:641} INFO - Processing file /home/luan-capella/Documentos/curso_airflow/airflowalura/venv/lib/python3.9/site-packages/airflow/example_dags/example_time_delta_sensor_async.py for tasks to queue
[2025-02-06 19:04:42,361] {logging_mixin.py:115} INFO - [2025-02-06 19:04:42,361] {dagbag.py:507} INFO - Filling up the DagBag from /home/luan-capella/Documentos/curso_airflow/airflowalura/venv/lib/python3.9/site-packages/airflow/example_dags/example_time_delta_sensor_async.py
[2025-02-06 19:04:42,369] {processor.py:651} INFO - DAG(s) dict_keys(['example_time_delta_sensor_async']) retrieved from /home/luan-capella/Documentos/curso_airflow/airflowalura/venv/lib/python3.9/site-packages/airflow/example_dags/example_time_delta_sensor_async.py
[2025-02-06 19:04:42,387] {logging_mixin.py:115} INFO - [2025-02-06 19:04:42,387] {dag.py:2379} INFO - Sync 1 DAGs
[2025-02-06 19:04:42,401] {logging_mixin.py:115} INFO - [2025-02-06 19:04:42,401] {dag.py:2927} INFO - Setting next_dagrun for example_time_delta_sensor_async to None, run_after=None
[2025-02-06 19:04:42,413] {processor.py:161} INFO - Processing /home/luan-capella/Documentos/curso_airflow/airflowalura/venv/lib/python3.9/site-packages/airflow/example_dags/example_time_delta_sensor_async.py took 0.056 seconds
[2025-02-06 19:43:14,581] {processor.py:153} INFO - Started process (PID=14306) to work on /home/luan-capella/Documentos/curso_airflow/airflowalura/venv/lib/python3.9/site-packages/airflow/example_dags/example_time_delta_sensor_async.py
[2025-02-06 19:43:14,583] {processor.py:641} INFO - Processing file /home/luan-capella/Documentos/curso_airflow/airflowalura/venv/lib/python3.9/site-packages/airflow/example_dags/example_time_delta_sensor_async.py for tasks to queue
[2025-02-06 19:43:14,584] {logging_mixin.py:115} INFO - [2025-02-06 19:43:14,584] {dagbag.py:507} INFO - Filling up the DagBag from /home/luan-capella/Documentos/curso_airflow/airflowalura/venv/lib/python3.9/site-packages/airflow/example_dags/example_time_delta_sensor_async.py
[2025-02-06 19:43:14,589] {processor.py:651} INFO - DAG(s) dict_keys(['example_time_delta_sensor_async']) retrieved from /home/luan-capella/Documentos/curso_airflow/airflowalura/venv/lib/python3.9/site-packages/airflow/example_dags/example_time_delta_sensor_async.py
[2025-02-06 19:43:14,611] {logging_mixin.py:115} INFO - [2025-02-06 19:43:14,611] {dag.py:2379} INFO - Sync 1 DAGs
[2025-02-06 19:43:14,626] {logging_mixin.py:115} INFO - [2025-02-06 19:43:14,626] {dag.py:2927} INFO - Setting next_dagrun for example_time_delta_sensor_async to None, run_after=None
[2025-02-06 19:43:14,640] {processor.py:161} INFO - Processing /home/luan-capella/Documentos/curso_airflow/airflowalura/venv/lib/python3.9/site-packages/airflow/example_dags/example_time_delta_sensor_async.py took 0.063 seconds
[2025-02-06 19:43:50,005] {processor.py:153} INFO - Started process (PID=14510) to work on /home/luan-capella/Documentos/curso_airflow/airflowalura/venv/lib/python3.9/site-packages/airflow/example_dags/example_time_delta_sensor_async.py
[2025-02-06 19:43:50,006] {processor.py:641} INFO - Processing file /home/luan-capella/Documentos/curso_airflow/airflowalura/venv/lib/python3.9/site-packages/airflow/example_dags/example_time_delta_sensor_async.py for tasks to queue
[2025-02-06 19:43:50,006] {logging_mixin.py:115} INFO - [2025-02-06 19:43:50,006] {dagbag.py:507} INFO - Filling up the DagBag from /home/luan-capella/Documentos/curso_airflow/airflowalura/venv/lib/python3.9/site-packages/airflow/example_dags/example_time_delta_sensor_async.py
[2025-02-06 19:43:50,010] {processor.py:651} INFO - DAG(s) dict_keys(['example_time_delta_sensor_async']) retrieved from /home/luan-capella/Documentos/curso_airflow/airflowalura/venv/lib/python3.9/site-packages/airflow/example_dags/example_time_delta_sensor_async.py
[2025-02-06 19:43:50,028] {logging_mixin.py:115} INFO - [2025-02-06 19:43:50,028] {dag.py:2379} INFO - Sync 1 DAGs
[2025-02-06 19:43:50,041] {logging_mixin.py:115} INFO - [2025-02-06 19:43:50,041] {dag.py:2927} INFO - Setting next_dagrun for example_time_delta_sensor_async to None, run_after=None
[2025-02-06 19:43:50,053] {processor.py:161} INFO - Processing /home/luan-capella/Documentos/curso_airflow/airflowalura/venv/lib/python3.9/site-packages/airflow/example_dags/example_time_delta_sensor_async.py took 0.051 seconds
[2025-02-06 19:44:26,629] {processor.py:153} INFO - Started process (PID=14686) to work on /home/luan-capella/Documentos/curso_airflow/airflowalura/venv/lib/python3.9/site-packages/airflow/example_dags/example_time_delta_sensor_async.py
[2025-02-06 19:44:26,630] {processor.py:641} INFO - Processing file /home/luan-capella/Documentos/curso_airflow/airflowalura/venv/lib/python3.9/site-packages/airflow/example_dags/example_time_delta_sensor_async.py for tasks to queue
[2025-02-06 19:44:26,631] {logging_mixin.py:115} INFO - [2025-02-06 19:44:26,630] {dagbag.py:507} INFO - Filling up the DagBag from /home/luan-capella/Documentos/curso_airflow/airflowalura/venv/lib/python3.9/site-packages/airflow/example_dags/example_time_delta_sensor_async.py
[2025-02-06 19:44:26,634] {processor.py:651} INFO - DAG(s) dict_keys(['example_time_delta_sensor_async']) retrieved from /home/luan-capella/Documentos/curso_airflow/airflowalura/venv/lib/python3.9/site-packages/airflow/example_dags/example_time_delta_sensor_async.py
[2025-02-06 19:44:26,651] {logging_mixin.py:115} INFO - [2025-02-06 19:44:26,651] {dag.py:2379} INFO - Sync 1 DAGs
[2025-02-06 19:44:26,665] {logging_mixin.py:115} INFO - [2025-02-06 19:44:26,665] {dag.py:2927} INFO - Setting next_dagrun for example_time_delta_sensor_async to None, run_after=None
[2025-02-06 19:44:26,677] {processor.py:161} INFO - Processing /home/luan-capella/Documentos/curso_airflow/airflowalura/venv/lib/python3.9/site-packages/airflow/example_dags/example_time_delta_sensor_async.py took 0.050 seconds
