[2025-02-06 19:04:39,937] {processor.py:153} INFO - Started process (PID=7076) to work on /home/luan-capella/Documentos/curso_airflow/airflowalura/venv/lib/python3.9/site-packages/airflow/example_dags/example_task_group.py
[2025-02-06 19:04:39,938] {processor.py:641} INFO - Processing file /home/luan-capella/Documentos/curso_airflow/airflowalura/venv/lib/python3.9/site-packages/airflow/example_dags/example_task_group.py for tasks to queue
[2025-02-06 19:04:39,939] {logging_mixin.py:115} INFO - [2025-02-06 19:04:39,939] {dagbag.py:507} INFO - Filling up the DagBag from /home/luan-capella/Documentos/curso_airflow/airflowalura/venv/lib/python3.9/site-packages/airflow/example_dags/example_task_group.py
[2025-02-06 19:04:39,946] {processor.py:651} INFO - DAG(s) dict_keys(['example_task_group']) retrieved from /home/luan-capella/Documentos/curso_airflow/airflowalura/venv/lib/python3.9/site-packages/airflow/example_dags/example_task_group.py
[2025-02-06 19:04:39,960] {logging_mixin.py:115} INFO - [2025-02-06 19:04:39,960] {dag.py:2379} INFO - Sync 1 DAGs
[2025-02-06 19:04:39,973] {logging_mixin.py:115} INFO - [2025-02-06 19:04:39,972] {dag.py:2927} INFO - Setting next_dagrun for example_task_group to 2025-02-05T22:04:39.972722+00:00, run_after=2025-02-06T22:04:39.972722+00:00
[2025-02-06 19:04:39,984] {processor.py:161} INFO - Processing /home/luan-capella/Documentos/curso_airflow/airflowalura/venv/lib/python3.9/site-packages/airflow/example_dags/example_task_group.py took 0.052 seconds
[2025-02-06 19:43:12,974] {processor.py:153} INFO - Started process (PID=14299) to work on /home/luan-capella/Documentos/curso_airflow/airflowalura/venv/lib/python3.9/site-packages/airflow/example_dags/example_task_group.py
[2025-02-06 19:43:12,975] {processor.py:641} INFO - Processing file /home/luan-capella/Documentos/curso_airflow/airflowalura/venv/lib/python3.9/site-packages/airflow/example_dags/example_task_group.py for tasks to queue
[2025-02-06 19:43:12,975] {logging_mixin.py:115} INFO - [2025-02-06 19:43:12,975] {dagbag.py:507} INFO - Filling up the DagBag from /home/luan-capella/Documentos/curso_airflow/airflowalura/venv/lib/python3.9/site-packages/airflow/example_dags/example_task_group.py
[2025-02-06 19:43:12,984] {processor.py:651} INFO - DAG(s) dict_keys(['example_task_group']) retrieved from /home/luan-capella/Documentos/curso_airflow/airflowalura/venv/lib/python3.9/site-packages/airflow/example_dags/example_task_group.py
[2025-02-06 19:43:13,003] {logging_mixin.py:115} INFO - [2025-02-06 19:43:13,003] {dag.py:2379} INFO - Sync 1 DAGs
[2025-02-06 19:43:13,021] {logging_mixin.py:115} INFO - [2025-02-06 19:43:13,021] {dag.py:2927} INFO - Setting next_dagrun for example_task_group to 2025-02-05T22:43:13.021169+00:00, run_after=2025-02-06T22:43:13.021169+00:00
[2025-02-06 19:43:13,035] {processor.py:161} INFO - Processing /home/luan-capella/Documentos/curso_airflow/airflowalura/venv/lib/python3.9/site-packages/airflow/example_dags/example_task_group.py took 0.064 seconds
[2025-02-06 19:43:47,016] {processor.py:153} INFO - Started process (PID=14488) to work on /home/luan-capella/Documentos/curso_airflow/airflowalura/venv/lib/python3.9/site-packages/airflow/example_dags/example_task_group.py
[2025-02-06 19:43:47,017] {processor.py:641} INFO - Processing file /home/luan-capella/Documentos/curso_airflow/airflowalura/venv/lib/python3.9/site-packages/airflow/example_dags/example_task_group.py for tasks to queue
[2025-02-06 19:43:47,018] {logging_mixin.py:115} INFO - [2025-02-06 19:43:47,017] {dagbag.py:507} INFO - Filling up the DagBag from /home/luan-capella/Documentos/curso_airflow/airflowalura/venv/lib/python3.9/site-packages/airflow/example_dags/example_task_group.py
[2025-02-06 19:43:47,024] {processor.py:651} INFO - DAG(s) dict_keys(['example_task_group']) retrieved from /home/luan-capella/Documentos/curso_airflow/airflowalura/venv/lib/python3.9/site-packages/airflow/example_dags/example_task_group.py
[2025-02-06 19:43:47,038] {logging_mixin.py:115} INFO - [2025-02-06 19:43:47,038] {dag.py:2379} INFO - Sync 1 DAGs
[2025-02-06 19:43:47,051] {logging_mixin.py:115} INFO - [2025-02-06 19:43:47,051] {dag.py:2927} INFO - Setting next_dagrun for example_task_group to 2025-02-05T22:43:47.051299+00:00, run_after=2025-02-06T22:43:47.051299+00:00
[2025-02-06 19:43:47,065] {processor.py:161} INFO - Processing /home/luan-capella/Documentos/curso_airflow/airflowalura/venv/lib/python3.9/site-packages/airflow/example_dags/example_task_group.py took 0.051 seconds
[2025-02-06 19:44:23,085] {processor.py:153} INFO - Started process (PID=14666) to work on /home/luan-capella/Documentos/curso_airflow/airflowalura/venv/lib/python3.9/site-packages/airflow/example_dags/example_task_group.py
[2025-02-06 19:44:23,087] {processor.py:641} INFO - Processing file /home/luan-capella/Documentos/curso_airflow/airflowalura/venv/lib/python3.9/site-packages/airflow/example_dags/example_task_group.py for tasks to queue
[2025-02-06 19:44:23,087] {logging_mixin.py:115} INFO - [2025-02-06 19:44:23,087] {dagbag.py:507} INFO - Filling up the DagBag from /home/luan-capella/Documentos/curso_airflow/airflowalura/venv/lib/python3.9/site-packages/airflow/example_dags/example_task_group.py
[2025-02-06 19:44:23,099] {processor.py:651} INFO - DAG(s) dict_keys(['example_task_group']) retrieved from /home/luan-capella/Documentos/curso_airflow/airflowalura/venv/lib/python3.9/site-packages/airflow/example_dags/example_task_group.py
[2025-02-06 19:44:23,113] {logging_mixin.py:115} INFO - [2025-02-06 19:44:23,113] {dag.py:2379} INFO - Sync 1 DAGs
[2025-02-06 19:44:23,128] {logging_mixin.py:115} INFO - [2025-02-06 19:44:23,128] {dag.py:2927} INFO - Setting next_dagrun for example_task_group to 2025-02-05T22:44:23.128086+00:00, run_after=2025-02-06T22:44:23.128086+00:00
[2025-02-06 19:44:23,141] {processor.py:161} INFO - Processing /home/luan-capella/Documentos/curso_airflow/airflowalura/venv/lib/python3.9/site-packages/airflow/example_dags/example_task_group.py took 0.061 seconds
[2025-02-06 19:45:00,121] {processor.py:153} INFO - Started process (PID=14908) to work on /home/luan-capella/Documentos/curso_airflow/airflowalura/venv/lib/python3.9/site-packages/airflow/example_dags/example_task_group.py
[2025-02-06 19:45:00,122] {processor.py:641} INFO - Processing file /home/luan-capella/Documentos/curso_airflow/airflowalura/venv/lib/python3.9/site-packages/airflow/example_dags/example_task_group.py for tasks to queue
[2025-02-06 19:45:00,122] {logging_mixin.py:115} INFO - [2025-02-06 19:45:00,122] {dagbag.py:507} INFO - Filling up the DagBag from /home/luan-capella/Documentos/curso_airflow/airflowalura/venv/lib/python3.9/site-packages/airflow/example_dags/example_task_group.py
[2025-02-06 19:45:00,129] {processor.py:651} INFO - DAG(s) dict_keys(['example_task_group']) retrieved from /home/luan-capella/Documentos/curso_airflow/airflowalura/venv/lib/python3.9/site-packages/airflow/example_dags/example_task_group.py
[2025-02-06 19:45:00,142] {logging_mixin.py:115} INFO - [2025-02-06 19:45:00,142] {dag.py:2379} INFO - Sync 1 DAGs
[2025-02-06 19:45:00,156] {logging_mixin.py:115} INFO - [2025-02-06 19:45:00,156] {dag.py:2927} INFO - Setting next_dagrun for example_task_group to 2025-02-05T22:45:00.156068+00:00, run_after=2025-02-06T22:45:00.156068+00:00
[2025-02-06 19:45:00,168] {processor.py:161} INFO - Processing /home/luan-capella/Documentos/curso_airflow/airflowalura/venv/lib/python3.9/site-packages/airflow/example_dags/example_task_group.py took 0.050 seconds
