[2025-02-06 19:04:34,666] {processor.py:153} INFO - Started process (PID=7023) to work on /home/luan-capella/Documentos/curso_airflow/airflowalura/venv/lib/python3.9/site-packages/airflow/example_dags/example_xcom.py
[2025-02-06 19:04:34,666] {processor.py:641} INFO - Processing file /home/luan-capella/Documentos/curso_airflow/airflowalura/venv/lib/python3.9/site-packages/airflow/example_dags/example_xcom.py for tasks to queue
[2025-02-06 19:04:34,667] {logging_mixin.py:115} INFO - [2025-02-06 19:04:34,667] {dagbag.py:507} INFO - Filling up the DagBag from /home/luan-capella/Documentos/curso_airflow/airflowalura/venv/lib/python3.9/site-packages/airflow/example_dags/example_xcom.py
[2025-02-06 19:04:34,681] {processor.py:651} INFO - DAG(s) dict_keys(['example_xcom']) retrieved from /home/luan-capella/Documentos/curso_airflow/airflowalura/venv/lib/python3.9/site-packages/airflow/example_dags/example_xcom.py
[2025-02-06 19:04:34,716] {logging_mixin.py:115} INFO - [2025-02-06 19:04:34,716] {dag.py:2379} INFO - Sync 1 DAGs
[2025-02-06 19:04:34,727] {logging_mixin.py:115} INFO - [2025-02-06 19:04:34,727] {dag.py:2927} INFO - Setting next_dagrun for example_xcom to 2021-01-01T00:00:00+00:00, run_after=2021-01-01T00:00:00+00:00
[2025-02-06 19:04:34,740] {processor.py:161} INFO - Processing /home/luan-capella/Documentos/curso_airflow/airflowalura/venv/lib/python3.9/site-packages/airflow/example_dags/example_xcom.py took 0.076 seconds
[2025-02-06 19:42:41,556] {processor.py:153} INFO - Started process (PID=13949) to work on /home/luan-capella/Documentos/curso_airflow/airflowalura/venv/lib/python3.9/site-packages/airflow/example_dags/example_xcom.py
[2025-02-06 19:42:41,557] {processor.py:641} INFO - Processing file /home/luan-capella/Documentos/curso_airflow/airflowalura/venv/lib/python3.9/site-packages/airflow/example_dags/example_xcom.py for tasks to queue
[2025-02-06 19:42:41,558] {logging_mixin.py:115} INFO - [2025-02-06 19:42:41,558] {dagbag.py:507} INFO - Filling up the DagBag from /home/luan-capella/Documentos/curso_airflow/airflowalura/venv/lib/python3.9/site-packages/airflow/example_dags/example_xcom.py
[2025-02-06 19:42:41,576] {processor.py:651} INFO - DAG(s) dict_keys(['example_xcom']) retrieved from /home/luan-capella/Documentos/curso_airflow/airflowalura/venv/lib/python3.9/site-packages/airflow/example_dags/example_xcom.py
[2025-02-06 19:42:41,615] {logging_mixin.py:115} INFO - [2025-02-06 19:42:41,614] {dag.py:2379} INFO - Sync 1 DAGs
[2025-02-06 19:42:41,629] {logging_mixin.py:115} INFO - [2025-02-06 19:42:41,629] {dag.py:2927} INFO - Setting next_dagrun for example_xcom to 2021-01-01T00:00:00+00:00, run_after=2021-01-01T00:00:00+00:00
[2025-02-06 19:42:41,642] {processor.py:161} INFO - Processing /home/luan-capella/Documentos/curso_airflow/airflowalura/venv/lib/python3.9/site-packages/airflow/example_dags/example_xcom.py took 0.092 seconds
[2025-02-06 19:43:06,571] {processor.py:153} INFO - Started process (PID=14244) to work on /home/luan-capella/Documentos/curso_airflow/airflowalura/venv/lib/python3.9/site-packages/airflow/example_dags/example_xcom.py
[2025-02-06 19:43:06,577] {processor.py:641} INFO - Processing file /home/luan-capella/Documentos/curso_airflow/airflowalura/venv/lib/python3.9/site-packages/airflow/example_dags/example_xcom.py for tasks to queue
[2025-02-06 19:43:06,577] {logging_mixin.py:115} INFO - [2025-02-06 19:43:06,577] {dagbag.py:507} INFO - Filling up the DagBag from /home/luan-capella/Documentos/curso_airflow/airflowalura/venv/lib/python3.9/site-packages/airflow/example_dags/example_xcom.py
[2025-02-06 19:43:06,591] {processor.py:651} INFO - DAG(s) dict_keys(['example_xcom']) retrieved from /home/luan-capella/Documentos/curso_airflow/airflowalura/venv/lib/python3.9/site-packages/airflow/example_dags/example_xcom.py
[2025-02-06 19:43:06,598] {logging_mixin.py:115} INFO - [2025-02-06 19:43:06,598] {dag.py:2379} INFO - Sync 1 DAGs
[2025-02-06 19:43:06,611] {logging_mixin.py:115} INFO - [2025-02-06 19:43:06,611] {dag.py:2927} INFO - Setting next_dagrun for example_xcom to 2021-01-01T00:00:00+00:00, run_after=2021-01-01T00:00:00+00:00
[2025-02-06 19:43:06,643] {processor.py:161} INFO - Processing /home/luan-capella/Documentos/curso_airflow/airflowalura/venv/lib/python3.9/site-packages/airflow/example_dags/example_xcom.py took 0.074 seconds
[2025-02-06 19:43:41,874] {processor.py:153} INFO - Started process (PID=14449) to work on /home/luan-capella/Documentos/curso_airflow/airflowalura/venv/lib/python3.9/site-packages/airflow/example_dags/example_xcom.py
[2025-02-06 19:43:41,875] {processor.py:641} INFO - Processing file /home/luan-capella/Documentos/curso_airflow/airflowalura/venv/lib/python3.9/site-packages/airflow/example_dags/example_xcom.py for tasks to queue
[2025-02-06 19:43:41,875] {logging_mixin.py:115} INFO - [2025-02-06 19:43:41,875] {dagbag.py:507} INFO - Filling up the DagBag from /home/luan-capella/Documentos/curso_airflow/airflowalura/venv/lib/python3.9/site-packages/airflow/example_dags/example_xcom.py
[2025-02-06 19:43:41,889] {processor.py:651} INFO - DAG(s) dict_keys(['example_xcom']) retrieved from /home/luan-capella/Documentos/curso_airflow/airflowalura/venv/lib/python3.9/site-packages/airflow/example_dags/example_xcom.py
[2025-02-06 19:43:41,923] {logging_mixin.py:115} INFO - [2025-02-06 19:43:41,923] {dag.py:2379} INFO - Sync 1 DAGs
[2025-02-06 19:43:41,934] {logging_mixin.py:115} INFO - [2025-02-06 19:43:41,934] {dag.py:2927} INFO - Setting next_dagrun for example_xcom to 2021-01-01T00:00:00+00:00, run_after=2021-01-01T00:00:00+00:00
[2025-02-06 19:43:41,951] {processor.py:161} INFO - Processing /home/luan-capella/Documentos/curso_airflow/airflowalura/venv/lib/python3.9/site-packages/airflow/example_dags/example_xcom.py took 0.079 seconds
[2025-02-06 19:44:17,921] {processor.py:153} INFO - Started process (PID=14646) to work on /home/luan-capella/Documentos/curso_airflow/airflowalura/venv/lib/python3.9/site-packages/airflow/example_dags/example_xcom.py
[2025-02-06 19:44:17,922] {processor.py:641} INFO - Processing file /home/luan-capella/Documentos/curso_airflow/airflowalura/venv/lib/python3.9/site-packages/airflow/example_dags/example_xcom.py for tasks to queue
[2025-02-06 19:44:17,923] {logging_mixin.py:115} INFO - [2025-02-06 19:44:17,923] {dagbag.py:507} INFO - Filling up the DagBag from /home/luan-capella/Documentos/curso_airflow/airflowalura/venv/lib/python3.9/site-packages/airflow/example_dags/example_xcom.py
[2025-02-06 19:44:17,941] {processor.py:651} INFO - DAG(s) dict_keys(['example_xcom']) retrieved from /home/luan-capella/Documentos/curso_airflow/airflowalura/venv/lib/python3.9/site-packages/airflow/example_dags/example_xcom.py
[2025-02-06 19:44:17,955] {logging_mixin.py:115} INFO - [2025-02-06 19:44:17,955] {dag.py:2379} INFO - Sync 1 DAGs
[2025-02-06 19:44:17,970] {logging_mixin.py:115} INFO - [2025-02-06 19:44:17,970] {dag.py:2927} INFO - Setting next_dagrun for example_xcom to 2021-01-01T00:00:00+00:00, run_after=2021-01-01T00:00:00+00:00
[2025-02-06 19:44:17,982] {processor.py:161} INFO - Processing /home/luan-capella/Documentos/curso_airflow/airflowalura/venv/lib/python3.9/site-packages/airflow/example_dags/example_xcom.py took 0.066 seconds
[2025-02-06 19:44:54,149] {processor.py:153} INFO - Started process (PID=14879) to work on /home/luan-capella/Documentos/curso_airflow/airflowalura/venv/lib/python3.9/site-packages/airflow/example_dags/example_xcom.py
[2025-02-06 19:44:54,150] {processor.py:641} INFO - Processing file /home/luan-capella/Documentos/curso_airflow/airflowalura/venv/lib/python3.9/site-packages/airflow/example_dags/example_xcom.py for tasks to queue
[2025-02-06 19:44:54,150] {logging_mixin.py:115} INFO - [2025-02-06 19:44:54,150] {dagbag.py:507} INFO - Filling up the DagBag from /home/luan-capella/Documentos/curso_airflow/airflowalura/venv/lib/python3.9/site-packages/airflow/example_dags/example_xcom.py
[2025-02-06 19:44:54,164] {processor.py:651} INFO - DAG(s) dict_keys(['example_xcom']) retrieved from /home/luan-capella/Documentos/curso_airflow/airflowalura/venv/lib/python3.9/site-packages/airflow/example_dags/example_xcom.py
[2025-02-06 19:44:54,176] {logging_mixin.py:115} INFO - [2025-02-06 19:44:54,176] {dag.py:2379} INFO - Sync 1 DAGs
[2025-02-06 19:44:54,191] {logging_mixin.py:115} INFO - [2025-02-06 19:44:54,190] {dag.py:2927} INFO - Setting next_dagrun for example_xcom to 2021-01-01T00:00:00+00:00, run_after=2021-01-01T00:00:00+00:00
[2025-02-06 19:44:54,202] {processor.py:161} INFO - Processing /home/luan-capella/Documentos/curso_airflow/airflowalura/venv/lib/python3.9/site-packages/airflow/example_dags/example_xcom.py took 0.058 seconds
