[2025-02-06 19:04:55,296] {processor.py:153} INFO - Started process (PID=7175) to work on /home/luan-capella/Documentos/curso_airflow/airflowalura/venv/lib/python3.9/site-packages/airflow/example_dags/example_external_task_marker_dag.py
[2025-02-06 19:04:55,297] {processor.py:641} INFO - Processing file /home/luan-capella/Documentos/curso_airflow/airflowalura/venv/lib/python3.9/site-packages/airflow/example_dags/example_external_task_marker_dag.py for tasks to queue
[2025-02-06 19:04:55,298] {logging_mixin.py:115} INFO - [2025-02-06 19:04:55,298] {dagbag.py:507} INFO - Filling up the DagBag from /home/luan-capella/Documentos/curso_airflow/airflowalura/venv/lib/python3.9/site-packages/airflow/example_dags/example_external_task_marker_dag.py
[2025-02-06 19:04:55,306] {processor.py:651} INFO - DAG(s) dict_keys(['example_external_task_marker_parent', 'example_external_task_marker_child']) retrieved from /home/luan-capella/Documentos/curso_airflow/airflowalura/venv/lib/python3.9/site-packages/airflow/example_dags/example_external_task_marker_dag.py
[2025-02-06 19:04:55,325] {logging_mixin.py:115} INFO - [2025-02-06 19:04:55,325] {dag.py:2379} INFO - Sync 2 DAGs
[2025-02-06 19:04:55,337] {logging_mixin.py:115} INFO - [2025-02-06 19:04:55,337] {dag.py:2927} INFO - Setting next_dagrun for example_external_task_marker_child to None, run_after=None
[2025-02-06 19:04:55,337] {logging_mixin.py:115} INFO - [2025-02-06 19:04:55,337] {dag.py:2927} INFO - Setting next_dagrun for example_external_task_marker_parent to None, run_after=None
[2025-02-06 19:04:55,348] {processor.py:161} INFO - Processing /home/luan-capella/Documentos/curso_airflow/airflowalura/venv/lib/python3.9/site-packages/airflow/example_dags/example_external_task_marker_dag.py took 0.057 seconds
[2025-02-06 19:43:28,300] {processor.py:153} INFO - Started process (PID=14370) to work on /home/luan-capella/Documentos/curso_airflow/airflowalura/venv/lib/python3.9/site-packages/airflow/example_dags/example_external_task_marker_dag.py
[2025-02-06 19:43:28,301] {processor.py:641} INFO - Processing file /home/luan-capella/Documentos/curso_airflow/airflowalura/venv/lib/python3.9/site-packages/airflow/example_dags/example_external_task_marker_dag.py for tasks to queue
[2025-02-06 19:43:28,301] {logging_mixin.py:115} INFO - [2025-02-06 19:43:28,301] {dagbag.py:507} INFO - Filling up the DagBag from /home/luan-capella/Documentos/curso_airflow/airflowalura/venv/lib/python3.9/site-packages/airflow/example_dags/example_external_task_marker_dag.py
[2025-02-06 19:43:28,305] {processor.py:651} INFO - DAG(s) dict_keys(['example_external_task_marker_parent', 'example_external_task_marker_child']) retrieved from /home/luan-capella/Documentos/curso_airflow/airflowalura/venv/lib/python3.9/site-packages/airflow/example_dags/example_external_task_marker_dag.py
[2025-02-06 19:43:28,326] {logging_mixin.py:115} INFO - [2025-02-06 19:43:28,326] {dag.py:2379} INFO - Sync 2 DAGs
[2025-02-06 19:43:28,339] {logging_mixin.py:115} INFO - [2025-02-06 19:43:28,339] {dag.py:2927} INFO - Setting next_dagrun for example_external_task_marker_child to None, run_after=None
[2025-02-06 19:43:28,340] {logging_mixin.py:115} INFO - [2025-02-06 19:43:28,339] {dag.py:2927} INFO - Setting next_dagrun for example_external_task_marker_parent to None, run_after=None
[2025-02-06 19:43:28,354] {processor.py:161} INFO - Processing /home/luan-capella/Documentos/curso_airflow/airflowalura/venv/lib/python3.9/site-packages/airflow/example_dags/example_external_task_marker_dag.py took 0.056 seconds
[2025-02-06 19:44:04,710] {processor.py:153} INFO - Started process (PID=14586) to work on /home/luan-capella/Documentos/curso_airflow/airflowalura/venv/lib/python3.9/site-packages/airflow/example_dags/example_external_task_marker_dag.py
[2025-02-06 19:44:04,711] {processor.py:641} INFO - Processing file /home/luan-capella/Documentos/curso_airflow/airflowalura/venv/lib/python3.9/site-packages/airflow/example_dags/example_external_task_marker_dag.py for tasks to queue
[2025-02-06 19:44:04,712] {logging_mixin.py:115} INFO - [2025-02-06 19:44:04,712] {dagbag.py:507} INFO - Filling up the DagBag from /home/luan-capella/Documentos/curso_airflow/airflowalura/venv/lib/python3.9/site-packages/airflow/example_dags/example_external_task_marker_dag.py
[2025-02-06 19:44:04,717] {processor.py:651} INFO - DAG(s) dict_keys(['example_external_task_marker_parent', 'example_external_task_marker_child']) retrieved from /home/luan-capella/Documentos/curso_airflow/airflowalura/venv/lib/python3.9/site-packages/airflow/example_dags/example_external_task_marker_dag.py
[2025-02-06 19:44:04,737] {logging_mixin.py:115} INFO - [2025-02-06 19:44:04,736] {dag.py:2379} INFO - Sync 2 DAGs
[2025-02-06 19:44:04,752] {logging_mixin.py:115} INFO - [2025-02-06 19:44:04,752] {dag.py:2927} INFO - Setting next_dagrun for example_external_task_marker_child to None, run_after=None
[2025-02-06 19:44:04,752] {logging_mixin.py:115} INFO - [2025-02-06 19:44:04,752] {dag.py:2927} INFO - Setting next_dagrun for example_external_task_marker_parent to None, run_after=None
[2025-02-06 19:44:04,765] {processor.py:161} INFO - Processing /home/luan-capella/Documentos/curso_airflow/airflowalura/venv/lib/python3.9/site-packages/airflow/example_dags/example_external_task_marker_dag.py took 0.060 seconds
[2025-02-06 19:44:40,737] {processor.py:153} INFO - Started process (PID=14789) to work on /home/luan-capella/Documentos/curso_airflow/airflowalura/venv/lib/python3.9/site-packages/airflow/example_dags/example_external_task_marker_dag.py
[2025-02-06 19:44:40,738] {processor.py:641} INFO - Processing file /home/luan-capella/Documentos/curso_airflow/airflowalura/venv/lib/python3.9/site-packages/airflow/example_dags/example_external_task_marker_dag.py for tasks to queue
[2025-02-06 19:44:40,738] {logging_mixin.py:115} INFO - [2025-02-06 19:44:40,738] {dagbag.py:507} INFO - Filling up the DagBag from /home/luan-capella/Documentos/curso_airflow/airflowalura/venv/lib/python3.9/site-packages/airflow/example_dags/example_external_task_marker_dag.py
[2025-02-06 19:44:40,741] {processor.py:651} INFO - DAG(s) dict_keys(['example_external_task_marker_parent', 'example_external_task_marker_child']) retrieved from /home/luan-capella/Documentos/curso_airflow/airflowalura/venv/lib/python3.9/site-packages/airflow/example_dags/example_external_task_marker_dag.py
[2025-02-06 19:44:40,760] {logging_mixin.py:115} INFO - [2025-02-06 19:44:40,760] {dag.py:2379} INFO - Sync 2 DAGs
[2025-02-06 19:44:40,773] {logging_mixin.py:115} INFO - [2025-02-06 19:44:40,773] {dag.py:2927} INFO - Setting next_dagrun for example_external_task_marker_child to None, run_after=None
[2025-02-06 19:44:40,773] {logging_mixin.py:115} INFO - [2025-02-06 19:44:40,773] {dag.py:2927} INFO - Setting next_dagrun for example_external_task_marker_parent to None, run_after=None
[2025-02-06 19:44:40,785] {processor.py:161} INFO - Processing /home/luan-capella/Documentos/curso_airflow/airflowalura/venv/lib/python3.9/site-packages/airflow/example_dags/example_external_task_marker_dag.py took 0.050 seconds
