[2025-02-06 19:04:44,999] {processor.py:153} INFO - Started process (PID=7123) to work on /home/luan-capella/Documentos/curso_airflow/airflowalura/venv/lib/python3.9/site-packages/airflow/example_dags/example_nested_branch_dag.py
[2025-02-06 19:04:45,000] {processor.py:641} INFO - Processing file /home/luan-capella/Documentos/curso_airflow/airflowalura/venv/lib/python3.9/site-packages/airflow/example_dags/example_nested_branch_dag.py for tasks to queue
[2025-02-06 19:04:45,001] {logging_mixin.py:115} INFO - [2025-02-06 19:04:45,001] {dagbag.py:507} INFO - Filling up the DagBag from /home/luan-capella/Documentos/curso_airflow/airflowalura/venv/lib/python3.9/site-packages/airflow/example_dags/example_nested_branch_dag.py
[2025-02-06 19:04:45,016] {processor.py:651} INFO - DAG(s) dict_keys(['example_nested_branch_dag']) retrieved from /home/luan-capella/Documentos/curso_airflow/airflowalura/venv/lib/python3.9/site-packages/airflow/example_dags/example_nested_branch_dag.py
[2025-02-06 19:04:45,029] {logging_mixin.py:115} INFO - [2025-02-06 19:04:45,029] {dag.py:2379} INFO - Sync 1 DAGs
[2025-02-06 19:04:45,044] {logging_mixin.py:115} INFO - [2025-02-06 19:04:45,044] {dag.py:2927} INFO - Setting next_dagrun for example_nested_branch_dag to 2025-02-05T00:00:00+00:00, run_after=2025-02-06T00:00:00+00:00
[2025-02-06 19:04:45,060] {processor.py:161} INFO - Processing /home/luan-capella/Documentos/curso_airflow/airflowalura/venv/lib/python3.9/site-packages/airflow/example_dags/example_nested_branch_dag.py took 0.067 seconds
[2025-02-06 19:43:18,022] {processor.py:153} INFO - Started process (PID=14325) to work on /home/luan-capella/Documentos/curso_airflow/airflowalura/venv/lib/python3.9/site-packages/airflow/example_dags/example_nested_branch_dag.py
[2025-02-06 19:43:18,023] {processor.py:641} INFO - Processing file /home/luan-capella/Documentos/curso_airflow/airflowalura/venv/lib/python3.9/site-packages/airflow/example_dags/example_nested_branch_dag.py for tasks to queue
[2025-02-06 19:43:18,024] {logging_mixin.py:115} INFO - [2025-02-06 19:43:18,024] {dagbag.py:507} INFO - Filling up the DagBag from /home/luan-capella/Documentos/curso_airflow/airflowalura/venv/lib/python3.9/site-packages/airflow/example_dags/example_nested_branch_dag.py
[2025-02-06 19:43:18,034] {processor.py:651} INFO - DAG(s) dict_keys(['example_nested_branch_dag']) retrieved from /home/luan-capella/Documentos/curso_airflow/airflowalura/venv/lib/python3.9/site-packages/airflow/example_dags/example_nested_branch_dag.py
[2025-02-06 19:43:18,049] {logging_mixin.py:115} INFO - [2025-02-06 19:43:18,048] {dag.py:2379} INFO - Sync 1 DAGs
[2025-02-06 19:43:18,063] {logging_mixin.py:115} INFO - [2025-02-06 19:43:18,063] {dag.py:2927} INFO - Setting next_dagrun for example_nested_branch_dag to 2025-02-05T00:00:00+00:00, run_after=2025-02-06T00:00:00+00:00
[2025-02-06 19:43:18,076] {processor.py:161} INFO - Processing /home/luan-capella/Documentos/curso_airflow/airflowalura/venv/lib/python3.9/site-packages/airflow/example_dags/example_nested_branch_dag.py took 0.059 seconds
[2025-02-06 19:43:53,335] {processor.py:153} INFO - Started process (PID=14536) to work on /home/luan-capella/Documentos/curso_airflow/airflowalura/venv/lib/python3.9/site-packages/airflow/example_dags/example_nested_branch_dag.py
[2025-02-06 19:43:53,336] {processor.py:641} INFO - Processing file /home/luan-capella/Documentos/curso_airflow/airflowalura/venv/lib/python3.9/site-packages/airflow/example_dags/example_nested_branch_dag.py for tasks to queue
[2025-02-06 19:43:53,337] {logging_mixin.py:115} INFO - [2025-02-06 19:43:53,337] {dagbag.py:507} INFO - Filling up the DagBag from /home/luan-capella/Documentos/curso_airflow/airflowalura/venv/lib/python3.9/site-packages/airflow/example_dags/example_nested_branch_dag.py
[2025-02-06 19:43:53,345] {processor.py:651} INFO - DAG(s) dict_keys(['example_nested_branch_dag']) retrieved from /home/luan-capella/Documentos/curso_airflow/airflowalura/venv/lib/python3.9/site-packages/airflow/example_dags/example_nested_branch_dag.py
[2025-02-06 19:43:53,358] {logging_mixin.py:115} INFO - [2025-02-06 19:43:53,358] {dag.py:2379} INFO - Sync 1 DAGs
[2025-02-06 19:43:53,372] {logging_mixin.py:115} INFO - [2025-02-06 19:43:53,372] {dag.py:2927} INFO - Setting next_dagrun for example_nested_branch_dag to 2025-02-05T00:00:00+00:00, run_after=2025-02-06T00:00:00+00:00
[2025-02-06 19:43:53,383] {processor.py:161} INFO - Processing /home/luan-capella/Documentos/curso_airflow/airflowalura/venv/lib/python3.9/site-packages/airflow/example_dags/example_nested_branch_dag.py took 0.054 seconds
[2025-02-06 19:44:29,389] {processor.py:153} INFO - Started process (PID=14699) to work on /home/luan-capella/Documentos/curso_airflow/airflowalura/venv/lib/python3.9/site-packages/airflow/example_dags/example_nested_branch_dag.py
[2025-02-06 19:44:29,390] {processor.py:641} INFO - Processing file /home/luan-capella/Documentos/curso_airflow/airflowalura/venv/lib/python3.9/site-packages/airflow/example_dags/example_nested_branch_dag.py for tasks to queue
[2025-02-06 19:44:29,391] {logging_mixin.py:115} INFO - [2025-02-06 19:44:29,391] {dagbag.py:507} INFO - Filling up the DagBag from /home/luan-capella/Documentos/curso_airflow/airflowalura/venv/lib/python3.9/site-packages/airflow/example_dags/example_nested_branch_dag.py
[2025-02-06 19:44:29,398] {processor.py:651} INFO - DAG(s) dict_keys(['example_nested_branch_dag']) retrieved from /home/luan-capella/Documentos/curso_airflow/airflowalura/venv/lib/python3.9/site-packages/airflow/example_dags/example_nested_branch_dag.py
[2025-02-06 19:44:29,410] {logging_mixin.py:115} INFO - [2025-02-06 19:44:29,410] {dag.py:2379} INFO - Sync 1 DAGs
[2025-02-06 19:44:29,425] {logging_mixin.py:115} INFO - [2025-02-06 19:44:29,425] {dag.py:2927} INFO - Setting next_dagrun for example_nested_branch_dag to 2025-02-05T00:00:00+00:00, run_after=2025-02-06T00:00:00+00:00
[2025-02-06 19:44:29,436] {processor.py:161} INFO - Processing /home/luan-capella/Documentos/curso_airflow/airflowalura/venv/lib/python3.9/site-packages/airflow/example_dags/example_nested_branch_dag.py took 0.050 seconds
