[2025-02-06 19:04:47,363] {processor.py:153} INFO - Started process (PID=7138) to work on /home/luan-capella/Documentos/curso_airflow/airflowalura/venv/lib/python3.9/site-packages/airflow/example_dags/example_python_operator.py
[2025-02-06 19:04:47,365] {processor.py:641} INFO - Processing file /home/luan-capella/Documentos/curso_airflow/airflowalura/venv/lib/python3.9/site-packages/airflow/example_dags/example_python_operator.py for tasks to queue
[2025-02-06 19:04:47,365] {logging_mixin.py:115} INFO - [2025-02-06 19:04:47,365] {dagbag.py:507} INFO - Filling up the DagBag from /home/luan-capella/Documentos/curso_airflow/airflowalura/venv/lib/python3.9/site-packages/airflow/example_dags/example_python_operator.py
[2025-02-06 19:04:47,379] {logging_mixin.py:115} INFO - [2025-02-06 19:04:47,379] {example_python_operator.py:68} WARNING - The virtalenv_python example task requires virtualenv, please install it.
[2025-02-06 19:04:47,379] {processor.py:651} INFO - DAG(s) dict_keys(['example_python_operator']) retrieved from /home/luan-capella/Documentos/curso_airflow/airflowalura/venv/lib/python3.9/site-packages/airflow/example_dags/example_python_operator.py
[2025-02-06 19:04:47,392] {logging_mixin.py:115} INFO - [2025-02-06 19:04:47,392] {dag.py:2379} INFO - Sync 1 DAGs
[2025-02-06 19:04:47,406] {logging_mixin.py:115} INFO - [2025-02-06 19:04:47,406] {dag.py:2927} INFO - Setting next_dagrun for example_python_operator to None, run_after=None
[2025-02-06 19:04:47,433] {processor.py:161} INFO - Processing /home/luan-capella/Documentos/curso_airflow/airflowalura/venv/lib/python3.9/site-packages/airflow/example_dags/example_python_operator.py took 0.074 seconds
[2025-02-06 19:43:19,573] {processor.py:153} INFO - Started process (PID=14332) to work on /home/luan-capella/Documentos/curso_airflow/airflowalura/venv/lib/python3.9/site-packages/airflow/example_dags/example_python_operator.py
[2025-02-06 19:43:19,574] {processor.py:641} INFO - Processing file /home/luan-capella/Documentos/curso_airflow/airflowalura/venv/lib/python3.9/site-packages/airflow/example_dags/example_python_operator.py for tasks to queue
[2025-02-06 19:43:19,574] {logging_mixin.py:115} INFO - [2025-02-06 19:43:19,574] {dagbag.py:507} INFO - Filling up the DagBag from /home/luan-capella/Documentos/curso_airflow/airflowalura/venv/lib/python3.9/site-packages/airflow/example_dags/example_python_operator.py
[2025-02-06 19:43:19,587] {logging_mixin.py:115} INFO - [2025-02-06 19:43:19,587] {example_python_operator.py:68} WARNING - The virtalenv_python example task requires virtualenv, please install it.
[2025-02-06 19:43:19,587] {processor.py:651} INFO - DAG(s) dict_keys(['example_python_operator']) retrieved from /home/luan-capella/Documentos/curso_airflow/airflowalura/venv/lib/python3.9/site-packages/airflow/example_dags/example_python_operator.py
[2025-02-06 19:43:19,600] {logging_mixin.py:115} INFO - [2025-02-06 19:43:19,600] {dag.py:2379} INFO - Sync 1 DAGs
[2025-02-06 19:43:19,613] {logging_mixin.py:115} INFO - [2025-02-06 19:43:19,613] {dag.py:2927} INFO - Setting next_dagrun for example_python_operator to None, run_after=None
[2025-02-06 19:43:19,627] {processor.py:161} INFO - Processing /home/luan-capella/Documentos/curso_airflow/airflowalura/venv/lib/python3.9/site-packages/airflow/example_dags/example_python_operator.py took 0.056 seconds
[2025-02-06 19:43:55,611] {processor.py:153} INFO - Started process (PID=14545) to work on /home/luan-capella/Documentos/curso_airflow/airflowalura/venv/lib/python3.9/site-packages/airflow/example_dags/example_python_operator.py
[2025-02-06 19:43:55,612] {processor.py:641} INFO - Processing file /home/luan-capella/Documentos/curso_airflow/airflowalura/venv/lib/python3.9/site-packages/airflow/example_dags/example_python_operator.py for tasks to queue
[2025-02-06 19:43:55,612] {logging_mixin.py:115} INFO - [2025-02-06 19:43:55,612] {dagbag.py:507} INFO - Filling up the DagBag from /home/luan-capella/Documentos/curso_airflow/airflowalura/venv/lib/python3.9/site-packages/airflow/example_dags/example_python_operator.py
[2025-02-06 19:43:55,625] {logging_mixin.py:115} INFO - [2025-02-06 19:43:55,625] {example_python_operator.py:68} WARNING - The virtalenv_python example task requires virtualenv, please install it.
[2025-02-06 19:43:55,625] {processor.py:651} INFO - DAG(s) dict_keys(['example_python_operator']) retrieved from /home/luan-capella/Documentos/curso_airflow/airflowalura/venv/lib/python3.9/site-packages/airflow/example_dags/example_python_operator.py
[2025-02-06 19:43:55,638] {logging_mixin.py:115} INFO - [2025-02-06 19:43:55,638] {dag.py:2379} INFO - Sync 1 DAGs
[2025-02-06 19:43:55,653] {logging_mixin.py:115} INFO - [2025-02-06 19:43:55,652] {dag.py:2927} INFO - Setting next_dagrun for example_python_operator to None, run_after=None
[2025-02-06 19:43:55,664] {processor.py:161} INFO - Processing /home/luan-capella/Documentos/curso_airflow/airflowalura/venv/lib/python3.9/site-packages/airflow/example_dags/example_python_operator.py took 0.054 seconds
[2025-02-06 19:44:30,583] {processor.py:153} INFO - Started process (PID=14707) to work on /home/luan-capella/Documentos/curso_airflow/airflowalura/venv/lib/python3.9/site-packages/airflow/example_dags/example_python_operator.py
[2025-02-06 19:44:30,586] {processor.py:641} INFO - Processing file /home/luan-capella/Documentos/curso_airflow/airflowalura/venv/lib/python3.9/site-packages/airflow/example_dags/example_python_operator.py for tasks to queue
[2025-02-06 19:44:30,586] {logging_mixin.py:115} INFO - [2025-02-06 19:44:30,586] {dagbag.py:507} INFO - Filling up the DagBag from /home/luan-capella/Documentos/curso_airflow/airflowalura/venv/lib/python3.9/site-packages/airflow/example_dags/example_python_operator.py
[2025-02-06 19:44:30,602] {logging_mixin.py:115} INFO - [2025-02-06 19:44:30,602] {example_python_operator.py:68} WARNING - The virtalenv_python example task requires virtualenv, please install it.
[2025-02-06 19:44:30,603] {processor.py:651} INFO - DAG(s) dict_keys(['example_python_operator']) retrieved from /home/luan-capella/Documentos/curso_airflow/airflowalura/venv/lib/python3.9/site-packages/airflow/example_dags/example_python_operator.py
[2025-02-06 19:44:30,614] {logging_mixin.py:115} INFO - [2025-02-06 19:44:30,614] {dag.py:2379} INFO - Sync 1 DAGs
[2025-02-06 19:44:30,628] {logging_mixin.py:115} INFO - [2025-02-06 19:44:30,628] {dag.py:2927} INFO - Setting next_dagrun for example_python_operator to None, run_after=None
[2025-02-06 19:44:30,639] {processor.py:161} INFO - Processing /home/luan-capella/Documentos/curso_airflow/airflowalura/venv/lib/python3.9/site-packages/airflow/example_dags/example_python_operator.py took 0.060 seconds
