[2025-02-06 19:04:50,137] {processor.py:153} INFO - Started process (PID=7156) to work on /home/luan-capella/Documentos/curso_airflow/airflowalura/venv/lib/python3.9/site-packages/airflow/example_dags/example_kubernetes_executor.py
[2025-02-06 19:04:50,138] {processor.py:641} INFO - Processing file /home/luan-capella/Documentos/curso_airflow/airflowalura/venv/lib/python3.9/site-packages/airflow/example_dags/example_kubernetes_executor.py for tasks to queue
[2025-02-06 19:04:50,139] {logging_mixin.py:115} INFO - [2025-02-06 19:04:50,139] {dagbag.py:507} INFO - Filling up the DagBag from /home/luan-capella/Documentos/curso_airflow/airflowalura/venv/lib/python3.9/site-packages/airflow/example_dags/example_kubernetes_executor.py
[2025-02-06 19:04:50,151] {logging_mixin.py:115} INFO - [2025-02-06 19:04:50,151] {example_kubernetes_executor.py:39} WARNING - The example_kubernetes_executor example DAG requires the kubernetes provider. Please install it with: pip install apache-airflow[cncf.kubernetes]
[2025-02-06 19:04:50,151] {processor.py:653} WARNING - No viable dags retrieved from /home/luan-capella/Documentos/curso_airflow/airflowalura/venv/lib/python3.9/site-packages/airflow/example_dags/example_kubernetes_executor.py
[2025-02-06 19:04:50,158] {processor.py:161} INFO - Processing /home/luan-capella/Documentos/curso_airflow/airflowalura/venv/lib/python3.9/site-packages/airflow/example_dags/example_kubernetes_executor.py took 0.026 seconds
[2025-02-06 19:43:23,149] {processor.py:153} INFO - Started process (PID=14349) to work on /home/luan-capella/Documentos/curso_airflow/airflowalura/venv/lib/python3.9/site-packages/airflow/example_dags/example_kubernetes_executor.py
[2025-02-06 19:43:23,150] {processor.py:641} INFO - Processing file /home/luan-capella/Documentos/curso_airflow/airflowalura/venv/lib/python3.9/site-packages/airflow/example_dags/example_kubernetes_executor.py for tasks to queue
[2025-02-06 19:43:23,150] {logging_mixin.py:115} INFO - [2025-02-06 19:43:23,150] {dagbag.py:507} INFO - Filling up the DagBag from /home/luan-capella/Documentos/curso_airflow/airflowalura/venv/lib/python3.9/site-packages/airflow/example_dags/example_kubernetes_executor.py
[2025-02-06 19:43:23,164] {logging_mixin.py:115} INFO - [2025-02-06 19:43:23,164] {example_kubernetes_executor.py:39} WARNING - The example_kubernetes_executor example DAG requires the kubernetes provider. Please install it with: pip install apache-airflow[cncf.kubernetes]
[2025-02-06 19:43:23,165] {processor.py:653} WARNING - No viable dags retrieved from /home/luan-capella/Documentos/curso_airflow/airflowalura/venv/lib/python3.9/site-packages/airflow/example_dags/example_kubernetes_executor.py
[2025-02-06 19:43:23,173] {processor.py:161} INFO - Processing /home/luan-capella/Documentos/curso_airflow/airflowalura/venv/lib/python3.9/site-packages/airflow/example_dags/example_kubernetes_executor.py took 0.027 seconds
[2025-02-06 19:43:59,630] {processor.py:153} INFO - Started process (PID=14561) to work on /home/luan-capella/Documentos/curso_airflow/airflowalura/venv/lib/python3.9/site-packages/airflow/example_dags/example_kubernetes_executor.py
[2025-02-06 19:43:59,630] {processor.py:641} INFO - Processing file /home/luan-capella/Documentos/curso_airflow/airflowalura/venv/lib/python3.9/site-packages/airflow/example_dags/example_kubernetes_executor.py for tasks to queue
[2025-02-06 19:43:59,631] {logging_mixin.py:115} INFO - [2025-02-06 19:43:59,631] {dagbag.py:507} INFO - Filling up the DagBag from /home/luan-capella/Documentos/curso_airflow/airflowalura/venv/lib/python3.9/site-packages/airflow/example_dags/example_kubernetes_executor.py
[2025-02-06 19:43:59,642] {logging_mixin.py:115} INFO - [2025-02-06 19:43:59,642] {example_kubernetes_executor.py:39} WARNING - The example_kubernetes_executor example DAG requires the kubernetes provider. Please install it with: pip install apache-airflow[cncf.kubernetes]
[2025-02-06 19:43:59,642] {processor.py:653} WARNING - No viable dags retrieved from /home/luan-capella/Documentos/curso_airflow/airflowalura/venv/lib/python3.9/site-packages/airflow/example_dags/example_kubernetes_executor.py
[2025-02-06 19:43:59,648] {processor.py:161} INFO - Processing /home/luan-capella/Documentos/curso_airflow/airflowalura/venv/lib/python3.9/site-packages/airflow/example_dags/example_kubernetes_executor.py took 0.024 seconds
[2025-02-06 19:44:34,537] {processor.py:153} INFO - Started process (PID=14723) to work on /home/luan-capella/Documentos/curso_airflow/airflowalura/venv/lib/python3.9/site-packages/airflow/example_dags/example_kubernetes_executor.py
[2025-02-06 19:44:34,538] {processor.py:641} INFO - Processing file /home/luan-capella/Documentos/curso_airflow/airflowalura/venv/lib/python3.9/site-packages/airflow/example_dags/example_kubernetes_executor.py for tasks to queue
[2025-02-06 19:44:34,539] {logging_mixin.py:115} INFO - [2025-02-06 19:44:34,539] {dagbag.py:507} INFO - Filling up the DagBag from /home/luan-capella/Documentos/curso_airflow/airflowalura/venv/lib/python3.9/site-packages/airflow/example_dags/example_kubernetes_executor.py
[2025-02-06 19:44:34,553] {logging_mixin.py:115} INFO - [2025-02-06 19:44:34,553] {example_kubernetes_executor.py:39} WARNING - The example_kubernetes_executor example DAG requires the kubernetes provider. Please install it with: pip install apache-airflow[cncf.kubernetes]
[2025-02-06 19:44:34,553] {processor.py:653} WARNING - No viable dags retrieved from /home/luan-capella/Documentos/curso_airflow/airflowalura/venv/lib/python3.9/site-packages/airflow/example_dags/example_kubernetes_executor.py
[2025-02-06 19:44:34,561] {processor.py:161} INFO - Processing /home/luan-capella/Documentos/curso_airflow/airflowalura/venv/lib/python3.9/site-packages/airflow/example_dags/example_kubernetes_executor.py took 0.030 seconds
