[2025-02-06 19:04:38,710] {processor.py:153} INFO - Started process (PID=7067) to work on /home/luan-capella/Documentos/curso_airflow/airflowalura/venv/lib/python3.9/site-packages/airflow/example_dags/example_xcomargs.py
[2025-02-06 19:04:38,710] {processor.py:641} INFO - Processing file /home/luan-capella/Documentos/curso_airflow/airflowalura/venv/lib/python3.9/site-packages/airflow/example_dags/example_xcomargs.py for tasks to queue
[2025-02-06 19:04:38,710] {logging_mixin.py:115} INFO - [2025-02-06 19:04:38,710] {dagbag.py:507} INFO - Filling up the DagBag from /home/luan-capella/Documentos/curso_airflow/airflowalura/venv/lib/python3.9/site-packages/airflow/example_dags/example_xcomargs.py
[2025-02-06 19:04:38,728] {processor.py:651} INFO - DAG(s) dict_keys(['example_xcom_args', 'example_xcom_args_with_operators']) retrieved from /home/luan-capella/Documentos/curso_airflow/airflowalura/venv/lib/python3.9/site-packages/airflow/example_dags/example_xcomargs.py
[2025-02-06 19:04:38,773] {logging_mixin.py:115} INFO - [2025-02-06 19:04:38,773] {dag.py:2379} INFO - Sync 2 DAGs
[2025-02-06 19:04:38,787] {logging_mixin.py:115} INFO - [2025-02-06 19:04:38,787] {dag.py:2927} INFO - Setting next_dagrun for example_xcom_args to None, run_after=None
[2025-02-06 19:04:38,788] {logging_mixin.py:115} INFO - [2025-02-06 19:04:38,788] {dag.py:2927} INFO - Setting next_dagrun for example_xcom_args_with_operators to None, run_after=None
[2025-02-06 19:04:38,803] {processor.py:161} INFO - Processing /home/luan-capella/Documentos/curso_airflow/airflowalura/venv/lib/python3.9/site-packages/airflow/example_dags/example_xcomargs.py took 0.097 seconds
[2025-02-06 19:43:11,729] {processor.py:153} INFO - Started process (PID=14284) to work on /home/luan-capella/Documentos/curso_airflow/airflowalura/venv/lib/python3.9/site-packages/airflow/example_dags/example_xcomargs.py
[2025-02-06 19:43:11,732] {processor.py:641} INFO - Processing file /home/luan-capella/Documentos/curso_airflow/airflowalura/venv/lib/python3.9/site-packages/airflow/example_dags/example_xcomargs.py for tasks to queue
[2025-02-06 19:43:11,732] {logging_mixin.py:115} INFO - [2025-02-06 19:43:11,732] {dagbag.py:507} INFO - Filling up the DagBag from /home/luan-capella/Documentos/curso_airflow/airflowalura/venv/lib/python3.9/site-packages/airflow/example_dags/example_xcomargs.py
[2025-02-06 19:43:11,751] {processor.py:651} INFO - DAG(s) dict_keys(['example_xcom_args', 'example_xcom_args_with_operators']) retrieved from /home/luan-capella/Documentos/curso_airflow/airflowalura/venv/lib/python3.9/site-packages/airflow/example_dags/example_xcomargs.py
[2025-02-06 19:43:11,798] {logging_mixin.py:115} INFO - [2025-02-06 19:43:11,798] {dag.py:2379} INFO - Sync 2 DAGs
[2025-02-06 19:43:11,813] {logging_mixin.py:115} INFO - [2025-02-06 19:43:11,813] {dag.py:2927} INFO - Setting next_dagrun for example_xcom_args to None, run_after=None
[2025-02-06 19:43:11,813] {logging_mixin.py:115} INFO - [2025-02-06 19:43:11,813] {dag.py:2927} INFO - Setting next_dagrun for example_xcom_args_with_operators to None, run_after=None
[2025-02-06 19:43:11,829] {processor.py:161} INFO - Processing /home/luan-capella/Documentos/curso_airflow/airflowalura/venv/lib/python3.9/site-packages/airflow/example_dags/example_xcomargs.py took 0.103 seconds
[2025-02-06 19:43:45,869] {processor.py:153} INFO - Started process (PID=14486) to work on /home/luan-capella/Documentos/curso_airflow/airflowalura/venv/lib/python3.9/site-packages/airflow/example_dags/example_xcomargs.py
[2025-02-06 19:43:45,870] {processor.py:641} INFO - Processing file /home/luan-capella/Documentos/curso_airflow/airflowalura/venv/lib/python3.9/site-packages/airflow/example_dags/example_xcomargs.py for tasks to queue
[2025-02-06 19:43:45,870] {logging_mixin.py:115} INFO - [2025-02-06 19:43:45,870] {dagbag.py:507} INFO - Filling up the DagBag from /home/luan-capella/Documentos/curso_airflow/airflowalura/venv/lib/python3.9/site-packages/airflow/example_dags/example_xcomargs.py
[2025-02-06 19:43:45,886] {processor.py:651} INFO - DAG(s) dict_keys(['example_xcom_args', 'example_xcom_args_with_operators']) retrieved from /home/luan-capella/Documentos/curso_airflow/airflowalura/venv/lib/python3.9/site-packages/airflow/example_dags/example_xcomargs.py
[2025-02-06 19:43:45,923] {logging_mixin.py:115} INFO - [2025-02-06 19:43:45,923] {dag.py:2379} INFO - Sync 2 DAGs
[2025-02-06 19:43:45,934] {logging_mixin.py:115} INFO - [2025-02-06 19:43:45,934] {dag.py:2927} INFO - Setting next_dagrun for example_xcom_args to None, run_after=None
[2025-02-06 19:43:45,935] {logging_mixin.py:115} INFO - [2025-02-06 19:43:45,935] {dag.py:2927} INFO - Setting next_dagrun for example_xcom_args_with_operators to None, run_after=None
[2025-02-06 19:43:45,949] {processor.py:161} INFO - Processing /home/luan-capella/Documentos/curso_airflow/airflowalura/venv/lib/python3.9/site-packages/airflow/example_dags/example_xcomargs.py took 0.082 seconds
[2025-02-06 19:44:21,912] {processor.py:153} INFO - Started process (PID=14665) to work on /home/luan-capella/Documentos/curso_airflow/airflowalura/venv/lib/python3.9/site-packages/airflow/example_dags/example_xcomargs.py
[2025-02-06 19:44:21,913] {processor.py:641} INFO - Processing file /home/luan-capella/Documentos/curso_airflow/airflowalura/venv/lib/python3.9/site-packages/airflow/example_dags/example_xcomargs.py for tasks to queue
[2025-02-06 19:44:21,913] {logging_mixin.py:115} INFO - [2025-02-06 19:44:21,913] {dagbag.py:507} INFO - Filling up the DagBag from /home/luan-capella/Documentos/curso_airflow/airflowalura/venv/lib/python3.9/site-packages/airflow/example_dags/example_xcomargs.py
[2025-02-06 19:44:21,927] {processor.py:651} INFO - DAG(s) dict_keys(['example_xcom_args', 'example_xcom_args_with_operators']) retrieved from /home/luan-capella/Documentos/curso_airflow/airflowalura/venv/lib/python3.9/site-packages/airflow/example_dags/example_xcomargs.py
[2025-02-06 19:44:21,964] {logging_mixin.py:115} INFO - [2025-02-06 19:44:21,964] {dag.py:2379} INFO - Sync 2 DAGs
[2025-02-06 19:44:21,976] {logging_mixin.py:115} INFO - [2025-02-06 19:44:21,976] {dag.py:2927} INFO - Setting next_dagrun for example_xcom_args to None, run_after=None
[2025-02-06 19:44:21,976] {logging_mixin.py:115} INFO - [2025-02-06 19:44:21,976] {dag.py:2927} INFO - Setting next_dagrun for example_xcom_args_with_operators to None, run_after=None
[2025-02-06 19:44:21,990] {processor.py:161} INFO - Processing /home/luan-capella/Documentos/curso_airflow/airflowalura/venv/lib/python3.9/site-packages/airflow/example_dags/example_xcomargs.py took 0.079 seconds
[2025-02-06 19:44:59,312] {processor.py:153} INFO - Started process (PID=14902) to work on /home/luan-capella/Documentos/curso_airflow/airflowalura/venv/lib/python3.9/site-packages/airflow/example_dags/example_xcomargs.py
[2025-02-06 19:44:59,313] {processor.py:641} INFO - Processing file /home/luan-capella/Documentos/curso_airflow/airflowalura/venv/lib/python3.9/site-packages/airflow/example_dags/example_xcomargs.py for tasks to queue
[2025-02-06 19:44:59,313] {logging_mixin.py:115} INFO - [2025-02-06 19:44:59,313] {dagbag.py:507} INFO - Filling up the DagBag from /home/luan-capella/Documentos/curso_airflow/airflowalura/venv/lib/python3.9/site-packages/airflow/example_dags/example_xcomargs.py
[2025-02-06 19:44:59,329] {processor.py:651} INFO - DAG(s) dict_keys(['example_xcom_args', 'example_xcom_args_with_operators']) retrieved from /home/luan-capella/Documentos/curso_airflow/airflowalura/venv/lib/python3.9/site-packages/airflow/example_dags/example_xcomargs.py
[2025-02-06 19:44:59,367] {logging_mixin.py:115} INFO - [2025-02-06 19:44:59,367] {dag.py:2379} INFO - Sync 2 DAGs
[2025-02-06 19:44:59,379] {logging_mixin.py:115} INFO - [2025-02-06 19:44:59,379] {dag.py:2927} INFO - Setting next_dagrun for example_xcom_args to None, run_after=None
[2025-02-06 19:44:59,379] {logging_mixin.py:115} INFO - [2025-02-06 19:44:59,379] {dag.py:2927} INFO - Setting next_dagrun for example_xcom_args_with_operators to None, run_after=None
[2025-02-06 19:44:59,392] {processor.py:161} INFO - Processing /home/luan-capella/Documentos/curso_airflow/airflowalura/venv/lib/python3.9/site-packages/airflow/example_dags/example_xcomargs.py took 0.082 seconds
