[2025-02-06 19:04:47,520] {processor.py:153} INFO - Started process (PID=7140) to work on /home/luan-capella/Documentos/curso_airflow/airflowalura/venv/lib/python3.9/site-packages/airflow/example_dags/example_skip_dag.py
[2025-02-06 19:04:47,521] {processor.py:641} INFO - Processing file /home/luan-capella/Documentos/curso_airflow/airflowalura/venv/lib/python3.9/site-packages/airflow/example_dags/example_skip_dag.py for tasks to queue
[2025-02-06 19:04:47,522] {logging_mixin.py:115} INFO - [2025-02-06 19:04:47,522] {dagbag.py:507} INFO - Filling up the DagBag from /home/luan-capella/Documentos/curso_airflow/airflowalura/venv/lib/python3.9/site-packages/airflow/example_dags/example_skip_dag.py
[2025-02-06 19:04:47,531] {processor.py:651} INFO - DAG(s) dict_keys(['example_skip_dag']) retrieved from /home/luan-capella/Documentos/curso_airflow/airflowalura/venv/lib/python3.9/site-packages/airflow/example_dags/example_skip_dag.py
[2025-02-06 19:04:47,545] {logging_mixin.py:115} INFO - [2025-02-06 19:04:47,545] {dag.py:2379} INFO - Sync 1 DAGs
[2025-02-06 19:04:47,559] {logging_mixin.py:115} INFO - [2025-02-06 19:04:47,559] {dag.py:2927} INFO - Setting next_dagrun for example_skip_dag to 2025-02-05T22:04:47.558893+00:00, run_after=2025-02-06T22:04:47.558893+00:00
[2025-02-06 19:04:47,585] {processor.py:161} INFO - Processing /home/luan-capella/Documentos/curso_airflow/airflowalura/venv/lib/python3.9/site-packages/airflow/example_dags/example_skip_dag.py took 0.071 seconds
[2025-02-06 19:43:19,743] {processor.py:153} INFO - Started process (PID=14337) to work on /home/luan-capella/Documentos/curso_airflow/airflowalura/venv/lib/python3.9/site-packages/airflow/example_dags/example_skip_dag.py
[2025-02-06 19:43:19,745] {processor.py:641} INFO - Processing file /home/luan-capella/Documentos/curso_airflow/airflowalura/venv/lib/python3.9/site-packages/airflow/example_dags/example_skip_dag.py for tasks to queue
[2025-02-06 19:43:19,746] {logging_mixin.py:115} INFO - [2025-02-06 19:43:19,745] {dagbag.py:507} INFO - Filling up the DagBag from /home/luan-capella/Documentos/curso_airflow/airflowalura/venv/lib/python3.9/site-packages/airflow/example_dags/example_skip_dag.py
[2025-02-06 19:43:19,754] {processor.py:651} INFO - DAG(s) dict_keys(['example_skip_dag']) retrieved from /home/luan-capella/Documentos/curso_airflow/airflowalura/venv/lib/python3.9/site-packages/airflow/example_dags/example_skip_dag.py
[2025-02-06 19:43:19,769] {logging_mixin.py:115} INFO - [2025-02-06 19:43:19,769] {dag.py:2379} INFO - Sync 1 DAGs
[2025-02-06 19:43:19,782] {logging_mixin.py:115} INFO - [2025-02-06 19:43:19,782] {dag.py:2927} INFO - Setting next_dagrun for example_skip_dag to 2025-02-05T22:43:19.782279+00:00, run_after=2025-02-06T22:43:19.782279+00:00
[2025-02-06 19:43:19,813] {processor.py:161} INFO - Processing /home/luan-capella/Documentos/curso_airflow/airflowalura/venv/lib/python3.9/site-packages/airflow/example_dags/example_skip_dag.py took 0.076 seconds
[2025-02-06 19:43:56,194] {processor.py:153} INFO - Started process (PID=14546) to work on /home/luan-capella/Documentos/curso_airflow/airflowalura/venv/lib/python3.9/site-packages/airflow/example_dags/example_skip_dag.py
[2025-02-06 19:43:56,194] {processor.py:641} INFO - Processing file /home/luan-capella/Documentos/curso_airflow/airflowalura/venv/lib/python3.9/site-packages/airflow/example_dags/example_skip_dag.py for tasks to queue
[2025-02-06 19:43:56,195] {logging_mixin.py:115} INFO - [2025-02-06 19:43:56,195] {dagbag.py:507} INFO - Filling up the DagBag from /home/luan-capella/Documentos/curso_airflow/airflowalura/venv/lib/python3.9/site-packages/airflow/example_dags/example_skip_dag.py
[2025-02-06 19:43:56,200] {processor.py:651} INFO - DAG(s) dict_keys(['example_skip_dag']) retrieved from /home/luan-capella/Documentos/curso_airflow/airflowalura/venv/lib/python3.9/site-packages/airflow/example_dags/example_skip_dag.py
[2025-02-06 19:43:56,214] {logging_mixin.py:115} INFO - [2025-02-06 19:43:56,214] {dag.py:2379} INFO - Sync 1 DAGs
[2025-02-06 19:43:56,227] {logging_mixin.py:115} INFO - [2025-02-06 19:43:56,227] {dag.py:2927} INFO - Setting next_dagrun for example_skip_dag to 2025-02-05T22:43:56.227120+00:00, run_after=2025-02-06T22:43:56.227120+00:00
[2025-02-06 19:43:56,241] {processor.py:161} INFO - Processing /home/luan-capella/Documentos/curso_airflow/airflowalura/venv/lib/python3.9/site-packages/airflow/example_dags/example_skip_dag.py took 0.052 seconds
[2025-02-06 19:44:31,738] {processor.py:153} INFO - Started process (PID=14710) to work on /home/luan-capella/Documentos/curso_airflow/airflowalura/venv/lib/python3.9/site-packages/airflow/example_dags/example_skip_dag.py
[2025-02-06 19:44:31,741] {processor.py:641} INFO - Processing file /home/luan-capella/Documentos/curso_airflow/airflowalura/venv/lib/python3.9/site-packages/airflow/example_dags/example_skip_dag.py for tasks to queue
[2025-02-06 19:44:31,741] {logging_mixin.py:115} INFO - [2025-02-06 19:44:31,741] {dagbag.py:507} INFO - Filling up the DagBag from /home/luan-capella/Documentos/curso_airflow/airflowalura/venv/lib/python3.9/site-packages/airflow/example_dags/example_skip_dag.py
[2025-02-06 19:44:31,746] {processor.py:651} INFO - DAG(s) dict_keys(['example_skip_dag']) retrieved from /home/luan-capella/Documentos/curso_airflow/airflowalura/venv/lib/python3.9/site-packages/airflow/example_dags/example_skip_dag.py
[2025-02-06 19:44:31,760] {logging_mixin.py:115} INFO - [2025-02-06 19:44:31,760] {dag.py:2379} INFO - Sync 1 DAGs
[2025-02-06 19:44:31,774] {logging_mixin.py:115} INFO - [2025-02-06 19:44:31,774] {dag.py:2927} INFO - Setting next_dagrun for example_skip_dag to 2025-02-05T22:44:31.774306+00:00, run_after=2025-02-06T22:44:31.774306+00:00
[2025-02-06 19:44:31,788] {processor.py:161} INFO - Processing /home/luan-capella/Documentos/curso_airflow/airflowalura/venv/lib/python3.9/site-packages/airflow/example_dags/example_skip_dag.py took 0.053 seconds
