[2025-02-06 19:43:32,342] {processor.py:153} INFO - Started process (PID=14392) to work on /home/luan-capella/Documentos/curso_airflow/airflowalura/venv/lib/python3.9/site-packages/airflow/example_dags/example_branch_labels.py
[2025-02-06 19:43:32,343] {processor.py:641} INFO - Processing file /home/luan-capella/Documentos/curso_airflow/airflowalura/venv/lib/python3.9/site-packages/airflow/example_dags/example_branch_labels.py for tasks to queue
[2025-02-06 19:43:32,344] {logging_mixin.py:115} INFO - [2025-02-06 19:43:32,344] {dagbag.py:507} INFO - Filling up the DagBag from /home/luan-capella/Documentos/curso_airflow/airflowalura/venv/lib/python3.9/site-packages/airflow/example_dags/example_branch_labels.py
[2025-02-06 19:43:32,352] {processor.py:651} INFO - DAG(s) dict_keys(['example_branch_labels']) retrieved from /home/luan-capella/Documentos/curso_airflow/airflowalura/venv/lib/python3.9/site-packages/airflow/example_dags/example_branch_labels.py
[2025-02-06 19:43:32,365] {logging_mixin.py:115} INFO - [2025-02-06 19:43:32,365] {dag.py:2379} INFO - Sync 1 DAGs
[2025-02-06 19:43:32,381] {logging_mixin.py:115} INFO - [2025-02-06 19:43:32,381] {dag.py:2927} INFO - Setting next_dagrun for example_branch_labels to 2025-02-05T00:00:00+00:00, run_after=2025-02-06T00:00:00+00:00
[2025-02-06 19:43:32,402] {processor.py:161} INFO - Processing /home/luan-capella/Documentos/curso_airflow/airflowalura/venv/lib/python3.9/site-packages/airflow/example_dags/example_branch_labels.py took 0.065 seconds
[2025-02-06 19:44:10,294] {processor.py:153} INFO - Started process (PID=14612) to work on /home/luan-capella/Documentos/curso_airflow/airflowalura/venv/lib/python3.9/site-packages/airflow/example_dags/example_branch_labels.py
[2025-02-06 19:44:10,295] {processor.py:641} INFO - Processing file /home/luan-capella/Documentos/curso_airflow/airflowalura/venv/lib/python3.9/site-packages/airflow/example_dags/example_branch_labels.py for tasks to queue
[2025-02-06 19:44:10,296] {logging_mixin.py:115} INFO - [2025-02-06 19:44:10,295] {dagbag.py:507} INFO - Filling up the DagBag from /home/luan-capella/Documentos/curso_airflow/airflowalura/venv/lib/python3.9/site-packages/airflow/example_dags/example_branch_labels.py
[2025-02-06 19:44:10,302] {processor.py:651} INFO - DAG(s) dict_keys(['example_branch_labels']) retrieved from /home/luan-capella/Documentos/curso_airflow/airflowalura/venv/lib/python3.9/site-packages/airflow/example_dags/example_branch_labels.py
[2025-02-06 19:44:10,315] {logging_mixin.py:115} INFO - [2025-02-06 19:44:10,315] {dag.py:2379} INFO - Sync 1 DAGs
[2025-02-06 19:44:10,330] {logging_mixin.py:115} INFO - [2025-02-06 19:44:10,329] {dag.py:2927} INFO - Setting next_dagrun for example_branch_labels to 2025-02-05T00:00:00+00:00, run_after=2025-02-06T00:00:00+00:00
[2025-02-06 19:44:10,341] {processor.py:161} INFO - Processing /home/luan-capella/Documentos/curso_airflow/airflowalura/venv/lib/python3.9/site-packages/airflow/example_dags/example_branch_labels.py took 0.053 seconds
[2025-02-06 19:44:46,115] {processor.py:153} INFO - Started process (PID=14812) to work on /home/luan-capella/Documentos/curso_airflow/airflowalura/venv/lib/python3.9/site-packages/airflow/example_dags/example_branch_labels.py
[2025-02-06 19:44:46,115] {processor.py:641} INFO - Processing file /home/luan-capella/Documentos/curso_airflow/airflowalura/venv/lib/python3.9/site-packages/airflow/example_dags/example_branch_labels.py for tasks to queue
[2025-02-06 19:44:46,116] {logging_mixin.py:115} INFO - [2025-02-06 19:44:46,116] {dagbag.py:507} INFO - Filling up the DagBag from /home/luan-capella/Documentos/curso_airflow/airflowalura/venv/lib/python3.9/site-packages/airflow/example_dags/example_branch_labels.py
[2025-02-06 19:44:46,121] {processor.py:651} INFO - DAG(s) dict_keys(['example_branch_labels']) retrieved from /home/luan-capella/Documentos/curso_airflow/airflowalura/venv/lib/python3.9/site-packages/airflow/example_dags/example_branch_labels.py
[2025-02-06 19:44:46,134] {logging_mixin.py:115} INFO - [2025-02-06 19:44:46,134] {dag.py:2379} INFO - Sync 1 DAGs
[2025-02-06 19:44:46,148] {logging_mixin.py:115} INFO - [2025-02-06 19:44:46,148] {dag.py:2927} INFO - Setting next_dagrun for example_branch_labels to 2025-02-05T00:00:00+00:00, run_after=2025-02-06T00:00:00+00:00
[2025-02-06 19:44:46,162] {processor.py:161} INFO - Processing /home/luan-capella/Documentos/curso_airflow/airflowalura/venv/lib/python3.9/site-packages/airflow/example_dags/example_branch_labels.py took 0.049 seconds
