[2025-02-06 19:04:41,073] {processor.py:153} INFO - Started process (PID=7097) to work on /home/luan-capella/Documentos/curso_airflow/airflowalura/venv/lib/python3.9/site-packages/airflow/example_dags/example_task_group_decorator.py
[2025-02-06 19:04:41,074] {processor.py:641} INFO - Processing file /home/luan-capella/Documentos/curso_airflow/airflowalura/venv/lib/python3.9/site-packages/airflow/example_dags/example_task_group_decorator.py for tasks to queue
[2025-02-06 19:04:41,074] {logging_mixin.py:115} INFO - [2025-02-06 19:04:41,074] {dagbag.py:507} INFO - Filling up the DagBag from /home/luan-capella/Documentos/curso_airflow/airflowalura/venv/lib/python3.9/site-packages/airflow/example_dags/example_task_group_decorator.py
[2025-02-06 19:04:41,096] {processor.py:651} INFO - DAG(s) dict_keys(['example_task_group_decorator']) retrieved from /home/luan-capella/Documentos/curso_airflow/airflowalura/venv/lib/python3.9/site-packages/airflow/example_dags/example_task_group_decorator.py
[2025-02-06 19:04:41,133] {logging_mixin.py:115} INFO - [2025-02-06 19:04:41,133] {dag.py:2379} INFO - Sync 1 DAGs
[2025-02-06 19:04:41,145] {logging_mixin.py:115} INFO - [2025-02-06 19:04:41,145] {dag.py:2927} INFO - Setting next_dagrun for example_task_group_decorator to 2025-02-05T22:04:41.145390+00:00, run_after=2025-02-06T22:04:41.145390+00:00
[2025-02-06 19:04:41,160] {processor.py:161} INFO - Processing /home/luan-capella/Documentos/curso_airflow/airflowalura/venv/lib/python3.9/site-packages/airflow/example_dags/example_task_group_decorator.py took 0.089 seconds
[2025-02-06 19:43:14,109] {processor.py:153} INFO - Started process (PID=14302) to work on /home/luan-capella/Documentos/curso_airflow/airflowalura/venv/lib/python3.9/site-packages/airflow/example_dags/example_task_group_decorator.py
[2025-02-06 19:43:14,110] {processor.py:641} INFO - Processing file /home/luan-capella/Documentos/curso_airflow/airflowalura/venv/lib/python3.9/site-packages/airflow/example_dags/example_task_group_decorator.py for tasks to queue
[2025-02-06 19:43:14,110] {logging_mixin.py:115} INFO - [2025-02-06 19:43:14,110] {dagbag.py:507} INFO - Filling up the DagBag from /home/luan-capella/Documentos/curso_airflow/airflowalura/venv/lib/python3.9/site-packages/airflow/example_dags/example_task_group_decorator.py
[2025-02-06 19:43:14,131] {processor.py:651} INFO - DAG(s) dict_keys(['example_task_group_decorator']) retrieved from /home/luan-capella/Documentos/curso_airflow/airflowalura/venv/lib/python3.9/site-packages/airflow/example_dags/example_task_group_decorator.py
[2025-02-06 19:43:14,169] {logging_mixin.py:115} INFO - [2025-02-06 19:43:14,169] {dag.py:2379} INFO - Sync 1 DAGs
[2025-02-06 19:43:14,182] {logging_mixin.py:115} INFO - [2025-02-06 19:43:14,182] {dag.py:2927} INFO - Setting next_dagrun for example_task_group_decorator to 2025-02-05T22:43:14.182503+00:00, run_after=2025-02-06T22:43:14.182503+00:00
[2025-02-06 19:43:14,197] {processor.py:161} INFO - Processing /home/luan-capella/Documentos/curso_airflow/airflowalura/venv/lib/python3.9/site-packages/airflow/example_dags/example_task_group_decorator.py took 0.090 seconds
[2025-02-06 19:43:48,163] {processor.py:153} INFO - Started process (PID=14494) to work on /home/luan-capella/Documentos/curso_airflow/airflowalura/venv/lib/python3.9/site-packages/airflow/example_dags/example_task_group_decorator.py
[2025-02-06 19:43:48,165] {processor.py:641} INFO - Processing file /home/luan-capella/Documentos/curso_airflow/airflowalura/venv/lib/python3.9/site-packages/airflow/example_dags/example_task_group_decorator.py for tasks to queue
[2025-02-06 19:43:48,166] {logging_mixin.py:115} INFO - [2025-02-06 19:43:48,165] {dagbag.py:507} INFO - Filling up the DagBag from /home/luan-capella/Documentos/curso_airflow/airflowalura/venv/lib/python3.9/site-packages/airflow/example_dags/example_task_group_decorator.py
[2025-02-06 19:43:48,191] {processor.py:651} INFO - DAG(s) dict_keys(['example_task_group_decorator']) retrieved from /home/luan-capella/Documentos/curso_airflow/airflowalura/venv/lib/python3.9/site-packages/airflow/example_dags/example_task_group_decorator.py
[2025-02-06 19:43:48,232] {logging_mixin.py:115} INFO - [2025-02-06 19:43:48,232] {dag.py:2379} INFO - Sync 1 DAGs
[2025-02-06 19:43:48,244] {logging_mixin.py:115} INFO - [2025-02-06 19:43:48,244] {dag.py:2927} INFO - Setting next_dagrun for example_task_group_decorator to 2025-02-05T22:43:48.244624+00:00, run_after=2025-02-06T22:43:48.244624+00:00
[2025-02-06 19:43:48,259] {processor.py:161} INFO - Processing /home/luan-capella/Documentos/curso_airflow/airflowalura/venv/lib/python3.9/site-packages/airflow/example_dags/example_task_group_decorator.py took 0.100 seconds
[2025-02-06 19:44:24,236] {processor.py:153} INFO - Started process (PID=14672) to work on /home/luan-capella/Documentos/curso_airflow/airflowalura/venv/lib/python3.9/site-packages/airflow/example_dags/example_task_group_decorator.py
[2025-02-06 19:44:24,237] {processor.py:641} INFO - Processing file /home/luan-capella/Documentos/curso_airflow/airflowalura/venv/lib/python3.9/site-packages/airflow/example_dags/example_task_group_decorator.py for tasks to queue
[2025-02-06 19:44:24,238] {logging_mixin.py:115} INFO - [2025-02-06 19:44:24,238] {dagbag.py:507} INFO - Filling up the DagBag from /home/luan-capella/Documentos/curso_airflow/airflowalura/venv/lib/python3.9/site-packages/airflow/example_dags/example_task_group_decorator.py
[2025-02-06 19:44:24,261] {processor.py:651} INFO - DAG(s) dict_keys(['example_task_group_decorator']) retrieved from /home/luan-capella/Documentos/curso_airflow/airflowalura/venv/lib/python3.9/site-packages/airflow/example_dags/example_task_group_decorator.py
[2025-02-06 19:44:24,299] {logging_mixin.py:115} INFO - [2025-02-06 19:44:24,299] {dag.py:2379} INFO - Sync 1 DAGs
[2025-02-06 19:44:24,312] {logging_mixin.py:115} INFO - [2025-02-06 19:44:24,312] {dag.py:2927} INFO - Setting next_dagrun for example_task_group_decorator to 2025-02-05T22:44:24.312072+00:00, run_after=2025-02-06T22:44:24.312072+00:00
[2025-02-06 19:44:24,327] {processor.py:161} INFO - Processing /home/luan-capella/Documentos/curso_airflow/airflowalura/venv/lib/python3.9/site-packages/airflow/example_dags/example_task_group_decorator.py took 0.095 seconds
[2025-02-06 19:45:01,037] {processor.py:153} INFO - Started process (PID=14912) to work on /home/luan-capella/Documentos/curso_airflow/airflowalura/venv/lib/python3.9/site-packages/airflow/example_dags/example_task_group_decorator.py
[2025-02-06 19:45:01,037] {processor.py:641} INFO - Processing file /home/luan-capella/Documentos/curso_airflow/airflowalura/venv/lib/python3.9/site-packages/airflow/example_dags/example_task_group_decorator.py for tasks to queue
[2025-02-06 19:45:01,038] {logging_mixin.py:115} INFO - [2025-02-06 19:45:01,038] {dagbag.py:507} INFO - Filling up the DagBag from /home/luan-capella/Documentos/curso_airflow/airflowalura/venv/lib/python3.9/site-packages/airflow/example_dags/example_task_group_decorator.py
[2025-02-06 19:45:01,059] {processor.py:651} INFO - DAG(s) dict_keys(['example_task_group_decorator']) retrieved from /home/luan-capella/Documentos/curso_airflow/airflowalura/venv/lib/python3.9/site-packages/airflow/example_dags/example_task_group_decorator.py
[2025-02-06 19:45:01,096] {logging_mixin.py:115} INFO - [2025-02-06 19:45:01,096] {dag.py:2379} INFO - Sync 1 DAGs
[2025-02-06 19:45:01,107] {logging_mixin.py:115} INFO - [2025-02-06 19:45:01,107] {dag.py:2927} INFO - Setting next_dagrun for example_task_group_decorator to 2025-02-05T22:45:01.107241+00:00, run_after=2025-02-06T22:45:01.107241+00:00
[2025-02-06 19:45:01,123] {processor.py:161} INFO - Processing /home/luan-capella/Documentos/curso_airflow/airflowalura/venv/lib/python3.9/site-packages/airflow/example_dags/example_task_group_decorator.py took 0.089 seconds
