[2025-02-06 19:04:36,949] {processor.py:153} INFO - Started process (PID=7033) to work on /home/luan-capella/Documentos/curso_airflow/airflowalura/venv/lib/python3.9/site-packages/airflow/example_dags/tutorial.py
[2025-02-06 19:04:36,949] {processor.py:641} INFO - Processing file /home/luan-capella/Documentos/curso_airflow/airflowalura/venv/lib/python3.9/site-packages/airflow/example_dags/tutorial.py for tasks to queue
[2025-02-06 19:04:36,949] {logging_mixin.py:115} INFO - [2025-02-06 19:04:36,949] {dagbag.py:507} INFO - Filling up the DagBag from /home/luan-capella/Documentos/curso_airflow/airflowalura/venv/lib/python3.9/site-packages/airflow/example_dags/tutorial.py
[2025-02-06 19:04:36,954] {processor.py:651} INFO - DAG(s) dict_keys(['tutorial']) retrieved from /home/luan-capella/Documentos/curso_airflow/airflowalura/venv/lib/python3.9/site-packages/airflow/example_dags/tutorial.py
[2025-02-06 19:04:36,967] {logging_mixin.py:115} INFO - [2025-02-06 19:04:36,967] {dag.py:2379} INFO - Sync 1 DAGs
[2025-02-06 19:04:36,981] {logging_mixin.py:115} INFO - [2025-02-06 19:04:36,980] {dag.py:2927} INFO - Setting next_dagrun for tutorial to 2025-02-05T22:04:36.980714+00:00, run_after=2025-02-06T22:04:36.980714+00:00
[2025-02-06 19:04:36,992] {processor.py:161} INFO - Processing /home/luan-capella/Documentos/curso_airflow/airflowalura/venv/lib/python3.9/site-packages/airflow/example_dags/tutorial.py took 0.046 seconds
[2025-02-06 19:43:08,871] {processor.py:153} INFO - Started process (PID=14251) to work on /home/luan-capella/Documentos/curso_airflow/airflowalura/venv/lib/python3.9/site-packages/airflow/example_dags/tutorial.py
[2025-02-06 19:43:08,877] {processor.py:641} INFO - Processing file /home/luan-capella/Documentos/curso_airflow/airflowalura/venv/lib/python3.9/site-packages/airflow/example_dags/tutorial.py for tasks to queue
[2025-02-06 19:43:08,878] {logging_mixin.py:115} INFO - [2025-02-06 19:43:08,878] {dagbag.py:507} INFO - Filling up the DagBag from /home/luan-capella/Documentos/curso_airflow/airflowalura/venv/lib/python3.9/site-packages/airflow/example_dags/tutorial.py
[2025-02-06 19:43:08,888] {processor.py:651} INFO - DAG(s) dict_keys(['tutorial']) retrieved from /home/luan-capella/Documentos/curso_airflow/airflowalura/venv/lib/python3.9/site-packages/airflow/example_dags/tutorial.py
[2025-02-06 19:43:08,901] {logging_mixin.py:115} INFO - [2025-02-06 19:43:08,901] {dag.py:2379} INFO - Sync 1 DAGs
[2025-02-06 19:43:08,915] {logging_mixin.py:115} INFO - [2025-02-06 19:43:08,915] {dag.py:2927} INFO - Setting next_dagrun for tutorial to 2025-02-05T22:43:08.915233+00:00, run_after=2025-02-06T22:43:08.915233+00:00
[2025-02-06 19:43:08,934] {processor.py:161} INFO - Processing /home/luan-capella/Documentos/curso_airflow/airflowalura/venv/lib/python3.9/site-packages/airflow/example_dags/tutorial.py took 0.068 seconds
[2025-02-06 19:43:44,144] {processor.py:153} INFO - Started process (PID=14469) to work on /home/luan-capella/Documentos/curso_airflow/airflowalura/venv/lib/python3.9/site-packages/airflow/example_dags/tutorial.py
[2025-02-06 19:43:44,146] {processor.py:641} INFO - Processing file /home/luan-capella/Documentos/curso_airflow/airflowalura/venv/lib/python3.9/site-packages/airflow/example_dags/tutorial.py for tasks to queue
[2025-02-06 19:43:44,146] {logging_mixin.py:115} INFO - [2025-02-06 19:43:44,146] {dagbag.py:507} INFO - Filling up the DagBag from /home/luan-capella/Documentos/curso_airflow/airflowalura/venv/lib/python3.9/site-packages/airflow/example_dags/tutorial.py
[2025-02-06 19:43:44,152] {processor.py:651} INFO - DAG(s) dict_keys(['tutorial']) retrieved from /home/luan-capella/Documentos/curso_airflow/airflowalura/venv/lib/python3.9/site-packages/airflow/example_dags/tutorial.py
[2025-02-06 19:43:44,167] {logging_mixin.py:115} INFO - [2025-02-06 19:43:44,167] {dag.py:2379} INFO - Sync 1 DAGs
[2025-02-06 19:43:44,181] {logging_mixin.py:115} INFO - [2025-02-06 19:43:44,181] {dag.py:2927} INFO - Setting next_dagrun for tutorial to 2025-02-05T22:43:44.181185+00:00, run_after=2025-02-06T22:43:44.181185+00:00
[2025-02-06 19:43:44,208] {processor.py:161} INFO - Processing /home/luan-capella/Documentos/curso_airflow/airflowalura/venv/lib/python3.9/site-packages/airflow/example_dags/tutorial.py took 0.067 seconds
[2025-02-06 19:44:20,212] {processor.py:153} INFO - Started process (PID=14654) to work on /home/luan-capella/Documentos/curso_airflow/airflowalura/venv/lib/python3.9/site-packages/airflow/example_dags/tutorial.py
[2025-02-06 19:44:20,212] {processor.py:641} INFO - Processing file /home/luan-capella/Documentos/curso_airflow/airflowalura/venv/lib/python3.9/site-packages/airflow/example_dags/tutorial.py for tasks to queue
[2025-02-06 19:44:20,213] {logging_mixin.py:115} INFO - [2025-02-06 19:44:20,213] {dagbag.py:507} INFO - Filling up the DagBag from /home/luan-capella/Documentos/curso_airflow/airflowalura/venv/lib/python3.9/site-packages/airflow/example_dags/tutorial.py
[2025-02-06 19:44:20,217] {processor.py:651} INFO - DAG(s) dict_keys(['tutorial']) retrieved from /home/luan-capella/Documentos/curso_airflow/airflowalura/venv/lib/python3.9/site-packages/airflow/example_dags/tutorial.py
[2025-02-06 19:44:20,233] {logging_mixin.py:115} INFO - [2025-02-06 19:44:20,233] {dag.py:2379} INFO - Sync 1 DAGs
[2025-02-06 19:44:20,247] {logging_mixin.py:115} INFO - [2025-02-06 19:44:20,247] {dag.py:2927} INFO - Setting next_dagrun for tutorial to 2025-02-05T22:44:20.247185+00:00, run_after=2025-02-06T22:44:20.247185+00:00
[2025-02-06 19:44:20,264] {processor.py:161} INFO - Processing /home/luan-capella/Documentos/curso_airflow/airflowalura/venv/lib/python3.9/site-packages/airflow/example_dags/tutorial.py took 0.055 seconds
[2025-02-06 19:44:56,441] {processor.py:153} INFO - Started process (PID=14886) to work on /home/luan-capella/Documentos/curso_airflow/airflowalura/venv/lib/python3.9/site-packages/airflow/example_dags/tutorial.py
[2025-02-06 19:44:56,442] {processor.py:641} INFO - Processing file /home/luan-capella/Documentos/curso_airflow/airflowalura/venv/lib/python3.9/site-packages/airflow/example_dags/tutorial.py for tasks to queue
[2025-02-06 19:44:56,443] {logging_mixin.py:115} INFO - [2025-02-06 19:44:56,443] {dagbag.py:507} INFO - Filling up the DagBag from /home/luan-capella/Documentos/curso_airflow/airflowalura/venv/lib/python3.9/site-packages/airflow/example_dags/tutorial.py
[2025-02-06 19:44:56,450] {processor.py:651} INFO - DAG(s) dict_keys(['tutorial']) retrieved from /home/luan-capella/Documentos/curso_airflow/airflowalura/venv/lib/python3.9/site-packages/airflow/example_dags/tutorial.py
[2025-02-06 19:44:56,462] {logging_mixin.py:115} INFO - [2025-02-06 19:44:56,462] {dag.py:2379} INFO - Sync 1 DAGs
[2025-02-06 19:44:56,474] {logging_mixin.py:115} INFO - [2025-02-06 19:44:56,474] {dag.py:2927} INFO - Setting next_dagrun for tutorial to 2025-02-05T22:44:56.474220+00:00, run_after=2025-02-06T22:44:56.474220+00:00
[2025-02-06 19:44:56,486] {processor.py:161} INFO - Processing /home/luan-capella/Documentos/curso_airflow/airflowalura/venv/lib/python3.9/site-packages/airflow/example_dags/tutorial.py took 0.050 seconds
