[2025-02-06 19:04:35,807] {processor.py:153} INFO - Started process (PID=7030) to work on /home/luan-capella/Documentos/curso_airflow/airflowalura/venv/lib/python3.9/site-packages/airflow/example_dags/tutorial_etl_dag.py
[2025-02-06 19:04:35,807] {processor.py:641} INFO - Processing file /home/luan-capella/Documentos/curso_airflow/airflowalura/venv/lib/python3.9/site-packages/airflow/example_dags/tutorial_etl_dag.py for tasks to queue
[2025-02-06 19:04:35,808] {logging_mixin.py:115} INFO - [2025-02-06 19:04:35,808] {dagbag.py:507} INFO - Filling up the DagBag from /home/luan-capella/Documentos/curso_airflow/airflowalura/venv/lib/python3.9/site-packages/airflow/example_dags/tutorial_etl_dag.py
[2025-02-06 19:04:35,813] {processor.py:651} INFO - DAG(s) dict_keys(['tutorial_etl_dag']) retrieved from /home/luan-capella/Documentos/curso_airflow/airflowalura/venv/lib/python3.9/site-packages/airflow/example_dags/tutorial_etl_dag.py
[2025-02-06 19:04:35,825] {logging_mixin.py:115} INFO - [2025-02-06 19:04:35,825] {dag.py:2379} INFO - Sync 1 DAGs
[2025-02-06 19:04:35,838] {logging_mixin.py:115} INFO - [2025-02-06 19:04:35,838] {dag.py:2927} INFO - Setting next_dagrun for tutorial_etl_dag to None, run_after=None
[2025-02-06 19:04:35,849] {processor.py:161} INFO - Processing /home/luan-capella/Documentos/curso_airflow/airflowalura/venv/lib/python3.9/site-packages/airflow/example_dags/tutorial_etl_dag.py took 0.045 seconds
[2025-02-06 19:43:07,715] {processor.py:153} INFO - Started process (PID=14248) to work on /home/luan-capella/Documentos/curso_airflow/airflowalura/venv/lib/python3.9/site-packages/airflow/example_dags/tutorial_etl_dag.py
[2025-02-06 19:43:07,727] {processor.py:641} INFO - Processing file /home/luan-capella/Documentos/curso_airflow/airflowalura/venv/lib/python3.9/site-packages/airflow/example_dags/tutorial_etl_dag.py for tasks to queue
[2025-02-06 19:43:07,728] {logging_mixin.py:115} INFO - [2025-02-06 19:43:07,728] {dagbag.py:507} INFO - Filling up the DagBag from /home/luan-capella/Documentos/curso_airflow/airflowalura/venv/lib/python3.9/site-packages/airflow/example_dags/tutorial_etl_dag.py
[2025-02-06 19:43:07,735] {processor.py:651} INFO - DAG(s) dict_keys(['tutorial_etl_dag']) retrieved from /home/luan-capella/Documentos/curso_airflow/airflowalura/venv/lib/python3.9/site-packages/airflow/example_dags/tutorial_etl_dag.py
[2025-02-06 19:43:07,747] {logging_mixin.py:115} INFO - [2025-02-06 19:43:07,747] {dag.py:2379} INFO - Sync 1 DAGs
[2025-02-06 19:43:07,763] {logging_mixin.py:115} INFO - [2025-02-06 19:43:07,763] {dag.py:2927} INFO - Setting next_dagrun for tutorial_etl_dag to None, run_after=None
[2025-02-06 19:43:07,786] {processor.py:161} INFO - Processing /home/luan-capella/Documentos/curso_airflow/airflowalura/venv/lib/python3.9/site-packages/airflow/example_dags/tutorial_etl_dag.py took 0.073 seconds
[2025-02-06 19:43:43,013] {processor.py:153} INFO - Started process (PID=14464) to work on /home/luan-capella/Documentos/curso_airflow/airflowalura/venv/lib/python3.9/site-packages/airflow/example_dags/tutorial_etl_dag.py
[2025-02-06 19:43:43,016] {processor.py:641} INFO - Processing file /home/luan-capella/Documentos/curso_airflow/airflowalura/venv/lib/python3.9/site-packages/airflow/example_dags/tutorial_etl_dag.py for tasks to queue
[2025-02-06 19:43:43,017] {logging_mixin.py:115} INFO - [2025-02-06 19:43:43,016] {dagbag.py:507} INFO - Filling up the DagBag from /home/luan-capella/Documentos/curso_airflow/airflowalura/venv/lib/python3.9/site-packages/airflow/example_dags/tutorial_etl_dag.py
[2025-02-06 19:43:43,023] {processor.py:651} INFO - DAG(s) dict_keys(['tutorial_etl_dag']) retrieved from /home/luan-capella/Documentos/curso_airflow/airflowalura/venv/lib/python3.9/site-packages/airflow/example_dags/tutorial_etl_dag.py
[2025-02-06 19:43:43,035] {logging_mixin.py:115} INFO - [2025-02-06 19:43:43,035] {dag.py:2379} INFO - Sync 1 DAGs
[2025-02-06 19:43:43,048] {logging_mixin.py:115} INFO - [2025-02-06 19:43:43,048] {dag.py:2927} INFO - Setting next_dagrun for tutorial_etl_dag to None, run_after=None
[2025-02-06 19:43:43,075] {processor.py:161} INFO - Processing /home/luan-capella/Documentos/curso_airflow/airflowalura/venv/lib/python3.9/site-packages/airflow/example_dags/tutorial_etl_dag.py took 0.064 seconds
[2025-02-06 19:44:19,068] {processor.py:153} INFO - Started process (PID=14652) to work on /home/luan-capella/Documentos/curso_airflow/airflowalura/venv/lib/python3.9/site-packages/airflow/example_dags/tutorial_etl_dag.py
[2025-02-06 19:44:19,069] {processor.py:641} INFO - Processing file /home/luan-capella/Documentos/curso_airflow/airflowalura/venv/lib/python3.9/site-packages/airflow/example_dags/tutorial_etl_dag.py for tasks to queue
[2025-02-06 19:44:19,070] {logging_mixin.py:115} INFO - [2025-02-06 19:44:19,070] {dagbag.py:507} INFO - Filling up the DagBag from /home/luan-capella/Documentos/curso_airflow/airflowalura/venv/lib/python3.9/site-packages/airflow/example_dags/tutorial_etl_dag.py
[2025-02-06 19:44:19,079] {processor.py:651} INFO - DAG(s) dict_keys(['tutorial_etl_dag']) retrieved from /home/luan-capella/Documentos/curso_airflow/airflowalura/venv/lib/python3.9/site-packages/airflow/example_dags/tutorial_etl_dag.py
[2025-02-06 19:44:19,093] {logging_mixin.py:115} INFO - [2025-02-06 19:44:19,093] {dag.py:2379} INFO - Sync 1 DAGs
[2025-02-06 19:44:19,108] {logging_mixin.py:115} INFO - [2025-02-06 19:44:19,107] {dag.py:2927} INFO - Setting next_dagrun for tutorial_etl_dag to None, run_after=None
[2025-02-06 19:44:19,131] {processor.py:161} INFO - Processing /home/luan-capella/Documentos/curso_airflow/airflowalura/venv/lib/python3.9/site-packages/airflow/example_dags/tutorial_etl_dag.py took 0.066 seconds
[2025-02-06 19:44:55,290] {processor.py:153} INFO - Started process (PID=14883) to work on /home/luan-capella/Documentos/curso_airflow/airflowalura/venv/lib/python3.9/site-packages/airflow/example_dags/tutorial_etl_dag.py
[2025-02-06 19:44:55,290] {processor.py:641} INFO - Processing file /home/luan-capella/Documentos/curso_airflow/airflowalura/venv/lib/python3.9/site-packages/airflow/example_dags/tutorial_etl_dag.py for tasks to queue
[2025-02-06 19:44:55,291] {logging_mixin.py:115} INFO - [2025-02-06 19:44:55,291] {dagbag.py:507} INFO - Filling up the DagBag from /home/luan-capella/Documentos/curso_airflow/airflowalura/venv/lib/python3.9/site-packages/airflow/example_dags/tutorial_etl_dag.py
[2025-02-06 19:44:55,297] {processor.py:651} INFO - DAG(s) dict_keys(['tutorial_etl_dag']) retrieved from /home/luan-capella/Documentos/curso_airflow/airflowalura/venv/lib/python3.9/site-packages/airflow/example_dags/tutorial_etl_dag.py
[2025-02-06 19:44:55,310] {logging_mixin.py:115} INFO - [2025-02-06 19:44:55,310] {dag.py:2379} INFO - Sync 1 DAGs
[2025-02-06 19:44:55,325] {logging_mixin.py:115} INFO - [2025-02-06 19:44:55,325] {dag.py:2927} INFO - Setting next_dagrun for tutorial_etl_dag to None, run_after=None
[2025-02-06 19:44:55,338] {processor.py:161} INFO - Processing /home/luan-capella/Documentos/curso_airflow/airflowalura/venv/lib/python3.9/site-packages/airflow/example_dags/tutorial_etl_dag.py took 0.051 seconds
