[2024-10-11 15:19:46,217] {processor.py:153} INFO - Started process (PID=41299) to work on /home/luan-capella/Documentos/curso_airflow/airflowalura/venv/lib/python3.9/site-packages/airflow/example_dags/example_kubernetes_executor.py
[2024-10-11 15:19:46,218] {processor.py:641} INFO - Processing file /home/luan-capella/Documentos/curso_airflow/airflowalura/venv/lib/python3.9/site-packages/airflow/example_dags/example_kubernetes_executor.py for tasks to queue
[2024-10-11 15:19:46,219] {logging_mixin.py:115} INFO - [2024-10-11 15:19:46,219] {dagbag.py:507} INFO - Filling up the DagBag from /home/luan-capella/Documentos/curso_airflow/airflowalura/venv/lib/python3.9/site-packages/airflow/example_dags/example_kubernetes_executor.py
[2024-10-11 15:19:46,236] {logging_mixin.py:115} INFO - [2024-10-11 15:19:46,235] {example_kubernetes_executor.py:39} WARNING - The example_kubernetes_executor example DAG requires the kubernetes provider. Please install it with: pip install apache-airflow[cncf.kubernetes]
[2024-10-11 15:19:46,236] {processor.py:653} WARNING - No viable dags retrieved from /home/luan-capella/Documentos/curso_airflow/airflowalura/venv/lib/python3.9/site-packages/airflow/example_dags/example_kubernetes_executor.py
[2024-10-11 15:19:46,247] {processor.py:161} INFO - Processing /home/luan-capella/Documentos/curso_airflow/airflowalura/venv/lib/python3.9/site-packages/airflow/example_dags/example_kubernetes_executor.py took 0.034 seconds
[2024-10-11 15:20:20,574] {processor.py:153} INFO - Started process (PID=42063) to work on /home/luan-capella/Documentos/curso_airflow/airflowalura/venv/lib/python3.9/site-packages/airflow/example_dags/example_kubernetes_executor.py
[2024-10-11 15:20:20,575] {processor.py:641} INFO - Processing file /home/luan-capella/Documentos/curso_airflow/airflowalura/venv/lib/python3.9/site-packages/airflow/example_dags/example_kubernetes_executor.py for tasks to queue
[2024-10-11 15:20:20,576] {logging_mixin.py:115} INFO - [2024-10-11 15:20:20,576] {dagbag.py:507} INFO - Filling up the DagBag from /home/luan-capella/Documentos/curso_airflow/airflowalura/venv/lib/python3.9/site-packages/airflow/example_dags/example_kubernetes_executor.py
[2024-10-11 15:20:20,593] {logging_mixin.py:115} INFO - [2024-10-11 15:20:20,593] {example_kubernetes_executor.py:39} WARNING - The example_kubernetes_executor example DAG requires the kubernetes provider. Please install it with: pip install apache-airflow[cncf.kubernetes]
[2024-10-11 15:20:20,594] {processor.py:653} WARNING - No viable dags retrieved from /home/luan-capella/Documentos/curso_airflow/airflowalura/venv/lib/python3.9/site-packages/airflow/example_dags/example_kubernetes_executor.py
[2024-10-11 15:20:20,604] {processor.py:161} INFO - Processing /home/luan-capella/Documentos/curso_airflow/airflowalura/venv/lib/python3.9/site-packages/airflow/example_dags/example_kubernetes_executor.py took 0.032 seconds
[2024-10-11 15:20:53,776] {processor.py:153} INFO - Started process (PID=42708) to work on /home/luan-capella/Documentos/curso_airflow/airflowalura/venv/lib/python3.9/site-packages/airflow/example_dags/example_kubernetes_executor.py
[2024-10-11 15:20:53,778] {processor.py:641} INFO - Processing file /home/luan-capella/Documentos/curso_airflow/airflowalura/venv/lib/python3.9/site-packages/airflow/example_dags/example_kubernetes_executor.py for tasks to queue
[2024-10-11 15:20:53,778] {logging_mixin.py:115} INFO - [2024-10-11 15:20:53,778] {dagbag.py:507} INFO - Filling up the DagBag from /home/luan-capella/Documentos/curso_airflow/airflowalura/venv/lib/python3.9/site-packages/airflow/example_dags/example_kubernetes_executor.py
[2024-10-11 15:20:53,791] {logging_mixin.py:115} INFO - [2024-10-11 15:20:53,791] {example_kubernetes_executor.py:39} WARNING - The example_kubernetes_executor example DAG requires the kubernetes provider. Please install it with: pip install apache-airflow[cncf.kubernetes]
[2024-10-11 15:20:53,792] {processor.py:653} WARNING - No viable dags retrieved from /home/luan-capella/Documentos/curso_airflow/airflowalura/venv/lib/python3.9/site-packages/airflow/example_dags/example_kubernetes_executor.py
[2024-10-11 15:20:53,801] {processor.py:161} INFO - Processing /home/luan-capella/Documentos/curso_airflow/airflowalura/venv/lib/python3.9/site-packages/airflow/example_dags/example_kubernetes_executor.py took 0.030 seconds
[2024-10-11 15:21:27,653] {processor.py:153} INFO - Started process (PID=43375) to work on /home/luan-capella/Documentos/curso_airflow/airflowalura/venv/lib/python3.9/site-packages/airflow/example_dags/example_kubernetes_executor.py
[2024-10-11 15:21:27,654] {processor.py:641} INFO - Processing file /home/luan-capella/Documentos/curso_airflow/airflowalura/venv/lib/python3.9/site-packages/airflow/example_dags/example_kubernetes_executor.py for tasks to queue
[2024-10-11 15:21:27,655] {logging_mixin.py:115} INFO - [2024-10-11 15:21:27,655] {dagbag.py:507} INFO - Filling up the DagBag from /home/luan-capella/Documentos/curso_airflow/airflowalura/venv/lib/python3.9/site-packages/airflow/example_dags/example_kubernetes_executor.py
[2024-10-11 15:21:27,670] {logging_mixin.py:115} INFO - [2024-10-11 15:21:27,670] {example_kubernetes_executor.py:39} WARNING - The example_kubernetes_executor example DAG requires the kubernetes provider. Please install it with: pip install apache-airflow[cncf.kubernetes]
[2024-10-11 15:21:27,671] {processor.py:653} WARNING - No viable dags retrieved from /home/luan-capella/Documentos/curso_airflow/airflowalura/venv/lib/python3.9/site-packages/airflow/example_dags/example_kubernetes_executor.py
[2024-10-11 15:21:27,680] {processor.py:161} INFO - Processing /home/luan-capella/Documentos/curso_airflow/airflowalura/venv/lib/python3.9/site-packages/airflow/example_dags/example_kubernetes_executor.py took 0.032 seconds
[2024-10-11 15:21:59,806] {processor.py:153} INFO - Started process (PID=44001) to work on /home/luan-capella/Documentos/curso_airflow/airflowalura/venv/lib/python3.9/site-packages/airflow/example_dags/example_kubernetes_executor.py
[2024-10-11 15:21:59,808] {processor.py:641} INFO - Processing file /home/luan-capella/Documentos/curso_airflow/airflowalura/venv/lib/python3.9/site-packages/airflow/example_dags/example_kubernetes_executor.py for tasks to queue
[2024-10-11 15:21:59,808] {logging_mixin.py:115} INFO - [2024-10-11 15:21:59,808] {dagbag.py:507} INFO - Filling up the DagBag from /home/luan-capella/Documentos/curso_airflow/airflowalura/venv/lib/python3.9/site-packages/airflow/example_dags/example_kubernetes_executor.py
[2024-10-11 15:21:59,824] {logging_mixin.py:115} INFO - [2024-10-11 15:21:59,824] {example_kubernetes_executor.py:39} WARNING - The example_kubernetes_executor example DAG requires the kubernetes provider. Please install it with: pip install apache-airflow[cncf.kubernetes]
[2024-10-11 15:21:59,825] {processor.py:653} WARNING - No viable dags retrieved from /home/luan-capella/Documentos/curso_airflow/airflowalura/venv/lib/python3.9/site-packages/airflow/example_dags/example_kubernetes_executor.py
[2024-10-11 15:21:59,836] {processor.py:161} INFO - Processing /home/luan-capella/Documentos/curso_airflow/airflowalura/venv/lib/python3.9/site-packages/airflow/example_dags/example_kubernetes_executor.py took 0.035 seconds
