[2024-10-11 15:19:48,969] {processor.py:153} INFO - Started process (PID=41351) to work on /home/luan-capella/Documentos/curso_airflow/airflowalura/venv/lib/python3.9/site-packages/airflow/example_dags/example_latest_only.py
[2024-10-11 15:19:48,970] {processor.py:641} INFO - Processing file /home/luan-capella/Documentos/curso_airflow/airflowalura/venv/lib/python3.9/site-packages/airflow/example_dags/example_latest_only.py for tasks to queue
[2024-10-11 15:19:48,971] {logging_mixin.py:115} INFO - [2024-10-11 15:19:48,971] {dagbag.py:507} INFO - Filling up the DagBag from /home/luan-capella/Documentos/curso_airflow/airflowalura/venv/lib/python3.9/site-packages/airflow/example_dags/example_latest_only.py
[2024-10-11 15:19:48,976] {processor.py:651} INFO - DAG(s) dict_keys(['latest_only']) retrieved from /home/luan-capella/Documentos/curso_airflow/airflowalura/venv/lib/python3.9/site-packages/airflow/example_dags/example_latest_only.py
[2024-10-11 15:19:49,043] {logging_mixin.py:115} INFO - [2024-10-11 15:19:49,043] {manager.py:508} INFO - Created Permission View: can edit on DAG:latest_only
[2024-10-11 15:19:49,055] {logging_mixin.py:115} INFO - [2024-10-11 15:19:49,054] {manager.py:508} INFO - Created Permission View: can read on DAG:latest_only
[2024-10-11 15:19:49,064] {logging_mixin.py:115} INFO - [2024-10-11 15:19:49,064] {manager.py:508} INFO - Created Permission View: can delete on DAG:latest_only
[2024-10-11 15:19:49,064] {logging_mixin.py:115} INFO - [2024-10-11 15:19:49,064] {dag.py:2379} INFO - Sync 1 DAGs
[2024-10-11 15:19:49,071] {logging_mixin.py:115} INFO - [2024-10-11 15:19:49,071] {dag.py:2398} INFO - Creating ORM DAG for latest_only
[2024-10-11 15:19:49,080] {logging_mixin.py:115} INFO - [2024-10-11 15:19:49,080] {dag.py:2927} INFO - Setting next_dagrun for latest_only to 2024-10-11T14:19:49.080246+00:00, run_after=2024-10-11T18:19:49.080246+00:00
[2024-10-11 15:19:49,099] {processor.py:161} INFO - Processing /home/luan-capella/Documentos/curso_airflow/airflowalura/venv/lib/python3.9/site-packages/airflow/example_dags/example_latest_only.py took 0.135 seconds
[2024-10-11 15:20:23,828] {processor.py:153} INFO - Started process (PID=42128) to work on /home/luan-capella/Documentos/curso_airflow/airflowalura/venv/lib/python3.9/site-packages/airflow/example_dags/example_latest_only.py
[2024-10-11 15:20:23,828] {processor.py:641} INFO - Processing file /home/luan-capella/Documentos/curso_airflow/airflowalura/venv/lib/python3.9/site-packages/airflow/example_dags/example_latest_only.py for tasks to queue
[2024-10-11 15:20:23,829] {logging_mixin.py:115} INFO - [2024-10-11 15:20:23,829] {dagbag.py:507} INFO - Filling up the DagBag from /home/luan-capella/Documentos/curso_airflow/airflowalura/venv/lib/python3.9/site-packages/airflow/example_dags/example_latest_only.py
[2024-10-11 15:20:23,834] {processor.py:651} INFO - DAG(s) dict_keys(['latest_only']) retrieved from /home/luan-capella/Documentos/curso_airflow/airflowalura/venv/lib/python3.9/site-packages/airflow/example_dags/example_latest_only.py
[2024-10-11 15:20:23,847] {logging_mixin.py:115} INFO - [2024-10-11 15:20:23,847] {dag.py:2379} INFO - Sync 1 DAGs
[2024-10-11 15:20:23,866] {logging_mixin.py:115} INFO - [2024-10-11 15:20:23,866] {dag.py:2927} INFO - Setting next_dagrun for latest_only to 2024-10-11T14:20:23.865757+00:00, run_after=2024-10-11T18:20:23.865757+00:00
[2024-10-11 15:20:23,883] {processor.py:161} INFO - Processing /home/luan-capella/Documentos/curso_airflow/airflowalura/venv/lib/python3.9/site-packages/airflow/example_dags/example_latest_only.py took 0.059 seconds
[2024-10-11 15:20:56,031] {processor.py:153} INFO - Started process (PID=42752) to work on /home/luan-capella/Documentos/curso_airflow/airflowalura/venv/lib/python3.9/site-packages/airflow/example_dags/example_latest_only.py
[2024-10-11 15:20:56,033] {processor.py:641} INFO - Processing file /home/luan-capella/Documentos/curso_airflow/airflowalura/venv/lib/python3.9/site-packages/airflow/example_dags/example_latest_only.py for tasks to queue
[2024-10-11 15:20:56,033] {logging_mixin.py:115} INFO - [2024-10-11 15:20:56,033] {dagbag.py:507} INFO - Filling up the DagBag from /home/luan-capella/Documentos/curso_airflow/airflowalura/venv/lib/python3.9/site-packages/airflow/example_dags/example_latest_only.py
[2024-10-11 15:20:56,041] {processor.py:651} INFO - DAG(s) dict_keys(['latest_only']) retrieved from /home/luan-capella/Documentos/curso_airflow/airflowalura/venv/lib/python3.9/site-packages/airflow/example_dags/example_latest_only.py
[2024-10-11 15:20:56,059] {logging_mixin.py:115} INFO - [2024-10-11 15:20:56,059] {dag.py:2379} INFO - Sync 1 DAGs
[2024-10-11 15:20:56,074] {logging_mixin.py:115} INFO - [2024-10-11 15:20:56,073] {dag.py:2927} INFO - Setting next_dagrun for latest_only to 2024-10-11T14:20:56.073670+00:00, run_after=2024-10-11T18:20:56.073670+00:00
[2024-10-11 15:20:56,089] {processor.py:161} INFO - Processing /home/luan-capella/Documentos/curso_airflow/airflowalura/venv/lib/python3.9/site-packages/airflow/example_dags/example_latest_only.py took 0.063 seconds
[2024-10-11 15:21:31,194] {processor.py:153} INFO - Started process (PID=43444) to work on /home/luan-capella/Documentos/curso_airflow/airflowalura/venv/lib/python3.9/site-packages/airflow/example_dags/example_latest_only.py
[2024-10-11 15:21:31,195] {processor.py:641} INFO - Processing file /home/luan-capella/Documentos/curso_airflow/airflowalura/venv/lib/python3.9/site-packages/airflow/example_dags/example_latest_only.py for tasks to queue
[2024-10-11 15:21:31,196] {logging_mixin.py:115} INFO - [2024-10-11 15:21:31,196] {dagbag.py:507} INFO - Filling up the DagBag from /home/luan-capella/Documentos/curso_airflow/airflowalura/venv/lib/python3.9/site-packages/airflow/example_dags/example_latest_only.py
[2024-10-11 15:21:31,205] {processor.py:651} INFO - DAG(s) dict_keys(['latest_only']) retrieved from /home/luan-capella/Documentos/curso_airflow/airflowalura/venv/lib/python3.9/site-packages/airflow/example_dags/example_latest_only.py
[2024-10-11 15:21:31,218] {logging_mixin.py:115} INFO - [2024-10-11 15:21:31,218] {dag.py:2379} INFO - Sync 1 DAGs
[2024-10-11 15:21:31,235] {logging_mixin.py:115} INFO - [2024-10-11 15:21:31,235] {dag.py:2927} INFO - Setting next_dagrun for latest_only to 2024-10-11T14:21:31.234792+00:00, run_after=2024-10-11T18:21:31.234792+00:00
[2024-10-11 15:21:31,252] {processor.py:161} INFO - Processing /home/luan-capella/Documentos/curso_airflow/airflowalura/venv/lib/python3.9/site-packages/airflow/example_dags/example_latest_only.py took 0.062 seconds
[2024-10-11 15:22:03,800] {processor.py:153} INFO - Started process (PID=44211) to work on /home/luan-capella/Documentos/curso_airflow/airflowalura/venv/lib/python3.9/site-packages/airflow/example_dags/example_latest_only.py
[2024-10-11 15:22:03,802] {processor.py:641} INFO - Processing file /home/luan-capella/Documentos/curso_airflow/airflowalura/venv/lib/python3.9/site-packages/airflow/example_dags/example_latest_only.py for tasks to queue
[2024-10-11 15:22:03,803] {logging_mixin.py:115} INFO - [2024-10-11 15:22:03,802] {dagbag.py:507} INFO - Filling up the DagBag from /home/luan-capella/Documentos/curso_airflow/airflowalura/venv/lib/python3.9/site-packages/airflow/example_dags/example_latest_only.py
[2024-10-11 15:22:03,810] {processor.py:651} INFO - DAG(s) dict_keys(['latest_only']) retrieved from /home/luan-capella/Documentos/curso_airflow/airflowalura/venv/lib/python3.9/site-packages/airflow/example_dags/example_latest_only.py
[2024-10-11 15:22:03,831] {logging_mixin.py:115} INFO - [2024-10-11 15:22:03,831] {dag.py:2379} INFO - Sync 1 DAGs
[2024-10-11 15:22:03,852] {logging_mixin.py:115} INFO - [2024-10-11 15:22:03,852] {dag.py:2927} INFO - Setting next_dagrun for latest_only to 2024-10-11T14:22:03.852338+00:00, run_after=2024-10-11T18:22:03.852338+00:00
[2024-10-11 15:22:03,881] {processor.py:161} INFO - Processing /home/luan-capella/Documentos/curso_airflow/airflowalura/venv/lib/python3.9/site-packages/airflow/example_dags/example_latest_only.py took 0.086 seconds
