[2024-10-11 15:19:43,527] {processor.py:153} INFO - Started process (PID=41244) to work on /home/luan-capella/Documentos/curso_airflow/airflowalura/venv/lib/python3.9/site-packages/airflow/example_dags/example_skip_dag.py
[2024-10-11 15:19:43,527] {processor.py:641} INFO - Processing file /home/luan-capella/Documentos/curso_airflow/airflowalura/venv/lib/python3.9/site-packages/airflow/example_dags/example_skip_dag.py for tasks to queue
[2024-10-11 15:19:43,528] {logging_mixin.py:115} INFO - [2024-10-11 15:19:43,527] {dagbag.py:507} INFO - Filling up the DagBag from /home/luan-capella/Documentos/curso_airflow/airflowalura/venv/lib/python3.9/site-packages/airflow/example_dags/example_skip_dag.py
[2024-10-11 15:19:43,533] {processor.py:651} INFO - DAG(s) dict_keys(['example_skip_dag']) retrieved from /home/luan-capella/Documentos/curso_airflow/airflowalura/venv/lib/python3.9/site-packages/airflow/example_dags/example_skip_dag.py
[2024-10-11 15:19:43,598] {logging_mixin.py:115} INFO - [2024-10-11 15:19:43,598] {manager.py:508} INFO - Created Permission View: can edit on DAG:example_skip_dag
[2024-10-11 15:19:43,609] {logging_mixin.py:115} INFO - [2024-10-11 15:19:43,609] {manager.py:508} INFO - Created Permission View: can read on DAG:example_skip_dag
[2024-10-11 15:19:43,622] {logging_mixin.py:115} INFO - [2024-10-11 15:19:43,621] {manager.py:508} INFO - Created Permission View: can delete on DAG:example_skip_dag
[2024-10-11 15:19:43,622] {logging_mixin.py:115} INFO - [2024-10-11 15:19:43,622] {dag.py:2379} INFO - Sync 1 DAGs
[2024-10-11 15:19:43,628] {logging_mixin.py:115} INFO - [2024-10-11 15:19:43,628] {dag.py:2398} INFO - Creating ORM DAG for example_skip_dag
[2024-10-11 15:19:43,637] {logging_mixin.py:115} INFO - [2024-10-11 15:19:43,637] {dag.py:2927} INFO - Setting next_dagrun for example_skip_dag to 2024-10-10T18:19:43.637338+00:00, run_after=2024-10-11T18:19:43.637338+00:00
[2024-10-11 15:19:43,660] {processor.py:161} INFO - Processing /home/luan-capella/Documentos/curso_airflow/airflowalura/venv/lib/python3.9/site-packages/airflow/example_dags/example_skip_dag.py took 0.138 seconds
[2024-10-11 15:20:17,717] {processor.py:153} INFO - Started process (PID=42005) to work on /home/luan-capella/Documentos/curso_airflow/airflowalura/venv/lib/python3.9/site-packages/airflow/example_dags/example_skip_dag.py
[2024-10-11 15:20:17,718] {processor.py:641} INFO - Processing file /home/luan-capella/Documentos/curso_airflow/airflowalura/venv/lib/python3.9/site-packages/airflow/example_dags/example_skip_dag.py for tasks to queue
[2024-10-11 15:20:17,719] {logging_mixin.py:115} INFO - [2024-10-11 15:20:17,719] {dagbag.py:507} INFO - Filling up the DagBag from /home/luan-capella/Documentos/curso_airflow/airflowalura/venv/lib/python3.9/site-packages/airflow/example_dags/example_skip_dag.py
[2024-10-11 15:20:17,724] {processor.py:651} INFO - DAG(s) dict_keys(['example_skip_dag']) retrieved from /home/luan-capella/Documentos/curso_airflow/airflowalura/venv/lib/python3.9/site-packages/airflow/example_dags/example_skip_dag.py
[2024-10-11 15:20:17,742] {logging_mixin.py:115} INFO - [2024-10-11 15:20:17,742] {dag.py:2379} INFO - Sync 1 DAGs
[2024-10-11 15:20:17,759] {logging_mixin.py:115} INFO - [2024-10-11 15:20:17,759] {dag.py:2927} INFO - Setting next_dagrun for example_skip_dag to 2024-10-10T18:20:17.758826+00:00, run_after=2024-10-11T18:20:17.758826+00:00
[2024-10-11 15:20:17,776] {processor.py:161} INFO - Processing /home/luan-capella/Documentos/curso_airflow/airflowalura/venv/lib/python3.9/site-packages/airflow/example_dags/example_skip_dag.py took 0.062 seconds
[2024-10-11 15:20:50,902] {processor.py:153} INFO - Started process (PID=42650) to work on /home/luan-capella/Documentos/curso_airflow/airflowalura/venv/lib/python3.9/site-packages/airflow/example_dags/example_skip_dag.py
[2024-10-11 15:20:50,903] {processor.py:641} INFO - Processing file /home/luan-capella/Documentos/curso_airflow/airflowalura/venv/lib/python3.9/site-packages/airflow/example_dags/example_skip_dag.py for tasks to queue
[2024-10-11 15:20:50,904] {logging_mixin.py:115} INFO - [2024-10-11 15:20:50,904] {dagbag.py:507} INFO - Filling up the DagBag from /home/luan-capella/Documentos/curso_airflow/airflowalura/venv/lib/python3.9/site-packages/airflow/example_dags/example_skip_dag.py
[2024-10-11 15:20:50,912] {processor.py:651} INFO - DAG(s) dict_keys(['example_skip_dag']) retrieved from /home/luan-capella/Documentos/curso_airflow/airflowalura/venv/lib/python3.9/site-packages/airflow/example_dags/example_skip_dag.py
[2024-10-11 15:20:50,927] {logging_mixin.py:115} INFO - [2024-10-11 15:20:50,927] {dag.py:2379} INFO - Sync 1 DAGs
[2024-10-11 15:20:50,943] {logging_mixin.py:115} INFO - [2024-10-11 15:20:50,943] {dag.py:2927} INFO - Setting next_dagrun for example_skip_dag to 2024-10-10T18:20:50.942812+00:00, run_after=2024-10-11T18:20:50.942812+00:00
[2024-10-11 15:20:50,969] {processor.py:161} INFO - Processing /home/luan-capella/Documentos/curso_airflow/airflowalura/venv/lib/python3.9/site-packages/airflow/example_dags/example_skip_dag.py took 0.072 seconds
[2024-10-11 15:21:24,442] {processor.py:153} INFO - Started process (PID=43313) to work on /home/luan-capella/Documentos/curso_airflow/airflowalura/venv/lib/python3.9/site-packages/airflow/example_dags/example_skip_dag.py
[2024-10-11 15:21:24,443] {processor.py:641} INFO - Processing file /home/luan-capella/Documentos/curso_airflow/airflowalura/venv/lib/python3.9/site-packages/airflow/example_dags/example_skip_dag.py for tasks to queue
[2024-10-11 15:21:24,444] {logging_mixin.py:115} INFO - [2024-10-11 15:21:24,443] {dagbag.py:507} INFO - Filling up the DagBag from /home/luan-capella/Documentos/curso_airflow/airflowalura/venv/lib/python3.9/site-packages/airflow/example_dags/example_skip_dag.py
[2024-10-11 15:21:24,449] {processor.py:651} INFO - DAG(s) dict_keys(['example_skip_dag']) retrieved from /home/luan-capella/Documentos/curso_airflow/airflowalura/venv/lib/python3.9/site-packages/airflow/example_dags/example_skip_dag.py
[2024-10-11 15:21:24,465] {logging_mixin.py:115} INFO - [2024-10-11 15:21:24,465] {dag.py:2379} INFO - Sync 1 DAGs
[2024-10-11 15:21:24,481] {logging_mixin.py:115} INFO - [2024-10-11 15:21:24,481] {dag.py:2927} INFO - Setting next_dagrun for example_skip_dag to 2024-10-10T18:21:24.481298+00:00, run_after=2024-10-11T18:21:24.481298+00:00
[2024-10-11 15:21:24,501] {processor.py:161} INFO - Processing /home/luan-capella/Documentos/curso_airflow/airflowalura/venv/lib/python3.9/site-packages/airflow/example_dags/example_skip_dag.py took 0.064 seconds
[2024-10-11 15:21:56,945] {processor.py:153} INFO - Started process (PID=43942) to work on /home/luan-capella/Documentos/curso_airflow/airflowalura/venv/lib/python3.9/site-packages/airflow/example_dags/example_skip_dag.py
[2024-10-11 15:21:56,946] {processor.py:641} INFO - Processing file /home/luan-capella/Documentos/curso_airflow/airflowalura/venv/lib/python3.9/site-packages/airflow/example_dags/example_skip_dag.py for tasks to queue
[2024-10-11 15:21:56,946] {logging_mixin.py:115} INFO - [2024-10-11 15:21:56,946] {dagbag.py:507} INFO - Filling up the DagBag from /home/luan-capella/Documentos/curso_airflow/airflowalura/venv/lib/python3.9/site-packages/airflow/example_dags/example_skip_dag.py
[2024-10-11 15:21:56,952] {processor.py:651} INFO - DAG(s) dict_keys(['example_skip_dag']) retrieved from /home/luan-capella/Documentos/curso_airflow/airflowalura/venv/lib/python3.9/site-packages/airflow/example_dags/example_skip_dag.py
[2024-10-11 15:21:56,966] {logging_mixin.py:115} INFO - [2024-10-11 15:21:56,966] {dag.py:2379} INFO - Sync 1 DAGs
[2024-10-11 15:21:56,981] {logging_mixin.py:115} INFO - [2024-10-11 15:21:56,981] {dag.py:2927} INFO - Setting next_dagrun for example_skip_dag to 2024-10-10T18:21:56.980882+00:00, run_after=2024-10-11T18:21:56.980882+00:00
[2024-10-11 15:21:56,996] {processor.py:161} INFO - Processing /home/luan-capella/Documentos/curso_airflow/airflowalura/venv/lib/python3.9/site-packages/airflow/example_dags/example_skip_dag.py took 0.056 seconds
