[2024-10-11 15:19:53,777] {processor.py:153} INFO - Started process (PID=41441) to work on /home/luan-capella/Documentos/curso_airflow/airflowalura/venv/lib/python3.9/site-packages/airflow/example_dags/example_branch_operator_decorator.py
[2024-10-11 15:19:53,778] {processor.py:641} INFO - Processing file /home/luan-capella/Documentos/curso_airflow/airflowalura/venv/lib/python3.9/site-packages/airflow/example_dags/example_branch_operator_decorator.py for tasks to queue
[2024-10-11 15:19:53,778] {logging_mixin.py:115} INFO - [2024-10-11 15:19:53,778] {dagbag.py:507} INFO - Filling up the DagBag from /home/luan-capella/Documentos/curso_airflow/airflowalura/venv/lib/python3.9/site-packages/airflow/example_dags/example_branch_operator_decorator.py
[2024-10-11 15:19:53,793] {processor.py:651} INFO - DAG(s) dict_keys(['example_branch_python_operator_decorator']) retrieved from /home/luan-capella/Documentos/curso_airflow/airflowalura/venv/lib/python3.9/site-packages/airflow/example_dags/example_branch_operator_decorator.py
[2024-10-11 15:19:53,852] {logging_mixin.py:115} INFO - [2024-10-11 15:19:53,852] {manager.py:508} INFO - Created Permission View: can edit on DAG:example_branch_python_operator_decorator
[2024-10-11 15:19:53,864] {logging_mixin.py:115} INFO - [2024-10-11 15:19:53,863] {manager.py:508} INFO - Created Permission View: can read on DAG:example_branch_python_operator_decorator
[2024-10-11 15:19:53,874] {logging_mixin.py:115} INFO - [2024-10-11 15:19:53,874] {manager.py:508} INFO - Created Permission View: can delete on DAG:example_branch_python_operator_decorator
[2024-10-11 15:19:53,874] {logging_mixin.py:115} INFO - [2024-10-11 15:19:53,874] {dag.py:2379} INFO - Sync 1 DAGs
[2024-10-11 15:19:53,880] {logging_mixin.py:115} INFO - [2024-10-11 15:19:53,880] {dag.py:2398} INFO - Creating ORM DAG for example_branch_python_operator_decorator
[2024-10-11 15:19:53,890] {logging_mixin.py:115} INFO - [2024-10-11 15:19:53,890] {dag.py:2927} INFO - Setting next_dagrun for example_branch_python_operator_decorator to 2024-10-10T00:00:00+00:00, run_after=2024-10-11T00:00:00+00:00
[2024-10-11 15:19:54,008] {processor.py:161} INFO - Processing /home/luan-capella/Documentos/curso_airflow/airflowalura/venv/lib/python3.9/site-packages/airflow/example_dags/example_branch_operator_decorator.py took 0.234 seconds
[2024-10-11 15:20:29,059] {processor.py:153} INFO - Started process (PID=42230) to work on /home/luan-capella/Documentos/curso_airflow/airflowalura/venv/lib/python3.9/site-packages/airflow/example_dags/example_branch_operator_decorator.py
[2024-10-11 15:20:29,060] {processor.py:641} INFO - Processing file /home/luan-capella/Documentos/curso_airflow/airflowalura/venv/lib/python3.9/site-packages/airflow/example_dags/example_branch_operator_decorator.py for tasks to queue
[2024-10-11 15:20:29,061] {logging_mixin.py:115} INFO - [2024-10-11 15:20:29,061] {dagbag.py:507} INFO - Filling up the DagBag from /home/luan-capella/Documentos/curso_airflow/airflowalura/venv/lib/python3.9/site-packages/airflow/example_dags/example_branch_operator_decorator.py
[2024-10-11 15:20:29,080] {processor.py:651} INFO - DAG(s) dict_keys(['example_branch_python_operator_decorator']) retrieved from /home/luan-capella/Documentos/curso_airflow/airflowalura/venv/lib/python3.9/site-packages/airflow/example_dags/example_branch_operator_decorator.py
[2024-10-11 15:20:29,094] {logging_mixin.py:115} INFO - [2024-10-11 15:20:29,094] {dag.py:2379} INFO - Sync 1 DAGs
[2024-10-11 15:20:29,111] {logging_mixin.py:115} INFO - [2024-10-11 15:20:29,111] {dag.py:2927} INFO - Setting next_dagrun for example_branch_python_operator_decorator to 2024-10-10T00:00:00+00:00, run_after=2024-10-11T00:00:00+00:00
[2024-10-11 15:20:29,127] {processor.py:161} INFO - Processing /home/luan-capella/Documentos/curso_airflow/airflowalura/venv/lib/python3.9/site-packages/airflow/example_dags/example_branch_operator_decorator.py took 0.073 seconds
[2024-10-11 15:21:01,807] {processor.py:153} INFO - Started process (PID=42867) to work on /home/luan-capella/Documentos/curso_airflow/airflowalura/venv/lib/python3.9/site-packages/airflow/example_dags/example_branch_operator_decorator.py
[2024-10-11 15:21:01,809] {processor.py:641} INFO - Processing file /home/luan-capella/Documentos/curso_airflow/airflowalura/venv/lib/python3.9/site-packages/airflow/example_dags/example_branch_operator_decorator.py for tasks to queue
[2024-10-11 15:21:01,810] {logging_mixin.py:115} INFO - [2024-10-11 15:21:01,810] {dagbag.py:507} INFO - Filling up the DagBag from /home/luan-capella/Documentos/curso_airflow/airflowalura/venv/lib/python3.9/site-packages/airflow/example_dags/example_branch_operator_decorator.py
[2024-10-11 15:21:01,830] {processor.py:651} INFO - DAG(s) dict_keys(['example_branch_python_operator_decorator']) retrieved from /home/luan-capella/Documentos/curso_airflow/airflowalura/venv/lib/python3.9/site-packages/airflow/example_dags/example_branch_operator_decorator.py
[2024-10-11 15:21:01,845] {logging_mixin.py:115} INFO - [2024-10-11 15:21:01,845] {dag.py:2379} INFO - Sync 1 DAGs
[2024-10-11 15:21:01,864] {logging_mixin.py:115} INFO - [2024-10-11 15:21:01,864] {dag.py:2927} INFO - Setting next_dagrun for example_branch_python_operator_decorator to 2024-10-10T00:00:00+00:00, run_after=2024-10-11T00:00:00+00:00
[2024-10-11 15:21:01,878] {processor.py:161} INFO - Processing /home/luan-capella/Documentos/curso_airflow/airflowalura/venv/lib/python3.9/site-packages/airflow/example_dags/example_branch_operator_decorator.py took 0.076 seconds
[2024-10-11 15:21:36,647] {processor.py:153} INFO - Started process (PID=43550) to work on /home/luan-capella/Documentos/curso_airflow/airflowalura/venv/lib/python3.9/site-packages/airflow/example_dags/example_branch_operator_decorator.py
[2024-10-11 15:21:36,648] {processor.py:641} INFO - Processing file /home/luan-capella/Documentos/curso_airflow/airflowalura/venv/lib/python3.9/site-packages/airflow/example_dags/example_branch_operator_decorator.py for tasks to queue
[2024-10-11 15:21:36,649] {logging_mixin.py:115} INFO - [2024-10-11 15:21:36,649] {dagbag.py:507} INFO - Filling up the DagBag from /home/luan-capella/Documentos/curso_airflow/airflowalura/venv/lib/python3.9/site-packages/airflow/example_dags/example_branch_operator_decorator.py
[2024-10-11 15:21:36,664] {processor.py:651} INFO - DAG(s) dict_keys(['example_branch_python_operator_decorator']) retrieved from /home/luan-capella/Documentos/curso_airflow/airflowalura/venv/lib/python3.9/site-packages/airflow/example_dags/example_branch_operator_decorator.py
[2024-10-11 15:21:36,679] {logging_mixin.py:115} INFO - [2024-10-11 15:21:36,679] {dag.py:2379} INFO - Sync 1 DAGs
[2024-10-11 15:21:36,696] {logging_mixin.py:115} INFO - [2024-10-11 15:21:36,696] {dag.py:2927} INFO - Setting next_dagrun for example_branch_python_operator_decorator to 2024-10-10T00:00:00+00:00, run_after=2024-10-11T00:00:00+00:00
[2024-10-11 15:21:36,709] {processor.py:161} INFO - Processing /home/luan-capella/Documentos/curso_airflow/airflowalura/venv/lib/python3.9/site-packages/airflow/example_dags/example_branch_operator_decorator.py took 0.065 seconds
[2024-10-11 15:22:11,050] {processor.py:153} INFO - Started process (PID=44361) to work on /home/luan-capella/Documentos/curso_airflow/airflowalura/venv/lib/python3.9/site-packages/airflow/example_dags/example_branch_operator_decorator.py
[2024-10-11 15:22:11,051] {processor.py:641} INFO - Processing file /home/luan-capella/Documentos/curso_airflow/airflowalura/venv/lib/python3.9/site-packages/airflow/example_dags/example_branch_operator_decorator.py for tasks to queue
[2024-10-11 15:22:11,051] {logging_mixin.py:115} INFO - [2024-10-11 15:22:11,051] {dagbag.py:507} INFO - Filling up the DagBag from /home/luan-capella/Documentos/curso_airflow/airflowalura/venv/lib/python3.9/site-packages/airflow/example_dags/example_branch_operator_decorator.py
[2024-10-11 15:22:11,074] {processor.py:651} INFO - DAG(s) dict_keys(['example_branch_python_operator_decorator']) retrieved from /home/luan-capella/Documentos/curso_airflow/airflowalura/venv/lib/python3.9/site-packages/airflow/example_dags/example_branch_operator_decorator.py
[2024-10-11 15:22:11,097] {logging_mixin.py:115} INFO - [2024-10-11 15:22:11,097] {dag.py:2379} INFO - Sync 1 DAGs
[2024-10-11 15:22:11,120] {logging_mixin.py:115} INFO - [2024-10-11 15:22:11,119] {dag.py:2927} INFO - Setting next_dagrun for example_branch_python_operator_decorator to 2024-10-10T00:00:00+00:00, run_after=2024-10-11T00:00:00+00:00
[2024-10-11 15:22:11,134] {processor.py:161} INFO - Processing /home/luan-capella/Documentos/curso_airflow/airflowalura/venv/lib/python3.9/site-packages/airflow/example_dags/example_branch_operator_decorator.py took 0.087 seconds
