[2024-10-11 15:19:51,479] {processor.py:153} INFO - Started process (PID=41397) to work on /home/luan-capella/Documentos/curso_airflow/airflowalura/venv/lib/python3.9/site-packages/airflow/example_dags/example_external_task_marker_dag.py
[2024-10-11 15:19:51,480] {processor.py:641} INFO - Processing file /home/luan-capella/Documentos/curso_airflow/airflowalura/venv/lib/python3.9/site-packages/airflow/example_dags/example_external_task_marker_dag.py for tasks to queue
[2024-10-11 15:19:51,481] {logging_mixin.py:115} INFO - [2024-10-11 15:19:51,481] {dagbag.py:507} INFO - Filling up the DagBag from /home/luan-capella/Documentos/curso_airflow/airflowalura/venv/lib/python3.9/site-packages/airflow/example_dags/example_external_task_marker_dag.py
[2024-10-11 15:19:51,488] {processor.py:651} INFO - DAG(s) dict_keys(['example_external_task_marker_parent', 'example_external_task_marker_child']) retrieved from /home/luan-capella/Documentos/curso_airflow/airflowalura/venv/lib/python3.9/site-packages/airflow/example_dags/example_external_task_marker_dag.py
[2024-10-11 15:19:51,553] {logging_mixin.py:115} INFO - [2024-10-11 15:19:51,553] {manager.py:508} INFO - Created Permission View: can edit on DAG:example_external_task_marker_parent
[2024-10-11 15:19:51,564] {logging_mixin.py:115} INFO - [2024-10-11 15:19:51,564] {manager.py:508} INFO - Created Permission View: can read on DAG:example_external_task_marker_parent
[2024-10-11 15:19:51,578] {logging_mixin.py:115} INFO - [2024-10-11 15:19:51,578] {manager.py:508} INFO - Created Permission View: can delete on DAG:example_external_task_marker_parent
[2024-10-11 15:19:51,617] {logging_mixin.py:115} INFO - [2024-10-11 15:19:51,616] {manager.py:508} INFO - Created Permission View: can edit on DAG:example_external_task_marker_child
[2024-10-11 15:19:51,634] {logging_mixin.py:115} INFO - [2024-10-11 15:19:51,634] {manager.py:508} INFO - Created Permission View: can read on DAG:example_external_task_marker_child
[2024-10-11 15:19:51,644] {logging_mixin.py:115} INFO - [2024-10-11 15:19:51,644] {manager.py:508} INFO - Created Permission View: can delete on DAG:example_external_task_marker_child
[2024-10-11 15:19:51,644] {logging_mixin.py:115} INFO - [2024-10-11 15:19:51,644] {dag.py:2379} INFO - Sync 2 DAGs
[2024-10-11 15:19:51,651] {logging_mixin.py:115} INFO - [2024-10-11 15:19:51,651] {dag.py:2398} INFO - Creating ORM DAG for example_external_task_marker_parent
[2024-10-11 15:19:51,651] {logging_mixin.py:115} INFO - [2024-10-11 15:19:51,651] {dag.py:2398} INFO - Creating ORM DAG for example_external_task_marker_child
[2024-10-11 15:19:51,659] {logging_mixin.py:115} INFO - [2024-10-11 15:19:51,659] {dag.py:2927} INFO - Setting next_dagrun for example_external_task_marker_child to None, run_after=None
[2024-10-11 15:19:51,659] {logging_mixin.py:115} INFO - [2024-10-11 15:19:51,659] {dag.py:2927} INFO - Setting next_dagrun for example_external_task_marker_parent to None, run_after=None
[2024-10-11 15:19:51,676] {processor.py:161} INFO - Processing /home/luan-capella/Documentos/curso_airflow/airflowalura/venv/lib/python3.9/site-packages/airflow/example_dags/example_external_task_marker_dag.py took 0.202 seconds
[2024-10-11 15:20:25,586] {processor.py:153} INFO - Started process (PID=42161) to work on /home/luan-capella/Documentos/curso_airflow/airflowalura/venv/lib/python3.9/site-packages/airflow/example_dags/example_external_task_marker_dag.py
[2024-10-11 15:20:25,587] {processor.py:641} INFO - Processing file /home/luan-capella/Documentos/curso_airflow/airflowalura/venv/lib/python3.9/site-packages/airflow/example_dags/example_external_task_marker_dag.py for tasks to queue
[2024-10-11 15:20:25,588] {logging_mixin.py:115} INFO - [2024-10-11 15:20:25,588] {dagbag.py:507} INFO - Filling up the DagBag from /home/luan-capella/Documentos/curso_airflow/airflowalura/venv/lib/python3.9/site-packages/airflow/example_dags/example_external_task_marker_dag.py
[2024-10-11 15:20:25,594] {processor.py:651} INFO - DAG(s) dict_keys(['example_external_task_marker_parent', 'example_external_task_marker_child']) retrieved from /home/luan-capella/Documentos/curso_airflow/airflowalura/venv/lib/python3.9/site-packages/airflow/example_dags/example_external_task_marker_dag.py
[2024-10-11 15:20:25,617] {logging_mixin.py:115} INFO - [2024-10-11 15:20:25,617] {dag.py:2379} INFO - Sync 2 DAGs
[2024-10-11 15:20:25,633] {logging_mixin.py:115} INFO - [2024-10-11 15:20:25,633] {dag.py:2927} INFO - Setting next_dagrun for example_external_task_marker_child to None, run_after=None
[2024-10-11 15:20:25,634] {logging_mixin.py:115} INFO - [2024-10-11 15:20:25,634] {dag.py:2927} INFO - Setting next_dagrun for example_external_task_marker_parent to None, run_after=None
[2024-10-11 15:20:25,649] {processor.py:161} INFO - Processing /home/luan-capella/Documentos/curso_airflow/airflowalura/venv/lib/python3.9/site-packages/airflow/example_dags/example_external_task_marker_dag.py took 0.068 seconds
[2024-10-11 15:20:57,801] {processor.py:153} INFO - Started process (PID=42783) to work on /home/luan-capella/Documentos/curso_airflow/airflowalura/venv/lib/python3.9/site-packages/airflow/example_dags/example_external_task_marker_dag.py
[2024-10-11 15:20:57,802] {processor.py:641} INFO - Processing file /home/luan-capella/Documentos/curso_airflow/airflowalura/venv/lib/python3.9/site-packages/airflow/example_dags/example_external_task_marker_dag.py for tasks to queue
[2024-10-11 15:20:57,802] {logging_mixin.py:115} INFO - [2024-10-11 15:20:57,802] {dagbag.py:507} INFO - Filling up the DagBag from /home/luan-capella/Documentos/curso_airflow/airflowalura/venv/lib/python3.9/site-packages/airflow/example_dags/example_external_task_marker_dag.py
[2024-10-11 15:20:57,806] {processor.py:651} INFO - DAG(s) dict_keys(['example_external_task_marker_parent', 'example_external_task_marker_child']) retrieved from /home/luan-capella/Documentos/curso_airflow/airflowalura/venv/lib/python3.9/site-packages/airflow/example_dags/example_external_task_marker_dag.py
[2024-10-11 15:20:57,826] {logging_mixin.py:115} INFO - [2024-10-11 15:20:57,826] {dag.py:2379} INFO - Sync 2 DAGs
[2024-10-11 15:20:57,840] {logging_mixin.py:115} INFO - [2024-10-11 15:20:57,839] {dag.py:2927} INFO - Setting next_dagrun for example_external_task_marker_child to None, run_after=None
[2024-10-11 15:20:57,840] {logging_mixin.py:115} INFO - [2024-10-11 15:20:57,840] {dag.py:2927} INFO - Setting next_dagrun for example_external_task_marker_parent to None, run_after=None
[2024-10-11 15:20:57,860] {processor.py:161} INFO - Processing /home/luan-capella/Documentos/curso_airflow/airflowalura/venv/lib/python3.9/site-packages/airflow/example_dags/example_external_task_marker_dag.py took 0.062 seconds
[2024-10-11 15:21:33,983] {processor.py:153} INFO - Started process (PID=43500) to work on /home/luan-capella/Documentos/curso_airflow/airflowalura/venv/lib/python3.9/site-packages/airflow/example_dags/example_external_task_marker_dag.py
[2024-10-11 15:21:33,984] {processor.py:641} INFO - Processing file /home/luan-capella/Documentos/curso_airflow/airflowalura/venv/lib/python3.9/site-packages/airflow/example_dags/example_external_task_marker_dag.py for tasks to queue
[2024-10-11 15:21:33,985] {logging_mixin.py:115} INFO - [2024-10-11 15:21:33,985] {dagbag.py:507} INFO - Filling up the DagBag from /home/luan-capella/Documentos/curso_airflow/airflowalura/venv/lib/python3.9/site-packages/airflow/example_dags/example_external_task_marker_dag.py
[2024-10-11 15:21:33,991] {processor.py:651} INFO - DAG(s) dict_keys(['example_external_task_marker_parent', 'example_external_task_marker_child']) retrieved from /home/luan-capella/Documentos/curso_airflow/airflowalura/venv/lib/python3.9/site-packages/airflow/example_dags/example_external_task_marker_dag.py
[2024-10-11 15:21:34,032] {logging_mixin.py:115} INFO - [2024-10-11 15:21:34,032] {dag.py:2379} INFO - Sync 2 DAGs
[2024-10-11 15:21:34,050] {logging_mixin.py:115} INFO - [2024-10-11 15:21:34,050] {dag.py:2927} INFO - Setting next_dagrun for example_external_task_marker_child to None, run_after=None
[2024-10-11 15:21:34,050] {logging_mixin.py:115} INFO - [2024-10-11 15:21:34,050] {dag.py:2927} INFO - Setting next_dagrun for example_external_task_marker_parent to None, run_after=None
[2024-10-11 15:21:34,066] {processor.py:161} INFO - Processing /home/luan-capella/Documentos/curso_airflow/airflowalura/venv/lib/python3.9/site-packages/airflow/example_dags/example_external_task_marker_dag.py took 0.093 seconds
[2024-10-11 15:22:05,949] {processor.py:153} INFO - Started process (PID=44258) to work on /home/luan-capella/Documentos/curso_airflow/airflowalura/venv/lib/python3.9/site-packages/airflow/example_dags/example_external_task_marker_dag.py
[2024-10-11 15:22:05,950] {processor.py:641} INFO - Processing file /home/luan-capella/Documentos/curso_airflow/airflowalura/venv/lib/python3.9/site-packages/airflow/example_dags/example_external_task_marker_dag.py for tasks to queue
[2024-10-11 15:22:05,950] {logging_mixin.py:115} INFO - [2024-10-11 15:22:05,950] {dagbag.py:507} INFO - Filling up the DagBag from /home/luan-capella/Documentos/curso_airflow/airflowalura/venv/lib/python3.9/site-packages/airflow/example_dags/example_external_task_marker_dag.py
[2024-10-11 15:22:05,954] {processor.py:651} INFO - DAG(s) dict_keys(['example_external_task_marker_parent', 'example_external_task_marker_child']) retrieved from /home/luan-capella/Documentos/curso_airflow/airflowalura/venv/lib/python3.9/site-packages/airflow/example_dags/example_external_task_marker_dag.py
[2024-10-11 15:22:05,978] {logging_mixin.py:115} INFO - [2024-10-11 15:22:05,978] {dag.py:2379} INFO - Sync 2 DAGs
[2024-10-11 15:22:05,993] {logging_mixin.py:115} INFO - [2024-10-11 15:22:05,993] {dag.py:2927} INFO - Setting next_dagrun for example_external_task_marker_child to None, run_after=None
[2024-10-11 15:22:05,994] {logging_mixin.py:115} INFO - [2024-10-11 15:22:05,994] {dag.py:2927} INFO - Setting next_dagrun for example_external_task_marker_parent to None, run_after=None
[2024-10-11 15:22:06,013] {processor.py:161} INFO - Processing /home/luan-capella/Documentos/curso_airflow/airflowalura/venv/lib/python3.9/site-packages/airflow/example_dags/example_external_task_marker_dag.py took 0.067 seconds
