[2024-10-11 15:19:37,019] {processor.py:153} INFO - Started process (PID=41116) to work on /home/luan-capella/Documentos/curso_airflow/airflowalura/venv/lib/python3.9/site-packages/airflow/example_dags/example_time_delta_sensor_async.py
[2024-10-11 15:19:37,020] {processor.py:641} INFO - Processing file /home/luan-capella/Documentos/curso_airflow/airflowalura/venv/lib/python3.9/site-packages/airflow/example_dags/example_time_delta_sensor_async.py for tasks to queue
[2024-10-11 15:19:37,021] {logging_mixin.py:115} INFO - [2024-10-11 15:19:37,021] {dagbag.py:507} INFO - Filling up the DagBag from /home/luan-capella/Documentos/curso_airflow/airflowalura/venv/lib/python3.9/site-packages/airflow/example_dags/example_time_delta_sensor_async.py
[2024-10-11 15:19:37,028] {processor.py:651} INFO - DAG(s) dict_keys(['example_time_delta_sensor_async']) retrieved from /home/luan-capella/Documentos/curso_airflow/airflowalura/venv/lib/python3.9/site-packages/airflow/example_dags/example_time_delta_sensor_async.py
[2024-10-11 15:19:37,102] {logging_mixin.py:115} INFO - [2024-10-11 15:19:37,102] {manager.py:508} INFO - Created Permission View: can edit on DAG:example_time_delta_sensor_async
[2024-10-11 15:19:37,113] {logging_mixin.py:115} INFO - [2024-10-11 15:19:37,113] {manager.py:508} INFO - Created Permission View: can read on DAG:example_time_delta_sensor_async
[2024-10-11 15:19:37,123] {logging_mixin.py:115} INFO - [2024-10-11 15:19:37,122] {manager.py:508} INFO - Created Permission View: can delete on DAG:example_time_delta_sensor_async
[2024-10-11 15:19:37,123] {logging_mixin.py:115} INFO - [2024-10-11 15:19:37,123] {dag.py:2379} INFO - Sync 1 DAGs
[2024-10-11 15:19:37,130] {logging_mixin.py:115} INFO - [2024-10-11 15:19:37,130] {dag.py:2398} INFO - Creating ORM DAG for example_time_delta_sensor_async
[2024-10-11 15:19:37,138] {logging_mixin.py:115} INFO - [2024-10-11 15:19:37,138] {dag.py:2927} INFO - Setting next_dagrun for example_time_delta_sensor_async to None, run_after=None
[2024-10-11 15:19:37,155] {processor.py:161} INFO - Processing /home/luan-capella/Documentos/curso_airflow/airflowalura/venv/lib/python3.9/site-packages/airflow/example_dags/example_time_delta_sensor_async.py took 0.142 seconds
[2024-10-11 15:20:11,416] {processor.py:153} INFO - Started process (PID=41805) to work on /home/luan-capella/Documentos/curso_airflow/airflowalura/venv/lib/python3.9/site-packages/airflow/example_dags/example_time_delta_sensor_async.py
[2024-10-11 15:20:11,417] {processor.py:641} INFO - Processing file /home/luan-capella/Documentos/curso_airflow/airflowalura/venv/lib/python3.9/site-packages/airflow/example_dags/example_time_delta_sensor_async.py for tasks to queue
[2024-10-11 15:20:11,417] {logging_mixin.py:115} INFO - [2024-10-11 15:20:11,417] {dagbag.py:507} INFO - Filling up the DagBag from /home/luan-capella/Documentos/curso_airflow/airflowalura/venv/lib/python3.9/site-packages/airflow/example_dags/example_time_delta_sensor_async.py
[2024-10-11 15:20:11,423] {processor.py:651} INFO - DAG(s) dict_keys(['example_time_delta_sensor_async']) retrieved from /home/luan-capella/Documentos/curso_airflow/airflowalura/venv/lib/python3.9/site-packages/airflow/example_dags/example_time_delta_sensor_async.py
[2024-10-11 15:20:11,443] {logging_mixin.py:115} INFO - [2024-10-11 15:20:11,443] {dag.py:2379} INFO - Sync 1 DAGs
[2024-10-11 15:20:11,459] {logging_mixin.py:115} INFO - [2024-10-11 15:20:11,459] {dag.py:2927} INFO - Setting next_dagrun for example_time_delta_sensor_async to None, run_after=None
[2024-10-11 15:20:11,479] {processor.py:161} INFO - Processing /home/luan-capella/Documentos/curso_airflow/airflowalura/venv/lib/python3.9/site-packages/airflow/example_dags/example_time_delta_sensor_async.py took 0.067 seconds
[2024-10-11 15:20:44,725] {processor.py:153} INFO - Started process (PID=42530) to work on /home/luan-capella/Documentos/curso_airflow/airflowalura/venv/lib/python3.9/site-packages/airflow/example_dags/example_time_delta_sensor_async.py
[2024-10-11 15:20:44,727] {processor.py:641} INFO - Processing file /home/luan-capella/Documentos/curso_airflow/airflowalura/venv/lib/python3.9/site-packages/airflow/example_dags/example_time_delta_sensor_async.py for tasks to queue
[2024-10-11 15:20:44,728] {logging_mixin.py:115} INFO - [2024-10-11 15:20:44,728] {dagbag.py:507} INFO - Filling up the DagBag from /home/luan-capella/Documentos/curso_airflow/airflowalura/venv/lib/python3.9/site-packages/airflow/example_dags/example_time_delta_sensor_async.py
[2024-10-11 15:20:44,732] {processor.py:651} INFO - DAG(s) dict_keys(['example_time_delta_sensor_async']) retrieved from /home/luan-capella/Documentos/curso_airflow/airflowalura/venv/lib/python3.9/site-packages/airflow/example_dags/example_time_delta_sensor_async.py
[2024-10-11 15:20:44,748] {logging_mixin.py:115} INFO - [2024-10-11 15:20:44,748] {dag.py:2379} INFO - Sync 1 DAGs
[2024-10-11 15:20:44,761] {logging_mixin.py:115} INFO - [2024-10-11 15:20:44,761] {dag.py:2927} INFO - Setting next_dagrun for example_time_delta_sensor_async to None, run_after=None
[2024-10-11 15:20:44,796] {processor.py:161} INFO - Processing /home/luan-capella/Documentos/curso_airflow/airflowalura/venv/lib/python3.9/site-packages/airflow/example_dags/example_time_delta_sensor_async.py took 0.073 seconds
[2024-10-11 15:21:18,571] {processor.py:153} INFO - Started process (PID=43199) to work on /home/luan-capella/Documentos/curso_airflow/airflowalura/venv/lib/python3.9/site-packages/airflow/example_dags/example_time_delta_sensor_async.py
[2024-10-11 15:21:18,573] {processor.py:641} INFO - Processing file /home/luan-capella/Documentos/curso_airflow/airflowalura/venv/lib/python3.9/site-packages/airflow/example_dags/example_time_delta_sensor_async.py for tasks to queue
[2024-10-11 15:21:18,573] {logging_mixin.py:115} INFO - [2024-10-11 15:21:18,573] {dagbag.py:507} INFO - Filling up the DagBag from /home/luan-capella/Documentos/curso_airflow/airflowalura/venv/lib/python3.9/site-packages/airflow/example_dags/example_time_delta_sensor_async.py
[2024-10-11 15:21:18,580] {processor.py:651} INFO - DAG(s) dict_keys(['example_time_delta_sensor_async']) retrieved from /home/luan-capella/Documentos/curso_airflow/airflowalura/venv/lib/python3.9/site-packages/airflow/example_dags/example_time_delta_sensor_async.py
[2024-10-11 15:21:18,601] {logging_mixin.py:115} INFO - [2024-10-11 15:21:18,601] {dag.py:2379} INFO - Sync 1 DAGs
[2024-10-11 15:21:18,616] {logging_mixin.py:115} INFO - [2024-10-11 15:21:18,616] {dag.py:2927} INFO - Setting next_dagrun for example_time_delta_sensor_async to None, run_after=None
[2024-10-11 15:21:18,633] {processor.py:161} INFO - Processing /home/luan-capella/Documentos/curso_airflow/airflowalura/venv/lib/python3.9/site-packages/airflow/example_dags/example_time_delta_sensor_async.py took 0.066 seconds
[2024-10-11 15:21:51,769] {processor.py:153} INFO - Started process (PID=43840) to work on /home/luan-capella/Documentos/curso_airflow/airflowalura/venv/lib/python3.9/site-packages/airflow/example_dags/example_time_delta_sensor_async.py
[2024-10-11 15:21:51,770] {processor.py:641} INFO - Processing file /home/luan-capella/Documentos/curso_airflow/airflowalura/venv/lib/python3.9/site-packages/airflow/example_dags/example_time_delta_sensor_async.py for tasks to queue
[2024-10-11 15:21:51,771] {logging_mixin.py:115} INFO - [2024-10-11 15:21:51,771] {dagbag.py:507} INFO - Filling up the DagBag from /home/luan-capella/Documentos/curso_airflow/airflowalura/venv/lib/python3.9/site-packages/airflow/example_dags/example_time_delta_sensor_async.py
[2024-10-11 15:21:51,779] {processor.py:651} INFO - DAG(s) dict_keys(['example_time_delta_sensor_async']) retrieved from /home/luan-capella/Documentos/curso_airflow/airflowalura/venv/lib/python3.9/site-packages/airflow/example_dags/example_time_delta_sensor_async.py
[2024-10-11 15:21:51,798] {logging_mixin.py:115} INFO - [2024-10-11 15:21:51,798] {dag.py:2379} INFO - Sync 1 DAGs
[2024-10-11 15:21:51,812] {logging_mixin.py:115} INFO - [2024-10-11 15:21:51,811] {dag.py:2927} INFO - Setting next_dagrun for example_time_delta_sensor_async to None, run_after=None
[2024-10-11 15:21:51,827] {processor.py:161} INFO - Processing /home/luan-capella/Documentos/curso_airflow/airflowalura/venv/lib/python3.9/site-packages/airflow/example_dags/example_time_delta_sensor_async.py took 0.063 seconds
