[2024-10-11 15:19:55,823] {processor.py:153} INFO - Started process (PID=41478) to work on /home/luan-capella/Documentos/curso_airflow/airflowalura/venv/lib/python3.9/site-packages/airflow/example_dags/example_branch_labels.py
[2024-10-11 15:19:55,824] {processor.py:641} INFO - Processing file /home/luan-capella/Documentos/curso_airflow/airflowalura/venv/lib/python3.9/site-packages/airflow/example_dags/example_branch_labels.py for tasks to queue
[2024-10-11 15:19:55,824] {logging_mixin.py:115} INFO - [2024-10-11 15:19:55,824] {dagbag.py:507} INFO - Filling up the DagBag from /home/luan-capella/Documentos/curso_airflow/airflowalura/venv/lib/python3.9/site-packages/airflow/example_dags/example_branch_labels.py
[2024-10-11 15:19:55,829] {processor.py:651} INFO - DAG(s) dict_keys(['example_branch_labels']) retrieved from /home/luan-capella/Documentos/curso_airflow/airflowalura/venv/lib/python3.9/site-packages/airflow/example_dags/example_branch_labels.py
[2024-10-11 15:19:55,911] {logging_mixin.py:115} INFO - [2024-10-11 15:19:55,911] {manager.py:508} INFO - Created Permission View: can edit on DAG:example_branch_labels
[2024-10-11 15:19:55,929] {logging_mixin.py:115} INFO - [2024-10-11 15:19:55,929] {manager.py:508} INFO - Created Permission View: can read on DAG:example_branch_labels
[2024-10-11 15:19:55,953] {logging_mixin.py:115} INFO - [2024-10-11 15:19:55,952] {manager.py:508} INFO - Created Permission View: can delete on DAG:example_branch_labels
[2024-10-11 15:19:55,953] {logging_mixin.py:115} INFO - [2024-10-11 15:19:55,953] {dag.py:2379} INFO - Sync 1 DAGs
[2024-10-11 15:19:55,960] {logging_mixin.py:115} INFO - [2024-10-11 15:19:55,960] {dag.py:2398} INFO - Creating ORM DAG for example_branch_labels
[2024-10-11 15:19:55,972] {logging_mixin.py:115} INFO - [2024-10-11 15:19:55,972] {dag.py:2927} INFO - Setting next_dagrun for example_branch_labels to 2024-10-10T00:00:00+00:00, run_after=2024-10-11T00:00:00+00:00
[2024-10-11 15:19:56,000] {processor.py:161} INFO - Processing /home/luan-capella/Documentos/curso_airflow/airflowalura/venv/lib/python3.9/site-packages/airflow/example_dags/example_branch_labels.py took 0.180 seconds
[2024-10-11 15:20:33,063] {processor.py:153} INFO - Started process (PID=42304) to work on /home/luan-capella/Documentos/curso_airflow/airflowalura/venv/lib/python3.9/site-packages/airflow/example_dags/example_branch_labels.py
[2024-10-11 15:20:33,064] {processor.py:641} INFO - Processing file /home/luan-capella/Documentos/curso_airflow/airflowalura/venv/lib/python3.9/site-packages/airflow/example_dags/example_branch_labels.py for tasks to queue
[2024-10-11 15:20:33,064] {logging_mixin.py:115} INFO - [2024-10-11 15:20:33,064] {dagbag.py:507} INFO - Filling up the DagBag from /home/luan-capella/Documentos/curso_airflow/airflowalura/venv/lib/python3.9/site-packages/airflow/example_dags/example_branch_labels.py
[2024-10-11 15:20:33,070] {processor.py:651} INFO - DAG(s) dict_keys(['example_branch_labels']) retrieved from /home/luan-capella/Documentos/curso_airflow/airflowalura/venv/lib/python3.9/site-packages/airflow/example_dags/example_branch_labels.py
[2024-10-11 15:20:33,085] {logging_mixin.py:115} INFO - [2024-10-11 15:20:33,085] {dag.py:2379} INFO - Sync 1 DAGs
[2024-10-11 15:20:33,101] {logging_mixin.py:115} INFO - [2024-10-11 15:20:33,101] {dag.py:2927} INFO - Setting next_dagrun for example_branch_labels to 2024-10-10T00:00:00+00:00, run_after=2024-10-11T00:00:00+00:00
[2024-10-11 15:20:33,124] {processor.py:161} INFO - Processing /home/luan-capella/Documentos/curso_airflow/airflowalura/venv/lib/python3.9/site-packages/airflow/example_dags/example_branch_labels.py took 0.064 seconds
[2024-10-11 15:21:05,026] {processor.py:153} INFO - Started process (PID=42927) to work on /home/luan-capella/Documentos/curso_airflow/airflowalura/venv/lib/python3.9/site-packages/airflow/example_dags/example_branch_labels.py
[2024-10-11 15:21:05,027] {processor.py:641} INFO - Processing file /home/luan-capella/Documentos/curso_airflow/airflowalura/venv/lib/python3.9/site-packages/airflow/example_dags/example_branch_labels.py for tasks to queue
[2024-10-11 15:21:05,028] {logging_mixin.py:115} INFO - [2024-10-11 15:21:05,028] {dagbag.py:507} INFO - Filling up the DagBag from /home/luan-capella/Documentos/curso_airflow/airflowalura/venv/lib/python3.9/site-packages/airflow/example_dags/example_branch_labels.py
[2024-10-11 15:21:05,036] {processor.py:651} INFO - DAG(s) dict_keys(['example_branch_labels']) retrieved from /home/luan-capella/Documentos/curso_airflow/airflowalura/venv/lib/python3.9/site-packages/airflow/example_dags/example_branch_labels.py
[2024-10-11 15:21:05,054] {logging_mixin.py:115} INFO - [2024-10-11 15:21:05,054] {dag.py:2379} INFO - Sync 1 DAGs
[2024-10-11 15:21:05,070] {logging_mixin.py:115} INFO - [2024-10-11 15:21:05,070] {dag.py:2927} INFO - Setting next_dagrun for example_branch_labels to 2024-10-10T00:00:00+00:00, run_after=2024-10-11T00:00:00+00:00
[2024-10-11 15:21:05,086] {processor.py:161} INFO - Processing /home/luan-capella/Documentos/curso_airflow/airflowalura/venv/lib/python3.9/site-packages/airflow/example_dags/example_branch_labels.py took 0.064 seconds
[2024-10-11 15:21:40,760] {processor.py:153} INFO - Started process (PID=43632) to work on /home/luan-capella/Documentos/curso_airflow/airflowalura/venv/lib/python3.9/site-packages/airflow/example_dags/example_branch_labels.py
[2024-10-11 15:21:40,761] {processor.py:641} INFO - Processing file /home/luan-capella/Documentos/curso_airflow/airflowalura/venv/lib/python3.9/site-packages/airflow/example_dags/example_branch_labels.py for tasks to queue
[2024-10-11 15:21:40,761] {logging_mixin.py:115} INFO - [2024-10-11 15:21:40,761] {dagbag.py:507} INFO - Filling up the DagBag from /home/luan-capella/Documentos/curso_airflow/airflowalura/venv/lib/python3.9/site-packages/airflow/example_dags/example_branch_labels.py
[2024-10-11 15:21:40,766] {processor.py:651} INFO - DAG(s) dict_keys(['example_branch_labels']) retrieved from /home/luan-capella/Documentos/curso_airflow/airflowalura/venv/lib/python3.9/site-packages/airflow/example_dags/example_branch_labels.py
[2024-10-11 15:21:40,780] {logging_mixin.py:115} INFO - [2024-10-11 15:21:40,780] {dag.py:2379} INFO - Sync 1 DAGs
[2024-10-11 15:21:40,795] {logging_mixin.py:115} INFO - [2024-10-11 15:21:40,795] {dag.py:2927} INFO - Setting next_dagrun for example_branch_labels to 2024-10-10T00:00:00+00:00, run_after=2024-10-11T00:00:00+00:00
[2024-10-11 15:21:40,810] {processor.py:161} INFO - Processing /home/luan-capella/Documentos/curso_airflow/airflowalura/venv/lib/python3.9/site-packages/airflow/example_dags/example_branch_labels.py took 0.055 seconds
[2024-10-11 15:22:15,337] {processor.py:153} INFO - Started process (PID=44439) to work on /home/luan-capella/Documentos/curso_airflow/airflowalura/venv/lib/python3.9/site-packages/airflow/example_dags/example_branch_labels.py
[2024-10-11 15:22:15,338] {processor.py:641} INFO - Processing file /home/luan-capella/Documentos/curso_airflow/airflowalura/venv/lib/python3.9/site-packages/airflow/example_dags/example_branch_labels.py for tasks to queue
[2024-10-11 15:22:15,339] {logging_mixin.py:115} INFO - [2024-10-11 15:22:15,339] {dagbag.py:507} INFO - Filling up the DagBag from /home/luan-capella/Documentos/curso_airflow/airflowalura/venv/lib/python3.9/site-packages/airflow/example_dags/example_branch_labels.py
[2024-10-11 15:22:15,347] {processor.py:651} INFO - DAG(s) dict_keys(['example_branch_labels']) retrieved from /home/luan-capella/Documentos/curso_airflow/airflowalura/venv/lib/python3.9/site-packages/airflow/example_dags/example_branch_labels.py
[2024-10-11 15:22:15,360] {logging_mixin.py:115} INFO - [2024-10-11 15:22:15,360] {dag.py:2379} INFO - Sync 1 DAGs
[2024-10-11 15:22:15,375] {logging_mixin.py:115} INFO - [2024-10-11 15:22:15,375] {dag.py:2927} INFO - Setting next_dagrun for example_branch_labels to 2024-10-10T00:00:00+00:00, run_after=2024-10-11T00:00:00+00:00
[2024-10-11 15:22:15,395] {processor.py:161} INFO - Processing /home/luan-capella/Documentos/curso_airflow/airflowalura/venv/lib/python3.9/site-packages/airflow/example_dags/example_branch_labels.py took 0.063 seconds
