[2024-10-11 15:19:30,750] {processor.py:153} INFO - Started process (PID=40992) to work on /home/luan-capella/Documentos/curso_airflow/airflowalura/venv/lib/python3.9/site-packages/airflow/example_dags/example_trigger_target_dag.py
[2024-10-11 15:19:30,751] {processor.py:641} INFO - Processing file /home/luan-capella/Documentos/curso_airflow/airflowalura/venv/lib/python3.9/site-packages/airflow/example_dags/example_trigger_target_dag.py for tasks to queue
[2024-10-11 15:19:30,751] {logging_mixin.py:115} INFO - [2024-10-11 15:19:30,751] {dagbag.py:507} INFO - Filling up the DagBag from /home/luan-capella/Documentos/curso_airflow/airflowalura/venv/lib/python3.9/site-packages/airflow/example_dags/example_trigger_target_dag.py
[2024-10-11 15:19:30,767] {processor.py:651} INFO - DAG(s) dict_keys(['example_trigger_target_dag']) retrieved from /home/luan-capella/Documentos/curso_airflow/airflowalura/venv/lib/python3.9/site-packages/airflow/example_dags/example_trigger_target_dag.py
[2024-10-11 15:19:30,832] {logging_mixin.py:115} INFO - [2024-10-11 15:19:30,832] {manager.py:508} INFO - Created Permission View: can edit on DAG:example_trigger_target_dag
[2024-10-11 15:19:30,844] {logging_mixin.py:115} INFO - [2024-10-11 15:19:30,844] {manager.py:508} INFO - Created Permission View: can read on DAG:example_trigger_target_dag
[2024-10-11 15:19:30,853] {logging_mixin.py:115} INFO - [2024-10-11 15:19:30,853] {manager.py:508} INFO - Created Permission View: can delete on DAG:example_trigger_target_dag
[2024-10-11 15:19:30,853] {logging_mixin.py:115} INFO - [2024-10-11 15:19:30,853] {dag.py:2379} INFO - Sync 1 DAGs
[2024-10-11 15:19:30,862] {logging_mixin.py:115} INFO - [2024-10-11 15:19:30,861] {dag.py:2398} INFO - Creating ORM DAG for example_trigger_target_dag
[2024-10-11 15:19:30,870] {logging_mixin.py:115} INFO - [2024-10-11 15:19:30,870] {dag.py:2927} INFO - Setting next_dagrun for example_trigger_target_dag to None, run_after=None
[2024-10-11 15:19:30,909] {processor.py:161} INFO - Processing /home/luan-capella/Documentos/curso_airflow/airflowalura/venv/lib/python3.9/site-packages/airflow/example_dags/example_trigger_target_dag.py took 0.163 seconds
[2024-10-11 15:20:06,264] {processor.py:153} INFO - Started process (PID=41701) to work on /home/luan-capella/Documentos/curso_airflow/airflowalura/venv/lib/python3.9/site-packages/airflow/example_dags/example_trigger_target_dag.py
[2024-10-11 15:20:06,265] {processor.py:641} INFO - Processing file /home/luan-capella/Documentos/curso_airflow/airflowalura/venv/lib/python3.9/site-packages/airflow/example_dags/example_trigger_target_dag.py for tasks to queue
[2024-10-11 15:20:06,266] {logging_mixin.py:115} INFO - [2024-10-11 15:20:06,266] {dagbag.py:507} INFO - Filling up the DagBag from /home/luan-capella/Documentos/curso_airflow/airflowalura/venv/lib/python3.9/site-packages/airflow/example_dags/example_trigger_target_dag.py
[2024-10-11 15:20:06,284] {processor.py:651} INFO - DAG(s) dict_keys(['example_trigger_target_dag']) retrieved from /home/luan-capella/Documentos/curso_airflow/airflowalura/venv/lib/python3.9/site-packages/airflow/example_dags/example_trigger_target_dag.py
[2024-10-11 15:20:06,298] {logging_mixin.py:115} INFO - [2024-10-11 15:20:06,298] {dag.py:2379} INFO - Sync 1 DAGs
[2024-10-11 15:20:06,317] {logging_mixin.py:115} INFO - [2024-10-11 15:20:06,317] {dag.py:2927} INFO - Setting next_dagrun for example_trigger_target_dag to None, run_after=None
[2024-10-11 15:20:06,332] {processor.py:161} INFO - Processing /home/luan-capella/Documentos/curso_airflow/airflowalura/venv/lib/python3.9/site-packages/airflow/example_dags/example_trigger_target_dag.py took 0.073 seconds
[2024-10-11 15:20:40,219] {processor.py:153} INFO - Started process (PID=42448) to work on /home/luan-capella/Documentos/curso_airflow/airflowalura/venv/lib/python3.9/site-packages/airflow/example_dags/example_trigger_target_dag.py
[2024-10-11 15:20:40,220] {processor.py:641} INFO - Processing file /home/luan-capella/Documentos/curso_airflow/airflowalura/venv/lib/python3.9/site-packages/airflow/example_dags/example_trigger_target_dag.py for tasks to queue
[2024-10-11 15:20:40,221] {logging_mixin.py:115} INFO - [2024-10-11 15:20:40,220] {dagbag.py:507} INFO - Filling up the DagBag from /home/luan-capella/Documentos/curso_airflow/airflowalura/venv/lib/python3.9/site-packages/airflow/example_dags/example_trigger_target_dag.py
[2024-10-11 15:20:40,234] {processor.py:651} INFO - DAG(s) dict_keys(['example_trigger_target_dag']) retrieved from /home/luan-capella/Documentos/curso_airflow/airflowalura/venv/lib/python3.9/site-packages/airflow/example_dags/example_trigger_target_dag.py
[2024-10-11 15:20:40,249] {logging_mixin.py:115} INFO - [2024-10-11 15:20:40,248] {dag.py:2379} INFO - Sync 1 DAGs
[2024-10-11 15:20:40,267] {logging_mixin.py:115} INFO - [2024-10-11 15:20:40,267] {dag.py:2927} INFO - Setting next_dagrun for example_trigger_target_dag to None, run_after=None
[2024-10-11 15:20:40,287] {processor.py:161} INFO - Processing /home/luan-capella/Documentos/curso_airflow/airflowalura/venv/lib/python3.9/site-packages/airflow/example_dags/example_trigger_target_dag.py took 0.071 seconds
[2024-10-11 15:21:13,400] {processor.py:153} INFO - Started process (PID=43099) to work on /home/luan-capella/Documentos/curso_airflow/airflowalura/venv/lib/python3.9/site-packages/airflow/example_dags/example_trigger_target_dag.py
[2024-10-11 15:21:13,401] {processor.py:641} INFO - Processing file /home/luan-capella/Documentos/curso_airflow/airflowalura/venv/lib/python3.9/site-packages/airflow/example_dags/example_trigger_target_dag.py for tasks to queue
[2024-10-11 15:21:13,402] {logging_mixin.py:115} INFO - [2024-10-11 15:21:13,401] {dagbag.py:507} INFO - Filling up the DagBag from /home/luan-capella/Documentos/curso_airflow/airflowalura/venv/lib/python3.9/site-packages/airflow/example_dags/example_trigger_target_dag.py
[2024-10-11 15:21:13,418] {processor.py:651} INFO - DAG(s) dict_keys(['example_trigger_target_dag']) retrieved from /home/luan-capella/Documentos/curso_airflow/airflowalura/venv/lib/python3.9/site-packages/airflow/example_dags/example_trigger_target_dag.py
[2024-10-11 15:21:13,432] {logging_mixin.py:115} INFO - [2024-10-11 15:21:13,432] {dag.py:2379} INFO - Sync 1 DAGs
[2024-10-11 15:21:13,449] {logging_mixin.py:115} INFO - [2024-10-11 15:21:13,449] {dag.py:2927} INFO - Setting next_dagrun for example_trigger_target_dag to None, run_after=None
[2024-10-11 15:21:13,467] {processor.py:161} INFO - Processing /home/luan-capella/Documentos/curso_airflow/airflowalura/venv/lib/python3.9/site-packages/airflow/example_dags/example_trigger_target_dag.py took 0.073 seconds
[2024-10-11 15:21:46,802] {processor.py:153} INFO - Started process (PID=43748) to work on /home/luan-capella/Documentos/curso_airflow/airflowalura/venv/lib/python3.9/site-packages/airflow/example_dags/example_trigger_target_dag.py
[2024-10-11 15:21:46,803] {processor.py:641} INFO - Processing file /home/luan-capella/Documentos/curso_airflow/airflowalura/venv/lib/python3.9/site-packages/airflow/example_dags/example_trigger_target_dag.py for tasks to queue
[2024-10-11 15:21:46,804] {logging_mixin.py:115} INFO - [2024-10-11 15:21:46,804] {dagbag.py:507} INFO - Filling up the DagBag from /home/luan-capella/Documentos/curso_airflow/airflowalura/venv/lib/python3.9/site-packages/airflow/example_dags/example_trigger_target_dag.py
[2024-10-11 15:21:46,822] {processor.py:651} INFO - DAG(s) dict_keys(['example_trigger_target_dag']) retrieved from /home/luan-capella/Documentos/curso_airflow/airflowalura/venv/lib/python3.9/site-packages/airflow/example_dags/example_trigger_target_dag.py
[2024-10-11 15:21:46,837] {logging_mixin.py:115} INFO - [2024-10-11 15:21:46,837] {dag.py:2379} INFO - Sync 1 DAGs
[2024-10-11 15:21:46,855] {logging_mixin.py:115} INFO - [2024-10-11 15:21:46,855] {dag.py:2927} INFO - Setting next_dagrun for example_trigger_target_dag to None, run_after=None
[2024-10-11 15:21:46,871] {processor.py:161} INFO - Processing /home/luan-capella/Documentos/curso_airflow/airflowalura/venv/lib/python3.9/site-packages/airflow/example_dags/example_trigger_target_dag.py took 0.074 seconds
[2024-10-11 15:22:20,515] {processor.py:153} INFO - Started process (PID=44543) to work on /home/luan-capella/Documentos/curso_airflow/airflowalura/venv/lib/python3.9/site-packages/airflow/example_dags/example_trigger_target_dag.py
[2024-10-11 15:22:20,516] {processor.py:641} INFO - Processing file /home/luan-capella/Documentos/curso_airflow/airflowalura/venv/lib/python3.9/site-packages/airflow/example_dags/example_trigger_target_dag.py for tasks to queue
[2024-10-11 15:22:20,516] {logging_mixin.py:115} INFO - [2024-10-11 15:22:20,516] {dagbag.py:507} INFO - Filling up the DagBag from /home/luan-capella/Documentos/curso_airflow/airflowalura/venv/lib/python3.9/site-packages/airflow/example_dags/example_trigger_target_dag.py
[2024-10-11 15:22:20,533] {processor.py:651} INFO - DAG(s) dict_keys(['example_trigger_target_dag']) retrieved from /home/luan-capella/Documentos/curso_airflow/airflowalura/venv/lib/python3.9/site-packages/airflow/example_dags/example_trigger_target_dag.py
[2024-10-11 15:22:20,547] {logging_mixin.py:115} INFO - [2024-10-11 15:22:20,547] {dag.py:2379} INFO - Sync 1 DAGs
[2024-10-11 15:22:20,564] {logging_mixin.py:115} INFO - [2024-10-11 15:22:20,564] {dag.py:2927} INFO - Setting next_dagrun for example_trigger_target_dag to None, run_after=None
[2024-10-11 15:22:20,581] {processor.py:161} INFO - Processing /home/luan-capella/Documentos/curso_airflow/airflowalura/venv/lib/python3.9/site-packages/airflow/example_dags/example_trigger_target_dag.py took 0.071 seconds
