[2024-10-11 15:19:53,504] {processor.py:153} INFO - Started process (PID=41437) to work on /home/luan-capella/Documentos/curso_airflow/airflowalura/venv/lib/python3.9/site-packages/airflow/example_dags/example_branch_operator.py
[2024-10-11 15:19:53,505] {processor.py:641} INFO - Processing file /home/luan-capella/Documentos/curso_airflow/airflowalura/venv/lib/python3.9/site-packages/airflow/example_dags/example_branch_operator.py for tasks to queue
[2024-10-11 15:19:53,505] {logging_mixin.py:115} INFO - [2024-10-11 15:19:53,505] {dagbag.py:507} INFO - Filling up the DagBag from /home/luan-capella/Documentos/curso_airflow/airflowalura/venv/lib/python3.9/site-packages/airflow/example_dags/example_branch_operator.py
[2024-10-11 15:19:53,514] {processor.py:651} INFO - DAG(s) dict_keys(['example_branch_operator']) retrieved from /home/luan-capella/Documentos/curso_airflow/airflowalura/venv/lib/python3.9/site-packages/airflow/example_dags/example_branch_operator.py
[2024-10-11 15:19:53,587] {logging_mixin.py:115} INFO - [2024-10-11 15:19:53,587] {manager.py:508} INFO - Created Permission View: can edit on DAG:example_branch_operator
[2024-10-11 15:19:53,598] {logging_mixin.py:115} INFO - [2024-10-11 15:19:53,598] {manager.py:508} INFO - Created Permission View: can read on DAG:example_branch_operator
[2024-10-11 15:19:53,607] {logging_mixin.py:115} INFO - [2024-10-11 15:19:53,607] {manager.py:508} INFO - Created Permission View: can delete on DAG:example_branch_operator
[2024-10-11 15:19:53,608] {logging_mixin.py:115} INFO - [2024-10-11 15:19:53,608] {dag.py:2379} INFO - Sync 1 DAGs
[2024-10-11 15:19:53,615] {logging_mixin.py:115} INFO - [2024-10-11 15:19:53,615] {dag.py:2398} INFO - Creating ORM DAG for example_branch_operator
[2024-10-11 15:19:53,626] {logging_mixin.py:115} INFO - [2024-10-11 15:19:53,626] {dag.py:2927} INFO - Setting next_dagrun for example_branch_operator to 2024-10-10T00:00:00+00:00, run_after=2024-10-11T00:00:00+00:00
[2024-10-11 15:19:53,643] {processor.py:161} INFO - Processing /home/luan-capella/Documentos/curso_airflow/airflowalura/venv/lib/python3.9/site-packages/airflow/example_dags/example_branch_operator.py took 0.142 seconds
[2024-10-11 15:20:27,898] {processor.py:153} INFO - Started process (PID=42203) to work on /home/luan-capella/Documentos/curso_airflow/airflowalura/venv/lib/python3.9/site-packages/airflow/example_dags/example_branch_operator.py
[2024-10-11 15:20:27,899] {processor.py:641} INFO - Processing file /home/luan-capella/Documentos/curso_airflow/airflowalura/venv/lib/python3.9/site-packages/airflow/example_dags/example_branch_operator.py for tasks to queue
[2024-10-11 15:20:27,900] {logging_mixin.py:115} INFO - [2024-10-11 15:20:27,900] {dagbag.py:507} INFO - Filling up the DagBag from /home/luan-capella/Documentos/curso_airflow/airflowalura/venv/lib/python3.9/site-packages/airflow/example_dags/example_branch_operator.py
[2024-10-11 15:20:27,909] {processor.py:651} INFO - DAG(s) dict_keys(['example_branch_operator']) retrieved from /home/luan-capella/Documentos/curso_airflow/airflowalura/venv/lib/python3.9/site-packages/airflow/example_dags/example_branch_operator.py
[2024-10-11 15:20:27,925] {logging_mixin.py:115} INFO - [2024-10-11 15:20:27,925] {dag.py:2379} INFO - Sync 1 DAGs
[2024-10-11 15:20:27,945] {logging_mixin.py:115} INFO - [2024-10-11 15:20:27,944] {dag.py:2927} INFO - Setting next_dagrun for example_branch_operator to 2024-10-10T00:00:00+00:00, run_after=2024-10-11T00:00:00+00:00
[2024-10-11 15:20:27,958] {processor.py:161} INFO - Processing /home/luan-capella/Documentos/curso_airflow/airflowalura/venv/lib/python3.9/site-packages/airflow/example_dags/example_branch_operator.py took 0.063 seconds
[2024-10-11 15:21:00,113] {processor.py:153} INFO - Started process (PID=42827) to work on /home/luan-capella/Documentos/curso_airflow/airflowalura/venv/lib/python3.9/site-packages/airflow/example_dags/example_branch_operator.py
[2024-10-11 15:21:00,114] {processor.py:641} INFO - Processing file /home/luan-capella/Documentos/curso_airflow/airflowalura/venv/lib/python3.9/site-packages/airflow/example_dags/example_branch_operator.py for tasks to queue
[2024-10-11 15:21:00,115] {logging_mixin.py:115} INFO - [2024-10-11 15:21:00,115] {dagbag.py:507} INFO - Filling up the DagBag from /home/luan-capella/Documentos/curso_airflow/airflowalura/venv/lib/python3.9/site-packages/airflow/example_dags/example_branch_operator.py
[2024-10-11 15:21:00,127] {processor.py:651} INFO - DAG(s) dict_keys(['example_branch_operator']) retrieved from /home/luan-capella/Documentos/curso_airflow/airflowalura/venv/lib/python3.9/site-packages/airflow/example_dags/example_branch_operator.py
[2024-10-11 15:21:00,142] {logging_mixin.py:115} INFO - [2024-10-11 15:21:00,142] {dag.py:2379} INFO - Sync 1 DAGs
[2024-10-11 15:21:00,161] {logging_mixin.py:115} INFO - [2024-10-11 15:21:00,161] {dag.py:2927} INFO - Setting next_dagrun for example_branch_operator to 2024-10-10T00:00:00+00:00, run_after=2024-10-11T00:00:00+00:00
[2024-10-11 15:21:00,186] {processor.py:161} INFO - Processing /home/luan-capella/Documentos/curso_airflow/airflowalura/venv/lib/python3.9/site-packages/airflow/example_dags/example_branch_operator.py took 0.077 seconds
[2024-10-11 15:21:35,502] {processor.py:153} INFO - Started process (PID=43530) to work on /home/luan-capella/Documentos/curso_airflow/airflowalura/venv/lib/python3.9/site-packages/airflow/example_dags/example_branch_operator.py
[2024-10-11 15:21:35,504] {processor.py:641} INFO - Processing file /home/luan-capella/Documentos/curso_airflow/airflowalura/venv/lib/python3.9/site-packages/airflow/example_dags/example_branch_operator.py for tasks to queue
[2024-10-11 15:21:35,504] {logging_mixin.py:115} INFO - [2024-10-11 15:21:35,504] {dagbag.py:507} INFO - Filling up the DagBag from /home/luan-capella/Documentos/curso_airflow/airflowalura/venv/lib/python3.9/site-packages/airflow/example_dags/example_branch_operator.py
[2024-10-11 15:21:35,514] {processor.py:651} INFO - DAG(s) dict_keys(['example_branch_operator']) retrieved from /home/luan-capella/Documentos/curso_airflow/airflowalura/venv/lib/python3.9/site-packages/airflow/example_dags/example_branch_operator.py
[2024-10-11 15:21:35,527] {logging_mixin.py:115} INFO - [2024-10-11 15:21:35,527] {dag.py:2379} INFO - Sync 1 DAGs
[2024-10-11 15:21:35,544] {logging_mixin.py:115} INFO - [2024-10-11 15:21:35,544] {dag.py:2927} INFO - Setting next_dagrun for example_branch_operator to 2024-10-10T00:00:00+00:00, run_after=2024-10-11T00:00:00+00:00
[2024-10-11 15:21:35,557] {processor.py:161} INFO - Processing /home/luan-capella/Documentos/curso_airflow/airflowalura/venv/lib/python3.9/site-packages/airflow/example_dags/example_branch_operator.py took 0.059 seconds
[2024-10-11 15:22:08,272] {processor.py:153} INFO - Started process (PID=44307) to work on /home/luan-capella/Documentos/curso_airflow/airflowalura/venv/lib/python3.9/site-packages/airflow/example_dags/example_branch_operator.py
[2024-10-11 15:22:08,273] {processor.py:641} INFO - Processing file /home/luan-capella/Documentos/curso_airflow/airflowalura/venv/lib/python3.9/site-packages/airflow/example_dags/example_branch_operator.py for tasks to queue
[2024-10-11 15:22:08,273] {logging_mixin.py:115} INFO - [2024-10-11 15:22:08,273] {dagbag.py:507} INFO - Filling up the DagBag from /home/luan-capella/Documentos/curso_airflow/airflowalura/venv/lib/python3.9/site-packages/airflow/example_dags/example_branch_operator.py
[2024-10-11 15:22:08,282] {processor.py:651} INFO - DAG(s) dict_keys(['example_branch_operator']) retrieved from /home/luan-capella/Documentos/curso_airflow/airflowalura/venv/lib/python3.9/site-packages/airflow/example_dags/example_branch_operator.py
[2024-10-11 15:22:08,302] {logging_mixin.py:115} INFO - [2024-10-11 15:22:08,302] {dag.py:2379} INFO - Sync 1 DAGs
[2024-10-11 15:22:08,321] {logging_mixin.py:115} INFO - [2024-10-11 15:22:08,321] {dag.py:2927} INFO - Setting next_dagrun for example_branch_operator to 2024-10-10T00:00:00+00:00, run_after=2024-10-11T00:00:00+00:00
[2024-10-11 15:22:08,356] {processor.py:161} INFO - Processing /home/luan-capella/Documentos/curso_airflow/airflowalura/venv/lib/python3.9/site-packages/airflow/example_dags/example_branch_operator.py took 0.087 seconds
