[2024-10-11 15:19:33,259] {processor.py:153} INFO - Started process (PID=41039) to work on /home/luan-capella/Documentos/curso_airflow/airflowalura/venv/lib/python3.9/site-packages/airflow/example_dags/example_task_group.py
[2024-10-11 15:19:33,260] {processor.py:641} INFO - Processing file /home/luan-capella/Documentos/curso_airflow/airflowalura/venv/lib/python3.9/site-packages/airflow/example_dags/example_task_group.py for tasks to queue
[2024-10-11 15:19:33,260] {logging_mixin.py:115} INFO - [2024-10-11 15:19:33,260] {dagbag.py:507} INFO - Filling up the DagBag from /home/luan-capella/Documentos/curso_airflow/airflowalura/venv/lib/python3.9/site-packages/airflow/example_dags/example_task_group.py
[2024-10-11 15:19:33,269] {processor.py:651} INFO - DAG(s) dict_keys(['example_task_group']) retrieved from /home/luan-capella/Documentos/curso_airflow/airflowalura/venv/lib/python3.9/site-packages/airflow/example_dags/example_task_group.py
[2024-10-11 15:19:33,331] {logging_mixin.py:115} INFO - [2024-10-11 15:19:33,331] {manager.py:508} INFO - Created Permission View: can edit on DAG:example_task_group
[2024-10-11 15:19:33,341] {logging_mixin.py:115} INFO - [2024-10-11 15:19:33,341] {manager.py:508} INFO - Created Permission View: can read on DAG:example_task_group
[2024-10-11 15:19:33,351] {logging_mixin.py:115} INFO - [2024-10-11 15:19:33,351] {manager.py:508} INFO - Created Permission View: can delete on DAG:example_task_group
[2024-10-11 15:19:33,351] {logging_mixin.py:115} INFO - [2024-10-11 15:19:33,351] {dag.py:2379} INFO - Sync 1 DAGs
[2024-10-11 15:19:33,358] {logging_mixin.py:115} INFO - [2024-10-11 15:19:33,358] {dag.py:2398} INFO - Creating ORM DAG for example_task_group
[2024-10-11 15:19:33,365] {logging_mixin.py:115} INFO - [2024-10-11 15:19:33,365] {dag.py:2927} INFO - Setting next_dagrun for example_task_group to 2024-10-10T18:19:33.365439+00:00, run_after=2024-10-11T18:19:33.365439+00:00
[2024-10-11 15:19:33,382] {processor.py:161} INFO - Processing /home/luan-capella/Documentos/curso_airflow/airflowalura/venv/lib/python3.9/site-packages/airflow/example_dags/example_task_group.py took 0.128 seconds
[2024-10-11 15:20:08,654] {processor.py:153} INFO - Started process (PID=41752) to work on /home/luan-capella/Documentos/curso_airflow/airflowalura/venv/lib/python3.9/site-packages/airflow/example_dags/example_task_group.py
[2024-10-11 15:20:08,655] {processor.py:641} INFO - Processing file /home/luan-capella/Documentos/curso_airflow/airflowalura/venv/lib/python3.9/site-packages/airflow/example_dags/example_task_group.py for tasks to queue
[2024-10-11 15:20:08,656] {logging_mixin.py:115} INFO - [2024-10-11 15:20:08,656] {dagbag.py:507} INFO - Filling up the DagBag from /home/luan-capella/Documentos/curso_airflow/airflowalura/venv/lib/python3.9/site-packages/airflow/example_dags/example_task_group.py
[2024-10-11 15:20:08,666] {processor.py:651} INFO - DAG(s) dict_keys(['example_task_group']) retrieved from /home/luan-capella/Documentos/curso_airflow/airflowalura/venv/lib/python3.9/site-packages/airflow/example_dags/example_task_group.py
[2024-10-11 15:20:08,683] {logging_mixin.py:115} INFO - [2024-10-11 15:20:08,683] {dag.py:2379} INFO - Sync 1 DAGs
[2024-10-11 15:20:08,701] {logging_mixin.py:115} INFO - [2024-10-11 15:20:08,701] {dag.py:2927} INFO - Setting next_dagrun for example_task_group to 2024-10-10T18:20:08.701258+00:00, run_after=2024-10-11T18:20:08.701258+00:00
[2024-10-11 15:20:08,717] {processor.py:161} INFO - Processing /home/luan-capella/Documentos/curso_airflow/airflowalura/venv/lib/python3.9/site-packages/airflow/example_dags/example_task_group.py took 0.068 seconds
[2024-10-11 15:20:42,269] {processor.py:153} INFO - Started process (PID=42483) to work on /home/luan-capella/Documentos/curso_airflow/airflowalura/venv/lib/python3.9/site-packages/airflow/example_dags/example_task_group.py
[2024-10-11 15:20:42,270] {processor.py:641} INFO - Processing file /home/luan-capella/Documentos/curso_airflow/airflowalura/venv/lib/python3.9/site-packages/airflow/example_dags/example_task_group.py for tasks to queue
[2024-10-11 15:20:42,271] {logging_mixin.py:115} INFO - [2024-10-11 15:20:42,271] {dagbag.py:507} INFO - Filling up the DagBag from /home/luan-capella/Documentos/curso_airflow/airflowalura/venv/lib/python3.9/site-packages/airflow/example_dags/example_task_group.py
[2024-10-11 15:20:42,280] {processor.py:651} INFO - DAG(s) dict_keys(['example_task_group']) retrieved from /home/luan-capella/Documentos/curso_airflow/airflowalura/venv/lib/python3.9/site-packages/airflow/example_dags/example_task_group.py
[2024-10-11 15:20:42,295] {logging_mixin.py:115} INFO - [2024-10-11 15:20:42,295] {dag.py:2379} INFO - Sync 1 DAGs
[2024-10-11 15:20:42,311] {logging_mixin.py:115} INFO - [2024-10-11 15:20:42,311] {dag.py:2927} INFO - Setting next_dagrun for example_task_group to 2024-10-10T18:20:42.311349+00:00, run_after=2024-10-11T18:20:42.311349+00:00
[2024-10-11 15:20:42,341] {processor.py:161} INFO - Processing /home/luan-capella/Documentos/curso_airflow/airflowalura/venv/lib/python3.9/site-packages/airflow/example_dags/example_task_group.py took 0.077 seconds
[2024-10-11 15:21:15,194] {processor.py:153} INFO - Started process (PID=43136) to work on /home/luan-capella/Documentos/curso_airflow/airflowalura/venv/lib/python3.9/site-packages/airflow/example_dags/example_task_group.py
[2024-10-11 15:21:15,196] {processor.py:641} INFO - Processing file /home/luan-capella/Documentos/curso_airflow/airflowalura/venv/lib/python3.9/site-packages/airflow/example_dags/example_task_group.py for tasks to queue
[2024-10-11 15:21:15,196] {logging_mixin.py:115} INFO - [2024-10-11 15:21:15,196] {dagbag.py:507} INFO - Filling up the DagBag from /home/luan-capella/Documentos/curso_airflow/airflowalura/venv/lib/python3.9/site-packages/airflow/example_dags/example_task_group.py
[2024-10-11 15:21:15,205] {processor.py:651} INFO - DAG(s) dict_keys(['example_task_group']) retrieved from /home/luan-capella/Documentos/curso_airflow/airflowalura/venv/lib/python3.9/site-packages/airflow/example_dags/example_task_group.py
[2024-10-11 15:21:15,222] {logging_mixin.py:115} INFO - [2024-10-11 15:21:15,222] {dag.py:2379} INFO - Sync 1 DAGs
[2024-10-11 15:21:15,240] {logging_mixin.py:115} INFO - [2024-10-11 15:21:15,240] {dag.py:2927} INFO - Setting next_dagrun for example_task_group to 2024-10-10T18:21:15.240339+00:00, run_after=2024-10-11T18:21:15.240339+00:00
[2024-10-11 15:21:15,259] {processor.py:161} INFO - Processing /home/luan-capella/Documentos/curso_airflow/airflowalura/venv/lib/python3.9/site-packages/airflow/example_dags/example_task_group.py took 0.071 seconds
[2024-10-11 15:21:48,221] {processor.py:153} INFO - Started process (PID=43778) to work on /home/luan-capella/Documentos/curso_airflow/airflowalura/venv/lib/python3.9/site-packages/airflow/example_dags/example_task_group.py
[2024-10-11 15:21:48,222] {processor.py:641} INFO - Processing file /home/luan-capella/Documentos/curso_airflow/airflowalura/venv/lib/python3.9/site-packages/airflow/example_dags/example_task_group.py for tasks to queue
[2024-10-11 15:21:48,223] {logging_mixin.py:115} INFO - [2024-10-11 15:21:48,223] {dagbag.py:507} INFO - Filling up the DagBag from /home/luan-capella/Documentos/curso_airflow/airflowalura/venv/lib/python3.9/site-packages/airflow/example_dags/example_task_group.py
[2024-10-11 15:21:48,229] {processor.py:651} INFO - DAG(s) dict_keys(['example_task_group']) retrieved from /home/luan-capella/Documentos/curso_airflow/airflowalura/venv/lib/python3.9/site-packages/airflow/example_dags/example_task_group.py
[2024-10-11 15:21:48,245] {logging_mixin.py:115} INFO - [2024-10-11 15:21:48,245] {dag.py:2379} INFO - Sync 1 DAGs
[2024-10-11 15:21:48,264] {logging_mixin.py:115} INFO - [2024-10-11 15:21:48,263] {dag.py:2927} INFO - Setting next_dagrun for example_task_group to 2024-10-10T18:21:48.263594+00:00, run_after=2024-10-11T18:21:48.263594+00:00
[2024-10-11 15:21:48,278] {processor.py:161} INFO - Processing /home/luan-capella/Documentos/curso_airflow/airflowalura/venv/lib/python3.9/site-packages/airflow/example_dags/example_task_group.py took 0.062 seconds
[2024-10-11 15:22:22,892] {processor.py:153} INFO - Started process (PID=44588) to work on /home/luan-capella/Documentos/curso_airflow/airflowalura/venv/lib/python3.9/site-packages/airflow/example_dags/example_task_group.py
[2024-10-11 15:22:22,894] {processor.py:641} INFO - Processing file /home/luan-capella/Documentos/curso_airflow/airflowalura/venv/lib/python3.9/site-packages/airflow/example_dags/example_task_group.py for tasks to queue
[2024-10-11 15:22:22,895] {logging_mixin.py:115} INFO - [2024-10-11 15:22:22,895] {dagbag.py:507} INFO - Filling up the DagBag from /home/luan-capella/Documentos/curso_airflow/airflowalura/venv/lib/python3.9/site-packages/airflow/example_dags/example_task_group.py
[2024-10-11 15:22:22,904] {processor.py:651} INFO - DAG(s) dict_keys(['example_task_group']) retrieved from /home/luan-capella/Documentos/curso_airflow/airflowalura/venv/lib/python3.9/site-packages/airflow/example_dags/example_task_group.py
[2024-10-11 15:22:22,921] {logging_mixin.py:115} INFO - [2024-10-11 15:22:22,921] {dag.py:2379} INFO - Sync 1 DAGs
[2024-10-11 15:22:22,939] {logging_mixin.py:115} INFO - [2024-10-11 15:22:22,939] {dag.py:2927} INFO - Setting next_dagrun for example_task_group to 2024-10-10T18:22:22.939324+00:00, run_after=2024-10-11T18:22:22.939324+00:00
[2024-10-11 15:22:22,965] {processor.py:161} INFO - Processing /home/luan-capella/Documentos/curso_airflow/airflowalura/venv/lib/python3.9/site-packages/airflow/example_dags/example_task_group.py took 0.078 seconds
