[2024-10-11 15:19:58,318] {processor.py:153} INFO - Started process (PID=41535) to work on /home/luan-capella/Documentos/curso_airflow/airflowalura/venv/lib/python3.9/site-packages/airflow/example_dags/example_bash_operator.py
[2024-10-11 15:19:58,319] {processor.py:641} INFO - Processing file /home/luan-capella/Documentos/curso_airflow/airflowalura/venv/lib/python3.9/site-packages/airflow/example_dags/example_bash_operator.py for tasks to queue
[2024-10-11 15:19:58,319] {logging_mixin.py:115} INFO - [2024-10-11 15:19:58,319] {dagbag.py:507} INFO - Filling up the DagBag from /home/luan-capella/Documentos/curso_airflow/airflowalura/venv/lib/python3.9/site-packages/airflow/example_dags/example_bash_operator.py
[2024-10-11 15:19:58,331] {processor.py:651} INFO - DAG(s) dict_keys(['example_bash_operator']) retrieved from /home/luan-capella/Documentos/curso_airflow/airflowalura/venv/lib/python3.9/site-packages/airflow/example_dags/example_bash_operator.py
[2024-10-11 15:19:58,415] {logging_mixin.py:115} INFO - [2024-10-11 15:19:58,415] {manager.py:508} INFO - Created Permission View: can edit on DAG:example_bash_operator
[2024-10-11 15:19:58,450] {logging_mixin.py:115} INFO - [2024-10-11 15:19:58,450] {manager.py:508} INFO - Created Permission View: can read on DAG:example_bash_operator
[2024-10-11 15:19:58,468] {logging_mixin.py:115} INFO - [2024-10-11 15:19:58,468] {manager.py:508} INFO - Created Permission View: can delete on DAG:example_bash_operator
[2024-10-11 15:19:58,468] {logging_mixin.py:115} INFO - [2024-10-11 15:19:58,468] {dag.py:2379} INFO - Sync 1 DAGs
[2024-10-11 15:19:58,477] {logging_mixin.py:115} INFO - [2024-10-11 15:19:58,477] {dag.py:2398} INFO - Creating ORM DAG for example_bash_operator
[2024-10-11 15:19:58,487] {logging_mixin.py:115} INFO - [2024-10-11 15:19:58,487] {dag.py:2927} INFO - Setting next_dagrun for example_bash_operator to 2024-10-10T00:00:00+00:00, run_after=2024-10-11T00:00:00+00:00
[2024-10-11 15:19:58,513] {processor.py:161} INFO - Processing /home/luan-capella/Documentos/curso_airflow/airflowalura/venv/lib/python3.9/site-packages/airflow/example_dags/example_bash_operator.py took 0.200 seconds
[2024-10-11 15:20:34,570] {processor.py:153} INFO - Started process (PID=42335) to work on /home/luan-capella/Documentos/curso_airflow/airflowalura/venv/lib/python3.9/site-packages/airflow/example_dags/example_bash_operator.py
[2024-10-11 15:20:34,571] {processor.py:641} INFO - Processing file /home/luan-capella/Documentos/curso_airflow/airflowalura/venv/lib/python3.9/site-packages/airflow/example_dags/example_bash_operator.py for tasks to queue
[2024-10-11 15:20:34,571] {logging_mixin.py:115} INFO - [2024-10-11 15:20:34,571] {dagbag.py:507} INFO - Filling up the DagBag from /home/luan-capella/Documentos/curso_airflow/airflowalura/venv/lib/python3.9/site-packages/airflow/example_dags/example_bash_operator.py
[2024-10-11 15:20:34,585] {processor.py:651} INFO - DAG(s) dict_keys(['example_bash_operator']) retrieved from /home/luan-capella/Documentos/curso_airflow/airflowalura/venv/lib/python3.9/site-packages/airflow/example_dags/example_bash_operator.py
[2024-10-11 15:20:34,600] {logging_mixin.py:115} INFO - [2024-10-11 15:20:34,600] {dag.py:2379} INFO - Sync 1 DAGs
[2024-10-11 15:20:34,618] {logging_mixin.py:115} INFO - [2024-10-11 15:20:34,618] {dag.py:2927} INFO - Setting next_dagrun for example_bash_operator to 2024-10-10T00:00:00+00:00, run_after=2024-10-11T00:00:00+00:00
[2024-10-11 15:20:34,637] {processor.py:161} INFO - Processing /home/luan-capella/Documentos/curso_airflow/airflowalura/venv/lib/python3.9/site-packages/airflow/example_dags/example_bash_operator.py took 0.070 seconds
[2024-10-11 15:21:09,279] {processor.py:153} INFO - Started process (PID=43003) to work on /home/luan-capella/Documentos/curso_airflow/airflowalura/venv/lib/python3.9/site-packages/airflow/example_dags/example_bash_operator.py
[2024-10-11 15:21:09,280] {processor.py:641} INFO - Processing file /home/luan-capella/Documentos/curso_airflow/airflowalura/venv/lib/python3.9/site-packages/airflow/example_dags/example_bash_operator.py for tasks to queue
[2024-10-11 15:21:09,280] {logging_mixin.py:115} INFO - [2024-10-11 15:21:09,280] {dagbag.py:507} INFO - Filling up the DagBag from /home/luan-capella/Documentos/curso_airflow/airflowalura/venv/lib/python3.9/site-packages/airflow/example_dags/example_bash_operator.py
[2024-10-11 15:21:09,289] {processor.py:651} INFO - DAG(s) dict_keys(['example_bash_operator']) retrieved from /home/luan-capella/Documentos/curso_airflow/airflowalura/venv/lib/python3.9/site-packages/airflow/example_dags/example_bash_operator.py
[2024-10-11 15:21:09,304] {logging_mixin.py:115} INFO - [2024-10-11 15:21:09,303] {dag.py:2379} INFO - Sync 1 DAGs
[2024-10-11 15:21:09,321] {logging_mixin.py:115} INFO - [2024-10-11 15:21:09,321] {dag.py:2927} INFO - Setting next_dagrun for example_bash_operator to 2024-10-10T00:00:00+00:00, run_after=2024-10-11T00:00:00+00:00
[2024-10-11 15:21:09,335] {processor.py:161} INFO - Processing /home/luan-capella/Documentos/curso_airflow/airflowalura/venv/lib/python3.9/site-packages/airflow/example_dags/example_bash_operator.py took 0.058 seconds
[2024-10-11 15:21:45,359] {processor.py:153} INFO - Started process (PID=43719) to work on /home/luan-capella/Documentos/curso_airflow/airflowalura/venv/lib/python3.9/site-packages/airflow/example_dags/example_bash_operator.py
[2024-10-11 15:21:45,360] {processor.py:641} INFO - Processing file /home/luan-capella/Documentos/curso_airflow/airflowalura/venv/lib/python3.9/site-packages/airflow/example_dags/example_bash_operator.py for tasks to queue
[2024-10-11 15:21:45,361] {logging_mixin.py:115} INFO - [2024-10-11 15:21:45,361] {dagbag.py:507} INFO - Filling up the DagBag from /home/luan-capella/Documentos/curso_airflow/airflowalura/venv/lib/python3.9/site-packages/airflow/example_dags/example_bash_operator.py
[2024-10-11 15:21:45,371] {processor.py:651} INFO - DAG(s) dict_keys(['example_bash_operator']) retrieved from /home/luan-capella/Documentos/curso_airflow/airflowalura/venv/lib/python3.9/site-packages/airflow/example_dags/example_bash_operator.py
[2024-10-11 15:21:45,386] {logging_mixin.py:115} INFO - [2024-10-11 15:21:45,385] {dag.py:2379} INFO - Sync 1 DAGs
[2024-10-11 15:21:45,402] {logging_mixin.py:115} INFO - [2024-10-11 15:21:45,402] {dag.py:2927} INFO - Setting next_dagrun for example_bash_operator to 2024-10-10T00:00:00+00:00, run_after=2024-10-11T00:00:00+00:00
[2024-10-11 15:21:45,415] {processor.py:161} INFO - Processing /home/luan-capella/Documentos/curso_airflow/airflowalura/venv/lib/python3.9/site-packages/airflow/example_dags/example_bash_operator.py took 0.059 seconds
[2024-10-11 15:22:19,337] {processor.py:153} INFO - Started process (PID=44522) to work on /home/luan-capella/Documentos/curso_airflow/airflowalura/venv/lib/python3.9/site-packages/airflow/example_dags/example_bash_operator.py
[2024-10-11 15:22:19,338] {processor.py:641} INFO - Processing file /home/luan-capella/Documentos/curso_airflow/airflowalura/venv/lib/python3.9/site-packages/airflow/example_dags/example_bash_operator.py for tasks to queue
[2024-10-11 15:22:19,339] {logging_mixin.py:115} INFO - [2024-10-11 15:22:19,339] {dagbag.py:507} INFO - Filling up the DagBag from /home/luan-capella/Documentos/curso_airflow/airflowalura/venv/lib/python3.9/site-packages/airflow/example_dags/example_bash_operator.py
[2024-10-11 15:22:19,351] {processor.py:651} INFO - DAG(s) dict_keys(['example_bash_operator']) retrieved from /home/luan-capella/Documentos/curso_airflow/airflowalura/venv/lib/python3.9/site-packages/airflow/example_dags/example_bash_operator.py
[2024-10-11 15:22:19,367] {logging_mixin.py:115} INFO - [2024-10-11 15:22:19,367] {dag.py:2379} INFO - Sync 1 DAGs
[2024-10-11 15:22:19,386] {logging_mixin.py:115} INFO - [2024-10-11 15:22:19,386] {dag.py:2927} INFO - Setting next_dagrun for example_bash_operator to 2024-10-10T00:00:00+00:00, run_after=2024-10-11T00:00:00+00:00
[2024-10-11 15:22:19,406] {processor.py:161} INFO - Processing /home/luan-capella/Documentos/curso_airflow/airflowalura/venv/lib/python3.9/site-packages/airflow/example_dags/example_bash_operator.py took 0.074 seconds
