[2024-10-11 15:19:39,805] {processor.py:153} INFO - Started process (PID=41168) to work on /home/luan-capella/Documentos/curso_airflow/airflowalura/venv/lib/python3.9/site-packages/airflow/example_dags/example_nested_branch_dag.py
[2024-10-11 15:19:39,806] {processor.py:641} INFO - Processing file /home/luan-capella/Documentos/curso_airflow/airflowalura/venv/lib/python3.9/site-packages/airflow/example_dags/example_nested_branch_dag.py for tasks to queue
[2024-10-11 15:19:39,808] {logging_mixin.py:115} INFO - [2024-10-11 15:19:39,807] {dagbag.py:507} INFO - Filling up the DagBag from /home/luan-capella/Documentos/curso_airflow/airflowalura/venv/lib/python3.9/site-packages/airflow/example_dags/example_nested_branch_dag.py
[2024-10-11 15:19:39,816] {processor.py:651} INFO - DAG(s) dict_keys(['example_nested_branch_dag']) retrieved from /home/luan-capella/Documentos/curso_airflow/airflowalura/venv/lib/python3.9/site-packages/airflow/example_dags/example_nested_branch_dag.py
[2024-10-11 15:19:39,878] {logging_mixin.py:115} INFO - [2024-10-11 15:19:39,878] {manager.py:508} INFO - Created Permission View: can edit on DAG:example_nested_branch_dag
[2024-10-11 15:19:39,892] {logging_mixin.py:115} INFO - [2024-10-11 15:19:39,892] {manager.py:508} INFO - Created Permission View: can read on DAG:example_nested_branch_dag
[2024-10-11 15:19:39,905] {logging_mixin.py:115} INFO - [2024-10-11 15:19:39,904] {manager.py:508} INFO - Created Permission View: can delete on DAG:example_nested_branch_dag
[2024-10-11 15:19:39,905] {logging_mixin.py:115} INFO - [2024-10-11 15:19:39,905] {dag.py:2379} INFO - Sync 1 DAGs
[2024-10-11 15:19:39,921] {logging_mixin.py:115} INFO - [2024-10-11 15:19:39,921] {dag.py:2398} INFO - Creating ORM DAG for example_nested_branch_dag
[2024-10-11 15:19:39,938] {logging_mixin.py:115} INFO - [2024-10-11 15:19:39,938] {dag.py:2927} INFO - Setting next_dagrun for example_nested_branch_dag to 2024-10-10T00:00:00+00:00, run_after=2024-10-11T00:00:00+00:00
[2024-10-11 15:19:39,972] {processor.py:161} INFO - Processing /home/luan-capella/Documentos/curso_airflow/airflowalura/venv/lib/python3.9/site-packages/airflow/example_dags/example_nested_branch_dag.py took 0.172 seconds
[2024-10-11 15:20:14,275] {processor.py:153} INFO - Started process (PID=41864) to work on /home/luan-capella/Documentos/curso_airflow/airflowalura/venv/lib/python3.9/site-packages/airflow/example_dags/example_nested_branch_dag.py
[2024-10-11 15:20:14,276] {processor.py:641} INFO - Processing file /home/luan-capella/Documentos/curso_airflow/airflowalura/venv/lib/python3.9/site-packages/airflow/example_dags/example_nested_branch_dag.py for tasks to queue
[2024-10-11 15:20:14,277] {logging_mixin.py:115} INFO - [2024-10-11 15:20:14,277] {dagbag.py:507} INFO - Filling up the DagBag from /home/luan-capella/Documentos/curso_airflow/airflowalura/venv/lib/python3.9/site-packages/airflow/example_dags/example_nested_branch_dag.py
[2024-10-11 15:20:14,290] {processor.py:651} INFO - DAG(s) dict_keys(['example_nested_branch_dag']) retrieved from /home/luan-capella/Documentos/curso_airflow/airflowalura/venv/lib/python3.9/site-packages/airflow/example_dags/example_nested_branch_dag.py
[2024-10-11 15:20:14,309] {logging_mixin.py:115} INFO - [2024-10-11 15:20:14,309] {dag.py:2379} INFO - Sync 1 DAGs
[2024-10-11 15:20:14,329] {logging_mixin.py:115} INFO - [2024-10-11 15:20:14,329] {dag.py:2927} INFO - Setting next_dagrun for example_nested_branch_dag to 2024-10-10T00:00:00+00:00, run_after=2024-10-11T00:00:00+00:00
[2024-10-11 15:20:14,345] {processor.py:161} INFO - Processing /home/luan-capella/Documentos/curso_airflow/airflowalura/venv/lib/python3.9/site-packages/airflow/example_dags/example_nested_branch_dag.py took 0.074 seconds
[2024-10-11 15:20:47,452] {processor.py:153} INFO - Started process (PID=42581) to work on /home/luan-capella/Documentos/curso_airflow/airflowalura/venv/lib/python3.9/site-packages/airflow/example_dags/example_nested_branch_dag.py
[2024-10-11 15:20:47,453] {processor.py:641} INFO - Processing file /home/luan-capella/Documentos/curso_airflow/airflowalura/venv/lib/python3.9/site-packages/airflow/example_dags/example_nested_branch_dag.py for tasks to queue
[2024-10-11 15:20:47,454] {logging_mixin.py:115} INFO - [2024-10-11 15:20:47,454] {dagbag.py:507} INFO - Filling up the DagBag from /home/luan-capella/Documentos/curso_airflow/airflowalura/venv/lib/python3.9/site-packages/airflow/example_dags/example_nested_branch_dag.py
[2024-10-11 15:20:47,464] {processor.py:651} INFO - DAG(s) dict_keys(['example_nested_branch_dag']) retrieved from /home/luan-capella/Documentos/curso_airflow/airflowalura/venv/lib/python3.9/site-packages/airflow/example_dags/example_nested_branch_dag.py
[2024-10-11 15:20:47,480] {logging_mixin.py:115} INFO - [2024-10-11 15:20:47,479] {dag.py:2379} INFO - Sync 1 DAGs
[2024-10-11 15:20:47,499] {logging_mixin.py:115} INFO - [2024-10-11 15:20:47,499] {dag.py:2927} INFO - Setting next_dagrun for example_nested_branch_dag to 2024-10-10T00:00:00+00:00, run_after=2024-10-11T00:00:00+00:00
[2024-10-11 15:20:47,519] {processor.py:161} INFO - Processing /home/luan-capella/Documentos/curso_airflow/airflowalura/venv/lib/python3.9/site-packages/airflow/example_dags/example_nested_branch_dag.py took 0.073 seconds
[2024-10-11 15:21:22,023] {processor.py:153} INFO - Started process (PID=43267) to work on /home/luan-capella/Documentos/curso_airflow/airflowalura/venv/lib/python3.9/site-packages/airflow/example_dags/example_nested_branch_dag.py
[2024-10-11 15:21:22,024] {processor.py:641} INFO - Processing file /home/luan-capella/Documentos/curso_airflow/airflowalura/venv/lib/python3.9/site-packages/airflow/example_dags/example_nested_branch_dag.py for tasks to queue
[2024-10-11 15:21:22,025] {logging_mixin.py:115} INFO - [2024-10-11 15:21:22,024] {dagbag.py:507} INFO - Filling up the DagBag from /home/luan-capella/Documentos/curso_airflow/airflowalura/venv/lib/python3.9/site-packages/airflow/example_dags/example_nested_branch_dag.py
[2024-10-11 15:21:22,034] {processor.py:651} INFO - DAG(s) dict_keys(['example_nested_branch_dag']) retrieved from /home/luan-capella/Documentos/curso_airflow/airflowalura/venv/lib/python3.9/site-packages/airflow/example_dags/example_nested_branch_dag.py
[2024-10-11 15:21:22,050] {logging_mixin.py:115} INFO - [2024-10-11 15:21:22,050] {dag.py:2379} INFO - Sync 1 DAGs
[2024-10-11 15:21:22,068] {logging_mixin.py:115} INFO - [2024-10-11 15:21:22,068] {dag.py:2927} INFO - Setting next_dagrun for example_nested_branch_dag to 2024-10-10T00:00:00+00:00, run_after=2024-10-11T00:00:00+00:00
[2024-10-11 15:21:22,082] {processor.py:161} INFO - Processing /home/luan-capella/Documentos/curso_airflow/airflowalura/venv/lib/python3.9/site-packages/airflow/example_dags/example_nested_branch_dag.py took 0.061 seconds
[2024-10-11 15:21:54,540] {processor.py:153} INFO - Started process (PID=43895) to work on /home/luan-capella/Documentos/curso_airflow/airflowalura/venv/lib/python3.9/site-packages/airflow/example_dags/example_nested_branch_dag.py
[2024-10-11 15:21:54,540] {processor.py:641} INFO - Processing file /home/luan-capella/Documentos/curso_airflow/airflowalura/venv/lib/python3.9/site-packages/airflow/example_dags/example_nested_branch_dag.py for tasks to queue
[2024-10-11 15:21:54,541] {logging_mixin.py:115} INFO - [2024-10-11 15:21:54,541] {dagbag.py:507} INFO - Filling up the DagBag from /home/luan-capella/Documentos/curso_airflow/airflowalura/venv/lib/python3.9/site-packages/airflow/example_dags/example_nested_branch_dag.py
[2024-10-11 15:21:54,549] {processor.py:651} INFO - DAG(s) dict_keys(['example_nested_branch_dag']) retrieved from /home/luan-capella/Documentos/curso_airflow/airflowalura/venv/lib/python3.9/site-packages/airflow/example_dags/example_nested_branch_dag.py
[2024-10-11 15:21:54,564] {logging_mixin.py:115} INFO - [2024-10-11 15:21:54,564] {dag.py:2379} INFO - Sync 1 DAGs
[2024-10-11 15:21:54,582] {logging_mixin.py:115} INFO - [2024-10-11 15:21:54,582] {dag.py:2927} INFO - Setting next_dagrun for example_nested_branch_dag to 2024-10-10T00:00:00+00:00, run_after=2024-10-11T00:00:00+00:00
[2024-10-11 15:21:54,602] {processor.py:161} INFO - Processing /home/luan-capella/Documentos/curso_airflow/airflowalura/venv/lib/python3.9/site-packages/airflow/example_dags/example_nested_branch_dag.py took 0.065 seconds
