[2024-10-11 15:19:35,778] {processor.py:153} INFO - Started process (PID=41092) to work on /home/luan-capella/Documentos/curso_airflow/airflowalura/venv/lib/python3.9/site-packages/airflow/example_dags/example_trigger_controller_dag.py
[2024-10-11 15:19:35,779] {processor.py:641} INFO - Processing file /home/luan-capella/Documentos/curso_airflow/airflowalura/venv/lib/python3.9/site-packages/airflow/example_dags/example_trigger_controller_dag.py for tasks to queue
[2024-10-11 15:19:35,780] {logging_mixin.py:115} INFO - [2024-10-11 15:19:35,780] {dagbag.py:507} INFO - Filling up the DagBag from /home/luan-capella/Documentos/curso_airflow/airflowalura/venv/lib/python3.9/site-packages/airflow/example_dags/example_trigger_controller_dag.py
[2024-10-11 15:19:35,787] {processor.py:651} INFO - DAG(s) dict_keys(['example_trigger_controller_dag']) retrieved from /home/luan-capella/Documentos/curso_airflow/airflowalura/venv/lib/python3.9/site-packages/airflow/example_dags/example_trigger_controller_dag.py
[2024-10-11 15:19:35,854] {logging_mixin.py:115} INFO - [2024-10-11 15:19:35,853] {manager.py:508} INFO - Created Permission View: can edit on DAG:example_trigger_controller_dag
[2024-10-11 15:19:35,869] {logging_mixin.py:115} INFO - [2024-10-11 15:19:35,869] {manager.py:508} INFO - Created Permission View: can read on DAG:example_trigger_controller_dag
[2024-10-11 15:19:35,884] {logging_mixin.py:115} INFO - [2024-10-11 15:19:35,884] {manager.py:508} INFO - Created Permission View: can delete on DAG:example_trigger_controller_dag
[2024-10-11 15:19:35,885] {logging_mixin.py:115} INFO - [2024-10-11 15:19:35,885] {dag.py:2379} INFO - Sync 1 DAGs
[2024-10-11 15:19:35,892] {logging_mixin.py:115} INFO - [2024-10-11 15:19:35,892] {dag.py:2398} INFO - Creating ORM DAG for example_trigger_controller_dag
[2024-10-11 15:19:35,901] {logging_mixin.py:115} INFO - [2024-10-11 15:19:35,901] {dag.py:2927} INFO - Setting next_dagrun for example_trigger_controller_dag to 2021-01-01T00:00:00+00:00, run_after=2021-01-01T00:00:00+00:00
[2024-10-11 15:19:35,927] {processor.py:161} INFO - Processing /home/luan-capella/Documentos/curso_airflow/airflowalura/venv/lib/python3.9/site-packages/airflow/example_dags/example_trigger_controller_dag.py took 0.154 seconds
[2024-10-11 15:20:10,259] {processor.py:153} INFO - Started process (PID=41786) to work on /home/luan-capella/Documentos/curso_airflow/airflowalura/venv/lib/python3.9/site-packages/airflow/example_dags/example_trigger_controller_dag.py
[2024-10-11 15:20:10,260] {processor.py:641} INFO - Processing file /home/luan-capella/Documentos/curso_airflow/airflowalura/venv/lib/python3.9/site-packages/airflow/example_dags/example_trigger_controller_dag.py for tasks to queue
[2024-10-11 15:20:10,261] {logging_mixin.py:115} INFO - [2024-10-11 15:20:10,261] {dagbag.py:507} INFO - Filling up the DagBag from /home/luan-capella/Documentos/curso_airflow/airflowalura/venv/lib/python3.9/site-packages/airflow/example_dags/example_trigger_controller_dag.py
[2024-10-11 15:20:10,266] {processor.py:651} INFO - DAG(s) dict_keys(['example_trigger_controller_dag']) retrieved from /home/luan-capella/Documentos/curso_airflow/airflowalura/venv/lib/python3.9/site-packages/airflow/example_dags/example_trigger_controller_dag.py
[2024-10-11 15:20:10,283] {logging_mixin.py:115} INFO - [2024-10-11 15:20:10,283] {dag.py:2379} INFO - Sync 1 DAGs
[2024-10-11 15:20:10,300] {logging_mixin.py:115} INFO - [2024-10-11 15:20:10,300] {dag.py:2927} INFO - Setting next_dagrun for example_trigger_controller_dag to 2021-01-01T00:00:00+00:00, run_after=2021-01-01T00:00:00+00:00
[2024-10-11 15:20:10,321] {processor.py:161} INFO - Processing /home/luan-capella/Documentos/curso_airflow/airflowalura/venv/lib/python3.9/site-packages/airflow/example_dags/example_trigger_controller_dag.py took 0.068 seconds
[2024-10-11 15:20:44,561] {processor.py:153} INFO - Started process (PID=42526) to work on /home/luan-capella/Documentos/curso_airflow/airflowalura/venv/lib/python3.9/site-packages/airflow/example_dags/example_trigger_controller_dag.py
[2024-10-11 15:20:44,562] {processor.py:641} INFO - Processing file /home/luan-capella/Documentos/curso_airflow/airflowalura/venv/lib/python3.9/site-packages/airflow/example_dags/example_trigger_controller_dag.py for tasks to queue
[2024-10-11 15:20:44,563] {logging_mixin.py:115} INFO - [2024-10-11 15:20:44,563] {dagbag.py:507} INFO - Filling up the DagBag from /home/luan-capella/Documentos/curso_airflow/airflowalura/venv/lib/python3.9/site-packages/airflow/example_dags/example_trigger_controller_dag.py
[2024-10-11 15:20:44,568] {processor.py:651} INFO - DAG(s) dict_keys(['example_trigger_controller_dag']) retrieved from /home/luan-capella/Documentos/curso_airflow/airflowalura/venv/lib/python3.9/site-packages/airflow/example_dags/example_trigger_controller_dag.py
[2024-10-11 15:20:44,582] {logging_mixin.py:115} INFO - [2024-10-11 15:20:44,582] {dag.py:2379} INFO - Sync 1 DAGs
[2024-10-11 15:20:44,597] {logging_mixin.py:115} INFO - [2024-10-11 15:20:44,597] {dag.py:2927} INFO - Setting next_dagrun for example_trigger_controller_dag to 2021-01-01T00:00:00+00:00, run_after=2021-01-01T00:00:00+00:00
[2024-10-11 15:20:44,620] {processor.py:161} INFO - Processing /home/luan-capella/Documentos/curso_airflow/airflowalura/venv/lib/python3.9/site-packages/airflow/example_dags/example_trigger_controller_dag.py took 0.063 seconds
[2024-10-11 15:21:17,400] {processor.py:153} INFO - Started process (PID=43177) to work on /home/luan-capella/Documentos/curso_airflow/airflowalura/venv/lib/python3.9/site-packages/airflow/example_dags/example_trigger_controller_dag.py
[2024-10-11 15:21:17,402] {processor.py:641} INFO - Processing file /home/luan-capella/Documentos/curso_airflow/airflowalura/venv/lib/python3.9/site-packages/airflow/example_dags/example_trigger_controller_dag.py for tasks to queue
[2024-10-11 15:21:17,402] {logging_mixin.py:115} INFO - [2024-10-11 15:21:17,402] {dagbag.py:507} INFO - Filling up the DagBag from /home/luan-capella/Documentos/curso_airflow/airflowalura/venv/lib/python3.9/site-packages/airflow/example_dags/example_trigger_controller_dag.py
[2024-10-11 15:21:17,408] {processor.py:651} INFO - DAG(s) dict_keys(['example_trigger_controller_dag']) retrieved from /home/luan-capella/Documentos/curso_airflow/airflowalura/venv/lib/python3.9/site-packages/airflow/example_dags/example_trigger_controller_dag.py
[2024-10-11 15:21:17,423] {logging_mixin.py:115} INFO - [2024-10-11 15:21:17,423] {dag.py:2379} INFO - Sync 1 DAGs
[2024-10-11 15:21:17,437] {logging_mixin.py:115} INFO - [2024-10-11 15:21:17,436] {dag.py:2927} INFO - Setting next_dagrun for example_trigger_controller_dag to 2021-01-01T00:00:00+00:00, run_after=2021-01-01T00:00:00+00:00
[2024-10-11 15:21:17,454] {processor.py:161} INFO - Processing /home/luan-capella/Documentos/curso_airflow/airflowalura/venv/lib/python3.9/site-packages/airflow/example_dags/example_trigger_controller_dag.py took 0.058 seconds
[2024-10-11 15:21:50,621] {processor.py:153} INFO - Started process (PID=43820) to work on /home/luan-capella/Documentos/curso_airflow/airflowalura/venv/lib/python3.9/site-packages/airflow/example_dags/example_trigger_controller_dag.py
[2024-10-11 15:21:50,621] {processor.py:641} INFO - Processing file /home/luan-capella/Documentos/curso_airflow/airflowalura/venv/lib/python3.9/site-packages/airflow/example_dags/example_trigger_controller_dag.py for tasks to queue
[2024-10-11 15:21:50,622] {logging_mixin.py:115} INFO - [2024-10-11 15:21:50,622] {dagbag.py:507} INFO - Filling up the DagBag from /home/luan-capella/Documentos/curso_airflow/airflowalura/venv/lib/python3.9/site-packages/airflow/example_dags/example_trigger_controller_dag.py
[2024-10-11 15:21:50,625] {processor.py:651} INFO - DAG(s) dict_keys(['example_trigger_controller_dag']) retrieved from /home/luan-capella/Documentos/curso_airflow/airflowalura/venv/lib/python3.9/site-packages/airflow/example_dags/example_trigger_controller_dag.py
[2024-10-11 15:21:50,638] {logging_mixin.py:115} INFO - [2024-10-11 15:21:50,638] {dag.py:2379} INFO - Sync 1 DAGs
[2024-10-11 15:21:50,652] {logging_mixin.py:115} INFO - [2024-10-11 15:21:50,652] {dag.py:2927} INFO - Setting next_dagrun for example_trigger_controller_dag to 2021-01-01T00:00:00+00:00, run_after=2021-01-01T00:00:00+00:00
[2024-10-11 15:21:50,668] {processor.py:161} INFO - Processing /home/luan-capella/Documentos/curso_airflow/airflowalura/venv/lib/python3.9/site-packages/airflow/example_dags/example_trigger_controller_dag.py took 0.052 seconds
