[2024-10-11 15:19:44,972] {processor.py:153} INFO - Started process (PID=41269) to work on /home/luan-capella/Documentos/curso_airflow/airflowalura/venv/lib/python3.9/site-packages/airflow/example_dags/example_short_circuit_operator.py
[2024-10-11 15:19:44,973] {processor.py:641} INFO - Processing file /home/luan-capella/Documentos/curso_airflow/airflowalura/venv/lib/python3.9/site-packages/airflow/example_dags/example_short_circuit_operator.py for tasks to queue
[2024-10-11 15:19:44,974] {logging_mixin.py:115} INFO - [2024-10-11 15:19:44,974] {dagbag.py:507} INFO - Filling up the DagBag from /home/luan-capella/Documentos/curso_airflow/airflowalura/venv/lib/python3.9/site-packages/airflow/example_dags/example_short_circuit_operator.py
[2024-10-11 15:19:44,982] {processor.py:651} INFO - DAG(s) dict_keys(['example_short_circuit_operator']) retrieved from /home/luan-capella/Documentos/curso_airflow/airflowalura/venv/lib/python3.9/site-packages/airflow/example_dags/example_short_circuit_operator.py
[2024-10-11 15:19:45,055] {logging_mixin.py:115} INFO - [2024-10-11 15:19:45,055] {manager.py:508} INFO - Created Permission View: can edit on DAG:example_short_circuit_operator
[2024-10-11 15:19:45,065] {logging_mixin.py:115} INFO - [2024-10-11 15:19:45,064] {manager.py:508} INFO - Created Permission View: can read on DAG:example_short_circuit_operator
[2024-10-11 15:19:45,073] {logging_mixin.py:115} INFO - [2024-10-11 15:19:45,073] {manager.py:508} INFO - Created Permission View: can delete on DAG:example_short_circuit_operator
[2024-10-11 15:19:45,074] {logging_mixin.py:115} INFO - [2024-10-11 15:19:45,074] {dag.py:2379} INFO - Sync 1 DAGs
[2024-10-11 15:19:45,082] {logging_mixin.py:115} INFO - [2024-10-11 15:19:45,082] {dag.py:2398} INFO - Creating ORM DAG for example_short_circuit_operator
[2024-10-11 15:19:45,092] {logging_mixin.py:115} INFO - [2024-10-11 15:19:45,091] {dag.py:2927} INFO - Setting next_dagrun for example_short_circuit_operator to 2024-10-10T18:19:45.091689+00:00, run_after=2024-10-11T18:19:45.091689+00:00
[2024-10-11 15:19:45,109] {processor.py:161} INFO - Processing /home/luan-capella/Documentos/curso_airflow/airflowalura/venv/lib/python3.9/site-packages/airflow/example_dags/example_short_circuit_operator.py took 0.142 seconds
[2024-10-11 15:20:20,014] {processor.py:153} INFO - Started process (PID=42052) to work on /home/luan-capella/Documentos/curso_airflow/airflowalura/venv/lib/python3.9/site-packages/airflow/example_dags/example_short_circuit_operator.py
[2024-10-11 15:20:20,015] {processor.py:641} INFO - Processing file /home/luan-capella/Documentos/curso_airflow/airflowalura/venv/lib/python3.9/site-packages/airflow/example_dags/example_short_circuit_operator.py for tasks to queue
[2024-10-11 15:20:20,015] {logging_mixin.py:115} INFO - [2024-10-11 15:20:20,015] {dagbag.py:507} INFO - Filling up the DagBag from /home/luan-capella/Documentos/curso_airflow/airflowalura/venv/lib/python3.9/site-packages/airflow/example_dags/example_short_circuit_operator.py
[2024-10-11 15:20:20,022] {processor.py:651} INFO - DAG(s) dict_keys(['example_short_circuit_operator']) retrieved from /home/luan-capella/Documentos/curso_airflow/airflowalura/venv/lib/python3.9/site-packages/airflow/example_dags/example_short_circuit_operator.py
[2024-10-11 15:20:20,039] {logging_mixin.py:115} INFO - [2024-10-11 15:20:20,038] {dag.py:2379} INFO - Sync 1 DAGs
[2024-10-11 15:20:20,058] {logging_mixin.py:115} INFO - [2024-10-11 15:20:20,058] {dag.py:2927} INFO - Setting next_dagrun for example_short_circuit_operator to 2024-10-10T18:20:20.058079+00:00, run_after=2024-10-11T18:20:20.058079+00:00
[2024-10-11 15:20:20,074] {processor.py:161} INFO - Processing /home/luan-capella/Documentos/curso_airflow/airflowalura/venv/lib/python3.9/site-packages/airflow/example_dags/example_short_circuit_operator.py took 0.062 seconds
[2024-10-11 15:20:52,631] {processor.py:153} INFO - Started process (PID=42685) to work on /home/luan-capella/Documentos/curso_airflow/airflowalura/venv/lib/python3.9/site-packages/airflow/example_dags/example_short_circuit_operator.py
[2024-10-11 15:20:52,632] {processor.py:641} INFO - Processing file /home/luan-capella/Documentos/curso_airflow/airflowalura/venv/lib/python3.9/site-packages/airflow/example_dags/example_short_circuit_operator.py for tasks to queue
[2024-10-11 15:20:52,633] {logging_mixin.py:115} INFO - [2024-10-11 15:20:52,633] {dagbag.py:507} INFO - Filling up the DagBag from /home/luan-capella/Documentos/curso_airflow/airflowalura/venv/lib/python3.9/site-packages/airflow/example_dags/example_short_circuit_operator.py
[2024-10-11 15:20:52,643] {processor.py:651} INFO - DAG(s) dict_keys(['example_short_circuit_operator']) retrieved from /home/luan-capella/Documentos/curso_airflow/airflowalura/venv/lib/python3.9/site-packages/airflow/example_dags/example_short_circuit_operator.py
[2024-10-11 15:20:52,658] {logging_mixin.py:115} INFO - [2024-10-11 15:20:52,658] {dag.py:2379} INFO - Sync 1 DAGs
[2024-10-11 15:20:52,673] {logging_mixin.py:115} INFO - [2024-10-11 15:20:52,673] {dag.py:2927} INFO - Setting next_dagrun for example_short_circuit_operator to 2024-10-10T18:20:52.673274+00:00, run_after=2024-10-11T18:20:52.673274+00:00
[2024-10-11 15:20:52,686] {processor.py:161} INFO - Processing /home/luan-capella/Documentos/curso_airflow/airflowalura/venv/lib/python3.9/site-packages/airflow/example_dags/example_short_circuit_operator.py took 0.059 seconds
[2024-10-11 15:21:26,507] {processor.py:153} INFO - Started process (PID=43353) to work on /home/luan-capella/Documentos/curso_airflow/airflowalura/venv/lib/python3.9/site-packages/airflow/example_dags/example_short_circuit_operator.py
[2024-10-11 15:21:26,508] {processor.py:641} INFO - Processing file /home/luan-capella/Documentos/curso_airflow/airflowalura/venv/lib/python3.9/site-packages/airflow/example_dags/example_short_circuit_operator.py for tasks to queue
[2024-10-11 15:21:26,509] {logging_mixin.py:115} INFO - [2024-10-11 15:21:26,509] {dagbag.py:507} INFO - Filling up the DagBag from /home/luan-capella/Documentos/curso_airflow/airflowalura/venv/lib/python3.9/site-packages/airflow/example_dags/example_short_circuit_operator.py
[2024-10-11 15:21:26,519] {processor.py:651} INFO - DAG(s) dict_keys(['example_short_circuit_operator']) retrieved from /home/luan-capella/Documentos/curso_airflow/airflowalura/venv/lib/python3.9/site-packages/airflow/example_dags/example_short_circuit_operator.py
[2024-10-11 15:21:26,535] {logging_mixin.py:115} INFO - [2024-10-11 15:21:26,535] {dag.py:2379} INFO - Sync 1 DAGs
[2024-10-11 15:21:26,552] {logging_mixin.py:115} INFO - [2024-10-11 15:21:26,551] {dag.py:2927} INFO - Setting next_dagrun for example_short_circuit_operator to 2024-10-10T18:21:26.551732+00:00, run_after=2024-10-11T18:21:26.551732+00:00
[2024-10-11 15:21:26,568] {processor.py:161} INFO - Processing /home/luan-capella/Documentos/curso_airflow/airflowalura/venv/lib/python3.9/site-packages/airflow/example_dags/example_short_circuit_operator.py took 0.066 seconds
[2024-10-11 15:21:58,542] {processor.py:153} INFO - Started process (PID=43976) to work on /home/luan-capella/Documentos/curso_airflow/airflowalura/venv/lib/python3.9/site-packages/airflow/example_dags/example_short_circuit_operator.py
[2024-10-11 15:21:58,605] {processor.py:641} INFO - Processing file /home/luan-capella/Documentos/curso_airflow/airflowalura/venv/lib/python3.9/site-packages/airflow/example_dags/example_short_circuit_operator.py for tasks to queue
[2024-10-11 15:21:58,606] {logging_mixin.py:115} INFO - [2024-10-11 15:21:58,606] {dagbag.py:507} INFO - Filling up the DagBag from /home/luan-capella/Documentos/curso_airflow/airflowalura/venv/lib/python3.9/site-packages/airflow/example_dags/example_short_circuit_operator.py
[2024-10-11 15:21:58,617] {processor.py:651} INFO - DAG(s) dict_keys(['example_short_circuit_operator']) retrieved from /home/luan-capella/Documentos/curso_airflow/airflowalura/venv/lib/python3.9/site-packages/airflow/example_dags/example_short_circuit_operator.py
[2024-10-11 15:21:58,641] {logging_mixin.py:115} INFO - [2024-10-11 15:21:58,641] {dag.py:2379} INFO - Sync 1 DAGs
[2024-10-11 15:21:58,667] {logging_mixin.py:115} INFO - [2024-10-11 15:21:58,667] {dag.py:2927} INFO - Setting next_dagrun for example_short_circuit_operator to 2024-10-10T18:21:58.667605+00:00, run_after=2024-10-11T18:21:58.667605+00:00
[2024-10-11 15:21:58,687] {processor.py:161} INFO - Processing /home/luan-capella/Documentos/curso_airflow/airflowalura/venv/lib/python3.9/site-packages/airflow/example_dags/example_short_circuit_operator.py took 0.150 seconds
