[2024-10-11 15:19:52,827] {processor.py:153} INFO - Started process (PID=41423) to work on /home/luan-capella/Documentos/curso_airflow/airflowalura/venv/lib/python3.9/site-packages/airflow/example_dags/example_branch_datetime_operator.py
[2024-10-11 15:19:52,828] {processor.py:641} INFO - Processing file /home/luan-capella/Documentos/curso_airflow/airflowalura/venv/lib/python3.9/site-packages/airflow/example_dags/example_branch_datetime_operator.py for tasks to queue
[2024-10-11 15:19:52,829] {logging_mixin.py:115} INFO - [2024-10-11 15:19:52,829] {dagbag.py:507} INFO - Filling up the DagBag from /home/luan-capella/Documentos/curso_airflow/airflowalura/venv/lib/python3.9/site-packages/airflow/example_dags/example_branch_datetime_operator.py
[2024-10-11 15:19:52,838] {processor.py:651} INFO - DAG(s) dict_keys(['example_branch_datetime_operator_2']) retrieved from /home/luan-capella/Documentos/curso_airflow/airflowalura/venv/lib/python3.9/site-packages/airflow/example_dags/example_branch_datetime_operator.py
[2024-10-11 15:19:52,908] {logging_mixin.py:115} INFO - [2024-10-11 15:19:52,908] {manager.py:508} INFO - Created Permission View: can edit on DAG:example_branch_datetime_operator_2
[2024-10-11 15:19:52,919] {logging_mixin.py:115} INFO - [2024-10-11 15:19:52,919] {manager.py:508} INFO - Created Permission View: can read on DAG:example_branch_datetime_operator_2
[2024-10-11 15:19:52,941] {logging_mixin.py:115} INFO - [2024-10-11 15:19:52,941] {manager.py:508} INFO - Created Permission View: can delete on DAG:example_branch_datetime_operator_2
[2024-10-11 15:19:52,941] {logging_mixin.py:115} INFO - [2024-10-11 15:19:52,941] {dag.py:2379} INFO - Sync 1 DAGs
[2024-10-11 15:19:52,949] {logging_mixin.py:115} INFO - [2024-10-11 15:19:52,949] {dag.py:2398} INFO - Creating ORM DAG for example_branch_datetime_operator_2
[2024-10-11 15:19:52,958] {logging_mixin.py:115} INFO - [2024-10-11 15:19:52,958] {dag.py:2927} INFO - Setting next_dagrun for example_branch_datetime_operator_2 to 2024-10-10T00:00:00+00:00, run_after=2024-10-11T00:00:00+00:00
[2024-10-11 15:19:52,975] {processor.py:161} INFO - Processing /home/luan-capella/Documentos/curso_airflow/airflowalura/venv/lib/python3.9/site-packages/airflow/example_dags/example_branch_datetime_operator.py took 0.153 seconds
[2024-10-11 15:20:26,754] {processor.py:153} INFO - Started process (PID=42182) to work on /home/luan-capella/Documentos/curso_airflow/airflowalura/venv/lib/python3.9/site-packages/airflow/example_dags/example_branch_datetime_operator.py
[2024-10-11 15:20:26,755] {processor.py:641} INFO - Processing file /home/luan-capella/Documentos/curso_airflow/airflowalura/venv/lib/python3.9/site-packages/airflow/example_dags/example_branch_datetime_operator.py for tasks to queue
[2024-10-11 15:20:26,756] {logging_mixin.py:115} INFO - [2024-10-11 15:20:26,756] {dagbag.py:507} INFO - Filling up the DagBag from /home/luan-capella/Documentos/curso_airflow/airflowalura/venv/lib/python3.9/site-packages/airflow/example_dags/example_branch_datetime_operator.py
[2024-10-11 15:20:26,766] {processor.py:651} INFO - DAG(s) dict_keys(['example_branch_datetime_operator_2']) retrieved from /home/luan-capella/Documentos/curso_airflow/airflowalura/venv/lib/python3.9/site-packages/airflow/example_dags/example_branch_datetime_operator.py
[2024-10-11 15:20:26,781] {logging_mixin.py:115} INFO - [2024-10-11 15:20:26,781] {dag.py:2379} INFO - Sync 1 DAGs
[2024-10-11 15:20:26,801] {logging_mixin.py:115} INFO - [2024-10-11 15:20:26,801] {dag.py:2927} INFO - Setting next_dagrun for example_branch_datetime_operator_2 to 2024-10-10T00:00:00+00:00, run_after=2024-10-11T00:00:00+00:00
[2024-10-11 15:20:26,814] {processor.py:161} INFO - Processing /home/luan-capella/Documentos/curso_airflow/airflowalura/venv/lib/python3.9/site-packages/airflow/example_dags/example_branch_datetime_operator.py took 0.066 seconds
[2024-10-11 15:20:58,956] {processor.py:153} INFO - Started process (PID=42807) to work on /home/luan-capella/Documentos/curso_airflow/airflowalura/venv/lib/python3.9/site-packages/airflow/example_dags/example_branch_datetime_operator.py
[2024-10-11 15:20:58,957] {processor.py:641} INFO - Processing file /home/luan-capella/Documentos/curso_airflow/airflowalura/venv/lib/python3.9/site-packages/airflow/example_dags/example_branch_datetime_operator.py for tasks to queue
[2024-10-11 15:20:58,958] {logging_mixin.py:115} INFO - [2024-10-11 15:20:58,958] {dagbag.py:507} INFO - Filling up the DagBag from /home/luan-capella/Documentos/curso_airflow/airflowalura/venv/lib/python3.9/site-packages/airflow/example_dags/example_branch_datetime_operator.py
[2024-10-11 15:20:58,968] {processor.py:651} INFO - DAG(s) dict_keys(['example_branch_datetime_operator_2']) retrieved from /home/luan-capella/Documentos/curso_airflow/airflowalura/venv/lib/python3.9/site-packages/airflow/example_dags/example_branch_datetime_operator.py
[2024-10-11 15:20:58,986] {logging_mixin.py:115} INFO - [2024-10-11 15:20:58,985] {dag.py:2379} INFO - Sync 1 DAGs
[2024-10-11 15:20:59,004] {logging_mixin.py:115} INFO - [2024-10-11 15:20:59,004] {dag.py:2927} INFO - Setting next_dagrun for example_branch_datetime_operator_2 to 2024-10-10T00:00:00+00:00, run_after=2024-10-11T00:00:00+00:00
[2024-10-11 15:20:59,017] {processor.py:161} INFO - Processing /home/luan-capella/Documentos/curso_airflow/airflowalura/venv/lib/python3.9/site-packages/airflow/example_dags/example_branch_datetime_operator.py took 0.066 seconds
[2024-10-11 15:21:35,122] {processor.py:153} INFO - Started process (PID=43522) to work on /home/luan-capella/Documentos/curso_airflow/airflowalura/venv/lib/python3.9/site-packages/airflow/example_dags/example_branch_datetime_operator.py
[2024-10-11 15:21:35,123] {processor.py:641} INFO - Processing file /home/luan-capella/Documentos/curso_airflow/airflowalura/venv/lib/python3.9/site-packages/airflow/example_dags/example_branch_datetime_operator.py for tasks to queue
[2024-10-11 15:21:35,124] {logging_mixin.py:115} INFO - [2024-10-11 15:21:35,123] {dagbag.py:507} INFO - Filling up the DagBag from /home/luan-capella/Documentos/curso_airflow/airflowalura/venv/lib/python3.9/site-packages/airflow/example_dags/example_branch_datetime_operator.py
[2024-10-11 15:21:35,134] {processor.py:651} INFO - DAG(s) dict_keys(['example_branch_datetime_operator_2']) retrieved from /home/luan-capella/Documentos/curso_airflow/airflowalura/venv/lib/python3.9/site-packages/airflow/example_dags/example_branch_datetime_operator.py
[2024-10-11 15:21:35,149] {logging_mixin.py:115} INFO - [2024-10-11 15:21:35,149] {dag.py:2379} INFO - Sync 1 DAGs
[2024-10-11 15:21:35,168] {logging_mixin.py:115} INFO - [2024-10-11 15:21:35,168] {dag.py:2927} INFO - Setting next_dagrun for example_branch_datetime_operator_2 to 2024-10-10T00:00:00+00:00, run_after=2024-10-11T00:00:00+00:00
[2024-10-11 15:21:35,184] {processor.py:161} INFO - Processing /home/luan-capella/Documentos/curso_airflow/airflowalura/venv/lib/python3.9/site-packages/airflow/example_dags/example_branch_datetime_operator.py took 0.068 seconds
[2024-10-11 15:22:07,117] {processor.py:153} INFO - Started process (PID=44285) to work on /home/luan-capella/Documentos/curso_airflow/airflowalura/venv/lib/python3.9/site-packages/airflow/example_dags/example_branch_datetime_operator.py
[2024-10-11 15:22:07,118] {processor.py:641} INFO - Processing file /home/luan-capella/Documentos/curso_airflow/airflowalura/venv/lib/python3.9/site-packages/airflow/example_dags/example_branch_datetime_operator.py for tasks to queue
[2024-10-11 15:22:07,119] {logging_mixin.py:115} INFO - [2024-10-11 15:22:07,119] {dagbag.py:507} INFO - Filling up the DagBag from /home/luan-capella/Documentos/curso_airflow/airflowalura/venv/lib/python3.9/site-packages/airflow/example_dags/example_branch_datetime_operator.py
[2024-10-11 15:22:07,126] {processor.py:651} INFO - DAG(s) dict_keys(['example_branch_datetime_operator_2']) retrieved from /home/luan-capella/Documentos/curso_airflow/airflowalura/venv/lib/python3.9/site-packages/airflow/example_dags/example_branch_datetime_operator.py
[2024-10-11 15:22:07,143] {logging_mixin.py:115} INFO - [2024-10-11 15:22:07,143] {dag.py:2379} INFO - Sync 1 DAGs
[2024-10-11 15:22:07,165] {logging_mixin.py:115} INFO - [2024-10-11 15:22:07,165] {dag.py:2927} INFO - Setting next_dagrun for example_branch_datetime_operator_2 to 2024-10-10T00:00:00+00:00, run_after=2024-10-11T00:00:00+00:00
[2024-10-11 15:22:07,190] {processor.py:161} INFO - Processing /home/luan-capella/Documentos/curso_airflow/airflowalura/venv/lib/python3.9/site-packages/airflow/example_dags/example_branch_datetime_operator.py took 0.078 seconds
