[2024-10-11 15:19:34,531] {processor.py:153} INFO - Started process (PID=41064) to work on /home/luan-capella/Documentos/curso_airflow/airflowalura/venv/lib/python3.9/site-packages/airflow/example_dags/example_task_group_decorator.py
[2024-10-11 15:19:34,533] {processor.py:641} INFO - Processing file /home/luan-capella/Documentos/curso_airflow/airflowalura/venv/lib/python3.9/site-packages/airflow/example_dags/example_task_group_decorator.py for tasks to queue
[2024-10-11 15:19:34,534] {logging_mixin.py:115} INFO - [2024-10-11 15:19:34,533] {dagbag.py:507} INFO - Filling up the DagBag from /home/luan-capella/Documentos/curso_airflow/airflowalura/venv/lib/python3.9/site-packages/airflow/example_dags/example_task_group_decorator.py
[2024-10-11 15:19:34,558] {processor.py:651} INFO - DAG(s) dict_keys(['example_task_group_decorator']) retrieved from /home/luan-capella/Documentos/curso_airflow/airflowalura/venv/lib/python3.9/site-packages/airflow/example_dags/example_task_group_decorator.py
[2024-10-11 15:19:34,632] {logging_mixin.py:115} INFO - [2024-10-11 15:19:34,632] {manager.py:508} INFO - Created Permission View: can edit on DAG:example_task_group_decorator
[2024-10-11 15:19:34,642] {logging_mixin.py:115} INFO - [2024-10-11 15:19:34,642] {manager.py:508} INFO - Created Permission View: can read on DAG:example_task_group_decorator
[2024-10-11 15:19:34,653] {logging_mixin.py:115} INFO - [2024-10-11 15:19:34,653] {manager.py:508} INFO - Created Permission View: can delete on DAG:example_task_group_decorator
[2024-10-11 15:19:34,653] {logging_mixin.py:115} INFO - [2024-10-11 15:19:34,653] {dag.py:2379} INFO - Sync 1 DAGs
[2024-10-11 15:19:34,659] {logging_mixin.py:115} INFO - [2024-10-11 15:19:34,659] {dag.py:2398} INFO - Creating ORM DAG for example_task_group_decorator
[2024-10-11 15:19:34,665] {logging_mixin.py:115} INFO - [2024-10-11 15:19:34,665] {dag.py:2927} INFO - Setting next_dagrun for example_task_group_decorator to 2024-10-10T18:19:34.665486+00:00, run_after=2024-10-11T18:19:34.665486+00:00
[2024-10-11 15:19:34,681] {processor.py:161} INFO - Processing /home/luan-capella/Documentos/curso_airflow/airflowalura/venv/lib/python3.9/site-packages/airflow/example_dags/example_task_group_decorator.py took 0.155 seconds
[2024-10-11 15:20:09,813] {processor.py:153} INFO - Started process (PID=41773) to work on /home/luan-capella/Documentos/curso_airflow/airflowalura/venv/lib/python3.9/site-packages/airflow/example_dags/example_task_group_decorator.py
[2024-10-11 15:20:09,814] {processor.py:641} INFO - Processing file /home/luan-capella/Documentos/curso_airflow/airflowalura/venv/lib/python3.9/site-packages/airflow/example_dags/example_task_group_decorator.py for tasks to queue
[2024-10-11 15:20:09,815] {logging_mixin.py:115} INFO - [2024-10-11 15:20:09,814] {dagbag.py:507} INFO - Filling up the DagBag from /home/luan-capella/Documentos/curso_airflow/airflowalura/venv/lib/python3.9/site-packages/airflow/example_dags/example_task_group_decorator.py
[2024-10-11 15:20:09,839] {processor.py:651} INFO - DAG(s) dict_keys(['example_task_group_decorator']) retrieved from /home/luan-capella/Documentos/curso_airflow/airflowalura/venv/lib/python3.9/site-packages/airflow/example_dags/example_task_group_decorator.py
[2024-10-11 15:20:09,882] {logging_mixin.py:115} INFO - [2024-10-11 15:20:09,882] {dag.py:2379} INFO - Sync 1 DAGs
[2024-10-11 15:20:09,897] {logging_mixin.py:115} INFO - [2024-10-11 15:20:09,897] {dag.py:2927} INFO - Setting next_dagrun for example_task_group_decorator to 2024-10-10T18:20:09.896856+00:00, run_after=2024-10-11T18:20:09.896856+00:00
[2024-10-11 15:20:09,926] {processor.py:161} INFO - Processing /home/luan-capella/Documentos/curso_airflow/airflowalura/venv/lib/python3.9/site-packages/airflow/example_dags/example_task_group_decorator.py took 0.118 seconds
[2024-10-11 15:20:43,414] {processor.py:153} INFO - Started process (PID=42506) to work on /home/luan-capella/Documentos/curso_airflow/airflowalura/venv/lib/python3.9/site-packages/airflow/example_dags/example_task_group_decorator.py
[2024-10-11 15:20:43,415] {processor.py:641} INFO - Processing file /home/luan-capella/Documentos/curso_airflow/airflowalura/venv/lib/python3.9/site-packages/airflow/example_dags/example_task_group_decorator.py for tasks to queue
[2024-10-11 15:20:43,416] {logging_mixin.py:115} INFO - [2024-10-11 15:20:43,416] {dagbag.py:507} INFO - Filling up the DagBag from /home/luan-capella/Documentos/curso_airflow/airflowalura/venv/lib/python3.9/site-packages/airflow/example_dags/example_task_group_decorator.py
[2024-10-11 15:20:43,440] {processor.py:651} INFO - DAG(s) dict_keys(['example_task_group_decorator']) retrieved from /home/luan-capella/Documentos/curso_airflow/airflowalura/venv/lib/python3.9/site-packages/airflow/example_dags/example_task_group_decorator.py
[2024-10-11 15:20:43,456] {logging_mixin.py:115} INFO - [2024-10-11 15:20:43,456] {dag.py:2379} INFO - Sync 1 DAGs
[2024-10-11 15:20:43,474] {logging_mixin.py:115} INFO - [2024-10-11 15:20:43,473] {dag.py:2927} INFO - Setting next_dagrun for example_task_group_decorator to 2024-10-10T18:20:43.473761+00:00, run_after=2024-10-11T18:20:43.473761+00:00
[2024-10-11 15:20:43,493] {processor.py:161} INFO - Processing /home/luan-capella/Documentos/curso_airflow/airflowalura/venv/lib/python3.9/site-packages/airflow/example_dags/example_task_group_decorator.py took 0.084 seconds
[2024-10-11 15:21:16,356] {processor.py:153} INFO - Started process (PID=43158) to work on /home/luan-capella/Documentos/curso_airflow/airflowalura/venv/lib/python3.9/site-packages/airflow/example_dags/example_task_group_decorator.py
[2024-10-11 15:21:16,357] {processor.py:641} INFO - Processing file /home/luan-capella/Documentos/curso_airflow/airflowalura/venv/lib/python3.9/site-packages/airflow/example_dags/example_task_group_decorator.py for tasks to queue
[2024-10-11 15:21:16,358] {logging_mixin.py:115} INFO - [2024-10-11 15:21:16,358] {dagbag.py:507} INFO - Filling up the DagBag from /home/luan-capella/Documentos/curso_airflow/airflowalura/venv/lib/python3.9/site-packages/airflow/example_dags/example_task_group_decorator.py
[2024-10-11 15:21:16,380] {processor.py:651} INFO - DAG(s) dict_keys(['example_task_group_decorator']) retrieved from /home/luan-capella/Documentos/curso_airflow/airflowalura/venv/lib/python3.9/site-packages/airflow/example_dags/example_task_group_decorator.py
[2024-10-11 15:21:16,421] {logging_mixin.py:115} INFO - [2024-10-11 15:21:16,421] {dag.py:2379} INFO - Sync 1 DAGs
[2024-10-11 15:21:16,433] {logging_mixin.py:115} INFO - [2024-10-11 15:21:16,433] {dag.py:2927} INFO - Setting next_dagrun for example_task_group_decorator to 2024-10-10T18:21:16.433288+00:00, run_after=2024-10-11T18:21:16.433288+00:00
[2024-10-11 15:21:16,449] {processor.py:161} INFO - Processing /home/luan-capella/Documentos/curso_airflow/airflowalura/venv/lib/python3.9/site-packages/airflow/example_dags/example_task_group_decorator.py took 0.098 seconds
[2024-10-11 15:21:49,378] {processor.py:153} INFO - Started process (PID=43798) to work on /home/luan-capella/Documentos/curso_airflow/airflowalura/venv/lib/python3.9/site-packages/airflow/example_dags/example_task_group_decorator.py
[2024-10-11 15:21:49,379] {processor.py:641} INFO - Processing file /home/luan-capella/Documentos/curso_airflow/airflowalura/venv/lib/python3.9/site-packages/airflow/example_dags/example_task_group_decorator.py for tasks to queue
[2024-10-11 15:21:49,379] {logging_mixin.py:115} INFO - [2024-10-11 15:21:49,379] {dagbag.py:507} INFO - Filling up the DagBag from /home/luan-capella/Documentos/curso_airflow/airflowalura/venv/lib/python3.9/site-packages/airflow/example_dags/example_task_group_decorator.py
[2024-10-11 15:21:49,400] {processor.py:651} INFO - DAG(s) dict_keys(['example_task_group_decorator']) retrieved from /home/luan-capella/Documentos/curso_airflow/airflowalura/venv/lib/python3.9/site-packages/airflow/example_dags/example_task_group_decorator.py
[2024-10-11 15:21:49,439] {logging_mixin.py:115} INFO - [2024-10-11 15:21:49,439] {dag.py:2379} INFO - Sync 1 DAGs
[2024-10-11 15:21:49,454] {logging_mixin.py:115} INFO - [2024-10-11 15:21:49,453] {dag.py:2927} INFO - Setting next_dagrun for example_task_group_decorator to 2024-10-10T18:21:49.453568+00:00, run_after=2024-10-11T18:21:49.453568+00:00
[2024-10-11 15:21:49,473] {processor.py:161} INFO - Processing /home/luan-capella/Documentos/curso_airflow/airflowalura/venv/lib/python3.9/site-packages/airflow/example_dags/example_task_group_decorator.py took 0.101 seconds
[2024-10-11 15:22:24,035] {processor.py:153} INFO - Started process (PID=44608) to work on /home/luan-capella/Documentos/curso_airflow/airflowalura/venv/lib/python3.9/site-packages/airflow/example_dags/example_task_group_decorator.py
[2024-10-11 15:22:24,036] {processor.py:641} INFO - Processing file /home/luan-capella/Documentos/curso_airflow/airflowalura/venv/lib/python3.9/site-packages/airflow/example_dags/example_task_group_decorator.py for tasks to queue
[2024-10-11 15:22:24,037] {logging_mixin.py:115} INFO - [2024-10-11 15:22:24,037] {dagbag.py:507} INFO - Filling up the DagBag from /home/luan-capella/Documentos/curso_airflow/airflowalura/venv/lib/python3.9/site-packages/airflow/example_dags/example_task_group_decorator.py
[2024-10-11 15:22:24,064] {processor.py:651} INFO - DAG(s) dict_keys(['example_task_group_decorator']) retrieved from /home/luan-capella/Documentos/curso_airflow/airflowalura/venv/lib/python3.9/site-packages/airflow/example_dags/example_task_group_decorator.py
[2024-10-11 15:22:24,108] {logging_mixin.py:115} INFO - [2024-10-11 15:22:24,108] {dag.py:2379} INFO - Sync 1 DAGs
[2024-10-11 15:22:24,122] {logging_mixin.py:115} INFO - [2024-10-11 15:22:24,122] {dag.py:2927} INFO - Setting next_dagrun for example_task_group_decorator to 2024-10-10T18:22:24.121949+00:00, run_after=2024-10-11T18:22:24.121949+00:00
[2024-10-11 15:22:24,157] {processor.py:161} INFO - Processing /home/luan-capella/Documentos/curso_airflow/airflowalura/venv/lib/python3.9/site-packages/airflow/example_dags/example_task_group_decorator.py took 0.126 seconds
