[2024-10-11 15:19:50,239] {processor.py:153} INFO - Started process (PID=41374) to work on /home/luan-capella/Documentos/curso_airflow/airflowalura/venv/lib/python3.9/site-packages/airflow/example_dags/example_latest_only_with_trigger.py
[2024-10-11 15:19:50,240] {processor.py:641} INFO - Processing file /home/luan-capella/Documentos/curso_airflow/airflowalura/venv/lib/python3.9/site-packages/airflow/example_dags/example_latest_only_with_trigger.py for tasks to queue
[2024-10-11 15:19:50,241] {logging_mixin.py:115} INFO - [2024-10-11 15:19:50,240] {dagbag.py:507} INFO - Filling up the DagBag from /home/luan-capella/Documentos/curso_airflow/airflowalura/venv/lib/python3.9/site-packages/airflow/example_dags/example_latest_only_with_trigger.py
[2024-10-11 15:19:50,248] {processor.py:651} INFO - DAG(s) dict_keys(['latest_only_with_trigger']) retrieved from /home/luan-capella/Documentos/curso_airflow/airflowalura/venv/lib/python3.9/site-packages/airflow/example_dags/example_latest_only_with_trigger.py
[2024-10-11 15:19:50,310] {logging_mixin.py:115} INFO - [2024-10-11 15:19:50,310] {manager.py:508} INFO - Created Permission View: can edit on DAG:latest_only_with_trigger
[2024-10-11 15:19:50,321] {logging_mixin.py:115} INFO - [2024-10-11 15:19:50,321] {manager.py:508} INFO - Created Permission View: can read on DAG:latest_only_with_trigger
[2024-10-11 15:19:50,331] {logging_mixin.py:115} INFO - [2024-10-11 15:19:50,331] {manager.py:508} INFO - Created Permission View: can delete on DAG:latest_only_with_trigger
[2024-10-11 15:19:50,331] {logging_mixin.py:115} INFO - [2024-10-11 15:19:50,331] {dag.py:2379} INFO - Sync 1 DAGs
[2024-10-11 15:19:50,338] {logging_mixin.py:115} INFO - [2024-10-11 15:19:50,338] {dag.py:2398} INFO - Creating ORM DAG for latest_only_with_trigger
[2024-10-11 15:19:50,346] {logging_mixin.py:115} INFO - [2024-10-11 15:19:50,346] {dag.py:2927} INFO - Setting next_dagrun for latest_only_with_trigger to 2024-10-11T14:19:50.346264+00:00, run_after=2024-10-11T18:19:50.346264+00:00
[2024-10-11 15:19:50,375] {processor.py:161} INFO - Processing /home/luan-capella/Documentos/curso_airflow/airflowalura/venv/lib/python3.9/site-packages/airflow/example_dags/example_latest_only_with_trigger.py took 0.142 seconds
[2024-10-11 15:20:24,427] {processor.py:153} INFO - Started process (PID=42140) to work on /home/luan-capella/Documentos/curso_airflow/airflowalura/venv/lib/python3.9/site-packages/airflow/example_dags/example_latest_only_with_trigger.py
[2024-10-11 15:20:24,428] {processor.py:641} INFO - Processing file /home/luan-capella/Documentos/curso_airflow/airflowalura/venv/lib/python3.9/site-packages/airflow/example_dags/example_latest_only_with_trigger.py for tasks to queue
[2024-10-11 15:20:24,429] {logging_mixin.py:115} INFO - [2024-10-11 15:20:24,429] {dagbag.py:507} INFO - Filling up the DagBag from /home/luan-capella/Documentos/curso_airflow/airflowalura/venv/lib/python3.9/site-packages/airflow/example_dags/example_latest_only_with_trigger.py
[2024-10-11 15:20:24,437] {processor.py:651} INFO - DAG(s) dict_keys(['latest_only_with_trigger']) retrieved from /home/luan-capella/Documentos/curso_airflow/airflowalura/venv/lib/python3.9/site-packages/airflow/example_dags/example_latest_only_with_trigger.py
[2024-10-11 15:20:24,455] {logging_mixin.py:115} INFO - [2024-10-11 15:20:24,455] {dag.py:2379} INFO - Sync 1 DAGs
[2024-10-11 15:20:24,474] {logging_mixin.py:115} INFO - [2024-10-11 15:20:24,473] {dag.py:2927} INFO - Setting next_dagrun for latest_only_with_trigger to 2024-10-11T14:20:24.473692+00:00, run_after=2024-10-11T18:20:24.473692+00:00
[2024-10-11 15:20:24,498] {processor.py:161} INFO - Processing /home/luan-capella/Documentos/curso_airflow/airflowalura/venv/lib/python3.9/site-packages/airflow/example_dags/example_latest_only_with_trigger.py took 0.076 seconds
[2024-10-11 15:20:56,636] {processor.py:153} INFO - Started process (PID=42764) to work on /home/luan-capella/Documentos/curso_airflow/airflowalura/venv/lib/python3.9/site-packages/airflow/example_dags/example_latest_only_with_trigger.py
[2024-10-11 15:20:56,638] {processor.py:641} INFO - Processing file /home/luan-capella/Documentos/curso_airflow/airflowalura/venv/lib/python3.9/site-packages/airflow/example_dags/example_latest_only_with_trigger.py for tasks to queue
[2024-10-11 15:20:56,638] {logging_mixin.py:115} INFO - [2024-10-11 15:20:56,638] {dagbag.py:507} INFO - Filling up the DagBag from /home/luan-capella/Documentos/curso_airflow/airflowalura/venv/lib/python3.9/site-packages/airflow/example_dags/example_latest_only_with_trigger.py
[2024-10-11 15:20:56,644] {processor.py:651} INFO - DAG(s) dict_keys(['latest_only_with_trigger']) retrieved from /home/luan-capella/Documentos/curso_airflow/airflowalura/venv/lib/python3.9/site-packages/airflow/example_dags/example_latest_only_with_trigger.py
[2024-10-11 15:20:56,659] {logging_mixin.py:115} INFO - [2024-10-11 15:20:56,659] {dag.py:2379} INFO - Sync 1 DAGs
[2024-10-11 15:20:56,674] {logging_mixin.py:115} INFO - [2024-10-11 15:20:56,674] {dag.py:2927} INFO - Setting next_dagrun for latest_only_with_trigger to 2024-10-11T14:20:56.674066+00:00, run_after=2024-10-11T18:20:56.674066+00:00
[2024-10-11 15:20:56,689] {processor.py:161} INFO - Processing /home/luan-capella/Documentos/curso_airflow/airflowalura/venv/lib/python3.9/site-packages/airflow/example_dags/example_latest_only_with_trigger.py took 0.058 seconds
[2024-10-11 15:21:32,804] {processor.py:153} INFO - Started process (PID=43474) to work on /home/luan-capella/Documentos/curso_airflow/airflowalura/venv/lib/python3.9/site-packages/airflow/example_dags/example_latest_only_with_trigger.py
[2024-10-11 15:21:32,805] {processor.py:641} INFO - Processing file /home/luan-capella/Documentos/curso_airflow/airflowalura/venv/lib/python3.9/site-packages/airflow/example_dags/example_latest_only_with_trigger.py for tasks to queue
[2024-10-11 15:21:32,806] {logging_mixin.py:115} INFO - [2024-10-11 15:21:32,806] {dagbag.py:507} INFO - Filling up the DagBag from /home/luan-capella/Documentos/curso_airflow/airflowalura/venv/lib/python3.9/site-packages/airflow/example_dags/example_latest_only_with_trigger.py
[2024-10-11 15:21:32,811] {processor.py:651} INFO - DAG(s) dict_keys(['latest_only_with_trigger']) retrieved from /home/luan-capella/Documentos/curso_airflow/airflowalura/venv/lib/python3.9/site-packages/airflow/example_dags/example_latest_only_with_trigger.py
[2024-10-11 15:21:32,827] {logging_mixin.py:115} INFO - [2024-10-11 15:21:32,827] {dag.py:2379} INFO - Sync 1 DAGs
[2024-10-11 15:21:32,842] {logging_mixin.py:115} INFO - [2024-10-11 15:21:32,842] {dag.py:2927} INFO - Setting next_dagrun for latest_only_with_trigger to 2024-10-11T14:21:32.842022+00:00, run_after=2024-10-11T18:21:32.842022+00:00
[2024-10-11 15:21:32,860] {processor.py:161} INFO - Processing /home/luan-capella/Documentos/curso_airflow/airflowalura/venv/lib/python3.9/site-packages/airflow/example_dags/example_latest_only_with_trigger.py took 0.062 seconds
[2024-10-11 15:22:04,975] {processor.py:153} INFO - Started process (PID=44234) to work on /home/luan-capella/Documentos/curso_airflow/airflowalura/venv/lib/python3.9/site-packages/airflow/example_dags/example_latest_only_with_trigger.py
[2024-10-11 15:22:04,976] {processor.py:641} INFO - Processing file /home/luan-capella/Documentos/curso_airflow/airflowalura/venv/lib/python3.9/site-packages/airflow/example_dags/example_latest_only_with_trigger.py for tasks to queue
[2024-10-11 15:22:04,976] {logging_mixin.py:115} INFO - [2024-10-11 15:22:04,976] {dagbag.py:507} INFO - Filling up the DagBag from /home/luan-capella/Documentos/curso_airflow/airflowalura/venv/lib/python3.9/site-packages/airflow/example_dags/example_latest_only_with_trigger.py
[2024-10-11 15:22:04,982] {processor.py:651} INFO - DAG(s) dict_keys(['latest_only_with_trigger']) retrieved from /home/luan-capella/Documentos/curso_airflow/airflowalura/venv/lib/python3.9/site-packages/airflow/example_dags/example_latest_only_with_trigger.py
[2024-10-11 15:22:04,997] {logging_mixin.py:115} INFO - [2024-10-11 15:22:04,997] {dag.py:2379} INFO - Sync 1 DAGs
[2024-10-11 15:22:05,011] {logging_mixin.py:115} INFO - [2024-10-11 15:22:05,011] {dag.py:2927} INFO - Setting next_dagrun for latest_only_with_trigger to 2024-10-11T14:22:05.010856+00:00, run_after=2024-10-11T18:22:05.010856+00:00
[2024-10-11 15:22:05,036] {processor.py:161} INFO - Processing /home/luan-capella/Documentos/curso_airflow/airflowalura/venv/lib/python3.9/site-packages/airflow/example_dags/example_latest_only_with_trigger.py took 0.064 seconds
