[2024-10-11 15:19:38,532] {processor.py:153} INFO - Started process (PID=41146) to work on /home/luan-capella/Documentos/curso_airflow/airflowalura/venv/lib/python3.9/site-packages/airflow/example_dags/example_sla_dag.py
[2024-10-11 15:19:38,532] {processor.py:641} INFO - Processing file /home/luan-capella/Documentos/curso_airflow/airflowalura/venv/lib/python3.9/site-packages/airflow/example_dags/example_sla_dag.py for tasks to queue
[2024-10-11 15:19:38,533] {logging_mixin.py:115} INFO - [2024-10-11 15:19:38,533] {dagbag.py:507} INFO - Filling up the DagBag from /home/luan-capella/Documentos/curso_airflow/airflowalura/venv/lib/python3.9/site-packages/airflow/example_dags/example_sla_dag.py
[2024-10-11 15:19:38,550] {processor.py:651} INFO - DAG(s) dict_keys(['example_sla_dag']) retrieved from /home/luan-capella/Documentos/curso_airflow/airflowalura/venv/lib/python3.9/site-packages/airflow/example_dags/example_sla_dag.py
[2024-10-11 15:19:38,611] {logging_mixin.py:115} INFO - [2024-10-11 15:19:38,611] {manager.py:508} INFO - Created Permission View: can edit on DAG:example_sla_dag
[2024-10-11 15:19:38,622] {logging_mixin.py:115} INFO - [2024-10-11 15:19:38,622] {manager.py:508} INFO - Created Permission View: can read on DAG:example_sla_dag
[2024-10-11 15:19:38,631] {logging_mixin.py:115} INFO - [2024-10-11 15:19:38,631] {manager.py:508} INFO - Created Permission View: can delete on DAG:example_sla_dag
[2024-10-11 15:19:38,631] {logging_mixin.py:115} INFO - [2024-10-11 15:19:38,631] {dag.py:2379} INFO - Sync 1 DAGs
[2024-10-11 15:19:38,639] {logging_mixin.py:115} INFO - [2024-10-11 15:19:38,639] {dag.py:2398} INFO - Creating ORM DAG for example_sla_dag
[2024-10-11 15:19:38,650] {logging_mixin.py:115} INFO - [2024-10-11 15:19:38,650] {dag.py:2927} INFO - Setting next_dagrun for example_sla_dag to 2024-10-11T18:16:00+00:00, run_after=2024-10-11T18:18:00+00:00
[2024-10-11 15:19:38,666] {processor.py:161} INFO - Processing /home/luan-capella/Documentos/curso_airflow/airflowalura/venv/lib/python3.9/site-packages/airflow/example_dags/example_sla_dag.py took 0.137 seconds
[2024-10-11 15:20:13,689] {processor.py:153} INFO - Started process (PID=41852) to work on /home/luan-capella/Documentos/curso_airflow/airflowalura/venv/lib/python3.9/site-packages/airflow/example_dags/example_sla_dag.py
[2024-10-11 15:20:13,690] {processor.py:641} INFO - Processing file /home/luan-capella/Documentos/curso_airflow/airflowalura/venv/lib/python3.9/site-packages/airflow/example_dags/example_sla_dag.py for tasks to queue
[2024-10-11 15:20:13,691] {logging_mixin.py:115} INFO - [2024-10-11 15:20:13,691] {dagbag.py:507} INFO - Filling up the DagBag from /home/luan-capella/Documentos/curso_airflow/airflowalura/venv/lib/python3.9/site-packages/airflow/example_dags/example_sla_dag.py
[2024-10-11 15:20:13,707] {processor.py:651} INFO - DAG(s) dict_keys(['example_sla_dag']) retrieved from /home/luan-capella/Documentos/curso_airflow/airflowalura/venv/lib/python3.9/site-packages/airflow/example_dags/example_sla_dag.py
[2024-10-11 15:20:13,721] {logging_mixin.py:115} INFO - [2024-10-11 15:20:13,721] {dag.py:2379} INFO - Sync 1 DAGs
[2024-10-11 15:20:13,740] {logging_mixin.py:115} INFO - [2024-10-11 15:20:13,740] {dag.py:2927} INFO - Setting next_dagrun for example_sla_dag to 2024-10-11T18:18:00+00:00, run_after=2024-10-11T18:20:00+00:00
[2024-10-11 15:20:13,752] {processor.py:161} INFO - Processing /home/luan-capella/Documentos/curso_airflow/airflowalura/venv/lib/python3.9/site-packages/airflow/example_dags/example_sla_dag.py took 0.068 seconds
[2024-10-11 15:20:46,271] {processor.py:153} INFO - Started process (PID=42562) to work on /home/luan-capella/Documentos/curso_airflow/airflowalura/venv/lib/python3.9/site-packages/airflow/example_dags/example_sla_dag.py
[2024-10-11 15:20:46,272] {processor.py:641} INFO - Processing file /home/luan-capella/Documentos/curso_airflow/airflowalura/venv/lib/python3.9/site-packages/airflow/example_dags/example_sla_dag.py for tasks to queue
[2024-10-11 15:20:46,273] {logging_mixin.py:115} INFO - [2024-10-11 15:20:46,272] {dagbag.py:507} INFO - Filling up the DagBag from /home/luan-capella/Documentos/curso_airflow/airflowalura/venv/lib/python3.9/site-packages/airflow/example_dags/example_sla_dag.py
[2024-10-11 15:20:46,291] {processor.py:651} INFO - DAG(s) dict_keys(['example_sla_dag']) retrieved from /home/luan-capella/Documentos/curso_airflow/airflowalura/venv/lib/python3.9/site-packages/airflow/example_dags/example_sla_dag.py
[2024-10-11 15:20:46,304] {logging_mixin.py:115} INFO - [2024-10-11 15:20:46,304] {dag.py:2379} INFO - Sync 1 DAGs
[2024-10-11 15:20:46,322] {logging_mixin.py:115} INFO - [2024-10-11 15:20:46,322] {dag.py:2927} INFO - Setting next_dagrun for example_sla_dag to 2024-10-11T18:18:00+00:00, run_after=2024-10-11T18:20:00+00:00
[2024-10-11 15:20:46,342] {processor.py:161} INFO - Processing /home/luan-capella/Documentos/curso_airflow/airflowalura/venv/lib/python3.9/site-packages/airflow/example_dags/example_sla_dag.py took 0.076 seconds
[2024-10-11 15:21:20,881] {processor.py:153} INFO - Started process (PID=43244) to work on /home/luan-capella/Documentos/curso_airflow/airflowalura/venv/lib/python3.9/site-packages/airflow/example_dags/example_sla_dag.py
[2024-10-11 15:21:20,882] {processor.py:641} INFO - Processing file /home/luan-capella/Documentos/curso_airflow/airflowalura/venv/lib/python3.9/site-packages/airflow/example_dags/example_sla_dag.py for tasks to queue
[2024-10-11 15:21:20,883] {logging_mixin.py:115} INFO - [2024-10-11 15:21:20,883] {dagbag.py:507} INFO - Filling up the DagBag from /home/luan-capella/Documentos/curso_airflow/airflowalura/venv/lib/python3.9/site-packages/airflow/example_dags/example_sla_dag.py
[2024-10-11 15:21:20,899] {processor.py:651} INFO - DAG(s) dict_keys(['example_sla_dag']) retrieved from /home/luan-capella/Documentos/curso_airflow/airflowalura/venv/lib/python3.9/site-packages/airflow/example_dags/example_sla_dag.py
[2024-10-11 15:21:20,912] {logging_mixin.py:115} INFO - [2024-10-11 15:21:20,912] {dag.py:2379} INFO - Sync 1 DAGs
[2024-10-11 15:21:20,931] {logging_mixin.py:115} INFO - [2024-10-11 15:21:20,931] {dag.py:2927} INFO - Setting next_dagrun for example_sla_dag to 2024-10-11T18:18:00+00:00, run_after=2024-10-11T18:20:00+00:00
[2024-10-11 15:21:20,946] {processor.py:161} INFO - Processing /home/luan-capella/Documentos/curso_airflow/airflowalura/venv/lib/python3.9/site-packages/airflow/example_dags/example_sla_dag.py took 0.070 seconds
[2024-10-11 15:21:53,369] {processor.py:153} INFO - Started process (PID=43874) to work on /home/luan-capella/Documentos/curso_airflow/airflowalura/venv/lib/python3.9/site-packages/airflow/example_dags/example_sla_dag.py
[2024-10-11 15:21:53,370] {processor.py:641} INFO - Processing file /home/luan-capella/Documentos/curso_airflow/airflowalura/venv/lib/python3.9/site-packages/airflow/example_dags/example_sla_dag.py for tasks to queue
[2024-10-11 15:21:53,370] {logging_mixin.py:115} INFO - [2024-10-11 15:21:53,370] {dagbag.py:507} INFO - Filling up the DagBag from /home/luan-capella/Documentos/curso_airflow/airflowalura/venv/lib/python3.9/site-packages/airflow/example_dags/example_sla_dag.py
[2024-10-11 15:21:53,385] {processor.py:651} INFO - DAG(s) dict_keys(['example_sla_dag']) retrieved from /home/luan-capella/Documentos/curso_airflow/airflowalura/venv/lib/python3.9/site-packages/airflow/example_dags/example_sla_dag.py
[2024-10-11 15:21:53,400] {logging_mixin.py:115} INFO - [2024-10-11 15:21:53,400] {dag.py:2379} INFO - Sync 1 DAGs
[2024-10-11 15:21:53,418] {logging_mixin.py:115} INFO - [2024-10-11 15:21:53,418] {dag.py:2927} INFO - Setting next_dagrun for example_sla_dag to 2024-10-11T18:18:00+00:00, run_after=2024-10-11T18:20:00+00:00
[2024-10-11 15:21:53,434] {processor.py:161} INFO - Processing /home/luan-capella/Documentos/curso_airflow/airflowalura/venv/lib/python3.9/site-packages/airflow/example_dags/example_sla_dag.py took 0.067 seconds
