[2024-10-11 15:19:48,610] {processor.py:153} INFO - Started process (PID=41342) to work on /home/luan-capella/Documentos/curso_airflow/airflowalura/venv/lib/python3.9/site-packages/airflow/example_dags/example_dag_decorator.py
[2024-10-11 15:19:48,611] {processor.py:641} INFO - Processing file /home/luan-capella/Documentos/curso_airflow/airflowalura/venv/lib/python3.9/site-packages/airflow/example_dags/example_dag_decorator.py for tasks to queue
[2024-10-11 15:19:48,612] {logging_mixin.py:115} INFO - [2024-10-11 15:19:48,612] {dagbag.py:507} INFO - Filling up the DagBag from /home/luan-capella/Documentos/curso_airflow/airflowalura/venv/lib/python3.9/site-packages/airflow/example_dags/example_dag_decorator.py
[2024-10-11 15:19:48,637] {processor.py:651} INFO - DAG(s) dict_keys(['example_dag_decorator']) retrieved from /home/luan-capella/Documentos/curso_airflow/airflowalura/venv/lib/python3.9/site-packages/airflow/example_dags/example_dag_decorator.py
[2024-10-11 15:19:48,695] {logging_mixin.py:115} INFO - [2024-10-11 15:19:48,695] {manager.py:508} INFO - Created Permission View: can edit on DAG:example_dag_decorator
[2024-10-11 15:19:48,706] {logging_mixin.py:115} INFO - [2024-10-11 15:19:48,706] {manager.py:508} INFO - Created Permission View: can read on DAG:example_dag_decorator
[2024-10-11 15:19:48,715] {logging_mixin.py:115} INFO - [2024-10-11 15:19:48,715] {manager.py:508} INFO - Created Permission View: can delete on DAG:example_dag_decorator
[2024-10-11 15:19:48,715] {logging_mixin.py:115} INFO - [2024-10-11 15:19:48,715] {dag.py:2379} INFO - Sync 1 DAGs
[2024-10-11 15:19:48,721] {logging_mixin.py:115} INFO - [2024-10-11 15:19:48,721] {dag.py:2398} INFO - Creating ORM DAG for example_dag_decorator
[2024-10-11 15:19:48,729] {logging_mixin.py:115} INFO - [2024-10-11 15:19:48,728] {dag.py:2927} INFO - Setting next_dagrun for example_dag_decorator to None, run_after=None
[2024-10-11 15:19:48,748] {processor.py:161} INFO - Processing /home/luan-capella/Documentos/curso_airflow/airflowalura/venv/lib/python3.9/site-packages/airflow/example_dags/example_dag_decorator.py took 0.142 seconds
[2024-10-11 15:20:22,879] {processor.py:153} INFO - Started process (PID=42109) to work on /home/luan-capella/Documentos/curso_airflow/airflowalura/venv/lib/python3.9/site-packages/airflow/example_dags/example_dag_decorator.py
[2024-10-11 15:20:22,880] {processor.py:641} INFO - Processing file /home/luan-capella/Documentos/curso_airflow/airflowalura/venv/lib/python3.9/site-packages/airflow/example_dags/example_dag_decorator.py for tasks to queue
[2024-10-11 15:20:22,881] {logging_mixin.py:115} INFO - [2024-10-11 15:20:22,881] {dagbag.py:507} INFO - Filling up the DagBag from /home/luan-capella/Documentos/curso_airflow/airflowalura/venv/lib/python3.9/site-packages/airflow/example_dags/example_dag_decorator.py
[2024-10-11 15:20:22,912] {processor.py:651} INFO - DAG(s) dict_keys(['example_dag_decorator']) retrieved from /home/luan-capella/Documentos/curso_airflow/airflowalura/venv/lib/python3.9/site-packages/airflow/example_dags/example_dag_decorator.py
[2024-10-11 15:20:22,954] {logging_mixin.py:115} INFO - [2024-10-11 15:20:22,954] {dag.py:2379} INFO - Sync 1 DAGs
[2024-10-11 15:20:22,966] {logging_mixin.py:115} INFO - [2024-10-11 15:20:22,966] {dag.py:2927} INFO - Setting next_dagrun for example_dag_decorator to None, run_after=None
[2024-10-11 15:20:22,994] {processor.py:161} INFO - Processing /home/luan-capella/Documentos/curso_airflow/airflowalura/venv/lib/python3.9/site-packages/airflow/example_dags/example_dag_decorator.py took 0.121 seconds
[2024-10-11 15:20:54,886] {processor.py:153} INFO - Started process (PID=42730) to work on /home/luan-capella/Documentos/curso_airflow/airflowalura/venv/lib/python3.9/site-packages/airflow/example_dags/example_dag_decorator.py
[2024-10-11 15:20:54,887] {processor.py:641} INFO - Processing file /home/luan-capella/Documentos/curso_airflow/airflowalura/venv/lib/python3.9/site-packages/airflow/example_dags/example_dag_decorator.py for tasks to queue
[2024-10-11 15:20:54,887] {logging_mixin.py:115} INFO - [2024-10-11 15:20:54,887] {dagbag.py:507} INFO - Filling up the DagBag from /home/luan-capella/Documentos/curso_airflow/airflowalura/venv/lib/python3.9/site-packages/airflow/example_dags/example_dag_decorator.py
[2024-10-11 15:20:54,908] {processor.py:651} INFO - DAG(s) dict_keys(['example_dag_decorator']) retrieved from /home/luan-capella/Documentos/curso_airflow/airflowalura/venv/lib/python3.9/site-packages/airflow/example_dags/example_dag_decorator.py
[2024-10-11 15:20:54,922] {logging_mixin.py:115} INFO - [2024-10-11 15:20:54,922] {dag.py:2379} INFO - Sync 1 DAGs
[2024-10-11 15:20:54,949] {logging_mixin.py:115} INFO - [2024-10-11 15:20:54,949] {dag.py:2927} INFO - Setting next_dagrun for example_dag_decorator to None, run_after=None
[2024-10-11 15:20:54,964] {processor.py:161} INFO - Processing /home/luan-capella/Documentos/curso_airflow/airflowalura/venv/lib/python3.9/site-packages/airflow/example_dags/example_dag_decorator.py took 0.084 seconds
[2024-10-11 15:21:29,951] {processor.py:153} INFO - Started process (PID=43419) to work on /home/luan-capella/Documentos/curso_airflow/airflowalura/venv/lib/python3.9/site-packages/airflow/example_dags/example_dag_decorator.py
[2024-10-11 15:21:29,952] {processor.py:641} INFO - Processing file /home/luan-capella/Documentos/curso_airflow/airflowalura/venv/lib/python3.9/site-packages/airflow/example_dags/example_dag_decorator.py for tasks to queue
[2024-10-11 15:21:29,953] {logging_mixin.py:115} INFO - [2024-10-11 15:21:29,953] {dagbag.py:507} INFO - Filling up the DagBag from /home/luan-capella/Documentos/curso_airflow/airflowalura/venv/lib/python3.9/site-packages/airflow/example_dags/example_dag_decorator.py
[2024-10-11 15:21:29,975] {processor.py:651} INFO - DAG(s) dict_keys(['example_dag_decorator']) retrieved from /home/luan-capella/Documentos/curso_airflow/airflowalura/venv/lib/python3.9/site-packages/airflow/example_dags/example_dag_decorator.py
[2024-10-11 15:21:30,014] {logging_mixin.py:115} INFO - [2024-10-11 15:21:30,013] {dag.py:2379} INFO - Sync 1 DAGs
[2024-10-11 15:21:30,027] {logging_mixin.py:115} INFO - [2024-10-11 15:21:30,027] {dag.py:2927} INFO - Setting next_dagrun for example_dag_decorator to None, run_after=None
[2024-10-11 15:21:30,043] {processor.py:161} INFO - Processing /home/luan-capella/Documentos/curso_airflow/airflowalura/venv/lib/python3.9/site-packages/airflow/example_dags/example_dag_decorator.py took 0.097 seconds
[2024-10-11 15:22:02,116] {processor.py:153} INFO - Started process (PID=44136) to work on /home/luan-capella/Documentos/curso_airflow/airflowalura/venv/lib/python3.9/site-packages/airflow/example_dags/example_dag_decorator.py
[2024-10-11 15:22:02,117] {processor.py:641} INFO - Processing file /home/luan-capella/Documentos/curso_airflow/airflowalura/venv/lib/python3.9/site-packages/airflow/example_dags/example_dag_decorator.py for tasks to queue
[2024-10-11 15:22:02,117] {logging_mixin.py:115} INFO - [2024-10-11 15:22:02,117] {dagbag.py:507} INFO - Filling up the DagBag from /home/luan-capella/Documentos/curso_airflow/airflowalura/venv/lib/python3.9/site-packages/airflow/example_dags/example_dag_decorator.py
[2024-10-11 15:22:02,142] {processor.py:651} INFO - DAG(s) dict_keys(['example_dag_decorator']) retrieved from /home/luan-capella/Documentos/curso_airflow/airflowalura/venv/lib/python3.9/site-packages/airflow/example_dags/example_dag_decorator.py
[2024-10-11 15:22:02,187] {logging_mixin.py:115} INFO - [2024-10-11 15:22:02,187] {dag.py:2379} INFO - Sync 1 DAGs
[2024-10-11 15:22:02,202] {logging_mixin.py:115} INFO - [2024-10-11 15:22:02,202] {dag.py:2927} INFO - Setting next_dagrun for example_dag_decorator to None, run_after=None
[2024-10-11 15:22:02,221] {processor.py:161} INFO - Processing /home/luan-capella/Documentos/curso_airflow/airflowalura/venv/lib/python3.9/site-packages/airflow/example_dags/example_dag_decorator.py took 0.108 seconds
