[2024-10-11 15:19:42,297] {processor.py:153} INFO - Started process (PID=41219) to work on /home/luan-capella/Documentos/curso_airflow/airflowalura/venv/lib/python3.9/site-packages/airflow/example_dags/example_python_operator.py
[2024-10-11 15:19:42,298] {processor.py:641} INFO - Processing file /home/luan-capella/Documentos/curso_airflow/airflowalura/venv/lib/python3.9/site-packages/airflow/example_dags/example_python_operator.py for tasks to queue
[2024-10-11 15:19:42,299] {logging_mixin.py:115} INFO - [2024-10-11 15:19:42,299] {dagbag.py:507} INFO - Filling up the DagBag from /home/luan-capella/Documentos/curso_airflow/airflowalura/venv/lib/python3.9/site-packages/airflow/example_dags/example_python_operator.py
[2024-10-11 15:19:42,318] {logging_mixin.py:115} INFO - [2024-10-11 15:19:42,318] {example_python_operator.py:68} WARNING - The virtalenv_python example task requires virtualenv, please install it.
[2024-10-11 15:19:42,319] {processor.py:651} INFO - DAG(s) dict_keys(['example_python_operator']) retrieved from /home/luan-capella/Documentos/curso_airflow/airflowalura/venv/lib/python3.9/site-packages/airflow/example_dags/example_python_operator.py
[2024-10-11 15:19:42,383] {logging_mixin.py:115} INFO - [2024-10-11 15:19:42,383] {manager.py:508} INFO - Created Permission View: can edit on DAG:example_python_operator
[2024-10-11 15:19:42,394] {logging_mixin.py:115} INFO - [2024-10-11 15:19:42,394] {manager.py:508} INFO - Created Permission View: can read on DAG:example_python_operator
[2024-10-11 15:19:42,404] {logging_mixin.py:115} INFO - [2024-10-11 15:19:42,404] {manager.py:508} INFO - Created Permission View: can delete on DAG:example_python_operator
[2024-10-11 15:19:42,404] {logging_mixin.py:115} INFO - [2024-10-11 15:19:42,404] {dag.py:2379} INFO - Sync 1 DAGs
[2024-10-11 15:19:42,411] {logging_mixin.py:115} INFO - [2024-10-11 15:19:42,411] {dag.py:2398} INFO - Creating ORM DAG for example_python_operator
[2024-10-11 15:19:42,420] {logging_mixin.py:115} INFO - [2024-10-11 15:19:42,419] {dag.py:2927} INFO - Setting next_dagrun for example_python_operator to None, run_after=None
[2024-10-11 15:19:42,438] {processor.py:161} INFO - Processing /home/luan-capella/Documentos/curso_airflow/airflowalura/venv/lib/python3.9/site-packages/airflow/example_dags/example_python_operator.py took 0.147 seconds
[2024-10-11 15:20:16,576] {processor.py:153} INFO - Started process (PID=41943) to work on /home/luan-capella/Documentos/curso_airflow/airflowalura/venv/lib/python3.9/site-packages/airflow/example_dags/example_python_operator.py
[2024-10-11 15:20:16,577] {processor.py:641} INFO - Processing file /home/luan-capella/Documentos/curso_airflow/airflowalura/venv/lib/python3.9/site-packages/airflow/example_dags/example_python_operator.py for tasks to queue
[2024-10-11 15:20:16,578] {logging_mixin.py:115} INFO - [2024-10-11 15:20:16,578] {dagbag.py:507} INFO - Filling up the DagBag from /home/luan-capella/Documentos/curso_airflow/airflowalura/venv/lib/python3.9/site-packages/airflow/example_dags/example_python_operator.py
[2024-10-11 15:20:16,594] {logging_mixin.py:115} INFO - [2024-10-11 15:20:16,594] {example_python_operator.py:68} WARNING - The virtalenv_python example task requires virtualenv, please install it.
[2024-10-11 15:20:16,595] {processor.py:651} INFO - DAG(s) dict_keys(['example_python_operator']) retrieved from /home/luan-capella/Documentos/curso_airflow/airflowalura/venv/lib/python3.9/site-packages/airflow/example_dags/example_python_operator.py
[2024-10-11 15:20:16,610] {logging_mixin.py:115} INFO - [2024-10-11 15:20:16,609] {dag.py:2379} INFO - Sync 1 DAGs
[2024-10-11 15:20:16,628] {logging_mixin.py:115} INFO - [2024-10-11 15:20:16,628] {dag.py:2927} INFO - Setting next_dagrun for example_python_operator to None, run_after=None
[2024-10-11 15:20:16,643] {processor.py:161} INFO - Processing /home/luan-capella/Documentos/curso_airflow/airflowalura/venv/lib/python3.9/site-packages/airflow/example_dags/example_python_operator.py took 0.071 seconds
[2024-10-11 15:20:49,749] {processor.py:153} INFO - Started process (PID=42626) to work on /home/luan-capella/Documentos/curso_airflow/airflowalura/venv/lib/python3.9/site-packages/airflow/example_dags/example_python_operator.py
[2024-10-11 15:20:49,751] {processor.py:641} INFO - Processing file /home/luan-capella/Documentos/curso_airflow/airflowalura/venv/lib/python3.9/site-packages/airflow/example_dags/example_python_operator.py for tasks to queue
[2024-10-11 15:20:49,752] {logging_mixin.py:115} INFO - [2024-10-11 15:20:49,752] {dagbag.py:507} INFO - Filling up the DagBag from /home/luan-capella/Documentos/curso_airflow/airflowalura/venv/lib/python3.9/site-packages/airflow/example_dags/example_python_operator.py
[2024-10-11 15:20:49,770] {logging_mixin.py:115} INFO - [2024-10-11 15:20:49,770] {example_python_operator.py:68} WARNING - The virtalenv_python example task requires virtualenv, please install it.
[2024-10-11 15:20:49,770] {processor.py:651} INFO - DAG(s) dict_keys(['example_python_operator']) retrieved from /home/luan-capella/Documentos/curso_airflow/airflowalura/venv/lib/python3.9/site-packages/airflow/example_dags/example_python_operator.py
[2024-10-11 15:20:49,784] {logging_mixin.py:115} INFO - [2024-10-11 15:20:49,784] {dag.py:2379} INFO - Sync 1 DAGs
[2024-10-11 15:20:49,800] {logging_mixin.py:115} INFO - [2024-10-11 15:20:49,800] {dag.py:2927} INFO - Setting next_dagrun for example_python_operator to None, run_after=None
[2024-10-11 15:20:49,837] {processor.py:161} INFO - Processing /home/luan-capella/Documentos/curso_airflow/airflowalura/venv/lib/python3.9/site-packages/airflow/example_dags/example_python_operator.py took 0.093 seconds
[2024-10-11 15:21:23,729] {processor.py:153} INFO - Started process (PID=43299) to work on /home/luan-capella/Documentos/curso_airflow/airflowalura/venv/lib/python3.9/site-packages/airflow/example_dags/example_python_operator.py
[2024-10-11 15:21:23,730] {processor.py:641} INFO - Processing file /home/luan-capella/Documentos/curso_airflow/airflowalura/venv/lib/python3.9/site-packages/airflow/example_dags/example_python_operator.py for tasks to queue
[2024-10-11 15:21:23,731] {logging_mixin.py:115} INFO - [2024-10-11 15:21:23,731] {dagbag.py:507} INFO - Filling up the DagBag from /home/luan-capella/Documentos/curso_airflow/airflowalura/venv/lib/python3.9/site-packages/airflow/example_dags/example_python_operator.py
[2024-10-11 15:21:23,749] {logging_mixin.py:115} INFO - [2024-10-11 15:21:23,749] {example_python_operator.py:68} WARNING - The virtalenv_python example task requires virtualenv, please install it.
[2024-10-11 15:21:23,749] {processor.py:651} INFO - DAG(s) dict_keys(['example_python_operator']) retrieved from /home/luan-capella/Documentos/curso_airflow/airflowalura/venv/lib/python3.9/site-packages/airflow/example_dags/example_python_operator.py
[2024-10-11 15:21:23,763] {logging_mixin.py:115} INFO - [2024-10-11 15:21:23,763] {dag.py:2379} INFO - Sync 1 DAGs
[2024-10-11 15:21:23,779] {logging_mixin.py:115} INFO - [2024-10-11 15:21:23,779] {dag.py:2927} INFO - Setting next_dagrun for example_python_operator to None, run_after=None
[2024-10-11 15:21:23,790] {processor.py:161} INFO - Processing /home/luan-capella/Documentos/curso_airflow/airflowalura/venv/lib/python3.9/site-packages/airflow/example_dags/example_python_operator.py took 0.065 seconds
[2024-10-11 15:21:55,801] {processor.py:153} INFO - Started process (PID=43924) to work on /home/luan-capella/Documentos/curso_airflow/airflowalura/venv/lib/python3.9/site-packages/airflow/example_dags/example_python_operator.py
[2024-10-11 15:21:55,802] {processor.py:641} INFO - Processing file /home/luan-capella/Documentos/curso_airflow/airflowalura/venv/lib/python3.9/site-packages/airflow/example_dags/example_python_operator.py for tasks to queue
[2024-10-11 15:21:55,802] {logging_mixin.py:115} INFO - [2024-10-11 15:21:55,802] {dagbag.py:507} INFO - Filling up the DagBag from /home/luan-capella/Documentos/curso_airflow/airflowalura/venv/lib/python3.9/site-packages/airflow/example_dags/example_python_operator.py
[2024-10-11 15:21:55,816] {logging_mixin.py:115} INFO - [2024-10-11 15:21:55,816] {example_python_operator.py:68} WARNING - The virtalenv_python example task requires virtualenv, please install it.
[2024-10-11 15:21:55,817] {processor.py:651} INFO - DAG(s) dict_keys(['example_python_operator']) retrieved from /home/luan-capella/Documentos/curso_airflow/airflowalura/venv/lib/python3.9/site-packages/airflow/example_dags/example_python_operator.py
[2024-10-11 15:21:55,830] {logging_mixin.py:115} INFO - [2024-10-11 15:21:55,830] {dag.py:2379} INFO - Sync 1 DAGs
[2024-10-11 15:21:55,847] {logging_mixin.py:115} INFO - [2024-10-11 15:21:55,847] {dag.py:2927} INFO - Setting next_dagrun for example_python_operator to None, run_after=None
[2024-10-11 15:21:55,860] {processor.py:161} INFO - Processing /home/luan-capella/Documentos/curso_airflow/airflowalura/venv/lib/python3.9/site-packages/airflow/example_dags/example_python_operator.py took 0.063 seconds
