[2024-10-11 15:19:57,072] {processor.py:153} INFO - Started process (PID=41508) to work on /home/luan-capella/Documentos/curso_airflow/airflowalura/venv/lib/python3.9/site-packages/airflow/example_dags/example_branch_day_of_week_operator.py
[2024-10-11 15:19:57,077] {processor.py:641} INFO - Processing file /home/luan-capella/Documentos/curso_airflow/airflowalura/venv/lib/python3.9/site-packages/airflow/example_dags/example_branch_day_of_week_operator.py for tasks to queue
[2024-10-11 15:19:57,077] {logging_mixin.py:115} INFO - [2024-10-11 15:19:57,077] {dagbag.py:507} INFO - Filling up the DagBag from /home/luan-capella/Documentos/curso_airflow/airflowalura/venv/lib/python3.9/site-packages/airflow/example_dags/example_branch_day_of_week_operator.py
[2024-10-11 15:19:57,085] {processor.py:651} INFO - DAG(s) dict_keys(['example_weekday_branch_operator']) retrieved from /home/luan-capella/Documentos/curso_airflow/airflowalura/venv/lib/python3.9/site-packages/airflow/example_dags/example_branch_day_of_week_operator.py
[2024-10-11 15:19:57,171] {logging_mixin.py:115} INFO - [2024-10-11 15:19:57,171] {manager.py:508} INFO - Created Permission View: can edit on DAG:example_weekday_branch_operator
[2024-10-11 15:19:57,183] {logging_mixin.py:115} INFO - [2024-10-11 15:19:57,183] {manager.py:508} INFO - Created Permission View: can read on DAG:example_weekday_branch_operator
[2024-10-11 15:19:57,208] {logging_mixin.py:115} INFO - [2024-10-11 15:19:57,208] {manager.py:508} INFO - Created Permission View: can delete on DAG:example_weekday_branch_operator
[2024-10-11 15:19:57,208] {logging_mixin.py:115} INFO - [2024-10-11 15:19:57,208] {dag.py:2379} INFO - Sync 1 DAGs
[2024-10-11 15:19:57,215] {logging_mixin.py:115} INFO - [2024-10-11 15:19:57,215] {dag.py:2398} INFO - Creating ORM DAG for example_weekday_branch_operator
[2024-10-11 15:19:57,227] {logging_mixin.py:115} INFO - [2024-10-11 15:19:57,227] {dag.py:2927} INFO - Setting next_dagrun for example_weekday_branch_operator to 2024-10-10T00:00:00+00:00, run_after=2024-10-11T00:00:00+00:00
[2024-10-11 15:19:57,255] {processor.py:161} INFO - Processing /home/luan-capella/Documentos/curso_airflow/airflowalura/venv/lib/python3.9/site-packages/airflow/example_dags/example_branch_day_of_week_operator.py took 0.187 seconds
[2024-10-11 15:20:34,223] {processor.py:153} INFO - Started process (PID=42327) to work on /home/luan-capella/Documentos/curso_airflow/airflowalura/venv/lib/python3.9/site-packages/airflow/example_dags/example_branch_day_of_week_operator.py
[2024-10-11 15:20:34,224] {processor.py:641} INFO - Processing file /home/luan-capella/Documentos/curso_airflow/airflowalura/venv/lib/python3.9/site-packages/airflow/example_dags/example_branch_day_of_week_operator.py for tasks to queue
[2024-10-11 15:20:34,224] {logging_mixin.py:115} INFO - [2024-10-11 15:20:34,224] {dagbag.py:507} INFO - Filling up the DagBag from /home/luan-capella/Documentos/curso_airflow/airflowalura/venv/lib/python3.9/site-packages/airflow/example_dags/example_branch_day_of_week_operator.py
[2024-10-11 15:20:34,232] {processor.py:651} INFO - DAG(s) dict_keys(['example_weekday_branch_operator']) retrieved from /home/luan-capella/Documentos/curso_airflow/airflowalura/venv/lib/python3.9/site-packages/airflow/example_dags/example_branch_day_of_week_operator.py
[2024-10-11 15:20:34,246] {logging_mixin.py:115} INFO - [2024-10-11 15:20:34,246] {dag.py:2379} INFO - Sync 1 DAGs
[2024-10-11 15:20:34,263] {logging_mixin.py:115} INFO - [2024-10-11 15:20:34,263] {dag.py:2927} INFO - Setting next_dagrun for example_weekday_branch_operator to 2024-10-10T00:00:00+00:00, run_after=2024-10-11T00:00:00+00:00
[2024-10-11 15:20:34,280] {processor.py:161} INFO - Processing /home/luan-capella/Documentos/curso_airflow/airflowalura/venv/lib/python3.9/site-packages/airflow/example_dags/example_branch_day_of_week_operator.py took 0.059 seconds
[2024-10-11 15:21:08,131] {processor.py:153} INFO - Started process (PID=42983) to work on /home/luan-capella/Documentos/curso_airflow/airflowalura/venv/lib/python3.9/site-packages/airflow/example_dags/example_branch_day_of_week_operator.py
[2024-10-11 15:21:08,132] {processor.py:641} INFO - Processing file /home/luan-capella/Documentos/curso_airflow/airflowalura/venv/lib/python3.9/site-packages/airflow/example_dags/example_branch_day_of_week_operator.py for tasks to queue
[2024-10-11 15:21:08,132] {logging_mixin.py:115} INFO - [2024-10-11 15:21:08,132] {dagbag.py:507} INFO - Filling up the DagBag from /home/luan-capella/Documentos/curso_airflow/airflowalura/venv/lib/python3.9/site-packages/airflow/example_dags/example_branch_day_of_week_operator.py
[2024-10-11 15:21:08,140] {processor.py:651} INFO - DAG(s) dict_keys(['example_weekday_branch_operator']) retrieved from /home/luan-capella/Documentos/curso_airflow/airflowalura/venv/lib/python3.9/site-packages/airflow/example_dags/example_branch_day_of_week_operator.py
[2024-10-11 15:21:08,153] {logging_mixin.py:115} INFO - [2024-10-11 15:21:08,153] {dag.py:2379} INFO - Sync 1 DAGs
[2024-10-11 15:21:08,168] {logging_mixin.py:115} INFO - [2024-10-11 15:21:08,168] {dag.py:2927} INFO - Setting next_dagrun for example_weekday_branch_operator to 2024-10-10T00:00:00+00:00, run_after=2024-10-11T00:00:00+00:00
[2024-10-11 15:21:08,184] {processor.py:161} INFO - Processing /home/luan-capella/Documentos/curso_airflow/airflowalura/venv/lib/python3.9/site-packages/airflow/example_dags/example_branch_day_of_week_operator.py took 0.057 seconds
[2024-10-11 15:21:44,219] {processor.py:153} INFO - Started process (PID=43700) to work on /home/luan-capella/Documentos/curso_airflow/airflowalura/venv/lib/python3.9/site-packages/airflow/example_dags/example_branch_day_of_week_operator.py
[2024-10-11 15:21:44,220] {processor.py:641} INFO - Processing file /home/luan-capella/Documentos/curso_airflow/airflowalura/venv/lib/python3.9/site-packages/airflow/example_dags/example_branch_day_of_week_operator.py for tasks to queue
[2024-10-11 15:21:44,221] {logging_mixin.py:115} INFO - [2024-10-11 15:21:44,221] {dagbag.py:507} INFO - Filling up the DagBag from /home/luan-capella/Documentos/curso_airflow/airflowalura/venv/lib/python3.9/site-packages/airflow/example_dags/example_branch_day_of_week_operator.py
[2024-10-11 15:21:44,230] {processor.py:651} INFO - DAG(s) dict_keys(['example_weekday_branch_operator']) retrieved from /home/luan-capella/Documentos/curso_airflow/airflowalura/venv/lib/python3.9/site-packages/airflow/example_dags/example_branch_day_of_week_operator.py
[2024-10-11 15:21:44,243] {logging_mixin.py:115} INFO - [2024-10-11 15:21:44,243] {dag.py:2379} INFO - Sync 1 DAGs
[2024-10-11 15:21:44,259] {logging_mixin.py:115} INFO - [2024-10-11 15:21:44,259] {dag.py:2927} INFO - Setting next_dagrun for example_weekday_branch_operator to 2024-10-10T00:00:00+00:00, run_after=2024-10-11T00:00:00+00:00
[2024-10-11 15:21:44,273] {processor.py:161} INFO - Processing /home/luan-capella/Documentos/curso_airflow/airflowalura/venv/lib/python3.9/site-packages/airflow/example_dags/example_branch_day_of_week_operator.py took 0.058 seconds
[2024-10-11 15:22:18,410] {processor.py:153} INFO - Started process (PID=44502) to work on /home/luan-capella/Documentos/curso_airflow/airflowalura/venv/lib/python3.9/site-packages/airflow/example_dags/example_branch_day_of_week_operator.py
[2024-10-11 15:22:18,411] {processor.py:641} INFO - Processing file /home/luan-capella/Documentos/curso_airflow/airflowalura/venv/lib/python3.9/site-packages/airflow/example_dags/example_branch_day_of_week_operator.py for tasks to queue
[2024-10-11 15:22:18,411] {logging_mixin.py:115} INFO - [2024-10-11 15:22:18,411] {dagbag.py:507} INFO - Filling up the DagBag from /home/luan-capella/Documentos/curso_airflow/airflowalura/venv/lib/python3.9/site-packages/airflow/example_dags/example_branch_day_of_week_operator.py
[2024-10-11 15:22:18,423] {processor.py:651} INFO - DAG(s) dict_keys(['example_weekday_branch_operator']) retrieved from /home/luan-capella/Documentos/curso_airflow/airflowalura/venv/lib/python3.9/site-packages/airflow/example_dags/example_branch_day_of_week_operator.py
[2024-10-11 15:22:18,437] {logging_mixin.py:115} INFO - [2024-10-11 15:22:18,437] {dag.py:2379} INFO - Sync 1 DAGs
[2024-10-11 15:22:18,453] {logging_mixin.py:115} INFO - [2024-10-11 15:22:18,453] {dag.py:2927} INFO - Setting next_dagrun for example_weekday_branch_operator to 2024-10-10T00:00:00+00:00, run_after=2024-10-11T00:00:00+00:00
[2024-10-11 15:22:18,478] {processor.py:161} INFO - Processing /home/luan-capella/Documentos/curso_airflow/airflowalura/venv/lib/python3.9/site-packages/airflow/example_dags/example_branch_day_of_week_operator.py took 0.071 seconds
