[2024-10-11 15:19:54,240] {processor.py:153} INFO - Started process (PID=41450) to work on /home/luan-capella/Documentos/curso_airflow/airflowalura/venv/lib/python3.9/site-packages/airflow/example_dags/example_branch_python_dop_operator_3.py
[2024-10-11 15:19:54,241] {processor.py:641} INFO - Processing file /home/luan-capella/Documentos/curso_airflow/airflowalura/venv/lib/python3.9/site-packages/airflow/example_dags/example_branch_python_dop_operator_3.py for tasks to queue
[2024-10-11 15:19:54,242] {logging_mixin.py:115} INFO - [2024-10-11 15:19:54,242] {dagbag.py:507} INFO - Filling up the DagBag from /home/luan-capella/Documentos/curso_airflow/airflowalura/venv/lib/python3.9/site-packages/airflow/example_dags/example_branch_python_dop_operator_3.py
[2024-10-11 15:19:54,252] {processor.py:651} INFO - DAG(s) dict_keys(['example_branch_dop_operator_v3']) retrieved from /home/luan-capella/Documentos/curso_airflow/airflowalura/venv/lib/python3.9/site-packages/airflow/example_dags/example_branch_python_dop_operator_3.py
[2024-10-11 15:19:54,429] {logging_mixin.py:115} INFO - [2024-10-11 15:19:54,428] {manager.py:508} INFO - Created Permission View: can edit on DAG:example_branch_dop_operator_v3
[2024-10-11 15:19:54,472] {logging_mixin.py:115} INFO - [2024-10-11 15:19:54,471] {manager.py:508} INFO - Created Permission View: can read on DAG:example_branch_dop_operator_v3
[2024-10-11 15:19:54,549] {logging_mixin.py:115} INFO - [2024-10-11 15:19:54,549] {manager.py:508} INFO - Created Permission View: can delete on DAG:example_branch_dop_operator_v3
[2024-10-11 15:19:54,552] {logging_mixin.py:115} INFO - [2024-10-11 15:19:54,552] {dag.py:2379} INFO - Sync 1 DAGs
[2024-10-11 15:19:54,570] {logging_mixin.py:115} INFO - [2024-10-11 15:19:54,570] {dag.py:2398} INFO - Creating ORM DAG for example_branch_dop_operator_v3
[2024-10-11 15:19:54,588] {logging_mixin.py:115} INFO - [2024-10-11 15:19:54,588] {dag.py:2927} INFO - Setting next_dagrun for example_branch_dop_operator_v3 to 2024-10-11T18:18:00+00:00, run_after=2024-10-11T18:19:00+00:00
[2024-10-11 15:19:54,637] {processor.py:161} INFO - Processing /home/luan-capella/Documentos/curso_airflow/airflowalura/venv/lib/python3.9/site-packages/airflow/example_dags/example_branch_python_dop_operator_3.py took 0.403 seconds
[2024-10-11 15:20:30,203] {processor.py:153} INFO - Started process (PID=42251) to work on /home/luan-capella/Documentos/curso_airflow/airflowalura/venv/lib/python3.9/site-packages/airflow/example_dags/example_branch_python_dop_operator_3.py
[2024-10-11 15:20:30,204] {processor.py:641} INFO - Processing file /home/luan-capella/Documentos/curso_airflow/airflowalura/venv/lib/python3.9/site-packages/airflow/example_dags/example_branch_python_dop_operator_3.py for tasks to queue
[2024-10-11 15:20:30,205] {logging_mixin.py:115} INFO - [2024-10-11 15:20:30,205] {dagbag.py:507} INFO - Filling up the DagBag from /home/luan-capella/Documentos/curso_airflow/airflowalura/venv/lib/python3.9/site-packages/airflow/example_dags/example_branch_python_dop_operator_3.py
[2024-10-11 15:20:30,212] {processor.py:651} INFO - DAG(s) dict_keys(['example_branch_dop_operator_v3']) retrieved from /home/luan-capella/Documentos/curso_airflow/airflowalura/venv/lib/python3.9/site-packages/airflow/example_dags/example_branch_python_dop_operator_3.py
[2024-10-11 15:20:30,226] {logging_mixin.py:115} INFO - [2024-10-11 15:20:30,226] {dag.py:2379} INFO - Sync 1 DAGs
[2024-10-11 15:20:30,246] {logging_mixin.py:115} INFO - [2024-10-11 15:20:30,246] {dag.py:2927} INFO - Setting next_dagrun for example_branch_dop_operator_v3 to 2024-10-11T18:19:00+00:00, run_after=2024-10-11T18:20:00+00:00
[2024-10-11 15:20:30,260] {processor.py:161} INFO - Processing /home/luan-capella/Documentos/curso_airflow/airflowalura/venv/lib/python3.9/site-packages/airflow/example_dags/example_branch_python_dop_operator_3.py took 0.061 seconds
[2024-10-11 15:21:02,966] {processor.py:153} INFO - Started process (PID=42886) to work on /home/luan-capella/Documentos/curso_airflow/airflowalura/venv/lib/python3.9/site-packages/airflow/example_dags/example_branch_python_dop_operator_3.py
[2024-10-11 15:21:02,968] {processor.py:641} INFO - Processing file /home/luan-capella/Documentos/curso_airflow/airflowalura/venv/lib/python3.9/site-packages/airflow/example_dags/example_branch_python_dop_operator_3.py for tasks to queue
[2024-10-11 15:21:02,969] {logging_mixin.py:115} INFO - [2024-10-11 15:21:02,968] {dagbag.py:507} INFO - Filling up the DagBag from /home/luan-capella/Documentos/curso_airflow/airflowalura/venv/lib/python3.9/site-packages/airflow/example_dags/example_branch_python_dop_operator_3.py
[2024-10-11 15:21:02,980] {processor.py:651} INFO - DAG(s) dict_keys(['example_branch_dop_operator_v3']) retrieved from /home/luan-capella/Documentos/curso_airflow/airflowalura/venv/lib/python3.9/site-packages/airflow/example_dags/example_branch_python_dop_operator_3.py
[2024-10-11 15:21:02,994] {logging_mixin.py:115} INFO - [2024-10-11 15:21:02,994] {dag.py:2379} INFO - Sync 1 DAGs
[2024-10-11 15:21:03,019] {logging_mixin.py:115} INFO - [2024-10-11 15:21:03,019] {dag.py:2927} INFO - Setting next_dagrun for example_branch_dop_operator_v3 to 2024-10-11T18:20:00+00:00, run_after=2024-10-11T18:21:00+00:00
[2024-10-11 15:21:03,034] {processor.py:161} INFO - Processing /home/luan-capella/Documentos/curso_airflow/airflowalura/venv/lib/python3.9/site-packages/airflow/example_dags/example_branch_python_dop_operator_3.py took 0.073 seconds
[2024-10-11 15:21:39,590] {processor.py:153} INFO - Started process (PID=43608) to work on /home/luan-capella/Documentos/curso_airflow/airflowalura/venv/lib/python3.9/site-packages/airflow/example_dags/example_branch_python_dop_operator_3.py
[2024-10-11 15:21:39,591] {processor.py:641} INFO - Processing file /home/luan-capella/Documentos/curso_airflow/airflowalura/venv/lib/python3.9/site-packages/airflow/example_dags/example_branch_python_dop_operator_3.py for tasks to queue
[2024-10-11 15:21:39,592] {logging_mixin.py:115} INFO - [2024-10-11 15:21:39,592] {dagbag.py:507} INFO - Filling up the DagBag from /home/luan-capella/Documentos/curso_airflow/airflowalura/venv/lib/python3.9/site-packages/airflow/example_dags/example_branch_python_dop_operator_3.py
[2024-10-11 15:21:39,602] {processor.py:651} INFO - DAG(s) dict_keys(['example_branch_dop_operator_v3']) retrieved from /home/luan-capella/Documentos/curso_airflow/airflowalura/venv/lib/python3.9/site-packages/airflow/example_dags/example_branch_python_dop_operator_3.py
[2024-10-11 15:21:39,617] {logging_mixin.py:115} INFO - [2024-10-11 15:21:39,617] {dag.py:2379} INFO - Sync 1 DAGs
[2024-10-11 15:21:39,640] {logging_mixin.py:115} INFO - [2024-10-11 15:21:39,640] {dag.py:2927} INFO - Setting next_dagrun for example_branch_dop_operator_v3 to 2024-10-11T18:20:00+00:00, run_after=2024-10-11T18:21:00+00:00
[2024-10-11 15:21:39,654] {processor.py:161} INFO - Processing /home/luan-capella/Documentos/curso_airflow/airflowalura/venv/lib/python3.9/site-packages/airflow/example_dags/example_branch_python_dop_operator_3.py took 0.066 seconds
[2024-10-11 15:22:14,154] {processor.py:153} INFO - Started process (PID=44419) to work on /home/luan-capella/Documentos/curso_airflow/airflowalura/venv/lib/python3.9/site-packages/airflow/example_dags/example_branch_python_dop_operator_3.py
[2024-10-11 15:22:14,155] {processor.py:641} INFO - Processing file /home/luan-capella/Documentos/curso_airflow/airflowalura/venv/lib/python3.9/site-packages/airflow/example_dags/example_branch_python_dop_operator_3.py for tasks to queue
[2024-10-11 15:22:14,156] {logging_mixin.py:115} INFO - [2024-10-11 15:22:14,156] {dagbag.py:507} INFO - Filling up the DagBag from /home/luan-capella/Documentos/curso_airflow/airflowalura/venv/lib/python3.9/site-packages/airflow/example_dags/example_branch_python_dop_operator_3.py
[2024-10-11 15:22:14,166] {processor.py:651} INFO - DAG(s) dict_keys(['example_branch_dop_operator_v3']) retrieved from /home/luan-capella/Documentos/curso_airflow/airflowalura/venv/lib/python3.9/site-packages/airflow/example_dags/example_branch_python_dop_operator_3.py
[2024-10-11 15:22:14,181] {logging_mixin.py:115} INFO - [2024-10-11 15:22:14,181] {dag.py:2379} INFO - Sync 1 DAGs
[2024-10-11 15:22:14,201] {logging_mixin.py:115} INFO - [2024-10-11 15:22:14,201] {dag.py:2927} INFO - Setting next_dagrun for example_branch_dop_operator_v3 to 2024-10-11T18:21:00+00:00, run_after=2024-10-11T18:22:00+00:00
[2024-10-11 15:22:14,234] {processor.py:161} INFO - Processing /home/luan-capella/Documentos/curso_airflow/airflowalura/venv/lib/python3.9/site-packages/airflow/example_dags/example_branch_python_dop_operator_3.py took 0.086 seconds
