[2024-10-11 15:19:28,254] {processor.py:153} INFO - Started process (PID=40949) to work on /home/luan-capella/Documentos/curso_airflow/airflowalura/venv/lib/python3.9/site-packages/airflow/example_dags/tutorial.py
[2024-10-11 15:19:28,254] {processor.py:641} INFO - Processing file /home/luan-capella/Documentos/curso_airflow/airflowalura/venv/lib/python3.9/site-packages/airflow/example_dags/tutorial.py for tasks to queue
[2024-10-11 15:19:28,255] {logging_mixin.py:115} INFO - [2024-10-11 15:19:28,255] {dagbag.py:507} INFO - Filling up the DagBag from /home/luan-capella/Documentos/curso_airflow/airflowalura/venv/lib/python3.9/site-packages/airflow/example_dags/tutorial.py
[2024-10-11 15:19:28,259] {processor.py:651} INFO - DAG(s) dict_keys(['tutorial']) retrieved from /home/luan-capella/Documentos/curso_airflow/airflowalura/venv/lib/python3.9/site-packages/airflow/example_dags/tutorial.py
[2024-10-11 15:19:28,322] {logging_mixin.py:115} INFO - [2024-10-11 15:19:28,322] {manager.py:508} INFO - Created Permission View: can edit on DAG:tutorial
[2024-10-11 15:19:28,332] {logging_mixin.py:115} INFO - [2024-10-11 15:19:28,332] {manager.py:508} INFO - Created Permission View: can read on DAG:tutorial
[2024-10-11 15:19:28,341] {logging_mixin.py:115} INFO - [2024-10-11 15:19:28,341] {manager.py:508} INFO - Created Permission View: can delete on DAG:tutorial
[2024-10-11 15:19:28,341] {logging_mixin.py:115} INFO - [2024-10-11 15:19:28,341] {dag.py:2379} INFO - Sync 1 DAGs
[2024-10-11 15:19:28,348] {logging_mixin.py:115} INFO - [2024-10-11 15:19:28,348] {dag.py:2398} INFO - Creating ORM DAG for tutorial
[2024-10-11 15:19:28,355] {logging_mixin.py:115} INFO - [2024-10-11 15:19:28,355] {dag.py:2927} INFO - Setting next_dagrun for tutorial to 2024-10-10T18:19:28.355574+00:00, run_after=2024-10-11T18:19:28.355574+00:00
[2024-10-11 15:19:28,377] {processor.py:161} INFO - Processing /home/luan-capella/Documentos/curso_airflow/airflowalura/venv/lib/python3.9/site-packages/airflow/example_dags/tutorial.py took 0.126 seconds
[2024-10-11 15:20:04,127] {processor.py:153} INFO - Started process (PID=41648) to work on /home/luan-capella/Documentos/curso_airflow/airflowalura/venv/lib/python3.9/site-packages/airflow/example_dags/tutorial.py
[2024-10-11 15:20:04,128] {processor.py:641} INFO - Processing file /home/luan-capella/Documentos/curso_airflow/airflowalura/venv/lib/python3.9/site-packages/airflow/example_dags/tutorial.py for tasks to queue
[2024-10-11 15:20:04,129] {logging_mixin.py:115} INFO - [2024-10-11 15:20:04,129] {dagbag.py:507} INFO - Filling up the DagBag from /home/luan-capella/Documentos/curso_airflow/airflowalura/venv/lib/python3.9/site-packages/airflow/example_dags/tutorial.py
[2024-10-11 15:20:04,134] {processor.py:651} INFO - DAG(s) dict_keys(['tutorial']) retrieved from /home/luan-capella/Documentos/curso_airflow/airflowalura/venv/lib/python3.9/site-packages/airflow/example_dags/tutorial.py
[2024-10-11 15:20:04,148] {logging_mixin.py:115} INFO - [2024-10-11 15:20:04,148] {dag.py:2379} INFO - Sync 1 DAGs
[2024-10-11 15:20:04,165] {logging_mixin.py:115} INFO - [2024-10-11 15:20:04,165] {dag.py:2927} INFO - Setting next_dagrun for tutorial to 2024-10-10T18:20:04.165527+00:00, run_after=2024-10-11T18:20:04.165527+00:00
[2024-10-11 15:20:04,190] {processor.py:161} INFO - Processing /home/luan-capella/Documentos/curso_airflow/airflowalura/venv/lib/python3.9/site-packages/airflow/example_dags/tutorial.py took 0.065 seconds
[2024-10-11 15:20:38,247] {processor.py:153} INFO - Started process (PID=42401) to work on /home/luan-capella/Documentos/curso_airflow/airflowalura/venv/lib/python3.9/site-packages/airflow/example_dags/tutorial.py
[2024-10-11 15:20:38,248] {processor.py:641} INFO - Processing file /home/luan-capella/Documentos/curso_airflow/airflowalura/venv/lib/python3.9/site-packages/airflow/example_dags/tutorial.py for tasks to queue
[2024-10-11 15:20:38,248] {logging_mixin.py:115} INFO - [2024-10-11 15:20:38,248] {dagbag.py:507} INFO - Filling up the DagBag from /home/luan-capella/Documentos/curso_airflow/airflowalura/venv/lib/python3.9/site-packages/airflow/example_dags/tutorial.py
[2024-10-11 15:20:38,253] {processor.py:651} INFO - DAG(s) dict_keys(['tutorial']) retrieved from /home/luan-capella/Documentos/curso_airflow/airflowalura/venv/lib/python3.9/site-packages/airflow/example_dags/tutorial.py
[2024-10-11 15:20:38,266] {logging_mixin.py:115} INFO - [2024-10-11 15:20:38,266] {dag.py:2379} INFO - Sync 1 DAGs
[2024-10-11 15:20:38,281] {logging_mixin.py:115} INFO - [2024-10-11 15:20:38,281] {dag.py:2927} INFO - Setting next_dagrun for tutorial to 2024-10-10T18:20:38.280789+00:00, run_after=2024-10-11T18:20:38.280789+00:00
[2024-10-11 15:20:38,296] {processor.py:161} INFO - Processing /home/luan-capella/Documentos/curso_airflow/airflowalura/venv/lib/python3.9/site-packages/airflow/example_dags/tutorial.py took 0.052 seconds
[2024-10-11 15:21:11,573] {processor.py:153} INFO - Started process (PID=43059) to work on /home/luan-capella/Documentos/curso_airflow/airflowalura/venv/lib/python3.9/site-packages/airflow/example_dags/tutorial.py
[2024-10-11 15:21:11,573] {processor.py:641} INFO - Processing file /home/luan-capella/Documentos/curso_airflow/airflowalura/venv/lib/python3.9/site-packages/airflow/example_dags/tutorial.py for tasks to queue
[2024-10-11 15:21:11,574] {logging_mixin.py:115} INFO - [2024-10-11 15:21:11,574] {dagbag.py:507} INFO - Filling up the DagBag from /home/luan-capella/Documentos/curso_airflow/airflowalura/venv/lib/python3.9/site-packages/airflow/example_dags/tutorial.py
[2024-10-11 15:21:11,579] {processor.py:651} INFO - DAG(s) dict_keys(['tutorial']) retrieved from /home/luan-capella/Documentos/curso_airflow/airflowalura/venv/lib/python3.9/site-packages/airflow/example_dags/tutorial.py
[2024-10-11 15:21:11,597] {logging_mixin.py:115} INFO - [2024-10-11 15:21:11,597] {dag.py:2379} INFO - Sync 1 DAGs
[2024-10-11 15:21:11,613] {logging_mixin.py:115} INFO - [2024-10-11 15:21:11,613] {dag.py:2927} INFO - Setting next_dagrun for tutorial to 2024-10-10T18:21:11.613105+00:00, run_after=2024-10-11T18:21:11.613105+00:00
[2024-10-11 15:21:11,630] {processor.py:161} INFO - Processing /home/luan-capella/Documentos/curso_airflow/airflowalura/venv/lib/python3.9/site-packages/airflow/example_dags/tutorial.py took 0.060 seconds
[2024-10-11 15:21:43,047] {processor.py:153} INFO - Started process (PID=43676) to work on /home/luan-capella/Documentos/curso_airflow/airflowalura/venv/lib/python3.9/site-packages/airflow/example_dags/tutorial.py
[2024-10-11 15:21:43,048] {processor.py:641} INFO - Processing file /home/luan-capella/Documentos/curso_airflow/airflowalura/venv/lib/python3.9/site-packages/airflow/example_dags/tutorial.py for tasks to queue
[2024-10-11 15:21:43,048] {logging_mixin.py:115} INFO - [2024-10-11 15:21:43,048] {dagbag.py:507} INFO - Filling up the DagBag from /home/luan-capella/Documentos/curso_airflow/airflowalura/venv/lib/python3.9/site-packages/airflow/example_dags/tutorial.py
[2024-10-11 15:21:43,053] {processor.py:651} INFO - DAG(s) dict_keys(['tutorial']) retrieved from /home/luan-capella/Documentos/curso_airflow/airflowalura/venv/lib/python3.9/site-packages/airflow/example_dags/tutorial.py
[2024-10-11 15:21:43,067] {logging_mixin.py:115} INFO - [2024-10-11 15:21:43,067] {dag.py:2379} INFO - Sync 1 DAGs
[2024-10-11 15:21:43,081] {logging_mixin.py:115} INFO - [2024-10-11 15:21:43,081] {dag.py:2927} INFO - Setting next_dagrun for tutorial to 2024-10-10T18:21:43.081386+00:00, run_after=2024-10-11T18:21:43.081386+00:00
[2024-10-11 15:21:43,096] {processor.py:161} INFO - Processing /home/luan-capella/Documentos/curso_airflow/airflowalura/venv/lib/python3.9/site-packages/airflow/example_dags/tutorial.py took 0.052 seconds
[2024-10-11 15:22:16,113] {processor.py:153} INFO - Started process (PID=44456) to work on /home/luan-capella/Documentos/curso_airflow/airflowalura/venv/lib/python3.9/site-packages/airflow/example_dags/tutorial.py
[2024-10-11 15:22:16,114] {processor.py:641} INFO - Processing file /home/luan-capella/Documentos/curso_airflow/airflowalura/venv/lib/python3.9/site-packages/airflow/example_dags/tutorial.py for tasks to queue
[2024-10-11 15:22:16,114] {logging_mixin.py:115} INFO - [2024-10-11 15:22:16,114] {dagbag.py:507} INFO - Filling up the DagBag from /home/luan-capella/Documentos/curso_airflow/airflowalura/venv/lib/python3.9/site-packages/airflow/example_dags/tutorial.py
[2024-10-11 15:22:16,120] {processor.py:651} INFO - DAG(s) dict_keys(['tutorial']) retrieved from /home/luan-capella/Documentos/curso_airflow/airflowalura/venv/lib/python3.9/site-packages/airflow/example_dags/tutorial.py
[2024-10-11 15:22:16,135] {logging_mixin.py:115} INFO - [2024-10-11 15:22:16,135] {dag.py:2379} INFO - Sync 1 DAGs
[2024-10-11 15:22:16,150] {logging_mixin.py:115} INFO - [2024-10-11 15:22:16,149] {dag.py:2927} INFO - Setting next_dagrun for tutorial to 2024-10-10T18:22:16.149751+00:00, run_after=2024-10-11T18:22:16.149751+00:00
[2024-10-11 15:22:16,174] {processor.py:161} INFO - Processing /home/luan-capella/Documentos/curso_airflow/airflowalura/venv/lib/python3.9/site-packages/airflow/example_dags/tutorial.py took 0.064 seconds
