[2024-10-11 15:19:29,512] {processor.py:153} INFO - Started process (PID=40969) to work on /home/luan-capella/Documentos/curso_airflow/airflowalura/venv/lib/python3.9/site-packages/airflow/example_dags/tutorial_taskflow_api_etl.py
[2024-10-11 15:19:29,513] {processor.py:641} INFO - Processing file /home/luan-capella/Documentos/curso_airflow/airflowalura/venv/lib/python3.9/site-packages/airflow/example_dags/tutorial_taskflow_api_etl.py for tasks to queue
[2024-10-11 15:19:29,514] {logging_mixin.py:115} INFO - [2024-10-11 15:19:29,514] {dagbag.py:507} INFO - Filling up the DagBag from /home/luan-capella/Documentos/curso_airflow/airflowalura/venv/lib/python3.9/site-packages/airflow/example_dags/tutorial_taskflow_api_etl.py
[2024-10-11 15:19:29,530] {processor.py:651} INFO - DAG(s) dict_keys(['tutorial_taskflow_api_etl']) retrieved from /home/luan-capella/Documentos/curso_airflow/airflowalura/venv/lib/python3.9/site-packages/airflow/example_dags/tutorial_taskflow_api_etl.py
[2024-10-11 15:19:29,593] {logging_mixin.py:115} INFO - [2024-10-11 15:19:29,593] {manager.py:508} INFO - Created Permission View: can edit on DAG:tutorial_taskflow_api_etl
[2024-10-11 15:19:29,608] {logging_mixin.py:115} INFO - [2024-10-11 15:19:29,608] {manager.py:508} INFO - Created Permission View: can read on DAG:tutorial_taskflow_api_etl
[2024-10-11 15:19:29,618] {logging_mixin.py:115} INFO - [2024-10-11 15:19:29,618] {manager.py:508} INFO - Created Permission View: can delete on DAG:tutorial_taskflow_api_etl
[2024-10-11 15:19:29,618] {logging_mixin.py:115} INFO - [2024-10-11 15:19:29,618] {dag.py:2379} INFO - Sync 1 DAGs
[2024-10-11 15:19:29,627] {logging_mixin.py:115} INFO - [2024-10-11 15:19:29,627] {dag.py:2398} INFO - Creating ORM DAG for tutorial_taskflow_api_etl
[2024-10-11 15:19:29,636] {logging_mixin.py:115} INFO - [2024-10-11 15:19:29,636] {dag.py:2927} INFO - Setting next_dagrun for tutorial_taskflow_api_etl to None, run_after=None
[2024-10-11 15:19:29,658] {processor.py:161} INFO - Processing /home/luan-capella/Documentos/curso_airflow/airflowalura/venv/lib/python3.9/site-packages/airflow/example_dags/tutorial_taskflow_api_etl.py took 0.150 seconds
[2024-10-11 15:20:04,997] {processor.py:153} INFO - Started process (PID=41678) to work on /home/luan-capella/Documentos/curso_airflow/airflowalura/venv/lib/python3.9/site-packages/airflow/example_dags/tutorial_taskflow_api_etl.py
[2024-10-11 15:20:04,998] {processor.py:641} INFO - Processing file /home/luan-capella/Documentos/curso_airflow/airflowalura/venv/lib/python3.9/site-packages/airflow/example_dags/tutorial_taskflow_api_etl.py for tasks to queue
[2024-10-11 15:20:04,998] {logging_mixin.py:115} INFO - [2024-10-11 15:20:04,998] {dagbag.py:507} INFO - Filling up the DagBag from /home/luan-capella/Documentos/curso_airflow/airflowalura/venv/lib/python3.9/site-packages/airflow/example_dags/tutorial_taskflow_api_etl.py
[2024-10-11 15:20:05,015] {processor.py:651} INFO - DAG(s) dict_keys(['tutorial_taskflow_api_etl']) retrieved from /home/luan-capella/Documentos/curso_airflow/airflowalura/venv/lib/python3.9/site-packages/airflow/example_dags/tutorial_taskflow_api_etl.py
[2024-10-11 15:20:05,061] {logging_mixin.py:115} INFO - [2024-10-11 15:20:05,061] {dag.py:2379} INFO - Sync 1 DAGs
[2024-10-11 15:20:05,076] {logging_mixin.py:115} INFO - [2024-10-11 15:20:05,076] {dag.py:2927} INFO - Setting next_dagrun for tutorial_taskflow_api_etl to None, run_after=None
[2024-10-11 15:20:05,097] {processor.py:161} INFO - Processing /home/luan-capella/Documentos/curso_airflow/airflowalura/venv/lib/python3.9/site-packages/airflow/example_dags/tutorial_taskflow_api_etl.py took 0.104 seconds
[2024-10-11 15:20:38,985] {processor.py:153} INFO - Started process (PID=42417) to work on /home/luan-capella/Documentos/curso_airflow/airflowalura/venv/lib/python3.9/site-packages/airflow/example_dags/tutorial_taskflow_api_etl.py
[2024-10-11 15:20:38,986] {processor.py:641} INFO - Processing file /home/luan-capella/Documentos/curso_airflow/airflowalura/venv/lib/python3.9/site-packages/airflow/example_dags/tutorial_taskflow_api_etl.py for tasks to queue
[2024-10-11 15:20:38,987] {logging_mixin.py:115} INFO - [2024-10-11 15:20:38,987] {dagbag.py:507} INFO - Filling up the DagBag from /home/luan-capella/Documentos/curso_airflow/airflowalura/venv/lib/python3.9/site-packages/airflow/example_dags/tutorial_taskflow_api_etl.py
[2024-10-11 15:20:39,006] {processor.py:651} INFO - DAG(s) dict_keys(['tutorial_taskflow_api_etl']) retrieved from /home/luan-capella/Documentos/curso_airflow/airflowalura/venv/lib/python3.9/site-packages/airflow/example_dags/tutorial_taskflow_api_etl.py
[2024-10-11 15:20:39,046] {logging_mixin.py:115} INFO - [2024-10-11 15:20:39,046] {dag.py:2379} INFO - Sync 1 DAGs
[2024-10-11 15:20:39,060] {logging_mixin.py:115} INFO - [2024-10-11 15:20:39,060] {dag.py:2927} INFO - Setting next_dagrun for tutorial_taskflow_api_etl to None, run_after=None
[2024-10-11 15:20:39,091] {processor.py:161} INFO - Processing /home/luan-capella/Documentos/curso_airflow/airflowalura/venv/lib/python3.9/site-packages/airflow/example_dags/tutorial_taskflow_api_etl.py took 0.111 seconds
[2024-10-11 15:21:12,134] {processor.py:153} INFO - Started process (PID=43075) to work on /home/luan-capella/Documentos/curso_airflow/airflowalura/venv/lib/python3.9/site-packages/airflow/example_dags/tutorial_taskflow_api_etl.py
[2024-10-11 15:21:12,136] {processor.py:641} INFO - Processing file /home/luan-capella/Documentos/curso_airflow/airflowalura/venv/lib/python3.9/site-packages/airflow/example_dags/tutorial_taskflow_api_etl.py for tasks to queue
[2024-10-11 15:21:12,136] {logging_mixin.py:115} INFO - [2024-10-11 15:21:12,136] {dagbag.py:507} INFO - Filling up the DagBag from /home/luan-capella/Documentos/curso_airflow/airflowalura/venv/lib/python3.9/site-packages/airflow/example_dags/tutorial_taskflow_api_etl.py
[2024-10-11 15:21:12,154] {processor.py:651} INFO - DAG(s) dict_keys(['tutorial_taskflow_api_etl']) retrieved from /home/luan-capella/Documentos/curso_airflow/airflowalura/venv/lib/python3.9/site-packages/airflow/example_dags/tutorial_taskflow_api_etl.py
[2024-10-11 15:21:12,193] {logging_mixin.py:115} INFO - [2024-10-11 15:21:12,193] {dag.py:2379} INFO - Sync 1 DAGs
[2024-10-11 15:21:12,206] {logging_mixin.py:115} INFO - [2024-10-11 15:21:12,206] {dag.py:2927} INFO - Setting next_dagrun for tutorial_taskflow_api_etl to None, run_after=None
[2024-10-11 15:21:12,228] {processor.py:161} INFO - Processing /home/luan-capella/Documentos/curso_airflow/airflowalura/venv/lib/python3.9/site-packages/airflow/example_dags/tutorial_taskflow_api_etl.py took 0.099 seconds
[2024-10-11 15:21:45,649] {processor.py:153} INFO - Started process (PID=43725) to work on /home/luan-capella/Documentos/curso_airflow/airflowalura/venv/lib/python3.9/site-packages/airflow/example_dags/tutorial_taskflow_api_etl.py
[2024-10-11 15:21:45,650] {processor.py:641} INFO - Processing file /home/luan-capella/Documentos/curso_airflow/airflowalura/venv/lib/python3.9/site-packages/airflow/example_dags/tutorial_taskflow_api_etl.py for tasks to queue
[2024-10-11 15:21:45,651] {logging_mixin.py:115} INFO - [2024-10-11 15:21:45,651] {dagbag.py:507} INFO - Filling up the DagBag from /home/luan-capella/Documentos/curso_airflow/airflowalura/venv/lib/python3.9/site-packages/airflow/example_dags/tutorial_taskflow_api_etl.py
[2024-10-11 15:21:45,668] {processor.py:651} INFO - DAG(s) dict_keys(['tutorial_taskflow_api_etl']) retrieved from /home/luan-capella/Documentos/curso_airflow/airflowalura/venv/lib/python3.9/site-packages/airflow/example_dags/tutorial_taskflow_api_etl.py
[2024-10-11 15:21:45,706] {logging_mixin.py:115} INFO - [2024-10-11 15:21:45,706] {dag.py:2379} INFO - Sync 1 DAGs
[2024-10-11 15:21:45,718] {logging_mixin.py:115} INFO - [2024-10-11 15:21:45,718] {dag.py:2927} INFO - Setting next_dagrun for tutorial_taskflow_api_etl to None, run_after=None
[2024-10-11 15:21:45,735] {processor.py:161} INFO - Processing /home/luan-capella/Documentos/curso_airflow/airflowalura/venv/lib/python3.9/site-packages/airflow/example_dags/tutorial_taskflow_api_etl.py took 0.092 seconds
[2024-10-11 15:22:17,263] {processor.py:153} INFO - Started process (PID=44480) to work on /home/luan-capella/Documentos/curso_airflow/airflowalura/venv/lib/python3.9/site-packages/airflow/example_dags/tutorial_taskflow_api_etl.py
[2024-10-11 15:22:17,264] {processor.py:641} INFO - Processing file /home/luan-capella/Documentos/curso_airflow/airflowalura/venv/lib/python3.9/site-packages/airflow/example_dags/tutorial_taskflow_api_etl.py for tasks to queue
[2024-10-11 15:22:17,264] {logging_mixin.py:115} INFO - [2024-10-11 15:22:17,264] {dagbag.py:507} INFO - Filling up the DagBag from /home/luan-capella/Documentos/curso_airflow/airflowalura/venv/lib/python3.9/site-packages/airflow/example_dags/tutorial_taskflow_api_etl.py
[2024-10-11 15:22:17,276] {processor.py:651} INFO - DAG(s) dict_keys(['tutorial_taskflow_api_etl']) retrieved from /home/luan-capella/Documentos/curso_airflow/airflowalura/venv/lib/python3.9/site-packages/airflow/example_dags/tutorial_taskflow_api_etl.py
[2024-10-11 15:22:17,314] {logging_mixin.py:115} INFO - [2024-10-11 15:22:17,314] {dag.py:2379} INFO - Sync 1 DAGs
[2024-10-11 15:22:17,327] {logging_mixin.py:115} INFO - [2024-10-11 15:22:17,326] {dag.py:2927} INFO - Setting next_dagrun for tutorial_taskflow_api_etl to None, run_after=None
[2024-10-11 15:22:17,349] {processor.py:161} INFO - Processing /home/luan-capella/Documentos/curso_airflow/airflowalura/venv/lib/python3.9/site-packages/airflow/example_dags/tutorial_taskflow_api_etl.py took 0.087 seconds
