[2025-02-03 22:19:36,857] {processor.py:153} INFO - Started process (PID=41145) to work on /home/luan-capella/Documentos/curso_airflow/airflowalura/venv/lib/python3.9/site-packages/airflow/example_dags/subdags/subdag.py
[2025-02-03 22:19:36,858] {processor.py:641} INFO - Processing file /home/luan-capella/Documentos/curso_airflow/airflowalura/venv/lib/python3.9/site-packages/airflow/example_dags/subdags/subdag.py for tasks to queue
[2025-02-03 22:19:36,859] {logging_mixin.py:115} INFO - [2025-02-03 22:19:36,859] {dagbag.py:507} INFO - Filling up the DagBag from /home/luan-capella/Documentos/curso_airflow/airflowalura/venv/lib/python3.9/site-packages/airflow/example_dags/subdags/subdag.py
[2025-02-03 22:19:36,860] {processor.py:653} WARNING - No viable dags retrieved from /home/luan-capella/Documentos/curso_airflow/airflowalura/venv/lib/python3.9/site-packages/airflow/example_dags/subdags/subdag.py
[2025-02-03 22:19:36,870] {processor.py:161} INFO - Processing /home/luan-capella/Documentos/curso_airflow/airflowalura/venv/lib/python3.9/site-packages/airflow/example_dags/subdags/subdag.py took 0.015 seconds
[2025-02-03 22:20:56,200] {processor.py:153} INFO - Started process (PID=42639) to work on /home/luan-capella/Documentos/curso_airflow/airflowalura/venv/lib/python3.9/site-packages/airflow/example_dags/subdags/subdag.py
[2025-02-03 22:20:56,206] {processor.py:641} INFO - Processing file /home/luan-capella/Documentos/curso_airflow/airflowalura/venv/lib/python3.9/site-packages/airflow/example_dags/subdags/subdag.py for tasks to queue
[2025-02-03 22:20:56,206] {logging_mixin.py:115} INFO - [2025-02-03 22:20:56,206] {dagbag.py:507} INFO - Filling up the DagBag from /home/luan-capella/Documentos/curso_airflow/airflowalura/venv/lib/python3.9/site-packages/airflow/example_dags/subdags/subdag.py
[2025-02-03 22:20:56,207] {processor.py:653} WARNING - No viable dags retrieved from /home/luan-capella/Documentos/curso_airflow/airflowalura/venv/lib/python3.9/site-packages/airflow/example_dags/subdags/subdag.py
[2025-02-03 22:20:56,215] {processor.py:161} INFO - Processing /home/luan-capella/Documentos/curso_airflow/airflowalura/venv/lib/python3.9/site-packages/airflow/example_dags/subdags/subdag.py took 0.017 seconds
[2025-02-03 22:21:32,323] {processor.py:153} INFO - Started process (PID=42896) to work on /home/luan-capella/Documentos/curso_airflow/airflowalura/venv/lib/python3.9/site-packages/airflow/example_dags/subdags/subdag.py
[2025-02-03 22:21:32,325] {processor.py:641} INFO - Processing file /home/luan-capella/Documentos/curso_airflow/airflowalura/venv/lib/python3.9/site-packages/airflow/example_dags/subdags/subdag.py for tasks to queue
[2025-02-03 22:21:32,325] {logging_mixin.py:115} INFO - [2025-02-03 22:21:32,325] {dagbag.py:507} INFO - Filling up the DagBag from /home/luan-capella/Documentos/curso_airflow/airflowalura/venv/lib/python3.9/site-packages/airflow/example_dags/subdags/subdag.py
[2025-02-03 22:21:32,327] {processor.py:653} WARNING - No viable dags retrieved from /home/luan-capella/Documentos/curso_airflow/airflowalura/venv/lib/python3.9/site-packages/airflow/example_dags/subdags/subdag.py
[2025-02-03 22:21:32,336] {processor.py:161} INFO - Processing /home/luan-capella/Documentos/curso_airflow/airflowalura/venv/lib/python3.9/site-packages/airflow/example_dags/subdags/subdag.py took 0.017 seconds
[2025-02-03 22:22:05,962] {processor.py:153} INFO - Started process (PID=43046) to work on /home/luan-capella/Documentos/curso_airflow/airflowalura/venv/lib/python3.9/site-packages/airflow/example_dags/subdags/subdag.py
[2025-02-03 22:22:05,963] {processor.py:641} INFO - Processing file /home/luan-capella/Documentos/curso_airflow/airflowalura/venv/lib/python3.9/site-packages/airflow/example_dags/subdags/subdag.py for tasks to queue
[2025-02-03 22:22:05,963] {logging_mixin.py:115} INFO - [2025-02-03 22:22:05,963] {dagbag.py:507} INFO - Filling up the DagBag from /home/luan-capella/Documentos/curso_airflow/airflowalura/venv/lib/python3.9/site-packages/airflow/example_dags/subdags/subdag.py
[2025-02-03 22:22:05,965] {processor.py:653} WARNING - No viable dags retrieved from /home/luan-capella/Documentos/curso_airflow/airflowalura/venv/lib/python3.9/site-packages/airflow/example_dags/subdags/subdag.py
[2025-02-03 22:22:05,975] {processor.py:161} INFO - Processing /home/luan-capella/Documentos/curso_airflow/airflowalura/venv/lib/python3.9/site-packages/airflow/example_dags/subdags/subdag.py took 0.016 seconds
[2025-02-03 22:22:42,347] {processor.py:153} INFO - Started process (PID=43217) to work on /home/luan-capella/Documentos/curso_airflow/airflowalura/venv/lib/python3.9/site-packages/airflow/example_dags/subdags/subdag.py
[2025-02-03 22:22:42,348] {processor.py:641} INFO - Processing file /home/luan-capella/Documentos/curso_airflow/airflowalura/venv/lib/python3.9/site-packages/airflow/example_dags/subdags/subdag.py for tasks to queue
[2025-02-03 22:22:42,349] {logging_mixin.py:115} INFO - [2025-02-03 22:22:42,349] {dagbag.py:507} INFO - Filling up the DagBag from /home/luan-capella/Documentos/curso_airflow/airflowalura/venv/lib/python3.9/site-packages/airflow/example_dags/subdags/subdag.py
[2025-02-03 22:22:42,351] {processor.py:653} WARNING - No viable dags retrieved from /home/luan-capella/Documentos/curso_airflow/airflowalura/venv/lib/python3.9/site-packages/airflow/example_dags/subdags/subdag.py
[2025-02-03 22:22:42,361] {processor.py:161} INFO - Processing /home/luan-capella/Documentos/curso_airflow/airflowalura/venv/lib/python3.9/site-packages/airflow/example_dags/subdags/subdag.py took 0.018 seconds
[2025-02-03 22:23:17,219] {processor.py:153} INFO - Started process (PID=43503) to work on /home/luan-capella/Documentos/curso_airflow/airflowalura/venv/lib/python3.9/site-packages/airflow/example_dags/subdags/subdag.py
[2025-02-03 22:23:17,220] {processor.py:641} INFO - Processing file /home/luan-capella/Documentos/curso_airflow/airflowalura/venv/lib/python3.9/site-packages/airflow/example_dags/subdags/subdag.py for tasks to queue
[2025-02-03 22:23:17,221] {logging_mixin.py:115} INFO - [2025-02-03 22:23:17,221] {dagbag.py:507} INFO - Filling up the DagBag from /home/luan-capella/Documentos/curso_airflow/airflowalura/venv/lib/python3.9/site-packages/airflow/example_dags/subdags/subdag.py
[2025-02-03 22:23:17,223] {processor.py:653} WARNING - No viable dags retrieved from /home/luan-capella/Documentos/curso_airflow/airflowalura/venv/lib/python3.9/site-packages/airflow/example_dags/subdags/subdag.py
[2025-02-03 22:23:17,231] {processor.py:161} INFO - Processing /home/luan-capella/Documentos/curso_airflow/airflowalura/venv/lib/python3.9/site-packages/airflow/example_dags/subdags/subdag.py took 0.017 seconds
[2025-02-03 22:23:53,363] {processor.py:153} INFO - Started process (PID=43664) to work on /home/luan-capella/Documentos/curso_airflow/airflowalura/venv/lib/python3.9/site-packages/airflow/example_dags/subdags/subdag.py
[2025-02-03 22:23:53,364] {processor.py:641} INFO - Processing file /home/luan-capella/Documentos/curso_airflow/airflowalura/venv/lib/python3.9/site-packages/airflow/example_dags/subdags/subdag.py for tasks to queue
[2025-02-03 22:23:53,365] {logging_mixin.py:115} INFO - [2025-02-03 22:23:53,365] {dagbag.py:507} INFO - Filling up the DagBag from /home/luan-capella/Documentos/curso_airflow/airflowalura/venv/lib/python3.9/site-packages/airflow/example_dags/subdags/subdag.py
[2025-02-03 22:23:53,367] {processor.py:653} WARNING - No viable dags retrieved from /home/luan-capella/Documentos/curso_airflow/airflowalura/venv/lib/python3.9/site-packages/airflow/example_dags/subdags/subdag.py
[2025-02-03 22:23:53,376] {processor.py:161} INFO - Processing /home/luan-capella/Documentos/curso_airflow/airflowalura/venv/lib/python3.9/site-packages/airflow/example_dags/subdags/subdag.py took 0.017 seconds
[2025-02-03 22:24:33,871] {processor.py:153} INFO - Started process (PID=44021) to work on /home/luan-capella/Documentos/curso_airflow/airflowalura/venv/lib/python3.9/site-packages/airflow/example_dags/subdags/subdag.py
[2025-02-03 22:24:33,872] {processor.py:641} INFO - Processing file /home/luan-capella/Documentos/curso_airflow/airflowalura/venv/lib/python3.9/site-packages/airflow/example_dags/subdags/subdag.py for tasks to queue
[2025-02-03 22:24:33,873] {logging_mixin.py:115} INFO - [2025-02-03 22:24:33,873] {dagbag.py:507} INFO - Filling up the DagBag from /home/luan-capella/Documentos/curso_airflow/airflowalura/venv/lib/python3.9/site-packages/airflow/example_dags/subdags/subdag.py
[2025-02-03 22:24:33,875] {processor.py:653} WARNING - No viable dags retrieved from /home/luan-capella/Documentos/curso_airflow/airflowalura/venv/lib/python3.9/site-packages/airflow/example_dags/subdags/subdag.py
[2025-02-03 22:24:33,885] {processor.py:161} INFO - Processing /home/luan-capella/Documentos/curso_airflow/airflowalura/venv/lib/python3.9/site-packages/airflow/example_dags/subdags/subdag.py took 0.018 seconds
[2025-02-03 22:25:08,318] {processor.py:153} INFO - Started process (PID=44425) to work on /home/luan-capella/Documentos/curso_airflow/airflowalura/venv/lib/python3.9/site-packages/airflow/example_dags/subdags/subdag.py
[2025-02-03 22:25:08,319] {processor.py:641} INFO - Processing file /home/luan-capella/Documentos/curso_airflow/airflowalura/venv/lib/python3.9/site-packages/airflow/example_dags/subdags/subdag.py for tasks to queue
[2025-02-03 22:25:08,319] {logging_mixin.py:115} INFO - [2025-02-03 22:25:08,319] {dagbag.py:507} INFO - Filling up the DagBag from /home/luan-capella/Documentos/curso_airflow/airflowalura/venv/lib/python3.9/site-packages/airflow/example_dags/subdags/subdag.py
[2025-02-03 22:25:08,320] {processor.py:653} WARNING - No viable dags retrieved from /home/luan-capella/Documentos/curso_airflow/airflowalura/venv/lib/python3.9/site-packages/airflow/example_dags/subdags/subdag.py
[2025-02-03 22:25:08,329] {processor.py:161} INFO - Processing /home/luan-capella/Documentos/curso_airflow/airflowalura/venv/lib/python3.9/site-packages/airflow/example_dags/subdags/subdag.py took 0.014 seconds
[2025-02-03 22:25:45,642] {processor.py:153} INFO - Started process (PID=44678) to work on /home/luan-capella/Documentos/curso_airflow/airflowalura/venv/lib/python3.9/site-packages/airflow/example_dags/subdags/subdag.py
[2025-02-03 22:25:45,643] {processor.py:641} INFO - Processing file /home/luan-capella/Documentos/curso_airflow/airflowalura/venv/lib/python3.9/site-packages/airflow/example_dags/subdags/subdag.py for tasks to queue
[2025-02-03 22:25:45,643] {logging_mixin.py:115} INFO - [2025-02-03 22:25:45,643] {dagbag.py:507} INFO - Filling up the DagBag from /home/luan-capella/Documentos/curso_airflow/airflowalura/venv/lib/python3.9/site-packages/airflow/example_dags/subdags/subdag.py
[2025-02-03 22:25:45,644] {processor.py:653} WARNING - No viable dags retrieved from /home/luan-capella/Documentos/curso_airflow/airflowalura/venv/lib/python3.9/site-packages/airflow/example_dags/subdags/subdag.py
[2025-02-03 22:25:45,652] {processor.py:161} INFO - Processing /home/luan-capella/Documentos/curso_airflow/airflowalura/venv/lib/python3.9/site-packages/airflow/example_dags/subdags/subdag.py took 0.012 seconds
[2025-02-03 22:26:21,636] {processor.py:153} INFO - Started process (PID=44965) to work on /home/luan-capella/Documentos/curso_airflow/airflowalura/venv/lib/python3.9/site-packages/airflow/example_dags/subdags/subdag.py
[2025-02-03 22:26:21,637] {processor.py:641} INFO - Processing file /home/luan-capella/Documentos/curso_airflow/airflowalura/venv/lib/python3.9/site-packages/airflow/example_dags/subdags/subdag.py for tasks to queue
[2025-02-03 22:26:21,637] {logging_mixin.py:115} INFO - [2025-02-03 22:26:21,637] {dagbag.py:507} INFO - Filling up the DagBag from /home/luan-capella/Documentos/curso_airflow/airflowalura/venv/lib/python3.9/site-packages/airflow/example_dags/subdags/subdag.py
[2025-02-03 22:26:21,638] {processor.py:653} WARNING - No viable dags retrieved from /home/luan-capella/Documentos/curso_airflow/airflowalura/venv/lib/python3.9/site-packages/airflow/example_dags/subdags/subdag.py
[2025-02-03 22:26:21,648] {processor.py:161} INFO - Processing /home/luan-capella/Documentos/curso_airflow/airflowalura/venv/lib/python3.9/site-packages/airflow/example_dags/subdags/subdag.py took 0.015 seconds
[2025-02-03 22:26:56,786] {processor.py:153} INFO - Started process (PID=45138) to work on /home/luan-capella/Documentos/curso_airflow/airflowalura/venv/lib/python3.9/site-packages/airflow/example_dags/subdags/subdag.py
[2025-02-03 22:26:56,788] {processor.py:641} INFO - Processing file /home/luan-capella/Documentos/curso_airflow/airflowalura/venv/lib/python3.9/site-packages/airflow/example_dags/subdags/subdag.py for tasks to queue
[2025-02-03 22:26:56,788] {logging_mixin.py:115} INFO - [2025-02-03 22:26:56,788] {dagbag.py:507} INFO - Filling up the DagBag from /home/luan-capella/Documentos/curso_airflow/airflowalura/venv/lib/python3.9/site-packages/airflow/example_dags/subdags/subdag.py
[2025-02-03 22:26:56,789] {processor.py:653} WARNING - No viable dags retrieved from /home/luan-capella/Documentos/curso_airflow/airflowalura/venv/lib/python3.9/site-packages/airflow/example_dags/subdags/subdag.py
[2025-02-03 22:26:56,800] {processor.py:161} INFO - Processing /home/luan-capella/Documentos/curso_airflow/airflowalura/venv/lib/python3.9/site-packages/airflow/example_dags/subdags/subdag.py took 0.017 seconds
[2025-02-03 22:27:31,732] {processor.py:153} INFO - Started process (PID=45322) to work on /home/luan-capella/Documentos/curso_airflow/airflowalura/venv/lib/python3.9/site-packages/airflow/example_dags/subdags/subdag.py
[2025-02-03 22:27:31,733] {processor.py:641} INFO - Processing file /home/luan-capella/Documentos/curso_airflow/airflowalura/venv/lib/python3.9/site-packages/airflow/example_dags/subdags/subdag.py for tasks to queue
[2025-02-03 22:27:31,733] {logging_mixin.py:115} INFO - [2025-02-03 22:27:31,733] {dagbag.py:507} INFO - Filling up the DagBag from /home/luan-capella/Documentos/curso_airflow/airflowalura/venv/lib/python3.9/site-packages/airflow/example_dags/subdags/subdag.py
[2025-02-03 22:27:31,734] {processor.py:653} WARNING - No viable dags retrieved from /home/luan-capella/Documentos/curso_airflow/airflowalura/venv/lib/python3.9/site-packages/airflow/example_dags/subdags/subdag.py
[2025-02-03 22:27:31,742] {processor.py:161} INFO - Processing /home/luan-capella/Documentos/curso_airflow/airflowalura/venv/lib/python3.9/site-packages/airflow/example_dags/subdags/subdag.py took 0.012 seconds
[2025-02-03 22:28:09,006] {processor.py:153} INFO - Started process (PID=45486) to work on /home/luan-capella/Documentos/curso_airflow/airflowalura/venv/lib/python3.9/site-packages/airflow/example_dags/subdags/subdag.py
[2025-02-03 22:28:09,007] {processor.py:641} INFO - Processing file /home/luan-capella/Documentos/curso_airflow/airflowalura/venv/lib/python3.9/site-packages/airflow/example_dags/subdags/subdag.py for tasks to queue
[2025-02-03 22:28:09,008] {logging_mixin.py:115} INFO - [2025-02-03 22:28:09,008] {dagbag.py:507} INFO - Filling up the DagBag from /home/luan-capella/Documentos/curso_airflow/airflowalura/venv/lib/python3.9/site-packages/airflow/example_dags/subdags/subdag.py
[2025-02-03 22:28:09,010] {processor.py:653} WARNING - No viable dags retrieved from /home/luan-capella/Documentos/curso_airflow/airflowalura/venv/lib/python3.9/site-packages/airflow/example_dags/subdags/subdag.py
[2025-02-03 22:28:09,022] {processor.py:161} INFO - Processing /home/luan-capella/Documentos/curso_airflow/airflowalura/venv/lib/python3.9/site-packages/airflow/example_dags/subdags/subdag.py took 0.019 seconds
[2025-02-04 11:00:42,880] {processor.py:153} INFO - Started process (PID=8934) to work on /home/luan-capella/Documentos/curso_airflow/airflowalura/venv/lib/python3.9/site-packages/airflow/example_dags/subdags/subdag.py
[2025-02-04 11:00:42,881] {processor.py:641} INFO - Processing file /home/luan-capella/Documentos/curso_airflow/airflowalura/venv/lib/python3.9/site-packages/airflow/example_dags/subdags/subdag.py for tasks to queue
[2025-02-04 11:00:42,882] {logging_mixin.py:115} INFO - [2025-02-04 11:00:42,882] {dagbag.py:507} INFO - Filling up the DagBag from /home/luan-capella/Documentos/curso_airflow/airflowalura/venv/lib/python3.9/site-packages/airflow/example_dags/subdags/subdag.py
[2025-02-04 11:00:42,884] {processor.py:653} WARNING - No viable dags retrieved from /home/luan-capella/Documentos/curso_airflow/airflowalura/venv/lib/python3.9/site-packages/airflow/example_dags/subdags/subdag.py
[2025-02-04 11:00:42,894] {processor.py:161} INFO - Processing /home/luan-capella/Documentos/curso_airflow/airflowalura/venv/lib/python3.9/site-packages/airflow/example_dags/subdags/subdag.py took 0.018 seconds
