[2024-10-15 21:27:47,300] {taskinstance.py:1159} INFO - Dependencies all met for <TaskInstance: dados_climaticos.criar_pasta manual__2024-10-16T00:27:44.319544+00:00 [queued]>
[2024-10-15 21:27:47,304] {taskinstance.py:1159} INFO - Dependencies all met for <TaskInstance: dados_climaticos.criar_pasta manual__2024-10-16T00:27:44.319544+00:00 [queued]>
[2024-10-15 21:27:47,304] {taskinstance.py:1356} INFO - 
--------------------------------------------------------------------------------
[2024-10-15 21:27:47,304] {taskinstance.py:1357} INFO - Starting attempt 1 of 1
[2024-10-15 21:27:47,304] {taskinstance.py:1358} INFO - 
--------------------------------------------------------------------------------
[2024-10-15 21:27:47,318] {taskinstance.py:1377} INFO - Executing <Task(BashOperator): criar_pasta> on 2024-10-16 00:27:44.319544+00:00
[2024-10-15 21:27:47,324] {standard_task_runner.py:52} INFO - Started process 10668 to run task
[2024-10-15 21:27:47,327] {standard_task_runner.py:79} INFO - Running: ['airflow', 'tasks', 'run', 'dados_climaticos', 'criar_pasta', 'manual__2024-10-16T00:27:44.319544+00:00', '--job-id', '38', '--raw', '--subdir', 'DAGS_FOLDER/dados_climaticos.py', '--cfg-path', '/tmp/tmp_ba9x9mf', '--error-file', '/tmp/tmpim60hoqz']
[2024-10-15 21:27:47,327] {standard_task_runner.py:80} INFO - Job 38: Subtask criar_pasta
[2024-10-15 21:27:47,364] {task_command.py:370} INFO - Running <TaskInstance: dados_climaticos.criar_pasta manual__2024-10-16T00:27:44.319544+00:00 [running]> on host luan-capella
[2024-10-15 21:27:47,411] {taskinstance.py:1569} INFO - Exporting the following env vars:
AIRFLOW_CTX_DAG_OWNER=airflow
AIRFLOW_CTX_DAG_ID=dados_climaticos
AIRFLOW_CTX_TASK_ID=criar_pasta
AIRFLOW_CTX_EXECUTION_DATE=2024-10-16T00:27:44.319544+00:00
AIRFLOW_CTX_TRY_NUMBER=1
AIRFLOW_CTX_DAG_RUN_ID=manual__2024-10-16T00:27:44.319544+00:00
[2024-10-15 21:27:47,412] {subprocess.py:62} INFO - Tmp dir root location: 
 /tmp
[2024-10-15 21:27:47,412] {subprocess.py:74} INFO - Running command: ['bash', '-c', 'mkdir -p "/home/luan-capella/Documentos/curso_airflow/airflowalura/semana=2024-10-14"']
[2024-10-15 21:27:47,424] {subprocess.py:85} INFO - Output:
[2024-10-15 21:27:47,426] {subprocess.py:96} INFO - Command exited with return code 0
[2024-10-15 21:27:47,447] {taskinstance.py:1395} INFO - Marking task as SUCCESS. dag_id=dados_climaticos, task_id=criar_pasta, execution_date=20241016T002744, start_date=20241016T002747, end_date=20241016T002747
[2024-10-15 21:27:47,499] {local_task_job.py:156} INFO - Task exited with return code 0
[2024-10-15 21:27:47,546] {local_task_job.py:273} INFO - 1 downstream tasks scheduled from follow-on schedule check
