[2025-02-03 22:19:34,007] {taskinstance.py:1159} INFO - Dependencies all met for <TaskInstance: meu_primeiro_dag.criar_pasta scheduled__2024-10-16T00:00:00+00:00 [queued]>
[2025-02-03 22:19:34,011] {taskinstance.py:1159} INFO - Dependencies all met for <TaskInstance: meu_primeiro_dag.criar_pasta scheduled__2024-10-16T00:00:00+00:00 [queued]>
[2025-02-03 22:19:34,012] {taskinstance.py:1356} INFO - 
--------------------------------------------------------------------------------
[2025-02-03 22:19:34,012] {taskinstance.py:1357} INFO - Starting attempt 1 of 1
[2025-02-03 22:19:34,012] {taskinstance.py:1358} INFO - 
--------------------------------------------------------------------------------
[2025-02-03 22:19:34,028] {taskinstance.py:1377} INFO - Executing <Task(BashOperator): criar_pasta> on 2024-10-16 00:00:00+00:00
[2025-02-03 22:19:34,031] {standard_task_runner.py:52} INFO - Started process 41076 to run task
[2025-02-03 22:19:34,034] {standard_task_runner.py:79} INFO - Running: ['airflow', 'tasks', 'run', 'meu_primeiro_dag', 'criar_pasta', 'scheduled__2024-10-16T00:00:00+00:00', '--job-id', '46', '--raw', '--subdir', 'DAGS_FOLDER/meu_primeiro_dag.py', '--cfg-path', '/tmp/tmpftaid6od', '--error-file', '/tmp/tmp1r2368l5']
[2025-02-03 22:19:34,035] {standard_task_runner.py:80} INFO - Job 46: Subtask criar_pasta
[2025-02-03 22:19:34,068] {task_command.py:370} INFO - Running <TaskInstance: meu_primeiro_dag.criar_pasta scheduled__2024-10-16T00:00:00+00:00 [running]> on host luan-capella
[2025-02-03 22:19:34,116] {taskinstance.py:1569} INFO - Exporting the following env vars:
AIRFLOW_CTX_DAG_OWNER=airflow
AIRFLOW_CTX_DAG_ID=meu_primeiro_dag
AIRFLOW_CTX_TASK_ID=criar_pasta
AIRFLOW_CTX_EXECUTION_DATE=2024-10-16T00:00:00+00:00
AIRFLOW_CTX_TRY_NUMBER=1
AIRFLOW_CTX_DAG_RUN_ID=scheduled__2024-10-16T00:00:00+00:00
[2025-02-03 22:19:34,117] {subprocess.py:62} INFO - Tmp dir root location: 
 /tmp
[2025-02-03 22:19:34,117] {subprocess.py:74} INFO - Running command: ['bash', '-c', 'mkdir -p "/home/luan-capella/Documentos/curso_airflow/airflowalura/pasta=2024-10-17T00:00:00+00:00"']
[2025-02-03 22:19:34,127] {subprocess.py:85} INFO - Output:
[2025-02-03 22:19:34,129] {subprocess.py:96} INFO - Command exited with return code 0
[2025-02-03 22:19:34,149] {taskinstance.py:1395} INFO - Marking task as SUCCESS. dag_id=meu_primeiro_dag, task_id=criar_pasta, execution_date=20241016T000000, start_date=20250204T011934, end_date=20250204T011934
[2025-02-03 22:19:34,205] {local_task_job.py:156} INFO - Task exited with return code 0
[2025-02-03 22:19:34,234] {local_task_job.py:273} INFO - 0 downstream tasks scheduled from follow-on schedule check
