[2025-02-06 19:04:33,526] {processor.py:153} INFO - Started process (PID=7020) to work on /home/luan-capella/Documentos/curso_airflow/airflowalura/venv/lib/python3.9/site-packages/airflow/example_dags/plugins/workday.py
[2025-02-06 19:04:33,527] {processor.py:641} INFO - Processing file /home/luan-capella/Documentos/curso_airflow/airflowalura/venv/lib/python3.9/site-packages/airflow/example_dags/plugins/workday.py for tasks to queue
[2025-02-06 19:04:33,527] {logging_mixin.py:115} INFO - [2025-02-06 19:04:33,527] {dagbag.py:507} INFO - Filling up the DagBag from /home/luan-capella/Documentos/curso_airflow/airflowalura/venv/lib/python3.9/site-packages/airflow/example_dags/plugins/workday.py
[2025-02-06 19:04:33,529] {processor.py:653} WARNING - No viable dags retrieved from /home/luan-capella/Documentos/curso_airflow/airflowalura/venv/lib/python3.9/site-packages/airflow/example_dags/plugins/workday.py
[2025-02-06 19:04:33,537] {processor.py:161} INFO - Processing /home/luan-capella/Documentos/curso_airflow/airflowalura/venv/lib/python3.9/site-packages/airflow/example_dags/plugins/workday.py took 0.013 seconds
[2025-02-06 19:42:40,408] {processor.py:153} INFO - Started process (PID=13946) to work on /home/luan-capella/Documentos/curso_airflow/airflowalura/venv/lib/python3.9/site-packages/airflow/example_dags/plugins/workday.py
[2025-02-06 19:42:40,409] {processor.py:641} INFO - Processing file /home/luan-capella/Documentos/curso_airflow/airflowalura/venv/lib/python3.9/site-packages/airflow/example_dags/plugins/workday.py for tasks to queue
[2025-02-06 19:42:40,410] {logging_mixin.py:115} INFO - [2025-02-06 19:42:40,410] {dagbag.py:507} INFO - Filling up the DagBag from /home/luan-capella/Documentos/curso_airflow/airflowalura/venv/lib/python3.9/site-packages/airflow/example_dags/plugins/workday.py
[2025-02-06 19:42:40,414] {processor.py:653} WARNING - No viable dags retrieved from /home/luan-capella/Documentos/curso_airflow/airflowalura/venv/lib/python3.9/site-packages/airflow/example_dags/plugins/workday.py
[2025-02-06 19:42:40,423] {processor.py:161} INFO - Processing /home/luan-capella/Documentos/curso_airflow/airflowalura/venv/lib/python3.9/site-packages/airflow/example_dags/plugins/workday.py took 0.020 seconds
[2025-02-06 19:43:05,437] {processor.py:153} INFO - Started process (PID=14239) to work on /home/luan-capella/Documentos/curso_airflow/airflowalura/venv/lib/python3.9/site-packages/airflow/example_dags/plugins/workday.py
[2025-02-06 19:43:05,453] {processor.py:641} INFO - Processing file /home/luan-capella/Documentos/curso_airflow/airflowalura/venv/lib/python3.9/site-packages/airflow/example_dags/plugins/workday.py for tasks to queue
[2025-02-06 19:43:05,454] {logging_mixin.py:115} INFO - [2025-02-06 19:43:05,454] {dagbag.py:507} INFO - Filling up the DagBag from /home/luan-capella/Documentos/curso_airflow/airflowalura/venv/lib/python3.9/site-packages/airflow/example_dags/plugins/workday.py
[2025-02-06 19:43:05,457] {processor.py:653} WARNING - No viable dags retrieved from /home/luan-capella/Documentos/curso_airflow/airflowalura/venv/lib/python3.9/site-packages/airflow/example_dags/plugins/workday.py
[2025-02-06 19:43:05,473] {processor.py:161} INFO - Processing /home/luan-capella/Documentos/curso_airflow/airflowalura/venv/lib/python3.9/site-packages/airflow/example_dags/plugins/workday.py took 0.041 seconds
[2025-02-06 19:43:40,681] {processor.py:153} INFO - Started process (PID=14437) to work on /home/luan-capella/Documentos/curso_airflow/airflowalura/venv/lib/python3.9/site-packages/airflow/example_dags/plugins/workday.py
[2025-02-06 19:43:40,686] {processor.py:641} INFO - Processing file /home/luan-capella/Documentos/curso_airflow/airflowalura/venv/lib/python3.9/site-packages/airflow/example_dags/plugins/workday.py for tasks to queue
[2025-02-06 19:43:40,686] {logging_mixin.py:115} INFO - [2025-02-06 19:43:40,686] {dagbag.py:507} INFO - Filling up the DagBag from /home/luan-capella/Documentos/curso_airflow/airflowalura/venv/lib/python3.9/site-packages/airflow/example_dags/plugins/workday.py
[2025-02-06 19:43:40,689] {processor.py:653} WARNING - No viable dags retrieved from /home/luan-capella/Documentos/curso_airflow/airflowalura/venv/lib/python3.9/site-packages/airflow/example_dags/plugins/workday.py
[2025-02-06 19:43:40,702] {processor.py:161} INFO - Processing /home/luan-capella/Documentos/curso_airflow/airflowalura/venv/lib/python3.9/site-packages/airflow/example_dags/plugins/workday.py took 0.024 seconds
[2025-02-06 19:44:16,755] {processor.py:153} INFO - Started process (PID=14641) to work on /home/luan-capella/Documentos/curso_airflow/airflowalura/venv/lib/python3.9/site-packages/airflow/example_dags/plugins/workday.py
[2025-02-06 19:44:16,756] {processor.py:641} INFO - Processing file /home/luan-capella/Documentos/curso_airflow/airflowalura/venv/lib/python3.9/site-packages/airflow/example_dags/plugins/workday.py for tasks to queue
[2025-02-06 19:44:16,757] {logging_mixin.py:115} INFO - [2025-02-06 19:44:16,756] {dagbag.py:507} INFO - Filling up the DagBag from /home/luan-capella/Documentos/curso_airflow/airflowalura/venv/lib/python3.9/site-packages/airflow/example_dags/plugins/workday.py
[2025-02-06 19:44:16,760] {processor.py:653} WARNING - No viable dags retrieved from /home/luan-capella/Documentos/curso_airflow/airflowalura/venv/lib/python3.9/site-packages/airflow/example_dags/plugins/workday.py
[2025-02-06 19:44:16,769] {processor.py:161} INFO - Processing /home/luan-capella/Documentos/curso_airflow/airflowalura/venv/lib/python3.9/site-packages/airflow/example_dags/plugins/workday.py took 0.019 seconds
[2025-02-06 19:44:52,979] {processor.py:153} INFO - Started process (PID=14873) to work on /home/luan-capella/Documentos/curso_airflow/airflowalura/venv/lib/python3.9/site-packages/airflow/example_dags/plugins/workday.py
[2025-02-06 19:44:52,979] {processor.py:641} INFO - Processing file /home/luan-capella/Documentos/curso_airflow/airflowalura/venv/lib/python3.9/site-packages/airflow/example_dags/plugins/workday.py for tasks to queue
[2025-02-06 19:44:52,980] {logging_mixin.py:115} INFO - [2025-02-06 19:44:52,980] {dagbag.py:507} INFO - Filling up the DagBag from /home/luan-capella/Documentos/curso_airflow/airflowalura/venv/lib/python3.9/site-packages/airflow/example_dags/plugins/workday.py
[2025-02-06 19:44:52,981] {processor.py:653} WARNING - No viable dags retrieved from /home/luan-capella/Documentos/curso_airflow/airflowalura/venv/lib/python3.9/site-packages/airflow/example_dags/plugins/workday.py
[2025-02-06 19:44:52,990] {processor.py:161} INFO - Processing /home/luan-capella/Documentos/curso_airflow/airflowalura/venv/lib/python3.9/site-packages/airflow/example_dags/plugins/workday.py took 0.014 seconds
