[2025-02-03 22:20:20,936] {processor.py:153} INFO - Started process (PID=42077) to work on /home/luan-capella/Documentos/curso_airflow/airflowalura/venv/lib/python3.9/site-packages/airflow/example_dags/example_nested_branch_dag.py
[2025-02-03 22:20:20,936] {processor.py:641} INFO - Processing file /home/luan-capella/Documentos/curso_airflow/airflowalura/venv/lib/python3.9/site-packages/airflow/example_dags/example_nested_branch_dag.py for tasks to queue
[2025-02-03 22:20:20,937] {logging_mixin.py:115} INFO - [2025-02-03 22:20:20,937] {dagbag.py:507} INFO - Filling up the DagBag from /home/luan-capella/Documentos/curso_airflow/airflowalura/venv/lib/python3.9/site-packages/airflow/example_dags/example_nested_branch_dag.py
[2025-02-03 22:20:20,948] {processor.py:651} INFO - DAG(s) dict_keys(['example_nested_branch_dag']) retrieved from /home/luan-capella/Documentos/curso_airflow/airflowalura/venv/lib/python3.9/site-packages/airflow/example_dags/example_nested_branch_dag.py
[2025-02-03 22:20:20,960] {logging_mixin.py:115} INFO - [2025-02-03 22:20:20,960] {dag.py:2379} INFO - Sync 1 DAGs
[2025-02-03 22:20:20,973] {logging_mixin.py:115} INFO - [2025-02-03 22:20:20,973] {dag.py:2927} INFO - Setting next_dagrun for example_nested_branch_dag to 2025-02-03T00:00:00+00:00, run_after=2025-02-04T00:00:00+00:00
[2025-02-03 22:20:20,984] {processor.py:161} INFO - Processing /home/luan-capella/Documentos/curso_airflow/airflowalura/venv/lib/python3.9/site-packages/airflow/example_dags/example_nested_branch_dag.py took 0.054 seconds
[2025-02-03 22:21:10,851] {processor.py:153} INFO - Started process (PID=42800) to work on /home/luan-capella/Documentos/curso_airflow/airflowalura/venv/lib/python3.9/site-packages/airflow/example_dags/example_nested_branch_dag.py
[2025-02-03 22:21:10,852] {processor.py:641} INFO - Processing file /home/luan-capella/Documentos/curso_airflow/airflowalura/venv/lib/python3.9/site-packages/airflow/example_dags/example_nested_branch_dag.py for tasks to queue
[2025-02-03 22:21:10,853] {logging_mixin.py:115} INFO - [2025-02-03 22:21:10,853] {dagbag.py:507} INFO - Filling up the DagBag from /home/luan-capella/Documentos/curso_airflow/airflowalura/venv/lib/python3.9/site-packages/airflow/example_dags/example_nested_branch_dag.py
[2025-02-03 22:21:10,863] {processor.py:651} INFO - DAG(s) dict_keys(['example_nested_branch_dag']) retrieved from /home/luan-capella/Documentos/curso_airflow/airflowalura/venv/lib/python3.9/site-packages/airflow/example_dags/example_nested_branch_dag.py
[2025-02-03 22:21:10,875] {logging_mixin.py:115} INFO - [2025-02-03 22:21:10,875] {dag.py:2379} INFO - Sync 1 DAGs
[2025-02-03 22:21:10,889] {logging_mixin.py:115} INFO - [2025-02-03 22:21:10,889] {dag.py:2927} INFO - Setting next_dagrun for example_nested_branch_dag to 2025-02-03T00:00:00+00:00, run_after=2025-02-04T00:00:00+00:00
[2025-02-03 22:21:10,900] {processor.py:161} INFO - Processing /home/luan-capella/Documentos/curso_airflow/airflowalura/venv/lib/python3.9/site-packages/airflow/example_dags/example_nested_branch_dag.py took 0.054 seconds
[2025-02-03 22:21:47,472] {processor.py:153} INFO - Started process (PID=42959) to work on /home/luan-capella/Documentos/curso_airflow/airflowalura/venv/lib/python3.9/site-packages/airflow/example_dags/example_nested_branch_dag.py
[2025-02-03 22:21:47,473] {processor.py:641} INFO - Processing file /home/luan-capella/Documentos/curso_airflow/airflowalura/venv/lib/python3.9/site-packages/airflow/example_dags/example_nested_branch_dag.py for tasks to queue
[2025-02-03 22:21:47,474] {logging_mixin.py:115} INFO - [2025-02-03 22:21:47,474] {dagbag.py:507} INFO - Filling up the DagBag from /home/luan-capella/Documentos/curso_airflow/airflowalura/venv/lib/python3.9/site-packages/airflow/example_dags/example_nested_branch_dag.py
[2025-02-03 22:21:47,484] {processor.py:651} INFO - DAG(s) dict_keys(['example_nested_branch_dag']) retrieved from /home/luan-capella/Documentos/curso_airflow/airflowalura/venv/lib/python3.9/site-packages/airflow/example_dags/example_nested_branch_dag.py
[2025-02-03 22:21:47,496] {logging_mixin.py:115} INFO - [2025-02-03 22:21:47,496] {dag.py:2379} INFO - Sync 1 DAGs
[2025-02-03 22:21:47,509] {logging_mixin.py:115} INFO - [2025-02-03 22:21:47,509] {dag.py:2927} INFO - Setting next_dagrun for example_nested_branch_dag to 2025-02-03T00:00:00+00:00, run_after=2025-02-04T00:00:00+00:00
[2025-02-03 22:21:47,519] {processor.py:161} INFO - Processing /home/luan-capella/Documentos/curso_airflow/airflowalura/venv/lib/python3.9/site-packages/airflow/example_dags/example_nested_branch_dag.py took 0.052 seconds
[2025-02-03 22:22:25,238] {processor.py:153} INFO - Started process (PID=43130) to work on /home/luan-capella/Documentos/curso_airflow/airflowalura/venv/lib/python3.9/site-packages/airflow/example_dags/example_nested_branch_dag.py
[2025-02-03 22:22:25,239] {processor.py:641} INFO - Processing file /home/luan-capella/Documentos/curso_airflow/airflowalura/venv/lib/python3.9/site-packages/airflow/example_dags/example_nested_branch_dag.py for tasks to queue
[2025-02-03 22:22:25,240] {logging_mixin.py:115} INFO - [2025-02-03 22:22:25,240] {dagbag.py:507} INFO - Filling up the DagBag from /home/luan-capella/Documentos/curso_airflow/airflowalura/venv/lib/python3.9/site-packages/airflow/example_dags/example_nested_branch_dag.py
[2025-02-03 22:22:25,249] {processor.py:651} INFO - DAG(s) dict_keys(['example_nested_branch_dag']) retrieved from /home/luan-capella/Documentos/curso_airflow/airflowalura/venv/lib/python3.9/site-packages/airflow/example_dags/example_nested_branch_dag.py
[2025-02-03 22:22:25,260] {logging_mixin.py:115} INFO - [2025-02-03 22:22:25,260] {dag.py:2379} INFO - Sync 1 DAGs
[2025-02-03 22:22:25,273] {logging_mixin.py:115} INFO - [2025-02-03 22:22:25,273] {dag.py:2927} INFO - Setting next_dagrun for example_nested_branch_dag to 2025-02-03T00:00:00+00:00, run_after=2025-02-04T00:00:00+00:00
[2025-02-03 22:22:25,284] {processor.py:161} INFO - Processing /home/luan-capella/Documentos/curso_airflow/airflowalura/venv/lib/python3.9/site-packages/airflow/example_dags/example_nested_branch_dag.py took 0.051 seconds
[2025-02-03 22:23:01,289] {processor.py:153} INFO - Started process (PID=43310) to work on /home/luan-capella/Documentos/curso_airflow/airflowalura/venv/lib/python3.9/site-packages/airflow/example_dags/example_nested_branch_dag.py
[2025-02-03 22:23:01,308] {processor.py:641} INFO - Processing file /home/luan-capella/Documentos/curso_airflow/airflowalura/venv/lib/python3.9/site-packages/airflow/example_dags/example_nested_branch_dag.py for tasks to queue
[2025-02-03 22:23:01,309] {logging_mixin.py:115} INFO - [2025-02-03 22:23:01,309] {dagbag.py:507} INFO - Filling up the DagBag from /home/luan-capella/Documentos/curso_airflow/airflowalura/venv/lib/python3.9/site-packages/airflow/example_dags/example_nested_branch_dag.py
[2025-02-03 22:23:01,326] {processor.py:651} INFO - DAG(s) dict_keys(['example_nested_branch_dag']) retrieved from /home/luan-capella/Documentos/curso_airflow/airflowalura/venv/lib/python3.9/site-packages/airflow/example_dags/example_nested_branch_dag.py
[2025-02-03 22:23:01,342] {logging_mixin.py:115} INFO - [2025-02-03 22:23:01,342] {dag.py:2379} INFO - Sync 1 DAGs
[2025-02-03 22:23:01,356] {logging_mixin.py:115} INFO - [2025-02-03 22:23:01,356] {dag.py:2927} INFO - Setting next_dagrun for example_nested_branch_dag to 2025-02-03T00:00:00+00:00, run_after=2025-02-04T00:00:00+00:00
[2025-02-03 22:23:01,369] {processor.py:161} INFO - Processing /home/luan-capella/Documentos/curso_airflow/airflowalura/venv/lib/python3.9/site-packages/airflow/example_dags/example_nested_branch_dag.py took 0.085 seconds
[2025-02-03 22:23:36,172] {processor.py:153} INFO - Started process (PID=43592) to work on /home/luan-capella/Documentos/curso_airflow/airflowalura/venv/lib/python3.9/site-packages/airflow/example_dags/example_nested_branch_dag.py
[2025-02-03 22:23:36,173] {processor.py:641} INFO - Processing file /home/luan-capella/Documentos/curso_airflow/airflowalura/venv/lib/python3.9/site-packages/airflow/example_dags/example_nested_branch_dag.py for tasks to queue
[2025-02-03 22:23:36,174] {logging_mixin.py:115} INFO - [2025-02-03 22:23:36,174] {dagbag.py:507} INFO - Filling up the DagBag from /home/luan-capella/Documentos/curso_airflow/airflowalura/venv/lib/python3.9/site-packages/airflow/example_dags/example_nested_branch_dag.py
[2025-02-03 22:23:36,183] {processor.py:651} INFO - DAG(s) dict_keys(['example_nested_branch_dag']) retrieved from /home/luan-capella/Documentos/curso_airflow/airflowalura/venv/lib/python3.9/site-packages/airflow/example_dags/example_nested_branch_dag.py
[2025-02-03 22:23:36,195] {logging_mixin.py:115} INFO - [2025-02-03 22:23:36,195] {dag.py:2379} INFO - Sync 1 DAGs
[2025-02-03 22:23:36,207] {logging_mixin.py:115} INFO - [2025-02-03 22:23:36,207] {dag.py:2927} INFO - Setting next_dagrun for example_nested_branch_dag to 2025-02-03T00:00:00+00:00, run_after=2025-02-04T00:00:00+00:00
[2025-02-03 22:23:36,218] {processor.py:161} INFO - Processing /home/luan-capella/Documentos/curso_airflow/airflowalura/venv/lib/python3.9/site-packages/airflow/example_dags/example_nested_branch_dag.py took 0.051 seconds
[2025-02-03 22:24:13,898] {processor.py:153} INFO - Started process (PID=43748) to work on /home/luan-capella/Documentos/curso_airflow/airflowalura/venv/lib/python3.9/site-packages/airflow/example_dags/example_nested_branch_dag.py
[2025-02-03 22:24:13,899] {processor.py:641} INFO - Processing file /home/luan-capella/Documentos/curso_airflow/airflowalura/venv/lib/python3.9/site-packages/airflow/example_dags/example_nested_branch_dag.py for tasks to queue
[2025-02-03 22:24:13,900] {logging_mixin.py:115} INFO - [2025-02-03 22:24:13,899] {dagbag.py:507} INFO - Filling up the DagBag from /home/luan-capella/Documentos/curso_airflow/airflowalura/venv/lib/python3.9/site-packages/airflow/example_dags/example_nested_branch_dag.py
[2025-02-03 22:24:13,908] {processor.py:651} INFO - DAG(s) dict_keys(['example_nested_branch_dag']) retrieved from /home/luan-capella/Documentos/curso_airflow/airflowalura/venv/lib/python3.9/site-packages/airflow/example_dags/example_nested_branch_dag.py
[2025-02-03 22:24:13,921] {logging_mixin.py:115} INFO - [2025-02-03 22:24:13,920] {dag.py:2379} INFO - Sync 1 DAGs
[2025-02-03 22:24:13,933] {logging_mixin.py:115} INFO - [2025-02-03 22:24:13,933] {dag.py:2927} INFO - Setting next_dagrun for example_nested_branch_dag to 2025-02-03T00:00:00+00:00, run_after=2025-02-04T00:00:00+00:00
[2025-02-03 22:24:13,944] {processor.py:161} INFO - Processing /home/luan-capella/Documentos/curso_airflow/airflowalura/venv/lib/python3.9/site-packages/airflow/example_dags/example_nested_branch_dag.py took 0.052 seconds
[2025-02-03 22:24:47,670] {processor.py:153} INFO - Started process (PID=44183) to work on /home/luan-capella/Documentos/curso_airflow/airflowalura/venv/lib/python3.9/site-packages/airflow/example_dags/example_nested_branch_dag.py
[2025-02-03 22:24:47,671] {processor.py:641} INFO - Processing file /home/luan-capella/Documentos/curso_airflow/airflowalura/venv/lib/python3.9/site-packages/airflow/example_dags/example_nested_branch_dag.py for tasks to queue
[2025-02-03 22:24:47,672] {logging_mixin.py:115} INFO - [2025-02-03 22:24:47,672] {dagbag.py:507} INFO - Filling up the DagBag from /home/luan-capella/Documentos/curso_airflow/airflowalura/venv/lib/python3.9/site-packages/airflow/example_dags/example_nested_branch_dag.py
[2025-02-03 22:24:47,679] {processor.py:651} INFO - DAG(s) dict_keys(['example_nested_branch_dag']) retrieved from /home/luan-capella/Documentos/curso_airflow/airflowalura/venv/lib/python3.9/site-packages/airflow/example_dags/example_nested_branch_dag.py
[2025-02-03 22:24:47,691] {logging_mixin.py:115} INFO - [2025-02-03 22:24:47,691] {dag.py:2379} INFO - Sync 1 DAGs
[2025-02-03 22:24:47,707] {logging_mixin.py:115} INFO - [2025-02-03 22:24:47,707] {dag.py:2927} INFO - Setting next_dagrun for example_nested_branch_dag to 2025-02-03T00:00:00+00:00, run_after=2025-02-04T00:00:00+00:00
[2025-02-03 22:24:47,718] {processor.py:161} INFO - Processing /home/luan-capella/Documentos/curso_airflow/airflowalura/venv/lib/python3.9/site-packages/airflow/example_dags/example_nested_branch_dag.py took 0.050 seconds
[2025-02-03 22:25:23,910] {processor.py:153} INFO - Started process (PID=44586) to work on /home/luan-capella/Documentos/curso_airflow/airflowalura/venv/lib/python3.9/site-packages/airflow/example_dags/example_nested_branch_dag.py
[2025-02-03 22:25:23,910] {processor.py:641} INFO - Processing file /home/luan-capella/Documentos/curso_airflow/airflowalura/venv/lib/python3.9/site-packages/airflow/example_dags/example_nested_branch_dag.py for tasks to queue
[2025-02-03 22:25:23,911] {logging_mixin.py:115} INFO - [2025-02-03 22:25:23,911] {dagbag.py:507} INFO - Filling up the DagBag from /home/luan-capella/Documentos/curso_airflow/airflowalura/venv/lib/python3.9/site-packages/airflow/example_dags/example_nested_branch_dag.py
[2025-02-03 22:25:23,918] {processor.py:651} INFO - DAG(s) dict_keys(['example_nested_branch_dag']) retrieved from /home/luan-capella/Documentos/curso_airflow/airflowalura/venv/lib/python3.9/site-packages/airflow/example_dags/example_nested_branch_dag.py
[2025-02-03 22:25:23,931] {logging_mixin.py:115} INFO - [2025-02-03 22:25:23,931] {dag.py:2379} INFO - Sync 1 DAGs
[2025-02-03 22:25:23,949] {logging_mixin.py:115} INFO - [2025-02-03 22:25:23,949] {dag.py:2927} INFO - Setting next_dagrun for example_nested_branch_dag to 2025-02-03T00:00:00+00:00, run_after=2025-02-04T00:00:00+00:00
[2025-02-03 22:25:23,961] {processor.py:161} INFO - Processing /home/luan-capella/Documentos/curso_airflow/airflowalura/venv/lib/python3.9/site-packages/airflow/example_dags/example_nested_branch_dag.py took 0.054 seconds
[2025-02-03 22:25:59,995] {processor.py:153} INFO - Started process (PID=44757) to work on /home/luan-capella/Documentos/curso_airflow/airflowalura/venv/lib/python3.9/site-packages/airflow/example_dags/example_nested_branch_dag.py
[2025-02-03 22:26:00,000] {processor.py:641} INFO - Processing file /home/luan-capella/Documentos/curso_airflow/airflowalura/venv/lib/python3.9/site-packages/airflow/example_dags/example_nested_branch_dag.py for tasks to queue
[2025-02-03 22:26:00,000] {logging_mixin.py:115} INFO - [2025-02-03 22:26:00,000] {dagbag.py:507} INFO - Filling up the DagBag from /home/luan-capella/Documentos/curso_airflow/airflowalura/venv/lib/python3.9/site-packages/airflow/example_dags/example_nested_branch_dag.py
[2025-02-03 22:26:00,007] {processor.py:651} INFO - DAG(s) dict_keys(['example_nested_branch_dag']) retrieved from /home/luan-capella/Documentos/curso_airflow/airflowalura/venv/lib/python3.9/site-packages/airflow/example_dags/example_nested_branch_dag.py
[2025-02-03 22:26:00,019] {logging_mixin.py:115} INFO - [2025-02-03 22:26:00,019] {dag.py:2379} INFO - Sync 1 DAGs
[2025-02-03 22:26:00,032] {logging_mixin.py:115} INFO - [2025-02-03 22:26:00,032] {dag.py:2927} INFO - Setting next_dagrun for example_nested_branch_dag to 2025-02-03T00:00:00+00:00, run_after=2025-02-04T00:00:00+00:00
[2025-02-03 22:26:00,051] {processor.py:161} INFO - Processing /home/luan-capella/Documentos/curso_airflow/airflowalura/venv/lib/python3.9/site-packages/airflow/example_dags/example_nested_branch_dag.py took 0.060 seconds
[2025-02-03 22:26:36,137] {processor.py:153} INFO - Started process (PID=45049) to work on /home/luan-capella/Documentos/curso_airflow/airflowalura/venv/lib/python3.9/site-packages/airflow/example_dags/example_nested_branch_dag.py
[2025-02-03 22:26:36,138] {processor.py:641} INFO - Processing file /home/luan-capella/Documentos/curso_airflow/airflowalura/venv/lib/python3.9/site-packages/airflow/example_dags/example_nested_branch_dag.py for tasks to queue
[2025-02-03 22:26:36,139] {logging_mixin.py:115} INFO - [2025-02-03 22:26:36,138] {dagbag.py:507} INFO - Filling up the DagBag from /home/luan-capella/Documentos/curso_airflow/airflowalura/venv/lib/python3.9/site-packages/airflow/example_dags/example_nested_branch_dag.py
[2025-02-03 22:26:36,145] {processor.py:651} INFO - DAG(s) dict_keys(['example_nested_branch_dag']) retrieved from /home/luan-capella/Documentos/curso_airflow/airflowalura/venv/lib/python3.9/site-packages/airflow/example_dags/example_nested_branch_dag.py
[2025-02-03 22:26:36,158] {logging_mixin.py:115} INFO - [2025-02-03 22:26:36,158] {dag.py:2379} INFO - Sync 1 DAGs
[2025-02-03 22:26:36,172] {logging_mixin.py:115} INFO - [2025-02-03 22:26:36,172] {dag.py:2927} INFO - Setting next_dagrun for example_nested_branch_dag to 2025-02-03T00:00:00+00:00, run_after=2025-02-04T00:00:00+00:00
[2025-02-03 22:26:36,189] {processor.py:161} INFO - Processing /home/luan-capella/Documentos/curso_airflow/airflowalura/venv/lib/python3.9/site-packages/airflow/example_dags/example_nested_branch_dag.py took 0.054 seconds
[2025-02-03 22:27:13,749] {processor.py:153} INFO - Started process (PID=45229) to work on /home/luan-capella/Documentos/curso_airflow/airflowalura/venv/lib/python3.9/site-packages/airflow/example_dags/example_nested_branch_dag.py
[2025-02-03 22:27:13,750] {processor.py:641} INFO - Processing file /home/luan-capella/Documentos/curso_airflow/airflowalura/venv/lib/python3.9/site-packages/airflow/example_dags/example_nested_branch_dag.py for tasks to queue
[2025-02-03 22:27:13,751] {logging_mixin.py:115} INFO - [2025-02-03 22:27:13,751] {dagbag.py:507} INFO - Filling up the DagBag from /home/luan-capella/Documentos/curso_airflow/airflowalura/venv/lib/python3.9/site-packages/airflow/example_dags/example_nested_branch_dag.py
[2025-02-03 22:27:13,758] {processor.py:651} INFO - DAG(s) dict_keys(['example_nested_branch_dag']) retrieved from /home/luan-capella/Documentos/curso_airflow/airflowalura/venv/lib/python3.9/site-packages/airflow/example_dags/example_nested_branch_dag.py
[2025-02-03 22:27:13,770] {logging_mixin.py:115} INFO - [2025-02-03 22:27:13,770] {dag.py:2379} INFO - Sync 1 DAGs
[2025-02-03 22:27:13,784] {logging_mixin.py:115} INFO - [2025-02-03 22:27:13,783] {dag.py:2927} INFO - Setting next_dagrun for example_nested_branch_dag to 2025-02-03T00:00:00+00:00, run_after=2025-02-04T00:00:00+00:00
[2025-02-03 22:27:13,794] {processor.py:161} INFO - Processing /home/luan-capella/Documentos/curso_airflow/airflowalura/venv/lib/python3.9/site-packages/airflow/example_dags/example_nested_branch_dag.py took 0.050 seconds
[2025-02-03 22:27:50,328] {processor.py:153} INFO - Started process (PID=45409) to work on /home/luan-capella/Documentos/curso_airflow/airflowalura/venv/lib/python3.9/site-packages/airflow/example_dags/example_nested_branch_dag.py
[2025-02-03 22:27:50,328] {processor.py:641} INFO - Processing file /home/luan-capella/Documentos/curso_airflow/airflowalura/venv/lib/python3.9/site-packages/airflow/example_dags/example_nested_branch_dag.py for tasks to queue
[2025-02-03 22:27:50,329] {logging_mixin.py:115} INFO - [2025-02-03 22:27:50,329] {dagbag.py:507} INFO - Filling up the DagBag from /home/luan-capella/Documentos/curso_airflow/airflowalura/venv/lib/python3.9/site-packages/airflow/example_dags/example_nested_branch_dag.py
[2025-02-03 22:27:50,336] {processor.py:651} INFO - DAG(s) dict_keys(['example_nested_branch_dag']) retrieved from /home/luan-capella/Documentos/curso_airflow/airflowalura/venv/lib/python3.9/site-packages/airflow/example_dags/example_nested_branch_dag.py
[2025-02-03 22:27:50,348] {logging_mixin.py:115} INFO - [2025-02-03 22:27:50,348] {dag.py:2379} INFO - Sync 1 DAGs
[2025-02-03 22:27:50,362] {logging_mixin.py:115} INFO - [2025-02-03 22:27:50,362] {dag.py:2927} INFO - Setting next_dagrun for example_nested_branch_dag to 2025-02-03T00:00:00+00:00, run_after=2025-02-04T00:00:00+00:00
[2025-02-03 22:27:50,373] {processor.py:161} INFO - Processing /home/luan-capella/Documentos/curso_airflow/airflowalura/venv/lib/python3.9/site-packages/airflow/example_dags/example_nested_branch_dag.py took 0.048 seconds
[2025-02-03 22:28:26,145] {processor.py:153} INFO - Started process (PID=45599) to work on /home/luan-capella/Documentos/curso_airflow/airflowalura/venv/lib/python3.9/site-packages/airflow/example_dags/example_nested_branch_dag.py
[2025-02-03 22:28:26,146] {processor.py:641} INFO - Processing file /home/luan-capella/Documentos/curso_airflow/airflowalura/venv/lib/python3.9/site-packages/airflow/example_dags/example_nested_branch_dag.py for tasks to queue
[2025-02-03 22:28:26,146] {logging_mixin.py:115} INFO - [2025-02-03 22:28:26,146] {dagbag.py:507} INFO - Filling up the DagBag from /home/luan-capella/Documentos/curso_airflow/airflowalura/venv/lib/python3.9/site-packages/airflow/example_dags/example_nested_branch_dag.py
[2025-02-03 22:28:26,156] {processor.py:651} INFO - DAG(s) dict_keys(['example_nested_branch_dag']) retrieved from /home/luan-capella/Documentos/curso_airflow/airflowalura/venv/lib/python3.9/site-packages/airflow/example_dags/example_nested_branch_dag.py
[2025-02-03 22:28:26,169] {logging_mixin.py:115} INFO - [2025-02-03 22:28:26,169] {dag.py:2379} INFO - Sync 1 DAGs
[2025-02-03 22:28:26,182] {logging_mixin.py:115} INFO - [2025-02-03 22:28:26,182] {dag.py:2927} INFO - Setting next_dagrun for example_nested_branch_dag to 2025-02-03T00:00:00+00:00, run_after=2025-02-04T00:00:00+00:00
[2025-02-03 22:28:26,193] {processor.py:161} INFO - Processing /home/luan-capella/Documentos/curso_airflow/airflowalura/venv/lib/python3.9/site-packages/airflow/example_dags/example_nested_branch_dag.py took 0.053 seconds
