[2025-02-03 22:20:46,880] {processor.py:153} INFO - Started process (PID=42554) to work on /home/luan-capella/Documentos/curso_airflow/airflowalura/venv/lib/python3.9/site-packages/airflow/example_dags/example_branch_operator.py
[2025-02-03 22:20:46,881] {processor.py:641} INFO - Processing file /home/luan-capella/Documentos/curso_airflow/airflowalura/venv/lib/python3.9/site-packages/airflow/example_dags/example_branch_operator.py for tasks to queue
[2025-02-03 22:20:46,882] {logging_mixin.py:115} INFO - [2025-02-03 22:20:46,882] {dagbag.py:507} INFO - Filling up the DagBag from /home/luan-capella/Documentos/curso_airflow/airflowalura/venv/lib/python3.9/site-packages/airflow/example_dags/example_branch_operator.py
[2025-02-03 22:20:46,894] {processor.py:651} INFO - DAG(s) dict_keys(['example_branch_operator']) retrieved from /home/luan-capella/Documentos/curso_airflow/airflowalura/venv/lib/python3.9/site-packages/airflow/example_dags/example_branch_operator.py
[2025-02-03 22:20:46,908] {logging_mixin.py:115} INFO - [2025-02-03 22:20:46,908] {dag.py:2379} INFO - Sync 1 DAGs
[2025-02-03 22:20:46,923] {logging_mixin.py:115} INFO - [2025-02-03 22:20:46,923] {dag.py:2927} INFO - Setting next_dagrun for example_branch_operator to 2025-02-03T00:00:00+00:00, run_after=2025-02-04T00:00:00+00:00
[2025-02-03 22:20:46,935] {processor.py:161} INFO - Processing /home/luan-capella/Documentos/curso_airflow/airflowalura/venv/lib/python3.9/site-packages/airflow/example_dags/example_branch_operator.py took 0.062 seconds
[2025-02-03 22:21:23,455] {processor.py:153} INFO - Started process (PID=42862) to work on /home/luan-capella/Documentos/curso_airflow/airflowalura/venv/lib/python3.9/site-packages/airflow/example_dags/example_branch_operator.py
[2025-02-03 22:21:23,461] {processor.py:641} INFO - Processing file /home/luan-capella/Documentos/curso_airflow/airflowalura/venv/lib/python3.9/site-packages/airflow/example_dags/example_branch_operator.py for tasks to queue
[2025-02-03 22:21:23,461] {logging_mixin.py:115} INFO - [2025-02-03 22:21:23,461] {dagbag.py:507} INFO - Filling up the DagBag from /home/luan-capella/Documentos/curso_airflow/airflowalura/venv/lib/python3.9/site-packages/airflow/example_dags/example_branch_operator.py
[2025-02-03 22:21:23,475] {processor.py:651} INFO - DAG(s) dict_keys(['example_branch_operator']) retrieved from /home/luan-capella/Documentos/curso_airflow/airflowalura/venv/lib/python3.9/site-packages/airflow/example_dags/example_branch_operator.py
[2025-02-03 22:21:23,488] {logging_mixin.py:115} INFO - [2025-02-03 22:21:23,488] {dag.py:2379} INFO - Sync 1 DAGs
[2025-02-03 22:21:23,501] {logging_mixin.py:115} INFO - [2025-02-03 22:21:23,501] {dag.py:2927} INFO - Setting next_dagrun for example_branch_operator to 2025-02-03T00:00:00+00:00, run_after=2025-02-04T00:00:00+00:00
[2025-02-03 22:21:23,515] {processor.py:161} INFO - Processing /home/luan-capella/Documentos/curso_airflow/airflowalura/venv/lib/python3.9/site-packages/airflow/example_dags/example_branch_operator.py took 0.064 seconds
[2025-02-03 22:22:01,250] {processor.py:153} INFO - Started process (PID=43023) to work on /home/luan-capella/Documentos/curso_airflow/airflowalura/venv/lib/python3.9/site-packages/airflow/example_dags/example_branch_operator.py
[2025-02-03 22:22:01,252] {processor.py:641} INFO - Processing file /home/luan-capella/Documentos/curso_airflow/airflowalura/venv/lib/python3.9/site-packages/airflow/example_dags/example_branch_operator.py for tasks to queue
[2025-02-03 22:22:01,253] {logging_mixin.py:115} INFO - [2025-02-03 22:22:01,252] {dagbag.py:507} INFO - Filling up the DagBag from /home/luan-capella/Documentos/curso_airflow/airflowalura/venv/lib/python3.9/site-packages/airflow/example_dags/example_branch_operator.py
[2025-02-03 22:22:01,262] {processor.py:651} INFO - DAG(s) dict_keys(['example_branch_operator']) retrieved from /home/luan-capella/Documentos/curso_airflow/airflowalura/venv/lib/python3.9/site-packages/airflow/example_dags/example_branch_operator.py
[2025-02-03 22:22:01,274] {logging_mixin.py:115} INFO - [2025-02-03 22:22:01,274] {dag.py:2379} INFO - Sync 1 DAGs
[2025-02-03 22:22:01,288] {logging_mixin.py:115} INFO - [2025-02-03 22:22:01,287] {dag.py:2927} INFO - Setting next_dagrun for example_branch_operator to 2025-02-03T00:00:00+00:00, run_after=2025-02-04T00:00:00+00:00
[2025-02-03 22:22:01,298] {processor.py:161} INFO - Processing /home/luan-capella/Documentos/curso_airflow/airflowalura/venv/lib/python3.9/site-packages/airflow/example_dags/example_branch_operator.py took 0.054 seconds
[2025-02-03 22:22:38,720] {processor.py:153} INFO - Started process (PID=43195) to work on /home/luan-capella/Documentos/curso_airflow/airflowalura/venv/lib/python3.9/site-packages/airflow/example_dags/example_branch_operator.py
[2025-02-03 22:22:38,722] {processor.py:641} INFO - Processing file /home/luan-capella/Documentos/curso_airflow/airflowalura/venv/lib/python3.9/site-packages/airflow/example_dags/example_branch_operator.py for tasks to queue
[2025-02-03 22:22:38,723] {logging_mixin.py:115} INFO - [2025-02-03 22:22:38,723] {dagbag.py:507} INFO - Filling up the DagBag from /home/luan-capella/Documentos/curso_airflow/airflowalura/venv/lib/python3.9/site-packages/airflow/example_dags/example_branch_operator.py
[2025-02-03 22:22:38,734] {processor.py:651} INFO - DAG(s) dict_keys(['example_branch_operator']) retrieved from /home/luan-capella/Documentos/curso_airflow/airflowalura/venv/lib/python3.9/site-packages/airflow/example_dags/example_branch_operator.py
[2025-02-03 22:22:38,747] {logging_mixin.py:115} INFO - [2025-02-03 22:22:38,747] {dag.py:2379} INFO - Sync 1 DAGs
[2025-02-03 22:22:38,760] {logging_mixin.py:115} INFO - [2025-02-03 22:22:38,760] {dag.py:2927} INFO - Setting next_dagrun for example_branch_operator to 2025-02-03T00:00:00+00:00, run_after=2025-02-04T00:00:00+00:00
[2025-02-03 22:22:38,773] {processor.py:161} INFO - Processing /home/luan-capella/Documentos/curso_airflow/airflowalura/venv/lib/python3.9/site-packages/airflow/example_dags/example_branch_operator.py took 0.058 seconds
[2025-02-03 22:23:14,433] {processor.py:153} INFO - Started process (PID=43477) to work on /home/luan-capella/Documentos/curso_airflow/airflowalura/venv/lib/python3.9/site-packages/airflow/example_dags/example_branch_operator.py
[2025-02-03 22:23:14,435] {processor.py:641} INFO - Processing file /home/luan-capella/Documentos/curso_airflow/airflowalura/venv/lib/python3.9/site-packages/airflow/example_dags/example_branch_operator.py for tasks to queue
[2025-02-03 22:23:14,435] {logging_mixin.py:115} INFO - [2025-02-03 22:23:14,435] {dagbag.py:507} INFO - Filling up the DagBag from /home/luan-capella/Documentos/curso_airflow/airflowalura/venv/lib/python3.9/site-packages/airflow/example_dags/example_branch_operator.py
[2025-02-03 22:23:14,448] {processor.py:651} INFO - DAG(s) dict_keys(['example_branch_operator']) retrieved from /home/luan-capella/Documentos/curso_airflow/airflowalura/venv/lib/python3.9/site-packages/airflow/example_dags/example_branch_operator.py
[2025-02-03 22:23:14,461] {logging_mixin.py:115} INFO - [2025-02-03 22:23:14,461] {dag.py:2379} INFO - Sync 1 DAGs
[2025-02-03 22:23:14,475] {logging_mixin.py:115} INFO - [2025-02-03 22:23:14,475] {dag.py:2927} INFO - Setting next_dagrun for example_branch_operator to 2025-02-03T00:00:00+00:00, run_after=2025-02-04T00:00:00+00:00
[2025-02-03 22:23:14,487] {processor.py:161} INFO - Processing /home/luan-capella/Documentos/curso_airflow/airflowalura/venv/lib/python3.9/site-packages/airflow/example_dags/example_branch_operator.py took 0.059 seconds
[2025-02-03 22:23:51,656] {processor.py:153} INFO - Started process (PID=43659) to work on /home/luan-capella/Documentos/curso_airflow/airflowalura/venv/lib/python3.9/site-packages/airflow/example_dags/example_branch_operator.py
[2025-02-03 22:23:51,657] {processor.py:641} INFO - Processing file /home/luan-capella/Documentos/curso_airflow/airflowalura/venv/lib/python3.9/site-packages/airflow/example_dags/example_branch_operator.py for tasks to queue
[2025-02-03 22:23:51,658] {logging_mixin.py:115} INFO - [2025-02-03 22:23:51,657] {dagbag.py:507} INFO - Filling up the DagBag from /home/luan-capella/Documentos/curso_airflow/airflowalura/venv/lib/python3.9/site-packages/airflow/example_dags/example_branch_operator.py
[2025-02-03 22:23:51,668] {processor.py:651} INFO - DAG(s) dict_keys(['example_branch_operator']) retrieved from /home/luan-capella/Documentos/curso_airflow/airflowalura/venv/lib/python3.9/site-packages/airflow/example_dags/example_branch_operator.py
[2025-02-03 22:23:51,680] {logging_mixin.py:115} INFO - [2025-02-03 22:23:51,680] {dag.py:2379} INFO - Sync 1 DAGs
[2025-02-03 22:23:51,693] {logging_mixin.py:115} INFO - [2025-02-03 22:23:51,693] {dag.py:2927} INFO - Setting next_dagrun for example_branch_operator to 2025-02-03T00:00:00+00:00, run_after=2025-02-04T00:00:00+00:00
[2025-02-03 22:23:51,704] {processor.py:161} INFO - Processing /home/luan-capella/Documentos/curso_airflow/airflowalura/venv/lib/python3.9/site-packages/airflow/example_dags/example_branch_operator.py took 0.053 seconds
[2025-02-03 22:25:00,296] {processor.py:153} INFO - Started process (PID=44334) to work on /home/luan-capella/Documentos/curso_airflow/airflowalura/venv/lib/python3.9/site-packages/airflow/example_dags/example_branch_operator.py
[2025-02-03 22:25:00,297] {processor.py:641} INFO - Processing file /home/luan-capella/Documentos/curso_airflow/airflowalura/venv/lib/python3.9/site-packages/airflow/example_dags/example_branch_operator.py for tasks to queue
[2025-02-03 22:25:00,298] {logging_mixin.py:115} INFO - [2025-02-03 22:25:00,298] {dagbag.py:507} INFO - Filling up the DagBag from /home/luan-capella/Documentos/curso_airflow/airflowalura/venv/lib/python3.9/site-packages/airflow/example_dags/example_branch_operator.py
[2025-02-03 22:25:00,309] {processor.py:651} INFO - DAG(s) dict_keys(['example_branch_operator']) retrieved from /home/luan-capella/Documentos/curso_airflow/airflowalura/venv/lib/python3.9/site-packages/airflow/example_dags/example_branch_operator.py
[2025-02-03 22:25:00,321] {logging_mixin.py:115} INFO - [2025-02-03 22:25:00,321] {dag.py:2379} INFO - Sync 1 DAGs
[2025-02-03 22:25:00,334] {logging_mixin.py:115} INFO - [2025-02-03 22:25:00,334] {dag.py:2927} INFO - Setting next_dagrun for example_branch_operator to 2025-02-03T00:00:00+00:00, run_after=2025-02-04T00:00:00+00:00
[2025-02-03 22:25:00,346] {processor.py:161} INFO - Processing /home/luan-capella/Documentos/curso_airflow/airflowalura/venv/lib/python3.9/site-packages/airflow/example_dags/example_branch_operator.py took 0.054 seconds
[2025-02-03 22:25:38,270] {processor.py:153} INFO - Started process (PID=44649) to work on /home/luan-capella/Documentos/curso_airflow/airflowalura/venv/lib/python3.9/site-packages/airflow/example_dags/example_branch_operator.py
[2025-02-03 22:25:38,270] {processor.py:641} INFO - Processing file /home/luan-capella/Documentos/curso_airflow/airflowalura/venv/lib/python3.9/site-packages/airflow/example_dags/example_branch_operator.py for tasks to queue
[2025-02-03 22:25:38,271] {logging_mixin.py:115} INFO - [2025-02-03 22:25:38,271] {dagbag.py:507} INFO - Filling up the DagBag from /home/luan-capella/Documentos/curso_airflow/airflowalura/venv/lib/python3.9/site-packages/airflow/example_dags/example_branch_operator.py
[2025-02-03 22:25:38,280] {processor.py:651} INFO - DAG(s) dict_keys(['example_branch_operator']) retrieved from /home/luan-capella/Documentos/curso_airflow/airflowalura/venv/lib/python3.9/site-packages/airflow/example_dags/example_branch_operator.py
[2025-02-03 22:25:38,292] {logging_mixin.py:115} INFO - [2025-02-03 22:25:38,292] {dag.py:2379} INFO - Sync 1 DAGs
[2025-02-03 22:25:38,306] {logging_mixin.py:115} INFO - [2025-02-03 22:25:38,306] {dag.py:2927} INFO - Setting next_dagrun for example_branch_operator to 2025-02-03T00:00:00+00:00, run_after=2025-02-04T00:00:00+00:00
[2025-02-03 22:25:38,318] {processor.py:161} INFO - Processing /home/luan-capella/Documentos/curso_airflow/airflowalura/venv/lib/python3.9/site-packages/airflow/example_dags/example_branch_operator.py took 0.051 seconds
[2025-02-03 22:26:14,342] {processor.py:153} INFO - Started process (PID=44931) to work on /home/luan-capella/Documentos/curso_airflow/airflowalura/venv/lib/python3.9/site-packages/airflow/example_dags/example_branch_operator.py
[2025-02-03 22:26:14,342] {processor.py:641} INFO - Processing file /home/luan-capella/Documentos/curso_airflow/airflowalura/venv/lib/python3.9/site-packages/airflow/example_dags/example_branch_operator.py for tasks to queue
[2025-02-03 22:26:14,343] {logging_mixin.py:115} INFO - [2025-02-03 22:26:14,343] {dagbag.py:507} INFO - Filling up the DagBag from /home/luan-capella/Documentos/curso_airflow/airflowalura/venv/lib/python3.9/site-packages/airflow/example_dags/example_branch_operator.py
[2025-02-03 22:26:14,352] {processor.py:651} INFO - DAG(s) dict_keys(['example_branch_operator']) retrieved from /home/luan-capella/Documentos/curso_airflow/airflowalura/venv/lib/python3.9/site-packages/airflow/example_dags/example_branch_operator.py
[2025-02-03 22:26:14,364] {logging_mixin.py:115} INFO - [2025-02-03 22:26:14,364] {dag.py:2379} INFO - Sync 1 DAGs
[2025-02-03 22:26:14,378] {logging_mixin.py:115} INFO - [2025-02-03 22:26:14,377] {dag.py:2927} INFO - Setting next_dagrun for example_branch_operator to 2025-02-03T00:00:00+00:00, run_after=2025-02-04T00:00:00+00:00
[2025-02-03 22:26:14,388] {processor.py:161} INFO - Processing /home/luan-capella/Documentos/curso_airflow/airflowalura/venv/lib/python3.9/site-packages/airflow/example_dags/example_branch_operator.py took 0.049 seconds
[2025-02-03 22:26:52,298] {processor.py:153} INFO - Started process (PID=45117) to work on /home/luan-capella/Documentos/curso_airflow/airflowalura/venv/lib/python3.9/site-packages/airflow/example_dags/example_branch_operator.py
[2025-02-03 22:26:52,299] {processor.py:641} INFO - Processing file /home/luan-capella/Documentos/curso_airflow/airflowalura/venv/lib/python3.9/site-packages/airflow/example_dags/example_branch_operator.py for tasks to queue
[2025-02-03 22:26:52,300] {logging_mixin.py:115} INFO - [2025-02-03 22:26:52,300] {dagbag.py:507} INFO - Filling up the DagBag from /home/luan-capella/Documentos/curso_airflow/airflowalura/venv/lib/python3.9/site-packages/airflow/example_dags/example_branch_operator.py
[2025-02-03 22:26:52,311] {processor.py:651} INFO - DAG(s) dict_keys(['example_branch_operator']) retrieved from /home/luan-capella/Documentos/curso_airflow/airflowalura/venv/lib/python3.9/site-packages/airflow/example_dags/example_branch_operator.py
[2025-02-03 22:26:52,325] {logging_mixin.py:115} INFO - [2025-02-03 22:26:52,325] {dag.py:2379} INFO - Sync 1 DAGs
[2025-02-03 22:26:52,339] {logging_mixin.py:115} INFO - [2025-02-03 22:26:52,339] {dag.py:2927} INFO - Setting next_dagrun for example_branch_operator to 2025-02-03T00:00:00+00:00, run_after=2025-02-04T00:00:00+00:00
[2025-02-03 22:26:52,351] {processor.py:161} INFO - Processing /home/luan-capella/Documentos/curso_airflow/airflowalura/venv/lib/python3.9/site-packages/airflow/example_dags/example_branch_operator.py took 0.058 seconds
[2025-02-03 22:27:28,853] {processor.py:153} INFO - Started process (PID=45308) to work on /home/luan-capella/Documentos/curso_airflow/airflowalura/venv/lib/python3.9/site-packages/airflow/example_dags/example_branch_operator.py
[2025-02-03 22:27:28,854] {processor.py:641} INFO - Processing file /home/luan-capella/Documentos/curso_airflow/airflowalura/venv/lib/python3.9/site-packages/airflow/example_dags/example_branch_operator.py for tasks to queue
[2025-02-03 22:27:28,855] {logging_mixin.py:115} INFO - [2025-02-03 22:27:28,854] {dagbag.py:507} INFO - Filling up the DagBag from /home/luan-capella/Documentos/curso_airflow/airflowalura/venv/lib/python3.9/site-packages/airflow/example_dags/example_branch_operator.py
[2025-02-03 22:27:28,864] {processor.py:651} INFO - DAG(s) dict_keys(['example_branch_operator']) retrieved from /home/luan-capella/Documentos/curso_airflow/airflowalura/venv/lib/python3.9/site-packages/airflow/example_dags/example_branch_operator.py
[2025-02-03 22:27:28,876] {logging_mixin.py:115} INFO - [2025-02-03 22:27:28,876] {dag.py:2379} INFO - Sync 1 DAGs
[2025-02-03 22:27:28,889] {logging_mixin.py:115} INFO - [2025-02-03 22:27:28,889] {dag.py:2927} INFO - Setting next_dagrun for example_branch_operator to 2025-02-03T00:00:00+00:00, run_after=2025-02-04T00:00:00+00:00
[2025-02-03 22:27:28,900] {processor.py:161} INFO - Processing /home/luan-capella/Documentos/curso_airflow/airflowalura/venv/lib/python3.9/site-packages/airflow/example_dags/example_branch_operator.py took 0.052 seconds
[2025-02-03 22:28:05,841] {processor.py:153} INFO - Started process (PID=45471) to work on /home/luan-capella/Documentos/curso_airflow/airflowalura/venv/lib/python3.9/site-packages/airflow/example_dags/example_branch_operator.py
[2025-02-03 22:28:05,842] {processor.py:641} INFO - Processing file /home/luan-capella/Documentos/curso_airflow/airflowalura/venv/lib/python3.9/site-packages/airflow/example_dags/example_branch_operator.py for tasks to queue
[2025-02-03 22:28:05,843] {logging_mixin.py:115} INFO - [2025-02-03 22:28:05,843] {dagbag.py:507} INFO - Filling up the DagBag from /home/luan-capella/Documentos/curso_airflow/airflowalura/venv/lib/python3.9/site-packages/airflow/example_dags/example_branch_operator.py
[2025-02-03 22:28:05,853] {processor.py:651} INFO - DAG(s) dict_keys(['example_branch_operator']) retrieved from /home/luan-capella/Documentos/curso_airflow/airflowalura/venv/lib/python3.9/site-packages/airflow/example_dags/example_branch_operator.py
[2025-02-03 22:28:05,865] {logging_mixin.py:115} INFO - [2025-02-03 22:28:05,865] {dag.py:2379} INFO - Sync 1 DAGs
[2025-02-03 22:28:05,878] {logging_mixin.py:115} INFO - [2025-02-03 22:28:05,878] {dag.py:2927} INFO - Setting next_dagrun for example_branch_operator to 2025-02-03T00:00:00+00:00, run_after=2025-02-04T00:00:00+00:00
[2025-02-03 22:28:05,888] {processor.py:161} INFO - Processing /home/luan-capella/Documentos/curso_airflow/airflowalura/venv/lib/python3.9/site-packages/airflow/example_dags/example_branch_operator.py took 0.053 seconds
