[2025-02-03 22:20:40,388] {processor.py:153} INFO - Started process (PID=42458) to work on /home/luan-capella/Documentos/curso_airflow/airflowalura/venv/lib/python3.9/site-packages/airflow/example_dags/example_dag_decorator.py
[2025-02-03 22:20:40,388] {processor.py:641} INFO - Processing file /home/luan-capella/Documentos/curso_airflow/airflowalura/venv/lib/python3.9/site-packages/airflow/example_dags/example_dag_decorator.py for tasks to queue
[2025-02-03 22:20:40,389] {logging_mixin.py:115} INFO - [2025-02-03 22:20:40,389] {dagbag.py:507} INFO - Filling up the DagBag from /home/luan-capella/Documentos/curso_airflow/airflowalura/venv/lib/python3.9/site-packages/airflow/example_dags/example_dag_decorator.py
[2025-02-03 22:20:40,409] {processor.py:651} INFO - DAG(s) dict_keys(['example_dag_decorator']) retrieved from /home/luan-capella/Documentos/curso_airflow/airflowalura/venv/lib/python3.9/site-packages/airflow/example_dags/example_dag_decorator.py
[2025-02-03 22:20:40,440] {logging_mixin.py:115} INFO - [2025-02-03 22:20:40,440] {dag.py:2379} INFO - Sync 1 DAGs
[2025-02-03 22:20:40,450] {logging_mixin.py:115} INFO - [2025-02-03 22:20:40,450] {dag.py:2927} INFO - Setting next_dagrun for example_dag_decorator to None, run_after=None
[2025-02-03 22:20:40,462] {processor.py:161} INFO - Processing /home/luan-capella/Documentos/curso_airflow/airflowalura/venv/lib/python3.9/site-packages/airflow/example_dags/example_dag_decorator.py took 0.080 seconds
[2025-02-03 22:21:18,323] {processor.py:153} INFO - Started process (PID=42834) to work on /home/luan-capella/Documentos/curso_airflow/airflowalura/venv/lib/python3.9/site-packages/airflow/example_dags/example_dag_decorator.py
[2025-02-03 22:21:18,324] {processor.py:641} INFO - Processing file /home/luan-capella/Documentos/curso_airflow/airflowalura/venv/lib/python3.9/site-packages/airflow/example_dags/example_dag_decorator.py for tasks to queue
[2025-02-03 22:21:18,324] {logging_mixin.py:115} INFO - [2025-02-03 22:21:18,324] {dagbag.py:507} INFO - Filling up the DagBag from /home/luan-capella/Documentos/curso_airflow/airflowalura/venv/lib/python3.9/site-packages/airflow/example_dags/example_dag_decorator.py
[2025-02-03 22:21:18,345] {processor.py:651} INFO - DAG(s) dict_keys(['example_dag_decorator']) retrieved from /home/luan-capella/Documentos/curso_airflow/airflowalura/venv/lib/python3.9/site-packages/airflow/example_dags/example_dag_decorator.py
[2025-02-03 22:21:18,378] {logging_mixin.py:115} INFO - [2025-02-03 22:21:18,377] {dag.py:2379} INFO - Sync 1 DAGs
[2025-02-03 22:21:18,388] {logging_mixin.py:115} INFO - [2025-02-03 22:21:18,388] {dag.py:2927} INFO - Setting next_dagrun for example_dag_decorator to None, run_after=None
[2025-02-03 22:21:18,399] {processor.py:161} INFO - Processing /home/luan-capella/Documentos/curso_airflow/airflowalura/venv/lib/python3.9/site-packages/airflow/example_dags/example_dag_decorator.py took 0.081 seconds
[2025-02-03 22:21:55,812] {processor.py:153} INFO - Started process (PID=43003) to work on /home/luan-capella/Documentos/curso_airflow/airflowalura/venv/lib/python3.9/site-packages/airflow/example_dags/example_dag_decorator.py
[2025-02-03 22:21:55,813] {processor.py:641} INFO - Processing file /home/luan-capella/Documentos/curso_airflow/airflowalura/venv/lib/python3.9/site-packages/airflow/example_dags/example_dag_decorator.py for tasks to queue
[2025-02-03 22:21:55,813] {logging_mixin.py:115} INFO - [2025-02-03 22:21:55,813] {dagbag.py:507} INFO - Filling up the DagBag from /home/luan-capella/Documentos/curso_airflow/airflowalura/venv/lib/python3.9/site-packages/airflow/example_dags/example_dag_decorator.py
[2025-02-03 22:21:55,832] {processor.py:651} INFO - DAG(s) dict_keys(['example_dag_decorator']) retrieved from /home/luan-capella/Documentos/curso_airflow/airflowalura/venv/lib/python3.9/site-packages/airflow/example_dags/example_dag_decorator.py
[2025-02-03 22:21:55,843] {logging_mixin.py:115} INFO - [2025-02-03 22:21:55,843] {dag.py:2379} INFO - Sync 1 DAGs
[2025-02-03 22:21:55,857] {logging_mixin.py:115} INFO - [2025-02-03 22:21:55,857] {dag.py:2927} INFO - Setting next_dagrun for example_dag_decorator to None, run_after=None
[2025-02-03 22:21:55,868] {processor.py:161} INFO - Processing /home/luan-capella/Documentos/curso_airflow/airflowalura/venv/lib/python3.9/site-packages/airflow/example_dags/example_dag_decorator.py took 0.059 seconds
[2025-02-03 22:22:32,932] {processor.py:153} INFO - Started process (PID=43172) to work on /home/luan-capella/Documentos/curso_airflow/airflowalura/venv/lib/python3.9/site-packages/airflow/example_dags/example_dag_decorator.py
[2025-02-03 22:22:32,933] {processor.py:641} INFO - Processing file /home/luan-capella/Documentos/curso_airflow/airflowalura/venv/lib/python3.9/site-packages/airflow/example_dags/example_dag_decorator.py for tasks to queue
[2025-02-03 22:22:32,934] {logging_mixin.py:115} INFO - [2025-02-03 22:22:32,934] {dagbag.py:507} INFO - Filling up the DagBag from /home/luan-capella/Documentos/curso_airflow/airflowalura/venv/lib/python3.9/site-packages/airflow/example_dags/example_dag_decorator.py
[2025-02-03 22:22:32,952] {processor.py:651} INFO - DAG(s) dict_keys(['example_dag_decorator']) retrieved from /home/luan-capella/Documentos/curso_airflow/airflowalura/venv/lib/python3.9/site-packages/airflow/example_dags/example_dag_decorator.py
[2025-02-03 22:22:32,984] {logging_mixin.py:115} INFO - [2025-02-03 22:22:32,983] {dag.py:2379} INFO - Sync 1 DAGs
[2025-02-03 22:22:32,993] {logging_mixin.py:115} INFO - [2025-02-03 22:22:32,993] {dag.py:2927} INFO - Setting next_dagrun for example_dag_decorator to None, run_after=None
[2025-02-03 22:22:33,005] {processor.py:161} INFO - Processing /home/luan-capella/Documentos/curso_airflow/airflowalura/venv/lib/python3.9/site-packages/airflow/example_dags/example_dag_decorator.py took 0.081 seconds
[2025-02-03 22:23:09,287] {processor.py:153} INFO - Started process (PID=43404) to work on /home/luan-capella/Documentos/curso_airflow/airflowalura/venv/lib/python3.9/site-packages/airflow/example_dags/example_dag_decorator.py
[2025-02-03 22:23:09,289] {processor.py:641} INFO - Processing file /home/luan-capella/Documentos/curso_airflow/airflowalura/venv/lib/python3.9/site-packages/airflow/example_dags/example_dag_decorator.py for tasks to queue
[2025-02-03 22:23:09,289] {logging_mixin.py:115} INFO - [2025-02-03 22:23:09,289] {dagbag.py:507} INFO - Filling up the DagBag from /home/luan-capella/Documentos/curso_airflow/airflowalura/venv/lib/python3.9/site-packages/airflow/example_dags/example_dag_decorator.py
[2025-02-03 22:23:09,310] {processor.py:651} INFO - DAG(s) dict_keys(['example_dag_decorator']) retrieved from /home/luan-capella/Documentos/curso_airflow/airflowalura/venv/lib/python3.9/site-packages/airflow/example_dags/example_dag_decorator.py
[2025-02-03 22:23:09,322] {logging_mixin.py:115} INFO - [2025-02-03 22:23:09,322] {dag.py:2379} INFO - Sync 1 DAGs
[2025-02-03 22:23:09,336] {logging_mixin.py:115} INFO - [2025-02-03 22:23:09,336] {dag.py:2927} INFO - Setting next_dagrun for example_dag_decorator to None, run_after=None
[2025-02-03 22:23:09,347] {processor.py:161} INFO - Processing /home/luan-capella/Documentos/curso_airflow/airflowalura/venv/lib/python3.9/site-packages/airflow/example_dags/example_dag_decorator.py took 0.064 seconds
[2025-02-03 22:23:45,343] {processor.py:153} INFO - Started process (PID=43633) to work on /home/luan-capella/Documentos/curso_airflow/airflowalura/venv/lib/python3.9/site-packages/airflow/example_dags/example_dag_decorator.py
[2025-02-03 22:23:45,344] {processor.py:641} INFO - Processing file /home/luan-capella/Documentos/curso_airflow/airflowalura/venv/lib/python3.9/site-packages/airflow/example_dags/example_dag_decorator.py for tasks to queue
[2025-02-03 22:23:45,345] {logging_mixin.py:115} INFO - [2025-02-03 22:23:45,345] {dagbag.py:507} INFO - Filling up the DagBag from /home/luan-capella/Documentos/curso_airflow/airflowalura/venv/lib/python3.9/site-packages/airflow/example_dags/example_dag_decorator.py
[2025-02-03 22:23:45,363] {processor.py:651} INFO - DAG(s) dict_keys(['example_dag_decorator']) retrieved from /home/luan-capella/Documentos/curso_airflow/airflowalura/venv/lib/python3.9/site-packages/airflow/example_dags/example_dag_decorator.py
[2025-02-03 22:23:45,394] {logging_mixin.py:115} INFO - [2025-02-03 22:23:45,394] {dag.py:2379} INFO - Sync 1 DAGs
[2025-02-03 22:23:45,404] {logging_mixin.py:115} INFO - [2025-02-03 22:23:45,404] {dag.py:2927} INFO - Setting next_dagrun for example_dag_decorator to None, run_after=None
[2025-02-03 22:23:45,417] {processor.py:161} INFO - Processing /home/luan-capella/Documentos/curso_airflow/airflowalura/venv/lib/python3.9/site-packages/airflow/example_dags/example_dag_decorator.py took 0.078 seconds
[2025-02-03 22:24:55,134] {processor.py:153} INFO - Started process (PID=44265) to work on /home/luan-capella/Documentos/curso_airflow/airflowalura/venv/lib/python3.9/site-packages/airflow/example_dags/example_dag_decorator.py
[2025-02-03 22:24:55,135] {processor.py:641} INFO - Processing file /home/luan-capella/Documentos/curso_airflow/airflowalura/venv/lib/python3.9/site-packages/airflow/example_dags/example_dag_decorator.py for tasks to queue
[2025-02-03 22:24:55,136] {logging_mixin.py:115} INFO - [2025-02-03 22:24:55,136] {dagbag.py:507} INFO - Filling up the DagBag from /home/luan-capella/Documentos/curso_airflow/airflowalura/venv/lib/python3.9/site-packages/airflow/example_dags/example_dag_decorator.py
[2025-02-03 22:24:55,155] {processor.py:651} INFO - DAG(s) dict_keys(['example_dag_decorator']) retrieved from /home/luan-capella/Documentos/curso_airflow/airflowalura/venv/lib/python3.9/site-packages/airflow/example_dags/example_dag_decorator.py
[2025-02-03 22:24:55,187] {logging_mixin.py:115} INFO - [2025-02-03 22:24:55,187] {dag.py:2379} INFO - Sync 1 DAGs
[2025-02-03 22:24:55,197] {logging_mixin.py:115} INFO - [2025-02-03 22:24:55,197] {dag.py:2927} INFO - Setting next_dagrun for example_dag_decorator to None, run_after=None
[2025-02-03 22:24:55,211] {processor.py:161} INFO - Processing /home/luan-capella/Documentos/curso_airflow/airflowalura/venv/lib/python3.9/site-packages/airflow/example_dags/example_dag_decorator.py took 0.082 seconds
[2025-02-03 22:25:30,886] {processor.py:153} INFO - Started process (PID=44618) to work on /home/luan-capella/Documentos/curso_airflow/airflowalura/venv/lib/python3.9/site-packages/airflow/example_dags/example_dag_decorator.py
[2025-02-03 22:25:30,887] {processor.py:641} INFO - Processing file /home/luan-capella/Documentos/curso_airflow/airflowalura/venv/lib/python3.9/site-packages/airflow/example_dags/example_dag_decorator.py for tasks to queue
[2025-02-03 22:25:30,887] {logging_mixin.py:115} INFO - [2025-02-03 22:25:30,887] {dagbag.py:507} INFO - Filling up the DagBag from /home/luan-capella/Documentos/curso_airflow/airflowalura/venv/lib/python3.9/site-packages/airflow/example_dags/example_dag_decorator.py
[2025-02-03 22:25:30,903] {processor.py:651} INFO - DAG(s) dict_keys(['example_dag_decorator']) retrieved from /home/luan-capella/Documentos/curso_airflow/airflowalura/venv/lib/python3.9/site-packages/airflow/example_dags/example_dag_decorator.py
[2025-02-03 22:25:30,934] {logging_mixin.py:115} INFO - [2025-02-03 22:25:30,934] {dag.py:2379} INFO - Sync 1 DAGs
[2025-02-03 22:25:30,944] {logging_mixin.py:115} INFO - [2025-02-03 22:25:30,944] {dag.py:2927} INFO - Setting next_dagrun for example_dag_decorator to None, run_after=None
[2025-02-03 22:25:30,956] {processor.py:161} INFO - Processing /home/luan-capella/Documentos/curso_airflow/airflowalura/venv/lib/python3.9/site-packages/airflow/example_dags/example_dag_decorator.py took 0.075 seconds
[2025-02-03 22:26:07,467] {processor.py:153} INFO - Started process (PID=44849) to work on /home/luan-capella/Documentos/curso_airflow/airflowalura/venv/lib/python3.9/site-packages/airflow/example_dags/example_dag_decorator.py
[2025-02-03 22:26:07,468] {processor.py:641} INFO - Processing file /home/luan-capella/Documentos/curso_airflow/airflowalura/venv/lib/python3.9/site-packages/airflow/example_dags/example_dag_decorator.py for tasks to queue
[2025-02-03 22:26:07,469] {logging_mixin.py:115} INFO - [2025-02-03 22:26:07,469] {dagbag.py:507} INFO - Filling up the DagBag from /home/luan-capella/Documentos/curso_airflow/airflowalura/venv/lib/python3.9/site-packages/airflow/example_dags/example_dag_decorator.py
[2025-02-03 22:26:07,490] {processor.py:651} INFO - DAG(s) dict_keys(['example_dag_decorator']) retrieved from /home/luan-capella/Documentos/curso_airflow/airflowalura/venv/lib/python3.9/site-packages/airflow/example_dags/example_dag_decorator.py
[2025-02-03 22:26:07,524] {logging_mixin.py:115} INFO - [2025-02-03 22:26:07,524] {dag.py:2379} INFO - Sync 1 DAGs
[2025-02-03 22:26:07,534] {logging_mixin.py:115} INFO - [2025-02-03 22:26:07,534] {dag.py:2927} INFO - Setting next_dagrun for example_dag_decorator to None, run_after=None
[2025-02-03 22:26:07,545] {processor.py:161} INFO - Processing /home/luan-capella/Documentos/curso_airflow/airflowalura/venv/lib/python3.9/site-packages/airflow/example_dags/example_dag_decorator.py took 0.083 seconds
[2025-02-03 22:26:46,348] {processor.py:153} INFO - Started process (PID=45090) to work on /home/luan-capella/Documentos/curso_airflow/airflowalura/venv/lib/python3.9/site-packages/airflow/example_dags/example_dag_decorator.py
[2025-02-03 22:26:46,349] {processor.py:641} INFO - Processing file /home/luan-capella/Documentos/curso_airflow/airflowalura/venv/lib/python3.9/site-packages/airflow/example_dags/example_dag_decorator.py for tasks to queue
[2025-02-03 22:26:46,350] {logging_mixin.py:115} INFO - [2025-02-03 22:26:46,350] {dagbag.py:507} INFO - Filling up the DagBag from /home/luan-capella/Documentos/curso_airflow/airflowalura/venv/lib/python3.9/site-packages/airflow/example_dags/example_dag_decorator.py
[2025-02-03 22:26:46,367] {processor.py:651} INFO - DAG(s) dict_keys(['example_dag_decorator']) retrieved from /home/luan-capella/Documentos/curso_airflow/airflowalura/venv/lib/python3.9/site-packages/airflow/example_dags/example_dag_decorator.py
[2025-02-03 22:26:46,378] {logging_mixin.py:115} INFO - [2025-02-03 22:26:46,378] {dag.py:2379} INFO - Sync 1 DAGs
[2025-02-03 22:26:46,392] {logging_mixin.py:115} INFO - [2025-02-03 22:26:46,392] {dag.py:2927} INFO - Setting next_dagrun for example_dag_decorator to None, run_after=None
[2025-02-03 22:26:46,403] {processor.py:161} INFO - Processing /home/luan-capella/Documentos/curso_airflow/airflowalura/venv/lib/python3.9/site-packages/airflow/example_dags/example_dag_decorator.py took 0.060 seconds
[2025-02-03 22:27:22,750] {processor.py:153} INFO - Started process (PID=45270) to work on /home/luan-capella/Documentos/curso_airflow/airflowalura/venv/lib/python3.9/site-packages/airflow/example_dags/example_dag_decorator.py
[2025-02-03 22:27:22,751] {processor.py:641} INFO - Processing file /home/luan-capella/Documentos/curso_airflow/airflowalura/venv/lib/python3.9/site-packages/airflow/example_dags/example_dag_decorator.py for tasks to queue
[2025-02-03 22:27:22,752] {logging_mixin.py:115} INFO - [2025-02-03 22:27:22,752] {dagbag.py:507} INFO - Filling up the DagBag from /home/luan-capella/Documentos/curso_airflow/airflowalura/venv/lib/python3.9/site-packages/airflow/example_dags/example_dag_decorator.py
[2025-02-03 22:27:22,772] {processor.py:651} INFO - DAG(s) dict_keys(['example_dag_decorator']) retrieved from /home/luan-capella/Documentos/curso_airflow/airflowalura/venv/lib/python3.9/site-packages/airflow/example_dags/example_dag_decorator.py
[2025-02-03 22:27:22,805] {logging_mixin.py:115} INFO - [2025-02-03 22:27:22,805] {dag.py:2379} INFO - Sync 1 DAGs
[2025-02-03 22:27:22,815] {logging_mixin.py:115} INFO - [2025-02-03 22:27:22,815] {dag.py:2927} INFO - Setting next_dagrun for example_dag_decorator to None, run_after=None
[2025-02-03 22:27:22,827] {processor.py:161} INFO - Processing /home/luan-capella/Documentos/curso_airflow/airflowalura/venv/lib/python3.9/site-packages/airflow/example_dags/example_dag_decorator.py took 0.082 seconds
[2025-02-03 22:28:00,982] {processor.py:153} INFO - Started process (PID=45455) to work on /home/luan-capella/Documentos/curso_airflow/airflowalura/venv/lib/python3.9/site-packages/airflow/example_dags/example_dag_decorator.py
[2025-02-03 22:28:00,983] {processor.py:641} INFO - Processing file /home/luan-capella/Documentos/curso_airflow/airflowalura/venv/lib/python3.9/site-packages/airflow/example_dags/example_dag_decorator.py for tasks to queue
[2025-02-03 22:28:00,984] {logging_mixin.py:115} INFO - [2025-02-03 22:28:00,984] {dagbag.py:507} INFO - Filling up the DagBag from /home/luan-capella/Documentos/curso_airflow/airflowalura/venv/lib/python3.9/site-packages/airflow/example_dags/example_dag_decorator.py
[2025-02-03 22:28:01,003] {processor.py:651} INFO - DAG(s) dict_keys(['example_dag_decorator']) retrieved from /home/luan-capella/Documentos/curso_airflow/airflowalura/venv/lib/python3.9/site-packages/airflow/example_dags/example_dag_decorator.py
[2025-02-03 22:28:01,036] {logging_mixin.py:115} INFO - [2025-02-03 22:28:01,036] {dag.py:2379} INFO - Sync 1 DAGs
[2025-02-03 22:28:01,047] {logging_mixin.py:115} INFO - [2025-02-03 22:28:01,047] {dag.py:2927} INFO - Setting next_dagrun for example_dag_decorator to None, run_after=None
[2025-02-03 22:28:01,058] {processor.py:161} INFO - Processing /home/luan-capella/Documentos/curso_airflow/airflowalura/venv/lib/python3.9/site-packages/airflow/example_dags/example_dag_decorator.py took 0.082 seconds
