[2025-02-03 22:19:44,129] {processor.py:153} INFO - Started process (PID=41329) to work on /home/luan-capella/Documentos/curso_airflow/airflowalura/venv/lib/python3.9/site-packages/airflow/example_dags/example_xcom.py
[2025-02-03 22:19:44,129] {processor.py:641} INFO - Processing file /home/luan-capella/Documentos/curso_airflow/airflowalura/venv/lib/python3.9/site-packages/airflow/example_dags/example_xcom.py for tasks to queue
[2025-02-03 22:19:44,130] {logging_mixin.py:115} INFO - [2025-02-03 22:19:44,130] {dagbag.py:507} INFO - Filling up the DagBag from /home/luan-capella/Documentos/curso_airflow/airflowalura/venv/lib/python3.9/site-packages/airflow/example_dags/example_xcom.py
[2025-02-03 22:19:44,150] {processor.py:651} INFO - DAG(s) dict_keys(['example_xcom']) retrieved from /home/luan-capella/Documentos/curso_airflow/airflowalura/venv/lib/python3.9/site-packages/airflow/example_dags/example_xcom.py
[2025-02-03 22:19:44,187] {logging_mixin.py:115} INFO - [2025-02-03 22:19:44,187] {dag.py:2379} INFO - Sync 1 DAGs
[2025-02-03 22:19:44,198] {logging_mixin.py:115} INFO - [2025-02-03 22:19:44,198] {dag.py:2927} INFO - Setting next_dagrun for example_xcom to 2021-01-01T00:00:00+00:00, run_after=2021-01-01T00:00:00+00:00
[2025-02-03 22:19:44,223] {processor.py:161} INFO - Processing /home/luan-capella/Documentos/curso_airflow/airflowalura/venv/lib/python3.9/site-packages/airflow/example_dags/example_xcom.py took 0.100 seconds
[2025-02-03 22:20:59,367] {processor.py:153} INFO - Started process (PID=42649) to work on /home/luan-capella/Documentos/curso_airflow/airflowalura/venv/lib/python3.9/site-packages/airflow/example_dags/example_xcom.py
[2025-02-03 22:20:59,371] {processor.py:641} INFO - Processing file /home/luan-capella/Documentos/curso_airflow/airflowalura/venv/lib/python3.9/site-packages/airflow/example_dags/example_xcom.py for tasks to queue
[2025-02-03 22:20:59,371] {logging_mixin.py:115} INFO - [2025-02-03 22:20:59,371] {dagbag.py:507} INFO - Filling up the DagBag from /home/luan-capella/Documentos/curso_airflow/airflowalura/venv/lib/python3.9/site-packages/airflow/example_dags/example_xcom.py
[2025-02-03 22:20:59,385] {processor.py:651} INFO - DAG(s) dict_keys(['example_xcom']) retrieved from /home/luan-capella/Documentos/curso_airflow/airflowalura/venv/lib/python3.9/site-packages/airflow/example_dags/example_xcom.py
[2025-02-03 22:20:59,419] {logging_mixin.py:115} INFO - [2025-02-03 22:20:59,419] {dag.py:2379} INFO - Sync 1 DAGs
[2025-02-03 22:20:59,431] {logging_mixin.py:115} INFO - [2025-02-03 22:20:59,431] {dag.py:2927} INFO - Setting next_dagrun for example_xcom to 2021-01-01T00:00:00+00:00, run_after=2021-01-01T00:00:00+00:00
[2025-02-03 22:20:59,455] {processor.py:161} INFO - Processing /home/luan-capella/Documentos/curso_airflow/airflowalura/venv/lib/python3.9/site-packages/airflow/example_dags/example_xcom.py took 0.090 seconds
[2025-02-03 22:21:35,514] {processor.py:153} INFO - Started process (PID=42911) to work on /home/luan-capella/Documentos/curso_airflow/airflowalura/venv/lib/python3.9/site-packages/airflow/example_dags/example_xcom.py
[2025-02-03 22:21:35,514] {processor.py:641} INFO - Processing file /home/luan-capella/Documentos/curso_airflow/airflowalura/venv/lib/python3.9/site-packages/airflow/example_dags/example_xcom.py for tasks to queue
[2025-02-03 22:21:35,515] {logging_mixin.py:115} INFO - [2025-02-03 22:21:35,515] {dagbag.py:507} INFO - Filling up the DagBag from /home/luan-capella/Documentos/curso_airflow/airflowalura/venv/lib/python3.9/site-packages/airflow/example_dags/example_xcom.py
[2025-02-03 22:21:35,529] {processor.py:651} INFO - DAG(s) dict_keys(['example_xcom']) retrieved from /home/luan-capella/Documentos/curso_airflow/airflowalura/venv/lib/python3.9/site-packages/airflow/example_dags/example_xcom.py
[2025-02-03 22:21:35,541] {logging_mixin.py:115} INFO - [2025-02-03 22:21:35,541] {dag.py:2379} INFO - Sync 1 DAGs
[2025-02-03 22:21:35,555] {logging_mixin.py:115} INFO - [2025-02-03 22:21:35,555] {dag.py:2927} INFO - Setting next_dagrun for example_xcom to 2021-01-01T00:00:00+00:00, run_after=2021-01-01T00:00:00+00:00
[2025-02-03 22:21:35,566] {processor.py:161} INFO - Processing /home/luan-capella/Documentos/curso_airflow/airflowalura/venv/lib/python3.9/site-packages/airflow/example_dags/example_xcom.py took 0.055 seconds
[2025-02-03 22:22:13,759] {processor.py:153} INFO - Started process (PID=43072) to work on /home/luan-capella/Documentos/curso_airflow/airflowalura/venv/lib/python3.9/site-packages/airflow/example_dags/example_xcom.py
[2025-02-03 22:22:13,760] {processor.py:641} INFO - Processing file /home/luan-capella/Documentos/curso_airflow/airflowalura/venv/lib/python3.9/site-packages/airflow/example_dags/example_xcom.py for tasks to queue
[2025-02-03 22:22:13,761] {logging_mixin.py:115} INFO - [2025-02-03 22:22:13,761] {dagbag.py:507} INFO - Filling up the DagBag from /home/luan-capella/Documentos/curso_airflow/airflowalura/venv/lib/python3.9/site-packages/airflow/example_dags/example_xcom.py
[2025-02-03 22:22:13,778] {processor.py:651} INFO - DAG(s) dict_keys(['example_xcom']) retrieved from /home/luan-capella/Documentos/curso_airflow/airflowalura/venv/lib/python3.9/site-packages/airflow/example_dags/example_xcom.py
[2025-02-03 22:22:13,823] {logging_mixin.py:115} INFO - [2025-02-03 22:22:13,823] {dag.py:2379} INFO - Sync 1 DAGs
[2025-02-03 22:22:13,837] {logging_mixin.py:115} INFO - [2025-02-03 22:22:13,837] {dag.py:2927} INFO - Setting next_dagrun for example_xcom to 2021-01-01T00:00:00+00:00, run_after=2021-01-01T00:00:00+00:00
[2025-02-03 22:22:13,854] {processor.py:161} INFO - Processing /home/luan-capella/Documentos/curso_airflow/airflowalura/venv/lib/python3.9/site-packages/airflow/example_dags/example_xcom.py took 0.100 seconds
[2025-02-03 22:22:48,065] {processor.py:153} INFO - Started process (PID=43255) to work on /home/luan-capella/Documentos/curso_airflow/airflowalura/venv/lib/python3.9/site-packages/airflow/example_dags/example_xcom.py
[2025-02-03 22:22:48,066] {processor.py:641} INFO - Processing file /home/luan-capella/Documentos/curso_airflow/airflowalura/venv/lib/python3.9/site-packages/airflow/example_dags/example_xcom.py for tasks to queue
[2025-02-03 22:22:48,067] {logging_mixin.py:115} INFO - [2025-02-03 22:22:48,067] {dagbag.py:507} INFO - Filling up the DagBag from /home/luan-capella/Documentos/curso_airflow/airflowalura/venv/lib/python3.9/site-packages/airflow/example_dags/example_xcom.py
[2025-02-03 22:22:48,082] {processor.py:651} INFO - DAG(s) dict_keys(['example_xcom']) retrieved from /home/luan-capella/Documentos/curso_airflow/airflowalura/venv/lib/python3.9/site-packages/airflow/example_dags/example_xcom.py
[2025-02-03 22:22:48,113] {logging_mixin.py:115} INFO - [2025-02-03 22:22:48,113] {dag.py:2379} INFO - Sync 1 DAGs
[2025-02-03 22:22:48,124] {logging_mixin.py:115} INFO - [2025-02-03 22:22:48,124] {dag.py:2927} INFO - Setting next_dagrun for example_xcom to 2021-01-01T00:00:00+00:00, run_after=2021-01-01T00:00:00+00:00
[2025-02-03 22:22:48,136] {processor.py:161} INFO - Processing /home/luan-capella/Documentos/curso_airflow/airflowalura/venv/lib/python3.9/site-packages/airflow/example_dags/example_xcom.py took 0.073 seconds
[2025-02-03 22:23:24,688] {processor.py:153} INFO - Started process (PID=43542) to work on /home/luan-capella/Documentos/curso_airflow/airflowalura/venv/lib/python3.9/site-packages/airflow/example_dags/example_xcom.py
[2025-02-03 22:23:24,689] {processor.py:641} INFO - Processing file /home/luan-capella/Documentos/curso_airflow/airflowalura/venv/lib/python3.9/site-packages/airflow/example_dags/example_xcom.py for tasks to queue
[2025-02-03 22:23:24,689] {logging_mixin.py:115} INFO - [2025-02-03 22:23:24,689] {dagbag.py:507} INFO - Filling up the DagBag from /home/luan-capella/Documentos/curso_airflow/airflowalura/venv/lib/python3.9/site-packages/airflow/example_dags/example_xcom.py
[2025-02-03 22:23:24,702] {processor.py:651} INFO - DAG(s) dict_keys(['example_xcom']) retrieved from /home/luan-capella/Documentos/curso_airflow/airflowalura/venv/lib/python3.9/site-packages/airflow/example_dags/example_xcom.py
[2025-02-03 22:23:24,714] {logging_mixin.py:115} INFO - [2025-02-03 22:23:24,714] {dag.py:2379} INFO - Sync 1 DAGs
[2025-02-03 22:23:24,728] {logging_mixin.py:115} INFO - [2025-02-03 22:23:24,728] {dag.py:2927} INFO - Setting next_dagrun for example_xcom to 2021-01-01T00:00:00+00:00, run_after=2021-01-01T00:00:00+00:00
[2025-02-03 22:23:24,738] {processor.py:161} INFO - Processing /home/luan-capella/Documentos/curso_airflow/airflowalura/venv/lib/python3.9/site-packages/airflow/example_dags/example_xcom.py took 0.054 seconds
[2025-02-03 22:24:00,829] {processor.py:153} INFO - Started process (PID=43693) to work on /home/luan-capella/Documentos/curso_airflow/airflowalura/venv/lib/python3.9/site-packages/airflow/example_dags/example_xcom.py
[2025-02-03 22:24:00,829] {processor.py:641} INFO - Processing file /home/luan-capella/Documentos/curso_airflow/airflowalura/venv/lib/python3.9/site-packages/airflow/example_dags/example_xcom.py for tasks to queue
[2025-02-03 22:24:00,830] {logging_mixin.py:115} INFO - [2025-02-03 22:24:00,830] {dagbag.py:507} INFO - Filling up the DagBag from /home/luan-capella/Documentos/curso_airflow/airflowalura/venv/lib/python3.9/site-packages/airflow/example_dags/example_xcom.py
[2025-02-03 22:24:00,845] {processor.py:651} INFO - DAG(s) dict_keys(['example_xcom']) retrieved from /home/luan-capella/Documentos/curso_airflow/airflowalura/venv/lib/python3.9/site-packages/airflow/example_dags/example_xcom.py
[2025-02-03 22:24:00,877] {logging_mixin.py:115} INFO - [2025-02-03 22:24:00,877] {dag.py:2379} INFO - Sync 1 DAGs
[2025-02-03 22:24:00,888] {logging_mixin.py:115} INFO - [2025-02-03 22:24:00,888] {dag.py:2927} INFO - Setting next_dagrun for example_xcom to 2021-01-01T00:00:00+00:00, run_after=2021-01-01T00:00:00+00:00
[2025-02-03 22:24:00,899] {processor.py:161} INFO - Processing /home/luan-capella/Documentos/curso_airflow/airflowalura/venv/lib/python3.9/site-packages/airflow/example_dags/example_xcom.py took 0.074 seconds
[2025-02-03 22:24:36,339] {processor.py:153} INFO - Started process (PID=44030) to work on /home/luan-capella/Documentos/curso_airflow/airflowalura/venv/lib/python3.9/site-packages/airflow/example_dags/example_xcom.py
[2025-02-03 22:24:36,340] {processor.py:641} INFO - Processing file /home/luan-capella/Documentos/curso_airflow/airflowalura/venv/lib/python3.9/site-packages/airflow/example_dags/example_xcom.py for tasks to queue
[2025-02-03 22:24:36,341] {logging_mixin.py:115} INFO - [2025-02-03 22:24:36,341] {dagbag.py:507} INFO - Filling up the DagBag from /home/luan-capella/Documentos/curso_airflow/airflowalura/venv/lib/python3.9/site-packages/airflow/example_dags/example_xcom.py
[2025-02-03 22:24:36,358] {processor.py:651} INFO - DAG(s) dict_keys(['example_xcom']) retrieved from /home/luan-capella/Documentos/curso_airflow/airflowalura/venv/lib/python3.9/site-packages/airflow/example_dags/example_xcom.py
[2025-02-03 22:24:36,390] {logging_mixin.py:115} INFO - [2025-02-03 22:24:36,390] {dag.py:2379} INFO - Sync 1 DAGs
[2025-02-03 22:24:36,402] {logging_mixin.py:115} INFO - [2025-02-03 22:24:36,402] {dag.py:2927} INFO - Setting next_dagrun for example_xcom to 2021-01-01T00:00:00+00:00, run_after=2021-01-01T00:00:00+00:00
[2025-02-03 22:24:36,416] {processor.py:161} INFO - Processing /home/luan-capella/Documentos/curso_airflow/airflowalura/venv/lib/python3.9/site-packages/airflow/example_dags/example_xcom.py took 0.082 seconds
[2025-02-03 22:25:11,173] {processor.py:153} INFO - Started process (PID=44436) to work on /home/luan-capella/Documentos/curso_airflow/airflowalura/venv/lib/python3.9/site-packages/airflow/example_dags/example_xcom.py
[2025-02-03 22:25:11,174] {processor.py:641} INFO - Processing file /home/luan-capella/Documentos/curso_airflow/airflowalura/venv/lib/python3.9/site-packages/airflow/example_dags/example_xcom.py for tasks to queue
[2025-02-03 22:25:11,174] {logging_mixin.py:115} INFO - [2025-02-03 22:25:11,174] {dagbag.py:507} INFO - Filling up the DagBag from /home/luan-capella/Documentos/curso_airflow/airflowalura/venv/lib/python3.9/site-packages/airflow/example_dags/example_xcom.py
[2025-02-03 22:25:11,190] {processor.py:651} INFO - DAG(s) dict_keys(['example_xcom']) retrieved from /home/luan-capella/Documentos/curso_airflow/airflowalura/venv/lib/python3.9/site-packages/airflow/example_dags/example_xcom.py
[2025-02-03 22:25:11,221] {logging_mixin.py:115} INFO - [2025-02-03 22:25:11,221] {dag.py:2379} INFO - Sync 1 DAGs
[2025-02-03 22:25:11,232] {logging_mixin.py:115} INFO - [2025-02-03 22:25:11,232] {dag.py:2927} INFO - Setting next_dagrun for example_xcom to 2021-01-01T00:00:00+00:00, run_after=2021-01-01T00:00:00+00:00
[2025-02-03 22:25:11,244] {processor.py:161} INFO - Processing /home/luan-capella/Documentos/curso_airflow/airflowalura/venv/lib/python3.9/site-packages/airflow/example_dags/example_xcom.py took 0.074 seconds
[2025-02-03 22:25:48,506] {processor.py:153} INFO - Started process (PID=44706) to work on /home/luan-capella/Documentos/curso_airflow/airflowalura/venv/lib/python3.9/site-packages/airflow/example_dags/example_xcom.py
[2025-02-03 22:25:48,507] {processor.py:641} INFO - Processing file /home/luan-capella/Documentos/curso_airflow/airflowalura/venv/lib/python3.9/site-packages/airflow/example_dags/example_xcom.py for tasks to queue
[2025-02-03 22:25:48,508] {logging_mixin.py:115} INFO - [2025-02-03 22:25:48,507] {dagbag.py:507} INFO - Filling up the DagBag from /home/luan-capella/Documentos/curso_airflow/airflowalura/venv/lib/python3.9/site-packages/airflow/example_dags/example_xcom.py
[2025-02-03 22:25:48,521] {processor.py:651} INFO - DAG(s) dict_keys(['example_xcom']) retrieved from /home/luan-capella/Documentos/curso_airflow/airflowalura/venv/lib/python3.9/site-packages/airflow/example_dags/example_xcom.py
[2025-02-03 22:25:48,533] {logging_mixin.py:115} INFO - [2025-02-03 22:25:48,533] {dag.py:2379} INFO - Sync 1 DAGs
[2025-02-03 22:25:48,547] {logging_mixin.py:115} INFO - [2025-02-03 22:25:48,547] {dag.py:2927} INFO - Setting next_dagrun for example_xcom to 2021-01-01T00:00:00+00:00, run_after=2021-01-01T00:00:00+00:00
[2025-02-03 22:25:48,557] {processor.py:161} INFO - Processing /home/luan-capella/Documentos/curso_airflow/airflowalura/venv/lib/python3.9/site-packages/airflow/example_dags/example_xcom.py took 0.053 seconds
[2025-02-03 22:26:24,651] {processor.py:153} INFO - Started process (PID=44982) to work on /home/luan-capella/Documentos/curso_airflow/airflowalura/venv/lib/python3.9/site-packages/airflow/example_dags/example_xcom.py
[2025-02-03 22:26:24,652] {processor.py:641} INFO - Processing file /home/luan-capella/Documentos/curso_airflow/airflowalura/venv/lib/python3.9/site-packages/airflow/example_dags/example_xcom.py for tasks to queue
[2025-02-03 22:26:24,652] {logging_mixin.py:115} INFO - [2025-02-03 22:26:24,652] {dagbag.py:507} INFO - Filling up the DagBag from /home/luan-capella/Documentos/curso_airflow/airflowalura/venv/lib/python3.9/site-packages/airflow/example_dags/example_xcom.py
[2025-02-03 22:26:24,666] {processor.py:651} INFO - DAG(s) dict_keys(['example_xcom']) retrieved from /home/luan-capella/Documentos/curso_airflow/airflowalura/venv/lib/python3.9/site-packages/airflow/example_dags/example_xcom.py
[2025-02-03 22:26:24,698] {logging_mixin.py:115} INFO - [2025-02-03 22:26:24,698] {dag.py:2379} INFO - Sync 1 DAGs
[2025-02-03 22:26:24,709] {logging_mixin.py:115} INFO - [2025-02-03 22:26:24,709] {dag.py:2927} INFO - Setting next_dagrun for example_xcom to 2021-01-01T00:00:00+00:00, run_after=2021-01-01T00:00:00+00:00
[2025-02-03 22:26:24,721] {processor.py:161} INFO - Processing /home/luan-capella/Documentos/curso_airflow/airflowalura/venv/lib/python3.9/site-packages/airflow/example_dags/example_xcom.py took 0.073 seconds
[2025-02-03 22:26:59,633] {processor.py:153} INFO - Started process (PID=45163) to work on /home/luan-capella/Documentos/curso_airflow/airflowalura/venv/lib/python3.9/site-packages/airflow/example_dags/example_xcom.py
[2025-02-03 22:26:59,634] {processor.py:641} INFO - Processing file /home/luan-capella/Documentos/curso_airflow/airflowalura/venv/lib/python3.9/site-packages/airflow/example_dags/example_xcom.py for tasks to queue
[2025-02-03 22:26:59,634] {logging_mixin.py:115} INFO - [2025-02-03 22:26:59,634] {dagbag.py:507} INFO - Filling up the DagBag from /home/luan-capella/Documentos/curso_airflow/airflowalura/venv/lib/python3.9/site-packages/airflow/example_dags/example_xcom.py
[2025-02-03 22:26:59,650] {processor.py:651} INFO - DAG(s) dict_keys(['example_xcom']) retrieved from /home/luan-capella/Documentos/curso_airflow/airflowalura/venv/lib/python3.9/site-packages/airflow/example_dags/example_xcom.py
[2025-02-03 22:26:59,662] {logging_mixin.py:115} INFO - [2025-02-03 22:26:59,662] {dag.py:2379} INFO - Sync 1 DAGs
[2025-02-03 22:26:59,677] {logging_mixin.py:115} INFO - [2025-02-03 22:26:59,677] {dag.py:2927} INFO - Setting next_dagrun for example_xcom to 2021-01-01T00:00:00+00:00, run_after=2021-01-01T00:00:00+00:00
[2025-02-03 22:26:59,688] {processor.py:161} INFO - Processing /home/luan-capella/Documentos/curso_airflow/airflowalura/venv/lib/python3.9/site-packages/airflow/example_dags/example_xcom.py took 0.057 seconds
[2025-02-03 22:27:35,190] {processor.py:153} INFO - Started process (PID=45332) to work on /home/luan-capella/Documentos/curso_airflow/airflowalura/venv/lib/python3.9/site-packages/airflow/example_dags/example_xcom.py
[2025-02-03 22:27:35,192] {processor.py:641} INFO - Processing file /home/luan-capella/Documentos/curso_airflow/airflowalura/venv/lib/python3.9/site-packages/airflow/example_dags/example_xcom.py for tasks to queue
[2025-02-03 22:27:35,193] {logging_mixin.py:115} INFO - [2025-02-03 22:27:35,193] {dagbag.py:507} INFO - Filling up the DagBag from /home/luan-capella/Documentos/curso_airflow/airflowalura/venv/lib/python3.9/site-packages/airflow/example_dags/example_xcom.py
[2025-02-03 22:27:35,209] {processor.py:651} INFO - DAG(s) dict_keys(['example_xcom']) retrieved from /home/luan-capella/Documentos/curso_airflow/airflowalura/venv/lib/python3.9/site-packages/airflow/example_dags/example_xcom.py
[2025-02-03 22:27:35,241] {logging_mixin.py:115} INFO - [2025-02-03 22:27:35,241] {dag.py:2379} INFO - Sync 1 DAGs
[2025-02-03 22:27:35,252] {logging_mixin.py:115} INFO - [2025-02-03 22:27:35,252] {dag.py:2927} INFO - Setting next_dagrun for example_xcom to 2021-01-01T00:00:00+00:00, run_after=2021-01-01T00:00:00+00:00
[2025-02-03 22:27:35,264] {processor.py:161} INFO - Processing /home/luan-capella/Documentos/curso_airflow/airflowalura/venv/lib/python3.9/site-packages/airflow/example_dags/example_xcom.py took 0.079 seconds
[2025-02-03 22:28:11,861] {processor.py:153} INFO - Started process (PID=45498) to work on /home/luan-capella/Documentos/curso_airflow/airflowalura/venv/lib/python3.9/site-packages/airflow/example_dags/example_xcom.py
[2025-02-03 22:28:11,862] {processor.py:641} INFO - Processing file /home/luan-capella/Documentos/curso_airflow/airflowalura/venv/lib/python3.9/site-packages/airflow/example_dags/example_xcom.py for tasks to queue
[2025-02-03 22:28:11,863] {logging_mixin.py:115} INFO - [2025-02-03 22:28:11,863] {dagbag.py:507} INFO - Filling up the DagBag from /home/luan-capella/Documentos/curso_airflow/airflowalura/venv/lib/python3.9/site-packages/airflow/example_dags/example_xcom.py
[2025-02-03 22:28:11,879] {processor.py:651} INFO - DAG(s) dict_keys(['example_xcom']) retrieved from /home/luan-capella/Documentos/curso_airflow/airflowalura/venv/lib/python3.9/site-packages/airflow/example_dags/example_xcom.py
[2025-02-03 22:28:11,890] {logging_mixin.py:115} INFO - [2025-02-03 22:28:11,890] {dag.py:2379} INFO - Sync 1 DAGs
[2025-02-03 22:28:11,903] {logging_mixin.py:115} INFO - [2025-02-03 22:28:11,903] {dag.py:2927} INFO - Setting next_dagrun for example_xcom to 2021-01-01T00:00:00+00:00, run_after=2021-01-01T00:00:00+00:00
[2025-02-03 22:28:11,914] {processor.py:161} INFO - Processing /home/luan-capella/Documentos/curso_airflow/airflowalura/venv/lib/python3.9/site-packages/airflow/example_dags/example_xcom.py took 0.057 seconds
