[2025-02-03 22:20:43,842] {processor.py:153} INFO - Started process (PID=42531) to work on /home/luan-capella/Documentos/curso_airflow/airflowalura/venv/lib/python3.9/site-packages/airflow/example_dags/example_latest_only_with_trigger.py
[2025-02-03 22:20:43,844] {processor.py:641} INFO - Processing file /home/luan-capella/Documentos/curso_airflow/airflowalura/venv/lib/python3.9/site-packages/airflow/example_dags/example_latest_only_with_trigger.py for tasks to queue
[2025-02-03 22:20:43,845] {logging_mixin.py:115} INFO - [2025-02-03 22:20:43,845] {dagbag.py:507} INFO - Filling up the DagBag from /home/luan-capella/Documentos/curso_airflow/airflowalura/venv/lib/python3.9/site-packages/airflow/example_dags/example_latest_only_with_trigger.py
[2025-02-03 22:20:43,854] {processor.py:651} INFO - DAG(s) dict_keys(['latest_only_with_trigger']) retrieved from /home/luan-capella/Documentos/curso_airflow/airflowalura/venv/lib/python3.9/site-packages/airflow/example_dags/example_latest_only_with_trigger.py
[2025-02-03 22:20:43,866] {logging_mixin.py:115} INFO - [2025-02-03 22:20:43,866] {dag.py:2379} INFO - Sync 1 DAGs
[2025-02-03 22:20:43,879] {logging_mixin.py:115} INFO - [2025-02-03 22:20:43,879] {dag.py:2927} INFO - Setting next_dagrun for latest_only_with_trigger to 2025-02-03T21:20:43.878945+00:00, run_after=2025-02-04T01:20:43.878945+00:00
[2025-02-03 22:20:43,890] {processor.py:161} INFO - Processing /home/luan-capella/Documentos/curso_airflow/airflowalura/venv/lib/python3.9/site-packages/airflow/example_dags/example_latest_only_with_trigger.py took 0.053 seconds
[2025-02-03 22:21:20,024] {processor.py:153} INFO - Started process (PID=42840) to work on /home/luan-capella/Documentos/curso_airflow/airflowalura/venv/lib/python3.9/site-packages/airflow/example_dags/example_latest_only_with_trigger.py
[2025-02-03 22:21:20,025] {processor.py:641} INFO - Processing file /home/luan-capella/Documentos/curso_airflow/airflowalura/venv/lib/python3.9/site-packages/airflow/example_dags/example_latest_only_with_trigger.py for tasks to queue
[2025-02-03 22:21:20,026] {logging_mixin.py:115} INFO - [2025-02-03 22:21:20,025] {dagbag.py:507} INFO - Filling up the DagBag from /home/luan-capella/Documentos/curso_airflow/airflowalura/venv/lib/python3.9/site-packages/airflow/example_dags/example_latest_only_with_trigger.py
[2025-02-03 22:21:20,033] {processor.py:651} INFO - DAG(s) dict_keys(['latest_only_with_trigger']) retrieved from /home/luan-capella/Documentos/curso_airflow/airflowalura/venv/lib/python3.9/site-packages/airflow/example_dags/example_latest_only_with_trigger.py
[2025-02-03 22:21:20,046] {logging_mixin.py:115} INFO - [2025-02-03 22:21:20,046] {dag.py:2379} INFO - Sync 1 DAGs
[2025-02-03 22:21:20,058] {logging_mixin.py:115} INFO - [2025-02-03 22:21:20,058] {dag.py:2927} INFO - Setting next_dagrun for latest_only_with_trigger to 2025-02-03T21:21:20.058352+00:00, run_after=2025-02-04T01:21:20.058352+00:00
[2025-02-03 22:21:20,069] {processor.py:161} INFO - Processing /home/luan-capella/Documentos/curso_airflow/airflowalura/venv/lib/python3.9/site-packages/airflow/example_dags/example_latest_only_with_trigger.py took 0.050 seconds
[2025-02-03 22:21:58,110] {processor.py:153} INFO - Started process (PID=43013) to work on /home/luan-capella/Documentos/curso_airflow/airflowalura/venv/lib/python3.9/site-packages/airflow/example_dags/example_latest_only_with_trigger.py
[2025-02-03 22:21:58,111] {processor.py:641} INFO - Processing file /home/luan-capella/Documentos/curso_airflow/airflowalura/venv/lib/python3.9/site-packages/airflow/example_dags/example_latest_only_with_trigger.py for tasks to queue
[2025-02-03 22:21:58,111] {logging_mixin.py:115} INFO - [2025-02-03 22:21:58,111] {dagbag.py:507} INFO - Filling up the DagBag from /home/luan-capella/Documentos/curso_airflow/airflowalura/venv/lib/python3.9/site-packages/airflow/example_dags/example_latest_only_with_trigger.py
[2025-02-03 22:21:58,117] {processor.py:651} INFO - DAG(s) dict_keys(['latest_only_with_trigger']) retrieved from /home/luan-capella/Documentos/curso_airflow/airflowalura/venv/lib/python3.9/site-packages/airflow/example_dags/example_latest_only_with_trigger.py
[2025-02-03 22:21:58,130] {logging_mixin.py:115} INFO - [2025-02-03 22:21:58,130] {dag.py:2379} INFO - Sync 1 DAGs
[2025-02-03 22:21:58,143] {logging_mixin.py:115} INFO - [2025-02-03 22:21:58,143] {dag.py:2927} INFO - Setting next_dagrun for latest_only_with_trigger to 2025-02-03T21:21:58.143165+00:00, run_after=2025-02-04T01:21:58.143165+00:00
[2025-02-03 22:21:58,154] {processor.py:161} INFO - Processing /home/luan-capella/Documentos/curso_airflow/airflowalura/venv/lib/python3.9/site-packages/airflow/example_dags/example_latest_only_with_trigger.py took 0.047 seconds
[2025-02-03 22:22:36,012] {processor.py:153} INFO - Started process (PID=43187) to work on /home/luan-capella/Documentos/curso_airflow/airflowalura/venv/lib/python3.9/site-packages/airflow/example_dags/example_latest_only_with_trigger.py
[2025-02-03 22:22:36,013] {processor.py:641} INFO - Processing file /home/luan-capella/Documentos/curso_airflow/airflowalura/venv/lib/python3.9/site-packages/airflow/example_dags/example_latest_only_with_trigger.py for tasks to queue
[2025-02-03 22:22:36,013] {logging_mixin.py:115} INFO - [2025-02-03 22:22:36,013] {dagbag.py:507} INFO - Filling up the DagBag from /home/luan-capella/Documentos/curso_airflow/airflowalura/venv/lib/python3.9/site-packages/airflow/example_dags/example_latest_only_with_trigger.py
[2025-02-03 22:22:36,019] {processor.py:651} INFO - DAG(s) dict_keys(['latest_only_with_trigger']) retrieved from /home/luan-capella/Documentos/curso_airflow/airflowalura/venv/lib/python3.9/site-packages/airflow/example_dags/example_latest_only_with_trigger.py
[2025-02-03 22:22:36,033] {logging_mixin.py:115} INFO - [2025-02-03 22:22:36,033] {dag.py:2379} INFO - Sync 1 DAGs
[2025-02-03 22:22:36,048] {logging_mixin.py:115} INFO - [2025-02-03 22:22:36,048] {dag.py:2927} INFO - Setting next_dagrun for latest_only_with_trigger to 2025-02-03T21:22:36.047908+00:00, run_after=2025-02-04T01:22:36.047908+00:00
[2025-02-03 22:22:36,061] {processor.py:161} INFO - Processing /home/luan-capella/Documentos/curso_airflow/airflowalura/venv/lib/python3.9/site-packages/airflow/example_dags/example_latest_only_with_trigger.py took 0.052 seconds
[2025-02-03 22:23:11,570] {processor.py:153} INFO - Started process (PID=43416) to work on /home/luan-capella/Documentos/curso_airflow/airflowalura/venv/lib/python3.9/site-packages/airflow/example_dags/example_latest_only_with_trigger.py
[2025-02-03 22:23:11,571] {processor.py:641} INFO - Processing file /home/luan-capella/Documentos/curso_airflow/airflowalura/venv/lib/python3.9/site-packages/airflow/example_dags/example_latest_only_with_trigger.py for tasks to queue
[2025-02-03 22:23:11,572] {logging_mixin.py:115} INFO - [2025-02-03 22:23:11,572] {dagbag.py:507} INFO - Filling up the DagBag from /home/luan-capella/Documentos/curso_airflow/airflowalura/venv/lib/python3.9/site-packages/airflow/example_dags/example_latest_only_with_trigger.py
[2025-02-03 22:23:11,580] {processor.py:651} INFO - DAG(s) dict_keys(['latest_only_with_trigger']) retrieved from /home/luan-capella/Documentos/curso_airflow/airflowalura/venv/lib/python3.9/site-packages/airflow/example_dags/example_latest_only_with_trigger.py
[2025-02-03 22:23:11,593] {logging_mixin.py:115} INFO - [2025-02-03 22:23:11,592] {dag.py:2379} INFO - Sync 1 DAGs
[2025-02-03 22:23:11,605] {logging_mixin.py:115} INFO - [2025-02-03 22:23:11,605] {dag.py:2927} INFO - Setting next_dagrun for latest_only_with_trigger to 2025-02-03T21:23:11.605282+00:00, run_after=2025-02-04T01:23:11.605282+00:00
[2025-02-03 22:23:11,616] {processor.py:161} INFO - Processing /home/luan-capella/Documentos/curso_airflow/airflowalura/venv/lib/python3.9/site-packages/airflow/example_dags/example_latest_only_with_trigger.py took 0.051 seconds
[2025-02-03 22:23:48,198] {processor.py:153} INFO - Started process (PID=43647) to work on /home/luan-capella/Documentos/curso_airflow/airflowalura/venv/lib/python3.9/site-packages/airflow/example_dags/example_latest_only_with_trigger.py
[2025-02-03 22:23:48,199] {processor.py:641} INFO - Processing file /home/luan-capella/Documentos/curso_airflow/airflowalura/venv/lib/python3.9/site-packages/airflow/example_dags/example_latest_only_with_trigger.py for tasks to queue
[2025-02-03 22:23:48,200] {logging_mixin.py:115} INFO - [2025-02-03 22:23:48,200] {dagbag.py:507} INFO - Filling up the DagBag from /home/luan-capella/Documentos/curso_airflow/airflowalura/venv/lib/python3.9/site-packages/airflow/example_dags/example_latest_only_with_trigger.py
[2025-02-03 22:23:48,206] {processor.py:651} INFO - DAG(s) dict_keys(['latest_only_with_trigger']) retrieved from /home/luan-capella/Documentos/curso_airflow/airflowalura/venv/lib/python3.9/site-packages/airflow/example_dags/example_latest_only_with_trigger.py
[2025-02-03 22:23:48,218] {logging_mixin.py:115} INFO - [2025-02-03 22:23:48,218] {dag.py:2379} INFO - Sync 1 DAGs
[2025-02-03 22:23:48,230] {logging_mixin.py:115} INFO - [2025-02-03 22:23:48,230] {dag.py:2927} INFO - Setting next_dagrun for latest_only_with_trigger to 2025-02-03T21:23:48.229994+00:00, run_after=2025-02-04T01:23:48.229994+00:00
[2025-02-03 22:23:48,241] {processor.py:161} INFO - Processing /home/luan-capella/Documentos/curso_airflow/airflowalura/venv/lib/python3.9/site-packages/airflow/example_dags/example_latest_only_with_trigger.py took 0.046 seconds
[2025-02-03 22:24:56,848] {processor.py:153} INFO - Started process (PID=44323) to work on /home/luan-capella/Documentos/curso_airflow/airflowalura/venv/lib/python3.9/site-packages/airflow/example_dags/example_latest_only_with_trigger.py
[2025-02-03 22:24:56,849] {processor.py:641} INFO - Processing file /home/luan-capella/Documentos/curso_airflow/airflowalura/venv/lib/python3.9/site-packages/airflow/example_dags/example_latest_only_with_trigger.py for tasks to queue
[2025-02-03 22:24:56,850] {logging_mixin.py:115} INFO - [2025-02-03 22:24:56,850] {dagbag.py:507} INFO - Filling up the DagBag from /home/luan-capella/Documentos/curso_airflow/airflowalura/venv/lib/python3.9/site-packages/airflow/example_dags/example_latest_only_with_trigger.py
[2025-02-03 22:24:56,855] {processor.py:651} INFO - DAG(s) dict_keys(['latest_only_with_trigger']) retrieved from /home/luan-capella/Documentos/curso_airflow/airflowalura/venv/lib/python3.9/site-packages/airflow/example_dags/example_latest_only_with_trigger.py
[2025-02-03 22:24:56,869] {logging_mixin.py:115} INFO - [2025-02-03 22:24:56,869] {dag.py:2379} INFO - Sync 1 DAGs
[2025-02-03 22:24:56,882] {logging_mixin.py:115} INFO - [2025-02-03 22:24:56,882] {dag.py:2927} INFO - Setting next_dagrun for latest_only_with_trigger to 2025-02-03T21:24:56.882692+00:00, run_after=2025-02-04T01:24:56.882692+00:00
[2025-02-03 22:24:56,896] {processor.py:161} INFO - Processing /home/luan-capella/Documentos/curso_airflow/airflowalura/venv/lib/python3.9/site-packages/airflow/example_dags/example_latest_only_with_trigger.py took 0.054 seconds
[2025-02-03 22:25:33,110] {processor.py:153} INFO - Started process (PID=44626) to work on /home/luan-capella/Documentos/curso_airflow/airflowalura/venv/lib/python3.9/site-packages/airflow/example_dags/example_latest_only_with_trigger.py
[2025-02-03 22:25:33,115] {processor.py:641} INFO - Processing file /home/luan-capella/Documentos/curso_airflow/airflowalura/venv/lib/python3.9/site-packages/airflow/example_dags/example_latest_only_with_trigger.py for tasks to queue
[2025-02-03 22:25:33,115] {logging_mixin.py:115} INFO - [2025-02-03 22:25:33,115] {dagbag.py:507} INFO - Filling up the DagBag from /home/luan-capella/Documentos/curso_airflow/airflowalura/venv/lib/python3.9/site-packages/airflow/example_dags/example_latest_only_with_trigger.py
[2025-02-03 22:25:33,119] {processor.py:651} INFO - DAG(s) dict_keys(['latest_only_with_trigger']) retrieved from /home/luan-capella/Documentos/curso_airflow/airflowalura/venv/lib/python3.9/site-packages/airflow/example_dags/example_latest_only_with_trigger.py
[2025-02-03 22:25:33,132] {logging_mixin.py:115} INFO - [2025-02-03 22:25:33,132] {dag.py:2379} INFO - Sync 1 DAGs
[2025-02-03 22:25:33,146] {logging_mixin.py:115} INFO - [2025-02-03 22:25:33,146] {dag.py:2927} INFO - Setting next_dagrun for latest_only_with_trigger to 2025-02-03T21:25:33.146640+00:00, run_after=2025-02-04T01:25:33.146640+00:00
[2025-02-03 22:25:33,168] {processor.py:161} INFO - Processing /home/luan-capella/Documentos/curso_airflow/airflowalura/venv/lib/python3.9/site-packages/airflow/example_dags/example_latest_only_with_trigger.py took 0.061 seconds
[2025-02-03 22:26:11,482] {processor.py:153} INFO - Started process (PID=44919) to work on /home/luan-capella/Documentos/curso_airflow/airflowalura/venv/lib/python3.9/site-packages/airflow/example_dags/example_latest_only_with_trigger.py
[2025-02-03 22:26:11,483] {processor.py:641} INFO - Processing file /home/luan-capella/Documentos/curso_airflow/airflowalura/venv/lib/python3.9/site-packages/airflow/example_dags/example_latest_only_with_trigger.py for tasks to queue
[2025-02-03 22:26:11,483] {logging_mixin.py:115} INFO - [2025-02-03 22:26:11,483] {dagbag.py:507} INFO - Filling up the DagBag from /home/luan-capella/Documentos/curso_airflow/airflowalura/venv/lib/python3.9/site-packages/airflow/example_dags/example_latest_only_with_trigger.py
[2025-02-03 22:26:11,488] {processor.py:651} INFO - DAG(s) dict_keys(['latest_only_with_trigger']) retrieved from /home/luan-capella/Documentos/curso_airflow/airflowalura/venv/lib/python3.9/site-packages/airflow/example_dags/example_latest_only_with_trigger.py
[2025-02-03 22:26:11,500] {logging_mixin.py:115} INFO - [2025-02-03 22:26:11,500] {dag.py:2379} INFO - Sync 1 DAGs
[2025-02-03 22:26:11,513] {logging_mixin.py:115} INFO - [2025-02-03 22:26:11,513] {dag.py:2927} INFO - Setting next_dagrun for latest_only_with_trigger to 2025-02-03T21:26:11.513027+00:00, run_after=2025-02-04T01:26:11.513027+00:00
[2025-02-03 22:26:11,525] {processor.py:161} INFO - Processing /home/luan-capella/Documentos/curso_airflow/airflowalura/venv/lib/python3.9/site-packages/airflow/example_dags/example_latest_only_with_trigger.py took 0.045 seconds
[2025-02-03 22:26:48,643] {processor.py:153} INFO - Started process (PID=45103) to work on /home/luan-capella/Documentos/curso_airflow/airflowalura/venv/lib/python3.9/site-packages/airflow/example_dags/example_latest_only_with_trigger.py
[2025-02-03 22:26:48,644] {processor.py:641} INFO - Processing file /home/luan-capella/Documentos/curso_airflow/airflowalura/venv/lib/python3.9/site-packages/airflow/example_dags/example_latest_only_with_trigger.py for tasks to queue
[2025-02-03 22:26:48,645] {logging_mixin.py:115} INFO - [2025-02-03 22:26:48,645] {dagbag.py:507} INFO - Filling up the DagBag from /home/luan-capella/Documentos/curso_airflow/airflowalura/venv/lib/python3.9/site-packages/airflow/example_dags/example_latest_only_with_trigger.py
[2025-02-03 22:26:48,653] {processor.py:651} INFO - DAG(s) dict_keys(['latest_only_with_trigger']) retrieved from /home/luan-capella/Documentos/curso_airflow/airflowalura/venv/lib/python3.9/site-packages/airflow/example_dags/example_latest_only_with_trigger.py
[2025-02-03 22:26:48,665] {logging_mixin.py:115} INFO - [2025-02-03 22:26:48,665] {dag.py:2379} INFO - Sync 1 DAGs
[2025-02-03 22:26:48,677] {logging_mixin.py:115} INFO - [2025-02-03 22:26:48,677] {dag.py:2927} INFO - Setting next_dagrun for latest_only_with_trigger to 2025-02-03T21:26:48.677093+00:00, run_after=2025-02-04T01:26:48.677093+00:00
[2025-02-03 22:26:48,688] {processor.py:161} INFO - Processing /home/luan-capella/Documentos/curso_airflow/airflowalura/venv/lib/python3.9/site-packages/airflow/example_dags/example_latest_only_with_trigger.py took 0.049 seconds
[2025-02-03 22:27:25,040] {processor.py:153} INFO - Started process (PID=45282) to work on /home/luan-capella/Documentos/curso_airflow/airflowalura/venv/lib/python3.9/site-packages/airflow/example_dags/example_latest_only_with_trigger.py
[2025-02-03 22:27:25,041] {processor.py:641} INFO - Processing file /home/luan-capella/Documentos/curso_airflow/airflowalura/venv/lib/python3.9/site-packages/airflow/example_dags/example_latest_only_with_trigger.py for tasks to queue
[2025-02-03 22:27:25,042] {logging_mixin.py:115} INFO - [2025-02-03 22:27:25,041] {dagbag.py:507} INFO - Filling up the DagBag from /home/luan-capella/Documentos/curso_airflow/airflowalura/venv/lib/python3.9/site-packages/airflow/example_dags/example_latest_only_with_trigger.py
[2025-02-03 22:27:25,047] {processor.py:651} INFO - DAG(s) dict_keys(['latest_only_with_trigger']) retrieved from /home/luan-capella/Documentos/curso_airflow/airflowalura/venv/lib/python3.9/site-packages/airflow/example_dags/example_latest_only_with_trigger.py
[2025-02-03 22:27:25,060] {logging_mixin.py:115} INFO - [2025-02-03 22:27:25,060] {dag.py:2379} INFO - Sync 1 DAGs
[2025-02-03 22:27:25,073] {logging_mixin.py:115} INFO - [2025-02-03 22:27:25,073] {dag.py:2927} INFO - Setting next_dagrun for latest_only_with_trigger to 2025-02-03T21:27:25.073604+00:00, run_after=2025-02-04T01:27:25.073604+00:00
[2025-02-03 22:27:25,085] {processor.py:161} INFO - Processing /home/luan-capella/Documentos/curso_airflow/airflowalura/venv/lib/python3.9/site-packages/airflow/example_dags/example_latest_only_with_trigger.py took 0.048 seconds
[2025-02-03 22:28:03,190] {processor.py:153} INFO - Started process (PID=45465) to work on /home/luan-capella/Documentos/curso_airflow/airflowalura/venv/lib/python3.9/site-packages/airflow/example_dags/example_latest_only_with_trigger.py
[2025-02-03 22:28:03,191] {processor.py:641} INFO - Processing file /home/luan-capella/Documentos/curso_airflow/airflowalura/venv/lib/python3.9/site-packages/airflow/example_dags/example_latest_only_with_trigger.py for tasks to queue
[2025-02-03 22:28:03,191] {logging_mixin.py:115} INFO - [2025-02-03 22:28:03,191] {dagbag.py:507} INFO - Filling up the DagBag from /home/luan-capella/Documentos/curso_airflow/airflowalura/venv/lib/python3.9/site-packages/airflow/example_dags/example_latest_only_with_trigger.py
[2025-02-03 22:28:03,195] {processor.py:651} INFO - DAG(s) dict_keys(['latest_only_with_trigger']) retrieved from /home/luan-capella/Documentos/curso_airflow/airflowalura/venv/lib/python3.9/site-packages/airflow/example_dags/example_latest_only_with_trigger.py
[2025-02-03 22:28:03,206] {logging_mixin.py:115} INFO - [2025-02-03 22:28:03,206] {dag.py:2379} INFO - Sync 1 DAGs
[2025-02-03 22:28:03,221] {logging_mixin.py:115} INFO - [2025-02-03 22:28:03,221] {dag.py:2927} INFO - Setting next_dagrun for latest_only_with_trigger to 2025-02-03T21:28:03.220828+00:00, run_after=2025-02-04T01:28:03.220828+00:00
[2025-02-03 22:28:03,238] {processor.py:161} INFO - Processing /home/luan-capella/Documentos/curso_airflow/airflowalura/venv/lib/python3.9/site-packages/airflow/example_dags/example_latest_only_with_trigger.py took 0.050 seconds
