[2025-02-03 22:19:56,841] {processor.py:153} INFO - Started process (PID=41557) to work on /home/luan-capella/Documentos/curso_airflow/airflowalura/venv/lib/python3.9/site-packages/airflow/example_dags/example_trigger_target_dag.py
[2025-02-03 22:19:56,842] {processor.py:641} INFO - Processing file /home/luan-capella/Documentos/curso_airflow/airflowalura/venv/lib/python3.9/site-packages/airflow/example_dags/example_trigger_target_dag.py for tasks to queue
[2025-02-03 22:19:56,843] {logging_mixin.py:115} INFO - [2025-02-03 22:19:56,843] {dagbag.py:507} INFO - Filling up the DagBag from /home/luan-capella/Documentos/curso_airflow/airflowalura/venv/lib/python3.9/site-packages/airflow/example_dags/example_trigger_target_dag.py
[2025-02-03 22:19:56,859] {processor.py:651} INFO - DAG(s) dict_keys(['example_trigger_target_dag']) retrieved from /home/luan-capella/Documentos/curso_airflow/airflowalura/venv/lib/python3.9/site-packages/airflow/example_dags/example_trigger_target_dag.py
[2025-02-03 22:19:56,872] {logging_mixin.py:115} INFO - [2025-02-03 22:19:56,872] {dag.py:2379} INFO - Sync 1 DAGs
[2025-02-03 22:19:56,886] {logging_mixin.py:115} INFO - [2025-02-03 22:19:56,886] {dag.py:2927} INFO - Setting next_dagrun for example_trigger_target_dag to None, run_after=None
[2025-02-03 22:19:56,899] {processor.py:161} INFO - Processing /home/luan-capella/Documentos/curso_airflow/airflowalura/venv/lib/python3.9/site-packages/airflow/example_dags/example_trigger_target_dag.py took 0.063 seconds
[2025-02-03 22:21:03,173] {processor.py:153} INFO - Started process (PID=42722) to work on /home/luan-capella/Documentos/curso_airflow/airflowalura/venv/lib/python3.9/site-packages/airflow/example_dags/example_trigger_target_dag.py
[2025-02-03 22:21:03,174] {processor.py:641} INFO - Processing file /home/luan-capella/Documentos/curso_airflow/airflowalura/venv/lib/python3.9/site-packages/airflow/example_dags/example_trigger_target_dag.py for tasks to queue
[2025-02-03 22:21:03,175] {logging_mixin.py:115} INFO - [2025-02-03 22:21:03,175] {dagbag.py:507} INFO - Filling up the DagBag from /home/luan-capella/Documentos/curso_airflow/airflowalura/venv/lib/python3.9/site-packages/airflow/example_dags/example_trigger_target_dag.py
[2025-02-03 22:21:03,190] {processor.py:651} INFO - DAG(s) dict_keys(['example_trigger_target_dag']) retrieved from /home/luan-capella/Documentos/curso_airflow/airflowalura/venv/lib/python3.9/site-packages/airflow/example_dags/example_trigger_target_dag.py
[2025-02-03 22:21:03,202] {logging_mixin.py:115} INFO - [2025-02-03 22:21:03,201] {dag.py:2379} INFO - Sync 1 DAGs
[2025-02-03 22:21:03,216] {logging_mixin.py:115} INFO - [2025-02-03 22:21:03,216] {dag.py:2927} INFO - Setting next_dagrun for example_trigger_target_dag to None, run_after=None
[2025-02-03 22:21:03,229] {processor.py:161} INFO - Processing /home/luan-capella/Documentos/curso_airflow/airflowalura/venv/lib/python3.9/site-packages/airflow/example_dags/example_trigger_target_dag.py took 0.060 seconds
[2025-02-03 22:21:39,519] {processor.py:153} INFO - Started process (PID=42930) to work on /home/luan-capella/Documentos/curso_airflow/airflowalura/venv/lib/python3.9/site-packages/airflow/example_dags/example_trigger_target_dag.py
[2025-02-03 22:21:39,520] {processor.py:641} INFO - Processing file /home/luan-capella/Documentos/curso_airflow/airflowalura/venv/lib/python3.9/site-packages/airflow/example_dags/example_trigger_target_dag.py for tasks to queue
[2025-02-03 22:21:39,521] {logging_mixin.py:115} INFO - [2025-02-03 22:21:39,521] {dagbag.py:507} INFO - Filling up the DagBag from /home/luan-capella/Documentos/curso_airflow/airflowalura/venv/lib/python3.9/site-packages/airflow/example_dags/example_trigger_target_dag.py
[2025-02-03 22:21:39,535] {processor.py:651} INFO - DAG(s) dict_keys(['example_trigger_target_dag']) retrieved from /home/luan-capella/Documentos/curso_airflow/airflowalura/venv/lib/python3.9/site-packages/airflow/example_dags/example_trigger_target_dag.py
[2025-02-03 22:21:39,547] {logging_mixin.py:115} INFO - [2025-02-03 22:21:39,547] {dag.py:2379} INFO - Sync 1 DAGs
[2025-02-03 22:21:39,560] {logging_mixin.py:115} INFO - [2025-02-03 22:21:39,560] {dag.py:2927} INFO - Setting next_dagrun for example_trigger_target_dag to None, run_after=None
[2025-02-03 22:21:39,571] {processor.py:161} INFO - Processing /home/luan-capella/Documentos/curso_airflow/airflowalura/venv/lib/python3.9/site-packages/airflow/example_dags/example_trigger_target_dag.py took 0.056 seconds
[2025-02-03 22:22:16,628] {processor.py:153} INFO - Started process (PID=43094) to work on /home/luan-capella/Documentos/curso_airflow/airflowalura/venv/lib/python3.9/site-packages/airflow/example_dags/example_trigger_target_dag.py
[2025-02-03 22:22:16,628] {processor.py:641} INFO - Processing file /home/luan-capella/Documentos/curso_airflow/airflowalura/venv/lib/python3.9/site-packages/airflow/example_dags/example_trigger_target_dag.py for tasks to queue
[2025-02-03 22:22:16,629] {logging_mixin.py:115} INFO - [2025-02-03 22:22:16,629] {dagbag.py:507} INFO - Filling up the DagBag from /home/luan-capella/Documentos/curso_airflow/airflowalura/venv/lib/python3.9/site-packages/airflow/example_dags/example_trigger_target_dag.py
[2025-02-03 22:22:16,640] {processor.py:651} INFO - DAG(s) dict_keys(['example_trigger_target_dag']) retrieved from /home/luan-capella/Documentos/curso_airflow/airflowalura/venv/lib/python3.9/site-packages/airflow/example_dags/example_trigger_target_dag.py
[2025-02-03 22:22:16,651] {logging_mixin.py:115} INFO - [2025-02-03 22:22:16,651] {dag.py:2379} INFO - Sync 1 DAGs
[2025-02-03 22:22:16,665] {logging_mixin.py:115} INFO - [2025-02-03 22:22:16,665] {dag.py:2927} INFO - Setting next_dagrun for example_trigger_target_dag to None, run_after=None
[2025-02-03 22:22:16,675] {processor.py:161} INFO - Processing /home/luan-capella/Documentos/curso_airflow/airflowalura/venv/lib/python3.9/site-packages/airflow/example_dags/example_trigger_target_dag.py took 0.053 seconds
[2025-02-03 22:22:52,673] {processor.py:153} INFO - Started process (PID=43275) to work on /home/luan-capella/Documentos/curso_airflow/airflowalura/venv/lib/python3.9/site-packages/airflow/example_dags/example_trigger_target_dag.py
[2025-02-03 22:22:52,674] {processor.py:641} INFO - Processing file /home/luan-capella/Documentos/curso_airflow/airflowalura/venv/lib/python3.9/site-packages/airflow/example_dags/example_trigger_target_dag.py for tasks to queue
[2025-02-03 22:22:52,675] {logging_mixin.py:115} INFO - [2025-02-03 22:22:52,675] {dagbag.py:507} INFO - Filling up the DagBag from /home/luan-capella/Documentos/curso_airflow/airflowalura/venv/lib/python3.9/site-packages/airflow/example_dags/example_trigger_target_dag.py
[2025-02-03 22:22:52,688] {processor.py:651} INFO - DAG(s) dict_keys(['example_trigger_target_dag']) retrieved from /home/luan-capella/Documentos/curso_airflow/airflowalura/venv/lib/python3.9/site-packages/airflow/example_dags/example_trigger_target_dag.py
[2025-02-03 22:22:52,699] {logging_mixin.py:115} INFO - [2025-02-03 22:22:52,699] {dag.py:2379} INFO - Sync 1 DAGs
[2025-02-03 22:22:52,712] {logging_mixin.py:115} INFO - [2025-02-03 22:22:52,712] {dag.py:2927} INFO - Setting next_dagrun for example_trigger_target_dag to None, run_after=None
[2025-02-03 22:22:52,723] {processor.py:161} INFO - Processing /home/luan-capella/Documentos/curso_airflow/airflowalura/venv/lib/python3.9/site-packages/airflow/example_dags/example_trigger_target_dag.py took 0.056 seconds
[2025-02-03 22:23:28,700] {processor.py:153} INFO - Started process (PID=43560) to work on /home/luan-capella/Documentos/curso_airflow/airflowalura/venv/lib/python3.9/site-packages/airflow/example_dags/example_trigger_target_dag.py
[2025-02-03 22:23:28,701] {processor.py:641} INFO - Processing file /home/luan-capella/Documentos/curso_airflow/airflowalura/venv/lib/python3.9/site-packages/airflow/example_dags/example_trigger_target_dag.py for tasks to queue
[2025-02-03 22:23:28,702] {logging_mixin.py:115} INFO - [2025-02-03 22:23:28,702] {dagbag.py:507} INFO - Filling up the DagBag from /home/luan-capella/Documentos/curso_airflow/airflowalura/venv/lib/python3.9/site-packages/airflow/example_dags/example_trigger_target_dag.py
[2025-02-03 22:23:28,713] {processor.py:651} INFO - DAG(s) dict_keys(['example_trigger_target_dag']) retrieved from /home/luan-capella/Documentos/curso_airflow/airflowalura/venv/lib/python3.9/site-packages/airflow/example_dags/example_trigger_target_dag.py
[2025-02-03 22:23:28,724] {logging_mixin.py:115} INFO - [2025-02-03 22:23:28,724] {dag.py:2379} INFO - Sync 1 DAGs
[2025-02-03 22:23:28,737] {logging_mixin.py:115} INFO - [2025-02-03 22:23:28,737] {dag.py:2927} INFO - Setting next_dagrun for example_trigger_target_dag to None, run_after=None
[2025-02-03 22:23:28,747] {processor.py:161} INFO - Processing /home/luan-capella/Documentos/curso_airflow/airflowalura/venv/lib/python3.9/site-packages/airflow/example_dags/example_trigger_target_dag.py took 0.049 seconds
[2025-02-03 22:24:04,854] {processor.py:153} INFO - Started process (PID=43707) to work on /home/luan-capella/Documentos/curso_airflow/airflowalura/venv/lib/python3.9/site-packages/airflow/example_dags/example_trigger_target_dag.py
[2025-02-03 22:24:04,855] {processor.py:641} INFO - Processing file /home/luan-capella/Documentos/curso_airflow/airflowalura/venv/lib/python3.9/site-packages/airflow/example_dags/example_trigger_target_dag.py for tasks to queue
[2025-02-03 22:24:04,856] {logging_mixin.py:115} INFO - [2025-02-03 22:24:04,856] {dagbag.py:507} INFO - Filling up the DagBag from /home/luan-capella/Documentos/curso_airflow/airflowalura/venv/lib/python3.9/site-packages/airflow/example_dags/example_trigger_target_dag.py
[2025-02-03 22:24:04,870] {processor.py:651} INFO - DAG(s) dict_keys(['example_trigger_target_dag']) retrieved from /home/luan-capella/Documentos/curso_airflow/airflowalura/venv/lib/python3.9/site-packages/airflow/example_dags/example_trigger_target_dag.py
[2025-02-03 22:24:04,882] {logging_mixin.py:115} INFO - [2025-02-03 22:24:04,882] {dag.py:2379} INFO - Sync 1 DAGs
[2025-02-03 22:24:04,895] {logging_mixin.py:115} INFO - [2025-02-03 22:24:04,895] {dag.py:2927} INFO - Setting next_dagrun for example_trigger_target_dag to None, run_after=None
[2025-02-03 22:24:04,905] {processor.py:161} INFO - Processing /home/luan-capella/Documentos/curso_airflow/airflowalura/venv/lib/python3.9/site-packages/airflow/example_dags/example_trigger_target_dag.py took 0.056 seconds
[2025-02-03 22:24:40,188] {processor.py:153} INFO - Started process (PID=44094) to work on /home/luan-capella/Documentos/curso_airflow/airflowalura/venv/lib/python3.9/site-packages/airflow/example_dags/example_trigger_target_dag.py
[2025-02-03 22:24:40,189] {processor.py:641} INFO - Processing file /home/luan-capella/Documentos/curso_airflow/airflowalura/venv/lib/python3.9/site-packages/airflow/example_dags/example_trigger_target_dag.py for tasks to queue
[2025-02-03 22:24:40,190] {logging_mixin.py:115} INFO - [2025-02-03 22:24:40,189] {dagbag.py:507} INFO - Filling up the DagBag from /home/luan-capella/Documentos/curso_airflow/airflowalura/venv/lib/python3.9/site-packages/airflow/example_dags/example_trigger_target_dag.py
[2025-02-03 22:24:40,201] {processor.py:651} INFO - DAG(s) dict_keys(['example_trigger_target_dag']) retrieved from /home/luan-capella/Documentos/curso_airflow/airflowalura/venv/lib/python3.9/site-packages/airflow/example_dags/example_trigger_target_dag.py
[2025-02-03 22:24:40,212] {logging_mixin.py:115} INFO - [2025-02-03 22:24:40,212] {dag.py:2379} INFO - Sync 1 DAGs
[2025-02-03 22:24:40,225] {logging_mixin.py:115} INFO - [2025-02-03 22:24:40,225] {dag.py:2927} INFO - Setting next_dagrun for example_trigger_target_dag to None, run_after=None
[2025-02-03 22:24:40,235] {processor.py:161} INFO - Processing /home/luan-capella/Documentos/curso_airflow/airflowalura/venv/lib/python3.9/site-packages/airflow/example_dags/example_trigger_target_dag.py took 0.051 seconds
[2025-02-03 22:25:15,445] {processor.py:153} INFO - Started process (PID=44454) to work on /home/luan-capella/Documentos/curso_airflow/airflowalura/venv/lib/python3.9/site-packages/airflow/example_dags/example_trigger_target_dag.py
[2025-02-03 22:25:15,446] {processor.py:641} INFO - Processing file /home/luan-capella/Documentos/curso_airflow/airflowalura/venv/lib/python3.9/site-packages/airflow/example_dags/example_trigger_target_dag.py for tasks to queue
[2025-02-03 22:25:15,447] {logging_mixin.py:115} INFO - [2025-02-03 22:25:15,447] {dagbag.py:507} INFO - Filling up the DagBag from /home/luan-capella/Documentos/curso_airflow/airflowalura/venv/lib/python3.9/site-packages/airflow/example_dags/example_trigger_target_dag.py
[2025-02-03 22:25:15,461] {processor.py:651} INFO - DAG(s) dict_keys(['example_trigger_target_dag']) retrieved from /home/luan-capella/Documentos/curso_airflow/airflowalura/venv/lib/python3.9/site-packages/airflow/example_dags/example_trigger_target_dag.py
[2025-02-03 22:25:15,472] {logging_mixin.py:115} INFO - [2025-02-03 22:25:15,472] {dag.py:2379} INFO - Sync 1 DAGs
[2025-02-03 22:25:15,486] {logging_mixin.py:115} INFO - [2025-02-03 22:25:15,486] {dag.py:2927} INFO - Setting next_dagrun for example_trigger_target_dag to None, run_after=None
[2025-02-03 22:25:15,497] {processor.py:161} INFO - Processing /home/luan-capella/Documentos/curso_airflow/airflowalura/venv/lib/python3.9/site-packages/airflow/example_dags/example_trigger_target_dag.py took 0.057 seconds
[2025-02-03 22:25:52,336] {processor.py:153} INFO - Started process (PID=44723) to work on /home/luan-capella/Documentos/curso_airflow/airflowalura/venv/lib/python3.9/site-packages/airflow/example_dags/example_trigger_target_dag.py
[2025-02-03 22:25:52,340] {processor.py:641} INFO - Processing file /home/luan-capella/Documentos/curso_airflow/airflowalura/venv/lib/python3.9/site-packages/airflow/example_dags/example_trigger_target_dag.py for tasks to queue
[2025-02-03 22:25:52,340] {logging_mixin.py:115} INFO - [2025-02-03 22:25:52,340] {dagbag.py:507} INFO - Filling up the DagBag from /home/luan-capella/Documentos/curso_airflow/airflowalura/venv/lib/python3.9/site-packages/airflow/example_dags/example_trigger_target_dag.py
[2025-02-03 22:25:52,354] {processor.py:651} INFO - DAG(s) dict_keys(['example_trigger_target_dag']) retrieved from /home/luan-capella/Documentos/curso_airflow/airflowalura/venv/lib/python3.9/site-packages/airflow/example_dags/example_trigger_target_dag.py
[2025-02-03 22:25:52,365] {logging_mixin.py:115} INFO - [2025-02-03 22:25:52,365] {dag.py:2379} INFO - Sync 1 DAGs
[2025-02-03 22:25:52,379] {logging_mixin.py:115} INFO - [2025-02-03 22:25:52,378] {dag.py:2927} INFO - Setting next_dagrun for example_trigger_target_dag to None, run_after=None
[2025-02-03 22:25:52,402] {processor.py:161} INFO - Processing /home/luan-capella/Documentos/curso_airflow/airflowalura/venv/lib/python3.9/site-packages/airflow/example_dags/example_trigger_target_dag.py took 0.069 seconds
[2025-02-03 22:26:28,652] {processor.py:153} INFO - Started process (PID=45012) to work on /home/luan-capella/Documentos/curso_airflow/airflowalura/venv/lib/python3.9/site-packages/airflow/example_dags/example_trigger_target_dag.py
[2025-02-03 22:26:28,653] {processor.py:641} INFO - Processing file /home/luan-capella/Documentos/curso_airflow/airflowalura/venv/lib/python3.9/site-packages/airflow/example_dags/example_trigger_target_dag.py for tasks to queue
[2025-02-03 22:26:28,653] {logging_mixin.py:115} INFO - [2025-02-03 22:26:28,653] {dagbag.py:507} INFO - Filling up the DagBag from /home/luan-capella/Documentos/curso_airflow/airflowalura/venv/lib/python3.9/site-packages/airflow/example_dags/example_trigger_target_dag.py
[2025-02-03 22:26:28,665] {processor.py:651} INFO - DAG(s) dict_keys(['example_trigger_target_dag']) retrieved from /home/luan-capella/Documentos/curso_airflow/airflowalura/venv/lib/python3.9/site-packages/airflow/example_dags/example_trigger_target_dag.py
[2025-02-03 22:26:28,676] {logging_mixin.py:115} INFO - [2025-02-03 22:26:28,676] {dag.py:2379} INFO - Sync 1 DAGs
[2025-02-03 22:26:28,690] {logging_mixin.py:115} INFO - [2025-02-03 22:26:28,690] {dag.py:2927} INFO - Setting next_dagrun for example_trigger_target_dag to None, run_after=None
[2025-02-03 22:26:28,701] {processor.py:161} INFO - Processing /home/luan-capella/Documentos/curso_airflow/airflowalura/venv/lib/python3.9/site-packages/airflow/example_dags/example_trigger_target_dag.py took 0.052 seconds
[2025-02-03 22:27:05,907] {processor.py:153} INFO - Started process (PID=45196) to work on /home/luan-capella/Documentos/curso_airflow/airflowalura/venv/lib/python3.9/site-packages/airflow/example_dags/example_trigger_target_dag.py
[2025-02-03 22:27:05,908] {processor.py:641} INFO - Processing file /home/luan-capella/Documentos/curso_airflow/airflowalura/venv/lib/python3.9/site-packages/airflow/example_dags/example_trigger_target_dag.py for tasks to queue
[2025-02-03 22:27:05,908] {logging_mixin.py:115} INFO - [2025-02-03 22:27:05,908] {dagbag.py:507} INFO - Filling up the DagBag from /home/luan-capella/Documentos/curso_airflow/airflowalura/venv/lib/python3.9/site-packages/airflow/example_dags/example_trigger_target_dag.py
[2025-02-03 22:27:05,921] {processor.py:651} INFO - DAG(s) dict_keys(['example_trigger_target_dag']) retrieved from /home/luan-capella/Documentos/curso_airflow/airflowalura/venv/lib/python3.9/site-packages/airflow/example_dags/example_trigger_target_dag.py
[2025-02-03 22:27:05,932] {logging_mixin.py:115} INFO - [2025-02-03 22:27:05,932] {dag.py:2379} INFO - Sync 1 DAGs
[2025-02-03 22:27:05,947] {logging_mixin.py:115} INFO - [2025-02-03 22:27:05,947] {dag.py:2927} INFO - Setting next_dagrun for example_trigger_target_dag to None, run_after=None
[2025-02-03 22:27:05,958] {processor.py:161} INFO - Processing /home/luan-capella/Documentos/curso_airflow/airflowalura/venv/lib/python3.9/site-packages/airflow/example_dags/example_trigger_target_dag.py took 0.054 seconds
[2025-02-03 22:27:40,885] {processor.py:153} INFO - Started process (PID=45360) to work on /home/luan-capella/Documentos/curso_airflow/airflowalura/venv/lib/python3.9/site-packages/airflow/example_dags/example_trigger_target_dag.py
[2025-02-03 22:27:40,886] {processor.py:641} INFO - Processing file /home/luan-capella/Documentos/curso_airflow/airflowalura/venv/lib/python3.9/site-packages/airflow/example_dags/example_trigger_target_dag.py for tasks to queue
[2025-02-03 22:27:40,886] {logging_mixin.py:115} INFO - [2025-02-03 22:27:40,886] {dagbag.py:507} INFO - Filling up the DagBag from /home/luan-capella/Documentos/curso_airflow/airflowalura/venv/lib/python3.9/site-packages/airflow/example_dags/example_trigger_target_dag.py
[2025-02-03 22:27:40,897] {processor.py:651} INFO - DAG(s) dict_keys(['example_trigger_target_dag']) retrieved from /home/luan-capella/Documentos/curso_airflow/airflowalura/venv/lib/python3.9/site-packages/airflow/example_dags/example_trigger_target_dag.py
[2025-02-03 22:27:40,909] {logging_mixin.py:115} INFO - [2025-02-03 22:27:40,909] {dag.py:2379} INFO - Sync 1 DAGs
[2025-02-03 22:27:40,922] {logging_mixin.py:115} INFO - [2025-02-03 22:27:40,922] {dag.py:2927} INFO - Setting next_dagrun for example_trigger_target_dag to None, run_after=None
[2025-02-03 22:27:40,933] {processor.py:161} INFO - Processing /home/luan-capella/Documentos/curso_airflow/airflowalura/venv/lib/python3.9/site-packages/airflow/example_dags/example_trigger_target_dag.py took 0.051 seconds
[2025-02-03 22:28:17,190] {processor.py:153} INFO - Started process (PID=45523) to work on /home/luan-capella/Documentos/curso_airflow/airflowalura/venv/lib/python3.9/site-packages/airflow/example_dags/example_trigger_target_dag.py
[2025-02-03 22:28:17,191] {processor.py:641} INFO - Processing file /home/luan-capella/Documentos/curso_airflow/airflowalura/venv/lib/python3.9/site-packages/airflow/example_dags/example_trigger_target_dag.py for tasks to queue
[2025-02-03 22:28:17,191] {logging_mixin.py:115} INFO - [2025-02-03 22:28:17,191] {dagbag.py:507} INFO - Filling up the DagBag from /home/luan-capella/Documentos/curso_airflow/airflowalura/venv/lib/python3.9/site-packages/airflow/example_dags/example_trigger_target_dag.py
[2025-02-03 22:28:17,204] {processor.py:651} INFO - DAG(s) dict_keys(['example_trigger_target_dag']) retrieved from /home/luan-capella/Documentos/curso_airflow/airflowalura/venv/lib/python3.9/site-packages/airflow/example_dags/example_trigger_target_dag.py
[2025-02-03 22:28:17,215] {logging_mixin.py:115} INFO - [2025-02-03 22:28:17,215] {dag.py:2379} INFO - Sync 1 DAGs
[2025-02-03 22:28:17,231] {logging_mixin.py:115} INFO - [2025-02-03 22:28:17,231] {dag.py:2927} INFO - Setting next_dagrun for example_trigger_target_dag to None, run_after=None
[2025-02-03 22:28:17,243] {processor.py:161} INFO - Processing /home/luan-capella/Documentos/curso_airflow/airflowalura/venv/lib/python3.9/site-packages/airflow/example_dags/example_trigger_target_dag.py took 0.055 seconds
