[2025-02-03 22:20:34,910] {processor.py:153} INFO - Started process (PID=42360) to work on /home/luan-capella/Documentos/curso_airflow/airflowalura/venv/lib/python3.9/site-packages/airflow/example_dags/example_short_circuit_operator.py
[2025-02-03 22:20:34,911] {processor.py:641} INFO - Processing file /home/luan-capella/Documentos/curso_airflow/airflowalura/venv/lib/python3.9/site-packages/airflow/example_dags/example_short_circuit_operator.py for tasks to queue
[2025-02-03 22:20:34,912] {logging_mixin.py:115} INFO - [2025-02-03 22:20:34,912] {dagbag.py:507} INFO - Filling up the DagBag from /home/luan-capella/Documentos/curso_airflow/airflowalura/venv/lib/python3.9/site-packages/airflow/example_dags/example_short_circuit_operator.py
[2025-02-03 22:20:34,921] {processor.py:651} INFO - DAG(s) dict_keys(['example_short_circuit_operator']) retrieved from /home/luan-capella/Documentos/curso_airflow/airflowalura/venv/lib/python3.9/site-packages/airflow/example_dags/example_short_circuit_operator.py
[2025-02-03 22:20:34,935] {logging_mixin.py:115} INFO - [2025-02-03 22:20:34,935] {dag.py:2379} INFO - Sync 1 DAGs
[2025-02-03 22:20:34,950] {logging_mixin.py:115} INFO - [2025-02-03 22:20:34,949] {dag.py:2927} INFO - Setting next_dagrun for example_short_circuit_operator to 2025-02-03T01:20:34.949763+00:00, run_after=2025-02-04T01:20:34.949763+00:00
[2025-02-03 22:20:34,963] {processor.py:161} INFO - Processing /home/luan-capella/Documentos/curso_airflow/airflowalura/venv/lib/python3.9/site-packages/airflow/example_dags/example_short_circuit_operator.py took 0.059 seconds
[2025-02-03 22:21:15,447] {processor.py:153} INFO - Started process (PID=42824) to work on /home/luan-capella/Documentos/curso_airflow/airflowalura/venv/lib/python3.9/site-packages/airflow/example_dags/example_short_circuit_operator.py
[2025-02-03 22:21:15,448] {processor.py:641} INFO - Processing file /home/luan-capella/Documentos/curso_airflow/airflowalura/venv/lib/python3.9/site-packages/airflow/example_dags/example_short_circuit_operator.py for tasks to queue
[2025-02-03 22:21:15,449] {logging_mixin.py:115} INFO - [2025-02-03 22:21:15,449] {dagbag.py:507} INFO - Filling up the DagBag from /home/luan-capella/Documentos/curso_airflow/airflowalura/venv/lib/python3.9/site-packages/airflow/example_dags/example_short_circuit_operator.py
[2025-02-03 22:21:15,457] {processor.py:651} INFO - DAG(s) dict_keys(['example_short_circuit_operator']) retrieved from /home/luan-capella/Documentos/curso_airflow/airflowalura/venv/lib/python3.9/site-packages/airflow/example_dags/example_short_circuit_operator.py
[2025-02-03 22:21:15,471] {logging_mixin.py:115} INFO - [2025-02-03 22:21:15,471] {dag.py:2379} INFO - Sync 1 DAGs
[2025-02-03 22:21:15,485] {logging_mixin.py:115} INFO - [2025-02-03 22:21:15,485] {dag.py:2927} INFO - Setting next_dagrun for example_short_circuit_operator to 2025-02-03T01:21:15.484834+00:00, run_after=2025-02-04T01:21:15.484834+00:00
[2025-02-03 22:21:15,497] {processor.py:161} INFO - Processing /home/luan-capella/Documentos/curso_airflow/airflowalura/venv/lib/python3.9/site-packages/airflow/example_dags/example_short_circuit_operator.py took 0.056 seconds
[2025-02-03 22:21:53,213] {processor.py:153} INFO - Started process (PID=42984) to work on /home/luan-capella/Documentos/curso_airflow/airflowalura/venv/lib/python3.9/site-packages/airflow/example_dags/example_short_circuit_operator.py
[2025-02-03 22:21:53,214] {processor.py:641} INFO - Processing file /home/luan-capella/Documentos/curso_airflow/airflowalura/venv/lib/python3.9/site-packages/airflow/example_dags/example_short_circuit_operator.py for tasks to queue
[2025-02-03 22:21:53,215] {logging_mixin.py:115} INFO - [2025-02-03 22:21:53,215] {dagbag.py:507} INFO - Filling up the DagBag from /home/luan-capella/Documentos/curso_airflow/airflowalura/venv/lib/python3.9/site-packages/airflow/example_dags/example_short_circuit_operator.py
[2025-02-03 22:21:53,225] {processor.py:651} INFO - DAG(s) dict_keys(['example_short_circuit_operator']) retrieved from /home/luan-capella/Documentos/curso_airflow/airflowalura/venv/lib/python3.9/site-packages/airflow/example_dags/example_short_circuit_operator.py
[2025-02-03 22:21:53,238] {logging_mixin.py:115} INFO - [2025-02-03 22:21:53,238] {dag.py:2379} INFO - Sync 1 DAGs
[2025-02-03 22:21:53,253] {logging_mixin.py:115} INFO - [2025-02-03 22:21:53,252] {dag.py:2927} INFO - Setting next_dagrun for example_short_circuit_operator to 2025-02-03T01:21:53.252717+00:00, run_after=2025-02-04T01:21:53.252717+00:00
[2025-02-03 22:21:53,265] {processor.py:161} INFO - Processing /home/luan-capella/Documentos/curso_airflow/airflowalura/venv/lib/python3.9/site-packages/airflow/example_dags/example_short_circuit_operator.py took 0.057 seconds
[2025-02-03 22:22:29,701] {processor.py:153} INFO - Started process (PID=43158) to work on /home/luan-capella/Documentos/curso_airflow/airflowalura/venv/lib/python3.9/site-packages/airflow/example_dags/example_short_circuit_operator.py
[2025-02-03 22:22:29,701] {processor.py:641} INFO - Processing file /home/luan-capella/Documentos/curso_airflow/airflowalura/venv/lib/python3.9/site-packages/airflow/example_dags/example_short_circuit_operator.py for tasks to queue
[2025-02-03 22:22:29,702] {logging_mixin.py:115} INFO - [2025-02-03 22:22:29,702] {dagbag.py:507} INFO - Filling up the DagBag from /home/luan-capella/Documentos/curso_airflow/airflowalura/venv/lib/python3.9/site-packages/airflow/example_dags/example_short_circuit_operator.py
[2025-02-03 22:22:29,710] {processor.py:651} INFO - DAG(s) dict_keys(['example_short_circuit_operator']) retrieved from /home/luan-capella/Documentos/curso_airflow/airflowalura/venv/lib/python3.9/site-packages/airflow/example_dags/example_short_circuit_operator.py
[2025-02-03 22:22:29,723] {logging_mixin.py:115} INFO - [2025-02-03 22:22:29,723] {dag.py:2379} INFO - Sync 1 DAGs
[2025-02-03 22:22:29,739] {logging_mixin.py:115} INFO - [2025-02-03 22:22:29,739] {dag.py:2927} INFO - Setting next_dagrun for example_short_circuit_operator to 2025-02-03T01:22:29.738931+00:00, run_after=2025-02-04T01:22:29.738931+00:00
[2025-02-03 22:22:29,751] {processor.py:161} INFO - Processing /home/luan-capella/Documentos/curso_airflow/airflowalura/venv/lib/python3.9/site-packages/airflow/example_dags/example_short_circuit_operator.py took 0.053 seconds
[2025-02-03 22:23:06,832] {processor.py:153} INFO - Started process (PID=43367) to work on /home/luan-capella/Documentos/curso_airflow/airflowalura/venv/lib/python3.9/site-packages/airflow/example_dags/example_short_circuit_operator.py
[2025-02-03 22:23:06,835] {processor.py:641} INFO - Processing file /home/luan-capella/Documentos/curso_airflow/airflowalura/venv/lib/python3.9/site-packages/airflow/example_dags/example_short_circuit_operator.py for tasks to queue
[2025-02-03 22:23:06,835] {logging_mixin.py:115} INFO - [2025-02-03 22:23:06,835] {dagbag.py:507} INFO - Filling up the DagBag from /home/luan-capella/Documentos/curso_airflow/airflowalura/venv/lib/python3.9/site-packages/airflow/example_dags/example_short_circuit_operator.py
[2025-02-03 22:23:06,842] {processor.py:651} INFO - DAG(s) dict_keys(['example_short_circuit_operator']) retrieved from /home/luan-capella/Documentos/curso_airflow/airflowalura/venv/lib/python3.9/site-packages/airflow/example_dags/example_short_circuit_operator.py
[2025-02-03 22:23:06,857] {logging_mixin.py:115} INFO - [2025-02-03 22:23:06,856] {dag.py:2379} INFO - Sync 1 DAGs
[2025-02-03 22:23:06,871] {logging_mixin.py:115} INFO - [2025-02-03 22:23:06,870] {dag.py:2927} INFO - Setting next_dagrun for example_short_circuit_operator to 2025-02-03T01:23:06.870737+00:00, run_after=2025-02-04T01:23:06.870737+00:00
[2025-02-03 22:23:06,884] {processor.py:161} INFO - Processing /home/luan-capella/Documentos/curso_airflow/airflowalura/venv/lib/python3.9/site-packages/airflow/example_dags/example_short_circuit_operator.py took 0.055 seconds
[2025-02-03 22:23:42,695] {processor.py:153} INFO - Started process (PID=43619) to work on /home/luan-capella/Documentos/curso_airflow/airflowalura/venv/lib/python3.9/site-packages/airflow/example_dags/example_short_circuit_operator.py
[2025-02-03 22:23:42,696] {processor.py:641} INFO - Processing file /home/luan-capella/Documentos/curso_airflow/airflowalura/venv/lib/python3.9/site-packages/airflow/example_dags/example_short_circuit_operator.py for tasks to queue
[2025-02-03 22:23:42,697] {logging_mixin.py:115} INFO - [2025-02-03 22:23:42,697] {dagbag.py:507} INFO - Filling up the DagBag from /home/luan-capella/Documentos/curso_airflow/airflowalura/venv/lib/python3.9/site-packages/airflow/example_dags/example_short_circuit_operator.py
[2025-02-03 22:23:42,705] {processor.py:651} INFO - DAG(s) dict_keys(['example_short_circuit_operator']) retrieved from /home/luan-capella/Documentos/curso_airflow/airflowalura/venv/lib/python3.9/site-packages/airflow/example_dags/example_short_circuit_operator.py
[2025-02-03 22:23:42,718] {logging_mixin.py:115} INFO - [2025-02-03 22:23:42,718] {dag.py:2379} INFO - Sync 1 DAGs
[2025-02-03 22:23:42,730] {logging_mixin.py:115} INFO - [2025-02-03 22:23:42,730] {dag.py:2927} INFO - Setting next_dagrun for example_short_circuit_operator to 2025-02-03T01:23:42.730648+00:00, run_after=2025-02-04T01:23:42.730648+00:00
[2025-02-03 22:23:42,743] {processor.py:161} INFO - Processing /home/luan-capella/Documentos/curso_airflow/airflowalura/venv/lib/python3.9/site-packages/airflow/example_dags/example_short_circuit_operator.py took 0.053 seconds
[2025-02-03 22:24:18,881] {processor.py:153} INFO - Started process (PID=43768) to work on /home/luan-capella/Documentos/curso_airflow/airflowalura/venv/lib/python3.9/site-packages/airflow/example_dags/example_short_circuit_operator.py
[2025-02-03 22:24:18,882] {processor.py:641} INFO - Processing file /home/luan-capella/Documentos/curso_airflow/airflowalura/venv/lib/python3.9/site-packages/airflow/example_dags/example_short_circuit_operator.py for tasks to queue
[2025-02-03 22:24:18,882] {logging_mixin.py:115} INFO - [2025-02-03 22:24:18,882] {dagbag.py:507} INFO - Filling up the DagBag from /home/luan-capella/Documentos/curso_airflow/airflowalura/venv/lib/python3.9/site-packages/airflow/example_dags/example_short_circuit_operator.py
[2025-02-03 22:24:18,889] {processor.py:651} INFO - DAG(s) dict_keys(['example_short_circuit_operator']) retrieved from /home/luan-capella/Documentos/curso_airflow/airflowalura/venv/lib/python3.9/site-packages/airflow/example_dags/example_short_circuit_operator.py
[2025-02-03 22:24:18,903] {logging_mixin.py:115} INFO - [2025-02-03 22:24:18,903] {dag.py:2379} INFO - Sync 1 DAGs
[2025-02-03 22:24:18,915] {logging_mixin.py:115} INFO - [2025-02-03 22:24:18,914] {dag.py:2927} INFO - Setting next_dagrun for example_short_circuit_operator to 2025-02-03T01:24:18.914749+00:00, run_after=2025-02-04T01:24:18.914749+00:00
[2025-02-03 22:24:18,926] {processor.py:161} INFO - Processing /home/luan-capella/Documentos/curso_airflow/airflowalura/venv/lib/python3.9/site-packages/airflow/example_dags/example_short_circuit_operator.py took 0.047 seconds
[2025-02-03 22:24:51,700] {processor.py:153} INFO - Started process (PID=44221) to work on /home/luan-capella/Documentos/curso_airflow/airflowalura/venv/lib/python3.9/site-packages/airflow/example_dags/example_short_circuit_operator.py
[2025-02-03 22:24:51,701] {processor.py:641} INFO - Processing file /home/luan-capella/Documentos/curso_airflow/airflowalura/venv/lib/python3.9/site-packages/airflow/example_dags/example_short_circuit_operator.py for tasks to queue
[2025-02-03 22:24:51,702] {logging_mixin.py:115} INFO - [2025-02-03 22:24:51,702] {dagbag.py:507} INFO - Filling up the DagBag from /home/luan-capella/Documentos/curso_airflow/airflowalura/venv/lib/python3.9/site-packages/airflow/example_dags/example_short_circuit_operator.py
[2025-02-03 22:24:51,709] {processor.py:651} INFO - DAG(s) dict_keys(['example_short_circuit_operator']) retrieved from /home/luan-capella/Documentos/curso_airflow/airflowalura/venv/lib/python3.9/site-packages/airflow/example_dags/example_short_circuit_operator.py
[2025-02-03 22:24:51,722] {logging_mixin.py:115} INFO - [2025-02-03 22:24:51,722] {dag.py:2379} INFO - Sync 1 DAGs
[2025-02-03 22:24:51,735] {logging_mixin.py:115} INFO - [2025-02-03 22:24:51,735] {dag.py:2927} INFO - Setting next_dagrun for example_short_circuit_operator to 2025-02-03T01:24:51.735680+00:00, run_after=2025-02-04T01:24:51.735680+00:00
[2025-02-03 22:24:51,748] {processor.py:161} INFO - Processing /home/luan-capella/Documentos/curso_airflow/airflowalura/venv/lib/python3.9/site-packages/airflow/example_dags/example_short_circuit_operator.py took 0.053 seconds
[2025-02-03 22:25:29,101] {processor.py:153} INFO - Started process (PID=44607) to work on /home/luan-capella/Documentos/curso_airflow/airflowalura/venv/lib/python3.9/site-packages/airflow/example_dags/example_short_circuit_operator.py
[2025-02-03 22:25:29,102] {processor.py:641} INFO - Processing file /home/luan-capella/Documentos/curso_airflow/airflowalura/venv/lib/python3.9/site-packages/airflow/example_dags/example_short_circuit_operator.py for tasks to queue
[2025-02-03 22:25:29,102] {logging_mixin.py:115} INFO - [2025-02-03 22:25:29,102] {dagbag.py:507} INFO - Filling up the DagBag from /home/luan-capella/Documentos/curso_airflow/airflowalura/venv/lib/python3.9/site-packages/airflow/example_dags/example_short_circuit_operator.py
[2025-02-03 22:25:29,111] {processor.py:651} INFO - DAG(s) dict_keys(['example_short_circuit_operator']) retrieved from /home/luan-capella/Documentos/curso_airflow/airflowalura/venv/lib/python3.9/site-packages/airflow/example_dags/example_short_circuit_operator.py
[2025-02-03 22:25:29,123] {logging_mixin.py:115} INFO - [2025-02-03 22:25:29,123] {dag.py:2379} INFO - Sync 1 DAGs
[2025-02-03 22:25:29,135] {logging_mixin.py:115} INFO - [2025-02-03 22:25:29,135] {dag.py:2927} INFO - Setting next_dagrun for example_short_circuit_operator to 2025-02-03T01:25:29.135483+00:00, run_after=2025-02-04T01:25:29.135483+00:00
[2025-02-03 22:25:29,147] {processor.py:161} INFO - Processing /home/luan-capella/Documentos/curso_airflow/airflowalura/venv/lib/python3.9/site-packages/airflow/example_dags/example_short_circuit_operator.py took 0.049 seconds
[2025-02-03 22:26:04,022] {processor.py:153} INFO - Started process (PID=44776) to work on /home/luan-capella/Documentos/curso_airflow/airflowalura/venv/lib/python3.9/site-packages/airflow/example_dags/example_short_circuit_operator.py
[2025-02-03 22:26:04,024] {processor.py:641} INFO - Processing file /home/luan-capella/Documentos/curso_airflow/airflowalura/venv/lib/python3.9/site-packages/airflow/example_dags/example_short_circuit_operator.py for tasks to queue
[2025-02-03 22:26:04,024] {logging_mixin.py:115} INFO - [2025-02-03 22:26:04,024] {dagbag.py:507} INFO - Filling up the DagBag from /home/luan-capella/Documentos/curso_airflow/airflowalura/venv/lib/python3.9/site-packages/airflow/example_dags/example_short_circuit_operator.py
[2025-02-03 22:26:04,033] {processor.py:651} INFO - DAG(s) dict_keys(['example_short_circuit_operator']) retrieved from /home/luan-capella/Documentos/curso_airflow/airflowalura/venv/lib/python3.9/site-packages/airflow/example_dags/example_short_circuit_operator.py
[2025-02-03 22:26:04,046] {logging_mixin.py:115} INFO - [2025-02-03 22:26:04,046] {dag.py:2379} INFO - Sync 1 DAGs
[2025-02-03 22:26:04,058] {logging_mixin.py:115} INFO - [2025-02-03 22:26:04,058] {dag.py:2927} INFO - Setting next_dagrun for example_short_circuit_operator to 2025-02-03T01:26:04.058439+00:00, run_after=2025-02-04T01:26:04.058439+00:00
[2025-02-03 22:26:04,071] {processor.py:161} INFO - Processing /home/luan-capella/Documentos/curso_airflow/airflowalura/venv/lib/python3.9/site-packages/airflow/example_dags/example_short_circuit_operator.py took 0.054 seconds
[2025-02-03 22:26:41,287] {processor.py:153} INFO - Started process (PID=45071) to work on /home/luan-capella/Documentos/curso_airflow/airflowalura/venv/lib/python3.9/site-packages/airflow/example_dags/example_short_circuit_operator.py
[2025-02-03 22:26:41,288] {processor.py:641} INFO - Processing file /home/luan-capella/Documentos/curso_airflow/airflowalura/venv/lib/python3.9/site-packages/airflow/example_dags/example_short_circuit_operator.py for tasks to queue
[2025-02-03 22:26:41,288] {logging_mixin.py:115} INFO - [2025-02-03 22:26:41,288] {dagbag.py:507} INFO - Filling up the DagBag from /home/luan-capella/Documentos/curso_airflow/airflowalura/venv/lib/python3.9/site-packages/airflow/example_dags/example_short_circuit_operator.py
[2025-02-03 22:26:41,296] {processor.py:651} INFO - DAG(s) dict_keys(['example_short_circuit_operator']) retrieved from /home/luan-capella/Documentos/curso_airflow/airflowalura/venv/lib/python3.9/site-packages/airflow/example_dags/example_short_circuit_operator.py
[2025-02-03 22:26:41,309] {logging_mixin.py:115} INFO - [2025-02-03 22:26:41,309] {dag.py:2379} INFO - Sync 1 DAGs
[2025-02-03 22:26:41,321] {logging_mixin.py:115} INFO - [2025-02-03 22:26:41,321] {dag.py:2927} INFO - Setting next_dagrun for example_short_circuit_operator to 2025-02-03T01:26:41.321617+00:00, run_after=2025-02-04T01:26:41.321617+00:00
[2025-02-03 22:26:41,334] {processor.py:161} INFO - Processing /home/luan-capella/Documentos/curso_airflow/airflowalura/venv/lib/python3.9/site-packages/airflow/example_dags/example_short_circuit_operator.py took 0.050 seconds
[2025-02-03 22:27:17,804] {processor.py:153} INFO - Started process (PID=45244) to work on /home/luan-capella/Documentos/curso_airflow/airflowalura/venv/lib/python3.9/site-packages/airflow/example_dags/example_short_circuit_operator.py
[2025-02-03 22:27:17,817] {processor.py:641} INFO - Processing file /home/luan-capella/Documentos/curso_airflow/airflowalura/venv/lib/python3.9/site-packages/airflow/example_dags/example_short_circuit_operator.py for tasks to queue
[2025-02-03 22:27:17,818] {logging_mixin.py:115} INFO - [2025-02-03 22:27:17,818] {dagbag.py:507} INFO - Filling up the DagBag from /home/luan-capella/Documentos/curso_airflow/airflowalura/venv/lib/python3.9/site-packages/airflow/example_dags/example_short_circuit_operator.py
[2025-02-03 22:27:17,826] {processor.py:651} INFO - DAG(s) dict_keys(['example_short_circuit_operator']) retrieved from /home/luan-capella/Documentos/curso_airflow/airflowalura/venv/lib/python3.9/site-packages/airflow/example_dags/example_short_circuit_operator.py
[2025-02-03 22:27:17,841] {logging_mixin.py:115} INFO - [2025-02-03 22:27:17,841] {dag.py:2379} INFO - Sync 1 DAGs
[2025-02-03 22:27:17,853] {logging_mixin.py:115} INFO - [2025-02-03 22:27:17,853] {dag.py:2927} INFO - Setting next_dagrun for example_short_circuit_operator to 2025-02-03T01:27:17.853095+00:00, run_after=2025-02-04T01:27:17.853095+00:00
[2025-02-03 22:27:17,865] {processor.py:161} INFO - Processing /home/luan-capella/Documentos/curso_airflow/airflowalura/venv/lib/python3.9/site-packages/airflow/example_dags/example_short_circuit_operator.py took 0.067 seconds
[2025-02-03 22:27:57,536] {processor.py:153} INFO - Started process (PID=45435) to work on /home/luan-capella/Documentos/curso_airflow/airflowalura/venv/lib/python3.9/site-packages/airflow/example_dags/example_short_circuit_operator.py
[2025-02-03 22:27:57,537] {processor.py:641} INFO - Processing file /home/luan-capella/Documentos/curso_airflow/airflowalura/venv/lib/python3.9/site-packages/airflow/example_dags/example_short_circuit_operator.py for tasks to queue
[2025-02-03 22:27:57,537] {logging_mixin.py:115} INFO - [2025-02-03 22:27:57,537] {dagbag.py:507} INFO - Filling up the DagBag from /home/luan-capella/Documentos/curso_airflow/airflowalura/venv/lib/python3.9/site-packages/airflow/example_dags/example_short_circuit_operator.py
[2025-02-03 22:27:57,544] {processor.py:651} INFO - DAG(s) dict_keys(['example_short_circuit_operator']) retrieved from /home/luan-capella/Documentos/curso_airflow/airflowalura/venv/lib/python3.9/site-packages/airflow/example_dags/example_short_circuit_operator.py
[2025-02-03 22:27:57,558] {logging_mixin.py:115} INFO - [2025-02-03 22:27:57,558] {dag.py:2379} INFO - Sync 1 DAGs
[2025-02-03 22:27:57,571] {logging_mixin.py:115} INFO - [2025-02-03 22:27:57,571] {dag.py:2927} INFO - Setting next_dagrun for example_short_circuit_operator to 2025-02-03T01:27:57.570911+00:00, run_after=2025-02-04T01:27:57.570911+00:00
[2025-02-03 22:27:57,583] {processor.py:161} INFO - Processing /home/luan-capella/Documentos/curso_airflow/airflowalura/venv/lib/python3.9/site-packages/airflow/example_dags/example_short_circuit_operator.py took 0.049 seconds
