[2025-02-03 22:20:16,858] {processor.py:153} INFO - Started process (PID=41973) to work on /home/luan-capella/Documentos/curso_airflow/airflowalura/venv/lib/python3.9/site-packages/airflow/example_dags/example_sla_dag.py
[2025-02-03 22:20:16,858] {processor.py:641} INFO - Processing file /home/luan-capella/Documentos/curso_airflow/airflowalura/venv/lib/python3.9/site-packages/airflow/example_dags/example_sla_dag.py for tasks to queue
[2025-02-03 22:20:16,858] {logging_mixin.py:115} INFO - [2025-02-03 22:20:16,858] {dagbag.py:507} INFO - Filling up the DagBag from /home/luan-capella/Documentos/curso_airflow/airflowalura/venv/lib/python3.9/site-packages/airflow/example_dags/example_sla_dag.py
[2025-02-03 22:20:16,871] {processor.py:651} INFO - DAG(s) dict_keys(['example_sla_dag']) retrieved from /home/luan-capella/Documentos/curso_airflow/airflowalura/venv/lib/python3.9/site-packages/airflow/example_dags/example_sla_dag.py
[2025-02-03 22:20:16,882] {logging_mixin.py:115} INFO - [2025-02-03 22:20:16,882] {dag.py:2379} INFO - Sync 1 DAGs
[2025-02-03 22:20:16,898] {logging_mixin.py:115} INFO - [2025-02-03 22:20:16,898] {dag.py:2927} INFO - Setting next_dagrun for example_sla_dag to 2025-02-04T01:18:00+00:00, run_after=2025-02-04T01:20:00+00:00
[2025-02-03 22:20:16,909] {processor.py:161} INFO - Processing /home/luan-capella/Documentos/curso_airflow/airflowalura/venv/lib/python3.9/site-packages/airflow/example_dags/example_sla_dag.py took 0.054 seconds
[2025-02-03 22:21:09,705] {processor.py:153} INFO - Started process (PID=42796) to work on /home/luan-capella/Documentos/curso_airflow/airflowalura/venv/lib/python3.9/site-packages/airflow/example_dags/example_sla_dag.py
[2025-02-03 22:21:09,706] {processor.py:641} INFO - Processing file /home/luan-capella/Documentos/curso_airflow/airflowalura/venv/lib/python3.9/site-packages/airflow/example_dags/example_sla_dag.py for tasks to queue
[2025-02-03 22:21:09,707] {logging_mixin.py:115} INFO - [2025-02-03 22:21:09,707] {dagbag.py:507} INFO - Filling up the DagBag from /home/luan-capella/Documentos/curso_airflow/airflowalura/venv/lib/python3.9/site-packages/airflow/example_dags/example_sla_dag.py
[2025-02-03 22:21:09,723] {processor.py:651} INFO - DAG(s) dict_keys(['example_sla_dag']) retrieved from /home/luan-capella/Documentos/curso_airflow/airflowalura/venv/lib/python3.9/site-packages/airflow/example_dags/example_sla_dag.py
[2025-02-03 22:21:09,735] {logging_mixin.py:115} INFO - [2025-02-03 22:21:09,734] {dag.py:2379} INFO - Sync 1 DAGs
[2025-02-03 22:21:09,751] {logging_mixin.py:115} INFO - [2025-02-03 22:21:09,751] {dag.py:2927} INFO - Setting next_dagrun for example_sla_dag to 2025-02-04T01:18:00+00:00, run_after=2025-02-04T01:20:00+00:00
[2025-02-03 22:21:09,761] {processor.py:161} INFO - Processing /home/luan-capella/Documentos/curso_airflow/airflowalura/venv/lib/python3.9/site-packages/airflow/example_dags/example_sla_dag.py took 0.060 seconds
[2025-02-03 22:21:46,325] {processor.py:153} INFO - Started process (PID=42956) to work on /home/luan-capella/Documentos/curso_airflow/airflowalura/venv/lib/python3.9/site-packages/airflow/example_dags/example_sla_dag.py
[2025-02-03 22:21:46,326] {processor.py:641} INFO - Processing file /home/luan-capella/Documentos/curso_airflow/airflowalura/venv/lib/python3.9/site-packages/airflow/example_dags/example_sla_dag.py for tasks to queue
[2025-02-03 22:21:46,327] {logging_mixin.py:115} INFO - [2025-02-03 22:21:46,327] {dagbag.py:507} INFO - Filling up the DagBag from /home/luan-capella/Documentos/curso_airflow/airflowalura/venv/lib/python3.9/site-packages/airflow/example_dags/example_sla_dag.py
[2025-02-03 22:21:46,341] {processor.py:651} INFO - DAG(s) dict_keys(['example_sla_dag']) retrieved from /home/luan-capella/Documentos/curso_airflow/airflowalura/venv/lib/python3.9/site-packages/airflow/example_dags/example_sla_dag.py
[2025-02-03 22:21:46,352] {logging_mixin.py:115} INFO - [2025-02-03 22:21:46,352] {dag.py:2379} INFO - Sync 1 DAGs
[2025-02-03 22:21:46,368] {logging_mixin.py:115} INFO - [2025-02-03 22:21:46,368] {dag.py:2927} INFO - Setting next_dagrun for example_sla_dag to 2025-02-04T01:18:00+00:00, run_after=2025-02-04T01:20:00+00:00
[2025-02-03 22:21:46,379] {processor.py:161} INFO - Processing /home/luan-capella/Documentos/curso_airflow/airflowalura/venv/lib/python3.9/site-packages/airflow/example_dags/example_sla_dag.py took 0.059 seconds
[2025-02-03 22:22:24,083] {processor.py:153} INFO - Started process (PID=43128) to work on /home/luan-capella/Documentos/curso_airflow/airflowalura/venv/lib/python3.9/site-packages/airflow/example_dags/example_sla_dag.py
[2025-02-03 22:22:24,084] {processor.py:641} INFO - Processing file /home/luan-capella/Documentos/curso_airflow/airflowalura/venv/lib/python3.9/site-packages/airflow/example_dags/example_sla_dag.py for tasks to queue
[2025-02-03 22:22:24,084] {logging_mixin.py:115} INFO - [2025-02-03 22:22:24,084] {dagbag.py:507} INFO - Filling up the DagBag from /home/luan-capella/Documentos/curso_airflow/airflowalura/venv/lib/python3.9/site-packages/airflow/example_dags/example_sla_dag.py
[2025-02-03 22:22:24,098] {processor.py:651} INFO - DAG(s) dict_keys(['example_sla_dag']) retrieved from /home/luan-capella/Documentos/curso_airflow/airflowalura/venv/lib/python3.9/site-packages/airflow/example_dags/example_sla_dag.py
[2025-02-03 22:22:24,109] {logging_mixin.py:115} INFO - [2025-02-03 22:22:24,109] {dag.py:2379} INFO - Sync 1 DAGs
[2025-02-03 22:22:24,125] {logging_mixin.py:115} INFO - [2025-02-03 22:22:24,124] {dag.py:2927} INFO - Setting next_dagrun for example_sla_dag to 2025-02-04T01:20:00+00:00, run_after=2025-02-04T01:22:00+00:00
[2025-02-03 22:22:24,135] {processor.py:161} INFO - Processing /home/luan-capella/Documentos/curso_airflow/airflowalura/venv/lib/python3.9/site-packages/airflow/example_dags/example_sla_dag.py took 0.058 seconds
[2025-02-03 22:23:00,141] {processor.py:153} INFO - Started process (PID=43301) to work on /home/luan-capella/Documentos/curso_airflow/airflowalura/venv/lib/python3.9/site-packages/airflow/example_dags/example_sla_dag.py
[2025-02-03 22:23:00,142] {processor.py:641} INFO - Processing file /home/luan-capella/Documentos/curso_airflow/airflowalura/venv/lib/python3.9/site-packages/airflow/example_dags/example_sla_dag.py for tasks to queue
[2025-02-03 22:23:00,143] {logging_mixin.py:115} INFO - [2025-02-03 22:23:00,143] {dagbag.py:507} INFO - Filling up the DagBag from /home/luan-capella/Documentos/curso_airflow/airflowalura/venv/lib/python3.9/site-packages/airflow/example_dags/example_sla_dag.py
[2025-02-03 22:23:00,158] {processor.py:651} INFO - DAG(s) dict_keys(['example_sla_dag']) retrieved from /home/luan-capella/Documentos/curso_airflow/airflowalura/venv/lib/python3.9/site-packages/airflow/example_dags/example_sla_dag.py
[2025-02-03 22:23:00,169] {logging_mixin.py:115} INFO - [2025-02-03 22:23:00,169] {dag.py:2379} INFO - Sync 1 DAGs
[2025-02-03 22:23:00,186] {logging_mixin.py:115} INFO - [2025-02-03 22:23:00,186] {dag.py:2927} INFO - Setting next_dagrun for example_sla_dag to 2025-02-04T01:20:00+00:00, run_after=2025-02-04T01:22:00+00:00
[2025-02-03 22:23:00,197] {processor.py:161} INFO - Processing /home/luan-capella/Documentos/curso_airflow/airflowalura/venv/lib/python3.9/site-packages/airflow/example_dags/example_sla_dag.py took 0.061 seconds
[2025-02-03 22:23:35,023] {processor.py:153} INFO - Started process (PID=43586) to work on /home/luan-capella/Documentos/curso_airflow/airflowalura/venv/lib/python3.9/site-packages/airflow/example_dags/example_sla_dag.py
[2025-02-03 22:23:35,024] {processor.py:641} INFO - Processing file /home/luan-capella/Documentos/curso_airflow/airflowalura/venv/lib/python3.9/site-packages/airflow/example_dags/example_sla_dag.py for tasks to queue
[2025-02-03 22:23:35,025] {logging_mixin.py:115} INFO - [2025-02-03 22:23:35,025] {dagbag.py:507} INFO - Filling up the DagBag from /home/luan-capella/Documentos/curso_airflow/airflowalura/venv/lib/python3.9/site-packages/airflow/example_dags/example_sla_dag.py
[2025-02-03 22:23:35,041] {processor.py:651} INFO - DAG(s) dict_keys(['example_sla_dag']) retrieved from /home/luan-capella/Documentos/curso_airflow/airflowalura/venv/lib/python3.9/site-packages/airflow/example_dags/example_sla_dag.py
[2025-02-03 22:23:35,052] {logging_mixin.py:115} INFO - [2025-02-03 22:23:35,052] {dag.py:2379} INFO - Sync 1 DAGs
[2025-02-03 22:23:35,069] {logging_mixin.py:115} INFO - [2025-02-03 22:23:35,069] {dag.py:2927} INFO - Setting next_dagrun for example_sla_dag to 2025-02-04T01:20:00+00:00, run_after=2025-02-04T01:22:00+00:00
[2025-02-03 22:23:35,082] {processor.py:161} INFO - Processing /home/luan-capella/Documentos/curso_airflow/airflowalura/venv/lib/python3.9/site-packages/airflow/example_dags/example_sla_dag.py took 0.064 seconds
[2025-02-03 22:24:12,187] {processor.py:153} INFO - Started process (PID=43740) to work on /home/luan-capella/Documentos/curso_airflow/airflowalura/venv/lib/python3.9/site-packages/airflow/example_dags/example_sla_dag.py
[2025-02-03 22:24:12,188] {processor.py:641} INFO - Processing file /home/luan-capella/Documentos/curso_airflow/airflowalura/venv/lib/python3.9/site-packages/airflow/example_dags/example_sla_dag.py for tasks to queue
[2025-02-03 22:24:12,189] {logging_mixin.py:115} INFO - [2025-02-03 22:24:12,188] {dagbag.py:507} INFO - Filling up the DagBag from /home/luan-capella/Documentos/curso_airflow/airflowalura/venv/lib/python3.9/site-packages/airflow/example_dags/example_sla_dag.py
[2025-02-03 22:24:12,204] {processor.py:651} INFO - DAG(s) dict_keys(['example_sla_dag']) retrieved from /home/luan-capella/Documentos/curso_airflow/airflowalura/venv/lib/python3.9/site-packages/airflow/example_dags/example_sla_dag.py
[2025-02-03 22:24:12,215] {logging_mixin.py:115} INFO - [2025-02-03 22:24:12,214] {dag.py:2379} INFO - Sync 1 DAGs
[2025-02-03 22:24:12,230] {logging_mixin.py:115} INFO - [2025-02-03 22:24:12,230] {dag.py:2927} INFO - Setting next_dagrun for example_sla_dag to 2025-02-04T01:22:00+00:00, run_after=2025-02-04T01:24:00+00:00
[2025-02-03 22:24:12,241] {processor.py:161} INFO - Processing /home/luan-capella/Documentos/curso_airflow/airflowalura/venv/lib/python3.9/site-packages/airflow/example_dags/example_sla_dag.py took 0.059 seconds
[2025-02-03 22:24:46,526] {processor.py:153} INFO - Started process (PID=44151) to work on /home/luan-capella/Documentos/curso_airflow/airflowalura/venv/lib/python3.9/site-packages/airflow/example_dags/example_sla_dag.py
[2025-02-03 22:24:46,527] {processor.py:641} INFO - Processing file /home/luan-capella/Documentos/curso_airflow/airflowalura/venv/lib/python3.9/site-packages/airflow/example_dags/example_sla_dag.py for tasks to queue
[2025-02-03 22:24:46,527] {logging_mixin.py:115} INFO - [2025-02-03 22:24:46,527] {dagbag.py:507} INFO - Filling up the DagBag from /home/luan-capella/Documentos/curso_airflow/airflowalura/venv/lib/python3.9/site-packages/airflow/example_dags/example_sla_dag.py
[2025-02-03 22:24:46,540] {processor.py:651} INFO - DAG(s) dict_keys(['example_sla_dag']) retrieved from /home/luan-capella/Documentos/curso_airflow/airflowalura/venv/lib/python3.9/site-packages/airflow/example_dags/example_sla_dag.py
[2025-02-03 22:24:46,552] {logging_mixin.py:115} INFO - [2025-02-03 22:24:46,552] {dag.py:2379} INFO - Sync 1 DAGs
[2025-02-03 22:24:46,569] {logging_mixin.py:115} INFO - [2025-02-03 22:24:46,569] {dag.py:2927} INFO - Setting next_dagrun for example_sla_dag to 2025-02-04T01:22:00+00:00, run_after=2025-02-04T01:24:00+00:00
[2025-02-03 22:24:46,580] {processor.py:161} INFO - Processing /home/luan-capella/Documentos/curso_airflow/airflowalura/venv/lib/python3.9/site-packages/airflow/example_dags/example_sla_dag.py took 0.058 seconds
[2025-02-03 22:25:22,770] {processor.py:153} INFO - Started process (PID=44574) to work on /home/luan-capella/Documentos/curso_airflow/airflowalura/venv/lib/python3.9/site-packages/airflow/example_dags/example_sla_dag.py
[2025-02-03 22:25:22,775] {processor.py:641} INFO - Processing file /home/luan-capella/Documentos/curso_airflow/airflowalura/venv/lib/python3.9/site-packages/airflow/example_dags/example_sla_dag.py for tasks to queue
[2025-02-03 22:25:22,776] {logging_mixin.py:115} INFO - [2025-02-03 22:25:22,776] {dagbag.py:507} INFO - Filling up the DagBag from /home/luan-capella/Documentos/curso_airflow/airflowalura/venv/lib/python3.9/site-packages/airflow/example_dags/example_sla_dag.py
[2025-02-03 22:25:22,795] {processor.py:651} INFO - DAG(s) dict_keys(['example_sla_dag']) retrieved from /home/luan-capella/Documentos/curso_airflow/airflowalura/venv/lib/python3.9/site-packages/airflow/example_dags/example_sla_dag.py
[2025-02-03 22:25:22,808] {logging_mixin.py:115} INFO - [2025-02-03 22:25:22,807] {dag.py:2379} INFO - Sync 1 DAGs
[2025-02-03 22:25:22,827] {logging_mixin.py:115} INFO - [2025-02-03 22:25:22,827] {dag.py:2927} INFO - Setting next_dagrun for example_sla_dag to 2025-02-04T01:22:00+00:00, run_after=2025-02-04T01:24:00+00:00
[2025-02-03 22:25:22,840] {processor.py:161} INFO - Processing /home/luan-capella/Documentos/curso_airflow/airflowalura/venv/lib/python3.9/site-packages/airflow/example_dags/example_sla_dag.py took 0.075 seconds
[2025-02-03 22:25:58,846] {processor.py:153} INFO - Started process (PID=44751) to work on /home/luan-capella/Documentos/curso_airflow/airflowalura/venv/lib/python3.9/site-packages/airflow/example_dags/example_sla_dag.py
[2025-02-03 22:25:58,850] {processor.py:641} INFO - Processing file /home/luan-capella/Documentos/curso_airflow/airflowalura/venv/lib/python3.9/site-packages/airflow/example_dags/example_sla_dag.py for tasks to queue
[2025-02-03 22:25:58,851] {logging_mixin.py:115} INFO - [2025-02-03 22:25:58,850] {dagbag.py:507} INFO - Filling up the DagBag from /home/luan-capella/Documentos/curso_airflow/airflowalura/venv/lib/python3.9/site-packages/airflow/example_dags/example_sla_dag.py
[2025-02-03 22:25:58,868] {processor.py:651} INFO - DAG(s) dict_keys(['example_sla_dag']) retrieved from /home/luan-capella/Documentos/curso_airflow/airflowalura/venv/lib/python3.9/site-packages/airflow/example_dags/example_sla_dag.py
[2025-02-03 22:25:58,879] {logging_mixin.py:115} INFO - [2025-02-03 22:25:58,879] {dag.py:2379} INFO - Sync 1 DAGs
[2025-02-03 22:25:58,896] {logging_mixin.py:115} INFO - [2025-02-03 22:25:58,896] {dag.py:2927} INFO - Setting next_dagrun for example_sla_dag to 2025-02-04T01:22:00+00:00, run_after=2025-02-04T01:24:00+00:00
[2025-02-03 22:25:58,910] {processor.py:161} INFO - Processing /home/luan-capella/Documentos/curso_airflow/airflowalura/venv/lib/python3.9/site-packages/airflow/example_dags/example_sla_dag.py took 0.068 seconds
[2025-02-03 22:26:34,986] {processor.py:153} INFO - Started process (PID=45038) to work on /home/luan-capella/Documentos/curso_airflow/airflowalura/venv/lib/python3.9/site-packages/airflow/example_dags/example_sla_dag.py
[2025-02-03 22:26:34,987] {processor.py:641} INFO - Processing file /home/luan-capella/Documentos/curso_airflow/airflowalura/venv/lib/python3.9/site-packages/airflow/example_dags/example_sla_dag.py for tasks to queue
[2025-02-03 22:26:34,987] {logging_mixin.py:115} INFO - [2025-02-03 22:26:34,987] {dagbag.py:507} INFO - Filling up the DagBag from /home/luan-capella/Documentos/curso_airflow/airflowalura/venv/lib/python3.9/site-packages/airflow/example_dags/example_sla_dag.py
[2025-02-03 22:26:35,000] {processor.py:651} INFO - DAG(s) dict_keys(['example_sla_dag']) retrieved from /home/luan-capella/Documentos/curso_airflow/airflowalura/venv/lib/python3.9/site-packages/airflow/example_dags/example_sla_dag.py
[2025-02-03 22:26:35,012] {logging_mixin.py:115} INFO - [2025-02-03 22:26:35,011] {dag.py:2379} INFO - Sync 1 DAGs
[2025-02-03 22:26:35,028] {logging_mixin.py:115} INFO - [2025-02-03 22:26:35,028] {dag.py:2927} INFO - Setting next_dagrun for example_sla_dag to 2025-02-04T01:24:00+00:00, run_after=2025-02-04T01:26:00+00:00
[2025-02-03 22:26:35,040] {processor.py:161} INFO - Processing /home/luan-capella/Documentos/curso_airflow/airflowalura/venv/lib/python3.9/site-packages/airflow/example_dags/example_sla_dag.py took 0.056 seconds
[2025-02-03 22:27:12,598] {processor.py:153} INFO - Started process (PID=45226) to work on /home/luan-capella/Documentos/curso_airflow/airflowalura/venv/lib/python3.9/site-packages/airflow/example_dags/example_sla_dag.py
[2025-02-03 22:27:12,600] {processor.py:641} INFO - Processing file /home/luan-capella/Documentos/curso_airflow/airflowalura/venv/lib/python3.9/site-packages/airflow/example_dags/example_sla_dag.py for tasks to queue
[2025-02-03 22:27:12,600] {logging_mixin.py:115} INFO - [2025-02-03 22:27:12,600] {dagbag.py:507} INFO - Filling up the DagBag from /home/luan-capella/Documentos/curso_airflow/airflowalura/venv/lib/python3.9/site-packages/airflow/example_dags/example_sla_dag.py
[2025-02-03 22:27:12,616] {processor.py:651} INFO - DAG(s) dict_keys(['example_sla_dag']) retrieved from /home/luan-capella/Documentos/curso_airflow/airflowalura/venv/lib/python3.9/site-packages/airflow/example_dags/example_sla_dag.py
[2025-02-03 22:27:12,627] {logging_mixin.py:115} INFO - [2025-02-03 22:27:12,627] {dag.py:2379} INFO - Sync 1 DAGs
[2025-02-03 22:27:12,643] {logging_mixin.py:115} INFO - [2025-02-03 22:27:12,643] {dag.py:2927} INFO - Setting next_dagrun for example_sla_dag to 2025-02-04T01:24:00+00:00, run_after=2025-02-04T01:26:00+00:00
[2025-02-03 22:27:12,653] {processor.py:161} INFO - Processing /home/luan-capella/Documentos/curso_airflow/airflowalura/venv/lib/python3.9/site-packages/airflow/example_dags/example_sla_dag.py took 0.059 seconds
[2025-02-03 22:27:49,186] {processor.py:153} INFO - Started process (PID=45393) to work on /home/luan-capella/Documentos/curso_airflow/airflowalura/venv/lib/python3.9/site-packages/airflow/example_dags/example_sla_dag.py
[2025-02-03 22:27:49,187] {processor.py:641} INFO - Processing file /home/luan-capella/Documentos/curso_airflow/airflowalura/venv/lib/python3.9/site-packages/airflow/example_dags/example_sla_dag.py for tasks to queue
[2025-02-03 22:27:49,188] {logging_mixin.py:115} INFO - [2025-02-03 22:27:49,187] {dagbag.py:507} INFO - Filling up the DagBag from /home/luan-capella/Documentos/curso_airflow/airflowalura/venv/lib/python3.9/site-packages/airflow/example_dags/example_sla_dag.py
[2025-02-03 22:27:49,203] {processor.py:651} INFO - DAG(s) dict_keys(['example_sla_dag']) retrieved from /home/luan-capella/Documentos/curso_airflow/airflowalura/venv/lib/python3.9/site-packages/airflow/example_dags/example_sla_dag.py
[2025-02-03 22:27:49,213] {logging_mixin.py:115} INFO - [2025-02-03 22:27:49,213] {dag.py:2379} INFO - Sync 1 DAGs
[2025-02-03 22:27:49,229] {logging_mixin.py:115} INFO - [2025-02-03 22:27:49,229] {dag.py:2927} INFO - Setting next_dagrun for example_sla_dag to 2025-02-04T01:24:00+00:00, run_after=2025-02-04T01:26:00+00:00
[2025-02-03 22:27:49,239] {processor.py:161} INFO - Processing /home/luan-capella/Documentos/curso_airflow/airflowalura/venv/lib/python3.9/site-packages/airflow/example_dags/example_sla_dag.py took 0.058 seconds
[2025-02-03 22:28:24,997] {processor.py:153} INFO - Started process (PID=45594) to work on /home/luan-capella/Documentos/curso_airflow/airflowalura/venv/lib/python3.9/site-packages/airflow/example_dags/example_sla_dag.py
[2025-02-03 22:28:24,998] {processor.py:641} INFO - Processing file /home/luan-capella/Documentos/curso_airflow/airflowalura/venv/lib/python3.9/site-packages/airflow/example_dags/example_sla_dag.py for tasks to queue
[2025-02-03 22:28:24,999] {logging_mixin.py:115} INFO - [2025-02-03 22:28:24,999] {dagbag.py:507} INFO - Filling up the DagBag from /home/luan-capella/Documentos/curso_airflow/airflowalura/venv/lib/python3.9/site-packages/airflow/example_dags/example_sla_dag.py
[2025-02-03 22:28:25,018] {processor.py:651} INFO - DAG(s) dict_keys(['example_sla_dag']) retrieved from /home/luan-capella/Documentos/curso_airflow/airflowalura/venv/lib/python3.9/site-packages/airflow/example_dags/example_sla_dag.py
[2025-02-03 22:28:25,031] {logging_mixin.py:115} INFO - [2025-02-03 22:28:25,031] {dag.py:2379} INFO - Sync 1 DAGs
[2025-02-03 22:28:25,047] {logging_mixin.py:115} INFO - [2025-02-03 22:28:25,047] {dag.py:2927} INFO - Setting next_dagrun for example_sla_dag to 2025-02-04T01:26:00+00:00, run_after=2025-02-04T01:28:00+00:00
[2025-02-03 22:28:25,059] {processor.py:161} INFO - Processing /home/luan-capella/Documentos/curso_airflow/airflowalura/venv/lib/python3.9/site-packages/airflow/example_dags/example_sla_dag.py took 0.068 seconds
