[2025-02-03 22:20:38,640] {processor.py:153} INFO - Started process (PID=42431) to work on /home/luan-capella/Documentos/curso_airflow/airflowalura/venv/lib/python3.9/site-packages/airflow/example_dags/example_complex.py
[2025-02-03 22:20:38,641] {processor.py:641} INFO - Processing file /home/luan-capella/Documentos/curso_airflow/airflowalura/venv/lib/python3.9/site-packages/airflow/example_dags/example_complex.py for tasks to queue
[2025-02-03 22:20:38,641] {logging_mixin.py:115} INFO - [2025-02-03 22:20:38,641] {dagbag.py:507} INFO - Filling up the DagBag from /home/luan-capella/Documentos/curso_airflow/airflowalura/venv/lib/python3.9/site-packages/airflow/example_dags/example_complex.py
[2025-02-03 22:20:38,653] {processor.py:651} INFO - DAG(s) dict_keys(['example_complex']) retrieved from /home/luan-capella/Documentos/curso_airflow/airflowalura/venv/lib/python3.9/site-packages/airflow/example_dags/example_complex.py
[2025-02-03 22:20:38,670] {logging_mixin.py:115} INFO - [2025-02-03 22:20:38,669] {dag.py:2379} INFO - Sync 1 DAGs
[2025-02-03 22:20:38,683] {logging_mixin.py:115} INFO - [2025-02-03 22:20:38,683] {dag.py:2927} INFO - Setting next_dagrun for example_complex to None, run_after=None
[2025-02-03 22:20:38,704] {processor.py:161} INFO - Processing /home/luan-capella/Documentos/curso_airflow/airflowalura/venv/lib/python3.9/site-packages/airflow/example_dags/example_complex.py took 0.069 seconds
[2025-02-03 22:21:17,172] {processor.py:153} INFO - Started process (PID=42829) to work on /home/luan-capella/Documentos/curso_airflow/airflowalura/venv/lib/python3.9/site-packages/airflow/example_dags/example_complex.py
[2025-02-03 22:21:17,174] {processor.py:641} INFO - Processing file /home/luan-capella/Documentos/curso_airflow/airflowalura/venv/lib/python3.9/site-packages/airflow/example_dags/example_complex.py for tasks to queue
[2025-02-03 22:21:17,174] {logging_mixin.py:115} INFO - [2025-02-03 22:21:17,174] {dagbag.py:507} INFO - Filling up the DagBag from /home/luan-capella/Documentos/curso_airflow/airflowalura/venv/lib/python3.9/site-packages/airflow/example_dags/example_complex.py
[2025-02-03 22:21:17,186] {processor.py:651} INFO - DAG(s) dict_keys(['example_complex']) retrieved from /home/luan-capella/Documentos/curso_airflow/airflowalura/venv/lib/python3.9/site-packages/airflow/example_dags/example_complex.py
[2025-02-03 22:21:17,201] {logging_mixin.py:115} INFO - [2025-02-03 22:21:17,201] {dag.py:2379} INFO - Sync 1 DAGs
[2025-02-03 22:21:17,213] {logging_mixin.py:115} INFO - [2025-02-03 22:21:17,213] {dag.py:2927} INFO - Setting next_dagrun for example_complex to None, run_after=None
[2025-02-03 22:21:17,223] {processor.py:161} INFO - Processing /home/luan-capella/Documentos/curso_airflow/airflowalura/venv/lib/python3.9/site-packages/airflow/example_dags/example_complex.py took 0.055 seconds
[2025-02-03 22:21:54,922] {processor.py:153} INFO - Started process (PID=42995) to work on /home/luan-capella/Documentos/curso_airflow/airflowalura/venv/lib/python3.9/site-packages/airflow/example_dags/example_complex.py
[2025-02-03 22:21:54,923] {processor.py:641} INFO - Processing file /home/luan-capella/Documentos/curso_airflow/airflowalura/venv/lib/python3.9/site-packages/airflow/example_dags/example_complex.py for tasks to queue
[2025-02-03 22:21:54,924] {logging_mixin.py:115} INFO - [2025-02-03 22:21:54,924] {dagbag.py:507} INFO - Filling up the DagBag from /home/luan-capella/Documentos/curso_airflow/airflowalura/venv/lib/python3.9/site-packages/airflow/example_dags/example_complex.py
[2025-02-03 22:21:54,935] {processor.py:651} INFO - DAG(s) dict_keys(['example_complex']) retrieved from /home/luan-capella/Documentos/curso_airflow/airflowalura/venv/lib/python3.9/site-packages/airflow/example_dags/example_complex.py
[2025-02-03 22:21:54,950] {logging_mixin.py:115} INFO - [2025-02-03 22:21:54,950] {dag.py:2379} INFO - Sync 1 DAGs
[2025-02-03 22:21:54,962] {logging_mixin.py:115} INFO - [2025-02-03 22:21:54,962] {dag.py:2927} INFO - Setting next_dagrun for example_complex to None, run_after=None
[2025-02-03 22:21:54,973] {processor.py:161} INFO - Processing /home/luan-capella/Documentos/curso_airflow/airflowalura/venv/lib/python3.9/site-packages/airflow/example_dags/example_complex.py took 0.055 seconds
[2025-02-03 22:22:31,777] {processor.py:153} INFO - Started process (PID=43166) to work on /home/luan-capella/Documentos/curso_airflow/airflowalura/venv/lib/python3.9/site-packages/airflow/example_dags/example_complex.py
[2025-02-03 22:22:31,778] {processor.py:641} INFO - Processing file /home/luan-capella/Documentos/curso_airflow/airflowalura/venv/lib/python3.9/site-packages/airflow/example_dags/example_complex.py for tasks to queue
[2025-02-03 22:22:31,779] {logging_mixin.py:115} INFO - [2025-02-03 22:22:31,779] {dagbag.py:507} INFO - Filling up the DagBag from /home/luan-capella/Documentos/curso_airflow/airflowalura/venv/lib/python3.9/site-packages/airflow/example_dags/example_complex.py
[2025-02-03 22:22:31,790] {processor.py:651} INFO - DAG(s) dict_keys(['example_complex']) retrieved from /home/luan-capella/Documentos/curso_airflow/airflowalura/venv/lib/python3.9/site-packages/airflow/example_dags/example_complex.py
[2025-02-03 22:22:31,808] {logging_mixin.py:115} INFO - [2025-02-03 22:22:31,808] {dag.py:2379} INFO - Sync 1 DAGs
[2025-02-03 22:22:31,820] {logging_mixin.py:115} INFO - [2025-02-03 22:22:31,820] {dag.py:2927} INFO - Setting next_dagrun for example_complex to None, run_after=None
[2025-02-03 22:22:31,832] {processor.py:161} INFO - Processing /home/luan-capella/Documentos/curso_airflow/airflowalura/venv/lib/python3.9/site-packages/airflow/example_dags/example_complex.py took 0.060 seconds
[2025-02-03 22:23:08,144] {processor.py:153} INFO - Started process (PID=43399) to work on /home/luan-capella/Documentos/curso_airflow/airflowalura/venv/lib/python3.9/site-packages/airflow/example_dags/example_complex.py
[2025-02-03 22:23:08,145] {processor.py:641} INFO - Processing file /home/luan-capella/Documentos/curso_airflow/airflowalura/venv/lib/python3.9/site-packages/airflow/example_dags/example_complex.py for tasks to queue
[2025-02-03 22:23:08,146] {logging_mixin.py:115} INFO - [2025-02-03 22:23:08,146] {dagbag.py:507} INFO - Filling up the DagBag from /home/luan-capella/Documentos/curso_airflow/airflowalura/venv/lib/python3.9/site-packages/airflow/example_dags/example_complex.py
[2025-02-03 22:23:08,157] {processor.py:651} INFO - DAG(s) dict_keys(['example_complex']) retrieved from /home/luan-capella/Documentos/curso_airflow/airflowalura/venv/lib/python3.9/site-packages/airflow/example_dags/example_complex.py
[2025-02-03 22:23:08,172] {logging_mixin.py:115} INFO - [2025-02-03 22:23:08,172] {dag.py:2379} INFO - Sync 1 DAGs
[2025-02-03 22:23:08,183] {logging_mixin.py:115} INFO - [2025-02-03 22:23:08,183] {dag.py:2927} INFO - Setting next_dagrun for example_complex to None, run_after=None
[2025-02-03 22:23:08,193] {processor.py:161} INFO - Processing /home/luan-capella/Documentos/curso_airflow/airflowalura/venv/lib/python3.9/site-packages/airflow/example_dags/example_complex.py took 0.054 seconds
[2025-02-03 22:23:44,200] {processor.py:153} INFO - Started process (PID=43624) to work on /home/luan-capella/Documentos/curso_airflow/airflowalura/venv/lib/python3.9/site-packages/airflow/example_dags/example_complex.py
[2025-02-03 22:23:44,201] {processor.py:641} INFO - Processing file /home/luan-capella/Documentos/curso_airflow/airflowalura/venv/lib/python3.9/site-packages/airflow/example_dags/example_complex.py for tasks to queue
[2025-02-03 22:23:44,202] {logging_mixin.py:115} INFO - [2025-02-03 22:23:44,202] {dagbag.py:507} INFO - Filling up the DagBag from /home/luan-capella/Documentos/curso_airflow/airflowalura/venv/lib/python3.9/site-packages/airflow/example_dags/example_complex.py
[2025-02-03 22:23:44,213] {processor.py:651} INFO - DAG(s) dict_keys(['example_complex']) retrieved from /home/luan-capella/Documentos/curso_airflow/airflowalura/venv/lib/python3.9/site-packages/airflow/example_dags/example_complex.py
[2025-02-03 22:23:44,229] {logging_mixin.py:115} INFO - [2025-02-03 22:23:44,229] {dag.py:2379} INFO - Sync 1 DAGs
[2025-02-03 22:23:44,242] {logging_mixin.py:115} INFO - [2025-02-03 22:23:44,242] {dag.py:2927} INFO - Setting next_dagrun for example_complex to None, run_after=None
[2025-02-03 22:23:44,253] {processor.py:161} INFO - Processing /home/luan-capella/Documentos/curso_airflow/airflowalura/venv/lib/python3.9/site-packages/airflow/example_dags/example_complex.py took 0.058 seconds
[2025-02-03 22:24:54,001] {processor.py:153} INFO - Started process (PID=44263) to work on /home/luan-capella/Documentos/curso_airflow/airflowalura/venv/lib/python3.9/site-packages/airflow/example_dags/example_complex.py
[2025-02-03 22:24:54,002] {processor.py:641} INFO - Processing file /home/luan-capella/Documentos/curso_airflow/airflowalura/venv/lib/python3.9/site-packages/airflow/example_dags/example_complex.py for tasks to queue
[2025-02-03 22:24:54,003] {logging_mixin.py:115} INFO - [2025-02-03 22:24:54,003] {dagbag.py:507} INFO - Filling up the DagBag from /home/luan-capella/Documentos/curso_airflow/airflowalura/venv/lib/python3.9/site-packages/airflow/example_dags/example_complex.py
[2025-02-03 22:24:54,016] {processor.py:651} INFO - DAG(s) dict_keys(['example_complex']) retrieved from /home/luan-capella/Documentos/curso_airflow/airflowalura/venv/lib/python3.9/site-packages/airflow/example_dags/example_complex.py
[2025-02-03 22:24:54,033] {logging_mixin.py:115} INFO - [2025-02-03 22:24:54,033] {dag.py:2379} INFO - Sync 1 DAGs
[2025-02-03 22:24:54,047] {logging_mixin.py:115} INFO - [2025-02-03 22:24:54,046] {dag.py:2927} INFO - Setting next_dagrun for example_complex to None, run_after=None
[2025-02-03 22:24:54,059] {processor.py:161} INFO - Processing /home/luan-capella/Documentos/curso_airflow/airflowalura/venv/lib/python3.9/site-packages/airflow/example_dags/example_complex.py took 0.062 seconds
[2025-02-03 22:25:30,596] {processor.py:153} INFO - Started process (PID=44616) to work on /home/luan-capella/Documentos/curso_airflow/airflowalura/venv/lib/python3.9/site-packages/airflow/example_dags/example_complex.py
[2025-02-03 22:25:30,597] {processor.py:641} INFO - Processing file /home/luan-capella/Documentos/curso_airflow/airflowalura/venv/lib/python3.9/site-packages/airflow/example_dags/example_complex.py for tasks to queue
[2025-02-03 22:25:30,597] {logging_mixin.py:115} INFO - [2025-02-03 22:25:30,597] {dagbag.py:507} INFO - Filling up the DagBag from /home/luan-capella/Documentos/curso_airflow/airflowalura/venv/lib/python3.9/site-packages/airflow/example_dags/example_complex.py
[2025-02-03 22:25:30,608] {processor.py:651} INFO - DAG(s) dict_keys(['example_complex']) retrieved from /home/luan-capella/Documentos/curso_airflow/airflowalura/venv/lib/python3.9/site-packages/airflow/example_dags/example_complex.py
[2025-02-03 22:25:30,623] {logging_mixin.py:115} INFO - [2025-02-03 22:25:30,623] {dag.py:2379} INFO - Sync 1 DAGs
[2025-02-03 22:25:30,636] {logging_mixin.py:115} INFO - [2025-02-03 22:25:30,636] {dag.py:2927} INFO - Setting next_dagrun for example_complex to None, run_after=None
[2025-02-03 22:25:30,648] {processor.py:161} INFO - Processing /home/luan-capella/Documentos/curso_airflow/airflowalura/venv/lib/python3.9/site-packages/airflow/example_dags/example_complex.py took 0.057 seconds
[2025-02-03 22:26:06,315] {processor.py:153} INFO - Started process (PID=44845) to work on /home/luan-capella/Documentos/curso_airflow/airflowalura/venv/lib/python3.9/site-packages/airflow/example_dags/example_complex.py
[2025-02-03 22:26:06,316] {processor.py:641} INFO - Processing file /home/luan-capella/Documentos/curso_airflow/airflowalura/venv/lib/python3.9/site-packages/airflow/example_dags/example_complex.py for tasks to queue
[2025-02-03 22:26:06,316] {logging_mixin.py:115} INFO - [2025-02-03 22:26:06,316] {dagbag.py:507} INFO - Filling up the DagBag from /home/luan-capella/Documentos/curso_airflow/airflowalura/venv/lib/python3.9/site-packages/airflow/example_dags/example_complex.py
[2025-02-03 22:26:06,329] {processor.py:651} INFO - DAG(s) dict_keys(['example_complex']) retrieved from /home/luan-capella/Documentos/curso_airflow/airflowalura/venv/lib/python3.9/site-packages/airflow/example_dags/example_complex.py
[2025-02-03 22:26:06,344] {logging_mixin.py:115} INFO - [2025-02-03 22:26:06,344] {dag.py:2379} INFO - Sync 1 DAGs
[2025-02-03 22:26:06,356] {logging_mixin.py:115} INFO - [2025-02-03 22:26:06,356] {dag.py:2927} INFO - Setting next_dagrun for example_complex to None, run_after=None
[2025-02-03 22:26:06,366] {processor.py:161} INFO - Processing /home/luan-capella/Documentos/curso_airflow/airflowalura/venv/lib/python3.9/site-packages/airflow/example_dags/example_complex.py took 0.054 seconds
[2025-02-03 22:26:45,305] {processor.py:153} INFO - Started process (PID=45087) to work on /home/luan-capella/Documentos/curso_airflow/airflowalura/venv/lib/python3.9/site-packages/airflow/example_dags/example_complex.py
[2025-02-03 22:26:45,306] {processor.py:641} INFO - Processing file /home/luan-capella/Documentos/curso_airflow/airflowalura/venv/lib/python3.9/site-packages/airflow/example_dags/example_complex.py for tasks to queue
[2025-02-03 22:26:45,307] {logging_mixin.py:115} INFO - [2025-02-03 22:26:45,307] {dagbag.py:507} INFO - Filling up the DagBag from /home/luan-capella/Documentos/curso_airflow/airflowalura/venv/lib/python3.9/site-packages/airflow/example_dags/example_complex.py
[2025-02-03 22:26:45,318] {processor.py:651} INFO - DAG(s) dict_keys(['example_complex']) retrieved from /home/luan-capella/Documentos/curso_airflow/airflowalura/venv/lib/python3.9/site-packages/airflow/example_dags/example_complex.py
[2025-02-03 22:26:45,333] {logging_mixin.py:115} INFO - [2025-02-03 22:26:45,333] {dag.py:2379} INFO - Sync 1 DAGs
[2025-02-03 22:26:45,345] {logging_mixin.py:115} INFO - [2025-02-03 22:26:45,344] {dag.py:2927} INFO - Setting next_dagrun for example_complex to None, run_after=None
[2025-02-03 22:26:45,355] {processor.py:161} INFO - Processing /home/luan-capella/Documentos/curso_airflow/airflowalura/venv/lib/python3.9/site-packages/airflow/example_dags/example_complex.py took 0.055 seconds
[2025-02-03 22:27:22,539] {processor.py:153} INFO - Started process (PID=45265) to work on /home/luan-capella/Documentos/curso_airflow/airflowalura/venv/lib/python3.9/site-packages/airflow/example_dags/example_complex.py
[2025-02-03 22:27:22,540] {processor.py:641} INFO - Processing file /home/luan-capella/Documentos/curso_airflow/airflowalura/venv/lib/python3.9/site-packages/airflow/example_dags/example_complex.py for tasks to queue
[2025-02-03 22:27:22,540] {logging_mixin.py:115} INFO - [2025-02-03 22:27:22,540] {dagbag.py:507} INFO - Filling up the DagBag from /home/luan-capella/Documentos/curso_airflow/airflowalura/venv/lib/python3.9/site-packages/airflow/example_dags/example_complex.py
[2025-02-03 22:27:22,549] {processor.py:651} INFO - DAG(s) dict_keys(['example_complex']) retrieved from /home/luan-capella/Documentos/curso_airflow/airflowalura/venv/lib/python3.9/site-packages/airflow/example_dags/example_complex.py
[2025-02-03 22:27:22,566] {logging_mixin.py:115} INFO - [2025-02-03 22:27:22,565] {dag.py:2379} INFO - Sync 1 DAGs
[2025-02-03 22:27:22,578] {logging_mixin.py:115} INFO - [2025-02-03 22:27:22,578] {dag.py:2927} INFO - Setting next_dagrun for example_complex to None, run_after=None
[2025-02-03 22:27:22,589] {processor.py:161} INFO - Processing /home/luan-capella/Documentos/curso_airflow/airflowalura/venv/lib/python3.9/site-packages/airflow/example_dags/example_complex.py took 0.052 seconds
[2025-02-03 22:27:59,832] {processor.py:153} INFO - Started process (PID=45450) to work on /home/luan-capella/Documentos/curso_airflow/airflowalura/venv/lib/python3.9/site-packages/airflow/example_dags/example_complex.py
[2025-02-03 22:27:59,833] {processor.py:641} INFO - Processing file /home/luan-capella/Documentos/curso_airflow/airflowalura/venv/lib/python3.9/site-packages/airflow/example_dags/example_complex.py for tasks to queue
[2025-02-03 22:27:59,834] {logging_mixin.py:115} INFO - [2025-02-03 22:27:59,834] {dagbag.py:507} INFO - Filling up the DagBag from /home/luan-capella/Documentos/curso_airflow/airflowalura/venv/lib/python3.9/site-packages/airflow/example_dags/example_complex.py
[2025-02-03 22:27:59,842] {processor.py:651} INFO - DAG(s) dict_keys(['example_complex']) retrieved from /home/luan-capella/Documentos/curso_airflow/airflowalura/venv/lib/python3.9/site-packages/airflow/example_dags/example_complex.py
[2025-02-03 22:27:59,858] {logging_mixin.py:115} INFO - [2025-02-03 22:27:59,858] {dag.py:2379} INFO - Sync 1 DAGs
[2025-02-03 22:27:59,870] {logging_mixin.py:115} INFO - [2025-02-03 22:27:59,870] {dag.py:2927} INFO - Setting next_dagrun for example_complex to None, run_after=None
[2025-02-03 22:27:59,882] {processor.py:161} INFO - Processing /home/luan-capella/Documentos/curso_airflow/airflowalura/venv/lib/python3.9/site-packages/airflow/example_dags/example_complex.py took 0.054 seconds
