[2025-02-03 22:20:47,676] {processor.py:153} INFO - Started process (PID=42575) to work on /home/luan-capella/Documentos/curso_airflow/airflowalura/venv/lib/python3.9/site-packages/airflow/example_dags/example_branch_operator_decorator.py
[2025-02-03 22:20:47,677] {processor.py:641} INFO - Processing file /home/luan-capella/Documentos/curso_airflow/airflowalura/venv/lib/python3.9/site-packages/airflow/example_dags/example_branch_operator_decorator.py for tasks to queue
[2025-02-03 22:20:47,678] {logging_mixin.py:115} INFO - [2025-02-03 22:20:47,678] {dagbag.py:507} INFO - Filling up the DagBag from /home/luan-capella/Documentos/curso_airflow/airflowalura/venv/lib/python3.9/site-packages/airflow/example_dags/example_branch_operator_decorator.py
[2025-02-03 22:20:47,694] {processor.py:651} INFO - DAG(s) dict_keys(['example_branch_python_operator_decorator']) retrieved from /home/luan-capella/Documentos/curso_airflow/airflowalura/venv/lib/python3.9/site-packages/airflow/example_dags/example_branch_operator_decorator.py
[2025-02-03 22:20:47,706] {logging_mixin.py:115} INFO - [2025-02-03 22:20:47,706] {dag.py:2379} INFO - Sync 1 DAGs
[2025-02-03 22:20:47,721] {logging_mixin.py:115} INFO - [2025-02-03 22:20:47,721] {dag.py:2927} INFO - Setting next_dagrun for example_branch_python_operator_decorator to 2025-02-03T00:00:00+00:00, run_after=2025-02-04T00:00:00+00:00
[2025-02-03 22:20:47,732] {processor.py:161} INFO - Processing /home/luan-capella/Documentos/curso_airflow/airflowalura/venv/lib/python3.9/site-packages/airflow/example_dags/example_branch_operator_decorator.py took 0.060 seconds
[2025-02-03 22:21:24,023] {processor.py:153} INFO - Started process (PID=42868) to work on /home/luan-capella/Documentos/curso_airflow/airflowalura/venv/lib/python3.9/site-packages/airflow/example_dags/example_branch_operator_decorator.py
[2025-02-03 22:21:24,024] {processor.py:641} INFO - Processing file /home/luan-capella/Documentos/curso_airflow/airflowalura/venv/lib/python3.9/site-packages/airflow/example_dags/example_branch_operator_decorator.py for tasks to queue
[2025-02-03 22:21:24,025] {logging_mixin.py:115} INFO - [2025-02-03 22:21:24,025] {dagbag.py:507} INFO - Filling up the DagBag from /home/luan-capella/Documentos/curso_airflow/airflowalura/venv/lib/python3.9/site-packages/airflow/example_dags/example_branch_operator_decorator.py
[2025-02-03 22:21:24,041] {processor.py:651} INFO - DAG(s) dict_keys(['example_branch_python_operator_decorator']) retrieved from /home/luan-capella/Documentos/curso_airflow/airflowalura/venv/lib/python3.9/site-packages/airflow/example_dags/example_branch_operator_decorator.py
[2025-02-03 22:21:24,053] {logging_mixin.py:115} INFO - [2025-02-03 22:21:24,053] {dag.py:2379} INFO - Sync 1 DAGs
[2025-02-03 22:21:24,068] {logging_mixin.py:115} INFO - [2025-02-03 22:21:24,068] {dag.py:2927} INFO - Setting next_dagrun for example_branch_python_operator_decorator to 2025-02-03T00:00:00+00:00, run_after=2025-02-04T00:00:00+00:00
[2025-02-03 22:21:24,092] {processor.py:161} INFO - Processing /home/luan-capella/Documentos/curso_airflow/airflowalura/venv/lib/python3.9/site-packages/airflow/example_dags/example_branch_operator_decorator.py took 0.074 seconds
[2025-02-03 22:22:01,468] {processor.py:153} INFO - Started process (PID=43026) to work on /home/luan-capella/Documentos/curso_airflow/airflowalura/venv/lib/python3.9/site-packages/airflow/example_dags/example_branch_operator_decorator.py
[2025-02-03 22:22:01,469] {processor.py:641} INFO - Processing file /home/luan-capella/Documentos/curso_airflow/airflowalura/venv/lib/python3.9/site-packages/airflow/example_dags/example_branch_operator_decorator.py for tasks to queue
[2025-02-03 22:22:01,470] {logging_mixin.py:115} INFO - [2025-02-03 22:22:01,469] {dagbag.py:507} INFO - Filling up the DagBag from /home/luan-capella/Documentos/curso_airflow/airflowalura/venv/lib/python3.9/site-packages/airflow/example_dags/example_branch_operator_decorator.py
[2025-02-03 22:22:01,487] {processor.py:651} INFO - DAG(s) dict_keys(['example_branch_python_operator_decorator']) retrieved from /home/luan-capella/Documentos/curso_airflow/airflowalura/venv/lib/python3.9/site-packages/airflow/example_dags/example_branch_operator_decorator.py
[2025-02-03 22:22:01,500] {logging_mixin.py:115} INFO - [2025-02-03 22:22:01,500] {dag.py:2379} INFO - Sync 1 DAGs
[2025-02-03 22:22:01,517] {logging_mixin.py:115} INFO - [2025-02-03 22:22:01,517] {dag.py:2927} INFO - Setting next_dagrun for example_branch_python_operator_decorator to 2025-02-03T00:00:00+00:00, run_after=2025-02-04T00:00:00+00:00
[2025-02-03 22:22:01,529] {processor.py:161} INFO - Processing /home/luan-capella/Documentos/curso_airflow/airflowalura/venv/lib/python3.9/site-packages/airflow/example_dags/example_branch_operator_decorator.py took 0.064 seconds
[2025-02-03 22:22:39,856] {processor.py:153} INFO - Started process (PID=43205) to work on /home/luan-capella/Documentos/curso_airflow/airflowalura/venv/lib/python3.9/site-packages/airflow/example_dags/example_branch_operator_decorator.py
[2025-02-03 22:22:39,857] {processor.py:641} INFO - Processing file /home/luan-capella/Documentos/curso_airflow/airflowalura/venv/lib/python3.9/site-packages/airflow/example_dags/example_branch_operator_decorator.py for tasks to queue
[2025-02-03 22:22:39,858] {logging_mixin.py:115} INFO - [2025-02-03 22:22:39,858] {dagbag.py:507} INFO - Filling up the DagBag from /home/luan-capella/Documentos/curso_airflow/airflowalura/venv/lib/python3.9/site-packages/airflow/example_dags/example_branch_operator_decorator.py
[2025-02-03 22:22:39,874] {processor.py:651} INFO - DAG(s) dict_keys(['example_branch_python_operator_decorator']) retrieved from /home/luan-capella/Documentos/curso_airflow/airflowalura/venv/lib/python3.9/site-packages/airflow/example_dags/example_branch_operator_decorator.py
[2025-02-03 22:22:39,886] {logging_mixin.py:115} INFO - [2025-02-03 22:22:39,886] {dag.py:2379} INFO - Sync 1 DAGs
[2025-02-03 22:22:39,901] {logging_mixin.py:115} INFO - [2025-02-03 22:22:39,901] {dag.py:2927} INFO - Setting next_dagrun for example_branch_python_operator_decorator to 2025-02-03T00:00:00+00:00, run_after=2025-02-04T00:00:00+00:00
[2025-02-03 22:22:39,912] {processor.py:161} INFO - Processing /home/luan-capella/Documentos/curso_airflow/airflowalura/venv/lib/python3.9/site-packages/airflow/example_dags/example_branch_operator_decorator.py took 0.060 seconds
[2025-02-03 22:23:15,577] {processor.py:153} INFO - Started process (PID=43484) to work on /home/luan-capella/Documentos/curso_airflow/airflowalura/venv/lib/python3.9/site-packages/airflow/example_dags/example_branch_operator_decorator.py
[2025-02-03 22:23:15,577] {processor.py:641} INFO - Processing file /home/luan-capella/Documentos/curso_airflow/airflowalura/venv/lib/python3.9/site-packages/airflow/example_dags/example_branch_operator_decorator.py for tasks to queue
[2025-02-03 22:23:15,578] {logging_mixin.py:115} INFO - [2025-02-03 22:23:15,578] {dagbag.py:507} INFO - Filling up the DagBag from /home/luan-capella/Documentos/curso_airflow/airflowalura/venv/lib/python3.9/site-packages/airflow/example_dags/example_branch_operator_decorator.py
[2025-02-03 22:23:15,591] {processor.py:651} INFO - DAG(s) dict_keys(['example_branch_python_operator_decorator']) retrieved from /home/luan-capella/Documentos/curso_airflow/airflowalura/venv/lib/python3.9/site-packages/airflow/example_dags/example_branch_operator_decorator.py
[2025-02-03 22:23:15,604] {logging_mixin.py:115} INFO - [2025-02-03 22:23:15,604] {dag.py:2379} INFO - Sync 1 DAGs
[2025-02-03 22:23:15,620] {logging_mixin.py:115} INFO - [2025-02-03 22:23:15,620] {dag.py:2927} INFO - Setting next_dagrun for example_branch_python_operator_decorator to 2025-02-03T00:00:00+00:00, run_after=2025-02-04T00:00:00+00:00
[2025-02-03 22:23:15,631] {processor.py:161} INFO - Processing /home/luan-capella/Documentos/curso_airflow/airflowalura/venv/lib/python3.9/site-packages/airflow/example_dags/example_branch_operator_decorator.py took 0.056 seconds
[2025-02-03 22:23:52,796] {processor.py:153} INFO - Started process (PID=43662) to work on /home/luan-capella/Documentos/curso_airflow/airflowalura/venv/lib/python3.9/site-packages/airflow/example_dags/example_branch_operator_decorator.py
[2025-02-03 22:23:52,797] {processor.py:641} INFO - Processing file /home/luan-capella/Documentos/curso_airflow/airflowalura/venv/lib/python3.9/site-packages/airflow/example_dags/example_branch_operator_decorator.py for tasks to queue
[2025-02-03 22:23:52,797] {logging_mixin.py:115} INFO - [2025-02-03 22:23:52,797] {dagbag.py:507} INFO - Filling up the DagBag from /home/luan-capella/Documentos/curso_airflow/airflowalura/venv/lib/python3.9/site-packages/airflow/example_dags/example_branch_operator_decorator.py
[2025-02-03 22:23:52,811] {processor.py:651} INFO - DAG(s) dict_keys(['example_branch_python_operator_decorator']) retrieved from /home/luan-capella/Documentos/curso_airflow/airflowalura/venv/lib/python3.9/site-packages/airflow/example_dags/example_branch_operator_decorator.py
[2025-02-03 22:23:52,824] {logging_mixin.py:115} INFO - [2025-02-03 22:23:52,824] {dag.py:2379} INFO - Sync 1 DAGs
[2025-02-03 22:23:52,841] {logging_mixin.py:115} INFO - [2025-02-03 22:23:52,841] {dag.py:2927} INFO - Setting next_dagrun for example_branch_python_operator_decorator to 2025-02-03T00:00:00+00:00, run_after=2025-02-04T00:00:00+00:00
[2025-02-03 22:23:52,852] {processor.py:161} INFO - Processing /home/luan-capella/Documentos/curso_airflow/airflowalura/venv/lib/python3.9/site-packages/airflow/example_dags/example_branch_operator_decorator.py took 0.059 seconds
[2025-02-03 22:25:00,523] {processor.py:153} INFO - Started process (PID=44337) to work on /home/luan-capella/Documentos/curso_airflow/airflowalura/venv/lib/python3.9/site-packages/airflow/example_dags/example_branch_operator_decorator.py
[2025-02-03 22:25:00,524] {processor.py:641} INFO - Processing file /home/luan-capella/Documentos/curso_airflow/airflowalura/venv/lib/python3.9/site-packages/airflow/example_dags/example_branch_operator_decorator.py for tasks to queue
[2025-02-03 22:25:00,525] {logging_mixin.py:115} INFO - [2025-02-03 22:25:00,525] {dagbag.py:507} INFO - Filling up the DagBag from /home/luan-capella/Documentos/curso_airflow/airflowalura/venv/lib/python3.9/site-packages/airflow/example_dags/example_branch_operator_decorator.py
[2025-02-03 22:25:00,541] {processor.py:651} INFO - DAG(s) dict_keys(['example_branch_python_operator_decorator']) retrieved from /home/luan-capella/Documentos/curso_airflow/airflowalura/venv/lib/python3.9/site-packages/airflow/example_dags/example_branch_operator_decorator.py
[2025-02-03 22:25:00,553] {logging_mixin.py:115} INFO - [2025-02-03 22:25:00,553] {dag.py:2379} INFO - Sync 1 DAGs
[2025-02-03 22:25:00,568] {logging_mixin.py:115} INFO - [2025-02-03 22:25:00,568] {dag.py:2927} INFO - Setting next_dagrun for example_branch_python_operator_decorator to 2025-02-03T00:00:00+00:00, run_after=2025-02-04T00:00:00+00:00
[2025-02-03 22:25:00,579] {processor.py:161} INFO - Processing /home/luan-capella/Documentos/curso_airflow/airflowalura/venv/lib/python3.9/site-packages/airflow/example_dags/example_branch_operator_decorator.py took 0.060 seconds
[2025-02-03 22:25:39,422] {processor.py:153} INFO - Started process (PID=44657) to work on /home/luan-capella/Documentos/curso_airflow/airflowalura/venv/lib/python3.9/site-packages/airflow/example_dags/example_branch_operator_decorator.py
[2025-02-03 22:25:39,423] {processor.py:641} INFO - Processing file /home/luan-capella/Documentos/curso_airflow/airflowalura/venv/lib/python3.9/site-packages/airflow/example_dags/example_branch_operator_decorator.py for tasks to queue
[2025-02-03 22:25:39,424] {logging_mixin.py:115} INFO - [2025-02-03 22:25:39,424] {dagbag.py:507} INFO - Filling up the DagBag from /home/luan-capella/Documentos/curso_airflow/airflowalura/venv/lib/python3.9/site-packages/airflow/example_dags/example_branch_operator_decorator.py
[2025-02-03 22:25:39,441] {processor.py:651} INFO - DAG(s) dict_keys(['example_branch_python_operator_decorator']) retrieved from /home/luan-capella/Documentos/curso_airflow/airflowalura/venv/lib/python3.9/site-packages/airflow/example_dags/example_branch_operator_decorator.py
[2025-02-03 22:25:39,454] {logging_mixin.py:115} INFO - [2025-02-03 22:25:39,454] {dag.py:2379} INFO - Sync 1 DAGs
[2025-02-03 22:25:39,471] {logging_mixin.py:115} INFO - [2025-02-03 22:25:39,471] {dag.py:2927} INFO - Setting next_dagrun for example_branch_python_operator_decorator to 2025-02-03T00:00:00+00:00, run_after=2025-02-04T00:00:00+00:00
[2025-02-03 22:25:39,482] {processor.py:161} INFO - Processing /home/luan-capella/Documentos/curso_airflow/airflowalura/venv/lib/python3.9/site-packages/airflow/example_dags/example_branch_operator_decorator.py took 0.066 seconds
[2025-02-03 22:26:16,048] {processor.py:153} INFO - Started process (PID=44938) to work on /home/luan-capella/Documentos/curso_airflow/airflowalura/venv/lib/python3.9/site-packages/airflow/example_dags/example_branch_operator_decorator.py
[2025-02-03 22:26:16,049] {processor.py:641} INFO - Processing file /home/luan-capella/Documentos/curso_airflow/airflowalura/venv/lib/python3.9/site-packages/airflow/example_dags/example_branch_operator_decorator.py for tasks to queue
[2025-02-03 22:26:16,050] {logging_mixin.py:115} INFO - [2025-02-03 22:26:16,050] {dagbag.py:507} INFO - Filling up the DagBag from /home/luan-capella/Documentos/curso_airflow/airflowalura/venv/lib/python3.9/site-packages/airflow/example_dags/example_branch_operator_decorator.py
[2025-02-03 22:26:16,066] {processor.py:651} INFO - DAG(s) dict_keys(['example_branch_python_operator_decorator']) retrieved from /home/luan-capella/Documentos/curso_airflow/airflowalura/venv/lib/python3.9/site-packages/airflow/example_dags/example_branch_operator_decorator.py
[2025-02-03 22:26:16,079] {logging_mixin.py:115} INFO - [2025-02-03 22:26:16,079] {dag.py:2379} INFO - Sync 1 DAGs
[2025-02-03 22:26:16,093] {logging_mixin.py:115} INFO - [2025-02-03 22:26:16,093] {dag.py:2927} INFO - Setting next_dagrun for example_branch_python_operator_decorator to 2025-02-03T00:00:00+00:00, run_after=2025-02-04T00:00:00+00:00
[2025-02-03 22:26:16,103] {processor.py:161} INFO - Processing /home/luan-capella/Documentos/curso_airflow/airflowalura/venv/lib/python3.9/site-packages/airflow/example_dags/example_branch_operator_decorator.py took 0.060 seconds
[2025-02-03 22:26:53,448] {processor.py:153} INFO - Started process (PID=45121) to work on /home/luan-capella/Documentos/curso_airflow/airflowalura/venv/lib/python3.9/site-packages/airflow/example_dags/example_branch_operator_decorator.py
[2025-02-03 22:26:53,450] {processor.py:641} INFO - Processing file /home/luan-capella/Documentos/curso_airflow/airflowalura/venv/lib/python3.9/site-packages/airflow/example_dags/example_branch_operator_decorator.py for tasks to queue
[2025-02-03 22:26:53,450] {logging_mixin.py:115} INFO - [2025-02-03 22:26:53,450] {dagbag.py:507} INFO - Filling up the DagBag from /home/luan-capella/Documentos/curso_airflow/airflowalura/venv/lib/python3.9/site-packages/airflow/example_dags/example_branch_operator_decorator.py
[2025-02-03 22:26:53,467] {processor.py:651} INFO - DAG(s) dict_keys(['example_branch_python_operator_decorator']) retrieved from /home/luan-capella/Documentos/curso_airflow/airflowalura/venv/lib/python3.9/site-packages/airflow/example_dags/example_branch_operator_decorator.py
[2025-02-03 22:26:53,479] {logging_mixin.py:115} INFO - [2025-02-03 22:26:53,479] {dag.py:2379} INFO - Sync 1 DAGs
[2025-02-03 22:26:53,494] {logging_mixin.py:115} INFO - [2025-02-03 22:26:53,494] {dag.py:2927} INFO - Setting next_dagrun for example_branch_python_operator_decorator to 2025-02-03T00:00:00+00:00, run_after=2025-02-04T00:00:00+00:00
[2025-02-03 22:26:53,504] {processor.py:161} INFO - Processing /home/luan-capella/Documentos/curso_airflow/airflowalura/venv/lib/python3.9/site-packages/airflow/example_dags/example_branch_operator_decorator.py took 0.061 seconds
[2025-02-03 22:27:29,993] {processor.py:153} INFO - Started process (PID=45315) to work on /home/luan-capella/Documentos/curso_airflow/airflowalura/venv/lib/python3.9/site-packages/airflow/example_dags/example_branch_operator_decorator.py
[2025-02-03 22:27:29,994] {processor.py:641} INFO - Processing file /home/luan-capella/Documentos/curso_airflow/airflowalura/venv/lib/python3.9/site-packages/airflow/example_dags/example_branch_operator_decorator.py for tasks to queue
[2025-02-03 22:27:29,994] {logging_mixin.py:115} INFO - [2025-02-03 22:27:29,994] {dagbag.py:507} INFO - Filling up the DagBag from /home/luan-capella/Documentos/curso_airflow/airflowalura/venv/lib/python3.9/site-packages/airflow/example_dags/example_branch_operator_decorator.py
[2025-02-03 22:27:30,008] {processor.py:651} INFO - DAG(s) dict_keys(['example_branch_python_operator_decorator']) retrieved from /home/luan-capella/Documentos/curso_airflow/airflowalura/venv/lib/python3.9/site-packages/airflow/example_dags/example_branch_operator_decorator.py
[2025-02-03 22:27:30,020] {logging_mixin.py:115} INFO - [2025-02-03 22:27:30,020] {dag.py:2379} INFO - Sync 1 DAGs
[2025-02-03 22:27:30,035] {logging_mixin.py:115} INFO - [2025-02-03 22:27:30,035] {dag.py:2927} INFO - Setting next_dagrun for example_branch_python_operator_decorator to 2025-02-03T00:00:00+00:00, run_after=2025-02-04T00:00:00+00:00
[2025-02-03 22:27:30,045] {processor.py:161} INFO - Processing /home/luan-capella/Documentos/curso_airflow/airflowalura/venv/lib/python3.9/site-packages/airflow/example_dags/example_branch_operator_decorator.py took 0.054 seconds
[2025-02-03 22:28:06,702] {processor.py:153} INFO - Started process (PID=45477) to work on /home/luan-capella/Documentos/curso_airflow/airflowalura/venv/lib/python3.9/site-packages/airflow/example_dags/example_branch_operator_decorator.py
[2025-02-03 22:28:06,703] {processor.py:641} INFO - Processing file /home/luan-capella/Documentos/curso_airflow/airflowalura/venv/lib/python3.9/site-packages/airflow/example_dags/example_branch_operator_decorator.py for tasks to queue
[2025-02-03 22:28:06,704] {logging_mixin.py:115} INFO - [2025-02-03 22:28:06,704] {dagbag.py:507} INFO - Filling up the DagBag from /home/luan-capella/Documentos/curso_airflow/airflowalura/venv/lib/python3.9/site-packages/airflow/example_dags/example_branch_operator_decorator.py
[2025-02-03 22:28:06,721] {processor.py:651} INFO - DAG(s) dict_keys(['example_branch_python_operator_decorator']) retrieved from /home/luan-capella/Documentos/curso_airflow/airflowalura/venv/lib/python3.9/site-packages/airflow/example_dags/example_branch_operator_decorator.py
[2025-02-03 22:28:06,736] {logging_mixin.py:115} INFO - [2025-02-03 22:28:06,736] {dag.py:2379} INFO - Sync 1 DAGs
[2025-02-03 22:28:06,752] {logging_mixin.py:115} INFO - [2025-02-03 22:28:06,752] {dag.py:2927} INFO - Setting next_dagrun for example_branch_python_operator_decorator to 2025-02-03T00:00:00+00:00, run_after=2025-02-04T00:00:00+00:00
[2025-02-03 22:28:06,764] {processor.py:161} INFO - Processing /home/luan-capella/Documentos/curso_airflow/airflowalura/venv/lib/python3.9/site-packages/airflow/example_dags/example_branch_operator_decorator.py took 0.066 seconds
