[2025-02-03 22:20:48,828] {processor.py:153} INFO - Started process (PID=42611) to work on /home/luan-capella/Documentos/curso_airflow/airflowalura/venv/lib/python3.9/site-packages/airflow/example_dags/example_branch_python_dop_operator_3.py
[2025-02-03 22:20:48,828] {processor.py:641} INFO - Processing file /home/luan-capella/Documentos/curso_airflow/airflowalura/venv/lib/python3.9/site-packages/airflow/example_dags/example_branch_python_dop_operator_3.py for tasks to queue
[2025-02-03 22:20:48,829] {logging_mixin.py:115} INFO - [2025-02-03 22:20:48,829] {dagbag.py:507} INFO - Filling up the DagBag from /home/luan-capella/Documentos/curso_airflow/airflowalura/venv/lib/python3.9/site-packages/airflow/example_dags/example_branch_python_dop_operator_3.py
[2025-02-03 22:20:48,839] {processor.py:651} INFO - DAG(s) dict_keys(['example_branch_dop_operator_v3']) retrieved from /home/luan-capella/Documentos/curso_airflow/airflowalura/venv/lib/python3.9/site-packages/airflow/example_dags/example_branch_python_dop_operator_3.py
[2025-02-03 22:20:48,852] {logging_mixin.py:115} INFO - [2025-02-03 22:20:48,852] {dag.py:2379} INFO - Sync 1 DAGs
[2025-02-03 22:20:48,868] {logging_mixin.py:115} INFO - [2025-02-03 22:20:48,868] {dag.py:2927} INFO - Setting next_dagrun for example_branch_dop_operator_v3 to 2025-02-04T01:19:00+00:00, run_after=2025-02-04T01:20:00+00:00
[2025-02-03 22:20:48,880] {processor.py:161} INFO - Processing /home/luan-capella/Documentos/curso_airflow/airflowalura/venv/lib/python3.9/site-packages/airflow/example_dags/example_branch_python_dop_operator_3.py took 0.057 seconds
[2025-02-03 22:21:28,944] {processor.py:153} INFO - Started process (PID=42881) to work on /home/luan-capella/Documentos/curso_airflow/airflowalura/venv/lib/python3.9/site-packages/airflow/example_dags/example_branch_python_dop_operator_3.py
[2025-02-03 22:21:28,945] {processor.py:641} INFO - Processing file /home/luan-capella/Documentos/curso_airflow/airflowalura/venv/lib/python3.9/site-packages/airflow/example_dags/example_branch_python_dop_operator_3.py for tasks to queue
[2025-02-03 22:21:28,946] {logging_mixin.py:115} INFO - [2025-02-03 22:21:28,946] {dagbag.py:507} INFO - Filling up the DagBag from /home/luan-capella/Documentos/curso_airflow/airflowalura/venv/lib/python3.9/site-packages/airflow/example_dags/example_branch_python_dop_operator_3.py
[2025-02-03 22:21:28,956] {processor.py:651} INFO - DAG(s) dict_keys(['example_branch_dop_operator_v3']) retrieved from /home/luan-capella/Documentos/curso_airflow/airflowalura/venv/lib/python3.9/site-packages/airflow/example_dags/example_branch_python_dop_operator_3.py
[2025-02-03 22:21:28,967] {logging_mixin.py:115} INFO - [2025-02-03 22:21:28,967] {dag.py:2379} INFO - Sync 1 DAGs
[2025-02-03 22:21:28,982] {logging_mixin.py:115} INFO - [2025-02-03 22:21:28,982] {dag.py:2927} INFO - Setting next_dagrun for example_branch_dop_operator_v3 to 2025-02-04T01:20:00+00:00, run_after=2025-02-04T01:21:00+00:00
[2025-02-03 22:21:28,993] {processor.py:161} INFO - Processing /home/luan-capella/Documentos/curso_airflow/airflowalura/venv/lib/python3.9/site-packages/airflow/example_dags/example_branch_python_dop_operator_3.py took 0.055 seconds
[2025-02-03 22:22:07,112] {processor.py:153} INFO - Started process (PID=43049) to work on /home/luan-capella/Documentos/curso_airflow/airflowalura/venv/lib/python3.9/site-packages/airflow/example_dags/example_branch_python_dop_operator_3.py
[2025-02-03 22:22:07,113] {processor.py:641} INFO - Processing file /home/luan-capella/Documentos/curso_airflow/airflowalura/venv/lib/python3.9/site-packages/airflow/example_dags/example_branch_python_dop_operator_3.py for tasks to queue
[2025-02-03 22:22:07,113] {logging_mixin.py:115} INFO - [2025-02-03 22:22:07,113] {dagbag.py:507} INFO - Filling up the DagBag from /home/luan-capella/Documentos/curso_airflow/airflowalura/venv/lib/python3.9/site-packages/airflow/example_dags/example_branch_python_dop_operator_3.py
[2025-02-03 22:22:07,123] {processor.py:651} INFO - DAG(s) dict_keys(['example_branch_dop_operator_v3']) retrieved from /home/luan-capella/Documentos/curso_airflow/airflowalura/venv/lib/python3.9/site-packages/airflow/example_dags/example_branch_python_dop_operator_3.py
[2025-02-03 22:22:07,135] {logging_mixin.py:115} INFO - [2025-02-03 22:22:07,135] {dag.py:2379} INFO - Sync 1 DAGs
[2025-02-03 22:22:07,151] {logging_mixin.py:115} INFO - [2025-02-03 22:22:07,150] {dag.py:2927} INFO - Setting next_dagrun for example_branch_dop_operator_v3 to 2025-02-04T01:21:00+00:00, run_after=2025-02-04T01:22:00+00:00
[2025-02-03 22:22:07,161] {processor.py:161} INFO - Processing /home/luan-capella/Documentos/curso_airflow/airflowalura/venv/lib/python3.9/site-packages/airflow/example_dags/example_branch_python_dop_operator_3.py took 0.052 seconds
[2025-02-03 22:22:43,481] {processor.py:153} INFO - Started process (PID=43220) to work on /home/luan-capella/Documentos/curso_airflow/airflowalura/venv/lib/python3.9/site-packages/airflow/example_dags/example_branch_python_dop_operator_3.py
[2025-02-03 22:22:43,482] {processor.py:641} INFO - Processing file /home/luan-capella/Documentos/curso_airflow/airflowalura/venv/lib/python3.9/site-packages/airflow/example_dags/example_branch_python_dop_operator_3.py for tasks to queue
[2025-02-03 22:22:43,483] {logging_mixin.py:115} INFO - [2025-02-03 22:22:43,482] {dagbag.py:507} INFO - Filling up the DagBag from /home/luan-capella/Documentos/curso_airflow/airflowalura/venv/lib/python3.9/site-packages/airflow/example_dags/example_branch_python_dop_operator_3.py
[2025-02-03 22:22:43,492] {processor.py:651} INFO - DAG(s) dict_keys(['example_branch_dop_operator_v3']) retrieved from /home/luan-capella/Documentos/curso_airflow/airflowalura/venv/lib/python3.9/site-packages/airflow/example_dags/example_branch_python_dop_operator_3.py
[2025-02-03 22:22:43,504] {logging_mixin.py:115} INFO - [2025-02-03 22:22:43,504] {dag.py:2379} INFO - Sync 1 DAGs
[2025-02-03 22:22:43,520] {logging_mixin.py:115} INFO - [2025-02-03 22:22:43,519] {dag.py:2927} INFO - Setting next_dagrun for example_branch_dop_operator_v3 to 2025-02-04T01:21:00+00:00, run_after=2025-02-04T01:22:00+00:00
[2025-02-03 22:22:43,530] {processor.py:161} INFO - Processing /home/luan-capella/Documentos/curso_airflow/airflowalura/venv/lib/python3.9/site-packages/airflow/example_dags/example_branch_python_dop_operator_3.py took 0.054 seconds
[2025-02-03 22:23:19,509] {processor.py:153} INFO - Started process (PID=43510) to work on /home/luan-capella/Documentos/curso_airflow/airflowalura/venv/lib/python3.9/site-packages/airflow/example_dags/example_branch_python_dop_operator_3.py
[2025-02-03 22:23:19,510] {processor.py:641} INFO - Processing file /home/luan-capella/Documentos/curso_airflow/airflowalura/venv/lib/python3.9/site-packages/airflow/example_dags/example_branch_python_dop_operator_3.py for tasks to queue
[2025-02-03 22:23:19,510] {logging_mixin.py:115} INFO - [2025-02-03 22:23:19,510] {dagbag.py:507} INFO - Filling up the DagBag from /home/luan-capella/Documentos/curso_airflow/airflowalura/venv/lib/python3.9/site-packages/airflow/example_dags/example_branch_python_dop_operator_3.py
[2025-02-03 22:23:19,517] {processor.py:651} INFO - DAG(s) dict_keys(['example_branch_dop_operator_v3']) retrieved from /home/luan-capella/Documentos/curso_airflow/airflowalura/venv/lib/python3.9/site-packages/airflow/example_dags/example_branch_python_dop_operator_3.py
[2025-02-03 22:23:19,528] {logging_mixin.py:115} INFO - [2025-02-03 22:23:19,528] {dag.py:2379} INFO - Sync 1 DAGs
[2025-02-03 22:23:19,544] {logging_mixin.py:115} INFO - [2025-02-03 22:23:19,544] {dag.py:2927} INFO - Setting next_dagrun for example_branch_dop_operator_v3 to 2025-02-04T01:22:00+00:00, run_after=2025-02-04T01:23:00+00:00
[2025-02-03 22:23:19,555] {processor.py:161} INFO - Processing /home/luan-capella/Documentos/curso_airflow/airflowalura/venv/lib/python3.9/site-packages/airflow/example_dags/example_branch_python_dop_operator_3.py took 0.047 seconds
[2025-02-03 22:23:55,680] {processor.py:153} INFO - Started process (PID=43671) to work on /home/luan-capella/Documentos/curso_airflow/airflowalura/venv/lib/python3.9/site-packages/airflow/example_dags/example_branch_python_dop_operator_3.py
[2025-02-03 22:23:55,681] {processor.py:641} INFO - Processing file /home/luan-capella/Documentos/curso_airflow/airflowalura/venv/lib/python3.9/site-packages/airflow/example_dags/example_branch_python_dop_operator_3.py for tasks to queue
[2025-02-03 22:23:55,682] {logging_mixin.py:115} INFO - [2025-02-03 22:23:55,682] {dagbag.py:507} INFO - Filling up the DagBag from /home/luan-capella/Documentos/curso_airflow/airflowalura/venv/lib/python3.9/site-packages/airflow/example_dags/example_branch_python_dop_operator_3.py
[2025-02-03 22:23:55,693] {processor.py:651} INFO - DAG(s) dict_keys(['example_branch_dop_operator_v3']) retrieved from /home/luan-capella/Documentos/curso_airflow/airflowalura/venv/lib/python3.9/site-packages/airflow/example_dags/example_branch_python_dop_operator_3.py
[2025-02-03 22:23:55,705] {logging_mixin.py:115} INFO - [2025-02-03 22:23:55,704] {dag.py:2379} INFO - Sync 1 DAGs
[2025-02-03 22:23:55,720] {logging_mixin.py:115} INFO - [2025-02-03 22:23:55,720] {dag.py:2927} INFO - Setting next_dagrun for example_branch_dop_operator_v3 to 2025-02-04T01:22:00+00:00, run_after=2025-02-04T01:23:00+00:00
[2025-02-03 22:23:55,730] {processor.py:161} INFO - Processing /home/luan-capella/Documentos/curso_airflow/airflowalura/venv/lib/python3.9/site-packages/airflow/example_dags/example_branch_python_dop_operator_3.py took 0.056 seconds
[2025-02-03 22:25:00,839] {processor.py:153} INFO - Started process (PID=44360) to work on /home/luan-capella/Documentos/curso_airflow/airflowalura/venv/lib/python3.9/site-packages/airflow/example_dags/example_branch_python_dop_operator_3.py
[2025-02-03 22:25:00,839] {processor.py:641} INFO - Processing file /home/luan-capella/Documentos/curso_airflow/airflowalura/venv/lib/python3.9/site-packages/airflow/example_dags/example_branch_python_dop_operator_3.py for tasks to queue
[2025-02-03 22:25:00,840] {logging_mixin.py:115} INFO - [2025-02-03 22:25:00,839] {dagbag.py:507} INFO - Filling up the DagBag from /home/luan-capella/Documentos/curso_airflow/airflowalura/venv/lib/python3.9/site-packages/airflow/example_dags/example_branch_python_dop_operator_3.py
[2025-02-03 22:25:00,848] {processor.py:651} INFO - DAG(s) dict_keys(['example_branch_dop_operator_v3']) retrieved from /home/luan-capella/Documentos/curso_airflow/airflowalura/venv/lib/python3.9/site-packages/airflow/example_dags/example_branch_python_dop_operator_3.py
[2025-02-03 22:25:00,859] {logging_mixin.py:115} INFO - [2025-02-03 22:25:00,859] {dag.py:2379} INFO - Sync 1 DAGs
[2025-02-03 22:25:00,876] {logging_mixin.py:115} INFO - [2025-02-03 22:25:00,876] {dag.py:2927} INFO - Setting next_dagrun for example_branch_dop_operator_v3 to 2025-02-04T01:24:00+00:00, run_after=2025-02-04T01:25:00+00:00
[2025-02-03 22:25:00,888] {processor.py:161} INFO - Processing /home/luan-capella/Documentos/curso_airflow/airflowalura/venv/lib/python3.9/site-packages/airflow/example_dags/example_branch_python_dop_operator_3.py took 0.052 seconds
[2025-02-03 22:25:40,567] {processor.py:153} INFO - Started process (PID=44660) to work on /home/luan-capella/Documentos/curso_airflow/airflowalura/venv/lib/python3.9/site-packages/airflow/example_dags/example_branch_python_dop_operator_3.py
[2025-02-03 22:25:40,568] {processor.py:641} INFO - Processing file /home/luan-capella/Documentos/curso_airflow/airflowalura/venv/lib/python3.9/site-packages/airflow/example_dags/example_branch_python_dop_operator_3.py for tasks to queue
[2025-02-03 22:25:40,569] {logging_mixin.py:115} INFO - [2025-02-03 22:25:40,569] {dagbag.py:507} INFO - Filling up the DagBag from /home/luan-capella/Documentos/curso_airflow/airflowalura/venv/lib/python3.9/site-packages/airflow/example_dags/example_branch_python_dop_operator_3.py
[2025-02-03 22:25:40,577] {processor.py:651} INFO - DAG(s) dict_keys(['example_branch_dop_operator_v3']) retrieved from /home/luan-capella/Documentos/curso_airflow/airflowalura/venv/lib/python3.9/site-packages/airflow/example_dags/example_branch_python_dop_operator_3.py
[2025-02-03 22:25:40,589] {logging_mixin.py:115} INFO - [2025-02-03 22:25:40,589] {dag.py:2379} INFO - Sync 1 DAGs
[2025-02-03 22:25:40,605] {logging_mixin.py:115} INFO - [2025-02-03 22:25:40,605] {dag.py:2927} INFO - Setting next_dagrun for example_branch_dop_operator_v3 to 2025-02-04T01:24:00+00:00, run_after=2025-02-04T01:25:00+00:00
[2025-02-03 22:25:40,616] {processor.py:161} INFO - Processing /home/luan-capella/Documentos/curso_airflow/airflowalura/venv/lib/python3.9/site-packages/airflow/example_dags/example_branch_python_dop_operator_3.py took 0.054 seconds
[2025-02-03 22:26:17,201] {processor.py:153} INFO - Started process (PID=44942) to work on /home/luan-capella/Documentos/curso_airflow/airflowalura/venv/lib/python3.9/site-packages/airflow/example_dags/example_branch_python_dop_operator_3.py
[2025-02-03 22:26:17,202] {processor.py:641} INFO - Processing file /home/luan-capella/Documentos/curso_airflow/airflowalura/venv/lib/python3.9/site-packages/airflow/example_dags/example_branch_python_dop_operator_3.py for tasks to queue
[2025-02-03 22:26:17,203] {logging_mixin.py:115} INFO - [2025-02-03 22:26:17,202] {dagbag.py:507} INFO - Filling up the DagBag from /home/luan-capella/Documentos/curso_airflow/airflowalura/venv/lib/python3.9/site-packages/airflow/example_dags/example_branch_python_dop_operator_3.py
[2025-02-03 22:26:17,212] {processor.py:651} INFO - DAG(s) dict_keys(['example_branch_dop_operator_v3']) retrieved from /home/luan-capella/Documentos/curso_airflow/airflowalura/venv/lib/python3.9/site-packages/airflow/example_dags/example_branch_python_dop_operator_3.py
[2025-02-03 22:26:17,224] {logging_mixin.py:115} INFO - [2025-02-03 22:26:17,224] {dag.py:2379} INFO - Sync 1 DAGs
[2025-02-03 22:26:17,240] {logging_mixin.py:115} INFO - [2025-02-03 22:26:17,240] {dag.py:2927} INFO - Setting next_dagrun for example_branch_dop_operator_v3 to 2025-02-04T01:25:00+00:00, run_after=2025-02-04T01:26:00+00:00
[2025-02-03 22:26:17,255] {processor.py:161} INFO - Processing /home/luan-capella/Documentos/curso_airflow/airflowalura/venv/lib/python3.9/site-packages/airflow/example_dags/example_branch_python_dop_operator_3.py took 0.060 seconds
[2025-02-03 22:26:54,464] {processor.py:153} INFO - Started process (PID=45129) to work on /home/luan-capella/Documentos/curso_airflow/airflowalura/venv/lib/python3.9/site-packages/airflow/example_dags/example_branch_python_dop_operator_3.py
[2025-02-03 22:26:54,465] {processor.py:641} INFO - Processing file /home/luan-capella/Documentos/curso_airflow/airflowalura/venv/lib/python3.9/site-packages/airflow/example_dags/example_branch_python_dop_operator_3.py for tasks to queue
[2025-02-03 22:26:54,466] {logging_mixin.py:115} INFO - [2025-02-03 22:26:54,465] {dagbag.py:507} INFO - Filling up the DagBag from /home/luan-capella/Documentos/curso_airflow/airflowalura/venv/lib/python3.9/site-packages/airflow/example_dags/example_branch_python_dop_operator_3.py
[2025-02-03 22:26:54,473] {processor.py:651} INFO - DAG(s) dict_keys(['example_branch_dop_operator_v3']) retrieved from /home/luan-capella/Documentos/curso_airflow/airflowalura/venv/lib/python3.9/site-packages/airflow/example_dags/example_branch_python_dop_operator_3.py
[2025-02-03 22:26:54,485] {logging_mixin.py:115} INFO - [2025-02-03 22:26:54,485] {dag.py:2379} INFO - Sync 1 DAGs
[2025-02-03 22:26:54,501] {logging_mixin.py:115} INFO - [2025-02-03 22:26:54,501] {dag.py:2927} INFO - Setting next_dagrun for example_branch_dop_operator_v3 to 2025-02-04T01:25:00+00:00, run_after=2025-02-04T01:26:00+00:00
[2025-02-03 22:26:54,511] {processor.py:161} INFO - Processing /home/luan-capella/Documentos/curso_airflow/airflowalura/venv/lib/python3.9/site-packages/airflow/example_dags/example_branch_python_dop_operator_3.py took 0.053 seconds
[2025-02-03 22:27:30,560] {processor.py:153} INFO - Started process (PID=45318) to work on /home/luan-capella/Documentos/curso_airflow/airflowalura/venv/lib/python3.9/site-packages/airflow/example_dags/example_branch_python_dop_operator_3.py
[2025-02-03 22:27:30,561] {processor.py:641} INFO - Processing file /home/luan-capella/Documentos/curso_airflow/airflowalura/venv/lib/python3.9/site-packages/airflow/example_dags/example_branch_python_dop_operator_3.py for tasks to queue
[2025-02-03 22:27:30,562] {logging_mixin.py:115} INFO - [2025-02-03 22:27:30,562] {dagbag.py:507} INFO - Filling up the DagBag from /home/luan-capella/Documentos/curso_airflow/airflowalura/venv/lib/python3.9/site-packages/airflow/example_dags/example_branch_python_dop_operator_3.py
[2025-02-03 22:27:30,571] {processor.py:651} INFO - DAG(s) dict_keys(['example_branch_dop_operator_v3']) retrieved from /home/luan-capella/Documentos/curso_airflow/airflowalura/venv/lib/python3.9/site-packages/airflow/example_dags/example_branch_python_dop_operator_3.py
[2025-02-03 22:27:30,582] {logging_mixin.py:115} INFO - [2025-02-03 22:27:30,582] {dag.py:2379} INFO - Sync 1 DAGs
[2025-02-03 22:27:30,598] {logging_mixin.py:115} INFO - [2025-02-03 22:27:30,597] {dag.py:2927} INFO - Setting next_dagrun for example_branch_dop_operator_v3 to 2025-02-04T01:26:00+00:00, run_after=2025-02-04T01:27:00+00:00
[2025-02-03 22:27:30,609] {processor.py:161} INFO - Processing /home/luan-capella/Documentos/curso_airflow/airflowalura/venv/lib/python3.9/site-packages/airflow/example_dags/example_branch_python_dop_operator_3.py took 0.053 seconds
[2025-02-03 22:28:07,857] {processor.py:153} INFO - Started process (PID=45481) to work on /home/luan-capella/Documentos/curso_airflow/airflowalura/venv/lib/python3.9/site-packages/airflow/example_dags/example_branch_python_dop_operator_3.py
[2025-02-03 22:28:07,858] {processor.py:641} INFO - Processing file /home/luan-capella/Documentos/curso_airflow/airflowalura/venv/lib/python3.9/site-packages/airflow/example_dags/example_branch_python_dop_operator_3.py for tasks to queue
[2025-02-03 22:28:07,858] {logging_mixin.py:115} INFO - [2025-02-03 22:28:07,858] {dagbag.py:507} INFO - Filling up the DagBag from /home/luan-capella/Documentos/curso_airflow/airflowalura/venv/lib/python3.9/site-packages/airflow/example_dags/example_branch_python_dop_operator_3.py
[2025-02-03 22:28:07,868] {processor.py:651} INFO - DAG(s) dict_keys(['example_branch_dop_operator_v3']) retrieved from /home/luan-capella/Documentos/curso_airflow/airflowalura/venv/lib/python3.9/site-packages/airflow/example_dags/example_branch_python_dop_operator_3.py
[2025-02-03 22:28:07,879] {logging_mixin.py:115} INFO - [2025-02-03 22:28:07,879] {dag.py:2379} INFO - Sync 1 DAGs
[2025-02-03 22:28:07,895] {logging_mixin.py:115} INFO - [2025-02-03 22:28:07,895] {dag.py:2927} INFO - Setting next_dagrun for example_branch_dop_operator_v3 to 2025-02-04T01:27:00+00:00, run_after=2025-02-04T01:28:00+00:00
[2025-02-03 22:28:07,905] {processor.py:161} INFO - Processing /home/luan-capella/Documentos/curso_airflow/airflowalura/venv/lib/python3.9/site-packages/airflow/example_dags/example_branch_python_dop_operator_3.py took 0.051 seconds
