[2025-02-03 22:20:49,964] {processor.py:153} INFO - Started process (PID=42614) to work on /home/luan-capella/Documentos/curso_airflow/airflowalura/venv/lib/python3.9/site-packages/airflow/example_dags/example_branch_labels.py
[2025-02-03 22:20:49,965] {processor.py:641} INFO - Processing file /home/luan-capella/Documentos/curso_airflow/airflowalura/venv/lib/python3.9/site-packages/airflow/example_dags/example_branch_labels.py for tasks to queue
[2025-02-03 22:20:49,966] {logging_mixin.py:115} INFO - [2025-02-03 22:20:49,966] {dagbag.py:507} INFO - Filling up the DagBag from /home/luan-capella/Documentos/curso_airflow/airflowalura/venv/lib/python3.9/site-packages/airflow/example_dags/example_branch_labels.py
[2025-02-03 22:20:49,973] {processor.py:651} INFO - DAG(s) dict_keys(['example_branch_labels']) retrieved from /home/luan-capella/Documentos/curso_airflow/airflowalura/venv/lib/python3.9/site-packages/airflow/example_dags/example_branch_labels.py
[2025-02-03 22:20:49,985] {logging_mixin.py:115} INFO - [2025-02-03 22:20:49,985] {dag.py:2379} INFO - Sync 1 DAGs
[2025-02-03 22:20:49,999] {logging_mixin.py:115} INFO - [2025-02-03 22:20:49,999] {dag.py:2927} INFO - Setting next_dagrun for example_branch_labels to 2025-02-03T00:00:00+00:00, run_after=2025-02-04T00:00:00+00:00
[2025-02-03 22:20:50,010] {processor.py:161} INFO - Processing /home/luan-capella/Documentos/curso_airflow/airflowalura/venv/lib/python3.9/site-packages/airflow/example_dags/example_branch_labels.py took 0.050 seconds
[2025-02-03 22:21:29,189] {processor.py:153} INFO - Started process (PID=42884) to work on /home/luan-capella/Documentos/curso_airflow/airflowalura/venv/lib/python3.9/site-packages/airflow/example_dags/example_branch_labels.py
[2025-02-03 22:21:29,191] {processor.py:641} INFO - Processing file /home/luan-capella/Documentos/curso_airflow/airflowalura/venv/lib/python3.9/site-packages/airflow/example_dags/example_branch_labels.py for tasks to queue
[2025-02-03 22:21:29,191] {logging_mixin.py:115} INFO - [2025-02-03 22:21:29,191] {dagbag.py:507} INFO - Filling up the DagBag from /home/luan-capella/Documentos/curso_airflow/airflowalura/venv/lib/python3.9/site-packages/airflow/example_dags/example_branch_labels.py
[2025-02-03 22:21:29,199] {processor.py:651} INFO - DAG(s) dict_keys(['example_branch_labels']) retrieved from /home/luan-capella/Documentos/curso_airflow/airflowalura/venv/lib/python3.9/site-packages/airflow/example_dags/example_branch_labels.py
[2025-02-03 22:21:29,213] {logging_mixin.py:115} INFO - [2025-02-03 22:21:29,213] {dag.py:2379} INFO - Sync 1 DAGs
[2025-02-03 22:21:29,229] {logging_mixin.py:115} INFO - [2025-02-03 22:21:29,229] {dag.py:2927} INFO - Setting next_dagrun for example_branch_labels to 2025-02-03T00:00:00+00:00, run_after=2025-02-04T00:00:00+00:00
[2025-02-03 22:21:29,240] {processor.py:161} INFO - Processing /home/luan-capella/Documentos/curso_airflow/airflowalura/venv/lib/python3.9/site-packages/airflow/example_dags/example_branch_labels.py took 0.056 seconds
[2025-02-03 22:22:08,263] {processor.py:153} INFO - Started process (PID=43051) to work on /home/luan-capella/Documentos/curso_airflow/airflowalura/venv/lib/python3.9/site-packages/airflow/example_dags/example_branch_labels.py
[2025-02-03 22:22:08,265] {processor.py:641} INFO - Processing file /home/luan-capella/Documentos/curso_airflow/airflowalura/venv/lib/python3.9/site-packages/airflow/example_dags/example_branch_labels.py for tasks to queue
[2025-02-03 22:22:08,265] {logging_mixin.py:115} INFO - [2025-02-03 22:22:08,265] {dagbag.py:507} INFO - Filling up the DagBag from /home/luan-capella/Documentos/curso_airflow/airflowalura/venv/lib/python3.9/site-packages/airflow/example_dags/example_branch_labels.py
[2025-02-03 22:22:08,271] {processor.py:651} INFO - DAG(s) dict_keys(['example_branch_labels']) retrieved from /home/luan-capella/Documentos/curso_airflow/airflowalura/venv/lib/python3.9/site-packages/airflow/example_dags/example_branch_labels.py
[2025-02-03 22:22:08,283] {logging_mixin.py:115} INFO - [2025-02-03 22:22:08,283] {dag.py:2379} INFO - Sync 1 DAGs
[2025-02-03 22:22:08,297] {logging_mixin.py:115} INFO - [2025-02-03 22:22:08,297] {dag.py:2927} INFO - Setting next_dagrun for example_branch_labels to 2025-02-03T00:00:00+00:00, run_after=2025-02-04T00:00:00+00:00
[2025-02-03 22:22:08,308] {processor.py:161} INFO - Processing /home/luan-capella/Documentos/curso_airflow/airflowalura/venv/lib/python3.9/site-packages/airflow/example_dags/example_branch_labels.py took 0.050 seconds
[2025-02-03 22:22:44,616] {processor.py:153} INFO - Started process (PID=43222) to work on /home/luan-capella/Documentos/curso_airflow/airflowalura/venv/lib/python3.9/site-packages/airflow/example_dags/example_branch_labels.py
[2025-02-03 22:22:44,617] {processor.py:641} INFO - Processing file /home/luan-capella/Documentos/curso_airflow/airflowalura/venv/lib/python3.9/site-packages/airflow/example_dags/example_branch_labels.py for tasks to queue
[2025-02-03 22:22:44,618] {logging_mixin.py:115} INFO - [2025-02-03 22:22:44,617] {dagbag.py:507} INFO - Filling up the DagBag from /home/luan-capella/Documentos/curso_airflow/airflowalura/venv/lib/python3.9/site-packages/airflow/example_dags/example_branch_labels.py
[2025-02-03 22:22:44,623] {processor.py:651} INFO - DAG(s) dict_keys(['example_branch_labels']) retrieved from /home/luan-capella/Documentos/curso_airflow/airflowalura/venv/lib/python3.9/site-packages/airflow/example_dags/example_branch_labels.py
[2025-02-03 22:22:44,635] {logging_mixin.py:115} INFO - [2025-02-03 22:22:44,635] {dag.py:2379} INFO - Sync 1 DAGs
[2025-02-03 22:22:44,648] {logging_mixin.py:115} INFO - [2025-02-03 22:22:44,648] {dag.py:2927} INFO - Setting next_dagrun for example_branch_labels to 2025-02-03T00:00:00+00:00, run_after=2025-02-04T00:00:00+00:00
[2025-02-03 22:22:44,659] {processor.py:161} INFO - Processing /home/luan-capella/Documentos/curso_airflow/airflowalura/venv/lib/python3.9/site-packages/airflow/example_dags/example_branch_labels.py took 0.048 seconds
[2025-02-03 22:23:20,651] {processor.py:153} INFO - Started process (PID=43513) to work on /home/luan-capella/Documentos/curso_airflow/airflowalura/venv/lib/python3.9/site-packages/airflow/example_dags/example_branch_labels.py
[2025-02-03 22:23:20,652] {processor.py:641} INFO - Processing file /home/luan-capella/Documentos/curso_airflow/airflowalura/venv/lib/python3.9/site-packages/airflow/example_dags/example_branch_labels.py for tasks to queue
[2025-02-03 22:23:20,653] {logging_mixin.py:115} INFO - [2025-02-03 22:23:20,653] {dagbag.py:507} INFO - Filling up the DagBag from /home/luan-capella/Documentos/curso_airflow/airflowalura/venv/lib/python3.9/site-packages/airflow/example_dags/example_branch_labels.py
[2025-02-03 22:23:20,660] {processor.py:651} INFO - DAG(s) dict_keys(['example_branch_labels']) retrieved from /home/luan-capella/Documentos/curso_airflow/airflowalura/venv/lib/python3.9/site-packages/airflow/example_dags/example_branch_labels.py
[2025-02-03 22:23:20,672] {logging_mixin.py:115} INFO - [2025-02-03 22:23:20,672] {dag.py:2379} INFO - Sync 1 DAGs
[2025-02-03 22:23:20,685] {logging_mixin.py:115} INFO - [2025-02-03 22:23:20,685] {dag.py:2927} INFO - Setting next_dagrun for example_branch_labels to 2025-02-03T00:00:00+00:00, run_after=2025-02-04T00:00:00+00:00
[2025-02-03 22:23:20,695] {processor.py:161} INFO - Processing /home/luan-capella/Documentos/curso_airflow/airflowalura/venv/lib/python3.9/site-packages/airflow/example_dags/example_branch_labels.py took 0.048 seconds
[2025-02-03 22:23:56,816] {processor.py:153} INFO - Started process (PID=43680) to work on /home/luan-capella/Documentos/curso_airflow/airflowalura/venv/lib/python3.9/site-packages/airflow/example_dags/example_branch_labels.py
[2025-02-03 22:23:56,817] {processor.py:641} INFO - Processing file /home/luan-capella/Documentos/curso_airflow/airflowalura/venv/lib/python3.9/site-packages/airflow/example_dags/example_branch_labels.py for tasks to queue
[2025-02-03 22:23:56,817] {logging_mixin.py:115} INFO - [2025-02-03 22:23:56,817] {dagbag.py:507} INFO - Filling up the DagBag from /home/luan-capella/Documentos/curso_airflow/airflowalura/venv/lib/python3.9/site-packages/airflow/example_dags/example_branch_labels.py
[2025-02-03 22:23:56,821] {processor.py:651} INFO - DAG(s) dict_keys(['example_branch_labels']) retrieved from /home/luan-capella/Documentos/curso_airflow/airflowalura/venv/lib/python3.9/site-packages/airflow/example_dags/example_branch_labels.py
[2025-02-03 22:23:56,833] {logging_mixin.py:115} INFO - [2025-02-03 22:23:56,833] {dag.py:2379} INFO - Sync 1 DAGs
[2025-02-03 22:23:56,846] {logging_mixin.py:115} INFO - [2025-02-03 22:23:56,846] {dag.py:2927} INFO - Setting next_dagrun for example_branch_labels to 2025-02-03T00:00:00+00:00, run_after=2025-02-04T00:00:00+00:00
[2025-02-03 22:23:56,857] {processor.py:161} INFO - Processing /home/luan-capella/Documentos/curso_airflow/airflowalura/venv/lib/python3.9/site-packages/airflow/example_dags/example_branch_labels.py took 0.042 seconds
[2025-02-03 22:25:02,008] {processor.py:153} INFO - Started process (PID=44394) to work on /home/luan-capella/Documentos/curso_airflow/airflowalura/venv/lib/python3.9/site-packages/airflow/example_dags/example_branch_labels.py
[2025-02-03 22:25:02,009] {processor.py:641} INFO - Processing file /home/luan-capella/Documentos/curso_airflow/airflowalura/venv/lib/python3.9/site-packages/airflow/example_dags/example_branch_labels.py for tasks to queue
[2025-02-03 22:25:02,009] {logging_mixin.py:115} INFO - [2025-02-03 22:25:02,009] {dagbag.py:507} INFO - Filling up the DagBag from /home/luan-capella/Documentos/curso_airflow/airflowalura/venv/lib/python3.9/site-packages/airflow/example_dags/example_branch_labels.py
[2025-02-03 22:25:02,017] {processor.py:651} INFO - DAG(s) dict_keys(['example_branch_labels']) retrieved from /home/luan-capella/Documentos/curso_airflow/airflowalura/venv/lib/python3.9/site-packages/airflow/example_dags/example_branch_labels.py
[2025-02-03 22:25:02,029] {logging_mixin.py:115} INFO - [2025-02-03 22:25:02,029] {dag.py:2379} INFO - Sync 1 DAGs
[2025-02-03 22:25:02,042] {logging_mixin.py:115} INFO - [2025-02-03 22:25:02,042] {dag.py:2927} INFO - Setting next_dagrun for example_branch_labels to 2025-02-03T00:00:00+00:00, run_after=2025-02-04T00:00:00+00:00
[2025-02-03 22:25:02,052] {processor.py:161} INFO - Processing /home/luan-capella/Documentos/curso_airflow/airflowalura/venv/lib/python3.9/site-packages/airflow/example_dags/example_branch_labels.py took 0.049 seconds
[2025-02-03 22:25:41,034] {processor.py:153} INFO - Started process (PID=44662) to work on /home/luan-capella/Documentos/curso_airflow/airflowalura/venv/lib/python3.9/site-packages/airflow/example_dags/example_branch_labels.py
[2025-02-03 22:25:41,034] {processor.py:641} INFO - Processing file /home/luan-capella/Documentos/curso_airflow/airflowalura/venv/lib/python3.9/site-packages/airflow/example_dags/example_branch_labels.py for tasks to queue
[2025-02-03 22:25:41,035] {logging_mixin.py:115} INFO - [2025-02-03 22:25:41,035] {dagbag.py:507} INFO - Filling up the DagBag from /home/luan-capella/Documentos/curso_airflow/airflowalura/venv/lib/python3.9/site-packages/airflow/example_dags/example_branch_labels.py
[2025-02-03 22:25:41,041] {processor.py:651} INFO - DAG(s) dict_keys(['example_branch_labels']) retrieved from /home/luan-capella/Documentos/curso_airflow/airflowalura/venv/lib/python3.9/site-packages/airflow/example_dags/example_branch_labels.py
[2025-02-03 22:25:41,053] {logging_mixin.py:115} INFO - [2025-02-03 22:25:41,053] {dag.py:2379} INFO - Sync 1 DAGs
[2025-02-03 22:25:41,066] {logging_mixin.py:115} INFO - [2025-02-03 22:25:41,066] {dag.py:2927} INFO - Setting next_dagrun for example_branch_labels to 2025-02-03T00:00:00+00:00, run_after=2025-02-04T00:00:00+00:00
[2025-02-03 22:25:41,077] {processor.py:161} INFO - Processing /home/luan-capella/Documentos/curso_airflow/airflowalura/venv/lib/python3.9/site-packages/airflow/example_dags/example_branch_labels.py took 0.046 seconds
[2025-02-03 22:26:18,344] {processor.py:153} INFO - Started process (PID=44947) to work on /home/luan-capella/Documentos/curso_airflow/airflowalura/venv/lib/python3.9/site-packages/airflow/example_dags/example_branch_labels.py
[2025-02-03 22:26:18,345] {processor.py:641} INFO - Processing file /home/luan-capella/Documentos/curso_airflow/airflowalura/venv/lib/python3.9/site-packages/airflow/example_dags/example_branch_labels.py for tasks to queue
[2025-02-03 22:26:18,346] {logging_mixin.py:115} INFO - [2025-02-03 22:26:18,346] {dagbag.py:507} INFO - Filling up the DagBag from /home/luan-capella/Documentos/curso_airflow/airflowalura/venv/lib/python3.9/site-packages/airflow/example_dags/example_branch_labels.py
[2025-02-03 22:26:18,354] {processor.py:651} INFO - DAG(s) dict_keys(['example_branch_labels']) retrieved from /home/luan-capella/Documentos/curso_airflow/airflowalura/venv/lib/python3.9/site-packages/airflow/example_dags/example_branch_labels.py
[2025-02-03 22:26:18,366] {logging_mixin.py:115} INFO - [2025-02-03 22:26:18,366] {dag.py:2379} INFO - Sync 1 DAGs
[2025-02-03 22:26:18,379] {logging_mixin.py:115} INFO - [2025-02-03 22:26:18,379] {dag.py:2927} INFO - Setting next_dagrun for example_branch_labels to 2025-02-03T00:00:00+00:00, run_after=2025-02-04T00:00:00+00:00
[2025-02-03 22:26:18,389] {processor.py:161} INFO - Processing /home/luan-capella/Documentos/curso_airflow/airflowalura/venv/lib/python3.9/site-packages/airflow/example_dags/example_branch_labels.py took 0.050 seconds
[2025-02-03 22:26:55,634] {processor.py:153} INFO - Started process (PID=45132) to work on /home/luan-capella/Documentos/curso_airflow/airflowalura/venv/lib/python3.9/site-packages/airflow/example_dags/example_branch_labels.py
[2025-02-03 22:26:55,634] {processor.py:641} INFO - Processing file /home/luan-capella/Documentos/curso_airflow/airflowalura/venv/lib/python3.9/site-packages/airflow/example_dags/example_branch_labels.py for tasks to queue
[2025-02-03 22:26:55,635] {logging_mixin.py:115} INFO - [2025-02-03 22:26:55,635] {dagbag.py:507} INFO - Filling up the DagBag from /home/luan-capella/Documentos/curso_airflow/airflowalura/venv/lib/python3.9/site-packages/airflow/example_dags/example_branch_labels.py
[2025-02-03 22:26:55,640] {processor.py:651} INFO - DAG(s) dict_keys(['example_branch_labels']) retrieved from /home/luan-capella/Documentos/curso_airflow/airflowalura/venv/lib/python3.9/site-packages/airflow/example_dags/example_branch_labels.py
[2025-02-03 22:26:55,656] {logging_mixin.py:115} INFO - [2025-02-03 22:26:55,656] {dag.py:2379} INFO - Sync 1 DAGs
[2025-02-03 22:26:55,673] {logging_mixin.py:115} INFO - [2025-02-03 22:26:55,672] {dag.py:2927} INFO - Setting next_dagrun for example_branch_labels to 2025-02-03T00:00:00+00:00, run_after=2025-02-04T00:00:00+00:00
[2025-02-03 22:26:55,685] {processor.py:161} INFO - Processing /home/luan-capella/Documentos/curso_airflow/airflowalura/venv/lib/python3.9/site-packages/airflow/example_dags/example_branch_labels.py took 0.054 seconds
[2025-02-03 22:27:36,892] {processor.py:153} INFO - Started process (PID=45339) to work on /home/luan-capella/Documentos/curso_airflow/airflowalura/venv/lib/python3.9/site-packages/airflow/example_dags/example_branch_labels.py
[2025-02-03 22:27:36,893] {processor.py:641} INFO - Processing file /home/luan-capella/Documentos/curso_airflow/airflowalura/venv/lib/python3.9/site-packages/airflow/example_dags/example_branch_labels.py for tasks to queue
[2025-02-03 22:27:36,894] {logging_mixin.py:115} INFO - [2025-02-03 22:27:36,894] {dagbag.py:507} INFO - Filling up the DagBag from /home/luan-capella/Documentos/curso_airflow/airflowalura/venv/lib/python3.9/site-packages/airflow/example_dags/example_branch_labels.py
[2025-02-03 22:27:36,900] {processor.py:651} INFO - DAG(s) dict_keys(['example_branch_labels']) retrieved from /home/luan-capella/Documentos/curso_airflow/airflowalura/venv/lib/python3.9/site-packages/airflow/example_dags/example_branch_labels.py
[2025-02-03 22:27:36,912] {logging_mixin.py:115} INFO - [2025-02-03 22:27:36,912] {dag.py:2379} INFO - Sync 1 DAGs
[2025-02-03 22:27:36,926] {logging_mixin.py:115} INFO - [2025-02-03 22:27:36,926] {dag.py:2927} INFO - Setting next_dagrun for example_branch_labels to 2025-02-03T00:00:00+00:00, run_after=2025-02-04T00:00:00+00:00
[2025-02-03 22:27:36,937] {processor.py:161} INFO - Processing /home/luan-capella/Documentos/curso_airflow/airflowalura/venv/lib/python3.9/site-packages/airflow/example_dags/example_branch_labels.py took 0.051 seconds
[2025-02-03 22:28:13,693] {processor.py:153} INFO - Started process (PID=45508) to work on /home/luan-capella/Documentos/curso_airflow/airflowalura/venv/lib/python3.9/site-packages/airflow/example_dags/example_branch_labels.py
[2025-02-03 22:28:13,694] {processor.py:641} INFO - Processing file /home/luan-capella/Documentos/curso_airflow/airflowalura/venv/lib/python3.9/site-packages/airflow/example_dags/example_branch_labels.py for tasks to queue
[2025-02-03 22:28:13,695] {logging_mixin.py:115} INFO - [2025-02-03 22:28:13,695] {dagbag.py:507} INFO - Filling up the DagBag from /home/luan-capella/Documentos/curso_airflow/airflowalura/venv/lib/python3.9/site-packages/airflow/example_dags/example_branch_labels.py
[2025-02-03 22:28:13,704] {processor.py:651} INFO - DAG(s) dict_keys(['example_branch_labels']) retrieved from /home/luan-capella/Documentos/curso_airflow/airflowalura/venv/lib/python3.9/site-packages/airflow/example_dags/example_branch_labels.py
[2025-02-03 22:28:13,716] {logging_mixin.py:115} INFO - [2025-02-03 22:28:13,716] {dag.py:2379} INFO - Sync 1 DAGs
[2025-02-03 22:28:13,729] {logging_mixin.py:115} INFO - [2025-02-03 22:28:13,729] {dag.py:2927} INFO - Setting next_dagrun for example_branch_labels to 2025-02-03T00:00:00+00:00, run_after=2025-02-04T00:00:00+00:00
[2025-02-03 22:28:13,739] {processor.py:161} INFO - Processing /home/luan-capella/Documentos/curso_airflow/airflowalura/venv/lib/python3.9/site-packages/airflow/example_dags/example_branch_labels.py took 0.051 seconds
