[2025-02-03 22:19:58,629] {processor.py:153} INFO - Started process (PID=41625) to work on /home/luan-capella/Documentos/curso_airflow/airflowalura/venv/lib/python3.9/site-packages/airflow/example_dags/example_xcomargs.py
[2025-02-03 22:19:58,630] {processor.py:641} INFO - Processing file /home/luan-capella/Documentos/curso_airflow/airflowalura/venv/lib/python3.9/site-packages/airflow/example_dags/example_xcomargs.py for tasks to queue
[2025-02-03 22:19:58,630] {logging_mixin.py:115} INFO - [2025-02-03 22:19:58,630] {dagbag.py:507} INFO - Filling up the DagBag from /home/luan-capella/Documentos/curso_airflow/airflowalura/venv/lib/python3.9/site-packages/airflow/example_dags/example_xcomargs.py
[2025-02-03 22:19:58,647] {processor.py:651} INFO - DAG(s) dict_keys(['example_xcom_args', 'example_xcom_args_with_operators']) retrieved from /home/luan-capella/Documentos/curso_airflow/airflowalura/venv/lib/python3.9/site-packages/airflow/example_dags/example_xcomargs.py
[2025-02-03 22:19:58,680] {logging_mixin.py:115} INFO - [2025-02-03 22:19:58,680] {dag.py:2379} INFO - Sync 2 DAGs
[2025-02-03 22:19:58,692] {logging_mixin.py:115} INFO - [2025-02-03 22:19:58,691] {dag.py:2927} INFO - Setting next_dagrun for example_xcom_args to None, run_after=None
[2025-02-03 22:19:58,692] {logging_mixin.py:115} INFO - [2025-02-03 22:19:58,692] {dag.py:2927} INFO - Setting next_dagrun for example_xcom_args_with_operators to None, run_after=None
[2025-02-03 22:19:58,703] {processor.py:161} INFO - Processing /home/luan-capella/Documentos/curso_airflow/airflowalura/venv/lib/python3.9/site-packages/airflow/example_dags/example_xcomargs.py took 0.079 seconds
[2025-02-03 22:21:03,363] {processor.py:153} INFO - Started process (PID=42724) to work on /home/luan-capella/Documentos/curso_airflow/airflowalura/venv/lib/python3.9/site-packages/airflow/example_dags/example_xcomargs.py
[2025-02-03 22:21:03,364] {processor.py:641} INFO - Processing file /home/luan-capella/Documentos/curso_airflow/airflowalura/venv/lib/python3.9/site-packages/airflow/example_dags/example_xcomargs.py for tasks to queue
[2025-02-03 22:21:03,365] {logging_mixin.py:115} INFO - [2025-02-03 22:21:03,365] {dagbag.py:507} INFO - Filling up the DagBag from /home/luan-capella/Documentos/curso_airflow/airflowalura/venv/lib/python3.9/site-packages/airflow/example_dags/example_xcomargs.py
[2025-02-03 22:21:03,384] {processor.py:651} INFO - DAG(s) dict_keys(['example_xcom_args', 'example_xcom_args_with_operators']) retrieved from /home/luan-capella/Documentos/curso_airflow/airflowalura/venv/lib/python3.9/site-packages/airflow/example_dags/example_xcomargs.py
[2025-02-03 22:21:03,416] {logging_mixin.py:115} INFO - [2025-02-03 22:21:03,416] {dag.py:2379} INFO - Sync 2 DAGs
[2025-02-03 22:21:03,427] {logging_mixin.py:115} INFO - [2025-02-03 22:21:03,427] {dag.py:2927} INFO - Setting next_dagrun for example_xcom_args to None, run_after=None
[2025-02-03 22:21:03,427] {logging_mixin.py:115} INFO - [2025-02-03 22:21:03,427] {dag.py:2927} INFO - Setting next_dagrun for example_xcom_args_with_operators to None, run_after=None
[2025-02-03 22:21:03,438] {processor.py:161} INFO - Processing /home/luan-capella/Documentos/curso_airflow/airflowalura/venv/lib/python3.9/site-packages/airflow/example_dags/example_xcomargs.py took 0.078 seconds
[2025-02-03 22:21:40,679] {processor.py:153} INFO - Started process (PID=42933) to work on /home/luan-capella/Documentos/curso_airflow/airflowalura/venv/lib/python3.9/site-packages/airflow/example_dags/example_xcomargs.py
[2025-02-03 22:21:40,680] {processor.py:641} INFO - Processing file /home/luan-capella/Documentos/curso_airflow/airflowalura/venv/lib/python3.9/site-packages/airflow/example_dags/example_xcomargs.py for tasks to queue
[2025-02-03 22:21:40,681] {logging_mixin.py:115} INFO - [2025-02-03 22:21:40,681] {dagbag.py:507} INFO - Filling up the DagBag from /home/luan-capella/Documentos/curso_airflow/airflowalura/venv/lib/python3.9/site-packages/airflow/example_dags/example_xcomargs.py
[2025-02-03 22:21:40,697] {processor.py:651} INFO - DAG(s) dict_keys(['example_xcom_args', 'example_xcom_args_with_operators']) retrieved from /home/luan-capella/Documentos/curso_airflow/airflowalura/venv/lib/python3.9/site-packages/airflow/example_dags/example_xcomargs.py
[2025-02-03 22:21:40,731] {logging_mixin.py:115} INFO - [2025-02-03 22:21:40,731] {dag.py:2379} INFO - Sync 2 DAGs
[2025-02-03 22:21:40,743] {logging_mixin.py:115} INFO - [2025-02-03 22:21:40,743] {dag.py:2927} INFO - Setting next_dagrun for example_xcom_args to None, run_after=None
[2025-02-03 22:21:40,743] {logging_mixin.py:115} INFO - [2025-02-03 22:21:40,743] {dag.py:2927} INFO - Setting next_dagrun for example_xcom_args_with_operators to None, run_after=None
[2025-02-03 22:21:40,755] {processor.py:161} INFO - Processing /home/luan-capella/Documentos/curso_airflow/airflowalura/venv/lib/python3.9/site-packages/airflow/example_dags/example_xcomargs.py took 0.080 seconds
[2025-02-03 22:22:17,777] {processor.py:153} INFO - Started process (PID=43098) to work on /home/luan-capella/Documentos/curso_airflow/airflowalura/venv/lib/python3.9/site-packages/airflow/example_dags/example_xcomargs.py
[2025-02-03 22:22:17,778] {processor.py:641} INFO - Processing file /home/luan-capella/Documentos/curso_airflow/airflowalura/venv/lib/python3.9/site-packages/airflow/example_dags/example_xcomargs.py for tasks to queue
[2025-02-03 22:22:17,779] {logging_mixin.py:115} INFO - [2025-02-03 22:22:17,779] {dagbag.py:507} INFO - Filling up the DagBag from /home/luan-capella/Documentos/curso_airflow/airflowalura/venv/lib/python3.9/site-packages/airflow/example_dags/example_xcomargs.py
[2025-02-03 22:22:17,796] {processor.py:651} INFO - DAG(s) dict_keys(['example_xcom_args', 'example_xcom_args_with_operators']) retrieved from /home/luan-capella/Documentos/curso_airflow/airflowalura/venv/lib/python3.9/site-packages/airflow/example_dags/example_xcomargs.py
[2025-02-03 22:22:17,809] {logging_mixin.py:115} INFO - [2025-02-03 22:22:17,809] {dag.py:2379} INFO - Sync 2 DAGs
[2025-02-03 22:22:17,823] {logging_mixin.py:115} INFO - [2025-02-03 22:22:17,823] {dag.py:2927} INFO - Setting next_dagrun for example_xcom_args to None, run_after=None
[2025-02-03 22:22:17,824] {logging_mixin.py:115} INFO - [2025-02-03 22:22:17,824] {dag.py:2927} INFO - Setting next_dagrun for example_xcom_args_with_operators to None, run_after=None
[2025-02-03 22:22:17,834] {processor.py:161} INFO - Processing /home/luan-capella/Documentos/curso_airflow/airflowalura/venv/lib/python3.9/site-packages/airflow/example_dags/example_xcomargs.py took 0.062 seconds
[2025-02-03 22:22:53,814] {processor.py:153} INFO - Started process (PID=43281) to work on /home/luan-capella/Documentos/curso_airflow/airflowalura/venv/lib/python3.9/site-packages/airflow/example_dags/example_xcomargs.py
[2025-02-03 22:22:53,815] {processor.py:641} INFO - Processing file /home/luan-capella/Documentos/curso_airflow/airflowalura/venv/lib/python3.9/site-packages/airflow/example_dags/example_xcomargs.py for tasks to queue
[2025-02-03 22:22:53,815] {logging_mixin.py:115} INFO - [2025-02-03 22:22:53,815] {dagbag.py:507} INFO - Filling up the DagBag from /home/luan-capella/Documentos/curso_airflow/airflowalura/venv/lib/python3.9/site-packages/airflow/example_dags/example_xcomargs.py
[2025-02-03 22:22:53,830] {processor.py:651} INFO - DAG(s) dict_keys(['example_xcom_args', 'example_xcom_args_with_operators']) retrieved from /home/luan-capella/Documentos/curso_airflow/airflowalura/venv/lib/python3.9/site-packages/airflow/example_dags/example_xcomargs.py
[2025-02-03 22:22:53,864] {logging_mixin.py:115} INFO - [2025-02-03 22:22:53,864] {dag.py:2379} INFO - Sync 2 DAGs
[2025-02-03 22:22:53,874] {logging_mixin.py:115} INFO - [2025-02-03 22:22:53,874] {dag.py:2927} INFO - Setting next_dagrun for example_xcom_args to None, run_after=None
[2025-02-03 22:22:53,875] {logging_mixin.py:115} INFO - [2025-02-03 22:22:53,875] {dag.py:2927} INFO - Setting next_dagrun for example_xcom_args_with_operators to None, run_after=None
[2025-02-03 22:22:53,886] {processor.py:161} INFO - Processing /home/luan-capella/Documentos/curso_airflow/airflowalura/venv/lib/python3.9/site-packages/airflow/example_dags/example_xcomargs.py took 0.077 seconds
[2025-02-03 22:23:29,845] {processor.py:153} INFO - Started process (PID=43564) to work on /home/luan-capella/Documentos/curso_airflow/airflowalura/venv/lib/python3.9/site-packages/airflow/example_dags/example_xcomargs.py
[2025-02-03 22:23:29,846] {processor.py:641} INFO - Processing file /home/luan-capella/Documentos/curso_airflow/airflowalura/venv/lib/python3.9/site-packages/airflow/example_dags/example_xcomargs.py for tasks to queue
[2025-02-03 22:23:29,846] {logging_mixin.py:115} INFO - [2025-02-03 22:23:29,846] {dagbag.py:507} INFO - Filling up the DagBag from /home/luan-capella/Documentos/curso_airflow/airflowalura/venv/lib/python3.9/site-packages/airflow/example_dags/example_xcomargs.py
[2025-02-03 22:23:29,860] {processor.py:651} INFO - DAG(s) dict_keys(['example_xcom_args', 'example_xcom_args_with_operators']) retrieved from /home/luan-capella/Documentos/curso_airflow/airflowalura/venv/lib/python3.9/site-packages/airflow/example_dags/example_xcomargs.py
[2025-02-03 22:23:29,872] {logging_mixin.py:115} INFO - [2025-02-03 22:23:29,872] {dag.py:2379} INFO - Sync 2 DAGs
[2025-02-03 22:23:29,885] {logging_mixin.py:115} INFO - [2025-02-03 22:23:29,885] {dag.py:2927} INFO - Setting next_dagrun for example_xcom_args to None, run_after=None
[2025-02-03 22:23:29,885] {logging_mixin.py:115} INFO - [2025-02-03 22:23:29,885] {dag.py:2927} INFO - Setting next_dagrun for example_xcom_args_with_operators to None, run_after=None
[2025-02-03 22:23:29,896] {processor.py:161} INFO - Processing /home/luan-capella/Documentos/curso_airflow/airflowalura/venv/lib/python3.9/site-packages/airflow/example_dags/example_xcomargs.py took 0.054 seconds
[2025-02-03 22:24:06,000] {processor.py:153} INFO - Started process (PID=43713) to work on /home/luan-capella/Documentos/curso_airflow/airflowalura/venv/lib/python3.9/site-packages/airflow/example_dags/example_xcomargs.py
[2025-02-03 22:24:06,002] {processor.py:641} INFO - Processing file /home/luan-capella/Documentos/curso_airflow/airflowalura/venv/lib/python3.9/site-packages/airflow/example_dags/example_xcomargs.py for tasks to queue
[2025-02-03 22:24:06,002] {logging_mixin.py:115} INFO - [2025-02-03 22:24:06,002] {dagbag.py:507} INFO - Filling up the DagBag from /home/luan-capella/Documentos/curso_airflow/airflowalura/venv/lib/python3.9/site-packages/airflow/example_dags/example_xcomargs.py
[2025-02-03 22:24:06,018] {processor.py:651} INFO - DAG(s) dict_keys(['example_xcom_args', 'example_xcom_args_with_operators']) retrieved from /home/luan-capella/Documentos/curso_airflow/airflowalura/venv/lib/python3.9/site-packages/airflow/example_dags/example_xcomargs.py
[2025-02-03 22:24:06,052] {logging_mixin.py:115} INFO - [2025-02-03 22:24:06,052] {dag.py:2379} INFO - Sync 2 DAGs
[2025-02-03 22:24:06,062] {logging_mixin.py:115} INFO - [2025-02-03 22:24:06,062] {dag.py:2927} INFO - Setting next_dagrun for example_xcom_args to None, run_after=None
[2025-02-03 22:24:06,062] {logging_mixin.py:115} INFO - [2025-02-03 22:24:06,062] {dag.py:2927} INFO - Setting next_dagrun for example_xcom_args_with_operators to None, run_after=None
[2025-02-03 22:24:06,074] {processor.py:161} INFO - Processing /home/luan-capella/Documentos/curso_airflow/airflowalura/venv/lib/python3.9/site-packages/airflow/example_dags/example_xcomargs.py took 0.079 seconds
[2025-02-03 22:24:41,382] {processor.py:153} INFO - Started process (PID=44096) to work on /home/luan-capella/Documentos/curso_airflow/airflowalura/venv/lib/python3.9/site-packages/airflow/example_dags/example_xcomargs.py
[2025-02-03 22:24:41,384] {processor.py:641} INFO - Processing file /home/luan-capella/Documentos/curso_airflow/airflowalura/venv/lib/python3.9/site-packages/airflow/example_dags/example_xcomargs.py for tasks to queue
[2025-02-03 22:24:41,385] {logging_mixin.py:115} INFO - [2025-02-03 22:24:41,384] {dagbag.py:507} INFO - Filling up the DagBag from /home/luan-capella/Documentos/curso_airflow/airflowalura/venv/lib/python3.9/site-packages/airflow/example_dags/example_xcomargs.py
[2025-02-03 22:24:41,401] {processor.py:651} INFO - DAG(s) dict_keys(['example_xcom_args', 'example_xcom_args_with_operators']) retrieved from /home/luan-capella/Documentos/curso_airflow/airflowalura/venv/lib/python3.9/site-packages/airflow/example_dags/example_xcomargs.py
[2025-02-03 22:24:41,436] {logging_mixin.py:115} INFO - [2025-02-03 22:24:41,436] {dag.py:2379} INFO - Sync 2 DAGs
[2025-02-03 22:24:41,446] {logging_mixin.py:115} INFO - [2025-02-03 22:24:41,446] {dag.py:2927} INFO - Setting next_dagrun for example_xcom_args to None, run_after=None
[2025-02-03 22:24:41,446] {logging_mixin.py:115} INFO - [2025-02-03 22:24:41,446] {dag.py:2927} INFO - Setting next_dagrun for example_xcom_args_with_operators to None, run_after=None
[2025-02-03 22:24:41,459] {processor.py:161} INFO - Processing /home/luan-capella/Documentos/curso_airflow/airflowalura/venv/lib/python3.9/site-packages/airflow/example_dags/example_xcomargs.py took 0.083 seconds
[2025-02-03 22:25:16,335] {processor.py:153} INFO - Started process (PID=44471) to work on /home/luan-capella/Documentos/curso_airflow/airflowalura/venv/lib/python3.9/site-packages/airflow/example_dags/example_xcomargs.py
[2025-02-03 22:25:16,336] {processor.py:641} INFO - Processing file /home/luan-capella/Documentos/curso_airflow/airflowalura/venv/lib/python3.9/site-packages/airflow/example_dags/example_xcomargs.py for tasks to queue
[2025-02-03 22:25:16,337] {logging_mixin.py:115} INFO - [2025-02-03 22:25:16,336] {dagbag.py:507} INFO - Filling up the DagBag from /home/luan-capella/Documentos/curso_airflow/airflowalura/venv/lib/python3.9/site-packages/airflow/example_dags/example_xcomargs.py
[2025-02-03 22:25:16,351] {processor.py:651} INFO - DAG(s) dict_keys(['example_xcom_args', 'example_xcom_args_with_operators']) retrieved from /home/luan-capella/Documentos/curso_airflow/airflowalura/venv/lib/python3.9/site-packages/airflow/example_dags/example_xcomargs.py
[2025-02-03 22:25:16,386] {logging_mixin.py:115} INFO - [2025-02-03 22:25:16,386] {dag.py:2379} INFO - Sync 2 DAGs
[2025-02-03 22:25:16,398] {logging_mixin.py:115} INFO - [2025-02-03 22:25:16,398] {dag.py:2927} INFO - Setting next_dagrun for example_xcom_args to None, run_after=None
[2025-02-03 22:25:16,398] {logging_mixin.py:115} INFO - [2025-02-03 22:25:16,398] {dag.py:2927} INFO - Setting next_dagrun for example_xcom_args_with_operators to None, run_after=None
[2025-02-03 22:25:16,410] {processor.py:161} INFO - Processing /home/luan-capella/Documentos/curso_airflow/airflowalura/venv/lib/python3.9/site-packages/airflow/example_dags/example_xcomargs.py took 0.077 seconds
[2025-02-03 22:25:52,510] {processor.py:153} INFO - Started process (PID=44725) to work on /home/luan-capella/Documentos/curso_airflow/airflowalura/venv/lib/python3.9/site-packages/airflow/example_dags/example_xcomargs.py
[2025-02-03 22:25:52,515] {processor.py:641} INFO - Processing file /home/luan-capella/Documentos/curso_airflow/airflowalura/venv/lib/python3.9/site-packages/airflow/example_dags/example_xcomargs.py for tasks to queue
[2025-02-03 22:25:52,516] {logging_mixin.py:115} INFO - [2025-02-03 22:25:52,516] {dagbag.py:507} INFO - Filling up the DagBag from /home/luan-capella/Documentos/curso_airflow/airflowalura/venv/lib/python3.9/site-packages/airflow/example_dags/example_xcomargs.py
[2025-02-03 22:25:52,535] {processor.py:651} INFO - DAG(s) dict_keys(['example_xcom_args', 'example_xcom_args_with_operators']) retrieved from /home/luan-capella/Documentos/curso_airflow/airflowalura/venv/lib/python3.9/site-packages/airflow/example_dags/example_xcomargs.py
[2025-02-03 22:25:52,548] {logging_mixin.py:115} INFO - [2025-02-03 22:25:52,548] {dag.py:2379} INFO - Sync 2 DAGs
[2025-02-03 22:25:52,563] {logging_mixin.py:115} INFO - [2025-02-03 22:25:52,563] {dag.py:2927} INFO - Setting next_dagrun for example_xcom_args to None, run_after=None
[2025-02-03 22:25:52,563] {logging_mixin.py:115} INFO - [2025-02-03 22:25:52,563] {dag.py:2927} INFO - Setting next_dagrun for example_xcom_args_with_operators to None, run_after=None
[2025-02-03 22:25:52,584] {processor.py:161} INFO - Processing /home/luan-capella/Documentos/curso_airflow/airflowalura/venv/lib/python3.9/site-packages/airflow/example_dags/example_xcomargs.py took 0.079 seconds
[2025-02-03 22:26:29,819] {processor.py:153} INFO - Started process (PID=45014) to work on /home/luan-capella/Documentos/curso_airflow/airflowalura/venv/lib/python3.9/site-packages/airflow/example_dags/example_xcomargs.py
[2025-02-03 22:26:29,821] {processor.py:641} INFO - Processing file /home/luan-capella/Documentos/curso_airflow/airflowalura/venv/lib/python3.9/site-packages/airflow/example_dags/example_xcomargs.py for tasks to queue
[2025-02-03 22:26:29,821] {logging_mixin.py:115} INFO - [2025-02-03 22:26:29,821] {dagbag.py:507} INFO - Filling up the DagBag from /home/luan-capella/Documentos/curso_airflow/airflowalura/venv/lib/python3.9/site-packages/airflow/example_dags/example_xcomargs.py
[2025-02-03 22:26:29,835] {processor.py:651} INFO - DAG(s) dict_keys(['example_xcom_args', 'example_xcom_args_with_operators']) retrieved from /home/luan-capella/Documentos/curso_airflow/airflowalura/venv/lib/python3.9/site-packages/airflow/example_dags/example_xcomargs.py
[2025-02-03 22:26:29,870] {logging_mixin.py:115} INFO - [2025-02-03 22:26:29,869] {dag.py:2379} INFO - Sync 2 DAGs
[2025-02-03 22:26:29,881] {logging_mixin.py:115} INFO - [2025-02-03 22:26:29,881] {dag.py:2927} INFO - Setting next_dagrun for example_xcom_args to None, run_after=None
[2025-02-03 22:26:29,881] {logging_mixin.py:115} INFO - [2025-02-03 22:26:29,881] {dag.py:2927} INFO - Setting next_dagrun for example_xcom_args_with_operators to None, run_after=None
[2025-02-03 22:26:29,895] {processor.py:161} INFO - Processing /home/luan-capella/Documentos/curso_airflow/airflowalura/venv/lib/python3.9/site-packages/airflow/example_dags/example_xcomargs.py took 0.080 seconds
[2025-02-03 22:27:07,061] {processor.py:153} INFO - Started process (PID=45198) to work on /home/luan-capella/Documentos/curso_airflow/airflowalura/venv/lib/python3.9/site-packages/airflow/example_dags/example_xcomargs.py
[2025-02-03 22:27:07,062] {processor.py:641} INFO - Processing file /home/luan-capella/Documentos/curso_airflow/airflowalura/venv/lib/python3.9/site-packages/airflow/example_dags/example_xcomargs.py for tasks to queue
[2025-02-03 22:27:07,063] {logging_mixin.py:115} INFO - [2025-02-03 22:27:07,063] {dagbag.py:507} INFO - Filling up the DagBag from /home/luan-capella/Documentos/curso_airflow/airflowalura/venv/lib/python3.9/site-packages/airflow/example_dags/example_xcomargs.py
[2025-02-03 22:27:07,080] {processor.py:651} INFO - DAG(s) dict_keys(['example_xcom_args', 'example_xcom_args_with_operators']) retrieved from /home/luan-capella/Documentos/curso_airflow/airflowalura/venv/lib/python3.9/site-packages/airflow/example_dags/example_xcomargs.py
[2025-02-03 22:27:07,095] {logging_mixin.py:115} INFO - [2025-02-03 22:27:07,094] {dag.py:2379} INFO - Sync 2 DAGs
[2025-02-03 22:27:07,109] {logging_mixin.py:115} INFO - [2025-02-03 22:27:07,108] {dag.py:2927} INFO - Setting next_dagrun for example_xcom_args to None, run_after=None
[2025-02-03 22:27:07,109] {logging_mixin.py:115} INFO - [2025-02-03 22:27:07,109] {dag.py:2927} INFO - Setting next_dagrun for example_xcom_args_with_operators to None, run_after=None
[2025-02-03 22:27:07,121] {processor.py:161} INFO - Processing /home/luan-capella/Documentos/curso_airflow/airflowalura/venv/lib/python3.9/site-packages/airflow/example_dags/example_xcomargs.py took 0.065 seconds
[2025-02-03 22:27:42,054] {processor.py:153} INFO - Started process (PID=45365) to work on /home/luan-capella/Documentos/curso_airflow/airflowalura/venv/lib/python3.9/site-packages/airflow/example_dags/example_xcomargs.py
[2025-02-03 22:27:42,055] {processor.py:641} INFO - Processing file /home/luan-capella/Documentos/curso_airflow/airflowalura/venv/lib/python3.9/site-packages/airflow/example_dags/example_xcomargs.py for tasks to queue
[2025-02-03 22:27:42,055] {logging_mixin.py:115} INFO - [2025-02-03 22:27:42,055] {dagbag.py:507} INFO - Filling up the DagBag from /home/luan-capella/Documentos/curso_airflow/airflowalura/venv/lib/python3.9/site-packages/airflow/example_dags/example_xcomargs.py
[2025-02-03 22:27:42,071] {processor.py:651} INFO - DAG(s) dict_keys(['example_xcom_args', 'example_xcom_args_with_operators']) retrieved from /home/luan-capella/Documentos/curso_airflow/airflowalura/venv/lib/python3.9/site-packages/airflow/example_dags/example_xcomargs.py
[2025-02-03 22:27:42,084] {logging_mixin.py:115} INFO - [2025-02-03 22:27:42,084] {dag.py:2379} INFO - Sync 2 DAGs
[2025-02-03 22:27:42,097] {logging_mixin.py:115} INFO - [2025-02-03 22:27:42,097] {dag.py:2927} INFO - Setting next_dagrun for example_xcom_args to None, run_after=None
[2025-02-03 22:27:42,097] {logging_mixin.py:115} INFO - [2025-02-03 22:27:42,097] {dag.py:2927} INFO - Setting next_dagrun for example_xcom_args_with_operators to None, run_after=None
[2025-02-03 22:27:42,110] {processor.py:161} INFO - Processing /home/luan-capella/Documentos/curso_airflow/airflowalura/venv/lib/python3.9/site-packages/airflow/example_dags/example_xcomargs.py took 0.059 seconds
[2025-02-03 22:28:18,349] {processor.py:153} INFO - Started process (PID=45529) to work on /home/luan-capella/Documentos/curso_airflow/airflowalura/venv/lib/python3.9/site-packages/airflow/example_dags/example_xcomargs.py
[2025-02-03 22:28:18,350] {processor.py:641} INFO - Processing file /home/luan-capella/Documentos/curso_airflow/airflowalura/venv/lib/python3.9/site-packages/airflow/example_dags/example_xcomargs.py for tasks to queue
[2025-02-03 22:28:18,350] {logging_mixin.py:115} INFO - [2025-02-03 22:28:18,350] {dagbag.py:507} INFO - Filling up the DagBag from /home/luan-capella/Documentos/curso_airflow/airflowalura/venv/lib/python3.9/site-packages/airflow/example_dags/example_xcomargs.py
[2025-02-03 22:28:18,367] {processor.py:651} INFO - DAG(s) dict_keys(['example_xcom_args', 'example_xcom_args_with_operators']) retrieved from /home/luan-capella/Documentos/curso_airflow/airflowalura/venv/lib/python3.9/site-packages/airflow/example_dags/example_xcomargs.py
[2025-02-03 22:28:18,400] {logging_mixin.py:115} INFO - [2025-02-03 22:28:18,400] {dag.py:2379} INFO - Sync 2 DAGs
[2025-02-03 22:28:18,410] {logging_mixin.py:115} INFO - [2025-02-03 22:28:18,410] {dag.py:2927} INFO - Setting next_dagrun for example_xcom_args to None, run_after=None
[2025-02-03 22:28:18,411] {logging_mixin.py:115} INFO - [2025-02-03 22:28:18,411] {dag.py:2927} INFO - Setting next_dagrun for example_xcom_args_with_operators to None, run_after=None
[2025-02-03 22:28:18,422] {processor.py:161} INFO - Processing /home/luan-capella/Documentos/curso_airflow/airflowalura/venv/lib/python3.9/site-packages/airflow/example_dags/example_xcomargs.py took 0.078 seconds
