[2025-02-03 22:20:51,095] {processor.py:153} INFO - Started process (PID=42624) to work on /home/luan-capella/Documentos/curso_airflow/airflowalura/venv/lib/python3.9/site-packages/airflow/example_dags/example_branch_day_of_week_operator.py
[2025-02-03 22:20:51,096] {processor.py:641} INFO - Processing file /home/luan-capella/Documentos/curso_airflow/airflowalura/venv/lib/python3.9/site-packages/airflow/example_dags/example_branch_day_of_week_operator.py for tasks to queue
[2025-02-03 22:20:51,096] {logging_mixin.py:115} INFO - [2025-02-03 22:20:51,096] {dagbag.py:507} INFO - Filling up the DagBag from /home/luan-capella/Documentos/curso_airflow/airflowalura/venv/lib/python3.9/site-packages/airflow/example_dags/example_branch_day_of_week_operator.py
[2025-02-03 22:20:51,105] {processor.py:651} INFO - DAG(s) dict_keys(['example_weekday_branch_operator']) retrieved from /home/luan-capella/Documentos/curso_airflow/airflowalura/venv/lib/python3.9/site-packages/airflow/example_dags/example_branch_day_of_week_operator.py
[2025-02-03 22:20:51,118] {logging_mixin.py:115} INFO - [2025-02-03 22:20:51,118] {dag.py:2379} INFO - Sync 1 DAGs
[2025-02-03 22:20:51,133] {logging_mixin.py:115} INFO - [2025-02-03 22:20:51,133] {dag.py:2927} INFO - Setting next_dagrun for example_weekday_branch_operator to 2025-02-03T00:00:00+00:00, run_after=2025-02-04T00:00:00+00:00
[2025-02-03 22:20:51,145] {processor.py:161} INFO - Processing /home/luan-capella/Documentos/curso_airflow/airflowalura/venv/lib/python3.9/site-packages/airflow/example_dags/example_branch_day_of_week_operator.py took 0.055 seconds
[2025-02-03 22:21:30,358] {processor.py:153} INFO - Started process (PID=42889) to work on /home/luan-capella/Documentos/curso_airflow/airflowalura/venv/lib/python3.9/site-packages/airflow/example_dags/example_branch_day_of_week_operator.py
[2025-02-03 22:21:30,360] {processor.py:641} INFO - Processing file /home/luan-capella/Documentos/curso_airflow/airflowalura/venv/lib/python3.9/site-packages/airflow/example_dags/example_branch_day_of_week_operator.py for tasks to queue
[2025-02-03 22:21:30,361] {logging_mixin.py:115} INFO - [2025-02-03 22:21:30,360] {dagbag.py:507} INFO - Filling up the DagBag from /home/luan-capella/Documentos/curso_airflow/airflowalura/venv/lib/python3.9/site-packages/airflow/example_dags/example_branch_day_of_week_operator.py
[2025-02-03 22:21:30,369] {processor.py:651} INFO - DAG(s) dict_keys(['example_weekday_branch_operator']) retrieved from /home/luan-capella/Documentos/curso_airflow/airflowalura/venv/lib/python3.9/site-packages/airflow/example_dags/example_branch_day_of_week_operator.py
[2025-02-03 22:21:30,381] {logging_mixin.py:115} INFO - [2025-02-03 22:21:30,381] {dag.py:2379} INFO - Sync 1 DAGs
[2025-02-03 22:21:30,394] {logging_mixin.py:115} INFO - [2025-02-03 22:21:30,394] {dag.py:2927} INFO - Setting next_dagrun for example_weekday_branch_operator to 2025-02-03T00:00:00+00:00, run_after=2025-02-04T00:00:00+00:00
[2025-02-03 22:21:30,409] {processor.py:161} INFO - Processing /home/luan-capella/Documentos/curso_airflow/airflowalura/venv/lib/python3.9/site-packages/airflow/example_dags/example_branch_day_of_week_operator.py took 0.056 seconds
[2025-02-03 22:22:09,409] {processor.py:153} INFO - Started process (PID=43057) to work on /home/luan-capella/Documentos/curso_airflow/airflowalura/venv/lib/python3.9/site-packages/airflow/example_dags/example_branch_day_of_week_operator.py
[2025-02-03 22:22:09,410] {processor.py:641} INFO - Processing file /home/luan-capella/Documentos/curso_airflow/airflowalura/venv/lib/python3.9/site-packages/airflow/example_dags/example_branch_day_of_week_operator.py for tasks to queue
[2025-02-03 22:22:09,411] {logging_mixin.py:115} INFO - [2025-02-03 22:22:09,411] {dagbag.py:507} INFO - Filling up the DagBag from /home/luan-capella/Documentos/curso_airflow/airflowalura/venv/lib/python3.9/site-packages/airflow/example_dags/example_branch_day_of_week_operator.py
[2025-02-03 22:22:09,420] {processor.py:651} INFO - DAG(s) dict_keys(['example_weekday_branch_operator']) retrieved from /home/luan-capella/Documentos/curso_airflow/airflowalura/venv/lib/python3.9/site-packages/airflow/example_dags/example_branch_day_of_week_operator.py
[2025-02-03 22:22:09,432] {logging_mixin.py:115} INFO - [2025-02-03 22:22:09,432] {dag.py:2379} INFO - Sync 1 DAGs
[2025-02-03 22:22:09,446] {logging_mixin.py:115} INFO - [2025-02-03 22:22:09,446] {dag.py:2927} INFO - Setting next_dagrun for example_weekday_branch_operator to 2025-02-03T00:00:00+00:00, run_after=2025-02-04T00:00:00+00:00
[2025-02-03 22:22:09,459] {processor.py:161} INFO - Processing /home/luan-capella/Documentos/curso_airflow/airflowalura/venv/lib/python3.9/site-packages/airflow/example_dags/example_branch_day_of_week_operator.py took 0.055 seconds
[2025-02-03 22:22:45,757] {processor.py:153} INFO - Started process (PID=43227) to work on /home/luan-capella/Documentos/curso_airflow/airflowalura/venv/lib/python3.9/site-packages/airflow/example_dags/example_branch_day_of_week_operator.py
[2025-02-03 22:22:45,760] {processor.py:641} INFO - Processing file /home/luan-capella/Documentos/curso_airflow/airflowalura/venv/lib/python3.9/site-packages/airflow/example_dags/example_branch_day_of_week_operator.py for tasks to queue
[2025-02-03 22:22:45,761] {logging_mixin.py:115} INFO - [2025-02-03 22:22:45,761] {dagbag.py:507} INFO - Filling up the DagBag from /home/luan-capella/Documentos/curso_airflow/airflowalura/venv/lib/python3.9/site-packages/airflow/example_dags/example_branch_day_of_week_operator.py
[2025-02-03 22:22:45,772] {processor.py:651} INFO - DAG(s) dict_keys(['example_weekday_branch_operator']) retrieved from /home/luan-capella/Documentos/curso_airflow/airflowalura/venv/lib/python3.9/site-packages/airflow/example_dags/example_branch_day_of_week_operator.py
[2025-02-03 22:22:45,785] {logging_mixin.py:115} INFO - [2025-02-03 22:22:45,785] {dag.py:2379} INFO - Sync 1 DAGs
[2025-02-03 22:22:45,798] {logging_mixin.py:115} INFO - [2025-02-03 22:22:45,798] {dag.py:2927} INFO - Setting next_dagrun for example_weekday_branch_operator to 2025-02-03T00:00:00+00:00, run_after=2025-02-04T00:00:00+00:00
[2025-02-03 22:22:45,808] {processor.py:161} INFO - Processing /home/luan-capella/Documentos/curso_airflow/airflowalura/venv/lib/python3.9/site-packages/airflow/example_dags/example_branch_day_of_week_operator.py took 0.056 seconds
[2025-02-03 22:23:21,794] {processor.py:153} INFO - Started process (PID=43519) to work on /home/luan-capella/Documentos/curso_airflow/airflowalura/venv/lib/python3.9/site-packages/airflow/example_dags/example_branch_day_of_week_operator.py
[2025-02-03 22:23:21,795] {processor.py:641} INFO - Processing file /home/luan-capella/Documentos/curso_airflow/airflowalura/venv/lib/python3.9/site-packages/airflow/example_dags/example_branch_day_of_week_operator.py for tasks to queue
[2025-02-03 22:23:21,796] {logging_mixin.py:115} INFO - [2025-02-03 22:23:21,796] {dagbag.py:507} INFO - Filling up the DagBag from /home/luan-capella/Documentos/curso_airflow/airflowalura/venv/lib/python3.9/site-packages/airflow/example_dags/example_branch_day_of_week_operator.py
[2025-02-03 22:23:21,806] {processor.py:651} INFO - DAG(s) dict_keys(['example_weekday_branch_operator']) retrieved from /home/luan-capella/Documentos/curso_airflow/airflowalura/venv/lib/python3.9/site-packages/airflow/example_dags/example_branch_day_of_week_operator.py
[2025-02-03 22:23:21,817] {logging_mixin.py:115} INFO - [2025-02-03 22:23:21,817] {dag.py:2379} INFO - Sync 1 DAGs
[2025-02-03 22:23:21,830] {logging_mixin.py:115} INFO - [2025-02-03 22:23:21,830] {dag.py:2927} INFO - Setting next_dagrun for example_weekday_branch_operator to 2025-02-03T00:00:00+00:00, run_after=2025-02-04T00:00:00+00:00
[2025-02-03 22:23:21,842] {processor.py:161} INFO - Processing /home/luan-capella/Documentos/curso_airflow/airflowalura/venv/lib/python3.9/site-packages/airflow/example_dags/example_branch_day_of_week_operator.py took 0.052 seconds
[2025-02-03 22:23:57,434] {processor.py:153} INFO - Started process (PID=43683) to work on /home/luan-capella/Documentos/curso_airflow/airflowalura/venv/lib/python3.9/site-packages/airflow/example_dags/example_branch_day_of_week_operator.py
[2025-02-03 22:23:57,434] {processor.py:641} INFO - Processing file /home/luan-capella/Documentos/curso_airflow/airflowalura/venv/lib/python3.9/site-packages/airflow/example_dags/example_branch_day_of_week_operator.py for tasks to queue
[2025-02-03 22:23:57,435] {logging_mixin.py:115} INFO - [2025-02-03 22:23:57,435] {dagbag.py:507} INFO - Filling up the DagBag from /home/luan-capella/Documentos/curso_airflow/airflowalura/venv/lib/python3.9/site-packages/airflow/example_dags/example_branch_day_of_week_operator.py
[2025-02-03 22:23:57,442] {processor.py:651} INFO - DAG(s) dict_keys(['example_weekday_branch_operator']) retrieved from /home/luan-capella/Documentos/curso_airflow/airflowalura/venv/lib/python3.9/site-packages/airflow/example_dags/example_branch_day_of_week_operator.py
[2025-02-03 22:23:57,455] {logging_mixin.py:115} INFO - [2025-02-03 22:23:57,455] {dag.py:2379} INFO - Sync 1 DAGs
[2025-02-03 22:23:57,470] {logging_mixin.py:115} INFO - [2025-02-03 22:23:57,470] {dag.py:2927} INFO - Setting next_dagrun for example_weekday_branch_operator to 2025-02-03T00:00:00+00:00, run_after=2025-02-04T00:00:00+00:00
[2025-02-03 22:23:57,481] {processor.py:161} INFO - Processing /home/luan-capella/Documentos/curso_airflow/airflowalura/venv/lib/python3.9/site-packages/airflow/example_dags/example_branch_day_of_week_operator.py took 0.050 seconds
[2025-02-03 22:25:03,153] {processor.py:153} INFO - Started process (PID=44401) to work on /home/luan-capella/Documentos/curso_airflow/airflowalura/venv/lib/python3.9/site-packages/airflow/example_dags/example_branch_day_of_week_operator.py
[2025-02-03 22:25:03,154] {processor.py:641} INFO - Processing file /home/luan-capella/Documentos/curso_airflow/airflowalura/venv/lib/python3.9/site-packages/airflow/example_dags/example_branch_day_of_week_operator.py for tasks to queue
[2025-02-03 22:25:03,155] {logging_mixin.py:115} INFO - [2025-02-03 22:25:03,155] {dagbag.py:507} INFO - Filling up the DagBag from /home/luan-capella/Documentos/curso_airflow/airflowalura/venv/lib/python3.9/site-packages/airflow/example_dags/example_branch_day_of_week_operator.py
[2025-02-03 22:25:03,164] {processor.py:651} INFO - DAG(s) dict_keys(['example_weekday_branch_operator']) retrieved from /home/luan-capella/Documentos/curso_airflow/airflowalura/venv/lib/python3.9/site-packages/airflow/example_dags/example_branch_day_of_week_operator.py
[2025-02-03 22:25:03,175] {logging_mixin.py:115} INFO - [2025-02-03 22:25:03,175] {dag.py:2379} INFO - Sync 1 DAGs
[2025-02-03 22:25:03,189] {logging_mixin.py:115} INFO - [2025-02-03 22:25:03,188] {dag.py:2927} INFO - Setting next_dagrun for example_weekday_branch_operator to 2025-02-03T00:00:00+00:00, run_after=2025-02-04T00:00:00+00:00
[2025-02-03 22:25:03,199] {processor.py:161} INFO - Processing /home/luan-capella/Documentos/curso_airflow/airflowalura/venv/lib/python3.9/site-packages/airflow/example_dags/example_branch_day_of_week_operator.py took 0.051 seconds
[2025-02-03 22:25:42,185] {processor.py:153} INFO - Started process (PID=44666) to work on /home/luan-capella/Documentos/curso_airflow/airflowalura/venv/lib/python3.9/site-packages/airflow/example_dags/example_branch_day_of_week_operator.py
[2025-02-03 22:25:42,186] {processor.py:641} INFO - Processing file /home/luan-capella/Documentos/curso_airflow/airflowalura/venv/lib/python3.9/site-packages/airflow/example_dags/example_branch_day_of_week_operator.py for tasks to queue
[2025-02-03 22:25:42,186] {logging_mixin.py:115} INFO - [2025-02-03 22:25:42,186] {dagbag.py:507} INFO - Filling up the DagBag from /home/luan-capella/Documentos/curso_airflow/airflowalura/venv/lib/python3.9/site-packages/airflow/example_dags/example_branch_day_of_week_operator.py
[2025-02-03 22:25:42,192] {processor.py:651} INFO - DAG(s) dict_keys(['example_weekday_branch_operator']) retrieved from /home/luan-capella/Documentos/curso_airflow/airflowalura/venv/lib/python3.9/site-packages/airflow/example_dags/example_branch_day_of_week_operator.py
[2025-02-03 22:25:42,203] {logging_mixin.py:115} INFO - [2025-02-03 22:25:42,203] {dag.py:2379} INFO - Sync 1 DAGs
[2025-02-03 22:25:42,216] {logging_mixin.py:115} INFO - [2025-02-03 22:25:42,216] {dag.py:2927} INFO - Setting next_dagrun for example_weekday_branch_operator to 2025-02-03T00:00:00+00:00, run_after=2025-02-04T00:00:00+00:00
[2025-02-03 22:25:42,229] {processor.py:161} INFO - Processing /home/luan-capella/Documentos/curso_airflow/airflowalura/venv/lib/python3.9/site-packages/airflow/example_dags/example_branch_day_of_week_operator.py took 0.047 seconds
[2025-02-03 22:26:19,491] {processor.py:153} INFO - Started process (PID=44954) to work on /home/luan-capella/Documentos/curso_airflow/airflowalura/venv/lib/python3.9/site-packages/airflow/example_dags/example_branch_day_of_week_operator.py
[2025-02-03 22:26:19,492] {processor.py:641} INFO - Processing file /home/luan-capella/Documentos/curso_airflow/airflowalura/venv/lib/python3.9/site-packages/airflow/example_dags/example_branch_day_of_week_operator.py for tasks to queue
[2025-02-03 22:26:19,493] {logging_mixin.py:115} INFO - [2025-02-03 22:26:19,493] {dagbag.py:507} INFO - Filling up the DagBag from /home/luan-capella/Documentos/curso_airflow/airflowalura/venv/lib/python3.9/site-packages/airflow/example_dags/example_branch_day_of_week_operator.py
[2025-02-03 22:26:19,502] {processor.py:651} INFO - DAG(s) dict_keys(['example_weekday_branch_operator']) retrieved from /home/luan-capella/Documentos/curso_airflow/airflowalura/venv/lib/python3.9/site-packages/airflow/example_dags/example_branch_day_of_week_operator.py
[2025-02-03 22:26:19,514] {logging_mixin.py:115} INFO - [2025-02-03 22:26:19,514] {dag.py:2379} INFO - Sync 1 DAGs
[2025-02-03 22:26:19,528] {logging_mixin.py:115} INFO - [2025-02-03 22:26:19,528] {dag.py:2927} INFO - Setting next_dagrun for example_weekday_branch_operator to 2025-02-03T00:00:00+00:00, run_after=2025-02-04T00:00:00+00:00
[2025-02-03 22:26:19,540] {processor.py:161} INFO - Processing /home/luan-capella/Documentos/curso_airflow/airflowalura/venv/lib/python3.9/site-packages/airflow/example_dags/example_branch_day_of_week_operator.py took 0.053 seconds
[2025-02-03 22:27:01,491] {processor.py:153} INFO - Started process (PID=45174) to work on /home/luan-capella/Documentos/curso_airflow/airflowalura/venv/lib/python3.9/site-packages/airflow/example_dags/example_branch_day_of_week_operator.py
[2025-02-03 22:27:01,491] {processor.py:641} INFO - Processing file /home/luan-capella/Documentos/curso_airflow/airflowalura/venv/lib/python3.9/site-packages/airflow/example_dags/example_branch_day_of_week_operator.py for tasks to queue
[2025-02-03 22:27:01,492] {logging_mixin.py:115} INFO - [2025-02-03 22:27:01,492] {dagbag.py:507} INFO - Filling up the DagBag from /home/luan-capella/Documentos/curso_airflow/airflowalura/venv/lib/python3.9/site-packages/airflow/example_dags/example_branch_day_of_week_operator.py
[2025-02-03 22:27:01,497] {processor.py:651} INFO - DAG(s) dict_keys(['example_weekday_branch_operator']) retrieved from /home/luan-capella/Documentos/curso_airflow/airflowalura/venv/lib/python3.9/site-packages/airflow/example_dags/example_branch_day_of_week_operator.py
[2025-02-03 22:27:01,510] {logging_mixin.py:115} INFO - [2025-02-03 22:27:01,510] {dag.py:2379} INFO - Sync 1 DAGs
[2025-02-03 22:27:01,524] {logging_mixin.py:115} INFO - [2025-02-03 22:27:01,524] {dag.py:2927} INFO - Setting next_dagrun for example_weekday_branch_operator to 2025-02-03T00:00:00+00:00, run_after=2025-02-04T00:00:00+00:00
[2025-02-03 22:27:01,535] {processor.py:161} INFO - Processing /home/luan-capella/Documentos/curso_airflow/airflowalura/venv/lib/python3.9/site-packages/airflow/example_dags/example_branch_day_of_week_operator.py took 0.046 seconds
[2025-02-03 22:27:38,029] {processor.py:153} INFO - Started process (PID=45347) to work on /home/luan-capella/Documentos/curso_airflow/airflowalura/venv/lib/python3.9/site-packages/airflow/example_dags/example_branch_day_of_week_operator.py
[2025-02-03 22:27:38,030] {processor.py:641} INFO - Processing file /home/luan-capella/Documentos/curso_airflow/airflowalura/venv/lib/python3.9/site-packages/airflow/example_dags/example_branch_day_of_week_operator.py for tasks to queue
[2025-02-03 22:27:38,030] {logging_mixin.py:115} INFO - [2025-02-03 22:27:38,030] {dagbag.py:507} INFO - Filling up the DagBag from /home/luan-capella/Documentos/curso_airflow/airflowalura/venv/lib/python3.9/site-packages/airflow/example_dags/example_branch_day_of_week_operator.py
[2025-02-03 22:27:38,039] {processor.py:651} INFO - DAG(s) dict_keys(['example_weekday_branch_operator']) retrieved from /home/luan-capella/Documentos/curso_airflow/airflowalura/venv/lib/python3.9/site-packages/airflow/example_dags/example_branch_day_of_week_operator.py
[2025-02-03 22:27:38,051] {logging_mixin.py:115} INFO - [2025-02-03 22:27:38,051] {dag.py:2379} INFO - Sync 1 DAGs
[2025-02-03 22:27:38,064] {logging_mixin.py:115} INFO - [2025-02-03 22:27:38,064] {dag.py:2927} INFO - Setting next_dagrun for example_weekday_branch_operator to 2025-02-03T00:00:00+00:00, run_after=2025-02-04T00:00:00+00:00
[2025-02-03 22:27:38,075] {processor.py:161} INFO - Processing /home/luan-capella/Documentos/curso_airflow/airflowalura/venv/lib/python3.9/site-packages/airflow/example_dags/example_branch_day_of_week_operator.py took 0.047 seconds
[2025-02-03 22:28:14,842] {processor.py:153} INFO - Started process (PID=45512) to work on /home/luan-capella/Documentos/curso_airflow/airflowalura/venv/lib/python3.9/site-packages/airflow/example_dags/example_branch_day_of_week_operator.py
[2025-02-03 22:28:14,843] {processor.py:641} INFO - Processing file /home/luan-capella/Documentos/curso_airflow/airflowalura/venv/lib/python3.9/site-packages/airflow/example_dags/example_branch_day_of_week_operator.py for tasks to queue
[2025-02-03 22:28:14,843] {logging_mixin.py:115} INFO - [2025-02-03 22:28:14,843] {dagbag.py:507} INFO - Filling up the DagBag from /home/luan-capella/Documentos/curso_airflow/airflowalura/venv/lib/python3.9/site-packages/airflow/example_dags/example_branch_day_of_week_operator.py
[2025-02-03 22:28:14,854] {processor.py:651} INFO - DAG(s) dict_keys(['example_weekday_branch_operator']) retrieved from /home/luan-capella/Documentos/curso_airflow/airflowalura/venv/lib/python3.9/site-packages/airflow/example_dags/example_branch_day_of_week_operator.py
[2025-02-03 22:28:14,866] {logging_mixin.py:115} INFO - [2025-02-03 22:28:14,866] {dag.py:2379} INFO - Sync 1 DAGs
[2025-02-03 22:28:14,881] {logging_mixin.py:115} INFO - [2025-02-03 22:28:14,880] {dag.py:2927} INFO - Setting next_dagrun for example_weekday_branch_operator to 2025-02-03T00:00:00+00:00, run_after=2025-02-04T00:00:00+00:00
[2025-02-03 22:28:14,891] {processor.py:161} INFO - Processing /home/luan-capella/Documentos/curso_airflow/airflowalura/venv/lib/python3.9/site-packages/airflow/example_dags/example_branch_day_of_week_operator.py took 0.054 seconds
