[2025-02-03 22:20:37,478] {processor.py:153} INFO - Started process (PID=42401) to work on /home/luan-capella/Documentos/curso_airflow/airflowalura/venv/lib/python3.9/site-packages/airflow/example_dags/example_kubernetes_executor.py
[2025-02-03 22:20:37,479] {processor.py:641} INFO - Processing file /home/luan-capella/Documentos/curso_airflow/airflowalura/venv/lib/python3.9/site-packages/airflow/example_dags/example_kubernetes_executor.py for tasks to queue
[2025-02-03 22:20:37,480] {logging_mixin.py:115} INFO - [2025-02-03 22:20:37,480] {dagbag.py:507} INFO - Filling up the DagBag from /home/luan-capella/Documentos/curso_airflow/airflowalura/venv/lib/python3.9/site-packages/airflow/example_dags/example_kubernetes_executor.py
[2025-02-03 22:20:37,495] {logging_mixin.py:115} INFO - [2025-02-03 22:20:37,495] {example_kubernetes_executor.py:39} WARNING - The example_kubernetes_executor example DAG requires the kubernetes provider. Please install it with: pip install apache-airflow[cncf.kubernetes]
[2025-02-03 22:20:37,495] {processor.py:653} WARNING - No viable dags retrieved from /home/luan-capella/Documentos/curso_airflow/airflowalura/venv/lib/python3.9/site-packages/airflow/example_dags/example_kubernetes_executor.py
[2025-02-03 22:20:37,503] {processor.py:161} INFO - Processing /home/luan-capella/Documentos/curso_airflow/airflowalura/venv/lib/python3.9/site-packages/airflow/example_dags/example_kubernetes_executor.py took 0.030 seconds
[2025-02-03 22:21:16,023] {processor.py:153} INFO - Started process (PID=42827) to work on /home/luan-capella/Documentos/curso_airflow/airflowalura/venv/lib/python3.9/site-packages/airflow/example_dags/example_kubernetes_executor.py
[2025-02-03 22:21:16,024] {processor.py:641} INFO - Processing file /home/luan-capella/Documentos/curso_airflow/airflowalura/venv/lib/python3.9/site-packages/airflow/example_dags/example_kubernetes_executor.py for tasks to queue
[2025-02-03 22:21:16,025] {logging_mixin.py:115} INFO - [2025-02-03 22:21:16,025] {dagbag.py:507} INFO - Filling up the DagBag from /home/luan-capella/Documentos/curso_airflow/airflowalura/venv/lib/python3.9/site-packages/airflow/example_dags/example_kubernetes_executor.py
[2025-02-03 22:21:16,039] {logging_mixin.py:115} INFO - [2025-02-03 22:21:16,039] {example_kubernetes_executor.py:39} WARNING - The example_kubernetes_executor example DAG requires the kubernetes provider. Please install it with: pip install apache-airflow[cncf.kubernetes]
[2025-02-03 22:21:16,039] {processor.py:653} WARNING - No viable dags retrieved from /home/luan-capella/Documentos/curso_airflow/airflowalura/venv/lib/python3.9/site-packages/airflow/example_dags/example_kubernetes_executor.py
[2025-02-03 22:21:16,047] {processor.py:161} INFO - Processing /home/luan-capella/Documentos/curso_airflow/airflowalura/venv/lib/python3.9/site-packages/airflow/example_dags/example_kubernetes_executor.py took 0.029 seconds
[2025-02-03 22:21:54,364] {processor.py:153} INFO - Started process (PID=42993) to work on /home/luan-capella/Documentos/curso_airflow/airflowalura/venv/lib/python3.9/site-packages/airflow/example_dags/example_kubernetes_executor.py
[2025-02-03 22:21:54,365] {processor.py:641} INFO - Processing file /home/luan-capella/Documentos/curso_airflow/airflowalura/venv/lib/python3.9/site-packages/airflow/example_dags/example_kubernetes_executor.py for tasks to queue
[2025-02-03 22:21:54,366] {logging_mixin.py:115} INFO - [2025-02-03 22:21:54,366] {dagbag.py:507} INFO - Filling up the DagBag from /home/luan-capella/Documentos/curso_airflow/airflowalura/venv/lib/python3.9/site-packages/airflow/example_dags/example_kubernetes_executor.py
[2025-02-03 22:21:54,379] {logging_mixin.py:115} INFO - [2025-02-03 22:21:54,379] {example_kubernetes_executor.py:39} WARNING - The example_kubernetes_executor example DAG requires the kubernetes provider. Please install it with: pip install apache-airflow[cncf.kubernetes]
[2025-02-03 22:21:54,379] {processor.py:653} WARNING - No viable dags retrieved from /home/luan-capella/Documentos/curso_airflow/airflowalura/venv/lib/python3.9/site-packages/airflow/example_dags/example_kubernetes_executor.py
[2025-02-03 22:21:54,387] {processor.py:161} INFO - Processing /home/luan-capella/Documentos/curso_airflow/airflowalura/venv/lib/python3.9/site-packages/airflow/example_dags/example_kubernetes_executor.py took 0.028 seconds
[2025-02-03 22:22:30,851] {processor.py:153} INFO - Started process (PID=43164) to work on /home/luan-capella/Documentos/curso_airflow/airflowalura/venv/lib/python3.9/site-packages/airflow/example_dags/example_kubernetes_executor.py
[2025-02-03 22:22:30,852] {processor.py:641} INFO - Processing file /home/luan-capella/Documentos/curso_airflow/airflowalura/venv/lib/python3.9/site-packages/airflow/example_dags/example_kubernetes_executor.py for tasks to queue
[2025-02-03 22:22:30,853] {logging_mixin.py:115} INFO - [2025-02-03 22:22:30,853] {dagbag.py:507} INFO - Filling up the DagBag from /home/luan-capella/Documentos/curso_airflow/airflowalura/venv/lib/python3.9/site-packages/airflow/example_dags/example_kubernetes_executor.py
[2025-02-03 22:22:30,867] {logging_mixin.py:115} INFO - [2025-02-03 22:22:30,867] {example_kubernetes_executor.py:39} WARNING - The example_kubernetes_executor example DAG requires the kubernetes provider. Please install it with: pip install apache-airflow[cncf.kubernetes]
[2025-02-03 22:22:30,867] {processor.py:653} WARNING - No viable dags retrieved from /home/luan-capella/Documentos/curso_airflow/airflowalura/venv/lib/python3.9/site-packages/airflow/example_dags/example_kubernetes_executor.py
[2025-02-03 22:22:30,874] {processor.py:161} INFO - Processing /home/luan-capella/Documentos/curso_airflow/airflowalura/venv/lib/python3.9/site-packages/airflow/example_dags/example_kubernetes_executor.py took 0.028 seconds
[2025-02-03 22:23:06,996] {processor.py:153} INFO - Started process (PID=43368) to work on /home/luan-capella/Documentos/curso_airflow/airflowalura/venv/lib/python3.9/site-packages/airflow/example_dags/example_kubernetes_executor.py
[2025-02-03 22:23:07,000] {processor.py:641} INFO - Processing file /home/luan-capella/Documentos/curso_airflow/airflowalura/venv/lib/python3.9/site-packages/airflow/example_dags/example_kubernetes_executor.py for tasks to queue
[2025-02-03 22:23:07,000] {logging_mixin.py:115} INFO - [2025-02-03 22:23:07,000] {dagbag.py:507} INFO - Filling up the DagBag from /home/luan-capella/Documentos/curso_airflow/airflowalura/venv/lib/python3.9/site-packages/airflow/example_dags/example_kubernetes_executor.py
[2025-02-03 22:23:07,011] {logging_mixin.py:115} INFO - [2025-02-03 22:23:07,011] {example_kubernetes_executor.py:39} WARNING - The example_kubernetes_executor example DAG requires the kubernetes provider. Please install it with: pip install apache-airflow[cncf.kubernetes]
[2025-02-03 22:23:07,011] {processor.py:653} WARNING - No viable dags retrieved from /home/luan-capella/Documentos/curso_airflow/airflowalura/venv/lib/python3.9/site-packages/airflow/example_dags/example_kubernetes_executor.py
[2025-02-03 22:23:07,018] {processor.py:161} INFO - Processing /home/luan-capella/Documentos/curso_airflow/airflowalura/venv/lib/python3.9/site-packages/airflow/example_dags/example_kubernetes_executor.py took 0.026 seconds
[2025-02-03 22:23:43,038] {processor.py:153} INFO - Started process (PID=43621) to work on /home/luan-capella/Documentos/curso_airflow/airflowalura/venv/lib/python3.9/site-packages/airflow/example_dags/example_kubernetes_executor.py
[2025-02-03 22:23:43,039] {processor.py:641} INFO - Processing file /home/luan-capella/Documentos/curso_airflow/airflowalura/venv/lib/python3.9/site-packages/airflow/example_dags/example_kubernetes_executor.py for tasks to queue
[2025-02-03 22:23:43,040] {logging_mixin.py:115} INFO - [2025-02-03 22:23:43,040] {dagbag.py:507} INFO - Filling up the DagBag from /home/luan-capella/Documentos/curso_airflow/airflowalura/venv/lib/python3.9/site-packages/airflow/example_dags/example_kubernetes_executor.py
[2025-02-03 22:23:43,052] {logging_mixin.py:115} INFO - [2025-02-03 22:23:43,052] {example_kubernetes_executor.py:39} WARNING - The example_kubernetes_executor example DAG requires the kubernetes provider. Please install it with: pip install apache-airflow[cncf.kubernetes]
[2025-02-03 22:23:43,053] {processor.py:653} WARNING - No viable dags retrieved from /home/luan-capella/Documentos/curso_airflow/airflowalura/venv/lib/python3.9/site-packages/airflow/example_dags/example_kubernetes_executor.py
[2025-02-03 22:23:43,060] {processor.py:161} INFO - Processing /home/luan-capella/Documentos/curso_airflow/airflowalura/venv/lib/python3.9/site-packages/airflow/example_dags/example_kubernetes_executor.py took 0.027 seconds
[2025-02-03 22:24:19,056] {processor.py:153} INFO - Started process (PID=43771) to work on /home/luan-capella/Documentos/curso_airflow/airflowalura/venv/lib/python3.9/site-packages/airflow/example_dags/example_kubernetes_executor.py
[2025-02-03 22:24:19,058] {processor.py:641} INFO - Processing file /home/luan-capella/Documentos/curso_airflow/airflowalura/venv/lib/python3.9/site-packages/airflow/example_dags/example_kubernetes_executor.py for tasks to queue
[2025-02-03 22:24:19,058] {logging_mixin.py:115} INFO - [2025-02-03 22:24:19,058] {dagbag.py:507} INFO - Filling up the DagBag from /home/luan-capella/Documentos/curso_airflow/airflowalura/venv/lib/python3.9/site-packages/airflow/example_dags/example_kubernetes_executor.py
[2025-02-03 22:24:19,071] {logging_mixin.py:115} INFO - [2025-02-03 22:24:19,071] {example_kubernetes_executor.py:39} WARNING - The example_kubernetes_executor example DAG requires the kubernetes provider. Please install it with: pip install apache-airflow[cncf.kubernetes]
[2025-02-03 22:24:19,071] {processor.py:653} WARNING - No viable dags retrieved from /home/luan-capella/Documentos/curso_airflow/airflowalura/venv/lib/python3.9/site-packages/airflow/example_dags/example_kubernetes_executor.py
[2025-02-03 22:24:19,078] {processor.py:161} INFO - Processing /home/luan-capella/Documentos/curso_airflow/airflowalura/venv/lib/python3.9/site-packages/airflow/example_dags/example_kubernetes_executor.py took 0.027 seconds
[2025-02-03 22:24:52,845] {processor.py:153} INFO - Started process (PID=44259) to work on /home/luan-capella/Documentos/curso_airflow/airflowalura/venv/lib/python3.9/site-packages/airflow/example_dags/example_kubernetes_executor.py
[2025-02-03 22:24:52,846] {processor.py:641} INFO - Processing file /home/luan-capella/Documentos/curso_airflow/airflowalura/venv/lib/python3.9/site-packages/airflow/example_dags/example_kubernetes_executor.py for tasks to queue
[2025-02-03 22:24:52,847] {logging_mixin.py:115} INFO - [2025-02-03 22:24:52,846] {dagbag.py:507} INFO - Filling up the DagBag from /home/luan-capella/Documentos/curso_airflow/airflowalura/venv/lib/python3.9/site-packages/airflow/example_dags/example_kubernetes_executor.py
[2025-02-03 22:24:52,858] {logging_mixin.py:115} INFO - [2025-02-03 22:24:52,858] {example_kubernetes_executor.py:39} WARNING - The example_kubernetes_executor example DAG requires the kubernetes provider. Please install it with: pip install apache-airflow[cncf.kubernetes]
[2025-02-03 22:24:52,858] {processor.py:653} WARNING - No viable dags retrieved from /home/luan-capella/Documentos/curso_airflow/airflowalura/venv/lib/python3.9/site-packages/airflow/example_dags/example_kubernetes_executor.py
[2025-02-03 22:24:52,865] {processor.py:161} INFO - Processing /home/luan-capella/Documentos/curso_airflow/airflowalura/venv/lib/python3.9/site-packages/airflow/example_dags/example_kubernetes_executor.py took 0.022 seconds
[2025-02-03 22:25:30,258] {processor.py:153} INFO - Started process (PID=44613) to work on /home/luan-capella/Documentos/curso_airflow/airflowalura/venv/lib/python3.9/site-packages/airflow/example_dags/example_kubernetes_executor.py
[2025-02-03 22:25:30,260] {processor.py:641} INFO - Processing file /home/luan-capella/Documentos/curso_airflow/airflowalura/venv/lib/python3.9/site-packages/airflow/example_dags/example_kubernetes_executor.py for tasks to queue
[2025-02-03 22:25:30,260] {logging_mixin.py:115} INFO - [2025-02-03 22:25:30,260] {dagbag.py:507} INFO - Filling up the DagBag from /home/luan-capella/Documentos/curso_airflow/airflowalura/venv/lib/python3.9/site-packages/airflow/example_dags/example_kubernetes_executor.py
[2025-02-03 22:25:30,273] {logging_mixin.py:115} INFO - [2025-02-03 22:25:30,273] {example_kubernetes_executor.py:39} WARNING - The example_kubernetes_executor example DAG requires the kubernetes provider. Please install it with: pip install apache-airflow[cncf.kubernetes]
[2025-02-03 22:25:30,273] {processor.py:653} WARNING - No viable dags retrieved from /home/luan-capella/Documentos/curso_airflow/airflowalura/venv/lib/python3.9/site-packages/airflow/example_dags/example_kubernetes_executor.py
[2025-02-03 22:25:30,280] {processor.py:161} INFO - Processing /home/luan-capella/Documentos/curso_airflow/airflowalura/venv/lib/python3.9/site-packages/airflow/example_dags/example_kubernetes_executor.py took 0.026 seconds
[2025-02-03 22:26:05,163] {processor.py:153} INFO - Started process (PID=44801) to work on /home/luan-capella/Documentos/curso_airflow/airflowalura/venv/lib/python3.9/site-packages/airflow/example_dags/example_kubernetes_executor.py
[2025-02-03 22:26:05,164] {processor.py:641} INFO - Processing file /home/luan-capella/Documentos/curso_airflow/airflowalura/venv/lib/python3.9/site-packages/airflow/example_dags/example_kubernetes_executor.py for tasks to queue
[2025-02-03 22:26:05,164] {logging_mixin.py:115} INFO - [2025-02-03 22:26:05,164] {dagbag.py:507} INFO - Filling up the DagBag from /home/luan-capella/Documentos/curso_airflow/airflowalura/venv/lib/python3.9/site-packages/airflow/example_dags/example_kubernetes_executor.py
[2025-02-03 22:26:05,175] {logging_mixin.py:115} INFO - [2025-02-03 22:26:05,175] {example_kubernetes_executor.py:39} WARNING - The example_kubernetes_executor example DAG requires the kubernetes provider. Please install it with: pip install apache-airflow[cncf.kubernetes]
[2025-02-03 22:26:05,175] {processor.py:653} WARNING - No viable dags retrieved from /home/luan-capella/Documentos/curso_airflow/airflowalura/venv/lib/python3.9/site-packages/airflow/example_dags/example_kubernetes_executor.py
[2025-02-03 22:26:05,183] {processor.py:161} INFO - Processing /home/luan-capella/Documentos/curso_airflow/airflowalura/venv/lib/python3.9/site-packages/airflow/example_dags/example_kubernetes_executor.py took 0.022 seconds
[2025-02-03 22:26:44,145] {processor.py:153} INFO - Started process (PID=45082) to work on /home/luan-capella/Documentos/curso_airflow/airflowalura/venv/lib/python3.9/site-packages/airflow/example_dags/example_kubernetes_executor.py
[2025-02-03 22:26:44,146] {processor.py:641} INFO - Processing file /home/luan-capella/Documentos/curso_airflow/airflowalura/venv/lib/python3.9/site-packages/airflow/example_dags/example_kubernetes_executor.py for tasks to queue
[2025-02-03 22:26:44,147] {logging_mixin.py:115} INFO - [2025-02-03 22:26:44,147] {dagbag.py:507} INFO - Filling up the DagBag from /home/luan-capella/Documentos/curso_airflow/airflowalura/venv/lib/python3.9/site-packages/airflow/example_dags/example_kubernetes_executor.py
[2025-02-03 22:26:44,160] {logging_mixin.py:115} INFO - [2025-02-03 22:26:44,160] {example_kubernetes_executor.py:39} WARNING - The example_kubernetes_executor example DAG requires the kubernetes provider. Please install it with: pip install apache-airflow[cncf.kubernetes]
[2025-02-03 22:26:44,160] {processor.py:653} WARNING - No viable dags retrieved from /home/luan-capella/Documentos/curso_airflow/airflowalura/venv/lib/python3.9/site-packages/airflow/example_dags/example_kubernetes_executor.py
[2025-02-03 22:26:44,168] {processor.py:161} INFO - Processing /home/luan-capella/Documentos/curso_airflow/airflowalura/venv/lib/python3.9/site-packages/airflow/example_dags/example_kubernetes_executor.py took 0.028 seconds
[2025-02-03 22:27:21,392] {processor.py:153} INFO - Started process (PID=45263) to work on /home/luan-capella/Documentos/curso_airflow/airflowalura/venv/lib/python3.9/site-packages/airflow/example_dags/example_kubernetes_executor.py
[2025-02-03 22:27:21,410] {processor.py:641} INFO - Processing file /home/luan-capella/Documentos/curso_airflow/airflowalura/venv/lib/python3.9/site-packages/airflow/example_dags/example_kubernetes_executor.py for tasks to queue
[2025-02-03 22:27:21,411] {logging_mixin.py:115} INFO - [2025-02-03 22:27:21,411] {dagbag.py:507} INFO - Filling up the DagBag from /home/luan-capella/Documentos/curso_airflow/airflowalura/venv/lib/python3.9/site-packages/airflow/example_dags/example_kubernetes_executor.py
[2025-02-03 22:27:21,421] {logging_mixin.py:115} INFO - [2025-02-03 22:27:21,421] {example_kubernetes_executor.py:39} WARNING - The example_kubernetes_executor example DAG requires the kubernetes provider. Please install it with: pip install apache-airflow[cncf.kubernetes]
[2025-02-03 22:27:21,421] {processor.py:653} WARNING - No viable dags retrieved from /home/luan-capella/Documentos/curso_airflow/airflowalura/venv/lib/python3.9/site-packages/airflow/example_dags/example_kubernetes_executor.py
[2025-02-03 22:27:21,429] {processor.py:161} INFO - Processing /home/luan-capella/Documentos/curso_airflow/airflowalura/venv/lib/python3.9/site-packages/airflow/example_dags/example_kubernetes_executor.py took 0.040 seconds
[2025-02-03 22:27:58,682] {processor.py:153} INFO - Started process (PID=45443) to work on /home/luan-capella/Documentos/curso_airflow/airflowalura/venv/lib/python3.9/site-packages/airflow/example_dags/example_kubernetes_executor.py
[2025-02-03 22:27:58,683] {processor.py:641} INFO - Processing file /home/luan-capella/Documentos/curso_airflow/airflowalura/venv/lib/python3.9/site-packages/airflow/example_dags/example_kubernetes_executor.py for tasks to queue
[2025-02-03 22:27:58,684] {logging_mixin.py:115} INFO - [2025-02-03 22:27:58,683] {dagbag.py:507} INFO - Filling up the DagBag from /home/luan-capella/Documentos/curso_airflow/airflowalura/venv/lib/python3.9/site-packages/airflow/example_dags/example_kubernetes_executor.py
[2025-02-03 22:27:58,694] {logging_mixin.py:115} INFO - [2025-02-03 22:27:58,694] {example_kubernetes_executor.py:39} WARNING - The example_kubernetes_executor example DAG requires the kubernetes provider. Please install it with: pip install apache-airflow[cncf.kubernetes]
[2025-02-03 22:27:58,694] {processor.py:653} WARNING - No viable dags retrieved from /home/luan-capella/Documentos/curso_airflow/airflowalura/venv/lib/python3.9/site-packages/airflow/example_dags/example_kubernetes_executor.py
[2025-02-03 22:27:58,702] {processor.py:161} INFO - Processing /home/luan-capella/Documentos/curso_airflow/airflowalura/venv/lib/python3.9/site-packages/airflow/example_dags/example_kubernetes_executor.py took 0.022 seconds
