[2025-02-03 22:20:42,676] {processor.py:153} INFO - Started process (PID=42500) to work on /home/luan-capella/Documentos/curso_airflow/airflowalura/venv/lib/python3.9/site-packages/airflow/example_dags/example_latest_only.py
[2025-02-03 22:20:42,677] {processor.py:641} INFO - Processing file /home/luan-capella/Documentos/curso_airflow/airflowalura/venv/lib/python3.9/site-packages/airflow/example_dags/example_latest_only.py for tasks to queue
[2025-02-03 22:20:42,678] {logging_mixin.py:115} INFO - [2025-02-03 22:20:42,678] {dagbag.py:507} INFO - Filling up the DagBag from /home/luan-capella/Documentos/curso_airflow/airflowalura/venv/lib/python3.9/site-packages/airflow/example_dags/example_latest_only.py
[2025-02-03 22:20:42,685] {processor.py:651} INFO - DAG(s) dict_keys(['latest_only']) retrieved from /home/luan-capella/Documentos/curso_airflow/airflowalura/venv/lib/python3.9/site-packages/airflow/example_dags/example_latest_only.py
[2025-02-03 22:20:42,697] {logging_mixin.py:115} INFO - [2025-02-03 22:20:42,697] {dag.py:2379} INFO - Sync 1 DAGs
[2025-02-03 22:20:42,709] {logging_mixin.py:115} INFO - [2025-02-03 22:20:42,709] {dag.py:2927} INFO - Setting next_dagrun for latest_only to 2025-02-03T21:20:42.709033+00:00, run_after=2025-02-04T01:20:42.709033+00:00
[2025-02-03 22:20:42,720] {processor.py:161} INFO - Processing /home/luan-capella/Documentos/curso_airflow/airflowalura/venv/lib/python3.9/site-packages/airflow/example_dags/example_latest_only.py took 0.049 seconds
[2025-02-03 22:21:18,860] {processor.py:153} INFO - Started process (PID=42836) to work on /home/luan-capella/Documentos/curso_airflow/airflowalura/venv/lib/python3.9/site-packages/airflow/example_dags/example_latest_only.py
[2025-02-03 22:21:18,861] {processor.py:641} INFO - Processing file /home/luan-capella/Documentos/curso_airflow/airflowalura/venv/lib/python3.9/site-packages/airflow/example_dags/example_latest_only.py for tasks to queue
[2025-02-03 22:21:18,861] {logging_mixin.py:115} INFO - [2025-02-03 22:21:18,861] {dagbag.py:507} INFO - Filling up the DagBag from /home/luan-capella/Documentos/curso_airflow/airflowalura/venv/lib/python3.9/site-packages/airflow/example_dags/example_latest_only.py
[2025-02-03 22:21:18,870] {processor.py:651} INFO - DAG(s) dict_keys(['latest_only']) retrieved from /home/luan-capella/Documentos/curso_airflow/airflowalura/venv/lib/python3.9/site-packages/airflow/example_dags/example_latest_only.py
[2025-02-03 22:21:18,882] {logging_mixin.py:115} INFO - [2025-02-03 22:21:18,882] {dag.py:2379} INFO - Sync 1 DAGs
[2025-02-03 22:21:18,896] {logging_mixin.py:115} INFO - [2025-02-03 22:21:18,896] {dag.py:2927} INFO - Setting next_dagrun for latest_only to 2025-02-03T21:21:18.895968+00:00, run_after=2025-02-04T01:21:18.895968+00:00
[2025-02-03 22:21:18,908] {processor.py:161} INFO - Processing /home/luan-capella/Documentos/curso_airflow/airflowalura/venv/lib/python3.9/site-packages/airflow/example_dags/example_latest_only.py took 0.053 seconds
[2025-02-03 22:21:56,961] {processor.py:153} INFO - Started process (PID=43010) to work on /home/luan-capella/Documentos/curso_airflow/airflowalura/venv/lib/python3.9/site-packages/airflow/example_dags/example_latest_only.py
[2025-02-03 22:21:56,962] {processor.py:641} INFO - Processing file /home/luan-capella/Documentos/curso_airflow/airflowalura/venv/lib/python3.9/site-packages/airflow/example_dags/example_latest_only.py for tasks to queue
[2025-02-03 22:21:56,962] {logging_mixin.py:115} INFO - [2025-02-03 22:21:56,962] {dagbag.py:507} INFO - Filling up the DagBag from /home/luan-capella/Documentos/curso_airflow/airflowalura/venv/lib/python3.9/site-packages/airflow/example_dags/example_latest_only.py
[2025-02-03 22:21:56,967] {processor.py:651} INFO - DAG(s) dict_keys(['latest_only']) retrieved from /home/luan-capella/Documentos/curso_airflow/airflowalura/venv/lib/python3.9/site-packages/airflow/example_dags/example_latest_only.py
[2025-02-03 22:21:56,980] {logging_mixin.py:115} INFO - [2025-02-03 22:21:56,980] {dag.py:2379} INFO - Sync 1 DAGs
[2025-02-03 22:21:56,995] {logging_mixin.py:115} INFO - [2025-02-03 22:21:56,995] {dag.py:2927} INFO - Setting next_dagrun for latest_only to 2025-02-03T21:21:56.994919+00:00, run_after=2025-02-04T01:21:56.994919+00:00
[2025-02-03 22:21:57,008] {processor.py:161} INFO - Processing /home/luan-capella/Documentos/curso_airflow/airflowalura/venv/lib/python3.9/site-packages/airflow/example_dags/example_latest_only.py took 0.050 seconds
[2025-02-03 22:22:35,427] {processor.py:153} INFO - Started process (PID=43181) to work on /home/luan-capella/Documentos/curso_airflow/airflowalura/venv/lib/python3.9/site-packages/airflow/example_dags/example_latest_only.py
[2025-02-03 22:22:35,428] {processor.py:641} INFO - Processing file /home/luan-capella/Documentos/curso_airflow/airflowalura/venv/lib/python3.9/site-packages/airflow/example_dags/example_latest_only.py for tasks to queue
[2025-02-03 22:22:35,429] {logging_mixin.py:115} INFO - [2025-02-03 22:22:35,429] {dagbag.py:507} INFO - Filling up the DagBag from /home/luan-capella/Documentos/curso_airflow/airflowalura/venv/lib/python3.9/site-packages/airflow/example_dags/example_latest_only.py
[2025-02-03 22:22:35,435] {processor.py:651} INFO - DAG(s) dict_keys(['latest_only']) retrieved from /home/luan-capella/Documentos/curso_airflow/airflowalura/venv/lib/python3.9/site-packages/airflow/example_dags/example_latest_only.py
[2025-02-03 22:22:35,448] {logging_mixin.py:115} INFO - [2025-02-03 22:22:35,447] {dag.py:2379} INFO - Sync 1 DAGs
[2025-02-03 22:22:35,460] {logging_mixin.py:115} INFO - [2025-02-03 22:22:35,460] {dag.py:2927} INFO - Setting next_dagrun for latest_only to 2025-02-03T21:22:35.460664+00:00, run_after=2025-02-04T01:22:35.460664+00:00
[2025-02-03 22:22:35,472] {processor.py:161} INFO - Processing /home/luan-capella/Documentos/curso_airflow/airflowalura/venv/lib/python3.9/site-packages/airflow/example_dags/example_latest_only.py took 0.050 seconds
[2025-02-03 22:23:10,423] {processor.py:153} INFO - Started process (PID=43408) to work on /home/luan-capella/Documentos/curso_airflow/airflowalura/venv/lib/python3.9/site-packages/airflow/example_dags/example_latest_only.py
[2025-02-03 22:23:10,425] {processor.py:641} INFO - Processing file /home/luan-capella/Documentos/curso_airflow/airflowalura/venv/lib/python3.9/site-packages/airflow/example_dags/example_latest_only.py for tasks to queue
[2025-02-03 22:23:10,425] {logging_mixin.py:115} INFO - [2025-02-03 22:23:10,425] {dagbag.py:507} INFO - Filling up the DagBag from /home/luan-capella/Documentos/curso_airflow/airflowalura/venv/lib/python3.9/site-packages/airflow/example_dags/example_latest_only.py
[2025-02-03 22:23:10,431] {processor.py:651} INFO - DAG(s) dict_keys(['latest_only']) retrieved from /home/luan-capella/Documentos/curso_airflow/airflowalura/venv/lib/python3.9/site-packages/airflow/example_dags/example_latest_only.py
[2025-02-03 22:23:10,443] {logging_mixin.py:115} INFO - [2025-02-03 22:23:10,443] {dag.py:2379} INFO - Sync 1 DAGs
[2025-02-03 22:23:10,456] {logging_mixin.py:115} INFO - [2025-02-03 22:23:10,456] {dag.py:2927} INFO - Setting next_dagrun for latest_only to 2025-02-03T21:23:10.456242+00:00, run_after=2025-02-04T01:23:10.456242+00:00
[2025-02-03 22:23:10,468] {processor.py:161} INFO - Processing /home/luan-capella/Documentos/curso_airflow/airflowalura/venv/lib/python3.9/site-packages/airflow/example_dags/example_latest_only.py took 0.050 seconds
[2025-02-03 22:23:46,494] {processor.py:153} INFO - Started process (PID=43636) to work on /home/luan-capella/Documentos/curso_airflow/airflowalura/venv/lib/python3.9/site-packages/airflow/example_dags/example_latest_only.py
[2025-02-03 22:23:46,495] {processor.py:641} INFO - Processing file /home/luan-capella/Documentos/curso_airflow/airflowalura/venv/lib/python3.9/site-packages/airflow/example_dags/example_latest_only.py for tasks to queue
[2025-02-03 22:23:46,496] {logging_mixin.py:115} INFO - [2025-02-03 22:23:46,496] {dagbag.py:507} INFO - Filling up the DagBag from /home/luan-capella/Documentos/curso_airflow/airflowalura/venv/lib/python3.9/site-packages/airflow/example_dags/example_latest_only.py
[2025-02-03 22:23:46,502] {processor.py:651} INFO - DAG(s) dict_keys(['latest_only']) retrieved from /home/luan-capella/Documentos/curso_airflow/airflowalura/venv/lib/python3.9/site-packages/airflow/example_dags/example_latest_only.py
[2025-02-03 22:23:46,514] {logging_mixin.py:115} INFO - [2025-02-03 22:23:46,514] {dag.py:2379} INFO - Sync 1 DAGs
[2025-02-03 22:23:46,526] {logging_mixin.py:115} INFO - [2025-02-03 22:23:46,526] {dag.py:2927} INFO - Setting next_dagrun for latest_only to 2025-02-03T21:23:46.526238+00:00, run_after=2025-02-04T01:23:46.526238+00:00
[2025-02-03 22:23:46,539] {processor.py:161} INFO - Processing /home/luan-capella/Documentos/curso_airflow/airflowalura/venv/lib/python3.9/site-packages/airflow/example_dags/example_latest_only.py took 0.050 seconds
[2025-02-03 22:24:55,694] {processor.py:153} INFO - Started process (PID=44272) to work on /home/luan-capella/Documentos/curso_airflow/airflowalura/venv/lib/python3.9/site-packages/airflow/example_dags/example_latest_only.py
[2025-02-03 22:24:55,696] {processor.py:641} INFO - Processing file /home/luan-capella/Documentos/curso_airflow/airflowalura/venv/lib/python3.9/site-packages/airflow/example_dags/example_latest_only.py for tasks to queue
[2025-02-03 22:24:55,697] {logging_mixin.py:115} INFO - [2025-02-03 22:24:55,696] {dagbag.py:507} INFO - Filling up the DagBag from /home/luan-capella/Documentos/curso_airflow/airflowalura/venv/lib/python3.9/site-packages/airflow/example_dags/example_latest_only.py
[2025-02-03 22:24:55,702] {processor.py:651} INFO - DAG(s) dict_keys(['latest_only']) retrieved from /home/luan-capella/Documentos/curso_airflow/airflowalura/venv/lib/python3.9/site-packages/airflow/example_dags/example_latest_only.py
[2025-02-03 22:24:55,719] {logging_mixin.py:115} INFO - [2025-02-03 22:24:55,719] {dag.py:2379} INFO - Sync 1 DAGs
[2025-02-03 22:24:55,735] {logging_mixin.py:115} INFO - [2025-02-03 22:24:55,735] {dag.py:2927} INFO - Setting next_dagrun for latest_only to 2025-02-03T21:24:55.735235+00:00, run_after=2025-02-04T01:24:55.735235+00:00
[2025-02-03 22:24:55,749] {processor.py:161} INFO - Processing /home/luan-capella/Documentos/curso_airflow/airflowalura/venv/lib/python3.9/site-packages/airflow/example_dags/example_latest_only.py took 0.059 seconds
[2025-02-03 22:25:31,949] {processor.py:153} INFO - Started process (PID=44621) to work on /home/luan-capella/Documentos/curso_airflow/airflowalura/venv/lib/python3.9/site-packages/airflow/example_dags/example_latest_only.py
[2025-02-03 22:25:31,950] {processor.py:641} INFO - Processing file /home/luan-capella/Documentos/curso_airflow/airflowalura/venv/lib/python3.9/site-packages/airflow/example_dags/example_latest_only.py for tasks to queue
[2025-02-03 22:25:31,951] {logging_mixin.py:115} INFO - [2025-02-03 22:25:31,950] {dagbag.py:507} INFO - Filling up the DagBag from /home/luan-capella/Documentos/curso_airflow/airflowalura/venv/lib/python3.9/site-packages/airflow/example_dags/example_latest_only.py
[2025-02-03 22:25:31,957] {processor.py:651} INFO - DAG(s) dict_keys(['latest_only']) retrieved from /home/luan-capella/Documentos/curso_airflow/airflowalura/venv/lib/python3.9/site-packages/airflow/example_dags/example_latest_only.py
[2025-02-03 22:25:31,969] {logging_mixin.py:115} INFO - [2025-02-03 22:25:31,968] {dag.py:2379} INFO - Sync 1 DAGs
[2025-02-03 22:25:31,980] {logging_mixin.py:115} INFO - [2025-02-03 22:25:31,980] {dag.py:2927} INFO - Setting next_dagrun for latest_only to 2025-02-03T21:25:31.980586+00:00, run_after=2025-02-04T01:25:31.980586+00:00
[2025-02-03 22:25:32,003] {processor.py:161} INFO - Processing /home/luan-capella/Documentos/curso_airflow/airflowalura/venv/lib/python3.9/site-packages/airflow/example_dags/example_latest_only.py took 0.059 seconds
[2025-02-03 22:26:08,023] {processor.py:153} INFO - Started process (PID=44851) to work on /home/luan-capella/Documentos/curso_airflow/airflowalura/venv/lib/python3.9/site-packages/airflow/example_dags/example_latest_only.py
[2025-02-03 22:26:08,025] {processor.py:641} INFO - Processing file /home/luan-capella/Documentos/curso_airflow/airflowalura/venv/lib/python3.9/site-packages/airflow/example_dags/example_latest_only.py for tasks to queue
[2025-02-03 22:26:08,026] {logging_mixin.py:115} INFO - [2025-02-03 22:26:08,025] {dagbag.py:507} INFO - Filling up the DagBag from /home/luan-capella/Documentos/curso_airflow/airflowalura/venv/lib/python3.9/site-packages/airflow/example_dags/example_latest_only.py
[2025-02-03 22:26:08,031] {processor.py:651} INFO - DAG(s) dict_keys(['latest_only']) retrieved from /home/luan-capella/Documentos/curso_airflow/airflowalura/venv/lib/python3.9/site-packages/airflow/example_dags/example_latest_only.py
[2025-02-03 22:26:08,044] {logging_mixin.py:115} INFO - [2025-02-03 22:26:08,044] {dag.py:2379} INFO - Sync 1 DAGs
[2025-02-03 22:26:08,058] {logging_mixin.py:115} INFO - [2025-02-03 22:26:08,058] {dag.py:2927} INFO - Setting next_dagrun for latest_only to 2025-02-03T21:26:08.058153+00:00, run_after=2025-02-04T01:26:08.058153+00:00
[2025-02-03 22:26:08,074] {processor.py:161} INFO - Processing /home/luan-capella/Documentos/curso_airflow/airflowalura/venv/lib/python3.9/site-packages/airflow/example_dags/example_latest_only.py took 0.056 seconds
[2025-02-03 22:26:47,497] {processor.py:153} INFO - Started process (PID=45093) to work on /home/luan-capella/Documentos/curso_airflow/airflowalura/venv/lib/python3.9/site-packages/airflow/example_dags/example_latest_only.py
[2025-02-03 22:26:47,498] {processor.py:641} INFO - Processing file /home/luan-capella/Documentos/curso_airflow/airflowalura/venv/lib/python3.9/site-packages/airflow/example_dags/example_latest_only.py for tasks to queue
[2025-02-03 22:26:47,498] {logging_mixin.py:115} INFO - [2025-02-03 22:26:47,498] {dagbag.py:507} INFO - Filling up the DagBag from /home/luan-capella/Documentos/curso_airflow/airflowalura/venv/lib/python3.9/site-packages/airflow/example_dags/example_latest_only.py
[2025-02-03 22:26:47,502] {processor.py:651} INFO - DAG(s) dict_keys(['latest_only']) retrieved from /home/luan-capella/Documentos/curso_airflow/airflowalura/venv/lib/python3.9/site-packages/airflow/example_dags/example_latest_only.py
[2025-02-03 22:26:47,514] {logging_mixin.py:115} INFO - [2025-02-03 22:26:47,514] {dag.py:2379} INFO - Sync 1 DAGs
[2025-02-03 22:26:47,529] {logging_mixin.py:115} INFO - [2025-02-03 22:26:47,529] {dag.py:2927} INFO - Setting next_dagrun for latest_only to 2025-02-03T21:26:47.529183+00:00, run_after=2025-02-04T01:26:47.529183+00:00
[2025-02-03 22:26:47,541] {processor.py:161} INFO - Processing /home/luan-capella/Documentos/curso_airflow/airflowalura/venv/lib/python3.9/site-packages/airflow/example_dags/example_latest_only.py took 0.048 seconds
[2025-02-03 22:27:23,898] {processor.py:153} INFO - Started process (PID=45280) to work on /home/luan-capella/Documentos/curso_airflow/airflowalura/venv/lib/python3.9/site-packages/airflow/example_dags/example_latest_only.py
[2025-02-03 22:27:23,899] {processor.py:641} INFO - Processing file /home/luan-capella/Documentos/curso_airflow/airflowalura/venv/lib/python3.9/site-packages/airflow/example_dags/example_latest_only.py for tasks to queue
[2025-02-03 22:27:23,900] {logging_mixin.py:115} INFO - [2025-02-03 22:27:23,900] {dagbag.py:507} INFO - Filling up the DagBag from /home/luan-capella/Documentos/curso_airflow/airflowalura/venv/lib/python3.9/site-packages/airflow/example_dags/example_latest_only.py
[2025-02-03 22:27:23,909] {processor.py:651} INFO - DAG(s) dict_keys(['latest_only']) retrieved from /home/luan-capella/Documentos/curso_airflow/airflowalura/venv/lib/python3.9/site-packages/airflow/example_dags/example_latest_only.py
[2025-02-03 22:27:23,921] {logging_mixin.py:115} INFO - [2025-02-03 22:27:23,921] {dag.py:2379} INFO - Sync 1 DAGs
[2025-02-03 22:27:23,934] {logging_mixin.py:115} INFO - [2025-02-03 22:27:23,934] {dag.py:2927} INFO - Setting next_dagrun for latest_only to 2025-02-03T21:27:23.934566+00:00, run_after=2025-02-04T01:27:23.934566+00:00
[2025-02-03 22:27:23,946] {processor.py:161} INFO - Processing /home/luan-capella/Documentos/curso_airflow/airflowalura/venv/lib/python3.9/site-packages/airflow/example_dags/example_latest_only.py took 0.053 seconds
[2025-02-03 22:28:02,042] {processor.py:153} INFO - Started process (PID=45460) to work on /home/luan-capella/Documentos/curso_airflow/airflowalura/venv/lib/python3.9/site-packages/airflow/example_dags/example_latest_only.py
[2025-02-03 22:28:02,043] {processor.py:641} INFO - Processing file /home/luan-capella/Documentos/curso_airflow/airflowalura/venv/lib/python3.9/site-packages/airflow/example_dags/example_latest_only.py for tasks to queue
[2025-02-03 22:28:02,044] {logging_mixin.py:115} INFO - [2025-02-03 22:28:02,043] {dagbag.py:507} INFO - Filling up the DagBag from /home/luan-capella/Documentos/curso_airflow/airflowalura/venv/lib/python3.9/site-packages/airflow/example_dags/example_latest_only.py
[2025-02-03 22:28:02,050] {processor.py:651} INFO - DAG(s) dict_keys(['latest_only']) retrieved from /home/luan-capella/Documentos/curso_airflow/airflowalura/venv/lib/python3.9/site-packages/airflow/example_dags/example_latest_only.py
[2025-02-03 22:28:02,062] {logging_mixin.py:115} INFO - [2025-02-03 22:28:02,062] {dag.py:2379} INFO - Sync 1 DAGs
[2025-02-03 22:28:02,074] {logging_mixin.py:115} INFO - [2025-02-03 22:28:02,074] {dag.py:2927} INFO - Setting next_dagrun for latest_only to 2025-02-03T21:28:02.073922+00:00, run_after=2025-02-04T01:28:02.073922+00:00
[2025-02-03 22:28:02,084] {processor.py:161} INFO - Processing /home/luan-capella/Documentos/curso_airflow/airflowalura/venv/lib/python3.9/site-packages/airflow/example_dags/example_latest_only.py took 0.047 seconds
