[2025-02-03 22:20:07,146] {processor.py:153} INFO - Started process (PID=41787) to work on /home/luan-capella/Documentos/curso_airflow/airflowalura/venv/lib/python3.9/site-packages/airflow/example_dags/example_task_group_decorator.py
[2025-02-03 22:20:07,149] {processor.py:641} INFO - Processing file /home/luan-capella/Documentos/curso_airflow/airflowalura/venv/lib/python3.9/site-packages/airflow/example_dags/example_task_group_decorator.py for tasks to queue
[2025-02-03 22:20:07,150] {logging_mixin.py:115} INFO - [2025-02-03 22:20:07,150] {dagbag.py:507} INFO - Filling up the DagBag from /home/luan-capella/Documentos/curso_airflow/airflowalura/venv/lib/python3.9/site-packages/airflow/example_dags/example_task_group_decorator.py
[2025-02-03 22:20:07,173] {processor.py:651} INFO - DAG(s) dict_keys(['example_task_group_decorator']) retrieved from /home/luan-capella/Documentos/curso_airflow/airflowalura/venv/lib/python3.9/site-packages/airflow/example_dags/example_task_group_decorator.py
[2025-02-03 22:20:07,208] {logging_mixin.py:115} INFO - [2025-02-03 22:20:07,208] {dag.py:2379} INFO - Sync 1 DAGs
[2025-02-03 22:20:07,219] {logging_mixin.py:115} INFO - [2025-02-03 22:20:07,219] {dag.py:2927} INFO - Setting next_dagrun for example_task_group_decorator to 2025-02-03T01:20:07.219637+00:00, run_after=2025-02-04T01:20:07.219637+00:00
[2025-02-03 22:20:07,236] {processor.py:161} INFO - Processing /home/luan-capella/Documentos/curso_airflow/airflowalura/venv/lib/python3.9/site-packages/airflow/example_dags/example_task_group_decorator.py took 0.095 seconds
[2025-02-03 22:21:05,206] {processor.py:153} INFO - Started process (PID=42729) to work on /home/luan-capella/Documentos/curso_airflow/airflowalura/venv/lib/python3.9/site-packages/airflow/example_dags/example_task_group_decorator.py
[2025-02-03 22:21:05,207] {processor.py:641} INFO - Processing file /home/luan-capella/Documentos/curso_airflow/airflowalura/venv/lib/python3.9/site-packages/airflow/example_dags/example_task_group_decorator.py for tasks to queue
[2025-02-03 22:21:05,208] {logging_mixin.py:115} INFO - [2025-02-03 22:21:05,208] {dagbag.py:507} INFO - Filling up the DagBag from /home/luan-capella/Documentos/curso_airflow/airflowalura/venv/lib/python3.9/site-packages/airflow/example_dags/example_task_group_decorator.py
[2025-02-03 22:21:05,228] {processor.py:651} INFO - DAG(s) dict_keys(['example_task_group_decorator']) retrieved from /home/luan-capella/Documentos/curso_airflow/airflowalura/venv/lib/python3.9/site-packages/airflow/example_dags/example_task_group_decorator.py
[2025-02-03 22:21:05,269] {logging_mixin.py:115} INFO - [2025-02-03 22:21:05,269] {dag.py:2379} INFO - Sync 1 DAGs
[2025-02-03 22:21:05,282] {logging_mixin.py:115} INFO - [2025-02-03 22:21:05,282] {dag.py:2927} INFO - Setting next_dagrun for example_task_group_decorator to 2025-02-03T01:21:05.281759+00:00, run_after=2025-02-04T01:21:05.281759+00:00
[2025-02-03 22:21:05,296] {processor.py:161} INFO - Processing /home/luan-capella/Documentos/curso_airflow/airflowalura/venv/lib/python3.9/site-packages/airflow/example_dags/example_task_group_decorator.py took 0.095 seconds
[2025-02-03 22:21:42,969] {processor.py:153} INFO - Started process (PID=42940) to work on /home/luan-capella/Documentos/curso_airflow/airflowalura/venv/lib/python3.9/site-packages/airflow/example_dags/example_task_group_decorator.py
[2025-02-03 22:21:42,970] {processor.py:641} INFO - Processing file /home/luan-capella/Documentos/curso_airflow/airflowalura/venv/lib/python3.9/site-packages/airflow/example_dags/example_task_group_decorator.py for tasks to queue
[2025-02-03 22:21:42,971] {logging_mixin.py:115} INFO - [2025-02-03 22:21:42,971] {dagbag.py:507} INFO - Filling up the DagBag from /home/luan-capella/Documentos/curso_airflow/airflowalura/venv/lib/python3.9/site-packages/airflow/example_dags/example_task_group_decorator.py
[2025-02-03 22:21:42,992] {processor.py:651} INFO - DAG(s) dict_keys(['example_task_group_decorator']) retrieved from /home/luan-capella/Documentos/curso_airflow/airflowalura/venv/lib/python3.9/site-packages/airflow/example_dags/example_task_group_decorator.py
[2025-02-03 22:21:43,025] {logging_mixin.py:115} INFO - [2025-02-03 22:21:43,025] {dag.py:2379} INFO - Sync 1 DAGs
[2025-02-03 22:21:43,036] {logging_mixin.py:115} INFO - [2025-02-03 22:21:43,036] {dag.py:2927} INFO - Setting next_dagrun for example_task_group_decorator to 2025-02-03T01:21:43.035842+00:00, run_after=2025-02-04T01:21:43.035842+00:00
[2025-02-03 22:21:43,048] {processor.py:161} INFO - Processing /home/luan-capella/Documentos/curso_airflow/airflowalura/venv/lib/python3.9/site-packages/airflow/example_dags/example_task_group_decorator.py took 0.083 seconds
[2025-02-03 22:22:20,069] {processor.py:153} INFO - Started process (PID=43106) to work on /home/luan-capella/Documentos/curso_airflow/airflowalura/venv/lib/python3.9/site-packages/airflow/example_dags/example_task_group_decorator.py
[2025-02-03 22:22:20,070] {processor.py:641} INFO - Processing file /home/luan-capella/Documentos/curso_airflow/airflowalura/venv/lib/python3.9/site-packages/airflow/example_dags/example_task_group_decorator.py for tasks to queue
[2025-02-03 22:22:20,071] {logging_mixin.py:115} INFO - [2025-02-03 22:22:20,071] {dagbag.py:507} INFO - Filling up the DagBag from /home/luan-capella/Documentos/curso_airflow/airflowalura/venv/lib/python3.9/site-packages/airflow/example_dags/example_task_group_decorator.py
[2025-02-03 22:22:20,091] {processor.py:651} INFO - DAG(s) dict_keys(['example_task_group_decorator']) retrieved from /home/luan-capella/Documentos/curso_airflow/airflowalura/venv/lib/python3.9/site-packages/airflow/example_dags/example_task_group_decorator.py
[2025-02-03 22:22:20,104] {logging_mixin.py:115} INFO - [2025-02-03 22:22:20,104] {dag.py:2379} INFO - Sync 1 DAGs
[2025-02-03 22:22:20,117] {logging_mixin.py:115} INFO - [2025-02-03 22:22:20,117] {dag.py:2927} INFO - Setting next_dagrun for example_task_group_decorator to 2025-02-03T01:22:20.117261+00:00, run_after=2025-02-04T01:22:20.117261+00:00
[2025-02-03 22:22:20,128] {processor.py:161} INFO - Processing /home/luan-capella/Documentos/curso_airflow/airflowalura/venv/lib/python3.9/site-packages/airflow/example_dags/example_task_group_decorator.py took 0.063 seconds
[2025-02-03 22:22:56,102] {processor.py:153} INFO - Started process (PID=43286) to work on /home/luan-capella/Documentos/curso_airflow/airflowalura/venv/lib/python3.9/site-packages/airflow/example_dags/example_task_group_decorator.py
[2025-02-03 22:22:56,103] {processor.py:641} INFO - Processing file /home/luan-capella/Documentos/curso_airflow/airflowalura/venv/lib/python3.9/site-packages/airflow/example_dags/example_task_group_decorator.py for tasks to queue
[2025-02-03 22:22:56,104] {logging_mixin.py:115} INFO - [2025-02-03 22:22:56,104] {dagbag.py:507} INFO - Filling up the DagBag from /home/luan-capella/Documentos/curso_airflow/airflowalura/venv/lib/python3.9/site-packages/airflow/example_dags/example_task_group_decorator.py
[2025-02-03 22:22:56,125] {processor.py:651} INFO - DAG(s) dict_keys(['example_task_group_decorator']) retrieved from /home/luan-capella/Documentos/curso_airflow/airflowalura/venv/lib/python3.9/site-packages/airflow/example_dags/example_task_group_decorator.py
[2025-02-03 22:22:56,158] {logging_mixin.py:115} INFO - [2025-02-03 22:22:56,158] {dag.py:2379} INFO - Sync 1 DAGs
[2025-02-03 22:22:56,169] {logging_mixin.py:115} INFO - [2025-02-03 22:22:56,169] {dag.py:2927} INFO - Setting next_dagrun for example_task_group_decorator to 2025-02-03T01:22:56.168864+00:00, run_after=2025-02-04T01:22:56.168864+00:00
[2025-02-03 22:22:56,181] {processor.py:161} INFO - Processing /home/luan-capella/Documentos/curso_airflow/airflowalura/venv/lib/python3.9/site-packages/airflow/example_dags/example_task_group_decorator.py took 0.084 seconds
[2025-02-03 22:23:32,151] {processor.py:153} INFO - Started process (PID=43570) to work on /home/luan-capella/Documentos/curso_airflow/airflowalura/venv/lib/python3.9/site-packages/airflow/example_dags/example_task_group_decorator.py
[2025-02-03 22:23:32,152] {processor.py:641} INFO - Processing file /home/luan-capella/Documentos/curso_airflow/airflowalura/venv/lib/python3.9/site-packages/airflow/example_dags/example_task_group_decorator.py for tasks to queue
[2025-02-03 22:23:32,153] {logging_mixin.py:115} INFO - [2025-02-03 22:23:32,153] {dagbag.py:507} INFO - Filling up the DagBag from /home/luan-capella/Documentos/curso_airflow/airflowalura/venv/lib/python3.9/site-packages/airflow/example_dags/example_task_group_decorator.py
[2025-02-03 22:23:32,173] {processor.py:651} INFO - DAG(s) dict_keys(['example_task_group_decorator']) retrieved from /home/luan-capella/Documentos/curso_airflow/airflowalura/venv/lib/python3.9/site-packages/airflow/example_dags/example_task_group_decorator.py
[2025-02-03 22:23:32,186] {logging_mixin.py:115} INFO - [2025-02-03 22:23:32,186] {dag.py:2379} INFO - Sync 1 DAGs
[2025-02-03 22:23:32,199] {logging_mixin.py:115} INFO - [2025-02-03 22:23:32,199] {dag.py:2927} INFO - Setting next_dagrun for example_task_group_decorator to 2025-02-03T01:23:32.199359+00:00, run_after=2025-02-04T01:23:32.199359+00:00
[2025-02-03 22:23:32,211] {processor.py:161} INFO - Processing /home/luan-capella/Documentos/curso_airflow/airflowalura/venv/lib/python3.9/site-packages/airflow/example_dags/example_task_group_decorator.py took 0.065 seconds
[2025-02-03 22:24:07,583] {processor.py:153} INFO - Started process (PID=43723) to work on /home/luan-capella/Documentos/curso_airflow/airflowalura/venv/lib/python3.9/site-packages/airflow/example_dags/example_task_group_decorator.py
[2025-02-03 22:24:07,583] {processor.py:641} INFO - Processing file /home/luan-capella/Documentos/curso_airflow/airflowalura/venv/lib/python3.9/site-packages/airflow/example_dags/example_task_group_decorator.py for tasks to queue
[2025-02-03 22:24:07,584] {logging_mixin.py:115} INFO - [2025-02-03 22:24:07,584] {dagbag.py:507} INFO - Filling up the DagBag from /home/luan-capella/Documentos/curso_airflow/airflowalura/venv/lib/python3.9/site-packages/airflow/example_dags/example_task_group_decorator.py
[2025-02-03 22:24:07,604] {processor.py:651} INFO - DAG(s) dict_keys(['example_task_group_decorator']) retrieved from /home/luan-capella/Documentos/curso_airflow/airflowalura/venv/lib/python3.9/site-packages/airflow/example_dags/example_task_group_decorator.py
[2025-02-03 22:24:07,638] {logging_mixin.py:115} INFO - [2025-02-03 22:24:07,638] {dag.py:2379} INFO - Sync 1 DAGs
[2025-02-03 22:24:07,649] {logging_mixin.py:115} INFO - [2025-02-03 22:24:07,648] {dag.py:2927} INFO - Setting next_dagrun for example_task_group_decorator to 2025-02-03T01:24:07.648716+00:00, run_after=2025-02-04T01:24:07.648716+00:00
[2025-02-03 22:24:07,661] {processor.py:161} INFO - Processing /home/luan-capella/Documentos/curso_airflow/airflowalura/venv/lib/python3.9/site-packages/airflow/example_dags/example_task_group_decorator.py took 0.081 seconds
[2025-02-03 22:24:43,674] {processor.py:153} INFO - Started process (PID=44109) to work on /home/luan-capella/Documentos/curso_airflow/airflowalura/venv/lib/python3.9/site-packages/airflow/example_dags/example_task_group_decorator.py
[2025-02-03 22:24:43,675] {processor.py:641} INFO - Processing file /home/luan-capella/Documentos/curso_airflow/airflowalura/venv/lib/python3.9/site-packages/airflow/example_dags/example_task_group_decorator.py for tasks to queue
[2025-02-03 22:24:43,676] {logging_mixin.py:115} INFO - [2025-02-03 22:24:43,676] {dagbag.py:507} INFO - Filling up the DagBag from /home/luan-capella/Documentos/curso_airflow/airflowalura/venv/lib/python3.9/site-packages/airflow/example_dags/example_task_group_decorator.py
[2025-02-03 22:24:43,697] {processor.py:651} INFO - DAG(s) dict_keys(['example_task_group_decorator']) retrieved from /home/luan-capella/Documentos/curso_airflow/airflowalura/venv/lib/python3.9/site-packages/airflow/example_dags/example_task_group_decorator.py
[2025-02-03 22:24:43,730] {logging_mixin.py:115} INFO - [2025-02-03 22:24:43,730] {dag.py:2379} INFO - Sync 1 DAGs
[2025-02-03 22:24:43,741] {logging_mixin.py:115} INFO - [2025-02-03 22:24:43,740] {dag.py:2927} INFO - Setting next_dagrun for example_task_group_decorator to 2025-02-03T01:24:43.740688+00:00, run_after=2025-02-04T01:24:43.740688+00:00
[2025-02-03 22:24:43,753] {processor.py:161} INFO - Processing /home/luan-capella/Documentos/curso_airflow/airflowalura/venv/lib/python3.9/site-packages/airflow/example_dags/example_task_group_decorator.py took 0.084 seconds
[2025-02-03 22:25:18,741] {processor.py:153} INFO - Started process (PID=44542) to work on /home/luan-capella/Documentos/curso_airflow/airflowalura/venv/lib/python3.9/site-packages/airflow/example_dags/example_task_group_decorator.py
[2025-02-03 22:25:18,742] {processor.py:641} INFO - Processing file /home/luan-capella/Documentos/curso_airflow/airflowalura/venv/lib/python3.9/site-packages/airflow/example_dags/example_task_group_decorator.py for tasks to queue
[2025-02-03 22:25:18,742] {logging_mixin.py:115} INFO - [2025-02-03 22:25:18,742] {dagbag.py:507} INFO - Filling up the DagBag from /home/luan-capella/Documentos/curso_airflow/airflowalura/venv/lib/python3.9/site-packages/airflow/example_dags/example_task_group_decorator.py
[2025-02-03 22:25:18,761] {processor.py:651} INFO - DAG(s) dict_keys(['example_task_group_decorator']) retrieved from /home/luan-capella/Documentos/curso_airflow/airflowalura/venv/lib/python3.9/site-packages/airflow/example_dags/example_task_group_decorator.py
[2025-02-03 22:25:18,799] {logging_mixin.py:115} INFO - [2025-02-03 22:25:18,799] {dag.py:2379} INFO - Sync 1 DAGs
[2025-02-03 22:25:18,812] {logging_mixin.py:115} INFO - [2025-02-03 22:25:18,811] {dag.py:2927} INFO - Setting next_dagrun for example_task_group_decorator to 2025-02-03T01:25:18.811768+00:00, run_after=2025-02-04T01:25:18.811768+00:00
[2025-02-03 22:25:18,831] {processor.py:161} INFO - Processing /home/luan-capella/Documentos/curso_airflow/airflowalura/venv/lib/python3.9/site-packages/airflow/example_dags/example_task_group_decorator.py took 0.092 seconds
[2025-02-03 22:25:54,825] {processor.py:153} INFO - Started process (PID=44732) to work on /home/luan-capella/Documentos/curso_airflow/airflowalura/venv/lib/python3.9/site-packages/airflow/example_dags/example_task_group_decorator.py
[2025-02-03 22:25:54,826] {processor.py:641} INFO - Processing file /home/luan-capella/Documentos/curso_airflow/airflowalura/venv/lib/python3.9/site-packages/airflow/example_dags/example_task_group_decorator.py for tasks to queue
[2025-02-03 22:25:54,827] {logging_mixin.py:115} INFO - [2025-02-03 22:25:54,827] {dagbag.py:507} INFO - Filling up the DagBag from /home/luan-capella/Documentos/curso_airflow/airflowalura/venv/lib/python3.9/site-packages/airflow/example_dags/example_task_group_decorator.py
[2025-02-03 22:25:54,849] {processor.py:651} INFO - DAG(s) dict_keys(['example_task_group_decorator']) retrieved from /home/luan-capella/Documentos/curso_airflow/airflowalura/venv/lib/python3.9/site-packages/airflow/example_dags/example_task_group_decorator.py
[2025-02-03 22:25:54,862] {logging_mixin.py:115} INFO - [2025-02-03 22:25:54,862] {dag.py:2379} INFO - Sync 1 DAGs
[2025-02-03 22:25:54,876] {logging_mixin.py:115} INFO - [2025-02-03 22:25:54,876] {dag.py:2927} INFO - Setting next_dagrun for example_task_group_decorator to 2025-02-03T01:25:54.875785+00:00, run_after=2025-02-04T01:25:54.875785+00:00
[2025-02-03 22:25:54,888] {processor.py:161} INFO - Processing /home/luan-capella/Documentos/curso_airflow/airflowalura/venv/lib/python3.9/site-packages/airflow/example_dags/example_task_group_decorator.py took 0.068 seconds
[2025-02-03 22:26:31,193] {processor.py:153} INFO - Started process (PID=45022) to work on /home/luan-capella/Documentos/curso_airflow/airflowalura/venv/lib/python3.9/site-packages/airflow/example_dags/example_task_group_decorator.py
[2025-02-03 22:26:31,193] {processor.py:641} INFO - Processing file /home/luan-capella/Documentos/curso_airflow/airflowalura/venv/lib/python3.9/site-packages/airflow/example_dags/example_task_group_decorator.py for tasks to queue
[2025-02-03 22:26:31,194] {logging_mixin.py:115} INFO - [2025-02-03 22:26:31,194] {dagbag.py:507} INFO - Filling up the DagBag from /home/luan-capella/Documentos/curso_airflow/airflowalura/venv/lib/python3.9/site-packages/airflow/example_dags/example_task_group_decorator.py
[2025-02-03 22:26:31,212] {processor.py:651} INFO - DAG(s) dict_keys(['example_task_group_decorator']) retrieved from /home/luan-capella/Documentos/curso_airflow/airflowalura/venv/lib/python3.9/site-packages/airflow/example_dags/example_task_group_decorator.py
[2025-02-03 22:26:31,246] {logging_mixin.py:115} INFO - [2025-02-03 22:26:31,246] {dag.py:2379} INFO - Sync 1 DAGs
[2025-02-03 22:26:31,258] {logging_mixin.py:115} INFO - [2025-02-03 22:26:31,258] {dag.py:2927} INFO - Setting next_dagrun for example_task_group_decorator to 2025-02-03T01:26:31.257954+00:00, run_after=2025-02-04T01:26:31.257954+00:00
[2025-02-03 22:26:31,271] {processor.py:161} INFO - Processing /home/luan-capella/Documentos/curso_airflow/airflowalura/venv/lib/python3.9/site-packages/airflow/example_dags/example_task_group_decorator.py took 0.081 seconds
[2025-02-03 22:27:09,353] {processor.py:153} INFO - Started process (PID=45213) to work on /home/luan-capella/Documentos/curso_airflow/airflowalura/venv/lib/python3.9/site-packages/airflow/example_dags/example_task_group_decorator.py
[2025-02-03 22:27:09,354] {processor.py:641} INFO - Processing file /home/luan-capella/Documentos/curso_airflow/airflowalura/venv/lib/python3.9/site-packages/airflow/example_dags/example_task_group_decorator.py for tasks to queue
[2025-02-03 22:27:09,355] {logging_mixin.py:115} INFO - [2025-02-03 22:27:09,355] {dagbag.py:507} INFO - Filling up the DagBag from /home/luan-capella/Documentos/curso_airflow/airflowalura/venv/lib/python3.9/site-packages/airflow/example_dags/example_task_group_decorator.py
[2025-02-03 22:27:09,376] {processor.py:651} INFO - DAG(s) dict_keys(['example_task_group_decorator']) retrieved from /home/luan-capella/Documentos/curso_airflow/airflowalura/venv/lib/python3.9/site-packages/airflow/example_dags/example_task_group_decorator.py
[2025-02-03 22:27:09,411] {logging_mixin.py:115} INFO - [2025-02-03 22:27:09,411] {dag.py:2379} INFO - Sync 1 DAGs
[2025-02-03 22:27:09,423] {logging_mixin.py:115} INFO - [2025-02-03 22:27:09,423] {dag.py:2927} INFO - Setting next_dagrun for example_task_group_decorator to 2025-02-03T01:27:09.422845+00:00, run_after=2025-02-04T01:27:09.422845+00:00
[2025-02-03 22:27:09,435] {processor.py:161} INFO - Processing /home/luan-capella/Documentos/curso_airflow/airflowalura/venv/lib/python3.9/site-packages/airflow/example_dags/example_task_group_decorator.py took 0.085 seconds
[2025-02-03 22:27:45,337] {processor.py:153} INFO - Started process (PID=45375) to work on /home/luan-capella/Documentos/curso_airflow/airflowalura/venv/lib/python3.9/site-packages/airflow/example_dags/example_task_group_decorator.py
[2025-02-03 22:27:45,338] {processor.py:641} INFO - Processing file /home/luan-capella/Documentos/curso_airflow/airflowalura/venv/lib/python3.9/site-packages/airflow/example_dags/example_task_group_decorator.py for tasks to queue
[2025-02-03 22:27:45,339] {logging_mixin.py:115} INFO - [2025-02-03 22:27:45,339] {dagbag.py:507} INFO - Filling up the DagBag from /home/luan-capella/Documentos/curso_airflow/airflowalura/venv/lib/python3.9/site-packages/airflow/example_dags/example_task_group_decorator.py
[2025-02-03 22:27:45,360] {processor.py:651} INFO - DAG(s) dict_keys(['example_task_group_decorator']) retrieved from /home/luan-capella/Documentos/curso_airflow/airflowalura/venv/lib/python3.9/site-packages/airflow/example_dags/example_task_group_decorator.py
[2025-02-03 22:27:45,373] {logging_mixin.py:115} INFO - [2025-02-03 22:27:45,373] {dag.py:2379} INFO - Sync 1 DAGs
[2025-02-03 22:27:45,387] {logging_mixin.py:115} INFO - [2025-02-03 22:27:45,386] {dag.py:2927} INFO - Setting next_dagrun for example_task_group_decorator to 2025-02-03T01:27:45.386757+00:00, run_after=2025-02-04T01:27:45.386757+00:00
[2025-02-03 22:27:45,399] {processor.py:161} INFO - Processing /home/luan-capella/Documentos/curso_airflow/airflowalura/venv/lib/python3.9/site-packages/airflow/example_dags/example_task_group_decorator.py took 0.067 seconds
[2025-02-03 22:28:20,634] {processor.py:153} INFO - Started process (PID=45555) to work on /home/luan-capella/Documentos/curso_airflow/airflowalura/venv/lib/python3.9/site-packages/airflow/example_dags/example_task_group_decorator.py
[2025-02-03 22:28:20,635] {processor.py:641} INFO - Processing file /home/luan-capella/Documentos/curso_airflow/airflowalura/venv/lib/python3.9/site-packages/airflow/example_dags/example_task_group_decorator.py for tasks to queue
[2025-02-03 22:28:20,635] {logging_mixin.py:115} INFO - [2025-02-03 22:28:20,635] {dagbag.py:507} INFO - Filling up the DagBag from /home/luan-capella/Documentos/curso_airflow/airflowalura/venv/lib/python3.9/site-packages/airflow/example_dags/example_task_group_decorator.py
[2025-02-03 22:28:20,662] {processor.py:651} INFO - DAG(s) dict_keys(['example_task_group_decorator']) retrieved from /home/luan-capella/Documentos/curso_airflow/airflowalura/venv/lib/python3.9/site-packages/airflow/example_dags/example_task_group_decorator.py
[2025-02-03 22:28:20,709] {logging_mixin.py:115} INFO - [2025-02-03 22:28:20,709] {dag.py:2379} INFO - Sync 1 DAGs
[2025-02-03 22:28:20,724] {logging_mixin.py:115} INFO - [2025-02-03 22:28:20,724] {dag.py:2927} INFO - Setting next_dagrun for example_task_group_decorator to 2025-02-03T01:28:20.723887+00:00, run_after=2025-02-04T01:28:20.723887+00:00
[2025-02-03 22:28:20,740] {processor.py:161} INFO - Processing /home/luan-capella/Documentos/curso_airflow/airflowalura/venv/lib/python3.9/site-packages/airflow/example_dags/example_task_group_decorator.py took 0.109 seconds
