[2025-02-03 22:20:12,695] {processor.py:153} INFO - Started process (PID=41888) to work on /home/luan-capella/Documentos/curso_airflow/airflowalura/venv/lib/python3.9/site-packages/airflow/example_dags/example_subdag_operator.py
[2025-02-03 22:20:12,696] {processor.py:641} INFO - Processing file /home/luan-capella/Documentos/curso_airflow/airflowalura/venv/lib/python3.9/site-packages/airflow/example_dags/example_subdag_operator.py for tasks to queue
[2025-02-03 22:20:12,696] {logging_mixin.py:115} INFO - [2025-02-03 22:20:12,696] {dagbag.py:507} INFO - Filling up the DagBag from /home/luan-capella/Documentos/curso_airflow/airflowalura/venv/lib/python3.9/site-packages/airflow/example_dags/example_subdag_operator.py
[2025-02-03 22:20:12,715] {processor.py:651} INFO - DAG(s) dict_keys(['example_subdag_operator.section-1', 'example_subdag_operator.section-2', 'example_subdag_operator']) retrieved from /home/luan-capella/Documentos/curso_airflow/airflowalura/venv/lib/python3.9/site-packages/airflow/example_dags/example_subdag_operator.py
[2025-02-03 22:20:12,731] {logging_mixin.py:115} INFO - [2025-02-03 22:20:12,731] {dag.py:2379} INFO - Sync 3 DAGs
[2025-02-03 22:20:12,745] {logging_mixin.py:115} INFO - [2025-02-03 22:20:12,745] {dag.py:2927} INFO - Setting next_dagrun for example_subdag_operator to 2022-01-01T00:00:00+00:00, run_after=2022-01-01T00:00:00+00:00
[2025-02-03 22:20:12,745] {logging_mixin.py:115} INFO - [2025-02-03 22:20:12,745] {dag.py:2927} INFO - Setting next_dagrun for example_subdag_operator.section-1 to None, run_after=None
[2025-02-03 22:20:12,745] {logging_mixin.py:115} INFO - [2025-02-03 22:20:12,745] {dag.py:2927} INFO - Setting next_dagrun for example_subdag_operator.section-2 to None, run_after=None
[2025-02-03 22:20:12,748] {logging_mixin.py:115} INFO - [2025-02-03 22:20:12,748] {dag.py:2379} INFO - Sync 2 DAGs
[2025-02-03 22:20:12,751] {logging_mixin.py:115} INFO - [2025-02-03 22:20:12,751] {dag.py:2927} INFO - Setting next_dagrun for example_subdag_operator.section-1 to None, run_after=None
[2025-02-03 22:20:12,751] {logging_mixin.py:115} INFO - [2025-02-03 22:20:12,751] {dag.py:2927} INFO - Setting next_dagrun for example_subdag_operator.section-2 to None, run_after=None
[2025-02-03 22:20:12,761] {processor.py:161} INFO - Processing /home/luan-capella/Documentos/curso_airflow/airflowalura/venv/lib/python3.9/site-packages/airflow/example_dags/example_subdag_operator.py took 0.071 seconds
[2025-02-03 22:21:08,538] {processor.py:153} INFO - Started process (PID=42791) to work on /home/luan-capella/Documentos/curso_airflow/airflowalura/venv/lib/python3.9/site-packages/airflow/example_dags/example_subdag_operator.py
[2025-02-03 22:21:08,539] {processor.py:641} INFO - Processing file /home/luan-capella/Documentos/curso_airflow/airflowalura/venv/lib/python3.9/site-packages/airflow/example_dags/example_subdag_operator.py for tasks to queue
[2025-02-03 22:21:08,540] {logging_mixin.py:115} INFO - [2025-02-03 22:21:08,540] {dagbag.py:507} INFO - Filling up the DagBag from /home/luan-capella/Documentos/curso_airflow/airflowalura/venv/lib/python3.9/site-packages/airflow/example_dags/example_subdag_operator.py
[2025-02-03 22:21:08,557] {processor.py:651} INFO - DAG(s) dict_keys(['example_subdag_operator.section-1', 'example_subdag_operator.section-2', 'example_subdag_operator']) retrieved from /home/luan-capella/Documentos/curso_airflow/airflowalura/venv/lib/python3.9/site-packages/airflow/example_dags/example_subdag_operator.py
[2025-02-03 22:21:08,570] {logging_mixin.py:115} INFO - [2025-02-03 22:21:08,570] {dag.py:2379} INFO - Sync 3 DAGs
[2025-02-03 22:21:08,582] {logging_mixin.py:115} INFO - [2025-02-03 22:21:08,582] {dag.py:2927} INFO - Setting next_dagrun for example_subdag_operator to 2022-01-01T00:00:00+00:00, run_after=2022-01-01T00:00:00+00:00
[2025-02-03 22:21:08,582] {logging_mixin.py:115} INFO - [2025-02-03 22:21:08,582] {dag.py:2927} INFO - Setting next_dagrun for example_subdag_operator.section-1 to None, run_after=None
[2025-02-03 22:21:08,582] {logging_mixin.py:115} INFO - [2025-02-03 22:21:08,582] {dag.py:2927} INFO - Setting next_dagrun for example_subdag_operator.section-2 to None, run_after=None
[2025-02-03 22:21:08,586] {logging_mixin.py:115} INFO - [2025-02-03 22:21:08,586] {dag.py:2379} INFO - Sync 2 DAGs
[2025-02-03 22:21:08,588] {logging_mixin.py:115} INFO - [2025-02-03 22:21:08,588] {dag.py:2927} INFO - Setting next_dagrun for example_subdag_operator.section-1 to None, run_after=None
[2025-02-03 22:21:08,588] {logging_mixin.py:115} INFO - [2025-02-03 22:21:08,588] {dag.py:2927} INFO - Setting next_dagrun for example_subdag_operator.section-2 to None, run_after=None
[2025-02-03 22:21:08,598] {processor.py:161} INFO - Processing /home/luan-capella/Documentos/curso_airflow/airflowalura/venv/lib/python3.9/site-packages/airflow/example_dags/example_subdag_operator.py took 0.065 seconds
[2025-02-03 22:21:45,666] {processor.py:153} INFO - Started process (PID=42954) to work on /home/luan-capella/Documentos/curso_airflow/airflowalura/venv/lib/python3.9/site-packages/airflow/example_dags/example_subdag_operator.py
[2025-02-03 22:21:45,668] {processor.py:641} INFO - Processing file /home/luan-capella/Documentos/curso_airflow/airflowalura/venv/lib/python3.9/site-packages/airflow/example_dags/example_subdag_operator.py for tasks to queue
[2025-02-03 22:21:45,668] {logging_mixin.py:115} INFO - [2025-02-03 22:21:45,668] {dagbag.py:507} INFO - Filling up the DagBag from /home/luan-capella/Documentos/curso_airflow/airflowalura/venv/lib/python3.9/site-packages/airflow/example_dags/example_subdag_operator.py
[2025-02-03 22:21:45,688] {processor.py:651} INFO - DAG(s) dict_keys(['example_subdag_operator.section-1', 'example_subdag_operator.section-2', 'example_subdag_operator']) retrieved from /home/luan-capella/Documentos/curso_airflow/airflowalura/venv/lib/python3.9/site-packages/airflow/example_dags/example_subdag_operator.py
[2025-02-03 22:21:45,702] {logging_mixin.py:115} INFO - [2025-02-03 22:21:45,702] {dag.py:2379} INFO - Sync 3 DAGs
[2025-02-03 22:21:45,715] {logging_mixin.py:115} INFO - [2025-02-03 22:21:45,715] {dag.py:2927} INFO - Setting next_dagrun for example_subdag_operator to 2022-01-01T00:00:00+00:00, run_after=2022-01-01T00:00:00+00:00
[2025-02-03 22:21:45,715] {logging_mixin.py:115} INFO - [2025-02-03 22:21:45,715] {dag.py:2927} INFO - Setting next_dagrun for example_subdag_operator.section-1 to None, run_after=None
[2025-02-03 22:21:45,716] {logging_mixin.py:115} INFO - [2025-02-03 22:21:45,716] {dag.py:2927} INFO - Setting next_dagrun for example_subdag_operator.section-2 to None, run_after=None
[2025-02-03 22:21:45,719] {logging_mixin.py:115} INFO - [2025-02-03 22:21:45,719] {dag.py:2379} INFO - Sync 2 DAGs
[2025-02-03 22:21:45,722] {logging_mixin.py:115} INFO - [2025-02-03 22:21:45,722] {dag.py:2927} INFO - Setting next_dagrun for example_subdag_operator.section-1 to None, run_after=None
[2025-02-03 22:21:45,722] {logging_mixin.py:115} INFO - [2025-02-03 22:21:45,722] {dag.py:2927} INFO - Setting next_dagrun for example_subdag_operator.section-2 to None, run_after=None
[2025-02-03 22:21:45,733] {processor.py:161} INFO - Processing /home/luan-capella/Documentos/curso_airflow/airflowalura/venv/lib/python3.9/site-packages/airflow/example_dags/example_subdag_operator.py took 0.071 seconds
[2025-02-03 22:22:22,930] {processor.py:153} INFO - Started process (PID=43116) to work on /home/luan-capella/Documentos/curso_airflow/airflowalura/venv/lib/python3.9/site-packages/airflow/example_dags/example_subdag_operator.py
[2025-02-03 22:22:22,931] {processor.py:641} INFO - Processing file /home/luan-capella/Documentos/curso_airflow/airflowalura/venv/lib/python3.9/site-packages/airflow/example_dags/example_subdag_operator.py for tasks to queue
[2025-02-03 22:22:22,931] {logging_mixin.py:115} INFO - [2025-02-03 22:22:22,931] {dagbag.py:507} INFO - Filling up the DagBag from /home/luan-capella/Documentos/curso_airflow/airflowalura/venv/lib/python3.9/site-packages/airflow/example_dags/example_subdag_operator.py
[2025-02-03 22:22:22,950] {processor.py:651} INFO - DAG(s) dict_keys(['example_subdag_operator.section-1', 'example_subdag_operator.section-2', 'example_subdag_operator']) retrieved from /home/luan-capella/Documentos/curso_airflow/airflowalura/venv/lib/python3.9/site-packages/airflow/example_dags/example_subdag_operator.py
[2025-02-03 22:22:22,964] {logging_mixin.py:115} INFO - [2025-02-03 22:22:22,964] {dag.py:2379} INFO - Sync 3 DAGs
[2025-02-03 22:22:22,977] {logging_mixin.py:115} INFO - [2025-02-03 22:22:22,976] {dag.py:2927} INFO - Setting next_dagrun for example_subdag_operator to 2022-01-01T00:00:00+00:00, run_after=2022-01-01T00:00:00+00:00
[2025-02-03 22:22:22,977] {logging_mixin.py:115} INFO - [2025-02-03 22:22:22,977] {dag.py:2927} INFO - Setting next_dagrun for example_subdag_operator.section-1 to None, run_after=None
[2025-02-03 22:22:22,977] {logging_mixin.py:115} INFO - [2025-02-03 22:22:22,977] {dag.py:2927} INFO - Setting next_dagrun for example_subdag_operator.section-2 to None, run_after=None
[2025-02-03 22:22:22,981] {logging_mixin.py:115} INFO - [2025-02-03 22:22:22,981] {dag.py:2379} INFO - Sync 2 DAGs
[2025-02-03 22:22:22,983] {logging_mixin.py:115} INFO - [2025-02-03 22:22:22,983] {dag.py:2927} INFO - Setting next_dagrun for example_subdag_operator.section-1 to None, run_after=None
[2025-02-03 22:22:22,983] {logging_mixin.py:115} INFO - [2025-02-03 22:22:22,983] {dag.py:2927} INFO - Setting next_dagrun for example_subdag_operator.section-2 to None, run_after=None
[2025-02-03 22:22:22,994] {processor.py:161} INFO - Processing /home/luan-capella/Documentos/curso_airflow/airflowalura/venv/lib/python3.9/site-packages/airflow/example_dags/example_subdag_operator.py took 0.067 seconds
[2025-02-03 22:22:58,990] {processor.py:153} INFO - Started process (PID=43296) to work on /home/luan-capella/Documentos/curso_airflow/airflowalura/venv/lib/python3.9/site-packages/airflow/example_dags/example_subdag_operator.py
[2025-02-03 22:22:58,991] {processor.py:641} INFO - Processing file /home/luan-capella/Documentos/curso_airflow/airflowalura/venv/lib/python3.9/site-packages/airflow/example_dags/example_subdag_operator.py for tasks to queue
[2025-02-03 22:22:58,992] {logging_mixin.py:115} INFO - [2025-02-03 22:22:58,992] {dagbag.py:507} INFO - Filling up the DagBag from /home/luan-capella/Documentos/curso_airflow/airflowalura/venv/lib/python3.9/site-packages/airflow/example_dags/example_subdag_operator.py
[2025-02-03 22:22:59,010] {processor.py:651} INFO - DAG(s) dict_keys(['example_subdag_operator.section-1', 'example_subdag_operator.section-2', 'example_subdag_operator']) retrieved from /home/luan-capella/Documentos/curso_airflow/airflowalura/venv/lib/python3.9/site-packages/airflow/example_dags/example_subdag_operator.py
[2025-02-03 22:22:59,023] {logging_mixin.py:115} INFO - [2025-02-03 22:22:59,023] {dag.py:2379} INFO - Sync 3 DAGs
[2025-02-03 22:22:59,034] {logging_mixin.py:115} INFO - [2025-02-03 22:22:59,034] {dag.py:2927} INFO - Setting next_dagrun for example_subdag_operator to 2022-01-01T00:00:00+00:00, run_after=2022-01-01T00:00:00+00:00
[2025-02-03 22:22:59,034] {logging_mixin.py:115} INFO - [2025-02-03 22:22:59,034] {dag.py:2927} INFO - Setting next_dagrun for example_subdag_operator.section-1 to None, run_after=None
[2025-02-03 22:22:59,035] {logging_mixin.py:115} INFO - [2025-02-03 22:22:59,034] {dag.py:2927} INFO - Setting next_dagrun for example_subdag_operator.section-2 to None, run_after=None
[2025-02-03 22:22:59,038] {logging_mixin.py:115} INFO - [2025-02-03 22:22:59,038] {dag.py:2379} INFO - Sync 2 DAGs
[2025-02-03 22:22:59,040] {logging_mixin.py:115} INFO - [2025-02-03 22:22:59,040] {dag.py:2927} INFO - Setting next_dagrun for example_subdag_operator.section-1 to None, run_after=None
[2025-02-03 22:22:59,040] {logging_mixin.py:115} INFO - [2025-02-03 22:22:59,040] {dag.py:2927} INFO - Setting next_dagrun for example_subdag_operator.section-2 to None, run_after=None
[2025-02-03 22:22:59,050] {processor.py:161} INFO - Processing /home/luan-capella/Documentos/curso_airflow/airflowalura/venv/lib/python3.9/site-packages/airflow/example_dags/example_subdag_operator.py took 0.065 seconds
[2025-02-03 22:23:33,872] {processor.py:153} INFO - Started process (PID=43584) to work on /home/luan-capella/Documentos/curso_airflow/airflowalura/venv/lib/python3.9/site-packages/airflow/example_dags/example_subdag_operator.py
[2025-02-03 22:23:33,873] {processor.py:641} INFO - Processing file /home/luan-capella/Documentos/curso_airflow/airflowalura/venv/lib/python3.9/site-packages/airflow/example_dags/example_subdag_operator.py for tasks to queue
[2025-02-03 22:23:33,873] {logging_mixin.py:115} INFO - [2025-02-03 22:23:33,873] {dagbag.py:507} INFO - Filling up the DagBag from /home/luan-capella/Documentos/curso_airflow/airflowalura/venv/lib/python3.9/site-packages/airflow/example_dags/example_subdag_operator.py
[2025-02-03 22:23:33,890] {processor.py:651} INFO - DAG(s) dict_keys(['example_subdag_operator.section-1', 'example_subdag_operator.section-2', 'example_subdag_operator']) retrieved from /home/luan-capella/Documentos/curso_airflow/airflowalura/venv/lib/python3.9/site-packages/airflow/example_dags/example_subdag_operator.py
[2025-02-03 22:23:33,905] {logging_mixin.py:115} INFO - [2025-02-03 22:23:33,905] {dag.py:2379} INFO - Sync 3 DAGs
[2025-02-03 22:23:33,918] {logging_mixin.py:115} INFO - [2025-02-03 22:23:33,918] {dag.py:2927} INFO - Setting next_dagrun for example_subdag_operator to 2022-01-01T00:00:00+00:00, run_after=2022-01-01T00:00:00+00:00
[2025-02-03 22:23:33,918] {logging_mixin.py:115} INFO - [2025-02-03 22:23:33,918] {dag.py:2927} INFO - Setting next_dagrun for example_subdag_operator.section-1 to None, run_after=None
[2025-02-03 22:23:33,918] {logging_mixin.py:115} INFO - [2025-02-03 22:23:33,918] {dag.py:2927} INFO - Setting next_dagrun for example_subdag_operator.section-2 to None, run_after=None
[2025-02-03 22:23:33,922] {logging_mixin.py:115} INFO - [2025-02-03 22:23:33,921] {dag.py:2379} INFO - Sync 2 DAGs
[2025-02-03 22:23:33,924] {logging_mixin.py:115} INFO - [2025-02-03 22:23:33,924] {dag.py:2927} INFO - Setting next_dagrun for example_subdag_operator.section-1 to None, run_after=None
[2025-02-03 22:23:33,924] {logging_mixin.py:115} INFO - [2025-02-03 22:23:33,924] {dag.py:2927} INFO - Setting next_dagrun for example_subdag_operator.section-2 to None, run_after=None
[2025-02-03 22:23:33,936] {processor.py:161} INFO - Processing /home/luan-capella/Documentos/curso_airflow/airflowalura/venv/lib/python3.9/site-packages/airflow/example_dags/example_subdag_operator.py took 0.066 seconds
[2025-02-03 22:24:11,044] {processor.py:153} INFO - Started process (PID=43734) to work on /home/luan-capella/Documentos/curso_airflow/airflowalura/venv/lib/python3.9/site-packages/airflow/example_dags/example_subdag_operator.py
[2025-02-03 22:24:11,045] {processor.py:641} INFO - Processing file /home/luan-capella/Documentos/curso_airflow/airflowalura/venv/lib/python3.9/site-packages/airflow/example_dags/example_subdag_operator.py for tasks to queue
[2025-02-03 22:24:11,045] {logging_mixin.py:115} INFO - [2025-02-03 22:24:11,045] {dagbag.py:507} INFO - Filling up the DagBag from /home/luan-capella/Documentos/curso_airflow/airflowalura/venv/lib/python3.9/site-packages/airflow/example_dags/example_subdag_operator.py
[2025-02-03 22:24:11,065] {processor.py:651} INFO - DAG(s) dict_keys(['example_subdag_operator.section-1', 'example_subdag_operator.section-2', 'example_subdag_operator']) retrieved from /home/luan-capella/Documentos/curso_airflow/airflowalura/venv/lib/python3.9/site-packages/airflow/example_dags/example_subdag_operator.py
[2025-02-03 22:24:11,078] {logging_mixin.py:115} INFO - [2025-02-03 22:24:11,078] {dag.py:2379} INFO - Sync 3 DAGs
[2025-02-03 22:24:11,090] {logging_mixin.py:115} INFO - [2025-02-03 22:24:11,090] {dag.py:2927} INFO - Setting next_dagrun for example_subdag_operator to 2022-01-01T00:00:00+00:00, run_after=2022-01-01T00:00:00+00:00
[2025-02-03 22:24:11,090] {logging_mixin.py:115} INFO - [2025-02-03 22:24:11,090] {dag.py:2927} INFO - Setting next_dagrun for example_subdag_operator.section-1 to None, run_after=None
[2025-02-03 22:24:11,090] {logging_mixin.py:115} INFO - [2025-02-03 22:24:11,090] {dag.py:2927} INFO - Setting next_dagrun for example_subdag_operator.section-2 to None, run_after=None
[2025-02-03 22:24:11,094] {logging_mixin.py:115} INFO - [2025-02-03 22:24:11,094] {dag.py:2379} INFO - Sync 2 DAGs
[2025-02-03 22:24:11,097] {logging_mixin.py:115} INFO - [2025-02-03 22:24:11,097] {dag.py:2927} INFO - Setting next_dagrun for example_subdag_operator.section-1 to None, run_after=None
[2025-02-03 22:24:11,097] {logging_mixin.py:115} INFO - [2025-02-03 22:24:11,097] {dag.py:2927} INFO - Setting next_dagrun for example_subdag_operator.section-2 to None, run_after=None
[2025-02-03 22:24:11,108] {processor.py:161} INFO - Processing /home/luan-capella/Documentos/curso_airflow/airflowalura/venv/lib/python3.9/site-packages/airflow/example_dags/example_subdag_operator.py took 0.069 seconds
[2025-02-03 22:24:45,381] {processor.py:153} INFO - Started process (PID=44117) to work on /home/luan-capella/Documentos/curso_airflow/airflowalura/venv/lib/python3.9/site-packages/airflow/example_dags/example_subdag_operator.py
[2025-02-03 22:24:45,382] {processor.py:641} INFO - Processing file /home/luan-capella/Documentos/curso_airflow/airflowalura/venv/lib/python3.9/site-packages/airflow/example_dags/example_subdag_operator.py for tasks to queue
[2025-02-03 22:24:45,383] {logging_mixin.py:115} INFO - [2025-02-03 22:24:45,383] {dagbag.py:507} INFO - Filling up the DagBag from /home/luan-capella/Documentos/curso_airflow/airflowalura/venv/lib/python3.9/site-packages/airflow/example_dags/example_subdag_operator.py
[2025-02-03 22:24:45,398] {processor.py:651} INFO - DAG(s) dict_keys(['example_subdag_operator.section-1', 'example_subdag_operator.section-2', 'example_subdag_operator']) retrieved from /home/luan-capella/Documentos/curso_airflow/airflowalura/venv/lib/python3.9/site-packages/airflow/example_dags/example_subdag_operator.py
[2025-02-03 22:24:45,412] {logging_mixin.py:115} INFO - [2025-02-03 22:24:45,412] {dag.py:2379} INFO - Sync 3 DAGs
[2025-02-03 22:24:45,424] {logging_mixin.py:115} INFO - [2025-02-03 22:24:45,424] {dag.py:2927} INFO - Setting next_dagrun for example_subdag_operator to 2022-01-01T00:00:00+00:00, run_after=2022-01-01T00:00:00+00:00
[2025-02-03 22:24:45,425] {logging_mixin.py:115} INFO - [2025-02-03 22:24:45,425] {dag.py:2927} INFO - Setting next_dagrun for example_subdag_operator.section-1 to None, run_after=None
[2025-02-03 22:24:45,425] {logging_mixin.py:115} INFO - [2025-02-03 22:24:45,425] {dag.py:2927} INFO - Setting next_dagrun for example_subdag_operator.section-2 to None, run_after=None
[2025-02-03 22:24:45,429] {logging_mixin.py:115} INFO - [2025-02-03 22:24:45,429] {dag.py:2379} INFO - Sync 2 DAGs
[2025-02-03 22:24:45,431] {logging_mixin.py:115} INFO - [2025-02-03 22:24:45,431] {dag.py:2927} INFO - Setting next_dagrun for example_subdag_operator.section-1 to None, run_after=None
[2025-02-03 22:24:45,432] {logging_mixin.py:115} INFO - [2025-02-03 22:24:45,432] {dag.py:2927} INFO - Setting next_dagrun for example_subdag_operator.section-2 to None, run_after=None
[2025-02-03 22:24:45,442] {processor.py:161} INFO - Processing /home/luan-capella/Documentos/curso_airflow/airflowalura/venv/lib/python3.9/site-packages/airflow/example_dags/example_subdag_operator.py took 0.066 seconds
[2025-02-03 22:25:21,504] {processor.py:153} INFO - Started process (PID=44571) to work on /home/luan-capella/Documentos/curso_airflow/airflowalura/venv/lib/python3.9/site-packages/airflow/example_dags/example_subdag_operator.py
[2025-02-03 22:25:21,510] {processor.py:641} INFO - Processing file /home/luan-capella/Documentos/curso_airflow/airflowalura/venv/lib/python3.9/site-packages/airflow/example_dags/example_subdag_operator.py for tasks to queue
[2025-02-03 22:25:21,511] {logging_mixin.py:115} INFO - [2025-02-03 22:25:21,511] {dagbag.py:507} INFO - Filling up the DagBag from /home/luan-capella/Documentos/curso_airflow/airflowalura/venv/lib/python3.9/site-packages/airflow/example_dags/example_subdag_operator.py
[2025-02-03 22:25:21,534] {processor.py:651} INFO - DAG(s) dict_keys(['example_subdag_operator.section-1', 'example_subdag_operator.section-2', 'example_subdag_operator']) retrieved from /home/luan-capella/Documentos/curso_airflow/airflowalura/venv/lib/python3.9/site-packages/airflow/example_dags/example_subdag_operator.py
[2025-02-03 22:25:21,550] {logging_mixin.py:115} INFO - [2025-02-03 22:25:21,549] {dag.py:2379} INFO - Sync 3 DAGs
[2025-02-03 22:25:21,563] {logging_mixin.py:115} INFO - [2025-02-03 22:25:21,562] {dag.py:2927} INFO - Setting next_dagrun for example_subdag_operator to 2022-01-01T00:00:00+00:00, run_after=2022-01-01T00:00:00+00:00
[2025-02-03 22:25:21,563] {logging_mixin.py:115} INFO - [2025-02-03 22:25:21,563] {dag.py:2927} INFO - Setting next_dagrun for example_subdag_operator.section-1 to None, run_after=None
[2025-02-03 22:25:21,563] {logging_mixin.py:115} INFO - [2025-02-03 22:25:21,563] {dag.py:2927} INFO - Setting next_dagrun for example_subdag_operator.section-2 to None, run_after=None
[2025-02-03 22:25:21,567] {logging_mixin.py:115} INFO - [2025-02-03 22:25:21,566] {dag.py:2379} INFO - Sync 2 DAGs
[2025-02-03 22:25:21,569] {logging_mixin.py:115} INFO - [2025-02-03 22:25:21,569] {dag.py:2927} INFO - Setting next_dagrun for example_subdag_operator.section-1 to None, run_after=None
[2025-02-03 22:25:21,569] {logging_mixin.py:115} INFO - [2025-02-03 22:25:21,569] {dag.py:2927} INFO - Setting next_dagrun for example_subdag_operator.section-2 to None, run_after=None
[2025-02-03 22:25:21,602] {processor.py:161} INFO - Processing /home/luan-capella/Documentos/curso_airflow/airflowalura/venv/lib/python3.9/site-packages/airflow/example_dags/example_subdag_operator.py took 0.102 seconds
[2025-02-03 22:25:57,679] {processor.py:153} INFO - Started process (PID=44749) to work on /home/luan-capella/Documentos/curso_airflow/airflowalura/venv/lib/python3.9/site-packages/airflow/example_dags/example_subdag_operator.py
[2025-02-03 22:25:57,685] {processor.py:641} INFO - Processing file /home/luan-capella/Documentos/curso_airflow/airflowalura/venv/lib/python3.9/site-packages/airflow/example_dags/example_subdag_operator.py for tasks to queue
[2025-02-03 22:25:57,685] {logging_mixin.py:115} INFO - [2025-02-03 22:25:57,685] {dagbag.py:507} INFO - Filling up the DagBag from /home/luan-capella/Documentos/curso_airflow/airflowalura/venv/lib/python3.9/site-packages/airflow/example_dags/example_subdag_operator.py
[2025-02-03 22:25:57,708] {processor.py:651} INFO - DAG(s) dict_keys(['example_subdag_operator.section-1', 'example_subdag_operator.section-2', 'example_subdag_operator']) retrieved from /home/luan-capella/Documentos/curso_airflow/airflowalura/venv/lib/python3.9/site-packages/airflow/example_dags/example_subdag_operator.py
[2025-02-03 22:25:57,723] {logging_mixin.py:115} INFO - [2025-02-03 22:25:57,723] {dag.py:2379} INFO - Sync 3 DAGs
[2025-02-03 22:25:57,736] {logging_mixin.py:115} INFO - [2025-02-03 22:25:57,736] {dag.py:2927} INFO - Setting next_dagrun for example_subdag_operator to 2022-01-01T00:00:00+00:00, run_after=2022-01-01T00:00:00+00:00
[2025-02-03 22:25:57,736] {logging_mixin.py:115} INFO - [2025-02-03 22:25:57,736] {dag.py:2927} INFO - Setting next_dagrun for example_subdag_operator.section-1 to None, run_after=None
[2025-02-03 22:25:57,737] {logging_mixin.py:115} INFO - [2025-02-03 22:25:57,737] {dag.py:2927} INFO - Setting next_dagrun for example_subdag_operator.section-2 to None, run_after=None
[2025-02-03 22:25:57,740] {logging_mixin.py:115} INFO - [2025-02-03 22:25:57,740] {dag.py:2379} INFO - Sync 2 DAGs
[2025-02-03 22:25:57,744] {logging_mixin.py:115} INFO - [2025-02-03 22:25:57,743] {dag.py:2927} INFO - Setting next_dagrun for example_subdag_operator.section-1 to None, run_after=None
[2025-02-03 22:25:57,744] {logging_mixin.py:115} INFO - [2025-02-03 22:25:57,744] {dag.py:2927} INFO - Setting next_dagrun for example_subdag_operator.section-2 to None, run_after=None
[2025-02-03 22:25:57,755] {processor.py:161} INFO - Processing /home/luan-capella/Documentos/curso_airflow/airflowalura/venv/lib/python3.9/site-packages/airflow/example_dags/example_subdag_operator.py took 0.081 seconds
[2025-02-03 22:26:33,820] {processor.py:153} INFO - Started process (PID=45034) to work on /home/luan-capella/Documentos/curso_airflow/airflowalura/venv/lib/python3.9/site-packages/airflow/example_dags/example_subdag_operator.py
[2025-02-03 22:26:33,821] {processor.py:641} INFO - Processing file /home/luan-capella/Documentos/curso_airflow/airflowalura/venv/lib/python3.9/site-packages/airflow/example_dags/example_subdag_operator.py for tasks to queue
[2025-02-03 22:26:33,822] {logging_mixin.py:115} INFO - [2025-02-03 22:26:33,822] {dagbag.py:507} INFO - Filling up the DagBag from /home/luan-capella/Documentos/curso_airflow/airflowalura/venv/lib/python3.9/site-packages/airflow/example_dags/example_subdag_operator.py
[2025-02-03 22:26:33,840] {processor.py:651} INFO - DAG(s) dict_keys(['example_subdag_operator.section-1', 'example_subdag_operator.section-2', 'example_subdag_operator']) retrieved from /home/luan-capella/Documentos/curso_airflow/airflowalura/venv/lib/python3.9/site-packages/airflow/example_dags/example_subdag_operator.py
[2025-02-03 22:26:33,853] {logging_mixin.py:115} INFO - [2025-02-03 22:26:33,853] {dag.py:2379} INFO - Sync 3 DAGs
[2025-02-03 22:26:33,865] {logging_mixin.py:115} INFO - [2025-02-03 22:26:33,865] {dag.py:2927} INFO - Setting next_dagrun for example_subdag_operator to 2022-01-01T00:00:00+00:00, run_after=2022-01-01T00:00:00+00:00
[2025-02-03 22:26:33,865] {logging_mixin.py:115} INFO - [2025-02-03 22:26:33,865] {dag.py:2927} INFO - Setting next_dagrun for example_subdag_operator.section-1 to None, run_after=None
[2025-02-03 22:26:33,865] {logging_mixin.py:115} INFO - [2025-02-03 22:26:33,865] {dag.py:2927} INFO - Setting next_dagrun for example_subdag_operator.section-2 to None, run_after=None
[2025-02-03 22:26:33,868] {logging_mixin.py:115} INFO - [2025-02-03 22:26:33,868] {dag.py:2379} INFO - Sync 2 DAGs
[2025-02-03 22:26:33,871] {logging_mixin.py:115} INFO - [2025-02-03 22:26:33,871] {dag.py:2927} INFO - Setting next_dagrun for example_subdag_operator.section-1 to None, run_after=None
[2025-02-03 22:26:33,871] {logging_mixin.py:115} INFO - [2025-02-03 22:26:33,871] {dag.py:2927} INFO - Setting next_dagrun for example_subdag_operator.section-2 to None, run_after=None
[2025-02-03 22:26:33,881] {processor.py:161} INFO - Processing /home/luan-capella/Documentos/curso_airflow/airflowalura/venv/lib/python3.9/site-packages/airflow/example_dags/example_subdag_operator.py took 0.066 seconds
[2025-02-03 22:27:12,218] {processor.py:153} INFO - Started process (PID=45224) to work on /home/luan-capella/Documentos/curso_airflow/airflowalura/venv/lib/python3.9/site-packages/airflow/example_dags/example_subdag_operator.py
[2025-02-03 22:27:12,219] {processor.py:641} INFO - Processing file /home/luan-capella/Documentos/curso_airflow/airflowalura/venv/lib/python3.9/site-packages/airflow/example_dags/example_subdag_operator.py for tasks to queue
[2025-02-03 22:27:12,220] {logging_mixin.py:115} INFO - [2025-02-03 22:27:12,220] {dagbag.py:507} INFO - Filling up the DagBag from /home/luan-capella/Documentos/curso_airflow/airflowalura/venv/lib/python3.9/site-packages/airflow/example_dags/example_subdag_operator.py
[2025-02-03 22:27:12,238] {processor.py:651} INFO - DAG(s) dict_keys(['example_subdag_operator.section-1', 'example_subdag_operator.section-2', 'example_subdag_operator']) retrieved from /home/luan-capella/Documentos/curso_airflow/airflowalura/venv/lib/python3.9/site-packages/airflow/example_dags/example_subdag_operator.py
[2025-02-03 22:27:12,251] {logging_mixin.py:115} INFO - [2025-02-03 22:27:12,251] {dag.py:2379} INFO - Sync 3 DAGs
[2025-02-03 22:27:12,263] {logging_mixin.py:115} INFO - [2025-02-03 22:27:12,263] {dag.py:2927} INFO - Setting next_dagrun for example_subdag_operator to 2022-01-01T00:00:00+00:00, run_after=2022-01-01T00:00:00+00:00
[2025-02-03 22:27:12,263] {logging_mixin.py:115} INFO - [2025-02-03 22:27:12,263] {dag.py:2927} INFO - Setting next_dagrun for example_subdag_operator.section-1 to None, run_after=None
[2025-02-03 22:27:12,264] {logging_mixin.py:115} INFO - [2025-02-03 22:27:12,264] {dag.py:2927} INFO - Setting next_dagrun for example_subdag_operator.section-2 to None, run_after=None
[2025-02-03 22:27:12,267] {logging_mixin.py:115} INFO - [2025-02-03 22:27:12,267] {dag.py:2379} INFO - Sync 2 DAGs
[2025-02-03 22:27:12,269] {logging_mixin.py:115} INFO - [2025-02-03 22:27:12,269] {dag.py:2927} INFO - Setting next_dagrun for example_subdag_operator.section-1 to None, run_after=None
[2025-02-03 22:27:12,269] {logging_mixin.py:115} INFO - [2025-02-03 22:27:12,269] {dag.py:2927} INFO - Setting next_dagrun for example_subdag_operator.section-2 to None, run_after=None
[2025-02-03 22:27:12,280] {processor.py:161} INFO - Processing /home/luan-capella/Documentos/curso_airflow/airflowalura/venv/lib/python3.9/site-packages/airflow/example_dags/example_subdag_operator.py took 0.066 seconds
[2025-02-03 22:27:48,043] {processor.py:153} INFO - Started process (PID=45385) to work on /home/luan-capella/Documentos/curso_airflow/airflowalura/venv/lib/python3.9/site-packages/airflow/example_dags/example_subdag_operator.py
[2025-02-03 22:27:48,044] {processor.py:641} INFO - Processing file /home/luan-capella/Documentos/curso_airflow/airflowalura/venv/lib/python3.9/site-packages/airflow/example_dags/example_subdag_operator.py for tasks to queue
[2025-02-03 22:27:48,045] {logging_mixin.py:115} INFO - [2025-02-03 22:27:48,045] {dagbag.py:507} INFO - Filling up the DagBag from /home/luan-capella/Documentos/curso_airflow/airflowalura/venv/lib/python3.9/site-packages/airflow/example_dags/example_subdag_operator.py
[2025-02-03 22:27:48,061] {processor.py:651} INFO - DAG(s) dict_keys(['example_subdag_operator.section-1', 'example_subdag_operator.section-2', 'example_subdag_operator']) retrieved from /home/luan-capella/Documentos/curso_airflow/airflowalura/venv/lib/python3.9/site-packages/airflow/example_dags/example_subdag_operator.py
[2025-02-03 22:27:48,075] {logging_mixin.py:115} INFO - [2025-02-03 22:27:48,074] {dag.py:2379} INFO - Sync 3 DAGs
[2025-02-03 22:27:48,086] {logging_mixin.py:115} INFO - [2025-02-03 22:27:48,086] {dag.py:2927} INFO - Setting next_dagrun for example_subdag_operator to 2022-01-01T00:00:00+00:00, run_after=2022-01-01T00:00:00+00:00
[2025-02-03 22:27:48,087] {logging_mixin.py:115} INFO - [2025-02-03 22:27:48,087] {dag.py:2927} INFO - Setting next_dagrun for example_subdag_operator.section-1 to None, run_after=None
[2025-02-03 22:27:48,087] {logging_mixin.py:115} INFO - [2025-02-03 22:27:48,087] {dag.py:2927} INFO - Setting next_dagrun for example_subdag_operator.section-2 to None, run_after=None
[2025-02-03 22:27:48,090] {logging_mixin.py:115} INFO - [2025-02-03 22:27:48,090] {dag.py:2379} INFO - Sync 2 DAGs
[2025-02-03 22:27:48,093] {logging_mixin.py:115} INFO - [2025-02-03 22:27:48,093] {dag.py:2927} INFO - Setting next_dagrun for example_subdag_operator.section-1 to None, run_after=None
[2025-02-03 22:27:48,093] {logging_mixin.py:115} INFO - [2025-02-03 22:27:48,093] {dag.py:2927} INFO - Setting next_dagrun for example_subdag_operator.section-2 to None, run_after=None
[2025-02-03 22:27:48,104] {processor.py:161} INFO - Processing /home/luan-capella/Documentos/curso_airflow/airflowalura/venv/lib/python3.9/site-packages/airflow/example_dags/example_subdag_operator.py took 0.067 seconds
[2025-02-03 22:28:23,842] {processor.py:153} INFO - Started process (PID=45588) to work on /home/luan-capella/Documentos/curso_airflow/airflowalura/venv/lib/python3.9/site-packages/airflow/example_dags/example_subdag_operator.py
[2025-02-03 22:28:23,843] {processor.py:641} INFO - Processing file /home/luan-capella/Documentos/curso_airflow/airflowalura/venv/lib/python3.9/site-packages/airflow/example_dags/example_subdag_operator.py for tasks to queue
[2025-02-03 22:28:23,843] {logging_mixin.py:115} INFO - [2025-02-03 22:28:23,843] {dagbag.py:507} INFO - Filling up the DagBag from /home/luan-capella/Documentos/curso_airflow/airflowalura/venv/lib/python3.9/site-packages/airflow/example_dags/example_subdag_operator.py
[2025-02-03 22:28:23,861] {processor.py:651} INFO - DAG(s) dict_keys(['example_subdag_operator.section-1', 'example_subdag_operator.section-2', 'example_subdag_operator']) retrieved from /home/luan-capella/Documentos/curso_airflow/airflowalura/venv/lib/python3.9/site-packages/airflow/example_dags/example_subdag_operator.py
[2025-02-03 22:28:23,874] {logging_mixin.py:115} INFO - [2025-02-03 22:28:23,874] {dag.py:2379} INFO - Sync 3 DAGs
[2025-02-03 22:28:23,886] {logging_mixin.py:115} INFO - [2025-02-03 22:28:23,885] {dag.py:2927} INFO - Setting next_dagrun for example_subdag_operator to 2022-01-01T00:00:00+00:00, run_after=2022-01-01T00:00:00+00:00
[2025-02-03 22:28:23,886] {logging_mixin.py:115} INFO - [2025-02-03 22:28:23,886] {dag.py:2927} INFO - Setting next_dagrun for example_subdag_operator.section-1 to None, run_after=None
[2025-02-03 22:28:23,886] {logging_mixin.py:115} INFO - [2025-02-03 22:28:23,886] {dag.py:2927} INFO - Setting next_dagrun for example_subdag_operator.section-2 to None, run_after=None
[2025-02-03 22:28:23,889] {logging_mixin.py:115} INFO - [2025-02-03 22:28:23,889] {dag.py:2379} INFO - Sync 2 DAGs
[2025-02-03 22:28:23,891] {logging_mixin.py:115} INFO - [2025-02-03 22:28:23,891] {dag.py:2927} INFO - Setting next_dagrun for example_subdag_operator.section-1 to None, run_after=None
[2025-02-03 22:28:23,892] {logging_mixin.py:115} INFO - [2025-02-03 22:28:23,892] {dag.py:2927} INFO - Setting next_dagrun for example_subdag_operator.section-2 to None, run_after=None
[2025-02-03 22:28:23,901] {processor.py:161} INFO - Processing /home/luan-capella/Documentos/curso_airflow/airflowalura/venv/lib/python3.9/site-packages/airflow/example_dags/example_subdag_operator.py took 0.064 seconds
