[2025-02-03 22:20:44,910] {processor.py:153} INFO - Started process (PID=42537) to work on /home/luan-capella/Documentos/curso_airflow/airflowalura/venv/lib/python3.9/site-packages/airflow/example_dags/example_external_task_marker_dag.py
[2025-02-03 22:20:44,911] {processor.py:641} INFO - Processing file /home/luan-capella/Documentos/curso_airflow/airflowalura/venv/lib/python3.9/site-packages/airflow/example_dags/example_external_task_marker_dag.py for tasks to queue
[2025-02-03 22:20:44,912] {logging_mixin.py:115} INFO - [2025-02-03 22:20:44,911] {dagbag.py:507} INFO - Filling up the DagBag from /home/luan-capella/Documentos/curso_airflow/airflowalura/venv/lib/python3.9/site-packages/airflow/example_dags/example_external_task_marker_dag.py
[2025-02-03 22:20:44,917] {processor.py:651} INFO - DAG(s) dict_keys(['example_external_task_marker_parent', 'example_external_task_marker_child']) retrieved from /home/luan-capella/Documentos/curso_airflow/airflowalura/venv/lib/python3.9/site-packages/airflow/example_dags/example_external_task_marker_dag.py
[2025-02-03 22:20:44,937] {logging_mixin.py:115} INFO - [2025-02-03 22:20:44,937] {dag.py:2379} INFO - Sync 2 DAGs
[2025-02-03 22:20:44,948] {logging_mixin.py:115} INFO - [2025-02-03 22:20:44,948] {dag.py:2927} INFO - Setting next_dagrun for example_external_task_marker_child to None, run_after=None
[2025-02-03 22:20:44,949] {logging_mixin.py:115} INFO - [2025-02-03 22:20:44,949] {dag.py:2927} INFO - Setting next_dagrun for example_external_task_marker_parent to None, run_after=None
[2025-02-03 22:20:44,960] {processor.py:161} INFO - Processing /home/luan-capella/Documentos/curso_airflow/airflowalura/venv/lib/python3.9/site-packages/airflow/example_dags/example_external_task_marker_dag.py took 0.054 seconds
[2025-02-03 22:21:21,165] {processor.py:153} INFO - Started process (PID=42847) to work on /home/luan-capella/Documentos/curso_airflow/airflowalura/venv/lib/python3.9/site-packages/airflow/example_dags/example_external_task_marker_dag.py
[2025-02-03 22:21:21,166] {processor.py:641} INFO - Processing file /home/luan-capella/Documentos/curso_airflow/airflowalura/venv/lib/python3.9/site-packages/airflow/example_dags/example_external_task_marker_dag.py for tasks to queue
[2025-02-03 22:21:21,166] {logging_mixin.py:115} INFO - [2025-02-03 22:21:21,166] {dagbag.py:507} INFO - Filling up the DagBag from /home/luan-capella/Documentos/curso_airflow/airflowalura/venv/lib/python3.9/site-packages/airflow/example_dags/example_external_task_marker_dag.py
[2025-02-03 22:21:21,170] {processor.py:651} INFO - DAG(s) dict_keys(['example_external_task_marker_parent', 'example_external_task_marker_child']) retrieved from /home/luan-capella/Documentos/curso_airflow/airflowalura/venv/lib/python3.9/site-packages/airflow/example_dags/example_external_task_marker_dag.py
[2025-02-03 22:21:21,189] {logging_mixin.py:115} INFO - [2025-02-03 22:21:21,189] {dag.py:2379} INFO - Sync 2 DAGs
[2025-02-03 22:21:21,202] {logging_mixin.py:115} INFO - [2025-02-03 22:21:21,202] {dag.py:2927} INFO - Setting next_dagrun for example_external_task_marker_child to None, run_after=None
[2025-02-03 22:21:21,202] {logging_mixin.py:115} INFO - [2025-02-03 22:21:21,202] {dag.py:2927} INFO - Setting next_dagrun for example_external_task_marker_parent to None, run_after=None
[2025-02-03 22:21:21,226] {processor.py:161} INFO - Processing /home/luan-capella/Documentos/curso_airflow/airflowalura/venv/lib/python3.9/site-packages/airflow/example_dags/example_external_task_marker_dag.py took 0.066 seconds
[2025-02-03 22:21:59,262] {processor.py:153} INFO - Started process (PID=43016) to work on /home/luan-capella/Documentos/curso_airflow/airflowalura/venv/lib/python3.9/site-packages/airflow/example_dags/example_external_task_marker_dag.py
[2025-02-03 22:21:59,263] {processor.py:641} INFO - Processing file /home/luan-capella/Documentos/curso_airflow/airflowalura/venv/lib/python3.9/site-packages/airflow/example_dags/example_external_task_marker_dag.py for tasks to queue
[2025-02-03 22:21:59,263] {logging_mixin.py:115} INFO - [2025-02-03 22:21:59,263] {dagbag.py:507} INFO - Filling up the DagBag from /home/luan-capella/Documentos/curso_airflow/airflowalura/venv/lib/python3.9/site-packages/airflow/example_dags/example_external_task_marker_dag.py
[2025-02-03 22:21:59,267] {processor.py:651} INFO - DAG(s) dict_keys(['example_external_task_marker_parent', 'example_external_task_marker_child']) retrieved from /home/luan-capella/Documentos/curso_airflow/airflowalura/venv/lib/python3.9/site-packages/airflow/example_dags/example_external_task_marker_dag.py
[2025-02-03 22:21:59,287] {logging_mixin.py:115} INFO - [2025-02-03 22:21:59,287] {dag.py:2379} INFO - Sync 2 DAGs
[2025-02-03 22:21:59,299] {logging_mixin.py:115} INFO - [2025-02-03 22:21:59,299] {dag.py:2927} INFO - Setting next_dagrun for example_external_task_marker_child to None, run_after=None
[2025-02-03 22:21:59,299] {logging_mixin.py:115} INFO - [2025-02-03 22:21:59,299] {dag.py:2927} INFO - Setting next_dagrun for example_external_task_marker_parent to None, run_after=None
[2025-02-03 22:21:59,310] {processor.py:161} INFO - Processing /home/luan-capella/Documentos/curso_airflow/airflowalura/venv/lib/python3.9/site-packages/airflow/example_dags/example_external_task_marker_dag.py took 0.051 seconds
[2025-02-03 22:22:36,420] {processor.py:153} INFO - Started process (PID=43189) to work on /home/luan-capella/Documentos/curso_airflow/airflowalura/venv/lib/python3.9/site-packages/airflow/example_dags/example_external_task_marker_dag.py
[2025-02-03 22:22:36,430] {processor.py:641} INFO - Processing file /home/luan-capella/Documentos/curso_airflow/airflowalura/venv/lib/python3.9/site-packages/airflow/example_dags/example_external_task_marker_dag.py for tasks to queue
[2025-02-03 22:22:36,430] {logging_mixin.py:115} INFO - [2025-02-03 22:22:36,430] {dagbag.py:507} INFO - Filling up the DagBag from /home/luan-capella/Documentos/curso_airflow/airflowalura/venv/lib/python3.9/site-packages/airflow/example_dags/example_external_task_marker_dag.py
[2025-02-03 22:22:36,435] {processor.py:651} INFO - DAG(s) dict_keys(['example_external_task_marker_parent', 'example_external_task_marker_child']) retrieved from /home/luan-capella/Documentos/curso_airflow/airflowalura/venv/lib/python3.9/site-packages/airflow/example_dags/example_external_task_marker_dag.py
[2025-02-03 22:22:36,455] {logging_mixin.py:115} INFO - [2025-02-03 22:22:36,455] {dag.py:2379} INFO - Sync 2 DAGs
[2025-02-03 22:22:36,467] {logging_mixin.py:115} INFO - [2025-02-03 22:22:36,467] {dag.py:2927} INFO - Setting next_dagrun for example_external_task_marker_child to None, run_after=None
[2025-02-03 22:22:36,468] {logging_mixin.py:115} INFO - [2025-02-03 22:22:36,468] {dag.py:2927} INFO - Setting next_dagrun for example_external_task_marker_parent to None, run_after=None
[2025-02-03 22:22:36,480] {processor.py:161} INFO - Processing /home/luan-capella/Documentos/curso_airflow/airflowalura/venv/lib/python3.9/site-packages/airflow/example_dags/example_external_task_marker_dag.py took 0.065 seconds
[2025-02-03 22:23:12,141] {processor.py:153} INFO - Started process (PID=43443) to work on /home/luan-capella/Documentos/curso_airflow/airflowalura/venv/lib/python3.9/site-packages/airflow/example_dags/example_external_task_marker_dag.py
[2025-02-03 22:23:12,142] {processor.py:641} INFO - Processing file /home/luan-capella/Documentos/curso_airflow/airflowalura/venv/lib/python3.9/site-packages/airflow/example_dags/example_external_task_marker_dag.py for tasks to queue
[2025-02-03 22:23:12,143] {logging_mixin.py:115} INFO - [2025-02-03 22:23:12,143] {dagbag.py:507} INFO - Filling up the DagBag from /home/luan-capella/Documentos/curso_airflow/airflowalura/venv/lib/python3.9/site-packages/airflow/example_dags/example_external_task_marker_dag.py
[2025-02-03 22:23:12,147] {processor.py:651} INFO - DAG(s) dict_keys(['example_external_task_marker_parent', 'example_external_task_marker_child']) retrieved from /home/luan-capella/Documentos/curso_airflow/airflowalura/venv/lib/python3.9/site-packages/airflow/example_dags/example_external_task_marker_dag.py
[2025-02-03 22:23:12,164] {logging_mixin.py:115} INFO - [2025-02-03 22:23:12,164] {dag.py:2379} INFO - Sync 2 DAGs
[2025-02-03 22:23:12,176] {logging_mixin.py:115} INFO - [2025-02-03 22:23:12,176] {dag.py:2927} INFO - Setting next_dagrun for example_external_task_marker_child to None, run_after=None
[2025-02-03 22:23:12,176] {logging_mixin.py:115} INFO - [2025-02-03 22:23:12,176] {dag.py:2927} INFO - Setting next_dagrun for example_external_task_marker_parent to None, run_after=None
[2025-02-03 22:23:12,187] {processor.py:161} INFO - Processing /home/luan-capella/Documentos/curso_airflow/airflowalura/venv/lib/python3.9/site-packages/airflow/example_dags/example_external_task_marker_dag.py took 0.051 seconds
[2025-02-03 22:23:49,362] {processor.py:153} INFO - Started process (PID=43652) to work on /home/luan-capella/Documentos/curso_airflow/airflowalura/venv/lib/python3.9/site-packages/airflow/example_dags/example_external_task_marker_dag.py
[2025-02-03 22:23:49,363] {processor.py:641} INFO - Processing file /home/luan-capella/Documentos/curso_airflow/airflowalura/venv/lib/python3.9/site-packages/airflow/example_dags/example_external_task_marker_dag.py for tasks to queue
[2025-02-03 22:23:49,364] {logging_mixin.py:115} INFO - [2025-02-03 22:23:49,364] {dagbag.py:507} INFO - Filling up the DagBag from /home/luan-capella/Documentos/curso_airflow/airflowalura/venv/lib/python3.9/site-packages/airflow/example_dags/example_external_task_marker_dag.py
[2025-02-03 22:23:49,371] {processor.py:651} INFO - DAG(s) dict_keys(['example_external_task_marker_parent', 'example_external_task_marker_child']) retrieved from /home/luan-capella/Documentos/curso_airflow/airflowalura/venv/lib/python3.9/site-packages/airflow/example_dags/example_external_task_marker_dag.py
[2025-02-03 22:23:49,390] {logging_mixin.py:115} INFO - [2025-02-03 22:23:49,390] {dag.py:2379} INFO - Sync 2 DAGs
[2025-02-03 22:23:49,403] {logging_mixin.py:115} INFO - [2025-02-03 22:23:49,402] {dag.py:2927} INFO - Setting next_dagrun for example_external_task_marker_child to None, run_after=None
[2025-02-03 22:23:49,403] {logging_mixin.py:115} INFO - [2025-02-03 22:23:49,403] {dag.py:2927} INFO - Setting next_dagrun for example_external_task_marker_parent to None, run_after=None
[2025-02-03 22:23:49,414] {processor.py:161} INFO - Processing /home/luan-capella/Documentos/curso_airflow/airflowalura/venv/lib/python3.9/site-packages/airflow/example_dags/example_external_task_marker_dag.py took 0.057 seconds
[2025-02-03 22:24:57,991] {processor.py:153} INFO - Started process (PID=44325) to work on /home/luan-capella/Documentos/curso_airflow/airflowalura/venv/lib/python3.9/site-packages/airflow/example_dags/example_external_task_marker_dag.py
[2025-02-03 22:24:57,992] {processor.py:641} INFO - Processing file /home/luan-capella/Documentos/curso_airflow/airflowalura/venv/lib/python3.9/site-packages/airflow/example_dags/example_external_task_marker_dag.py for tasks to queue
[2025-02-03 22:24:57,993] {logging_mixin.py:115} INFO - [2025-02-03 22:24:57,993] {dagbag.py:507} INFO - Filling up the DagBag from /home/luan-capella/Documentos/curso_airflow/airflowalura/venv/lib/python3.9/site-packages/airflow/example_dags/example_external_task_marker_dag.py
[2025-02-03 22:24:57,997] {processor.py:651} INFO - DAG(s) dict_keys(['example_external_task_marker_parent', 'example_external_task_marker_child']) retrieved from /home/luan-capella/Documentos/curso_airflow/airflowalura/venv/lib/python3.9/site-packages/airflow/example_dags/example_external_task_marker_dag.py
[2025-02-03 22:24:58,015] {logging_mixin.py:115} INFO - [2025-02-03 22:24:58,015] {dag.py:2379} INFO - Sync 2 DAGs
[2025-02-03 22:24:58,027] {logging_mixin.py:115} INFO - [2025-02-03 22:24:58,027] {dag.py:2927} INFO - Setting next_dagrun for example_external_task_marker_child to None, run_after=None
[2025-02-03 22:24:58,027] {logging_mixin.py:115} INFO - [2025-02-03 22:24:58,027] {dag.py:2927} INFO - Setting next_dagrun for example_external_task_marker_parent to None, run_after=None
[2025-02-03 22:24:58,038] {processor.py:161} INFO - Processing /home/luan-capella/Documentos/curso_airflow/airflowalura/venv/lib/python3.9/site-packages/airflow/example_dags/example_external_task_marker_dag.py took 0.049 seconds
[2025-02-03 22:25:34,255] {processor.py:153} INFO - Started process (PID=44628) to work on /home/luan-capella/Documentos/curso_airflow/airflowalura/venv/lib/python3.9/site-packages/airflow/example_dags/example_external_task_marker_dag.py
[2025-02-03 22:25:34,260] {processor.py:641} INFO - Processing file /home/luan-capella/Documentos/curso_airflow/airflowalura/venv/lib/python3.9/site-packages/airflow/example_dags/example_external_task_marker_dag.py for tasks to queue
[2025-02-03 22:25:34,260] {logging_mixin.py:115} INFO - [2025-02-03 22:25:34,260] {dagbag.py:507} INFO - Filling up the DagBag from /home/luan-capella/Documentos/curso_airflow/airflowalura/venv/lib/python3.9/site-packages/airflow/example_dags/example_external_task_marker_dag.py
[2025-02-03 22:25:34,264] {processor.py:651} INFO - DAG(s) dict_keys(['example_external_task_marker_parent', 'example_external_task_marker_child']) retrieved from /home/luan-capella/Documentos/curso_airflow/airflowalura/venv/lib/python3.9/site-packages/airflow/example_dags/example_external_task_marker_dag.py
[2025-02-03 22:25:34,282] {logging_mixin.py:115} INFO - [2025-02-03 22:25:34,282] {dag.py:2379} INFO - Sync 2 DAGs
[2025-02-03 22:25:34,295] {logging_mixin.py:115} INFO - [2025-02-03 22:25:34,295] {dag.py:2927} INFO - Setting next_dagrun for example_external_task_marker_child to None, run_after=None
[2025-02-03 22:25:34,295] {logging_mixin.py:115} INFO - [2025-02-03 22:25:34,295] {dag.py:2927} INFO - Setting next_dagrun for example_external_task_marker_parent to None, run_after=None
[2025-02-03 22:25:34,312] {processor.py:161} INFO - Processing /home/luan-capella/Documentos/curso_airflow/airflowalura/venv/lib/python3.9/site-packages/airflow/example_dags/example_external_task_marker_dag.py took 0.060 seconds
[2025-02-03 22:26:12,638] {processor.py:153} INFO - Started process (PID=44925) to work on /home/luan-capella/Documentos/curso_airflow/airflowalura/venv/lib/python3.9/site-packages/airflow/example_dags/example_external_task_marker_dag.py
[2025-02-03 22:26:12,639] {processor.py:641} INFO - Processing file /home/luan-capella/Documentos/curso_airflow/airflowalura/venv/lib/python3.9/site-packages/airflow/example_dags/example_external_task_marker_dag.py for tasks to queue
[2025-02-03 22:26:12,639] {logging_mixin.py:115} INFO - [2025-02-03 22:26:12,639] {dagbag.py:507} INFO - Filling up the DagBag from /home/luan-capella/Documentos/curso_airflow/airflowalura/venv/lib/python3.9/site-packages/airflow/example_dags/example_external_task_marker_dag.py
[2025-02-03 22:26:12,646] {processor.py:651} INFO - DAG(s) dict_keys(['example_external_task_marker_parent', 'example_external_task_marker_child']) retrieved from /home/luan-capella/Documentos/curso_airflow/airflowalura/venv/lib/python3.9/site-packages/airflow/example_dags/example_external_task_marker_dag.py
[2025-02-03 22:26:12,666] {logging_mixin.py:115} INFO - [2025-02-03 22:26:12,666] {dag.py:2379} INFO - Sync 2 DAGs
[2025-02-03 22:26:12,679] {logging_mixin.py:115} INFO - [2025-02-03 22:26:12,679] {dag.py:2927} INFO - Setting next_dagrun for example_external_task_marker_child to None, run_after=None
[2025-02-03 22:26:12,679] {logging_mixin.py:115} INFO - [2025-02-03 22:26:12,679] {dag.py:2927} INFO - Setting next_dagrun for example_external_task_marker_parent to None, run_after=None
[2025-02-03 22:26:12,691] {processor.py:161} INFO - Processing /home/luan-capella/Documentos/curso_airflow/airflowalura/venv/lib/python3.9/site-packages/airflow/example_dags/example_external_task_marker_dag.py took 0.057 seconds
[2025-02-03 22:26:50,467] {processor.py:153} INFO - Started process (PID=45110) to work on /home/luan-capella/Documentos/curso_airflow/airflowalura/venv/lib/python3.9/site-packages/airflow/example_dags/example_external_task_marker_dag.py
[2025-02-03 22:26:50,468] {processor.py:641} INFO - Processing file /home/luan-capella/Documentos/curso_airflow/airflowalura/venv/lib/python3.9/site-packages/airflow/example_dags/example_external_task_marker_dag.py for tasks to queue
[2025-02-03 22:26:50,469] {logging_mixin.py:115} INFO - [2025-02-03 22:26:50,469] {dagbag.py:507} INFO - Filling up the DagBag from /home/luan-capella/Documentos/curso_airflow/airflowalura/venv/lib/python3.9/site-packages/airflow/example_dags/example_external_task_marker_dag.py
[2025-02-03 22:26:50,473] {processor.py:651} INFO - DAG(s) dict_keys(['example_external_task_marker_parent', 'example_external_task_marker_child']) retrieved from /home/luan-capella/Documentos/curso_airflow/airflowalura/venv/lib/python3.9/site-packages/airflow/example_dags/example_external_task_marker_dag.py
[2025-02-03 22:26:50,490] {logging_mixin.py:115} INFO - [2025-02-03 22:26:50,490] {dag.py:2379} INFO - Sync 2 DAGs
[2025-02-03 22:26:50,503] {logging_mixin.py:115} INFO - [2025-02-03 22:26:50,502] {dag.py:2927} INFO - Setting next_dagrun for example_external_task_marker_child to None, run_after=None
[2025-02-03 22:26:50,503] {logging_mixin.py:115} INFO - [2025-02-03 22:26:50,503] {dag.py:2927} INFO - Setting next_dagrun for example_external_task_marker_parent to None, run_after=None
[2025-02-03 22:26:50,514] {processor.py:161} INFO - Processing /home/luan-capella/Documentos/curso_airflow/airflowalura/venv/lib/python3.9/site-packages/airflow/example_dags/example_external_task_marker_dag.py took 0.051 seconds
[2025-02-03 22:27:26,559] {processor.py:153} INFO - Started process (PID=45290) to work on /home/luan-capella/Documentos/curso_airflow/airflowalura/venv/lib/python3.9/site-packages/airflow/example_dags/example_external_task_marker_dag.py
[2025-02-03 22:27:26,560] {processor.py:641} INFO - Processing file /home/luan-capella/Documentos/curso_airflow/airflowalura/venv/lib/python3.9/site-packages/airflow/example_dags/example_external_task_marker_dag.py for tasks to queue
[2025-02-03 22:27:26,561] {logging_mixin.py:115} INFO - [2025-02-03 22:27:26,561] {dagbag.py:507} INFO - Filling up the DagBag from /home/luan-capella/Documentos/curso_airflow/airflowalura/venv/lib/python3.9/site-packages/airflow/example_dags/example_external_task_marker_dag.py
[2025-02-03 22:27:26,567] {processor.py:651} INFO - DAG(s) dict_keys(['example_external_task_marker_parent', 'example_external_task_marker_child']) retrieved from /home/luan-capella/Documentos/curso_airflow/airflowalura/venv/lib/python3.9/site-packages/airflow/example_dags/example_external_task_marker_dag.py
[2025-02-03 22:27:26,586] {logging_mixin.py:115} INFO - [2025-02-03 22:27:26,586] {dag.py:2379} INFO - Sync 2 DAGs
[2025-02-03 22:27:26,598] {logging_mixin.py:115} INFO - [2025-02-03 22:27:26,598] {dag.py:2927} INFO - Setting next_dagrun for example_external_task_marker_child to None, run_after=None
[2025-02-03 22:27:26,598] {logging_mixin.py:115} INFO - [2025-02-03 22:27:26,598] {dag.py:2927} INFO - Setting next_dagrun for example_external_task_marker_parent to None, run_after=None
[2025-02-03 22:27:26,609] {processor.py:161} INFO - Processing /home/luan-capella/Documentos/curso_airflow/airflowalura/venv/lib/python3.9/site-packages/airflow/example_dags/example_external_task_marker_dag.py took 0.054 seconds
[2025-02-03 22:28:03,540] {processor.py:153} INFO - Started process (PID=45467) to work on /home/luan-capella/Documentos/curso_airflow/airflowalura/venv/lib/python3.9/site-packages/airflow/example_dags/example_external_task_marker_dag.py
[2025-02-03 22:28:03,541] {processor.py:641} INFO - Processing file /home/luan-capella/Documentos/curso_airflow/airflowalura/venv/lib/python3.9/site-packages/airflow/example_dags/example_external_task_marker_dag.py for tasks to queue
[2025-02-03 22:28:03,541] {logging_mixin.py:115} INFO - [2025-02-03 22:28:03,541] {dagbag.py:507} INFO - Filling up the DagBag from /home/luan-capella/Documentos/curso_airflow/airflowalura/venv/lib/python3.9/site-packages/airflow/example_dags/example_external_task_marker_dag.py
[2025-02-03 22:28:03,545] {processor.py:651} INFO - DAG(s) dict_keys(['example_external_task_marker_parent', 'example_external_task_marker_child']) retrieved from /home/luan-capella/Documentos/curso_airflow/airflowalura/venv/lib/python3.9/site-packages/airflow/example_dags/example_external_task_marker_dag.py
[2025-02-03 22:28:03,565] {logging_mixin.py:115} INFO - [2025-02-03 22:28:03,564] {dag.py:2379} INFO - Sync 2 DAGs
[2025-02-03 22:28:03,577] {logging_mixin.py:115} INFO - [2025-02-03 22:28:03,577] {dag.py:2927} INFO - Setting next_dagrun for example_external_task_marker_child to None, run_after=None
[2025-02-03 22:28:03,577] {logging_mixin.py:115} INFO - [2025-02-03 22:28:03,577] {dag.py:2927} INFO - Setting next_dagrun for example_external_task_marker_parent to None, run_after=None
[2025-02-03 22:28:03,587] {processor.py:161} INFO - Processing /home/luan-capella/Documentos/curso_airflow/airflowalura/venv/lib/python3.9/site-packages/airflow/example_dags/example_external_task_marker_dag.py took 0.050 seconds
