[2025-02-03 22:20:52,246] {processor.py:153} INFO - Started process (PID=42626) to work on /home/luan-capella/Documentos/curso_airflow/airflowalura/venv/lib/python3.9/site-packages/airflow/example_dags/example_bash_operator.py
[2025-02-03 22:20:52,248] {processor.py:641} INFO - Processing file /home/luan-capella/Documentos/curso_airflow/airflowalura/venv/lib/python3.9/site-packages/airflow/example_dags/example_bash_operator.py for tasks to queue
[2025-02-03 22:20:52,248] {logging_mixin.py:115} INFO - [2025-02-03 22:20:52,248] {dagbag.py:507} INFO - Filling up the DagBag from /home/luan-capella/Documentos/curso_airflow/airflowalura/venv/lib/python3.9/site-packages/airflow/example_dags/example_bash_operator.py
[2025-02-03 22:20:52,261] {processor.py:651} INFO - DAG(s) dict_keys(['example_bash_operator']) retrieved from /home/luan-capella/Documentos/curso_airflow/airflowalura/venv/lib/python3.9/site-packages/airflow/example_dags/example_bash_operator.py
[2025-02-03 22:20:52,274] {logging_mixin.py:115} INFO - [2025-02-03 22:20:52,273] {dag.py:2379} INFO - Sync 1 DAGs
[2025-02-03 22:20:52,288] {logging_mixin.py:115} INFO - [2025-02-03 22:20:52,287] {dag.py:2927} INFO - Setting next_dagrun for example_bash_operator to 2025-02-03T00:00:00+00:00, run_after=2025-02-04T00:00:00+00:00
[2025-02-03 22:20:52,301] {processor.py:161} INFO - Processing /home/luan-capella/Documentos/curso_airflow/airflowalura/venv/lib/python3.9/site-packages/airflow/example_dags/example_bash_operator.py took 0.060 seconds
[2025-02-03 22:21:31,167] {processor.py:153} INFO - Started process (PID=42892) to work on /home/luan-capella/Documentos/curso_airflow/airflowalura/venv/lib/python3.9/site-packages/airflow/example_dags/example_bash_operator.py
[2025-02-03 22:21:31,168] {processor.py:641} INFO - Processing file /home/luan-capella/Documentos/curso_airflow/airflowalura/venv/lib/python3.9/site-packages/airflow/example_dags/example_bash_operator.py for tasks to queue
[2025-02-03 22:21:31,168] {logging_mixin.py:115} INFO - [2025-02-03 22:21:31,168] {dagbag.py:507} INFO - Filling up the DagBag from /home/luan-capella/Documentos/curso_airflow/airflowalura/venv/lib/python3.9/site-packages/airflow/example_dags/example_bash_operator.py
[2025-02-03 22:21:31,176] {processor.py:651} INFO - DAG(s) dict_keys(['example_bash_operator']) retrieved from /home/luan-capella/Documentos/curso_airflow/airflowalura/venv/lib/python3.9/site-packages/airflow/example_dags/example_bash_operator.py
[2025-02-03 22:21:31,188] {logging_mixin.py:115} INFO - [2025-02-03 22:21:31,188] {dag.py:2379} INFO - Sync 1 DAGs
[2025-02-03 22:21:31,201] {logging_mixin.py:115} INFO - [2025-02-03 22:21:31,201] {dag.py:2927} INFO - Setting next_dagrun for example_bash_operator to 2025-02-03T00:00:00+00:00, run_after=2025-02-04T00:00:00+00:00
[2025-02-03 22:21:31,212] {processor.py:161} INFO - Processing /home/luan-capella/Documentos/curso_airflow/airflowalura/venv/lib/python3.9/site-packages/airflow/example_dags/example_bash_operator.py took 0.048 seconds
[2025-02-03 22:22:10,295] {processor.py:153} INFO - Started process (PID=43059) to work on /home/luan-capella/Documentos/curso_airflow/airflowalura/venv/lib/python3.9/site-packages/airflow/example_dags/example_bash_operator.py
[2025-02-03 22:22:10,296] {processor.py:641} INFO - Processing file /home/luan-capella/Documentos/curso_airflow/airflowalura/venv/lib/python3.9/site-packages/airflow/example_dags/example_bash_operator.py for tasks to queue
[2025-02-03 22:22:10,297] {logging_mixin.py:115} INFO - [2025-02-03 22:22:10,297] {dagbag.py:507} INFO - Filling up the DagBag from /home/luan-capella/Documentos/curso_airflow/airflowalura/venv/lib/python3.9/site-packages/airflow/example_dags/example_bash_operator.py
[2025-02-03 22:22:10,308] {processor.py:651} INFO - DAG(s) dict_keys(['example_bash_operator']) retrieved from /home/luan-capella/Documentos/curso_airflow/airflowalura/venv/lib/python3.9/site-packages/airflow/example_dags/example_bash_operator.py
[2025-02-03 22:22:10,320] {logging_mixin.py:115} INFO - [2025-02-03 22:22:10,320] {dag.py:2379} INFO - Sync 1 DAGs
[2025-02-03 22:22:10,335] {logging_mixin.py:115} INFO - [2025-02-03 22:22:10,335] {dag.py:2927} INFO - Setting next_dagrun for example_bash_operator to 2025-02-03T00:00:00+00:00, run_after=2025-02-04T00:00:00+00:00
[2025-02-03 22:22:10,346] {processor.py:161} INFO - Processing /home/luan-capella/Documentos/curso_airflow/airflowalura/venv/lib/python3.9/site-packages/airflow/example_dags/example_bash_operator.py took 0.053 seconds
[2025-02-03 22:22:46,348] {processor.py:153} INFO - Started process (PID=43230) to work on /home/luan-capella/Documentos/curso_airflow/airflowalura/venv/lib/python3.9/site-packages/airflow/example_dags/example_bash_operator.py
[2025-02-03 22:22:46,355] {processor.py:641} INFO - Processing file /home/luan-capella/Documentos/curso_airflow/airflowalura/venv/lib/python3.9/site-packages/airflow/example_dags/example_bash_operator.py for tasks to queue
[2025-02-03 22:22:46,356] {logging_mixin.py:115} INFO - [2025-02-03 22:22:46,356] {dagbag.py:507} INFO - Filling up the DagBag from /home/luan-capella/Documentos/curso_airflow/airflowalura/venv/lib/python3.9/site-packages/airflow/example_dags/example_bash_operator.py
[2025-02-03 22:22:46,371] {processor.py:651} INFO - DAG(s) dict_keys(['example_bash_operator']) retrieved from /home/luan-capella/Documentos/curso_airflow/airflowalura/venv/lib/python3.9/site-packages/airflow/example_dags/example_bash_operator.py
[2025-02-03 22:22:46,383] {logging_mixin.py:115} INFO - [2025-02-03 22:22:46,383] {dag.py:2379} INFO - Sync 1 DAGs
[2025-02-03 22:22:46,397] {logging_mixin.py:115} INFO - [2025-02-03 22:22:46,397] {dag.py:2927} INFO - Setting next_dagrun for example_bash_operator to 2025-02-03T00:00:00+00:00, run_after=2025-02-04T00:00:00+00:00
[2025-02-03 22:22:46,422] {processor.py:161} INFO - Processing /home/luan-capella/Documentos/curso_airflow/airflowalura/venv/lib/python3.9/site-packages/airflow/example_dags/example_bash_operator.py took 0.079 seconds
[2025-02-03 22:23:22,378] {processor.py:153} INFO - Started process (PID=43521) to work on /home/luan-capella/Documentos/curso_airflow/airflowalura/venv/lib/python3.9/site-packages/airflow/example_dags/example_bash_operator.py
[2025-02-03 22:23:22,379] {processor.py:641} INFO - Processing file /home/luan-capella/Documentos/curso_airflow/airflowalura/venv/lib/python3.9/site-packages/airflow/example_dags/example_bash_operator.py for tasks to queue
[2025-02-03 22:23:22,380] {logging_mixin.py:115} INFO - [2025-02-03 22:23:22,380] {dagbag.py:507} INFO - Filling up the DagBag from /home/luan-capella/Documentos/curso_airflow/airflowalura/venv/lib/python3.9/site-packages/airflow/example_dags/example_bash_operator.py
[2025-02-03 22:23:22,391] {processor.py:651} INFO - DAG(s) dict_keys(['example_bash_operator']) retrieved from /home/luan-capella/Documentos/curso_airflow/airflowalura/venv/lib/python3.9/site-packages/airflow/example_dags/example_bash_operator.py
[2025-02-03 22:23:22,403] {logging_mixin.py:115} INFO - [2025-02-03 22:23:22,403] {dag.py:2379} INFO - Sync 1 DAGs
[2025-02-03 22:23:22,416] {logging_mixin.py:115} INFO - [2025-02-03 22:23:22,416] {dag.py:2927} INFO - Setting next_dagrun for example_bash_operator to 2025-02-03T00:00:00+00:00, run_after=2025-02-04T00:00:00+00:00
[2025-02-03 22:23:22,427] {processor.py:161} INFO - Processing /home/luan-capella/Documentos/curso_airflow/airflowalura/venv/lib/python3.9/site-packages/airflow/example_dags/example_bash_operator.py took 0.053 seconds
[2025-02-03 22:23:58,533] {processor.py:153} INFO - Started process (PID=43686) to work on /home/luan-capella/Documentos/curso_airflow/airflowalura/venv/lib/python3.9/site-packages/airflow/example_dags/example_bash_operator.py
[2025-02-03 22:23:58,534] {processor.py:641} INFO - Processing file /home/luan-capella/Documentos/curso_airflow/airflowalura/venv/lib/python3.9/site-packages/airflow/example_dags/example_bash_operator.py for tasks to queue
[2025-02-03 22:23:58,535] {logging_mixin.py:115} INFO - [2025-02-03 22:23:58,535] {dagbag.py:507} INFO - Filling up the DagBag from /home/luan-capella/Documentos/curso_airflow/airflowalura/venv/lib/python3.9/site-packages/airflow/example_dags/example_bash_operator.py
[2025-02-03 22:23:58,545] {processor.py:651} INFO - DAG(s) dict_keys(['example_bash_operator']) retrieved from /home/luan-capella/Documentos/curso_airflow/airflowalura/venv/lib/python3.9/site-packages/airflow/example_dags/example_bash_operator.py
[2025-02-03 22:23:58,557] {logging_mixin.py:115} INFO - [2025-02-03 22:23:58,557] {dag.py:2379} INFO - Sync 1 DAGs
[2025-02-03 22:23:58,570] {logging_mixin.py:115} INFO - [2025-02-03 22:23:58,570] {dag.py:2927} INFO - Setting next_dagrun for example_bash_operator to 2025-02-03T00:00:00+00:00, run_after=2025-02-04T00:00:00+00:00
[2025-02-03 22:23:58,581] {processor.py:161} INFO - Processing /home/luan-capella/Documentos/curso_airflow/airflowalura/venv/lib/python3.9/site-packages/airflow/example_dags/example_bash_operator.py took 0.053 seconds
[2025-02-03 22:25:04,295] {processor.py:153} INFO - Started process (PID=44408) to work on /home/luan-capella/Documentos/curso_airflow/airflowalura/venv/lib/python3.9/site-packages/airflow/example_dags/example_bash_operator.py
[2025-02-03 22:25:04,297] {processor.py:641} INFO - Processing file /home/luan-capella/Documentos/curso_airflow/airflowalura/venv/lib/python3.9/site-packages/airflow/example_dags/example_bash_operator.py for tasks to queue
[2025-02-03 22:25:04,297] {logging_mixin.py:115} INFO - [2025-02-03 22:25:04,297] {dagbag.py:507} INFO - Filling up the DagBag from /home/luan-capella/Documentos/curso_airflow/airflowalura/venv/lib/python3.9/site-packages/airflow/example_dags/example_bash_operator.py
[2025-02-03 22:25:04,309] {processor.py:651} INFO - DAG(s) dict_keys(['example_bash_operator']) retrieved from /home/luan-capella/Documentos/curso_airflow/airflowalura/venv/lib/python3.9/site-packages/airflow/example_dags/example_bash_operator.py
[2025-02-03 22:25:04,321] {logging_mixin.py:115} INFO - [2025-02-03 22:25:04,321] {dag.py:2379} INFO - Sync 1 DAGs
[2025-02-03 22:25:04,333] {logging_mixin.py:115} INFO - [2025-02-03 22:25:04,333] {dag.py:2927} INFO - Setting next_dagrun for example_bash_operator to 2025-02-03T00:00:00+00:00, run_after=2025-02-04T00:00:00+00:00
[2025-02-03 22:25:04,344] {processor.py:161} INFO - Processing /home/luan-capella/Documentos/curso_airflow/airflowalura/venv/lib/python3.9/site-packages/airflow/example_dags/example_bash_operator.py took 0.053 seconds
[2025-02-03 22:25:43,346] {processor.py:153} INFO - Started process (PID=44668) to work on /home/luan-capella/Documentos/curso_airflow/airflowalura/venv/lib/python3.9/site-packages/airflow/example_dags/example_bash_operator.py
[2025-02-03 22:25:43,347] {processor.py:641} INFO - Processing file /home/luan-capella/Documentos/curso_airflow/airflowalura/venv/lib/python3.9/site-packages/airflow/example_dags/example_bash_operator.py for tasks to queue
[2025-02-03 22:25:43,347] {logging_mixin.py:115} INFO - [2025-02-03 22:25:43,347] {dagbag.py:507} INFO - Filling up the DagBag from /home/luan-capella/Documentos/curso_airflow/airflowalura/venv/lib/python3.9/site-packages/airflow/example_dags/example_bash_operator.py
[2025-02-03 22:25:43,359] {processor.py:651} INFO - DAG(s) dict_keys(['example_bash_operator']) retrieved from /home/luan-capella/Documentos/curso_airflow/airflowalura/venv/lib/python3.9/site-packages/airflow/example_dags/example_bash_operator.py
[2025-02-03 22:25:43,371] {logging_mixin.py:115} INFO - [2025-02-03 22:25:43,371] {dag.py:2379} INFO - Sync 1 DAGs
[2025-02-03 22:25:43,384] {logging_mixin.py:115} INFO - [2025-02-03 22:25:43,384] {dag.py:2927} INFO - Setting next_dagrun for example_bash_operator to 2025-02-03T00:00:00+00:00, run_after=2025-02-04T00:00:00+00:00
[2025-02-03 22:25:43,395] {processor.py:161} INFO - Processing /home/luan-capella/Documentos/curso_airflow/airflowalura/venv/lib/python3.9/site-packages/airflow/example_dags/example_bash_operator.py took 0.053 seconds
[2025-02-03 22:26:20,639] {processor.py:153} INFO - Started process (PID=44958) to work on /home/luan-capella/Documentos/curso_airflow/airflowalura/venv/lib/python3.9/site-packages/airflow/example_dags/example_bash_operator.py
[2025-02-03 22:26:20,640] {processor.py:641} INFO - Processing file /home/luan-capella/Documentos/curso_airflow/airflowalura/venv/lib/python3.9/site-packages/airflow/example_dags/example_bash_operator.py for tasks to queue
[2025-02-03 22:26:20,641] {logging_mixin.py:115} INFO - [2025-02-03 22:26:20,641] {dagbag.py:507} INFO - Filling up the DagBag from /home/luan-capella/Documentos/curso_airflow/airflowalura/venv/lib/python3.9/site-packages/airflow/example_dags/example_bash_operator.py
[2025-02-03 22:26:20,652] {processor.py:651} INFO - DAG(s) dict_keys(['example_bash_operator']) retrieved from /home/luan-capella/Documentos/curso_airflow/airflowalura/venv/lib/python3.9/site-packages/airflow/example_dags/example_bash_operator.py
[2025-02-03 22:26:20,664] {logging_mixin.py:115} INFO - [2025-02-03 22:26:20,664] {dag.py:2379} INFO - Sync 1 DAGs
[2025-02-03 22:26:20,676] {logging_mixin.py:115} INFO - [2025-02-03 22:26:20,676] {dag.py:2927} INFO - Setting next_dagrun for example_bash_operator to 2025-02-03T00:00:00+00:00, run_after=2025-02-04T00:00:00+00:00
[2025-02-03 22:26:20,687] {processor.py:161} INFO - Processing /home/luan-capella/Documentos/curso_airflow/airflowalura/venv/lib/python3.9/site-packages/airflow/example_dags/example_bash_operator.py took 0.053 seconds
[2025-02-03 22:27:02,449] {processor.py:153} INFO - Started process (PID=45179) to work on /home/luan-capella/Documentos/curso_airflow/airflowalura/venv/lib/python3.9/site-packages/airflow/example_dags/example_bash_operator.py
[2025-02-03 22:27:02,450] {processor.py:641} INFO - Processing file /home/luan-capella/Documentos/curso_airflow/airflowalura/venv/lib/python3.9/site-packages/airflow/example_dags/example_bash_operator.py for tasks to queue
[2025-02-03 22:27:02,451] {logging_mixin.py:115} INFO - [2025-02-03 22:27:02,451] {dagbag.py:507} INFO - Filling up the DagBag from /home/luan-capella/Documentos/curso_airflow/airflowalura/venv/lib/python3.9/site-packages/airflow/example_dags/example_bash_operator.py
[2025-02-03 22:27:02,464] {processor.py:651} INFO - DAG(s) dict_keys(['example_bash_operator']) retrieved from /home/luan-capella/Documentos/curso_airflow/airflowalura/venv/lib/python3.9/site-packages/airflow/example_dags/example_bash_operator.py
[2025-02-03 22:27:02,476] {logging_mixin.py:115} INFO - [2025-02-03 22:27:02,476] {dag.py:2379} INFO - Sync 1 DAGs
[2025-02-03 22:27:02,489] {logging_mixin.py:115} INFO - [2025-02-03 22:27:02,489] {dag.py:2927} INFO - Setting next_dagrun for example_bash_operator to 2025-02-03T00:00:00+00:00, run_after=2025-02-04T00:00:00+00:00
[2025-02-03 22:27:02,500] {processor.py:161} INFO - Processing /home/luan-capella/Documentos/curso_airflow/airflowalura/venv/lib/python3.9/site-packages/airflow/example_dags/example_bash_operator.py took 0.056 seconds
[2025-02-03 22:27:44,191] {processor.py:153} INFO - Started process (PID=45371) to work on /home/luan-capella/Documentos/curso_airflow/airflowalura/venv/lib/python3.9/site-packages/airflow/example_dags/example_bash_operator.py
[2025-02-03 22:27:44,192] {processor.py:641} INFO - Processing file /home/luan-capella/Documentos/curso_airflow/airflowalura/venv/lib/python3.9/site-packages/airflow/example_dags/example_bash_operator.py for tasks to queue
[2025-02-03 22:27:44,192] {logging_mixin.py:115} INFO - [2025-02-03 22:27:44,192] {dagbag.py:507} INFO - Filling up the DagBag from /home/luan-capella/Documentos/curso_airflow/airflowalura/venv/lib/python3.9/site-packages/airflow/example_dags/example_bash_operator.py
[2025-02-03 22:27:44,203] {processor.py:651} INFO - DAG(s) dict_keys(['example_bash_operator']) retrieved from /home/luan-capella/Documentos/curso_airflow/airflowalura/venv/lib/python3.9/site-packages/airflow/example_dags/example_bash_operator.py
[2025-02-03 22:27:44,215] {logging_mixin.py:115} INFO - [2025-02-03 22:27:44,215] {dag.py:2379} INFO - Sync 1 DAGs
[2025-02-03 22:27:44,228] {logging_mixin.py:115} INFO - [2025-02-03 22:27:44,228] {dag.py:2927} INFO - Setting next_dagrun for example_bash_operator to 2025-02-03T00:00:00+00:00, run_after=2025-02-04T00:00:00+00:00
[2025-02-03 22:27:44,239] {processor.py:161} INFO - Processing /home/luan-capella/Documentos/curso_airflow/airflowalura/venv/lib/python3.9/site-packages/airflow/example_dags/example_bash_operator.py took 0.053 seconds
[2025-02-03 22:28:21,889] {processor.py:153} INFO - Started process (PID=45574) to work on /home/luan-capella/Documentos/curso_airflow/airflowalura/venv/lib/python3.9/site-packages/airflow/example_dags/example_bash_operator.py
[2025-02-03 22:28:21,890] {processor.py:641} INFO - Processing file /home/luan-capella/Documentos/curso_airflow/airflowalura/venv/lib/python3.9/site-packages/airflow/example_dags/example_bash_operator.py for tasks to queue
[2025-02-03 22:28:21,890] {logging_mixin.py:115} INFO - [2025-02-03 22:28:21,890] {dagbag.py:507} INFO - Filling up the DagBag from /home/luan-capella/Documentos/curso_airflow/airflowalura/venv/lib/python3.9/site-packages/airflow/example_dags/example_bash_operator.py
[2025-02-03 22:28:21,898] {processor.py:651} INFO - DAG(s) dict_keys(['example_bash_operator']) retrieved from /home/luan-capella/Documentos/curso_airflow/airflowalura/venv/lib/python3.9/site-packages/airflow/example_dags/example_bash_operator.py
[2025-02-03 22:28:21,911] {logging_mixin.py:115} INFO - [2025-02-03 22:28:21,911] {dag.py:2379} INFO - Sync 1 DAGs
[2025-02-03 22:28:21,925] {logging_mixin.py:115} INFO - [2025-02-03 22:28:21,925] {dag.py:2927} INFO - Setting next_dagrun for example_bash_operator to 2025-02-03T00:00:00+00:00, run_after=2025-02-04T00:00:00+00:00
[2025-02-03 22:28:21,941] {processor.py:161} INFO - Processing /home/luan-capella/Documentos/curso_airflow/airflowalura/venv/lib/python3.9/site-packages/airflow/example_dags/example_bash_operator.py took 0.055 seconds
