[2025-02-03 22:20:45,735] {processor.py:153} INFO - Started process (PID=42540) to work on /home/luan-capella/Documentos/curso_airflow/airflowalura/venv/lib/python3.9/site-packages/airflow/example_dags/example_branch_datetime_operator.py
[2025-02-03 22:20:45,736] {processor.py:641} INFO - Processing file /home/luan-capella/Documentos/curso_airflow/airflowalura/venv/lib/python3.9/site-packages/airflow/example_dags/example_branch_datetime_operator.py for tasks to queue
[2025-02-03 22:20:45,737] {logging_mixin.py:115} INFO - [2025-02-03 22:20:45,737] {dagbag.py:507} INFO - Filling up the DagBag from /home/luan-capella/Documentos/curso_airflow/airflowalura/venv/lib/python3.9/site-packages/airflow/example_dags/example_branch_datetime_operator.py
[2025-02-03 22:20:45,746] {processor.py:651} INFO - DAG(s) dict_keys(['example_branch_datetime_operator_2']) retrieved from /home/luan-capella/Documentos/curso_airflow/airflowalura/venv/lib/python3.9/site-packages/airflow/example_dags/example_branch_datetime_operator.py
[2025-02-03 22:20:45,761] {logging_mixin.py:115} INFO - [2025-02-03 22:20:45,761] {dag.py:2379} INFO - Sync 1 DAGs
[2025-02-03 22:20:45,774] {logging_mixin.py:115} INFO - [2025-02-03 22:20:45,774] {dag.py:2927} INFO - Setting next_dagrun for example_branch_datetime_operator_2 to 2025-02-03T00:00:00+00:00, run_after=2025-02-04T00:00:00+00:00
[2025-02-03 22:20:45,787] {processor.py:161} INFO - Processing /home/luan-capella/Documentos/curso_airflow/airflowalura/venv/lib/python3.9/site-packages/airflow/example_dags/example_branch_datetime_operator.py took 0.057 seconds
[2025-02-03 22:21:22,305] {processor.py:153} INFO - Started process (PID=42848) to work on /home/luan-capella/Documentos/curso_airflow/airflowalura/venv/lib/python3.9/site-packages/airflow/example_dags/example_branch_datetime_operator.py
[2025-02-03 22:21:22,310] {processor.py:641} INFO - Processing file /home/luan-capella/Documentos/curso_airflow/airflowalura/venv/lib/python3.9/site-packages/airflow/example_dags/example_branch_datetime_operator.py for tasks to queue
[2025-02-03 22:21:22,310] {logging_mixin.py:115} INFO - [2025-02-03 22:21:22,310] {dagbag.py:507} INFO - Filling up the DagBag from /home/luan-capella/Documentos/curso_airflow/airflowalura/venv/lib/python3.9/site-packages/airflow/example_dags/example_branch_datetime_operator.py
[2025-02-03 22:21:22,317] {processor.py:651} INFO - DAG(s) dict_keys(['example_branch_datetime_operator_2']) retrieved from /home/luan-capella/Documentos/curso_airflow/airflowalura/venv/lib/python3.9/site-packages/airflow/example_dags/example_branch_datetime_operator.py
[2025-02-03 22:21:22,330] {logging_mixin.py:115} INFO - [2025-02-03 22:21:22,330] {dag.py:2379} INFO - Sync 1 DAGs
[2025-02-03 22:21:22,345] {logging_mixin.py:115} INFO - [2025-02-03 22:21:22,345] {dag.py:2927} INFO - Setting next_dagrun for example_branch_datetime_operator_2 to 2025-02-03T00:00:00+00:00, run_after=2025-02-04T00:00:00+00:00
[2025-02-03 22:21:22,363] {processor.py:161} INFO - Processing /home/luan-capella/Documentos/curso_airflow/airflowalura/venv/lib/python3.9/site-packages/airflow/example_dags/example_branch_datetime_operator.py took 0.061 seconds
[2025-02-03 22:22:00,082] {processor.py:153} INFO - Started process (PID=43021) to work on /home/luan-capella/Documentos/curso_airflow/airflowalura/venv/lib/python3.9/site-packages/airflow/example_dags/example_branch_datetime_operator.py
[2025-02-03 22:22:00,083] {processor.py:641} INFO - Processing file /home/luan-capella/Documentos/curso_airflow/airflowalura/venv/lib/python3.9/site-packages/airflow/example_dags/example_branch_datetime_operator.py for tasks to queue
[2025-02-03 22:22:00,084] {logging_mixin.py:115} INFO - [2025-02-03 22:22:00,084] {dagbag.py:507} INFO - Filling up the DagBag from /home/luan-capella/Documentos/curso_airflow/airflowalura/venv/lib/python3.9/site-packages/airflow/example_dags/example_branch_datetime_operator.py
[2025-02-03 22:22:00,093] {processor.py:651} INFO - DAG(s) dict_keys(['example_branch_datetime_operator_2']) retrieved from /home/luan-capella/Documentos/curso_airflow/airflowalura/venv/lib/python3.9/site-packages/airflow/example_dags/example_branch_datetime_operator.py
[2025-02-03 22:22:00,104] {logging_mixin.py:115} INFO - [2025-02-03 22:22:00,104] {dag.py:2379} INFO - Sync 1 DAGs
[2025-02-03 22:22:00,117] {logging_mixin.py:115} INFO - [2025-02-03 22:22:00,117] {dag.py:2927} INFO - Setting next_dagrun for example_branch_datetime_operator_2 to 2025-02-03T00:00:00+00:00, run_after=2025-02-04T00:00:00+00:00
[2025-02-03 22:22:00,128] {processor.py:161} INFO - Processing /home/luan-capella/Documentos/curso_airflow/airflowalura/venv/lib/python3.9/site-packages/airflow/example_dags/example_branch_datetime_operator.py took 0.050 seconds
[2025-02-03 22:22:37,575] {processor.py:153} INFO - Started process (PID=43193) to work on /home/luan-capella/Documentos/curso_airflow/airflowalura/venv/lib/python3.9/site-packages/airflow/example_dags/example_branch_datetime_operator.py
[2025-02-03 22:22:37,576] {processor.py:641} INFO - Processing file /home/luan-capella/Documentos/curso_airflow/airflowalura/venv/lib/python3.9/site-packages/airflow/example_dags/example_branch_datetime_operator.py for tasks to queue
[2025-02-03 22:22:37,577] {logging_mixin.py:115} INFO - [2025-02-03 22:22:37,577] {dagbag.py:507} INFO - Filling up the DagBag from /home/luan-capella/Documentos/curso_airflow/airflowalura/venv/lib/python3.9/site-packages/airflow/example_dags/example_branch_datetime_operator.py
[2025-02-03 22:22:37,587] {processor.py:651} INFO - DAG(s) dict_keys(['example_branch_datetime_operator_2']) retrieved from /home/luan-capella/Documentos/curso_airflow/airflowalura/venv/lib/python3.9/site-packages/airflow/example_dags/example_branch_datetime_operator.py
[2025-02-03 22:22:37,599] {logging_mixin.py:115} INFO - [2025-02-03 22:22:37,599] {dag.py:2379} INFO - Sync 1 DAGs
[2025-02-03 22:22:37,612] {logging_mixin.py:115} INFO - [2025-02-03 22:22:37,612] {dag.py:2927} INFO - Setting next_dagrun for example_branch_datetime_operator_2 to 2025-02-03T00:00:00+00:00, run_after=2025-02-04T00:00:00+00:00
[2025-02-03 22:22:37,623] {processor.py:161} INFO - Processing /home/luan-capella/Documentos/curso_airflow/airflowalura/venv/lib/python3.9/site-packages/airflow/example_dags/example_branch_datetime_operator.py took 0.053 seconds
[2025-02-03 22:23:13,295] {processor.py:153} INFO - Started process (PID=43474) to work on /home/luan-capella/Documentos/curso_airflow/airflowalura/venv/lib/python3.9/site-packages/airflow/example_dags/example_branch_datetime_operator.py
[2025-02-03 22:23:13,296] {processor.py:641} INFO - Processing file /home/luan-capella/Documentos/curso_airflow/airflowalura/venv/lib/python3.9/site-packages/airflow/example_dags/example_branch_datetime_operator.py for tasks to queue
[2025-02-03 22:23:13,297] {logging_mixin.py:115} INFO - [2025-02-03 22:23:13,297] {dagbag.py:507} INFO - Filling up the DagBag from /home/luan-capella/Documentos/curso_airflow/airflowalura/venv/lib/python3.9/site-packages/airflow/example_dags/example_branch_datetime_operator.py
[2025-02-03 22:23:13,307] {processor.py:651} INFO - DAG(s) dict_keys(['example_branch_datetime_operator_2']) retrieved from /home/luan-capella/Documentos/curso_airflow/airflowalura/venv/lib/python3.9/site-packages/airflow/example_dags/example_branch_datetime_operator.py
[2025-02-03 22:23:13,319] {logging_mixin.py:115} INFO - [2025-02-03 22:23:13,319] {dag.py:2379} INFO - Sync 1 DAGs
[2025-02-03 22:23:13,332] {logging_mixin.py:115} INFO - [2025-02-03 22:23:13,332] {dag.py:2927} INFO - Setting next_dagrun for example_branch_datetime_operator_2 to 2025-02-03T00:00:00+00:00, run_after=2025-02-04T00:00:00+00:00
[2025-02-03 22:23:13,347] {processor.py:161} INFO - Processing /home/luan-capella/Documentos/curso_airflow/airflowalura/venv/lib/python3.9/site-packages/airflow/example_dags/example_branch_datetime_operator.py took 0.057 seconds
[2025-02-03 22:23:50,505] {processor.py:153} INFO - Started process (PID=43654) to work on /home/luan-capella/Documentos/curso_airflow/airflowalura/venv/lib/python3.9/site-packages/airflow/example_dags/example_branch_datetime_operator.py
[2025-02-03 22:23:50,506] {processor.py:641} INFO - Processing file /home/luan-capella/Documentos/curso_airflow/airflowalura/venv/lib/python3.9/site-packages/airflow/example_dags/example_branch_datetime_operator.py for tasks to queue
[2025-02-03 22:23:50,506] {logging_mixin.py:115} INFO - [2025-02-03 22:23:50,506] {dagbag.py:507} INFO - Filling up the DagBag from /home/luan-capella/Documentos/curso_airflow/airflowalura/venv/lib/python3.9/site-packages/airflow/example_dags/example_branch_datetime_operator.py
[2025-02-03 22:23:50,513] {processor.py:651} INFO - DAG(s) dict_keys(['example_branch_datetime_operator_2']) retrieved from /home/luan-capella/Documentos/curso_airflow/airflowalura/venv/lib/python3.9/site-packages/airflow/example_dags/example_branch_datetime_operator.py
[2025-02-03 22:23:50,525] {logging_mixin.py:115} INFO - [2025-02-03 22:23:50,525] {dag.py:2379} INFO - Sync 1 DAGs
[2025-02-03 22:23:50,538] {logging_mixin.py:115} INFO - [2025-02-03 22:23:50,538] {dag.py:2927} INFO - Setting next_dagrun for example_branch_datetime_operator_2 to 2025-02-03T00:00:00+00:00, run_after=2025-02-04T00:00:00+00:00
[2025-02-03 22:23:50,549] {processor.py:161} INFO - Processing /home/luan-capella/Documentos/curso_airflow/airflowalura/venv/lib/python3.9/site-packages/airflow/example_dags/example_branch_datetime_operator.py took 0.047 seconds
[2025-02-03 22:24:59,139] {processor.py:153} INFO - Started process (PID=44328) to work on /home/luan-capella/Documentos/curso_airflow/airflowalura/venv/lib/python3.9/site-packages/airflow/example_dags/example_branch_datetime_operator.py
[2025-02-03 22:24:59,140] {processor.py:641} INFO - Processing file /home/luan-capella/Documentos/curso_airflow/airflowalura/venv/lib/python3.9/site-packages/airflow/example_dags/example_branch_datetime_operator.py for tasks to queue
[2025-02-03 22:24:59,141] {logging_mixin.py:115} INFO - [2025-02-03 22:24:59,140] {dagbag.py:507} INFO - Filling up the DagBag from /home/luan-capella/Documentos/curso_airflow/airflowalura/venv/lib/python3.9/site-packages/airflow/example_dags/example_branch_datetime_operator.py
[2025-02-03 22:24:59,147] {processor.py:651} INFO - DAG(s) dict_keys(['example_branch_datetime_operator_2']) retrieved from /home/luan-capella/Documentos/curso_airflow/airflowalura/venv/lib/python3.9/site-packages/airflow/example_dags/example_branch_datetime_operator.py
[2025-02-03 22:24:59,159] {logging_mixin.py:115} INFO - [2025-02-03 22:24:59,159] {dag.py:2379} INFO - Sync 1 DAGs
[2025-02-03 22:24:59,173] {logging_mixin.py:115} INFO - [2025-02-03 22:24:59,173] {dag.py:2927} INFO - Setting next_dagrun for example_branch_datetime_operator_2 to 2025-02-03T00:00:00+00:00, run_after=2025-02-04T00:00:00+00:00
[2025-02-03 22:24:59,185] {processor.py:161} INFO - Processing /home/luan-capella/Documentos/curso_airflow/airflowalura/venv/lib/python3.9/site-packages/airflow/example_dags/example_branch_datetime_operator.py took 0.048 seconds
[2025-02-03 22:25:35,407] {processor.py:153} INFO - Started process (PID=44631) to work on /home/luan-capella/Documentos/curso_airflow/airflowalura/venv/lib/python3.9/site-packages/airflow/example_dags/example_branch_datetime_operator.py
[2025-02-03 22:25:35,410] {processor.py:641} INFO - Processing file /home/luan-capella/Documentos/curso_airflow/airflowalura/venv/lib/python3.9/site-packages/airflow/example_dags/example_branch_datetime_operator.py for tasks to queue
[2025-02-03 22:25:35,411] {logging_mixin.py:115} INFO - [2025-02-03 22:25:35,411] {dagbag.py:507} INFO - Filling up the DagBag from /home/luan-capella/Documentos/curso_airflow/airflowalura/venv/lib/python3.9/site-packages/airflow/example_dags/example_branch_datetime_operator.py
[2025-02-03 22:25:35,421] {processor.py:651} INFO - DAG(s) dict_keys(['example_branch_datetime_operator_2']) retrieved from /home/luan-capella/Documentos/curso_airflow/airflowalura/venv/lib/python3.9/site-packages/airflow/example_dags/example_branch_datetime_operator.py
[2025-02-03 22:25:35,433] {logging_mixin.py:115} INFO - [2025-02-03 22:25:35,433] {dag.py:2379} INFO - Sync 1 DAGs
[2025-02-03 22:25:35,446] {logging_mixin.py:115} INFO - [2025-02-03 22:25:35,446] {dag.py:2927} INFO - Setting next_dagrun for example_branch_datetime_operator_2 to 2025-02-03T00:00:00+00:00, run_after=2025-02-04T00:00:00+00:00
[2025-02-03 22:25:35,457] {processor.py:161} INFO - Processing /home/luan-capella/Documentos/curso_airflow/airflowalura/venv/lib/python3.9/site-packages/airflow/example_dags/example_branch_datetime_operator.py took 0.055 seconds
[2025-02-03 22:26:13,183] {processor.py:153} INFO - Started process (PID=44927) to work on /home/luan-capella/Documentos/curso_airflow/airflowalura/venv/lib/python3.9/site-packages/airflow/example_dags/example_branch_datetime_operator.py
[2025-02-03 22:26:13,184] {processor.py:641} INFO - Processing file /home/luan-capella/Documentos/curso_airflow/airflowalura/venv/lib/python3.9/site-packages/airflow/example_dags/example_branch_datetime_operator.py for tasks to queue
[2025-02-03 22:26:13,184] {logging_mixin.py:115} INFO - [2025-02-03 22:26:13,184] {dagbag.py:507} INFO - Filling up the DagBag from /home/luan-capella/Documentos/curso_airflow/airflowalura/venv/lib/python3.9/site-packages/airflow/example_dags/example_branch_datetime_operator.py
[2025-02-03 22:26:13,191] {processor.py:651} INFO - DAG(s) dict_keys(['example_branch_datetime_operator_2']) retrieved from /home/luan-capella/Documentos/curso_airflow/airflowalura/venv/lib/python3.9/site-packages/airflow/example_dags/example_branch_datetime_operator.py
[2025-02-03 22:26:13,204] {logging_mixin.py:115} INFO - [2025-02-03 22:26:13,204] {dag.py:2379} INFO - Sync 1 DAGs
[2025-02-03 22:26:13,217] {logging_mixin.py:115} INFO - [2025-02-03 22:26:13,217] {dag.py:2927} INFO - Setting next_dagrun for example_branch_datetime_operator_2 to 2025-02-03T00:00:00+00:00, run_after=2025-02-04T00:00:00+00:00
[2025-02-03 22:26:13,228] {processor.py:161} INFO - Processing /home/luan-capella/Documentos/curso_airflow/airflowalura/venv/lib/python3.9/site-packages/airflow/example_dags/example_branch_datetime_operator.py took 0.049 seconds
[2025-02-03 22:26:51,614] {processor.py:153} INFO - Started process (PID=45115) to work on /home/luan-capella/Documentos/curso_airflow/airflowalura/venv/lib/python3.9/site-packages/airflow/example_dags/example_branch_datetime_operator.py
[2025-02-03 22:26:51,615] {processor.py:641} INFO - Processing file /home/luan-capella/Documentos/curso_airflow/airflowalura/venv/lib/python3.9/site-packages/airflow/example_dags/example_branch_datetime_operator.py for tasks to queue
[2025-02-03 22:26:51,616] {logging_mixin.py:115} INFO - [2025-02-03 22:26:51,616] {dagbag.py:507} INFO - Filling up the DagBag from /home/luan-capella/Documentos/curso_airflow/airflowalura/venv/lib/python3.9/site-packages/airflow/example_dags/example_branch_datetime_operator.py
[2025-02-03 22:26:51,623] {processor.py:651} INFO - DAG(s) dict_keys(['example_branch_datetime_operator_2']) retrieved from /home/luan-capella/Documentos/curso_airflow/airflowalura/venv/lib/python3.9/site-packages/airflow/example_dags/example_branch_datetime_operator.py
[2025-02-03 22:26:51,634] {logging_mixin.py:115} INFO - [2025-02-03 22:26:51,634] {dag.py:2379} INFO - Sync 1 DAGs
[2025-02-03 22:26:51,647] {logging_mixin.py:115} INFO - [2025-02-03 22:26:51,647] {dag.py:2927} INFO - Setting next_dagrun for example_branch_datetime_operator_2 to 2025-02-03T00:00:00+00:00, run_after=2025-02-04T00:00:00+00:00
[2025-02-03 22:26:51,659] {processor.py:161} INFO - Processing /home/luan-capella/Documentos/curso_airflow/airflowalura/venv/lib/python3.9/site-packages/airflow/example_dags/example_branch_datetime_operator.py took 0.050 seconds
[2025-02-03 22:27:27,702] {processor.py:153} INFO - Started process (PID=45294) to work on /home/luan-capella/Documentos/curso_airflow/airflowalura/venv/lib/python3.9/site-packages/airflow/example_dags/example_branch_datetime_operator.py
[2025-02-03 22:27:27,703] {processor.py:641} INFO - Processing file /home/luan-capella/Documentos/curso_airflow/airflowalura/venv/lib/python3.9/site-packages/airflow/example_dags/example_branch_datetime_operator.py for tasks to queue
[2025-02-03 22:27:27,704] {logging_mixin.py:115} INFO - [2025-02-03 22:27:27,703] {dagbag.py:507} INFO - Filling up the DagBag from /home/luan-capella/Documentos/curso_airflow/airflowalura/venv/lib/python3.9/site-packages/airflow/example_dags/example_branch_datetime_operator.py
[2025-02-03 22:27:27,710] {processor.py:651} INFO - DAG(s) dict_keys(['example_branch_datetime_operator_2']) retrieved from /home/luan-capella/Documentos/curso_airflow/airflowalura/venv/lib/python3.9/site-packages/airflow/example_dags/example_branch_datetime_operator.py
[2025-02-03 22:27:27,724] {logging_mixin.py:115} INFO - [2025-02-03 22:27:27,724] {dag.py:2379} INFO - Sync 1 DAGs
[2025-02-03 22:27:27,739] {logging_mixin.py:115} INFO - [2025-02-03 22:27:27,739] {dag.py:2927} INFO - Setting next_dagrun for example_branch_datetime_operator_2 to 2025-02-03T00:00:00+00:00, run_after=2025-02-04T00:00:00+00:00
[2025-02-03 22:27:27,752] {processor.py:161} INFO - Processing /home/luan-capella/Documentos/curso_airflow/airflowalura/venv/lib/python3.9/site-packages/airflow/example_dags/example_branch_datetime_operator.py took 0.052 seconds
[2025-02-03 22:28:04,694] {processor.py:153} INFO - Started process (PID=45470) to work on /home/luan-capella/Documentos/curso_airflow/airflowalura/venv/lib/python3.9/site-packages/airflow/example_dags/example_branch_datetime_operator.py
[2025-02-03 22:28:04,695] {processor.py:641} INFO - Processing file /home/luan-capella/Documentos/curso_airflow/airflowalura/venv/lib/python3.9/site-packages/airflow/example_dags/example_branch_datetime_operator.py for tasks to queue
[2025-02-03 22:28:04,696] {logging_mixin.py:115} INFO - [2025-02-03 22:28:04,696] {dagbag.py:507} INFO - Filling up the DagBag from /home/luan-capella/Documentos/curso_airflow/airflowalura/venv/lib/python3.9/site-packages/airflow/example_dags/example_branch_datetime_operator.py
[2025-02-03 22:28:04,705] {processor.py:651} INFO - DAG(s) dict_keys(['example_branch_datetime_operator_2']) retrieved from /home/luan-capella/Documentos/curso_airflow/airflowalura/venv/lib/python3.9/site-packages/airflow/example_dags/example_branch_datetime_operator.py
[2025-02-03 22:28:04,718] {logging_mixin.py:115} INFO - [2025-02-03 22:28:04,718] {dag.py:2379} INFO - Sync 1 DAGs
[2025-02-03 22:28:04,731] {logging_mixin.py:115} INFO - [2025-02-03 22:28:04,731] {dag.py:2927} INFO - Setting next_dagrun for example_branch_datetime_operator_2 to 2025-02-03T00:00:00+00:00, run_after=2025-02-04T00:00:00+00:00
[2025-02-03 22:28:04,742] {processor.py:161} INFO - Processing /home/luan-capella/Documentos/curso_airflow/airflowalura/venv/lib/python3.9/site-packages/airflow/example_dags/example_branch_datetime_operator.py took 0.053 seconds
