[2025-02-03 22:20:24,680] {processor.py:153} INFO - Started process (PID=42157) to work on /home/luan-capella/Documentos/curso_airflow/airflowalura/venv/lib/python3.9/site-packages/airflow/example_dags/example_python_operator.py
[2025-02-03 22:20:24,680] {processor.py:641} INFO - Processing file /home/luan-capella/Documentos/curso_airflow/airflowalura/venv/lib/python3.9/site-packages/airflow/example_dags/example_python_operator.py for tasks to queue
[2025-02-03 22:20:24,681] {logging_mixin.py:115} INFO - [2025-02-03 22:20:24,681] {dagbag.py:507} INFO - Filling up the DagBag from /home/luan-capella/Documentos/curso_airflow/airflowalura/venv/lib/python3.9/site-packages/airflow/example_dags/example_python_operator.py
[2025-02-03 22:20:24,695] {logging_mixin.py:115} INFO - [2025-02-03 22:20:24,695] {example_python_operator.py:68} WARNING - The virtalenv_python example task requires virtualenv, please install it.
[2025-02-03 22:20:24,695] {processor.py:651} INFO - DAG(s) dict_keys(['example_python_operator']) retrieved from /home/luan-capella/Documentos/curso_airflow/airflowalura/venv/lib/python3.9/site-packages/airflow/example_dags/example_python_operator.py
[2025-02-03 22:20:24,706] {logging_mixin.py:115} INFO - [2025-02-03 22:20:24,706] {dag.py:2379} INFO - Sync 1 DAGs
[2025-02-03 22:20:24,719] {logging_mixin.py:115} INFO - [2025-02-03 22:20:24,719] {dag.py:2927} INFO - Setting next_dagrun for example_python_operator to None, run_after=None
[2025-02-03 22:20:24,731] {processor.py:161} INFO - Processing /home/luan-capella/Documentos/curso_airflow/airflowalura/venv/lib/python3.9/site-packages/airflow/example_dags/example_python_operator.py took 0.054 seconds
[2025-02-03 22:21:13,131] {processor.py:153} INFO - Started process (PID=42813) to work on /home/luan-capella/Documentos/curso_airflow/airflowalura/venv/lib/python3.9/site-packages/airflow/example_dags/example_python_operator.py
[2025-02-03 22:21:13,132] {processor.py:641} INFO - Processing file /home/luan-capella/Documentos/curso_airflow/airflowalura/venv/lib/python3.9/site-packages/airflow/example_dags/example_python_operator.py for tasks to queue
[2025-02-03 22:21:13,132] {logging_mixin.py:115} INFO - [2025-02-03 22:21:13,132] {dagbag.py:507} INFO - Filling up the DagBag from /home/luan-capella/Documentos/curso_airflow/airflowalura/venv/lib/python3.9/site-packages/airflow/example_dags/example_python_operator.py
[2025-02-03 22:21:13,148] {logging_mixin.py:115} INFO - [2025-02-03 22:21:13,148] {example_python_operator.py:68} WARNING - The virtalenv_python example task requires virtualenv, please install it.
[2025-02-03 22:21:13,148] {processor.py:651} INFO - DAG(s) dict_keys(['example_python_operator']) retrieved from /home/luan-capella/Documentos/curso_airflow/airflowalura/venv/lib/python3.9/site-packages/airflow/example_dags/example_python_operator.py
[2025-02-03 22:21:13,161] {logging_mixin.py:115} INFO - [2025-02-03 22:21:13,161] {dag.py:2379} INFO - Sync 1 DAGs
[2025-02-03 22:21:13,175] {logging_mixin.py:115} INFO - [2025-02-03 22:21:13,175] {dag.py:2927} INFO - Setting next_dagrun for example_python_operator to None, run_after=None
[2025-02-03 22:21:13,187] {processor.py:161} INFO - Processing /home/luan-capella/Documentos/curso_airflow/airflowalura/venv/lib/python3.9/site-packages/airflow/example_dags/example_python_operator.py took 0.058 seconds
[2025-02-03 22:21:49,765] {processor.py:153} INFO - Started process (PID=42970) to work on /home/luan-capella/Documentos/curso_airflow/airflowalura/venv/lib/python3.9/site-packages/airflow/example_dags/example_python_operator.py
[2025-02-03 22:21:49,766] {processor.py:641} INFO - Processing file /home/luan-capella/Documentos/curso_airflow/airflowalura/venv/lib/python3.9/site-packages/airflow/example_dags/example_python_operator.py for tasks to queue
[2025-02-03 22:21:49,767] {logging_mixin.py:115} INFO - [2025-02-03 22:21:49,767] {dagbag.py:507} INFO - Filling up the DagBag from /home/luan-capella/Documentos/curso_airflow/airflowalura/venv/lib/python3.9/site-packages/airflow/example_dags/example_python_operator.py
[2025-02-03 22:21:49,783] {logging_mixin.py:115} INFO - [2025-02-03 22:21:49,783] {example_python_operator.py:68} WARNING - The virtalenv_python example task requires virtualenv, please install it.
[2025-02-03 22:21:49,784] {processor.py:651} INFO - DAG(s) dict_keys(['example_python_operator']) retrieved from /home/luan-capella/Documentos/curso_airflow/airflowalura/venv/lib/python3.9/site-packages/airflow/example_dags/example_python_operator.py
[2025-02-03 22:21:49,795] {logging_mixin.py:115} INFO - [2025-02-03 22:21:49,795] {dag.py:2379} INFO - Sync 1 DAGs
[2025-02-03 22:21:49,808] {logging_mixin.py:115} INFO - [2025-02-03 22:21:49,808] {dag.py:2927} INFO - Setting next_dagrun for example_python_operator to None, run_after=None
[2025-02-03 22:21:49,820] {processor.py:161} INFO - Processing /home/luan-capella/Documentos/curso_airflow/airflowalura/venv/lib/python3.9/site-packages/airflow/example_dags/example_python_operator.py took 0.059 seconds
[2025-02-03 22:22:26,264] {processor.py:153} INFO - Started process (PID=43140) to work on /home/luan-capella/Documentos/curso_airflow/airflowalura/venv/lib/python3.9/site-packages/airflow/example_dags/example_python_operator.py
[2025-02-03 22:22:26,265] {processor.py:641} INFO - Processing file /home/luan-capella/Documentos/curso_airflow/airflowalura/venv/lib/python3.9/site-packages/airflow/example_dags/example_python_operator.py for tasks to queue
[2025-02-03 22:22:26,266] {logging_mixin.py:115} INFO - [2025-02-03 22:22:26,265] {dagbag.py:507} INFO - Filling up the DagBag from /home/luan-capella/Documentos/curso_airflow/airflowalura/venv/lib/python3.9/site-packages/airflow/example_dags/example_python_operator.py
[2025-02-03 22:22:26,279] {logging_mixin.py:115} INFO - [2025-02-03 22:22:26,279] {example_python_operator.py:68} WARNING - The virtalenv_python example task requires virtualenv, please install it.
[2025-02-03 22:22:26,280] {processor.py:651} INFO - DAG(s) dict_keys(['example_python_operator']) retrieved from /home/luan-capella/Documentos/curso_airflow/airflowalura/venv/lib/python3.9/site-packages/airflow/example_dags/example_python_operator.py
[2025-02-03 22:22:26,292] {logging_mixin.py:115} INFO - [2025-02-03 22:22:26,292] {dag.py:2379} INFO - Sync 1 DAGs
[2025-02-03 22:22:26,306] {logging_mixin.py:115} INFO - [2025-02-03 22:22:26,306] {dag.py:2927} INFO - Setting next_dagrun for example_python_operator to None, run_after=None
[2025-02-03 22:22:26,319] {processor.py:161} INFO - Processing /home/luan-capella/Documentos/curso_airflow/airflowalura/venv/lib/python3.9/site-packages/airflow/example_dags/example_python_operator.py took 0.058 seconds
[2025-02-03 22:23:02,071] {processor.py:153} INFO - Started process (PID=43316) to work on /home/luan-capella/Documentos/curso_airflow/airflowalura/venv/lib/python3.9/site-packages/airflow/example_dags/example_python_operator.py
[2025-02-03 22:23:02,073] {processor.py:641} INFO - Processing file /home/luan-capella/Documentos/curso_airflow/airflowalura/venv/lib/python3.9/site-packages/airflow/example_dags/example_python_operator.py for tasks to queue
[2025-02-03 22:23:02,074] {logging_mixin.py:115} INFO - [2025-02-03 22:23:02,073] {dagbag.py:507} INFO - Filling up the DagBag from /home/luan-capella/Documentos/curso_airflow/airflowalura/venv/lib/python3.9/site-packages/airflow/example_dags/example_python_operator.py
[2025-02-03 22:23:02,089] {logging_mixin.py:115} INFO - [2025-02-03 22:23:02,089] {example_python_operator.py:68} WARNING - The virtalenv_python example task requires virtualenv, please install it.
[2025-02-03 22:23:02,090] {processor.py:651} INFO - DAG(s) dict_keys(['example_python_operator']) retrieved from /home/luan-capella/Documentos/curso_airflow/airflowalura/venv/lib/python3.9/site-packages/airflow/example_dags/example_python_operator.py
[2025-02-03 22:23:02,103] {logging_mixin.py:115} INFO - [2025-02-03 22:23:02,102] {dag.py:2379} INFO - Sync 1 DAGs
[2025-02-03 22:23:02,117] {logging_mixin.py:115} INFO - [2025-02-03 22:23:02,117] {dag.py:2927} INFO - Setting next_dagrun for example_python_operator to None, run_after=None
[2025-02-03 22:23:02,127] {processor.py:161} INFO - Processing /home/luan-capella/Documentos/curso_airflow/airflowalura/venv/lib/python3.9/site-packages/airflow/example_dags/example_python_operator.py took 0.062 seconds
[2025-02-03 22:23:37,871] {processor.py:153} INFO - Started process (PID=43602) to work on /home/luan-capella/Documentos/curso_airflow/airflowalura/venv/lib/python3.9/site-packages/airflow/example_dags/example_python_operator.py
[2025-02-03 22:23:37,872] {processor.py:641} INFO - Processing file /home/luan-capella/Documentos/curso_airflow/airflowalura/venv/lib/python3.9/site-packages/airflow/example_dags/example_python_operator.py for tasks to queue
[2025-02-03 22:23:37,872] {logging_mixin.py:115} INFO - [2025-02-03 22:23:37,872] {dagbag.py:507} INFO - Filling up the DagBag from /home/luan-capella/Documentos/curso_airflow/airflowalura/venv/lib/python3.9/site-packages/airflow/example_dags/example_python_operator.py
[2025-02-03 22:23:37,890] {logging_mixin.py:115} INFO - [2025-02-03 22:23:37,890] {example_python_operator.py:68} WARNING - The virtalenv_python example task requires virtualenv, please install it.
[2025-02-03 22:23:37,890] {processor.py:651} INFO - DAG(s) dict_keys(['example_python_operator']) retrieved from /home/luan-capella/Documentos/curso_airflow/airflowalura/venv/lib/python3.9/site-packages/airflow/example_dags/example_python_operator.py
[2025-02-03 22:23:37,902] {logging_mixin.py:115} INFO - [2025-02-03 22:23:37,902] {dag.py:2379} INFO - Sync 1 DAGs
[2025-02-03 22:23:37,916] {logging_mixin.py:115} INFO - [2025-02-03 22:23:37,916] {dag.py:2927} INFO - Setting next_dagrun for example_python_operator to None, run_after=None
[2025-02-03 22:23:37,927] {processor.py:161} INFO - Processing /home/luan-capella/Documentos/curso_airflow/airflowalura/venv/lib/python3.9/site-packages/airflow/example_dags/example_python_operator.py took 0.059 seconds
[2025-02-03 22:24:16,205] {processor.py:153} INFO - Started process (PID=43754) to work on /home/luan-capella/Documentos/curso_airflow/airflowalura/venv/lib/python3.9/site-packages/airflow/example_dags/example_python_operator.py
[2025-02-03 22:24:16,206] {processor.py:641} INFO - Processing file /home/luan-capella/Documentos/curso_airflow/airflowalura/venv/lib/python3.9/site-packages/airflow/example_dags/example_python_operator.py for tasks to queue
[2025-02-03 22:24:16,207] {logging_mixin.py:115} INFO - [2025-02-03 22:24:16,206] {dagbag.py:507} INFO - Filling up the DagBag from /home/luan-capella/Documentos/curso_airflow/airflowalura/venv/lib/python3.9/site-packages/airflow/example_dags/example_python_operator.py
[2025-02-03 22:24:16,221] {logging_mixin.py:115} INFO - [2025-02-03 22:24:16,221] {example_python_operator.py:68} WARNING - The virtalenv_python example task requires virtualenv, please install it.
[2025-02-03 22:24:16,221] {processor.py:651} INFO - DAG(s) dict_keys(['example_python_operator']) retrieved from /home/luan-capella/Documentos/curso_airflow/airflowalura/venv/lib/python3.9/site-packages/airflow/example_dags/example_python_operator.py
[2025-02-03 22:24:16,232] {logging_mixin.py:115} INFO - [2025-02-03 22:24:16,232] {dag.py:2379} INFO - Sync 1 DAGs
[2025-02-03 22:24:16,246] {logging_mixin.py:115} INFO - [2025-02-03 22:24:16,246] {dag.py:2927} INFO - Setting next_dagrun for example_python_operator to None, run_after=None
[2025-02-03 22:24:16,256] {processor.py:161} INFO - Processing /home/luan-capella/Documentos/curso_airflow/airflowalura/venv/lib/python3.9/site-packages/airflow/example_dags/example_python_operator.py took 0.057 seconds
[2025-02-03 22:24:49,966] {processor.py:153} INFO - Started process (PID=44191) to work on /home/luan-capella/Documentos/curso_airflow/airflowalura/venv/lib/python3.9/site-packages/airflow/example_dags/example_python_operator.py
[2025-02-03 22:24:49,967] {processor.py:641} INFO - Processing file /home/luan-capella/Documentos/curso_airflow/airflowalura/venv/lib/python3.9/site-packages/airflow/example_dags/example_python_operator.py for tasks to queue
[2025-02-03 22:24:49,967] {logging_mixin.py:115} INFO - [2025-02-03 22:24:49,967] {dagbag.py:507} INFO - Filling up the DagBag from /home/luan-capella/Documentos/curso_airflow/airflowalura/venv/lib/python3.9/site-packages/airflow/example_dags/example_python_operator.py
[2025-02-03 22:24:49,980] {logging_mixin.py:115} INFO - [2025-02-03 22:24:49,980] {example_python_operator.py:68} WARNING - The virtalenv_python example task requires virtualenv, please install it.
[2025-02-03 22:24:49,981] {processor.py:651} INFO - DAG(s) dict_keys(['example_python_operator']) retrieved from /home/luan-capella/Documentos/curso_airflow/airflowalura/venv/lib/python3.9/site-packages/airflow/example_dags/example_python_operator.py
[2025-02-03 22:24:49,993] {logging_mixin.py:115} INFO - [2025-02-03 22:24:49,993] {dag.py:2379} INFO - Sync 1 DAGs
[2025-02-03 22:24:50,004] {logging_mixin.py:115} INFO - [2025-02-03 22:24:50,004] {dag.py:2927} INFO - Setting next_dagrun for example_python_operator to None, run_after=None
[2025-02-03 22:24:50,016] {processor.py:161} INFO - Processing /home/luan-capella/Documentos/curso_airflow/airflowalura/venv/lib/python3.9/site-packages/airflow/example_dags/example_python_operator.py took 0.055 seconds
[2025-02-03 22:25:26,195] {processor.py:153} INFO - Started process (PID=44597) to work on /home/luan-capella/Documentos/curso_airflow/airflowalura/venv/lib/python3.9/site-packages/airflow/example_dags/example_python_operator.py
[2025-02-03 22:25:26,208] {processor.py:641} INFO - Processing file /home/luan-capella/Documentos/curso_airflow/airflowalura/venv/lib/python3.9/site-packages/airflow/example_dags/example_python_operator.py for tasks to queue
[2025-02-03 22:25:26,208] {logging_mixin.py:115} INFO - [2025-02-03 22:25:26,208] {dagbag.py:507} INFO - Filling up the DagBag from /home/luan-capella/Documentos/curso_airflow/airflowalura/venv/lib/python3.9/site-packages/airflow/example_dags/example_python_operator.py
[2025-02-03 22:25:26,220] {logging_mixin.py:115} INFO - [2025-02-03 22:25:26,220] {example_python_operator.py:68} WARNING - The virtalenv_python example task requires virtualenv, please install it.
[2025-02-03 22:25:26,221] {processor.py:651} INFO - DAG(s) dict_keys(['example_python_operator']) retrieved from /home/luan-capella/Documentos/curso_airflow/airflowalura/venv/lib/python3.9/site-packages/airflow/example_dags/example_python_operator.py
[2025-02-03 22:25:26,232] {logging_mixin.py:115} INFO - [2025-02-03 22:25:26,232] {dag.py:2379} INFO - Sync 1 DAGs
[2025-02-03 22:25:26,246] {logging_mixin.py:115} INFO - [2025-02-03 22:25:26,246] {dag.py:2927} INFO - Setting next_dagrun for example_python_operator to None, run_after=None
[2025-02-03 22:25:26,269] {processor.py:161} INFO - Processing /home/luan-capella/Documentos/curso_airflow/airflowalura/venv/lib/python3.9/site-packages/airflow/example_dags/example_python_operator.py took 0.076 seconds
[2025-02-03 22:26:01,333] {processor.py:153} INFO - Started process (PID=44764) to work on /home/luan-capella/Documentos/curso_airflow/airflowalura/venv/lib/python3.9/site-packages/airflow/example_dags/example_python_operator.py
[2025-02-03 22:26:01,334] {processor.py:641} INFO - Processing file /home/luan-capella/Documentos/curso_airflow/airflowalura/venv/lib/python3.9/site-packages/airflow/example_dags/example_python_operator.py for tasks to queue
[2025-02-03 22:26:01,335] {logging_mixin.py:115} INFO - [2025-02-03 22:26:01,335] {dagbag.py:507} INFO - Filling up the DagBag from /home/luan-capella/Documentos/curso_airflow/airflowalura/venv/lib/python3.9/site-packages/airflow/example_dags/example_python_operator.py
[2025-02-03 22:26:01,354] {logging_mixin.py:115} INFO - [2025-02-03 22:26:01,354] {example_python_operator.py:68} WARNING - The virtalenv_python example task requires virtualenv, please install it.
[2025-02-03 22:26:01,355] {processor.py:651} INFO - DAG(s) dict_keys(['example_python_operator']) retrieved from /home/luan-capella/Documentos/curso_airflow/airflowalura/venv/lib/python3.9/site-packages/airflow/example_dags/example_python_operator.py
[2025-02-03 22:26:01,367] {logging_mixin.py:115} INFO - [2025-02-03 22:26:01,367] {dag.py:2379} INFO - Sync 1 DAGs
[2025-02-03 22:26:01,382] {logging_mixin.py:115} INFO - [2025-02-03 22:26:01,382] {dag.py:2927} INFO - Setting next_dagrun for example_python_operator to None, run_after=None
[2025-02-03 22:26:01,395] {processor.py:161} INFO - Processing /home/luan-capella/Documentos/curso_airflow/airflowalura/venv/lib/python3.9/site-packages/airflow/example_dags/example_python_operator.py took 0.064 seconds
[2025-02-03 22:26:38,436] {processor.py:153} INFO - Started process (PID=45059) to work on /home/luan-capella/Documentos/curso_airflow/airflowalura/venv/lib/python3.9/site-packages/airflow/example_dags/example_python_operator.py
[2025-02-03 22:26:38,437] {processor.py:641} INFO - Processing file /home/luan-capella/Documentos/curso_airflow/airflowalura/venv/lib/python3.9/site-packages/airflow/example_dags/example_python_operator.py for tasks to queue
[2025-02-03 22:26:38,438] {logging_mixin.py:115} INFO - [2025-02-03 22:26:38,438] {dagbag.py:507} INFO - Filling up the DagBag from /home/luan-capella/Documentos/curso_airflow/airflowalura/venv/lib/python3.9/site-packages/airflow/example_dags/example_python_operator.py
[2025-02-03 22:26:38,453] {logging_mixin.py:115} INFO - [2025-02-03 22:26:38,453] {example_python_operator.py:68} WARNING - The virtalenv_python example task requires virtualenv, please install it.
[2025-02-03 22:26:38,454] {processor.py:651} INFO - DAG(s) dict_keys(['example_python_operator']) retrieved from /home/luan-capella/Documentos/curso_airflow/airflowalura/venv/lib/python3.9/site-packages/airflow/example_dags/example_python_operator.py
[2025-02-03 22:26:38,465] {logging_mixin.py:115} INFO - [2025-02-03 22:26:38,465] {dag.py:2379} INFO - Sync 1 DAGs
[2025-02-03 22:26:38,479] {logging_mixin.py:115} INFO - [2025-02-03 22:26:38,479] {dag.py:2927} INFO - Setting next_dagrun for example_python_operator to None, run_after=None
[2025-02-03 22:26:38,492] {processor.py:161} INFO - Processing /home/luan-capella/Documentos/curso_airflow/airflowalura/venv/lib/python3.9/site-packages/airflow/example_dags/example_python_operator.py took 0.060 seconds
[2025-02-03 22:27:15,065] {processor.py:153} INFO - Started process (PID=45235) to work on /home/luan-capella/Documentos/curso_airflow/airflowalura/venv/lib/python3.9/site-packages/airflow/example_dags/example_python_operator.py
[2025-02-03 22:27:15,066] {processor.py:641} INFO - Processing file /home/luan-capella/Documentos/curso_airflow/airflowalura/venv/lib/python3.9/site-packages/airflow/example_dags/example_python_operator.py for tasks to queue
[2025-02-03 22:27:15,066] {logging_mixin.py:115} INFO - [2025-02-03 22:27:15,066] {dagbag.py:507} INFO - Filling up the DagBag from /home/luan-capella/Documentos/curso_airflow/airflowalura/venv/lib/python3.9/site-packages/airflow/example_dags/example_python_operator.py
[2025-02-03 22:27:15,081] {logging_mixin.py:115} INFO - [2025-02-03 22:27:15,081] {example_python_operator.py:68} WARNING - The virtalenv_python example task requires virtualenv, please install it.
[2025-02-03 22:27:15,081] {processor.py:651} INFO - DAG(s) dict_keys(['example_python_operator']) retrieved from /home/luan-capella/Documentos/curso_airflow/airflowalura/venv/lib/python3.9/site-packages/airflow/example_dags/example_python_operator.py
[2025-02-03 22:27:15,094] {logging_mixin.py:115} INFO - [2025-02-03 22:27:15,094] {dag.py:2379} INFO - Sync 1 DAGs
[2025-02-03 22:27:15,109] {logging_mixin.py:115} INFO - [2025-02-03 22:27:15,109] {dag.py:2927} INFO - Setting next_dagrun for example_python_operator to None, run_after=None
[2025-02-03 22:27:15,121] {processor.py:161} INFO - Processing /home/luan-capella/Documentos/curso_airflow/airflowalura/venv/lib/python3.9/site-packages/airflow/example_dags/example_python_operator.py took 0.059 seconds
[2025-02-03 22:27:52,379] {processor.py:153} INFO - Started process (PID=45417) to work on /home/luan-capella/Documentos/curso_airflow/airflowalura/venv/lib/python3.9/site-packages/airflow/example_dags/example_python_operator.py
[2025-02-03 22:27:52,380] {processor.py:641} INFO - Processing file /home/luan-capella/Documentos/curso_airflow/airflowalura/venv/lib/python3.9/site-packages/airflow/example_dags/example_python_operator.py for tasks to queue
[2025-02-03 22:27:52,381] {logging_mixin.py:115} INFO - [2025-02-03 22:27:52,380] {dagbag.py:507} INFO - Filling up the DagBag from /home/luan-capella/Documentos/curso_airflow/airflowalura/venv/lib/python3.9/site-packages/airflow/example_dags/example_python_operator.py
[2025-02-03 22:27:52,395] {logging_mixin.py:115} INFO - [2025-02-03 22:27:52,395] {example_python_operator.py:68} WARNING - The virtalenv_python example task requires virtualenv, please install it.
[2025-02-03 22:27:52,396] {processor.py:651} INFO - DAG(s) dict_keys(['example_python_operator']) retrieved from /home/luan-capella/Documentos/curso_airflow/airflowalura/venv/lib/python3.9/site-packages/airflow/example_dags/example_python_operator.py
[2025-02-03 22:27:52,406] {logging_mixin.py:115} INFO - [2025-02-03 22:27:52,406] {dag.py:2379} INFO - Sync 1 DAGs
[2025-02-03 22:27:52,419] {logging_mixin.py:115} INFO - [2025-02-03 22:27:52,419] {dag.py:2927} INFO - Setting next_dagrun for example_python_operator to None, run_after=None
[2025-02-03 22:27:52,430] {processor.py:161} INFO - Processing /home/luan-capella/Documentos/curso_airflow/airflowalura/venv/lib/python3.9/site-packages/airflow/example_dags/example_python_operator.py took 0.056 seconds
