[2025-02-03 22:20:02,744] {processor.py:153} INFO - Started process (PID=41690) to work on /home/luan-capella/Documentos/curso_airflow/airflowalura/venv/lib/python3.9/site-packages/airflow/example_dags/example_task_group.py
[2025-02-03 22:20:02,744] {processor.py:641} INFO - Processing file /home/luan-capella/Documentos/curso_airflow/airflowalura/venv/lib/python3.9/site-packages/airflow/example_dags/example_task_group.py for tasks to queue
[2025-02-03 22:20:02,744] {logging_mixin.py:115} INFO - [2025-02-03 22:20:02,744] {dagbag.py:507} INFO - Filling up the DagBag from /home/luan-capella/Documentos/curso_airflow/airflowalura/venv/lib/python3.9/site-packages/airflow/example_dags/example_task_group.py
[2025-02-03 22:20:02,749] {processor.py:651} INFO - DAG(s) dict_keys(['example_task_group']) retrieved from /home/luan-capella/Documentos/curso_airflow/airflowalura/venv/lib/python3.9/site-packages/airflow/example_dags/example_task_group.py
[2025-02-03 22:20:02,761] {logging_mixin.py:115} INFO - [2025-02-03 22:20:02,761] {dag.py:2379} INFO - Sync 1 DAGs
[2025-02-03 22:20:02,774] {logging_mixin.py:115} INFO - [2025-02-03 22:20:02,773] {dag.py:2927} INFO - Setting next_dagrun for example_task_group to 2025-02-03T01:20:02.773701+00:00, run_after=2025-02-04T01:20:02.773701+00:00
[2025-02-03 22:20:02,786] {processor.py:161} INFO - Processing /home/luan-capella/Documentos/curso_airflow/airflowalura/venv/lib/python3.9/site-packages/airflow/example_dags/example_task_group.py took 0.046 seconds
[2025-02-03 22:21:04,536] {processor.py:153} INFO - Started process (PID=42726) to work on /home/luan-capella/Documentos/curso_airflow/airflowalura/venv/lib/python3.9/site-packages/airflow/example_dags/example_task_group.py
[2025-02-03 22:21:04,537] {processor.py:641} INFO - Processing file /home/luan-capella/Documentos/curso_airflow/airflowalura/venv/lib/python3.9/site-packages/airflow/example_dags/example_task_group.py for tasks to queue
[2025-02-03 22:21:04,537] {logging_mixin.py:115} INFO - [2025-02-03 22:21:04,537] {dagbag.py:507} INFO - Filling up the DagBag from /home/luan-capella/Documentos/curso_airflow/airflowalura/venv/lib/python3.9/site-packages/airflow/example_dags/example_task_group.py
[2025-02-03 22:21:04,544] {processor.py:651} INFO - DAG(s) dict_keys(['example_task_group']) retrieved from /home/luan-capella/Documentos/curso_airflow/airflowalura/venv/lib/python3.9/site-packages/airflow/example_dags/example_task_group.py
[2025-02-03 22:21:04,556] {logging_mixin.py:115} INFO - [2025-02-03 22:21:04,556] {dag.py:2379} INFO - Sync 1 DAGs
[2025-02-03 22:21:04,568] {logging_mixin.py:115} INFO - [2025-02-03 22:21:04,568] {dag.py:2927} INFO - Setting next_dagrun for example_task_group to 2025-02-03T01:21:04.568098+00:00, run_after=2025-02-04T01:21:04.568098+00:00
[2025-02-03 22:21:04,579] {processor.py:161} INFO - Processing /home/luan-capella/Documentos/curso_airflow/airflowalura/venv/lib/python3.9/site-packages/airflow/example_dags/example_task_group.py took 0.048 seconds
[2025-02-03 22:21:41,825] {processor.py:153} INFO - Started process (PID=42939) to work on /home/luan-capella/Documentos/curso_airflow/airflowalura/venv/lib/python3.9/site-packages/airflow/example_dags/example_task_group.py
[2025-02-03 22:21:41,827] {processor.py:641} INFO - Processing file /home/luan-capella/Documentos/curso_airflow/airflowalura/venv/lib/python3.9/site-packages/airflow/example_dags/example_task_group.py for tasks to queue
[2025-02-03 22:21:41,827] {logging_mixin.py:115} INFO - [2025-02-03 22:21:41,827] {dagbag.py:507} INFO - Filling up the DagBag from /home/luan-capella/Documentos/curso_airflow/airflowalura/venv/lib/python3.9/site-packages/airflow/example_dags/example_task_group.py
[2025-02-03 22:21:41,834] {processor.py:651} INFO - DAG(s) dict_keys(['example_task_group']) retrieved from /home/luan-capella/Documentos/curso_airflow/airflowalura/venv/lib/python3.9/site-packages/airflow/example_dags/example_task_group.py
[2025-02-03 22:21:41,846] {logging_mixin.py:115} INFO - [2025-02-03 22:21:41,846] {dag.py:2379} INFO - Sync 1 DAGs
[2025-02-03 22:21:41,858] {logging_mixin.py:115} INFO - [2025-02-03 22:21:41,858] {dag.py:2927} INFO - Setting next_dagrun for example_task_group to 2025-02-03T01:21:41.858337+00:00, run_after=2025-02-04T01:21:41.858337+00:00
[2025-02-03 22:21:41,869] {processor.py:161} INFO - Processing /home/luan-capella/Documentos/curso_airflow/airflowalura/venv/lib/python3.9/site-packages/airflow/example_dags/example_task_group.py took 0.049 seconds
[2025-02-03 22:22:18,923] {processor.py:153} INFO - Started process (PID=43102) to work on /home/luan-capella/Documentos/curso_airflow/airflowalura/venv/lib/python3.9/site-packages/airflow/example_dags/example_task_group.py
[2025-02-03 22:22:18,924] {processor.py:641} INFO - Processing file /home/luan-capella/Documentos/curso_airflow/airflowalura/venv/lib/python3.9/site-packages/airflow/example_dags/example_task_group.py for tasks to queue
[2025-02-03 22:22:18,925] {logging_mixin.py:115} INFO - [2025-02-03 22:22:18,925] {dagbag.py:507} INFO - Filling up the DagBag from /home/luan-capella/Documentos/curso_airflow/airflowalura/venv/lib/python3.9/site-packages/airflow/example_dags/example_task_group.py
[2025-02-03 22:22:18,934] {processor.py:651} INFO - DAG(s) dict_keys(['example_task_group']) retrieved from /home/luan-capella/Documentos/curso_airflow/airflowalura/venv/lib/python3.9/site-packages/airflow/example_dags/example_task_group.py
[2025-02-03 22:22:18,947] {logging_mixin.py:115} INFO - [2025-02-03 22:22:18,947] {dag.py:2379} INFO - Sync 1 DAGs
[2025-02-03 22:22:18,959] {logging_mixin.py:115} INFO - [2025-02-03 22:22:18,959] {dag.py:2927} INFO - Setting next_dagrun for example_task_group to 2025-02-03T01:22:18.959409+00:00, run_after=2025-02-04T01:22:18.959409+00:00
[2025-02-03 22:22:18,971] {processor.py:161} INFO - Processing /home/luan-capella/Documentos/curso_airflow/airflowalura/venv/lib/python3.9/site-packages/airflow/example_dags/example_task_group.py took 0.053 seconds
[2025-02-03 22:22:54,952] {processor.py:153} INFO - Started process (PID=43283) to work on /home/luan-capella/Documentos/curso_airflow/airflowalura/venv/lib/python3.9/site-packages/airflow/example_dags/example_task_group.py
[2025-02-03 22:22:54,953] {processor.py:641} INFO - Processing file /home/luan-capella/Documentos/curso_airflow/airflowalura/venv/lib/python3.9/site-packages/airflow/example_dags/example_task_group.py for tasks to queue
[2025-02-03 22:22:54,954] {logging_mixin.py:115} INFO - [2025-02-03 22:22:54,953] {dagbag.py:507} INFO - Filling up the DagBag from /home/luan-capella/Documentos/curso_airflow/airflowalura/venv/lib/python3.9/site-packages/airflow/example_dags/example_task_group.py
[2025-02-03 22:22:54,959] {processor.py:651} INFO - DAG(s) dict_keys(['example_task_group']) retrieved from /home/luan-capella/Documentos/curso_airflow/airflowalura/venv/lib/python3.9/site-packages/airflow/example_dags/example_task_group.py
[2025-02-03 22:22:54,972] {logging_mixin.py:115} INFO - [2025-02-03 22:22:54,972] {dag.py:2379} INFO - Sync 1 DAGs
[2025-02-03 22:22:54,984] {logging_mixin.py:115} INFO - [2025-02-03 22:22:54,984] {dag.py:2927} INFO - Setting next_dagrun for example_task_group to 2025-02-03T01:22:54.984134+00:00, run_after=2025-02-04T01:22:54.984134+00:00
[2025-02-03 22:22:54,998] {processor.py:161} INFO - Processing /home/luan-capella/Documentos/curso_airflow/airflowalura/venv/lib/python3.9/site-packages/airflow/example_dags/example_task_group.py took 0.052 seconds
[2025-02-03 22:23:30,999] {processor.py:153} INFO - Started process (PID=43566) to work on /home/luan-capella/Documentos/curso_airflow/airflowalura/venv/lib/python3.9/site-packages/airflow/example_dags/example_task_group.py
[2025-02-03 22:23:31,000] {processor.py:641} INFO - Processing file /home/luan-capella/Documentos/curso_airflow/airflowalura/venv/lib/python3.9/site-packages/airflow/example_dags/example_task_group.py for tasks to queue
[2025-02-03 22:23:31,001] {logging_mixin.py:115} INFO - [2025-02-03 22:23:31,001] {dagbag.py:507} INFO - Filling up the DagBag from /home/luan-capella/Documentos/curso_airflow/airflowalura/venv/lib/python3.9/site-packages/airflow/example_dags/example_task_group.py
[2025-02-03 22:23:31,006] {processor.py:651} INFO - DAG(s) dict_keys(['example_task_group']) retrieved from /home/luan-capella/Documentos/curso_airflow/airflowalura/venv/lib/python3.9/site-packages/airflow/example_dags/example_task_group.py
[2025-02-03 22:23:31,021] {logging_mixin.py:115} INFO - [2025-02-03 22:23:31,021] {dag.py:2379} INFO - Sync 1 DAGs
[2025-02-03 22:23:31,035] {logging_mixin.py:115} INFO - [2025-02-03 22:23:31,035] {dag.py:2927} INFO - Setting next_dagrun for example_task_group to 2025-02-03T01:23:31.035105+00:00, run_after=2025-02-04T01:23:31.035105+00:00
[2025-02-03 22:23:31,048] {processor.py:161} INFO - Processing /home/luan-capella/Documentos/curso_airflow/airflowalura/venv/lib/python3.9/site-packages/airflow/example_dags/example_task_group.py took 0.051 seconds
[2025-02-03 22:24:07,147] {processor.py:153} INFO - Started process (PID=43720) to work on /home/luan-capella/Documentos/curso_airflow/airflowalura/venv/lib/python3.9/site-packages/airflow/example_dags/example_task_group.py
[2025-02-03 22:24:07,148] {processor.py:641} INFO - Processing file /home/luan-capella/Documentos/curso_airflow/airflowalura/venv/lib/python3.9/site-packages/airflow/example_dags/example_task_group.py for tasks to queue
[2025-02-03 22:24:07,149] {logging_mixin.py:115} INFO - [2025-02-03 22:24:07,149] {dagbag.py:507} INFO - Filling up the DagBag from /home/luan-capella/Documentos/curso_airflow/airflowalura/venv/lib/python3.9/site-packages/airflow/example_dags/example_task_group.py
[2025-02-03 22:24:07,157] {processor.py:651} INFO - DAG(s) dict_keys(['example_task_group']) retrieved from /home/luan-capella/Documentos/curso_airflow/airflowalura/venv/lib/python3.9/site-packages/airflow/example_dags/example_task_group.py
[2025-02-03 22:24:07,169] {logging_mixin.py:115} INFO - [2025-02-03 22:24:07,169] {dag.py:2379} INFO - Sync 1 DAGs
[2025-02-03 22:24:07,181] {logging_mixin.py:115} INFO - [2025-02-03 22:24:07,181] {dag.py:2927} INFO - Setting next_dagrun for example_task_group to 2025-02-03T01:24:07.181530+00:00, run_after=2025-02-04T01:24:07.181530+00:00
[2025-02-03 22:24:07,195] {processor.py:161} INFO - Processing /home/luan-capella/Documentos/curso_airflow/airflowalura/venv/lib/python3.9/site-packages/airflow/example_dags/example_task_group.py took 0.054 seconds
[2025-02-03 22:24:42,525] {processor.py:153} INFO - Started process (PID=44106) to work on /home/luan-capella/Documentos/curso_airflow/airflowalura/venv/lib/python3.9/site-packages/airflow/example_dags/example_task_group.py
[2025-02-03 22:24:42,526] {processor.py:641} INFO - Processing file /home/luan-capella/Documentos/curso_airflow/airflowalura/venv/lib/python3.9/site-packages/airflow/example_dags/example_task_group.py for tasks to queue
[2025-02-03 22:24:42,527] {logging_mixin.py:115} INFO - [2025-02-03 22:24:42,527] {dagbag.py:507} INFO - Filling up the DagBag from /home/luan-capella/Documentos/curso_airflow/airflowalura/venv/lib/python3.9/site-packages/airflow/example_dags/example_task_group.py
[2025-02-03 22:24:42,535] {processor.py:651} INFO - DAG(s) dict_keys(['example_task_group']) retrieved from /home/luan-capella/Documentos/curso_airflow/airflowalura/venv/lib/python3.9/site-packages/airflow/example_dags/example_task_group.py
[2025-02-03 22:24:42,547] {logging_mixin.py:115} INFO - [2025-02-03 22:24:42,547] {dag.py:2379} INFO - Sync 1 DAGs
[2025-02-03 22:24:42,559] {logging_mixin.py:115} INFO - [2025-02-03 22:24:42,558] {dag.py:2927} INFO - Setting next_dagrun for example_task_group to 2025-02-03T01:24:42.558719+00:00, run_after=2025-02-04T01:24:42.558719+00:00
[2025-02-03 22:24:42,569] {processor.py:161} INFO - Processing /home/luan-capella/Documentos/curso_airflow/airflowalura/venv/lib/python3.9/site-packages/airflow/example_dags/example_task_group.py took 0.049 seconds
[2025-02-03 22:25:17,506] {processor.py:153} INFO - Started process (PID=44495) to work on /home/luan-capella/Documentos/curso_airflow/airflowalura/venv/lib/python3.9/site-packages/airflow/example_dags/example_task_group.py
[2025-02-03 22:25:17,524] {processor.py:641} INFO - Processing file /home/luan-capella/Documentos/curso_airflow/airflowalura/venv/lib/python3.9/site-packages/airflow/example_dags/example_task_group.py for tasks to queue
[2025-02-03 22:25:17,525] {logging_mixin.py:115} INFO - [2025-02-03 22:25:17,525] {dagbag.py:507} INFO - Filling up the DagBag from /home/luan-capella/Documentos/curso_airflow/airflowalura/venv/lib/python3.9/site-packages/airflow/example_dags/example_task_group.py
[2025-02-03 22:25:17,537] {processor.py:651} INFO - DAG(s) dict_keys(['example_task_group']) retrieved from /home/luan-capella/Documentos/curso_airflow/airflowalura/venv/lib/python3.9/site-packages/airflow/example_dags/example_task_group.py
[2025-02-03 22:25:17,556] {logging_mixin.py:115} INFO - [2025-02-03 22:25:17,556] {dag.py:2379} INFO - Sync 1 DAGs
[2025-02-03 22:25:17,568] {logging_mixin.py:115} INFO - [2025-02-03 22:25:17,568] {dag.py:2927} INFO - Setting next_dagrun for example_task_group to 2025-02-03T01:25:17.567972+00:00, run_after=2025-02-04T01:25:17.567972+00:00
[2025-02-03 22:25:17,638] {processor.py:161} INFO - Processing /home/luan-capella/Documentos/curso_airflow/airflowalura/venv/lib/python3.9/site-packages/airflow/example_dags/example_task_group.py took 0.137 seconds
[2025-02-03 22:25:53,678] {processor.py:153} INFO - Started process (PID=44727) to work on /home/luan-capella/Documentos/curso_airflow/airflowalura/venv/lib/python3.9/site-packages/airflow/example_dags/example_task_group.py
[2025-02-03 22:25:53,680] {processor.py:641} INFO - Processing file /home/luan-capella/Documentos/curso_airflow/airflowalura/venv/lib/python3.9/site-packages/airflow/example_dags/example_task_group.py for tasks to queue
[2025-02-03 22:25:53,680] {logging_mixin.py:115} INFO - [2025-02-03 22:25:53,680] {dagbag.py:507} INFO - Filling up the DagBag from /home/luan-capella/Documentos/curso_airflow/airflowalura/venv/lib/python3.9/site-packages/airflow/example_dags/example_task_group.py
[2025-02-03 22:25:53,688] {processor.py:651} INFO - DAG(s) dict_keys(['example_task_group']) retrieved from /home/luan-capella/Documentos/curso_airflow/airflowalura/venv/lib/python3.9/site-packages/airflow/example_dags/example_task_group.py
[2025-02-03 22:25:53,701] {logging_mixin.py:115} INFO - [2025-02-03 22:25:53,701] {dag.py:2379} INFO - Sync 1 DAGs
[2025-02-03 22:25:53,713] {logging_mixin.py:115} INFO - [2025-02-03 22:25:53,713] {dag.py:2927} INFO - Setting next_dagrun for example_task_group to 2025-02-03T01:25:53.713246+00:00, run_after=2025-02-04T01:25:53.713246+00:00
[2025-02-03 22:25:53,738] {processor.py:161} INFO - Processing /home/luan-capella/Documentos/curso_airflow/airflowalura/venv/lib/python3.9/site-packages/airflow/example_dags/example_task_group.py took 0.065 seconds
[2025-02-03 22:26:30,967] {processor.py:153} INFO - Started process (PID=45020) to work on /home/luan-capella/Documentos/curso_airflow/airflowalura/venv/lib/python3.9/site-packages/airflow/example_dags/example_task_group.py
[2025-02-03 22:26:30,968] {processor.py:641} INFO - Processing file /home/luan-capella/Documentos/curso_airflow/airflowalura/venv/lib/python3.9/site-packages/airflow/example_dags/example_task_group.py for tasks to queue
[2025-02-03 22:26:30,968] {logging_mixin.py:115} INFO - [2025-02-03 22:26:30,968] {dagbag.py:507} INFO - Filling up the DagBag from /home/luan-capella/Documentos/curso_airflow/airflowalura/venv/lib/python3.9/site-packages/airflow/example_dags/example_task_group.py
[2025-02-03 22:26:30,973] {processor.py:651} INFO - DAG(s) dict_keys(['example_task_group']) retrieved from /home/luan-capella/Documentos/curso_airflow/airflowalura/venv/lib/python3.9/site-packages/airflow/example_dags/example_task_group.py
[2025-02-03 22:26:30,985] {logging_mixin.py:115} INFO - [2025-02-03 22:26:30,985] {dag.py:2379} INFO - Sync 1 DAGs
[2025-02-03 22:26:30,998] {logging_mixin.py:115} INFO - [2025-02-03 22:26:30,998] {dag.py:2927} INFO - Setting next_dagrun for example_task_group to 2025-02-03T01:26:30.998541+00:00, run_after=2025-02-04T01:26:30.998541+00:00
[2025-02-03 22:26:31,023] {processor.py:161} INFO - Processing /home/luan-capella/Documentos/curso_airflow/airflowalura/venv/lib/python3.9/site-packages/airflow/example_dags/example_task_group.py took 0.059 seconds
[2025-02-03 22:27:08,204] {processor.py:153} INFO - Started process (PID=45203) to work on /home/luan-capella/Documentos/curso_airflow/airflowalura/venv/lib/python3.9/site-packages/airflow/example_dags/example_task_group.py
[2025-02-03 22:27:08,204] {processor.py:641} INFO - Processing file /home/luan-capella/Documentos/curso_airflow/airflowalura/venv/lib/python3.9/site-packages/airflow/example_dags/example_task_group.py for tasks to queue
[2025-02-03 22:27:08,205] {logging_mixin.py:115} INFO - [2025-02-03 22:27:08,205] {dagbag.py:507} INFO - Filling up the DagBag from /home/luan-capella/Documentos/curso_airflow/airflowalura/venv/lib/python3.9/site-packages/airflow/example_dags/example_task_group.py
[2025-02-03 22:27:08,216] {processor.py:651} INFO - DAG(s) dict_keys(['example_task_group']) retrieved from /home/luan-capella/Documentos/curso_airflow/airflowalura/venv/lib/python3.9/site-packages/airflow/example_dags/example_task_group.py
[2025-02-03 22:27:08,230] {logging_mixin.py:115} INFO - [2025-02-03 22:27:08,230] {dag.py:2379} INFO - Sync 1 DAGs
[2025-02-03 22:27:08,246] {logging_mixin.py:115} INFO - [2025-02-03 22:27:08,246] {dag.py:2927} INFO - Setting next_dagrun for example_task_group to 2025-02-03T01:27:08.246025+00:00, run_after=2025-02-04T01:27:08.246025+00:00
[2025-02-03 22:27:08,257] {processor.py:161} INFO - Processing /home/luan-capella/Documentos/curso_airflow/airflowalura/venv/lib/python3.9/site-packages/airflow/example_dags/example_task_group.py took 0.056 seconds
[2025-02-03 22:27:43,040] {processor.py:153} INFO - Started process (PID=45367) to work on /home/luan-capella/Documentos/curso_airflow/airflowalura/venv/lib/python3.9/site-packages/airflow/example_dags/example_task_group.py
[2025-02-03 22:27:43,041] {processor.py:641} INFO - Processing file /home/luan-capella/Documentos/curso_airflow/airflowalura/venv/lib/python3.9/site-packages/airflow/example_dags/example_task_group.py for tasks to queue
[2025-02-03 22:27:43,041] {logging_mixin.py:115} INFO - [2025-02-03 22:27:43,041] {dagbag.py:507} INFO - Filling up the DagBag from /home/luan-capella/Documentos/curso_airflow/airflowalura/venv/lib/python3.9/site-packages/airflow/example_dags/example_task_group.py
[2025-02-03 22:27:43,049] {processor.py:651} INFO - DAG(s) dict_keys(['example_task_group']) retrieved from /home/luan-capella/Documentos/curso_airflow/airflowalura/venv/lib/python3.9/site-packages/airflow/example_dags/example_task_group.py
[2025-02-03 22:27:43,061] {logging_mixin.py:115} INFO - [2025-02-03 22:27:43,061] {dag.py:2379} INFO - Sync 1 DAGs
[2025-02-03 22:27:43,073] {logging_mixin.py:115} INFO - [2025-02-03 22:27:43,073] {dag.py:2927} INFO - Setting next_dagrun for example_task_group to 2025-02-03T01:27:43.073210+00:00, run_after=2025-02-04T01:27:43.073210+00:00
[2025-02-03 22:27:43,084] {processor.py:161} INFO - Processing /home/luan-capella/Documentos/curso_airflow/airflowalura/venv/lib/python3.9/site-packages/airflow/example_dags/example_task_group.py took 0.050 seconds
[2025-02-03 22:28:19,491] {processor.py:153} INFO - Started process (PID=45532) to work on /home/luan-capella/Documentos/curso_airflow/airflowalura/venv/lib/python3.9/site-packages/airflow/example_dags/example_task_group.py
[2025-02-03 22:28:19,492] {processor.py:641} INFO - Processing file /home/luan-capella/Documentos/curso_airflow/airflowalura/venv/lib/python3.9/site-packages/airflow/example_dags/example_task_group.py for tasks to queue
[2025-02-03 22:28:19,492] {logging_mixin.py:115} INFO - [2025-02-03 22:28:19,492] {dagbag.py:507} INFO - Filling up the DagBag from /home/luan-capella/Documentos/curso_airflow/airflowalura/venv/lib/python3.9/site-packages/airflow/example_dags/example_task_group.py
[2025-02-03 22:28:19,500] {processor.py:651} INFO - DAG(s) dict_keys(['example_task_group']) retrieved from /home/luan-capella/Documentos/curso_airflow/airflowalura/venv/lib/python3.9/site-packages/airflow/example_dags/example_task_group.py
[2025-02-03 22:28:19,514] {logging_mixin.py:115} INFO - [2025-02-03 22:28:19,514] {dag.py:2379} INFO - Sync 1 DAGs
[2025-02-03 22:28:19,528] {logging_mixin.py:115} INFO - [2025-02-03 22:28:19,528] {dag.py:2927} INFO - Setting next_dagrun for example_task_group to 2025-02-03T01:28:19.528333+00:00, run_after=2025-02-04T01:28:19.528333+00:00
[2025-02-03 22:28:19,541] {processor.py:161} INFO - Processing /home/luan-capella/Documentos/curso_airflow/airflowalura/venv/lib/python3.9/site-packages/airflow/example_dags/example_task_group.py took 0.053 seconds
