[2025-02-03 22:20:26,445] {processor.py:153} INFO - Started process (PID=42175) to work on /home/luan-capella/Documentos/curso_airflow/airflowalura/venv/lib/python3.9/site-packages/airflow/example_dags/example_skip_dag.py
[2025-02-03 22:20:26,446] {processor.py:641} INFO - Processing file /home/luan-capella/Documentos/curso_airflow/airflowalura/venv/lib/python3.9/site-packages/airflow/example_dags/example_skip_dag.py for tasks to queue
[2025-02-03 22:20:26,446] {logging_mixin.py:115} INFO - [2025-02-03 22:20:26,446] {dagbag.py:507} INFO - Filling up the DagBag from /home/luan-capella/Documentos/curso_airflow/airflowalura/venv/lib/python3.9/site-packages/airflow/example_dags/example_skip_dag.py
[2025-02-03 22:20:26,450] {processor.py:651} INFO - DAG(s) dict_keys(['example_skip_dag']) retrieved from /home/luan-capella/Documentos/curso_airflow/airflowalura/venv/lib/python3.9/site-packages/airflow/example_dags/example_skip_dag.py
[2025-02-03 22:20:26,464] {logging_mixin.py:115} INFO - [2025-02-03 22:20:26,464] {dag.py:2379} INFO - Sync 1 DAGs
[2025-02-03 22:20:26,477] {logging_mixin.py:115} INFO - [2025-02-03 22:20:26,476] {dag.py:2927} INFO - Setting next_dagrun for example_skip_dag to 2025-02-03T01:20:26.476770+00:00, run_after=2025-02-04T01:20:26.476770+00:00
[2025-02-03 22:20:26,489] {processor.py:161} INFO - Processing /home/luan-capella/Documentos/curso_airflow/airflowalura/venv/lib/python3.9/site-packages/airflow/example_dags/example_skip_dag.py took 0.048 seconds
[2025-02-03 22:21:13,705] {processor.py:153} INFO - Started process (PID=42817) to work on /home/luan-capella/Documentos/curso_airflow/airflowalura/venv/lib/python3.9/site-packages/airflow/example_dags/example_skip_dag.py
[2025-02-03 22:21:13,706] {processor.py:641} INFO - Processing file /home/luan-capella/Documentos/curso_airflow/airflowalura/venv/lib/python3.9/site-packages/airflow/example_dags/example_skip_dag.py for tasks to queue
[2025-02-03 22:21:13,706] {logging_mixin.py:115} INFO - [2025-02-03 22:21:13,706] {dagbag.py:507} INFO - Filling up the DagBag from /home/luan-capella/Documentos/curso_airflow/airflowalura/venv/lib/python3.9/site-packages/airflow/example_dags/example_skip_dag.py
[2025-02-03 22:21:13,713] {processor.py:651} INFO - DAG(s) dict_keys(['example_skip_dag']) retrieved from /home/luan-capella/Documentos/curso_airflow/airflowalura/venv/lib/python3.9/site-packages/airflow/example_dags/example_skip_dag.py
[2025-02-03 22:21:13,727] {logging_mixin.py:115} INFO - [2025-02-03 22:21:13,726] {dag.py:2379} INFO - Sync 1 DAGs
[2025-02-03 22:21:13,739] {logging_mixin.py:115} INFO - [2025-02-03 22:21:13,739] {dag.py:2927} INFO - Setting next_dagrun for example_skip_dag to 2025-02-03T01:21:13.739549+00:00, run_after=2025-02-04T01:21:13.739549+00:00
[2025-02-03 22:21:13,756] {processor.py:161} INFO - Processing /home/luan-capella/Documentos/curso_airflow/airflowalura/venv/lib/python3.9/site-packages/airflow/example_dags/example_skip_dag.py took 0.057 seconds
[2025-02-03 22:21:50,921] {processor.py:153} INFO - Started process (PID=42977) to work on /home/luan-capella/Documentos/curso_airflow/airflowalura/venv/lib/python3.9/site-packages/airflow/example_dags/example_skip_dag.py
[2025-02-03 22:21:50,922] {processor.py:641} INFO - Processing file /home/luan-capella/Documentos/curso_airflow/airflowalura/venv/lib/python3.9/site-packages/airflow/example_dags/example_skip_dag.py for tasks to queue
[2025-02-03 22:21:50,923] {logging_mixin.py:115} INFO - [2025-02-03 22:21:50,923] {dagbag.py:507} INFO - Filling up the DagBag from /home/luan-capella/Documentos/curso_airflow/airflowalura/venv/lib/python3.9/site-packages/airflow/example_dags/example_skip_dag.py
[2025-02-03 22:21:50,929] {processor.py:651} INFO - DAG(s) dict_keys(['example_skip_dag']) retrieved from /home/luan-capella/Documentos/curso_airflow/airflowalura/venv/lib/python3.9/site-packages/airflow/example_dags/example_skip_dag.py
[2025-02-03 22:21:50,941] {logging_mixin.py:115} INFO - [2025-02-03 22:21:50,941] {dag.py:2379} INFO - Sync 1 DAGs
[2025-02-03 22:21:50,952] {logging_mixin.py:115} INFO - [2025-02-03 22:21:50,952] {dag.py:2927} INFO - Setting next_dagrun for example_skip_dag to 2025-02-03T01:21:50.952617+00:00, run_after=2025-02-04T01:21:50.952617+00:00
[2025-02-03 22:21:50,964] {processor.py:161} INFO - Processing /home/luan-capella/Documentos/curso_airflow/airflowalura/venv/lib/python3.9/site-packages/airflow/example_dags/example_skip_dag.py took 0.047 seconds
[2025-02-03 22:22:27,424] {processor.py:153} INFO - Started process (PID=43148) to work on /home/luan-capella/Documentos/curso_airflow/airflowalura/venv/lib/python3.9/site-packages/airflow/example_dags/example_skip_dag.py
[2025-02-03 22:22:27,425] {processor.py:641} INFO - Processing file /home/luan-capella/Documentos/curso_airflow/airflowalura/venv/lib/python3.9/site-packages/airflow/example_dags/example_skip_dag.py for tasks to queue
[2025-02-03 22:22:27,426] {logging_mixin.py:115} INFO - [2025-02-03 22:22:27,426] {dagbag.py:507} INFO - Filling up the DagBag from /home/luan-capella/Documentos/curso_airflow/airflowalura/venv/lib/python3.9/site-packages/airflow/example_dags/example_skip_dag.py
[2025-02-03 22:22:27,433] {processor.py:651} INFO - DAG(s) dict_keys(['example_skip_dag']) retrieved from /home/luan-capella/Documentos/curso_airflow/airflowalura/venv/lib/python3.9/site-packages/airflow/example_dags/example_skip_dag.py
[2025-02-03 22:22:27,445] {logging_mixin.py:115} INFO - [2025-02-03 22:22:27,445] {dag.py:2379} INFO - Sync 1 DAGs
[2025-02-03 22:22:27,459] {logging_mixin.py:115} INFO - [2025-02-03 22:22:27,459] {dag.py:2927} INFO - Setting next_dagrun for example_skip_dag to 2025-02-03T01:22:27.458896+00:00, run_after=2025-02-04T01:22:27.458896+00:00
[2025-02-03 22:22:27,471] {processor.py:161} INFO - Processing /home/luan-capella/Documentos/curso_airflow/airflowalura/venv/lib/python3.9/site-packages/airflow/example_dags/example_skip_dag.py took 0.052 seconds
[2025-02-03 22:23:03,216] {processor.py:153} INFO - Started process (PID=43322) to work on /home/luan-capella/Documentos/curso_airflow/airflowalura/venv/lib/python3.9/site-packages/airflow/example_dags/example_skip_dag.py
[2025-02-03 22:23:03,220] {processor.py:641} INFO - Processing file /home/luan-capella/Documentos/curso_airflow/airflowalura/venv/lib/python3.9/site-packages/airflow/example_dags/example_skip_dag.py for tasks to queue
[2025-02-03 22:23:03,221] {logging_mixin.py:115} INFO - [2025-02-03 22:23:03,221] {dagbag.py:507} INFO - Filling up the DagBag from /home/luan-capella/Documentos/curso_airflow/airflowalura/venv/lib/python3.9/site-packages/airflow/example_dags/example_skip_dag.py
[2025-02-03 22:23:03,228] {processor.py:651} INFO - DAG(s) dict_keys(['example_skip_dag']) retrieved from /home/luan-capella/Documentos/curso_airflow/airflowalura/venv/lib/python3.9/site-packages/airflow/example_dags/example_skip_dag.py
[2025-02-03 22:23:03,240] {logging_mixin.py:115} INFO - [2025-02-03 22:23:03,240] {dag.py:2379} INFO - Sync 1 DAGs
[2025-02-03 22:23:03,253] {logging_mixin.py:115} INFO - [2025-02-03 22:23:03,253] {dag.py:2927} INFO - Setting next_dagrun for example_skip_dag to 2025-02-03T01:23:03.253633+00:00, run_after=2025-02-04T01:23:03.253633+00:00
[2025-02-03 22:23:03,274] {processor.py:161} INFO - Processing /home/luan-capella/Documentos/curso_airflow/airflowalura/venv/lib/python3.9/site-packages/airflow/example_dags/example_skip_dag.py took 0.062 seconds
[2025-02-03 22:23:39,033] {processor.py:153} INFO - Started process (PID=43609) to work on /home/luan-capella/Documentos/curso_airflow/airflowalura/venv/lib/python3.9/site-packages/airflow/example_dags/example_skip_dag.py
[2025-02-03 22:23:39,034] {processor.py:641} INFO - Processing file /home/luan-capella/Documentos/curso_airflow/airflowalura/venv/lib/python3.9/site-packages/airflow/example_dags/example_skip_dag.py for tasks to queue
[2025-02-03 22:23:39,034] {logging_mixin.py:115} INFO - [2025-02-03 22:23:39,034] {dagbag.py:507} INFO - Filling up the DagBag from /home/luan-capella/Documentos/curso_airflow/airflowalura/venv/lib/python3.9/site-packages/airflow/example_dags/example_skip_dag.py
[2025-02-03 22:23:39,039] {processor.py:651} INFO - DAG(s) dict_keys(['example_skip_dag']) retrieved from /home/luan-capella/Documentos/curso_airflow/airflowalura/venv/lib/python3.9/site-packages/airflow/example_dags/example_skip_dag.py
[2025-02-03 22:23:39,053] {logging_mixin.py:115} INFO - [2025-02-03 22:23:39,053] {dag.py:2379} INFO - Sync 1 DAGs
[2025-02-03 22:23:39,066] {logging_mixin.py:115} INFO - [2025-02-03 22:23:39,066] {dag.py:2927} INFO - Setting next_dagrun for example_skip_dag to 2025-02-03T01:23:39.065857+00:00, run_after=2025-02-04T01:23:39.065857+00:00
[2025-02-03 22:23:39,077] {processor.py:161} INFO - Processing /home/luan-capella/Documentos/curso_airflow/airflowalura/venv/lib/python3.9/site-packages/airflow/example_dags/example_skip_dag.py took 0.047 seconds
[2025-02-03 22:24:17,335] {processor.py:153} INFO - Started process (PID=43762) to work on /home/luan-capella/Documentos/curso_airflow/airflowalura/venv/lib/python3.9/site-packages/airflow/example_dags/example_skip_dag.py
[2025-02-03 22:24:17,336] {processor.py:641} INFO - Processing file /home/luan-capella/Documentos/curso_airflow/airflowalura/venv/lib/python3.9/site-packages/airflow/example_dags/example_skip_dag.py for tasks to queue
[2025-02-03 22:24:17,337] {logging_mixin.py:115} INFO - [2025-02-03 22:24:17,337] {dagbag.py:507} INFO - Filling up the DagBag from /home/luan-capella/Documentos/curso_airflow/airflowalura/venv/lib/python3.9/site-packages/airflow/example_dags/example_skip_dag.py
[2025-02-03 22:24:17,344] {processor.py:651} INFO - DAG(s) dict_keys(['example_skip_dag']) retrieved from /home/luan-capella/Documentos/curso_airflow/airflowalura/venv/lib/python3.9/site-packages/airflow/example_dags/example_skip_dag.py
[2025-02-03 22:24:17,357] {logging_mixin.py:115} INFO - [2025-02-03 22:24:17,357] {dag.py:2379} INFO - Sync 1 DAGs
[2025-02-03 22:24:17,369] {logging_mixin.py:115} INFO - [2025-02-03 22:24:17,369] {dag.py:2927} INFO - Setting next_dagrun for example_skip_dag to 2025-02-03T01:24:17.368882+00:00, run_after=2025-02-04T01:24:17.368882+00:00
[2025-02-03 22:24:17,380] {processor.py:161} INFO - Processing /home/luan-capella/Documentos/curso_airflow/airflowalura/venv/lib/python3.9/site-packages/airflow/example_dags/example_skip_dag.py took 0.049 seconds
[2025-02-03 22:24:50,371] {processor.py:153} INFO - Started process (PID=44193) to work on /home/luan-capella/Documentos/curso_airflow/airflowalura/venv/lib/python3.9/site-packages/airflow/example_dags/example_skip_dag.py
[2025-02-03 22:24:50,371] {processor.py:641} INFO - Processing file /home/luan-capella/Documentos/curso_airflow/airflowalura/venv/lib/python3.9/site-packages/airflow/example_dags/example_skip_dag.py for tasks to queue
[2025-02-03 22:24:50,371] {logging_mixin.py:115} INFO - [2025-02-03 22:24:50,371] {dagbag.py:507} INFO - Filling up the DagBag from /home/luan-capella/Documentos/curso_airflow/airflowalura/venv/lib/python3.9/site-packages/airflow/example_dags/example_skip_dag.py
[2025-02-03 22:24:50,375] {processor.py:651} INFO - DAG(s) dict_keys(['example_skip_dag']) retrieved from /home/luan-capella/Documentos/curso_airflow/airflowalura/venv/lib/python3.9/site-packages/airflow/example_dags/example_skip_dag.py
[2025-02-03 22:24:50,387] {logging_mixin.py:115} INFO - [2025-02-03 22:24:50,387] {dag.py:2379} INFO - Sync 1 DAGs
[2025-02-03 22:24:50,400] {logging_mixin.py:115} INFO - [2025-02-03 22:24:50,400] {dag.py:2927} INFO - Setting next_dagrun for example_skip_dag to 2025-02-03T01:24:50.400106+00:00, run_after=2025-02-04T01:24:50.400106+00:00
[2025-02-03 22:24:50,411] {processor.py:161} INFO - Processing /home/luan-capella/Documentos/curso_airflow/airflowalura/venv/lib/python3.9/site-packages/airflow/example_dags/example_skip_dag.py took 0.042 seconds
[2025-02-03 22:25:26,773] {processor.py:153} INFO - Started process (PID=44599) to work on /home/luan-capella/Documentos/curso_airflow/airflowalura/venv/lib/python3.9/site-packages/airflow/example_dags/example_skip_dag.py
[2025-02-03 22:25:26,790] {processor.py:641} INFO - Processing file /home/luan-capella/Documentos/curso_airflow/airflowalura/venv/lib/python3.9/site-packages/airflow/example_dags/example_skip_dag.py for tasks to queue
[2025-02-03 22:25:26,791] {logging_mixin.py:115} INFO - [2025-02-03 22:25:26,791] {dagbag.py:507} INFO - Filling up the DagBag from /home/luan-capella/Documentos/curso_airflow/airflowalura/venv/lib/python3.9/site-packages/airflow/example_dags/example_skip_dag.py
[2025-02-03 22:25:26,796] {processor.py:651} INFO - DAG(s) dict_keys(['example_skip_dag']) retrieved from /home/luan-capella/Documentos/curso_airflow/airflowalura/venv/lib/python3.9/site-packages/airflow/example_dags/example_skip_dag.py
[2025-02-03 22:25:26,814] {logging_mixin.py:115} INFO - [2025-02-03 22:25:26,814] {dag.py:2379} INFO - Sync 1 DAGs
[2025-02-03 22:25:26,828] {logging_mixin.py:115} INFO - [2025-02-03 22:25:26,828] {dag.py:2927} INFO - Setting next_dagrun for example_skip_dag to 2025-02-03T01:25:26.828427+00:00, run_after=2025-02-04T01:25:26.828427+00:00
[2025-02-03 22:25:26,843] {processor.py:161} INFO - Processing /home/luan-capella/Documentos/curso_airflow/airflowalura/venv/lib/python3.9/site-packages/airflow/example_dags/example_skip_dag.py took 0.076 seconds
[2025-02-03 22:26:02,487] {processor.py:153} INFO - Started process (PID=44770) to work on /home/luan-capella/Documentos/curso_airflow/airflowalura/venv/lib/python3.9/site-packages/airflow/example_dags/example_skip_dag.py
[2025-02-03 22:26:02,490] {processor.py:641} INFO - Processing file /home/luan-capella/Documentos/curso_airflow/airflowalura/venv/lib/python3.9/site-packages/airflow/example_dags/example_skip_dag.py for tasks to queue
[2025-02-03 22:26:02,490] {logging_mixin.py:115} INFO - [2025-02-03 22:26:02,490] {dagbag.py:507} INFO - Filling up the DagBag from /home/luan-capella/Documentos/curso_airflow/airflowalura/venv/lib/python3.9/site-packages/airflow/example_dags/example_skip_dag.py
[2025-02-03 22:26:02,497] {processor.py:651} INFO - DAG(s) dict_keys(['example_skip_dag']) retrieved from /home/luan-capella/Documentos/curso_airflow/airflowalura/venv/lib/python3.9/site-packages/airflow/example_dags/example_skip_dag.py
[2025-02-03 22:26:02,510] {logging_mixin.py:115} INFO - [2025-02-03 22:26:02,510] {dag.py:2379} INFO - Sync 1 DAGs
[2025-02-03 22:26:02,522] {logging_mixin.py:115} INFO - [2025-02-03 22:26:02,522] {dag.py:2927} INFO - Setting next_dagrun for example_skip_dag to 2025-02-03T01:26:02.522358+00:00, run_after=2025-02-04T01:26:02.522358+00:00
[2025-02-03 22:26:02,576] {processor.py:161} INFO - Processing /home/luan-capella/Documentos/curso_airflow/airflowalura/venv/lib/python3.9/site-packages/airflow/example_dags/example_skip_dag.py took 0.094 seconds
[2025-02-03 22:26:38,986] {processor.py:153} INFO - Started process (PID=45064) to work on /home/luan-capella/Documentos/curso_airflow/airflowalura/venv/lib/python3.9/site-packages/airflow/example_dags/example_skip_dag.py
[2025-02-03 22:26:38,987] {processor.py:641} INFO - Processing file /home/luan-capella/Documentos/curso_airflow/airflowalura/venv/lib/python3.9/site-packages/airflow/example_dags/example_skip_dag.py for tasks to queue
[2025-02-03 22:26:38,988] {logging_mixin.py:115} INFO - [2025-02-03 22:26:38,988] {dagbag.py:507} INFO - Filling up the DagBag from /home/luan-capella/Documentos/curso_airflow/airflowalura/venv/lib/python3.9/site-packages/airflow/example_dags/example_skip_dag.py
[2025-02-03 22:26:38,995] {processor.py:651} INFO - DAG(s) dict_keys(['example_skip_dag']) retrieved from /home/luan-capella/Documentos/curso_airflow/airflowalura/venv/lib/python3.9/site-packages/airflow/example_dags/example_skip_dag.py
[2025-02-03 22:26:39,007] {logging_mixin.py:115} INFO - [2025-02-03 22:26:39,007] {dag.py:2379} INFO - Sync 1 DAGs
[2025-02-03 22:26:39,020] {logging_mixin.py:115} INFO - [2025-02-03 22:26:39,019] {dag.py:2927} INFO - Setting next_dagrun for example_skip_dag to 2025-02-03T01:26:39.019726+00:00, run_after=2025-02-04T01:26:39.019726+00:00
[2025-02-03 22:26:39,032] {processor.py:161} INFO - Processing /home/luan-capella/Documentos/curso_airflow/airflowalura/venv/lib/python3.9/site-packages/airflow/example_dags/example_skip_dag.py took 0.050 seconds
[2025-02-03 22:27:16,233] {processor.py:153} INFO - Started process (PID=45240) to work on /home/luan-capella/Documentos/curso_airflow/airflowalura/venv/lib/python3.9/site-packages/airflow/example_dags/example_skip_dag.py
[2025-02-03 22:27:16,234] {processor.py:641} INFO - Processing file /home/luan-capella/Documentos/curso_airflow/airflowalura/venv/lib/python3.9/site-packages/airflow/example_dags/example_skip_dag.py for tasks to queue
[2025-02-03 22:27:16,235] {logging_mixin.py:115} INFO - [2025-02-03 22:27:16,235] {dagbag.py:507} INFO - Filling up the DagBag from /home/luan-capella/Documentos/curso_airflow/airflowalura/venv/lib/python3.9/site-packages/airflow/example_dags/example_skip_dag.py
[2025-02-03 22:27:16,242] {processor.py:651} INFO - DAG(s) dict_keys(['example_skip_dag']) retrieved from /home/luan-capella/Documentos/curso_airflow/airflowalura/venv/lib/python3.9/site-packages/airflow/example_dags/example_skip_dag.py
[2025-02-03 22:27:16,255] {logging_mixin.py:115} INFO - [2025-02-03 22:27:16,255] {dag.py:2379} INFO - Sync 1 DAGs
[2025-02-03 22:27:16,268] {logging_mixin.py:115} INFO - [2025-02-03 22:27:16,268] {dag.py:2927} INFO - Setting next_dagrun for example_skip_dag to 2025-02-03T01:27:16.268074+00:00, run_after=2025-02-04T01:27:16.268074+00:00
[2025-02-03 22:27:16,282] {processor.py:161} INFO - Processing /home/luan-capella/Documentos/curso_airflow/airflowalura/venv/lib/python3.9/site-packages/airflow/example_dags/example_skip_dag.py took 0.054 seconds
[2025-02-03 22:27:55,692] {processor.py:153} INFO - Started process (PID=45428) to work on /home/luan-capella/Documentos/curso_airflow/airflowalura/venv/lib/python3.9/site-packages/airflow/example_dags/example_skip_dag.py
[2025-02-03 22:27:55,693] {processor.py:641} INFO - Processing file /home/luan-capella/Documentos/curso_airflow/airflowalura/venv/lib/python3.9/site-packages/airflow/example_dags/example_skip_dag.py for tasks to queue
[2025-02-03 22:27:55,694] {logging_mixin.py:115} INFO - [2025-02-03 22:27:55,694] {dagbag.py:507} INFO - Filling up the DagBag from /home/luan-capella/Documentos/curso_airflow/airflowalura/venv/lib/python3.9/site-packages/airflow/example_dags/example_skip_dag.py
[2025-02-03 22:27:55,699] {processor.py:651} INFO - DAG(s) dict_keys(['example_skip_dag']) retrieved from /home/luan-capella/Documentos/curso_airflow/airflowalura/venv/lib/python3.9/site-packages/airflow/example_dags/example_skip_dag.py
[2025-02-03 22:27:55,711] {logging_mixin.py:115} INFO - [2025-02-03 22:27:55,711] {dag.py:2379} INFO - Sync 1 DAGs
[2025-02-03 22:27:55,723] {logging_mixin.py:115} INFO - [2025-02-03 22:27:55,723] {dag.py:2927} INFO - Setting next_dagrun for example_skip_dag to 2025-02-03T01:27:55.723414+00:00, run_after=2025-02-04T01:27:55.723414+00:00
[2025-02-03 22:27:55,736] {processor.py:161} INFO - Processing /home/luan-capella/Documentos/curso_airflow/airflowalura/venv/lib/python3.9/site-packages/airflow/example_dags/example_skip_dag.py took 0.050 seconds
