[2025-02-03 22:20:10,056] {processor.py:153} INFO - Started process (PID=41842) to work on /home/luan-capella/Documentos/curso_airflow/airflowalura/venv/lib/python3.9/site-packages/airflow/example_dags/example_trigger_controller_dag.py
[2025-02-03 22:20:10,057] {processor.py:641} INFO - Processing file /home/luan-capella/Documentos/curso_airflow/airflowalura/venv/lib/python3.9/site-packages/airflow/example_dags/example_trigger_controller_dag.py for tasks to queue
[2025-02-03 22:20:10,057] {logging_mixin.py:115} INFO - [2025-02-03 22:20:10,057] {dagbag.py:507} INFO - Filling up the DagBag from /home/luan-capella/Documentos/curso_airflow/airflowalura/venv/lib/python3.9/site-packages/airflow/example_dags/example_trigger_controller_dag.py
[2025-02-03 22:20:10,059] {processor.py:651} INFO - DAG(s) dict_keys(['example_trigger_controller_dag']) retrieved from /home/luan-capella/Documentos/curso_airflow/airflowalura/venv/lib/python3.9/site-packages/airflow/example_dags/example_trigger_controller_dag.py
[2025-02-03 22:20:10,072] {logging_mixin.py:115} INFO - [2025-02-03 22:20:10,071] {dag.py:2379} INFO - Sync 1 DAGs
[2025-02-03 22:20:10,084] {logging_mixin.py:115} INFO - [2025-02-03 22:20:10,083] {dag.py:2927} INFO - Setting next_dagrun for example_trigger_controller_dag to 2021-01-01T00:00:00+00:00, run_after=2021-01-01T00:00:00+00:00
[2025-02-03 22:20:10,099] {processor.py:161} INFO - Processing /home/luan-capella/Documentos/curso_airflow/airflowalura/venv/lib/python3.9/site-packages/airflow/example_dags/example_trigger_controller_dag.py took 0.046 seconds
[2025-02-03 22:21:06,444] {processor.py:153} INFO - Started process (PID=42757) to work on /home/luan-capella/Documentos/curso_airflow/airflowalura/venv/lib/python3.9/site-packages/airflow/example_dags/example_trigger_controller_dag.py
[2025-02-03 22:21:06,445] {processor.py:641} INFO - Processing file /home/luan-capella/Documentos/curso_airflow/airflowalura/venv/lib/python3.9/site-packages/airflow/example_dags/example_trigger_controller_dag.py for tasks to queue
[2025-02-03 22:21:06,445] {logging_mixin.py:115} INFO - [2025-02-03 22:21:06,445] {dagbag.py:507} INFO - Filling up the DagBag from /home/luan-capella/Documentos/curso_airflow/airflowalura/venv/lib/python3.9/site-packages/airflow/example_dags/example_trigger_controller_dag.py
[2025-02-03 22:21:06,447] {processor.py:651} INFO - DAG(s) dict_keys(['example_trigger_controller_dag']) retrieved from /home/luan-capella/Documentos/curso_airflow/airflowalura/venv/lib/python3.9/site-packages/airflow/example_dags/example_trigger_controller_dag.py
[2025-02-03 22:21:06,460] {logging_mixin.py:115} INFO - [2025-02-03 22:21:06,460] {dag.py:2379} INFO - Sync 1 DAGs
[2025-02-03 22:21:06,473] {logging_mixin.py:115} INFO - [2025-02-03 22:21:06,473] {dag.py:2927} INFO - Setting next_dagrun for example_trigger_controller_dag to 2021-01-01T00:00:00+00:00, run_after=2021-01-01T00:00:00+00:00
[2025-02-03 22:21:06,486] {processor.py:161} INFO - Processing /home/luan-capella/Documentos/curso_airflow/airflowalura/venv/lib/python3.9/site-packages/airflow/example_dags/example_trigger_controller_dag.py took 0.044 seconds
[2025-02-03 22:21:44,124] {processor.py:153} INFO - Started process (PID=42943) to work on /home/luan-capella/Documentos/curso_airflow/airflowalura/venv/lib/python3.9/site-packages/airflow/example_dags/example_trigger_controller_dag.py
[2025-02-03 22:21:44,126] {processor.py:641} INFO - Processing file /home/luan-capella/Documentos/curso_airflow/airflowalura/venv/lib/python3.9/site-packages/airflow/example_dags/example_trigger_controller_dag.py for tasks to queue
[2025-02-03 22:21:44,126] {logging_mixin.py:115} INFO - [2025-02-03 22:21:44,126] {dagbag.py:507} INFO - Filling up the DagBag from /home/luan-capella/Documentos/curso_airflow/airflowalura/venv/lib/python3.9/site-packages/airflow/example_dags/example_trigger_controller_dag.py
[2025-02-03 22:21:44,131] {processor.py:651} INFO - DAG(s) dict_keys(['example_trigger_controller_dag']) retrieved from /home/luan-capella/Documentos/curso_airflow/airflowalura/venv/lib/python3.9/site-packages/airflow/example_dags/example_trigger_controller_dag.py
[2025-02-03 22:21:44,143] {logging_mixin.py:115} INFO - [2025-02-03 22:21:44,143] {dag.py:2379} INFO - Sync 1 DAGs
[2025-02-03 22:21:44,155] {logging_mixin.py:115} INFO - [2025-02-03 22:21:44,155] {dag.py:2927} INFO - Setting next_dagrun for example_trigger_controller_dag to 2021-01-01T00:00:00+00:00, run_after=2021-01-01T00:00:00+00:00
[2025-02-03 22:21:44,166] {processor.py:161} INFO - Processing /home/luan-capella/Documentos/curso_airflow/airflowalura/venv/lib/python3.9/site-packages/airflow/example_dags/example_trigger_controller_dag.py took 0.046 seconds
[2025-02-03 22:22:20,625] {processor.py:153} INFO - Started process (PID=43108) to work on /home/luan-capella/Documentos/curso_airflow/airflowalura/venv/lib/python3.9/site-packages/airflow/example_dags/example_trigger_controller_dag.py
[2025-02-03 22:22:20,626] {processor.py:641} INFO - Processing file /home/luan-capella/Documentos/curso_airflow/airflowalura/venv/lib/python3.9/site-packages/airflow/example_dags/example_trigger_controller_dag.py for tasks to queue
[2025-02-03 22:22:20,626] {logging_mixin.py:115} INFO - [2025-02-03 22:22:20,626] {dagbag.py:507} INFO - Filling up the DagBag from /home/luan-capella/Documentos/curso_airflow/airflowalura/venv/lib/python3.9/site-packages/airflow/example_dags/example_trigger_controller_dag.py
[2025-02-03 22:22:20,629] {processor.py:651} INFO - DAG(s) dict_keys(['example_trigger_controller_dag']) retrieved from /home/luan-capella/Documentos/curso_airflow/airflowalura/venv/lib/python3.9/site-packages/airflow/example_dags/example_trigger_controller_dag.py
[2025-02-03 22:22:20,643] {logging_mixin.py:115} INFO - [2025-02-03 22:22:20,643] {dag.py:2379} INFO - Sync 1 DAGs
[2025-02-03 22:22:20,655] {logging_mixin.py:115} INFO - [2025-02-03 22:22:20,655] {dag.py:2927} INFO - Setting next_dagrun for example_trigger_controller_dag to 2021-01-01T00:00:00+00:00, run_after=2021-01-01T00:00:00+00:00
[2025-02-03 22:22:20,666] {processor.py:161} INFO - Processing /home/luan-capella/Documentos/curso_airflow/airflowalura/venv/lib/python3.9/site-packages/airflow/example_dags/example_trigger_controller_dag.py took 0.046 seconds
[2025-02-03 22:22:56,669] {processor.py:153} INFO - Started process (PID=43288) to work on /home/luan-capella/Documentos/curso_airflow/airflowalura/venv/lib/python3.9/site-packages/airflow/example_dags/example_trigger_controller_dag.py
[2025-02-03 22:22:56,670] {processor.py:641} INFO - Processing file /home/luan-capella/Documentos/curso_airflow/airflowalura/venv/lib/python3.9/site-packages/airflow/example_dags/example_trigger_controller_dag.py for tasks to queue
[2025-02-03 22:22:56,671] {logging_mixin.py:115} INFO - [2025-02-03 22:22:56,671] {dagbag.py:507} INFO - Filling up the DagBag from /home/luan-capella/Documentos/curso_airflow/airflowalura/venv/lib/python3.9/site-packages/airflow/example_dags/example_trigger_controller_dag.py
[2025-02-03 22:22:56,675] {processor.py:651} INFO - DAG(s) dict_keys(['example_trigger_controller_dag']) retrieved from /home/luan-capella/Documentos/curso_airflow/airflowalura/venv/lib/python3.9/site-packages/airflow/example_dags/example_trigger_controller_dag.py
[2025-02-03 22:22:56,687] {logging_mixin.py:115} INFO - [2025-02-03 22:22:56,687] {dag.py:2379} INFO - Sync 1 DAGs
[2025-02-03 22:22:56,699] {logging_mixin.py:115} INFO - [2025-02-03 22:22:56,699] {dag.py:2927} INFO - Setting next_dagrun for example_trigger_controller_dag to 2021-01-01T00:00:00+00:00, run_after=2021-01-01T00:00:00+00:00
[2025-02-03 22:22:56,709] {processor.py:161} INFO - Processing /home/luan-capella/Documentos/curso_airflow/airflowalura/venv/lib/python3.9/site-packages/airflow/example_dags/example_trigger_controller_dag.py took 0.045 seconds
[2025-02-03 22:23:32,373] {processor.py:153} INFO - Started process (PID=43573) to work on /home/luan-capella/Documentos/curso_airflow/airflowalura/venv/lib/python3.9/site-packages/airflow/example_dags/example_trigger_controller_dag.py
[2025-02-03 22:23:32,374] {processor.py:641} INFO - Processing file /home/luan-capella/Documentos/curso_airflow/airflowalura/venv/lib/python3.9/site-packages/airflow/example_dags/example_trigger_controller_dag.py for tasks to queue
[2025-02-03 22:23:32,374] {logging_mixin.py:115} INFO - [2025-02-03 22:23:32,374] {dagbag.py:507} INFO - Filling up the DagBag from /home/luan-capella/Documentos/curso_airflow/airflowalura/venv/lib/python3.9/site-packages/airflow/example_dags/example_trigger_controller_dag.py
[2025-02-03 22:23:32,376] {processor.py:651} INFO - DAG(s) dict_keys(['example_trigger_controller_dag']) retrieved from /home/luan-capella/Documentos/curso_airflow/airflowalura/venv/lib/python3.9/site-packages/airflow/example_dags/example_trigger_controller_dag.py
[2025-02-03 22:23:32,388] {logging_mixin.py:115} INFO - [2025-02-03 22:23:32,388] {dag.py:2379} INFO - Sync 1 DAGs
[2025-02-03 22:23:32,400] {logging_mixin.py:115} INFO - [2025-02-03 22:23:32,400] {dag.py:2927} INFO - Setting next_dagrun for example_trigger_controller_dag to 2021-01-01T00:00:00+00:00, run_after=2021-01-01T00:00:00+00:00
[2025-02-03 22:23:32,410] {processor.py:161} INFO - Processing /home/luan-capella/Documentos/curso_airflow/airflowalura/venv/lib/python3.9/site-packages/airflow/example_dags/example_trigger_controller_dag.py took 0.041 seconds
[2025-02-03 22:24:08,735] {processor.py:153} INFO - Started process (PID=43725) to work on /home/luan-capella/Documentos/curso_airflow/airflowalura/venv/lib/python3.9/site-packages/airflow/example_dags/example_trigger_controller_dag.py
[2025-02-03 22:24:08,736] {processor.py:641} INFO - Processing file /home/luan-capella/Documentos/curso_airflow/airflowalura/venv/lib/python3.9/site-packages/airflow/example_dags/example_trigger_controller_dag.py for tasks to queue
[2025-02-03 22:24:08,737] {logging_mixin.py:115} INFO - [2025-02-03 22:24:08,737] {dagbag.py:507} INFO - Filling up the DagBag from /home/luan-capella/Documentos/curso_airflow/airflowalura/venv/lib/python3.9/site-packages/airflow/example_dags/example_trigger_controller_dag.py
[2025-02-03 22:24:08,741] {processor.py:651} INFO - DAG(s) dict_keys(['example_trigger_controller_dag']) retrieved from /home/luan-capella/Documentos/curso_airflow/airflowalura/venv/lib/python3.9/site-packages/airflow/example_dags/example_trigger_controller_dag.py
[2025-02-03 22:24:08,753] {logging_mixin.py:115} INFO - [2025-02-03 22:24:08,753] {dag.py:2379} INFO - Sync 1 DAGs
[2025-02-03 22:24:08,765] {logging_mixin.py:115} INFO - [2025-02-03 22:24:08,765] {dag.py:2927} INFO - Setting next_dagrun for example_trigger_controller_dag to 2021-01-01T00:00:00+00:00, run_after=2021-01-01T00:00:00+00:00
[2025-02-03 22:24:08,776] {processor.py:161} INFO - Processing /home/luan-capella/Documentos/curso_airflow/airflowalura/venv/lib/python3.9/site-packages/airflow/example_dags/example_trigger_controller_dag.py took 0.045 seconds
[2025-02-03 22:24:44,815] {processor.py:153} INFO - Started process (PID=44114) to work on /home/luan-capella/Documentos/curso_airflow/airflowalura/venv/lib/python3.9/site-packages/airflow/example_dags/example_trigger_controller_dag.py
[2025-02-03 22:24:44,816] {processor.py:641} INFO - Processing file /home/luan-capella/Documentos/curso_airflow/airflowalura/venv/lib/python3.9/site-packages/airflow/example_dags/example_trigger_controller_dag.py for tasks to queue
[2025-02-03 22:24:44,816] {logging_mixin.py:115} INFO - [2025-02-03 22:24:44,816] {dagbag.py:507} INFO - Filling up the DagBag from /home/luan-capella/Documentos/curso_airflow/airflowalura/venv/lib/python3.9/site-packages/airflow/example_dags/example_trigger_controller_dag.py
[2025-02-03 22:24:44,819] {processor.py:651} INFO - DAG(s) dict_keys(['example_trigger_controller_dag']) retrieved from /home/luan-capella/Documentos/curso_airflow/airflowalura/venv/lib/python3.9/site-packages/airflow/example_dags/example_trigger_controller_dag.py
[2025-02-03 22:24:44,831] {logging_mixin.py:115} INFO - [2025-02-03 22:24:44,831] {dag.py:2379} INFO - Sync 1 DAGs
[2025-02-03 22:24:44,846] {logging_mixin.py:115} INFO - [2025-02-03 22:24:44,846] {dag.py:2927} INFO - Setting next_dagrun for example_trigger_controller_dag to 2021-01-01T00:00:00+00:00, run_after=2021-01-01T00:00:00+00:00
[2025-02-03 22:24:44,859] {processor.py:161} INFO - Processing /home/luan-capella/Documentos/curso_airflow/airflowalura/venv/lib/python3.9/site-packages/airflow/example_dags/example_trigger_controller_dag.py took 0.046 seconds
[2025-02-03 22:25:19,894] {processor.py:153} INFO - Started process (PID=44560) to work on /home/luan-capella/Documentos/curso_airflow/airflowalura/venv/lib/python3.9/site-packages/airflow/example_dags/example_trigger_controller_dag.py
[2025-02-03 22:25:19,896] {processor.py:641} INFO - Processing file /home/luan-capella/Documentos/curso_airflow/airflowalura/venv/lib/python3.9/site-packages/airflow/example_dags/example_trigger_controller_dag.py for tasks to queue
[2025-02-03 22:25:19,896] {logging_mixin.py:115} INFO - [2025-02-03 22:25:19,896] {dagbag.py:507} INFO - Filling up the DagBag from /home/luan-capella/Documentos/curso_airflow/airflowalura/venv/lib/python3.9/site-packages/airflow/example_dags/example_trigger_controller_dag.py
[2025-02-03 22:25:19,899] {processor.py:651} INFO - DAG(s) dict_keys(['example_trigger_controller_dag']) retrieved from /home/luan-capella/Documentos/curso_airflow/airflowalura/venv/lib/python3.9/site-packages/airflow/example_dags/example_trigger_controller_dag.py
[2025-02-03 22:25:19,910] {logging_mixin.py:115} INFO - [2025-02-03 22:25:19,910] {dag.py:2379} INFO - Sync 1 DAGs
[2025-02-03 22:25:19,923] {logging_mixin.py:115} INFO - [2025-02-03 22:25:19,923] {dag.py:2927} INFO - Setting next_dagrun for example_trigger_controller_dag to 2021-01-01T00:00:00+00:00, run_after=2021-01-01T00:00:00+00:00
[2025-02-03 22:25:19,940] {processor.py:161} INFO - Processing /home/luan-capella/Documentos/curso_airflow/airflowalura/venv/lib/python3.9/site-packages/airflow/example_dags/example_trigger_controller_dag.py took 0.047 seconds
[2025-02-03 22:25:55,972] {processor.py:153} INFO - Started process (PID=44737) to work on /home/luan-capella/Documentos/curso_airflow/airflowalura/venv/lib/python3.9/site-packages/airflow/example_dags/example_trigger_controller_dag.py
[2025-02-03 22:25:55,975] {processor.py:641} INFO - Processing file /home/luan-capella/Documentos/curso_airflow/airflowalura/venv/lib/python3.9/site-packages/airflow/example_dags/example_trigger_controller_dag.py for tasks to queue
[2025-02-03 22:25:55,975] {logging_mixin.py:115} INFO - [2025-02-03 22:25:55,975] {dagbag.py:507} INFO - Filling up the DagBag from /home/luan-capella/Documentos/curso_airflow/airflowalura/venv/lib/python3.9/site-packages/airflow/example_dags/example_trigger_controller_dag.py
[2025-02-03 22:25:55,977] {processor.py:651} INFO - DAG(s) dict_keys(['example_trigger_controller_dag']) retrieved from /home/luan-capella/Documentos/curso_airflow/airflowalura/venv/lib/python3.9/site-packages/airflow/example_dags/example_trigger_controller_dag.py
[2025-02-03 22:25:55,990] {logging_mixin.py:115} INFO - [2025-02-03 22:25:55,990] {dag.py:2379} INFO - Sync 1 DAGs
[2025-02-03 22:25:56,002] {logging_mixin.py:115} INFO - [2025-02-03 22:25:56,002] {dag.py:2927} INFO - Setting next_dagrun for example_trigger_controller_dag to 2021-01-01T00:00:00+00:00, run_after=2021-01-01T00:00:00+00:00
[2025-02-03 22:25:56,014] {processor.py:161} INFO - Processing /home/luan-capella/Documentos/curso_airflow/airflowalura/venv/lib/python3.9/site-packages/airflow/example_dags/example_trigger_controller_dag.py took 0.047 seconds
[2025-02-03 22:26:31,786] {processor.py:153} INFO - Started process (PID=45026) to work on /home/luan-capella/Documentos/curso_airflow/airflowalura/venv/lib/python3.9/site-packages/airflow/example_dags/example_trigger_controller_dag.py
[2025-02-03 22:26:31,787] {processor.py:641} INFO - Processing file /home/luan-capella/Documentos/curso_airflow/airflowalura/venv/lib/python3.9/site-packages/airflow/example_dags/example_trigger_controller_dag.py for tasks to queue
[2025-02-03 22:26:31,787] {logging_mixin.py:115} INFO - [2025-02-03 22:26:31,787] {dagbag.py:507} INFO - Filling up the DagBag from /home/luan-capella/Documentos/curso_airflow/airflowalura/venv/lib/python3.9/site-packages/airflow/example_dags/example_trigger_controller_dag.py
[2025-02-03 22:26:31,790] {processor.py:651} INFO - DAG(s) dict_keys(['example_trigger_controller_dag']) retrieved from /home/luan-capella/Documentos/curso_airflow/airflowalura/venv/lib/python3.9/site-packages/airflow/example_dags/example_trigger_controller_dag.py
[2025-02-03 22:26:31,804] {logging_mixin.py:115} INFO - [2025-02-03 22:26:31,804] {dag.py:2379} INFO - Sync 1 DAGs
[2025-02-03 22:26:31,816] {logging_mixin.py:115} INFO - [2025-02-03 22:26:31,816] {dag.py:2927} INFO - Setting next_dagrun for example_trigger_controller_dag to 2021-01-01T00:00:00+00:00, run_after=2021-01-01T00:00:00+00:00
[2025-02-03 22:26:31,828] {processor.py:161} INFO - Processing /home/luan-capella/Documentos/curso_airflow/airflowalura/venv/lib/python3.9/site-packages/airflow/example_dags/example_trigger_controller_dag.py took 0.045 seconds
[2025-02-03 22:27:09,909] {processor.py:153} INFO - Started process (PID=45215) to work on /home/luan-capella/Documentos/curso_airflow/airflowalura/venv/lib/python3.9/site-packages/airflow/example_dags/example_trigger_controller_dag.py
[2025-02-03 22:27:09,910] {processor.py:641} INFO - Processing file /home/luan-capella/Documentos/curso_airflow/airflowalura/venv/lib/python3.9/site-packages/airflow/example_dags/example_trigger_controller_dag.py for tasks to queue
[2025-02-03 22:27:09,911] {logging_mixin.py:115} INFO - [2025-02-03 22:27:09,911] {dagbag.py:507} INFO - Filling up the DagBag from /home/luan-capella/Documentos/curso_airflow/airflowalura/venv/lib/python3.9/site-packages/airflow/example_dags/example_trigger_controller_dag.py
[2025-02-03 22:27:09,916] {processor.py:651} INFO - DAG(s) dict_keys(['example_trigger_controller_dag']) retrieved from /home/luan-capella/Documentos/curso_airflow/airflowalura/venv/lib/python3.9/site-packages/airflow/example_dags/example_trigger_controller_dag.py
[2025-02-03 22:27:09,928] {logging_mixin.py:115} INFO - [2025-02-03 22:27:09,928] {dag.py:2379} INFO - Sync 1 DAGs
[2025-02-03 22:27:09,941] {logging_mixin.py:115} INFO - [2025-02-03 22:27:09,941] {dag.py:2927} INFO - Setting next_dagrun for example_trigger_controller_dag to 2021-01-01T00:00:00+00:00, run_after=2021-01-01T00:00:00+00:00
[2025-02-03 22:27:09,952] {processor.py:161} INFO - Processing /home/luan-capella/Documentos/curso_airflow/airflowalura/venv/lib/python3.9/site-packages/airflow/example_dags/example_trigger_controller_dag.py took 0.047 seconds
[2025-02-03 22:27:46,056] {processor.py:153} INFO - Started process (PID=45377) to work on /home/luan-capella/Documentos/curso_airflow/airflowalura/venv/lib/python3.9/site-packages/airflow/example_dags/example_trigger_controller_dag.py
[2025-02-03 22:27:46,057] {processor.py:641} INFO - Processing file /home/luan-capella/Documentos/curso_airflow/airflowalura/venv/lib/python3.9/site-packages/airflow/example_dags/example_trigger_controller_dag.py for tasks to queue
[2025-02-03 22:27:46,058] {logging_mixin.py:115} INFO - [2025-02-03 22:27:46,058] {dagbag.py:507} INFO - Filling up the DagBag from /home/luan-capella/Documentos/curso_airflow/airflowalura/venv/lib/python3.9/site-packages/airflow/example_dags/example_trigger_controller_dag.py
[2025-02-03 22:27:46,062] {processor.py:651} INFO - DAG(s) dict_keys(['example_trigger_controller_dag']) retrieved from /home/luan-capella/Documentos/curso_airflow/airflowalura/venv/lib/python3.9/site-packages/airflow/example_dags/example_trigger_controller_dag.py
[2025-02-03 22:27:46,074] {logging_mixin.py:115} INFO - [2025-02-03 22:27:46,074] {dag.py:2379} INFO - Sync 1 DAGs
[2025-02-03 22:27:46,087] {logging_mixin.py:115} INFO - [2025-02-03 22:27:46,087] {dag.py:2927} INFO - Setting next_dagrun for example_trigger_controller_dag to 2021-01-01T00:00:00+00:00, run_after=2021-01-01T00:00:00+00:00
[2025-02-03 22:27:46,100] {processor.py:161} INFO - Processing /home/luan-capella/Documentos/curso_airflow/airflowalura/venv/lib/python3.9/site-packages/airflow/example_dags/example_trigger_controller_dag.py took 0.048 seconds
[2025-02-03 22:28:22,187] {processor.py:153} INFO - Started process (PID=45577) to work on /home/luan-capella/Documentos/curso_airflow/airflowalura/venv/lib/python3.9/site-packages/airflow/example_dags/example_trigger_controller_dag.py
[2025-02-03 22:28:22,188] {processor.py:641} INFO - Processing file /home/luan-capella/Documentos/curso_airflow/airflowalura/venv/lib/python3.9/site-packages/airflow/example_dags/example_trigger_controller_dag.py for tasks to queue
[2025-02-03 22:28:22,189] {logging_mixin.py:115} INFO - [2025-02-03 22:28:22,189] {dagbag.py:507} INFO - Filling up the DagBag from /home/luan-capella/Documentos/curso_airflow/airflowalura/venv/lib/python3.9/site-packages/airflow/example_dags/example_trigger_controller_dag.py
[2025-02-03 22:28:22,191] {processor.py:651} INFO - DAG(s) dict_keys(['example_trigger_controller_dag']) retrieved from /home/luan-capella/Documentos/curso_airflow/airflowalura/venv/lib/python3.9/site-packages/airflow/example_dags/example_trigger_controller_dag.py
[2025-02-03 22:28:22,204] {logging_mixin.py:115} INFO - [2025-02-03 22:28:22,204] {dag.py:2379} INFO - Sync 1 DAGs
[2025-02-03 22:28:22,215] {logging_mixin.py:115} INFO - [2025-02-03 22:28:22,215] {dag.py:2927} INFO - Setting next_dagrun for example_trigger_controller_dag to 2021-01-01T00:00:00+00:00, run_after=2021-01-01T00:00:00+00:00
[2025-02-03 22:28:22,226] {processor.py:161} INFO - Processing /home/luan-capella/Documentos/curso_airflow/airflowalura/venv/lib/python3.9/site-packages/airflow/example_dags/example_trigger_controller_dag.py took 0.042 seconds
