[2025-02-03 22:20:10,840] {processor.py:153} INFO - Started process (PID=41844) to work on /home/luan-capella/Documentos/curso_airflow/airflowalura/venv/lib/python3.9/site-packages/airflow/example_dags/example_time_delta_sensor_async.py
[2025-02-03 22:20:10,840] {processor.py:641} INFO - Processing file /home/luan-capella/Documentos/curso_airflow/airflowalura/venv/lib/python3.9/site-packages/airflow/example_dags/example_time_delta_sensor_async.py for tasks to queue
[2025-02-03 22:20:10,841] {logging_mixin.py:115} INFO - [2025-02-03 22:20:10,841] {dagbag.py:507} INFO - Filling up the DagBag from /home/luan-capella/Documentos/curso_airflow/airflowalura/venv/lib/python3.9/site-packages/airflow/example_dags/example_time_delta_sensor_async.py
[2025-02-03 22:20:10,846] {processor.py:651} INFO - DAG(s) dict_keys(['example_time_delta_sensor_async']) retrieved from /home/luan-capella/Documentos/curso_airflow/airflowalura/venv/lib/python3.9/site-packages/airflow/example_dags/example_time_delta_sensor_async.py
[2025-02-03 22:20:10,862] {logging_mixin.py:115} INFO - [2025-02-03 22:20:10,862] {dag.py:2379} INFO - Sync 1 DAGs
[2025-02-03 22:20:10,875] {logging_mixin.py:115} INFO - [2025-02-03 22:20:10,874] {dag.py:2927} INFO - Setting next_dagrun for example_time_delta_sensor_async to None, run_after=None
[2025-02-03 22:20:10,965] {processor.py:161} INFO - Processing /home/luan-capella/Documentos/curso_airflow/airflowalura/venv/lib/python3.9/site-packages/airflow/example_dags/example_time_delta_sensor_async.py took 0.130 seconds
[2025-02-03 22:21:07,575] {processor.py:153} INFO - Started process (PID=42789) to work on /home/luan-capella/Documentos/curso_airflow/airflowalura/venv/lib/python3.9/site-packages/airflow/example_dags/example_time_delta_sensor_async.py
[2025-02-03 22:21:07,576] {processor.py:641} INFO - Processing file /home/luan-capella/Documentos/curso_airflow/airflowalura/venv/lib/python3.9/site-packages/airflow/example_dags/example_time_delta_sensor_async.py for tasks to queue
[2025-02-03 22:21:07,576] {logging_mixin.py:115} INFO - [2025-02-03 22:21:07,576] {dagbag.py:507} INFO - Filling up the DagBag from /home/luan-capella/Documentos/curso_airflow/airflowalura/venv/lib/python3.9/site-packages/airflow/example_dags/example_time_delta_sensor_async.py
[2025-02-03 22:21:07,580] {processor.py:651} INFO - DAG(s) dict_keys(['example_time_delta_sensor_async']) retrieved from /home/luan-capella/Documentos/curso_airflow/airflowalura/venv/lib/python3.9/site-packages/airflow/example_dags/example_time_delta_sensor_async.py
[2025-02-03 22:21:07,598] {logging_mixin.py:115} INFO - [2025-02-03 22:21:07,598] {dag.py:2379} INFO - Sync 1 DAGs
[2025-02-03 22:21:07,610] {logging_mixin.py:115} INFO - [2025-02-03 22:21:07,610] {dag.py:2927} INFO - Setting next_dagrun for example_time_delta_sensor_async to None, run_after=None
[2025-02-03 22:21:07,622] {processor.py:161} INFO - Processing /home/luan-capella/Documentos/curso_airflow/airflowalura/venv/lib/python3.9/site-packages/airflow/example_dags/example_time_delta_sensor_async.py took 0.050 seconds
[2025-02-03 22:21:44,679] {processor.py:153} INFO - Started process (PID=42950) to work on /home/luan-capella/Documentos/curso_airflow/airflowalura/venv/lib/python3.9/site-packages/airflow/example_dags/example_time_delta_sensor_async.py
[2025-02-03 22:21:44,680] {processor.py:641} INFO - Processing file /home/luan-capella/Documentos/curso_airflow/airflowalura/venv/lib/python3.9/site-packages/airflow/example_dags/example_time_delta_sensor_async.py for tasks to queue
[2025-02-03 22:21:44,681] {logging_mixin.py:115} INFO - [2025-02-03 22:21:44,681] {dagbag.py:507} INFO - Filling up the DagBag from /home/luan-capella/Documentos/curso_airflow/airflowalura/venv/lib/python3.9/site-packages/airflow/example_dags/example_time_delta_sensor_async.py
[2025-02-03 22:21:44,687] {processor.py:651} INFO - DAG(s) dict_keys(['example_time_delta_sensor_async']) retrieved from /home/luan-capella/Documentos/curso_airflow/airflowalura/venv/lib/python3.9/site-packages/airflow/example_dags/example_time_delta_sensor_async.py
[2025-02-03 22:21:44,703] {logging_mixin.py:115} INFO - [2025-02-03 22:21:44,703] {dag.py:2379} INFO - Sync 1 DAGs
[2025-02-03 22:21:44,715] {logging_mixin.py:115} INFO - [2025-02-03 22:21:44,715] {dag.py:2927} INFO - Setting next_dagrun for example_time_delta_sensor_async to None, run_after=None
[2025-02-03 22:21:44,726] {processor.py:161} INFO - Processing /home/luan-capella/Documentos/curso_airflow/airflowalura/venv/lib/python3.9/site-packages/airflow/example_dags/example_time_delta_sensor_async.py took 0.053 seconds
[2025-02-03 22:22:21,791] {processor.py:153} INFO - Started process (PID=43113) to work on /home/luan-capella/Documentos/curso_airflow/airflowalura/venv/lib/python3.9/site-packages/airflow/example_dags/example_time_delta_sensor_async.py
[2025-02-03 22:22:21,792] {processor.py:641} INFO - Processing file /home/luan-capella/Documentos/curso_airflow/airflowalura/venv/lib/python3.9/site-packages/airflow/example_dags/example_time_delta_sensor_async.py for tasks to queue
[2025-02-03 22:22:21,793] {logging_mixin.py:115} INFO - [2025-02-03 22:22:21,793] {dagbag.py:507} INFO - Filling up the DagBag from /home/luan-capella/Documentos/curso_airflow/airflowalura/venv/lib/python3.9/site-packages/airflow/example_dags/example_time_delta_sensor_async.py
[2025-02-03 22:22:21,800] {processor.py:651} INFO - DAG(s) dict_keys(['example_time_delta_sensor_async']) retrieved from /home/luan-capella/Documentos/curso_airflow/airflowalura/venv/lib/python3.9/site-packages/airflow/example_dags/example_time_delta_sensor_async.py
[2025-02-03 22:22:21,817] {logging_mixin.py:115} INFO - [2025-02-03 22:22:21,817] {dag.py:2379} INFO - Sync 1 DAGs
[2025-02-03 22:22:21,830] {logging_mixin.py:115} INFO - [2025-02-03 22:22:21,830] {dag.py:2927} INFO - Setting next_dagrun for example_time_delta_sensor_async to None, run_after=None
[2025-02-03 22:22:21,842] {processor.py:161} INFO - Processing /home/luan-capella/Documentos/curso_airflow/airflowalura/venv/lib/python3.9/site-packages/airflow/example_dags/example_time_delta_sensor_async.py took 0.055 seconds
[2025-02-03 22:22:57,836] {processor.py:153} INFO - Started process (PID=43293) to work on /home/luan-capella/Documentos/curso_airflow/airflowalura/venv/lib/python3.9/site-packages/airflow/example_dags/example_time_delta_sensor_async.py
[2025-02-03 22:22:57,837] {processor.py:641} INFO - Processing file /home/luan-capella/Documentos/curso_airflow/airflowalura/venv/lib/python3.9/site-packages/airflow/example_dags/example_time_delta_sensor_async.py for tasks to queue
[2025-02-03 22:22:57,837] {logging_mixin.py:115} INFO - [2025-02-03 22:22:57,837] {dagbag.py:507} INFO - Filling up the DagBag from /home/luan-capella/Documentos/curso_airflow/airflowalura/venv/lib/python3.9/site-packages/airflow/example_dags/example_time_delta_sensor_async.py
[2025-02-03 22:22:57,841] {processor.py:651} INFO - DAG(s) dict_keys(['example_time_delta_sensor_async']) retrieved from /home/luan-capella/Documentos/curso_airflow/airflowalura/venv/lib/python3.9/site-packages/airflow/example_dags/example_time_delta_sensor_async.py
[2025-02-03 22:22:57,857] {logging_mixin.py:115} INFO - [2025-02-03 22:22:57,857] {dag.py:2379} INFO - Sync 1 DAGs
[2025-02-03 22:22:57,869] {logging_mixin.py:115} INFO - [2025-02-03 22:22:57,869] {dag.py:2927} INFO - Setting next_dagrun for example_time_delta_sensor_async to None, run_after=None
[2025-02-03 22:22:57,880] {processor.py:161} INFO - Processing /home/luan-capella/Documentos/curso_airflow/airflowalura/venv/lib/python3.9/site-packages/airflow/example_dags/example_time_delta_sensor_async.py took 0.047 seconds
[2025-02-03 22:23:32,705] {processor.py:153} INFO - Started process (PID=43574) to work on /home/luan-capella/Documentos/curso_airflow/airflowalura/venv/lib/python3.9/site-packages/airflow/example_dags/example_time_delta_sensor_async.py
[2025-02-03 22:23:32,707] {processor.py:641} INFO - Processing file /home/luan-capella/Documentos/curso_airflow/airflowalura/venv/lib/python3.9/site-packages/airflow/example_dags/example_time_delta_sensor_async.py for tasks to queue
[2025-02-03 22:23:32,707] {logging_mixin.py:115} INFO - [2025-02-03 22:23:32,707] {dagbag.py:507} INFO - Filling up the DagBag from /home/luan-capella/Documentos/curso_airflow/airflowalura/venv/lib/python3.9/site-packages/airflow/example_dags/example_time_delta_sensor_async.py
[2025-02-03 22:23:32,714] {processor.py:651} INFO - DAG(s) dict_keys(['example_time_delta_sensor_async']) retrieved from /home/luan-capella/Documentos/curso_airflow/airflowalura/venv/lib/python3.9/site-packages/airflow/example_dags/example_time_delta_sensor_async.py
[2025-02-03 22:23:32,730] {logging_mixin.py:115} INFO - [2025-02-03 22:23:32,730] {dag.py:2379} INFO - Sync 1 DAGs
[2025-02-03 22:23:32,743] {logging_mixin.py:115} INFO - [2025-02-03 22:23:32,743] {dag.py:2927} INFO - Setting next_dagrun for example_time_delta_sensor_async to None, run_after=None
[2025-02-03 22:23:32,755] {processor.py:161} INFO - Processing /home/luan-capella/Documentos/curso_airflow/airflowalura/venv/lib/python3.9/site-packages/airflow/example_dags/example_time_delta_sensor_async.py took 0.054 seconds
[2025-02-03 22:24:09,898] {processor.py:153} INFO - Started process (PID=43730) to work on /home/luan-capella/Documentos/curso_airflow/airflowalura/venv/lib/python3.9/site-packages/airflow/example_dags/example_time_delta_sensor_async.py
[2025-02-03 22:24:09,898] {processor.py:641} INFO - Processing file /home/luan-capella/Documentos/curso_airflow/airflowalura/venv/lib/python3.9/site-packages/airflow/example_dags/example_time_delta_sensor_async.py for tasks to queue
[2025-02-03 22:24:09,899] {logging_mixin.py:115} INFO - [2025-02-03 22:24:09,899] {dagbag.py:507} INFO - Filling up the DagBag from /home/luan-capella/Documentos/curso_airflow/airflowalura/venv/lib/python3.9/site-packages/airflow/example_dags/example_time_delta_sensor_async.py
[2025-02-03 22:24:09,903] {processor.py:651} INFO - DAG(s) dict_keys(['example_time_delta_sensor_async']) retrieved from /home/luan-capella/Documentos/curso_airflow/airflowalura/venv/lib/python3.9/site-packages/airflow/example_dags/example_time_delta_sensor_async.py
[2025-02-03 22:24:09,919] {logging_mixin.py:115} INFO - [2025-02-03 22:24:09,919] {dag.py:2379} INFO - Sync 1 DAGs
[2025-02-03 22:24:09,933] {logging_mixin.py:115} INFO - [2025-02-03 22:24:09,932] {dag.py:2927} INFO - Setting next_dagrun for example_time_delta_sensor_async to None, run_after=None
[2025-02-03 22:24:09,944] {processor.py:161} INFO - Processing /home/luan-capella/Documentos/curso_airflow/airflowalura/venv/lib/python3.9/site-packages/airflow/example_dags/example_time_delta_sensor_async.py took 0.051 seconds
[2025-02-03 22:24:45,189] {processor.py:153} INFO - Started process (PID=44116) to work on /home/luan-capella/Documentos/curso_airflow/airflowalura/venv/lib/python3.9/site-packages/airflow/example_dags/example_time_delta_sensor_async.py
[2025-02-03 22:24:45,190] {processor.py:641} INFO - Processing file /home/luan-capella/Documentos/curso_airflow/airflowalura/venv/lib/python3.9/site-packages/airflow/example_dags/example_time_delta_sensor_async.py for tasks to queue
[2025-02-03 22:24:45,191] {logging_mixin.py:115} INFO - [2025-02-03 22:24:45,191] {dagbag.py:507} INFO - Filling up the DagBag from /home/luan-capella/Documentos/curso_airflow/airflowalura/venv/lib/python3.9/site-packages/airflow/example_dags/example_time_delta_sensor_async.py
[2025-02-03 22:24:45,198] {processor.py:651} INFO - DAG(s) dict_keys(['example_time_delta_sensor_async']) retrieved from /home/luan-capella/Documentos/curso_airflow/airflowalura/venv/lib/python3.9/site-packages/airflow/example_dags/example_time_delta_sensor_async.py
[2025-02-03 22:24:45,214] {logging_mixin.py:115} INFO - [2025-02-03 22:24:45,214] {dag.py:2379} INFO - Sync 1 DAGs
[2025-02-03 22:24:45,226] {logging_mixin.py:115} INFO - [2025-02-03 22:24:45,226] {dag.py:2927} INFO - Setting next_dagrun for example_time_delta_sensor_async to None, run_after=None
[2025-02-03 22:24:45,237] {processor.py:161} INFO - Processing /home/luan-capella/Documentos/curso_airflow/airflowalura/venv/lib/python3.9/site-packages/airflow/example_dags/example_time_delta_sensor_async.py took 0.052 seconds
[2025-02-03 22:25:20,752] {processor.py:153} INFO - Started process (PID=44566) to work on /home/luan-capella/Documentos/curso_airflow/airflowalura/venv/lib/python3.9/site-packages/airflow/example_dags/example_time_delta_sensor_async.py
[2025-02-03 22:25:20,753] {processor.py:641} INFO - Processing file /home/luan-capella/Documentos/curso_airflow/airflowalura/venv/lib/python3.9/site-packages/airflow/example_dags/example_time_delta_sensor_async.py for tasks to queue
[2025-02-03 22:25:20,754] {logging_mixin.py:115} INFO - [2025-02-03 22:25:20,754] {dagbag.py:507} INFO - Filling up the DagBag from /home/luan-capella/Documentos/curso_airflow/airflowalura/venv/lib/python3.9/site-packages/airflow/example_dags/example_time_delta_sensor_async.py
[2025-02-03 22:25:20,762] {processor.py:651} INFO - DAG(s) dict_keys(['example_time_delta_sensor_async']) retrieved from /home/luan-capella/Documentos/curso_airflow/airflowalura/venv/lib/python3.9/site-packages/airflow/example_dags/example_time_delta_sensor_async.py
[2025-02-03 22:25:20,779] {logging_mixin.py:115} INFO - [2025-02-03 22:25:20,779] {dag.py:2379} INFO - Sync 1 DAGs
[2025-02-03 22:25:20,793] {logging_mixin.py:115} INFO - [2025-02-03 22:25:20,793] {dag.py:2927} INFO - Setting next_dagrun for example_time_delta_sensor_async to None, run_after=None
[2025-02-03 22:25:20,828] {processor.py:161} INFO - Processing /home/luan-capella/Documentos/curso_airflow/airflowalura/venv/lib/python3.9/site-packages/airflow/example_dags/example_time_delta_sensor_async.py took 0.080 seconds
[2025-02-03 22:25:57,114] {processor.py:153} INFO - Started process (PID=44743) to work on /home/luan-capella/Documentos/curso_airflow/airflowalura/venv/lib/python3.9/site-packages/airflow/example_dags/example_time_delta_sensor_async.py
[2025-02-03 22:25:57,120] {processor.py:641} INFO - Processing file /home/luan-capella/Documentos/curso_airflow/airflowalura/venv/lib/python3.9/site-packages/airflow/example_dags/example_time_delta_sensor_async.py for tasks to queue
[2025-02-03 22:25:57,120] {logging_mixin.py:115} INFO - [2025-02-03 22:25:57,120] {dagbag.py:507} INFO - Filling up the DagBag from /home/luan-capella/Documentos/curso_airflow/airflowalura/venv/lib/python3.9/site-packages/airflow/example_dags/example_time_delta_sensor_async.py
[2025-02-03 22:25:57,125] {processor.py:651} INFO - DAG(s) dict_keys(['example_time_delta_sensor_async']) retrieved from /home/luan-capella/Documentos/curso_airflow/airflowalura/venv/lib/python3.9/site-packages/airflow/example_dags/example_time_delta_sensor_async.py
[2025-02-03 22:25:57,144] {logging_mixin.py:115} INFO - [2025-02-03 22:25:57,143] {dag.py:2379} INFO - Sync 1 DAGs
[2025-02-03 22:25:57,156] {logging_mixin.py:115} INFO - [2025-02-03 22:25:57,156] {dag.py:2927} INFO - Setting next_dagrun for example_time_delta_sensor_async to None, run_after=None
[2025-02-03 22:25:57,172] {processor.py:161} INFO - Processing /home/luan-capella/Documentos/curso_airflow/airflowalura/venv/lib/python3.9/site-packages/airflow/example_dags/example_time_delta_sensor_async.py took 0.062 seconds
[2025-02-03 22:26:32,934] {processor.py:153} INFO - Started process (PID=45033) to work on /home/luan-capella/Documentos/curso_airflow/airflowalura/venv/lib/python3.9/site-packages/airflow/example_dags/example_time_delta_sensor_async.py
[2025-02-03 22:26:32,935] {processor.py:641} INFO - Processing file /home/luan-capella/Documentos/curso_airflow/airflowalura/venv/lib/python3.9/site-packages/airflow/example_dags/example_time_delta_sensor_async.py for tasks to queue
[2025-02-03 22:26:32,935] {logging_mixin.py:115} INFO - [2025-02-03 22:26:32,935] {dagbag.py:507} INFO - Filling up the DagBag from /home/luan-capella/Documentos/curso_airflow/airflowalura/venv/lib/python3.9/site-packages/airflow/example_dags/example_time_delta_sensor_async.py
[2025-02-03 22:26:32,940] {processor.py:651} INFO - DAG(s) dict_keys(['example_time_delta_sensor_async']) retrieved from /home/luan-capella/Documentos/curso_airflow/airflowalura/venv/lib/python3.9/site-packages/airflow/example_dags/example_time_delta_sensor_async.py
[2025-02-03 22:26:32,956] {logging_mixin.py:115} INFO - [2025-02-03 22:26:32,956] {dag.py:2379} INFO - Sync 1 DAGs
[2025-02-03 22:26:32,968] {logging_mixin.py:115} INFO - [2025-02-03 22:26:32,968] {dag.py:2927} INFO - Setting next_dagrun for example_time_delta_sensor_async to None, run_after=None
[2025-02-03 22:26:32,979] {processor.py:161} INFO - Processing /home/luan-capella/Documentos/curso_airflow/airflowalura/venv/lib/python3.9/site-packages/airflow/example_dags/example_time_delta_sensor_async.py took 0.049 seconds
[2025-02-03 22:27:11,064] {processor.py:153} INFO - Started process (PID=45218) to work on /home/luan-capella/Documentos/curso_airflow/airflowalura/venv/lib/python3.9/site-packages/airflow/example_dags/example_time_delta_sensor_async.py
[2025-02-03 22:27:11,065] {processor.py:641} INFO - Processing file /home/luan-capella/Documentos/curso_airflow/airflowalura/venv/lib/python3.9/site-packages/airflow/example_dags/example_time_delta_sensor_async.py for tasks to queue
[2025-02-03 22:27:11,065] {logging_mixin.py:115} INFO - [2025-02-03 22:27:11,065] {dagbag.py:507} INFO - Filling up the DagBag from /home/luan-capella/Documentos/curso_airflow/airflowalura/venv/lib/python3.9/site-packages/airflow/example_dags/example_time_delta_sensor_async.py
[2025-02-03 22:27:11,069] {processor.py:651} INFO - DAG(s) dict_keys(['example_time_delta_sensor_async']) retrieved from /home/luan-capella/Documentos/curso_airflow/airflowalura/venv/lib/python3.9/site-packages/airflow/example_dags/example_time_delta_sensor_async.py
[2025-02-03 22:27:11,085] {logging_mixin.py:115} INFO - [2025-02-03 22:27:11,085] {dag.py:2379} INFO - Sync 1 DAGs
[2025-02-03 22:27:11,096] {logging_mixin.py:115} INFO - [2025-02-03 22:27:11,096] {dag.py:2927} INFO - Setting next_dagrun for example_time_delta_sensor_async to None, run_after=None
[2025-02-03 22:27:11,108] {processor.py:161} INFO - Processing /home/luan-capella/Documentos/curso_airflow/airflowalura/venv/lib/python3.9/site-packages/airflow/example_dags/example_time_delta_sensor_async.py took 0.045 seconds
[2025-02-03 22:27:46,893] {processor.py:153} INFO - Started process (PID=45380) to work on /home/luan-capella/Documentos/curso_airflow/airflowalura/venv/lib/python3.9/site-packages/airflow/example_dags/example_time_delta_sensor_async.py
[2025-02-03 22:27:46,894] {processor.py:641} INFO - Processing file /home/luan-capella/Documentos/curso_airflow/airflowalura/venv/lib/python3.9/site-packages/airflow/example_dags/example_time_delta_sensor_async.py for tasks to queue
[2025-02-03 22:27:46,894] {logging_mixin.py:115} INFO - [2025-02-03 22:27:46,894] {dagbag.py:507} INFO - Filling up the DagBag from /home/luan-capella/Documentos/curso_airflow/airflowalura/venv/lib/python3.9/site-packages/airflow/example_dags/example_time_delta_sensor_async.py
[2025-02-03 22:27:46,901] {processor.py:651} INFO - DAG(s) dict_keys(['example_time_delta_sensor_async']) retrieved from /home/luan-capella/Documentos/curso_airflow/airflowalura/venv/lib/python3.9/site-packages/airflow/example_dags/example_time_delta_sensor_async.py
[2025-02-03 22:27:46,917] {logging_mixin.py:115} INFO - [2025-02-03 22:27:46,917] {dag.py:2379} INFO - Sync 1 DAGs
[2025-02-03 22:27:46,928] {logging_mixin.py:115} INFO - [2025-02-03 22:27:46,928] {dag.py:2927} INFO - Setting next_dagrun for example_time_delta_sensor_async to None, run_after=None
[2025-02-03 22:27:46,940] {processor.py:161} INFO - Processing /home/luan-capella/Documentos/curso_airflow/airflowalura/venv/lib/python3.9/site-packages/airflow/example_dags/example_time_delta_sensor_async.py took 0.052 seconds
[2025-02-03 22:28:23,338] {processor.py:153} INFO - Started process (PID=45585) to work on /home/luan-capella/Documentos/curso_airflow/airflowalura/venv/lib/python3.9/site-packages/airflow/example_dags/example_time_delta_sensor_async.py
[2025-02-03 22:28:23,339] {processor.py:641} INFO - Processing file /home/luan-capella/Documentos/curso_airflow/airflowalura/venv/lib/python3.9/site-packages/airflow/example_dags/example_time_delta_sensor_async.py for tasks to queue
[2025-02-03 22:28:23,340] {logging_mixin.py:115} INFO - [2025-02-03 22:28:23,340] {dagbag.py:507} INFO - Filling up the DagBag from /home/luan-capella/Documentos/curso_airflow/airflowalura/venv/lib/python3.9/site-packages/airflow/example_dags/example_time_delta_sensor_async.py
[2025-02-03 22:28:23,347] {processor.py:651} INFO - DAG(s) dict_keys(['example_time_delta_sensor_async']) retrieved from /home/luan-capella/Documentos/curso_airflow/airflowalura/venv/lib/python3.9/site-packages/airflow/example_dags/example_time_delta_sensor_async.py
[2025-02-03 22:28:23,364] {logging_mixin.py:115} INFO - [2025-02-03 22:28:23,363] {dag.py:2379} INFO - Sync 1 DAGs
[2025-02-03 22:28:23,376] {logging_mixin.py:115} INFO - [2025-02-03 22:28:23,376] {dag.py:2927} INFO - Setting next_dagrun for example_time_delta_sensor_async to None, run_after=None
[2025-02-03 22:28:23,387] {processor.py:161} INFO - Processing /home/luan-capella/Documentos/curso_airflow/airflowalura/venv/lib/python3.9/site-packages/airflow/example_dags/example_time_delta_sensor_async.py took 0.054 seconds
