[2025-02-03 22:19:55,642] {processor.py:153} INFO - Started process (PID=41552) to work on /home/luan-capella/Documentos/curso_airflow/airflowalura/venv/lib/python3.9/site-packages/airflow/example_dags/tutorial_taskflow_api_etl.py
[2025-02-03 22:19:55,642] {processor.py:641} INFO - Processing file /home/luan-capella/Documentos/curso_airflow/airflowalura/venv/lib/python3.9/site-packages/airflow/example_dags/tutorial_taskflow_api_etl.py for tasks to queue
[2025-02-03 22:19:55,642] {logging_mixin.py:115} INFO - [2025-02-03 22:19:55,642] {dagbag.py:507} INFO - Filling up the DagBag from /home/luan-capella/Documentos/curso_airflow/airflowalura/venv/lib/python3.9/site-packages/airflow/example_dags/tutorial_taskflow_api_etl.py
[2025-02-03 22:19:55,654] {processor.py:651} INFO - DAG(s) dict_keys(['tutorial_taskflow_api_etl']) retrieved from /home/luan-capella/Documentos/curso_airflow/airflowalura/venv/lib/python3.9/site-packages/airflow/example_dags/tutorial_taskflow_api_etl.py
[2025-02-03 22:19:55,688] {logging_mixin.py:115} INFO - [2025-02-03 22:19:55,688] {dag.py:2379} INFO - Sync 1 DAGs
[2025-02-03 22:19:55,700] {logging_mixin.py:115} INFO - [2025-02-03 22:19:55,699] {dag.py:2927} INFO - Setting next_dagrun for tutorial_taskflow_api_etl to None, run_after=None
[2025-02-03 22:19:55,712] {processor.py:161} INFO - Processing /home/luan-capella/Documentos/curso_airflow/airflowalura/venv/lib/python3.9/site-packages/airflow/example_dags/tutorial_taskflow_api_etl.py took 0.072 seconds
[2025-02-03 22:21:02,023] {processor.py:153} INFO - Started process (PID=42689) to work on /home/luan-capella/Documentos/curso_airflow/airflowalura/venv/lib/python3.9/site-packages/airflow/example_dags/tutorial_taskflow_api_etl.py
[2025-02-03 22:21:02,024] {processor.py:641} INFO - Processing file /home/luan-capella/Documentos/curso_airflow/airflowalura/venv/lib/python3.9/site-packages/airflow/example_dags/tutorial_taskflow_api_etl.py for tasks to queue
[2025-02-03 22:21:02,025] {logging_mixin.py:115} INFO - [2025-02-03 22:21:02,025] {dagbag.py:507} INFO - Filling up the DagBag from /home/luan-capella/Documentos/curso_airflow/airflowalura/venv/lib/python3.9/site-packages/airflow/example_dags/tutorial_taskflow_api_etl.py
[2025-02-03 22:21:02,045] {processor.py:651} INFO - DAG(s) dict_keys(['tutorial_taskflow_api_etl']) retrieved from /home/luan-capella/Documentos/curso_airflow/airflowalura/venv/lib/python3.9/site-packages/airflow/example_dags/tutorial_taskflow_api_etl.py
[2025-02-03 22:21:02,089] {logging_mixin.py:115} INFO - [2025-02-03 22:21:02,089] {dag.py:2379} INFO - Sync 1 DAGs
[2025-02-03 22:21:02,100] {logging_mixin.py:115} INFO - [2025-02-03 22:21:02,100] {dag.py:2927} INFO - Setting next_dagrun for tutorial_taskflow_api_etl to None, run_after=None
[2025-02-03 22:21:02,113] {processor.py:161} INFO - Processing /home/luan-capella/Documentos/curso_airflow/airflowalura/venv/lib/python3.9/site-packages/airflow/example_dags/tutorial_taskflow_api_etl.py took 0.094 seconds
[2025-02-03 22:21:38,959] {processor.py:153} INFO - Started process (PID=42927) to work on /home/luan-capella/Documentos/curso_airflow/airflowalura/venv/lib/python3.9/site-packages/airflow/example_dags/tutorial_taskflow_api_etl.py
[2025-02-03 22:21:38,960] {processor.py:641} INFO - Processing file /home/luan-capella/Documentos/curso_airflow/airflowalura/venv/lib/python3.9/site-packages/airflow/example_dags/tutorial_taskflow_api_etl.py for tasks to queue
[2025-02-03 22:21:38,960] {logging_mixin.py:115} INFO - [2025-02-03 22:21:38,960] {dagbag.py:507} INFO - Filling up the DagBag from /home/luan-capella/Documentos/curso_airflow/airflowalura/venv/lib/python3.9/site-packages/airflow/example_dags/tutorial_taskflow_api_etl.py
[2025-02-03 22:21:38,972] {processor.py:651} INFO - DAG(s) dict_keys(['tutorial_taskflow_api_etl']) retrieved from /home/luan-capella/Documentos/curso_airflow/airflowalura/venv/lib/python3.9/site-packages/airflow/example_dags/tutorial_taskflow_api_etl.py
[2025-02-03 22:21:38,983] {logging_mixin.py:115} INFO - [2025-02-03 22:21:38,983] {dag.py:2379} INFO - Sync 1 DAGs
[2025-02-03 22:21:38,995] {logging_mixin.py:115} INFO - [2025-02-03 22:21:38,995] {dag.py:2927} INFO - Setting next_dagrun for tutorial_taskflow_api_etl to None, run_after=None
[2025-02-03 22:21:39,007] {processor.py:161} INFO - Processing /home/luan-capella/Documentos/curso_airflow/airflowalura/venv/lib/python3.9/site-packages/airflow/example_dags/tutorial_taskflow_api_etl.py took 0.051 seconds
[2025-02-03 22:22:16,113] {processor.py:153} INFO - Started process (PID=43086) to work on /home/luan-capella/Documentos/curso_airflow/airflowalura/venv/lib/python3.9/site-packages/airflow/example_dags/tutorial_taskflow_api_etl.py
[2025-02-03 22:22:16,113] {processor.py:641} INFO - Processing file /home/luan-capella/Documentos/curso_airflow/airflowalura/venv/lib/python3.9/site-packages/airflow/example_dags/tutorial_taskflow_api_etl.py for tasks to queue
[2025-02-03 22:22:16,114] {logging_mixin.py:115} INFO - [2025-02-03 22:22:16,114] {dagbag.py:507} INFO - Filling up the DagBag from /home/luan-capella/Documentos/curso_airflow/airflowalura/venv/lib/python3.9/site-packages/airflow/example_dags/tutorial_taskflow_api_etl.py
[2025-02-03 22:22:16,128] {processor.py:651} INFO - DAG(s) dict_keys(['tutorial_taskflow_api_etl']) retrieved from /home/luan-capella/Documentos/curso_airflow/airflowalura/venv/lib/python3.9/site-packages/airflow/example_dags/tutorial_taskflow_api_etl.py
[2025-02-03 22:22:16,160] {logging_mixin.py:115} INFO - [2025-02-03 22:22:16,160] {dag.py:2379} INFO - Sync 1 DAGs
[2025-02-03 22:22:16,171] {logging_mixin.py:115} INFO - [2025-02-03 22:22:16,171] {dag.py:2927} INFO - Setting next_dagrun for tutorial_taskflow_api_etl to None, run_after=None
[2025-02-03 22:22:16,183] {processor.py:161} INFO - Processing /home/luan-capella/Documentos/curso_airflow/airflowalura/venv/lib/python3.9/site-packages/airflow/example_dags/tutorial_taskflow_api_etl.py took 0.073 seconds
[2025-02-03 22:22:51,504] {processor.py:153} INFO - Started process (PID=43270) to work on /home/luan-capella/Documentos/curso_airflow/airflowalura/venv/lib/python3.9/site-packages/airflow/example_dags/tutorial_taskflow_api_etl.py
[2025-02-03 22:22:51,506] {processor.py:641} INFO - Processing file /home/luan-capella/Documentos/curso_airflow/airflowalura/venv/lib/python3.9/site-packages/airflow/example_dags/tutorial_taskflow_api_etl.py for tasks to queue
[2025-02-03 22:22:51,506] {logging_mixin.py:115} INFO - [2025-02-03 22:22:51,506] {dagbag.py:507} INFO - Filling up the DagBag from /home/luan-capella/Documentos/curso_airflow/airflowalura/venv/lib/python3.9/site-packages/airflow/example_dags/tutorial_taskflow_api_etl.py
[2025-02-03 22:22:51,524] {processor.py:651} INFO - DAG(s) dict_keys(['tutorial_taskflow_api_etl']) retrieved from /home/luan-capella/Documentos/curso_airflow/airflowalura/venv/lib/python3.9/site-packages/airflow/example_dags/tutorial_taskflow_api_etl.py
[2025-02-03 22:22:51,558] {logging_mixin.py:115} INFO - [2025-02-03 22:22:51,558] {dag.py:2379} INFO - Sync 1 DAGs
[2025-02-03 22:22:51,568] {logging_mixin.py:115} INFO - [2025-02-03 22:22:51,568] {dag.py:2927} INFO - Setting next_dagrun for tutorial_taskflow_api_etl to None, run_after=None
[2025-02-03 22:22:51,580] {processor.py:161} INFO - Processing /home/luan-capella/Documentos/curso_airflow/airflowalura/venv/lib/python3.9/site-packages/airflow/example_dags/tutorial_taskflow_api_etl.py took 0.080 seconds
[2025-02-03 22:23:27,542] {processor.py:153} INFO - Started process (PID=43555) to work on /home/luan-capella/Documentos/curso_airflow/airflowalura/venv/lib/python3.9/site-packages/airflow/example_dags/tutorial_taskflow_api_etl.py
[2025-02-03 22:23:27,545] {processor.py:641} INFO - Processing file /home/luan-capella/Documentos/curso_airflow/airflowalura/venv/lib/python3.9/site-packages/airflow/example_dags/tutorial_taskflow_api_etl.py for tasks to queue
[2025-02-03 22:23:27,546] {logging_mixin.py:115} INFO - [2025-02-03 22:23:27,546] {dagbag.py:507} INFO - Filling up the DagBag from /home/luan-capella/Documentos/curso_airflow/airflowalura/venv/lib/python3.9/site-packages/airflow/example_dags/tutorial_taskflow_api_etl.py
[2025-02-03 22:23:27,562] {processor.py:651} INFO - DAG(s) dict_keys(['tutorial_taskflow_api_etl']) retrieved from /home/luan-capella/Documentos/curso_airflow/airflowalura/venv/lib/python3.9/site-packages/airflow/example_dags/tutorial_taskflow_api_etl.py
[2025-02-03 22:23:27,593] {logging_mixin.py:115} INFO - [2025-02-03 22:23:27,593] {dag.py:2379} INFO - Sync 1 DAGs
[2025-02-03 22:23:27,604] {logging_mixin.py:115} INFO - [2025-02-03 22:23:27,603] {dag.py:2927} INFO - Setting next_dagrun for tutorial_taskflow_api_etl to None, run_after=None
[2025-02-03 22:23:27,617] {processor.py:161} INFO - Processing /home/luan-capella/Documentos/curso_airflow/airflowalura/venv/lib/python3.9/site-packages/airflow/example_dags/tutorial_taskflow_api_etl.py took 0.079 seconds
[2025-02-03 22:24:03,692] {processor.py:153} INFO - Started process (PID=43704) to work on /home/luan-capella/Documentos/curso_airflow/airflowalura/venv/lib/python3.9/site-packages/airflow/example_dags/tutorial_taskflow_api_etl.py
[2025-02-03 22:24:03,693] {processor.py:641} INFO - Processing file /home/luan-capella/Documentos/curso_airflow/airflowalura/venv/lib/python3.9/site-packages/airflow/example_dags/tutorial_taskflow_api_etl.py for tasks to queue
[2025-02-03 22:24:03,693] {logging_mixin.py:115} INFO - [2025-02-03 22:24:03,693] {dagbag.py:507} INFO - Filling up the DagBag from /home/luan-capella/Documentos/curso_airflow/airflowalura/venv/lib/python3.9/site-packages/airflow/example_dags/tutorial_taskflow_api_etl.py
[2025-02-03 22:24:03,705] {processor.py:651} INFO - DAG(s) dict_keys(['tutorial_taskflow_api_etl']) retrieved from /home/luan-capella/Documentos/curso_airflow/airflowalura/venv/lib/python3.9/site-packages/airflow/example_dags/tutorial_taskflow_api_etl.py
[2025-02-03 22:24:03,737] {logging_mixin.py:115} INFO - [2025-02-03 22:24:03,736] {dag.py:2379} INFO - Sync 1 DAGs
[2025-02-03 22:24:03,747] {logging_mixin.py:115} INFO - [2025-02-03 22:24:03,747] {dag.py:2927} INFO - Setting next_dagrun for tutorial_taskflow_api_etl to None, run_after=None
[2025-02-03 22:24:03,759] {processor.py:161} INFO - Processing /home/luan-capella/Documentos/curso_airflow/airflowalura/venv/lib/python3.9/site-packages/airflow/example_dags/tutorial_taskflow_api_etl.py took 0.070 seconds
[2025-02-03 22:24:39,778] {processor.py:153} INFO - Started process (PID=44092) to work on /home/luan-capella/Documentos/curso_airflow/airflowalura/venv/lib/python3.9/site-packages/airflow/example_dags/tutorial_taskflow_api_etl.py
[2025-02-03 22:24:39,779] {processor.py:641} INFO - Processing file /home/luan-capella/Documentos/curso_airflow/airflowalura/venv/lib/python3.9/site-packages/airflow/example_dags/tutorial_taskflow_api_etl.py for tasks to queue
[2025-02-03 22:24:39,780] {logging_mixin.py:115} INFO - [2025-02-03 22:24:39,780] {dagbag.py:507} INFO - Filling up the DagBag from /home/luan-capella/Documentos/curso_airflow/airflowalura/venv/lib/python3.9/site-packages/airflow/example_dags/tutorial_taskflow_api_etl.py
[2025-02-03 22:24:39,795] {processor.py:651} INFO - DAG(s) dict_keys(['tutorial_taskflow_api_etl']) retrieved from /home/luan-capella/Documentos/curso_airflow/airflowalura/venv/lib/python3.9/site-packages/airflow/example_dags/tutorial_taskflow_api_etl.py
[2025-02-03 22:24:39,826] {logging_mixin.py:115} INFO - [2025-02-03 22:24:39,826] {dag.py:2379} INFO - Sync 1 DAGs
[2025-02-03 22:24:39,837] {logging_mixin.py:115} INFO - [2025-02-03 22:24:39,836] {dag.py:2927} INFO - Setting next_dagrun for tutorial_taskflow_api_etl to None, run_after=None
[2025-02-03 22:24:39,848] {processor.py:161} INFO - Processing /home/luan-capella/Documentos/curso_airflow/airflowalura/venv/lib/python3.9/site-packages/airflow/example_dags/tutorial_taskflow_api_etl.py took 0.074 seconds
[2025-02-03 22:25:14,631] {processor.py:153} INFO - Started process (PID=44449) to work on /home/luan-capella/Documentos/curso_airflow/airflowalura/venv/lib/python3.9/site-packages/airflow/example_dags/tutorial_taskflow_api_etl.py
[2025-02-03 22:25:14,632] {processor.py:641} INFO - Processing file /home/luan-capella/Documentos/curso_airflow/airflowalura/venv/lib/python3.9/site-packages/airflow/example_dags/tutorial_taskflow_api_etl.py for tasks to queue
[2025-02-03 22:25:14,633] {logging_mixin.py:115} INFO - [2025-02-03 22:25:14,633] {dagbag.py:507} INFO - Filling up the DagBag from /home/luan-capella/Documentos/curso_airflow/airflowalura/venv/lib/python3.9/site-packages/airflow/example_dags/tutorial_taskflow_api_etl.py
[2025-02-03 22:25:14,647] {processor.py:651} INFO - DAG(s) dict_keys(['tutorial_taskflow_api_etl']) retrieved from /home/luan-capella/Documentos/curso_airflow/airflowalura/venv/lib/python3.9/site-packages/airflow/example_dags/tutorial_taskflow_api_etl.py
[2025-02-03 22:25:14,683] {logging_mixin.py:115} INFO - [2025-02-03 22:25:14,683] {dag.py:2379} INFO - Sync 1 DAGs
[2025-02-03 22:25:14,700] {logging_mixin.py:115} INFO - [2025-02-03 22:25:14,700] {dag.py:2927} INFO - Setting next_dagrun for tutorial_taskflow_api_etl to None, run_after=None
[2025-02-03 22:25:14,716] {processor.py:161} INFO - Processing /home/luan-capella/Documentos/curso_airflow/airflowalura/venv/lib/python3.9/site-packages/airflow/example_dags/tutorial_taskflow_api_etl.py took 0.091 seconds
[2025-02-03 22:25:51,188] {processor.py:153} INFO - Started process (PID=44722) to work on /home/luan-capella/Documentos/curso_airflow/airflowalura/venv/lib/python3.9/site-packages/airflow/example_dags/tutorial_taskflow_api_etl.py
[2025-02-03 22:25:51,189] {processor.py:641} INFO - Processing file /home/luan-capella/Documentos/curso_airflow/airflowalura/venv/lib/python3.9/site-packages/airflow/example_dags/tutorial_taskflow_api_etl.py for tasks to queue
[2025-02-03 22:25:51,190] {logging_mixin.py:115} INFO - [2025-02-03 22:25:51,190] {dagbag.py:507} INFO - Filling up the DagBag from /home/luan-capella/Documentos/curso_airflow/airflowalura/venv/lib/python3.9/site-packages/airflow/example_dags/tutorial_taskflow_api_etl.py
[2025-02-03 22:25:51,202] {processor.py:651} INFO - DAG(s) dict_keys(['tutorial_taskflow_api_etl']) retrieved from /home/luan-capella/Documentos/curso_airflow/airflowalura/venv/lib/python3.9/site-packages/airflow/example_dags/tutorial_taskflow_api_etl.py
[2025-02-03 22:25:51,213] {logging_mixin.py:115} INFO - [2025-02-03 22:25:51,213] {dag.py:2379} INFO - Sync 1 DAGs
[2025-02-03 22:25:51,225] {logging_mixin.py:115} INFO - [2025-02-03 22:25:51,225] {dag.py:2927} INFO - Setting next_dagrun for tutorial_taskflow_api_etl to None, run_after=None
[2025-02-03 22:25:51,250] {processor.py:161} INFO - Processing /home/luan-capella/Documentos/curso_airflow/airflowalura/venv/lib/python3.9/site-packages/airflow/example_dags/tutorial_taskflow_api_etl.py took 0.065 seconds
[2025-02-03 22:26:28,098] {processor.py:153} INFO - Started process (PID=45007) to work on /home/luan-capella/Documentos/curso_airflow/airflowalura/venv/lib/python3.9/site-packages/airflow/example_dags/tutorial_taskflow_api_etl.py
[2025-02-03 22:26:28,099] {processor.py:641} INFO - Processing file /home/luan-capella/Documentos/curso_airflow/airflowalura/venv/lib/python3.9/site-packages/airflow/example_dags/tutorial_taskflow_api_etl.py for tasks to queue
[2025-02-03 22:26:28,099] {logging_mixin.py:115} INFO - [2025-02-03 22:26:28,099] {dagbag.py:507} INFO - Filling up the DagBag from /home/luan-capella/Documentos/curso_airflow/airflowalura/venv/lib/python3.9/site-packages/airflow/example_dags/tutorial_taskflow_api_etl.py
[2025-02-03 22:26:28,112] {processor.py:651} INFO - DAG(s) dict_keys(['tutorial_taskflow_api_etl']) retrieved from /home/luan-capella/Documentos/curso_airflow/airflowalura/venv/lib/python3.9/site-packages/airflow/example_dags/tutorial_taskflow_api_etl.py
[2025-02-03 22:26:28,146] {logging_mixin.py:115} INFO - [2025-02-03 22:26:28,146] {dag.py:2379} INFO - Sync 1 DAGs
[2025-02-03 22:26:28,157] {logging_mixin.py:115} INFO - [2025-02-03 22:26:28,157] {dag.py:2927} INFO - Setting next_dagrun for tutorial_taskflow_api_etl to None, run_after=None
[2025-02-03 22:26:28,251] {processor.py:161} INFO - Processing /home/luan-capella/Documentos/curso_airflow/airflowalura/venv/lib/python3.9/site-packages/airflow/example_dags/tutorial_taskflow_api_etl.py took 0.156 seconds
[2025-02-03 22:27:04,739] {processor.py:153} INFO - Started process (PID=45187) to work on /home/luan-capella/Documentos/curso_airflow/airflowalura/venv/lib/python3.9/site-packages/airflow/example_dags/tutorial_taskflow_api_etl.py
[2025-02-03 22:27:04,740] {processor.py:641} INFO - Processing file /home/luan-capella/Documentos/curso_airflow/airflowalura/venv/lib/python3.9/site-packages/airflow/example_dags/tutorial_taskflow_api_etl.py for tasks to queue
[2025-02-03 22:27:04,741] {logging_mixin.py:115} INFO - [2025-02-03 22:27:04,740] {dagbag.py:507} INFO - Filling up the DagBag from /home/luan-capella/Documentos/curso_airflow/airflowalura/venv/lib/python3.9/site-packages/airflow/example_dags/tutorial_taskflow_api_etl.py
[2025-02-03 22:27:04,753] {processor.py:651} INFO - DAG(s) dict_keys(['tutorial_taskflow_api_etl']) retrieved from /home/luan-capella/Documentos/curso_airflow/airflowalura/venv/lib/python3.9/site-packages/airflow/example_dags/tutorial_taskflow_api_etl.py
[2025-02-03 22:27:04,785] {logging_mixin.py:115} INFO - [2025-02-03 22:27:04,785] {dag.py:2379} INFO - Sync 1 DAGs
[2025-02-03 22:27:04,797] {logging_mixin.py:115} INFO - [2025-02-03 22:27:04,797] {dag.py:2927} INFO - Setting next_dagrun for tutorial_taskflow_api_etl to None, run_after=None
[2025-02-03 22:27:04,809] {processor.py:161} INFO - Processing /home/luan-capella/Documentos/curso_airflow/airflowalura/venv/lib/python3.9/site-packages/airflow/example_dags/tutorial_taskflow_api_etl.py took 0.072 seconds
[2025-02-03 22:27:40,330] {processor.py:153} INFO - Started process (PID=45357) to work on /home/luan-capella/Documentos/curso_airflow/airflowalura/venv/lib/python3.9/site-packages/airflow/example_dags/tutorial_taskflow_api_etl.py
[2025-02-03 22:27:40,331] {processor.py:641} INFO - Processing file /home/luan-capella/Documentos/curso_airflow/airflowalura/venv/lib/python3.9/site-packages/airflow/example_dags/tutorial_taskflow_api_etl.py for tasks to queue
[2025-02-03 22:27:40,332] {logging_mixin.py:115} INFO - [2025-02-03 22:27:40,332] {dagbag.py:507} INFO - Filling up the DagBag from /home/luan-capella/Documentos/curso_airflow/airflowalura/venv/lib/python3.9/site-packages/airflow/example_dags/tutorial_taskflow_api_etl.py
[2025-02-03 22:27:40,348] {processor.py:651} INFO - DAG(s) dict_keys(['tutorial_taskflow_api_etl']) retrieved from /home/luan-capella/Documentos/curso_airflow/airflowalura/venv/lib/python3.9/site-packages/airflow/example_dags/tutorial_taskflow_api_etl.py
[2025-02-03 22:27:40,359] {logging_mixin.py:115} INFO - [2025-02-03 22:27:40,359] {dag.py:2379} INFO - Sync 1 DAGs
[2025-02-03 22:27:40,371] {logging_mixin.py:115} INFO - [2025-02-03 22:27:40,371] {dag.py:2927} INFO - Setting next_dagrun for tutorial_taskflow_api_etl to None, run_after=None
[2025-02-03 22:27:40,383] {processor.py:161} INFO - Processing /home/luan-capella/Documentos/curso_airflow/airflowalura/venv/lib/python3.9/site-packages/airflow/example_dags/tutorial_taskflow_api_etl.py took 0.057 seconds
[2025-02-03 22:28:17,025] {processor.py:153} INFO - Started process (PID=45521) to work on /home/luan-capella/Documentos/curso_airflow/airflowalura/venv/lib/python3.9/site-packages/airflow/example_dags/tutorial_taskflow_api_etl.py
[2025-02-03 22:28:17,026] {processor.py:641} INFO - Processing file /home/luan-capella/Documentos/curso_airflow/airflowalura/venv/lib/python3.9/site-packages/airflow/example_dags/tutorial_taskflow_api_etl.py for tasks to queue
[2025-02-03 22:28:17,027] {logging_mixin.py:115} INFO - [2025-02-03 22:28:17,027] {dagbag.py:507} INFO - Filling up the DagBag from /home/luan-capella/Documentos/curso_airflow/airflowalura/venv/lib/python3.9/site-packages/airflow/example_dags/tutorial_taskflow_api_etl.py
[2025-02-03 22:28:17,042] {processor.py:651} INFO - DAG(s) dict_keys(['tutorial_taskflow_api_etl']) retrieved from /home/luan-capella/Documentos/curso_airflow/airflowalura/venv/lib/python3.9/site-packages/airflow/example_dags/tutorial_taskflow_api_etl.py
[2025-02-03 22:28:17,077] {logging_mixin.py:115} INFO - [2025-02-03 22:28:17,077] {dag.py:2379} INFO - Sync 1 DAGs
[2025-02-03 22:28:17,089] {logging_mixin.py:115} INFO - [2025-02-03 22:28:17,089] {dag.py:2927} INFO - Setting next_dagrun for tutorial_taskflow_api_etl to None, run_after=None
[2025-02-03 22:28:17,104] {processor.py:161} INFO - Processing /home/luan-capella/Documentos/curso_airflow/airflowalura/venv/lib/python3.9/site-packages/airflow/example_dags/tutorial_taskflow_api_etl.py took 0.085 seconds
