[2025-02-03 22:19:48,438] {processor.py:153} INFO - Started process (PID=41431) to work on /home/luan-capella/Documentos/curso_airflow/airflowalura/venv/lib/python3.9/site-packages/airflow/example_dags/tutorial_etl_dag.py
[2025-02-03 22:19:48,438] {processor.py:641} INFO - Processing file /home/luan-capella/Documentos/curso_airflow/airflowalura/venv/lib/python3.9/site-packages/airflow/example_dags/tutorial_etl_dag.py for tasks to queue
[2025-02-03 22:19:48,439] {logging_mixin.py:115} INFO - [2025-02-03 22:19:48,438] {dagbag.py:507} INFO - Filling up the DagBag from /home/luan-capella/Documentos/curso_airflow/airflowalura/venv/lib/python3.9/site-packages/airflow/example_dags/tutorial_etl_dag.py
[2025-02-03 22:19:48,444] {processor.py:651} INFO - DAG(s) dict_keys(['tutorial_etl_dag']) retrieved from /home/luan-capella/Documentos/curso_airflow/airflowalura/venv/lib/python3.9/site-packages/airflow/example_dags/tutorial_etl_dag.py
[2025-02-03 22:19:48,458] {logging_mixin.py:115} INFO - [2025-02-03 22:19:48,458] {dag.py:2379} INFO - Sync 1 DAGs
[2025-02-03 22:19:48,476] {logging_mixin.py:115} INFO - [2025-02-03 22:19:48,475] {dag.py:2927} INFO - Setting next_dagrun for tutorial_etl_dag to None, run_after=None
[2025-02-03 22:19:48,488] {processor.py:161} INFO - Processing /home/luan-capella/Documentos/curso_airflow/airflowalura/venv/lib/python3.9/site-packages/airflow/example_dags/tutorial_etl_dag.py took 0.053 seconds
[2025-02-03 22:21:00,506] {processor.py:153} INFO - Started process (PID=42654) to work on /home/luan-capella/Documentos/curso_airflow/airflowalura/venv/lib/python3.9/site-packages/airflow/example_dags/tutorial_etl_dag.py
[2025-02-03 22:21:00,511] {processor.py:641} INFO - Processing file /home/luan-capella/Documentos/curso_airflow/airflowalura/venv/lib/python3.9/site-packages/airflow/example_dags/tutorial_etl_dag.py for tasks to queue
[2025-02-03 22:21:00,512] {logging_mixin.py:115} INFO - [2025-02-03 22:21:00,512] {dagbag.py:507} INFO - Filling up the DagBag from /home/luan-capella/Documentos/curso_airflow/airflowalura/venv/lib/python3.9/site-packages/airflow/example_dags/tutorial_etl_dag.py
[2025-02-03 22:21:00,517] {processor.py:651} INFO - DAG(s) dict_keys(['tutorial_etl_dag']) retrieved from /home/luan-capella/Documentos/curso_airflow/airflowalura/venv/lib/python3.9/site-packages/airflow/example_dags/tutorial_etl_dag.py
[2025-02-03 22:21:00,530] {logging_mixin.py:115} INFO - [2025-02-03 22:21:00,530] {dag.py:2379} INFO - Sync 1 DAGs
[2025-02-03 22:21:00,544] {logging_mixin.py:115} INFO - [2025-02-03 22:21:00,544] {dag.py:2927} INFO - Setting next_dagrun for tutorial_etl_dag to None, run_after=None
[2025-02-03 22:21:00,565] {processor.py:161} INFO - Processing /home/luan-capella/Documentos/curso_airflow/airflowalura/venv/lib/python3.9/site-packages/airflow/example_dags/tutorial_etl_dag.py took 0.063 seconds
[2025-02-03 22:21:36,663] {processor.py:153} INFO - Started process (PID=42918) to work on /home/luan-capella/Documentos/curso_airflow/airflowalura/venv/lib/python3.9/site-packages/airflow/example_dags/tutorial_etl_dag.py
[2025-02-03 22:21:36,664] {processor.py:641} INFO - Processing file /home/luan-capella/Documentos/curso_airflow/airflowalura/venv/lib/python3.9/site-packages/airflow/example_dags/tutorial_etl_dag.py for tasks to queue
[2025-02-03 22:21:36,664] {logging_mixin.py:115} INFO - [2025-02-03 22:21:36,664] {dagbag.py:507} INFO - Filling up the DagBag from /home/luan-capella/Documentos/curso_airflow/airflowalura/venv/lib/python3.9/site-packages/airflow/example_dags/tutorial_etl_dag.py
[2025-02-03 22:21:36,671] {processor.py:651} INFO - DAG(s) dict_keys(['tutorial_etl_dag']) retrieved from /home/luan-capella/Documentos/curso_airflow/airflowalura/venv/lib/python3.9/site-packages/airflow/example_dags/tutorial_etl_dag.py
[2025-02-03 22:21:36,682] {logging_mixin.py:115} INFO - [2025-02-03 22:21:36,682] {dag.py:2379} INFO - Sync 1 DAGs
[2025-02-03 22:21:36,694] {logging_mixin.py:115} INFO - [2025-02-03 22:21:36,694] {dag.py:2927} INFO - Setting next_dagrun for tutorial_etl_dag to None, run_after=None
[2025-02-03 22:21:36,705] {processor.py:161} INFO - Processing /home/luan-capella/Documentos/curso_airflow/airflowalura/venv/lib/python3.9/site-packages/airflow/example_dags/tutorial_etl_dag.py took 0.046 seconds
[2025-02-03 22:22:14,989] {processor.py:153} INFO - Started process (PID=43082) to work on /home/luan-capella/Documentos/curso_airflow/airflowalura/venv/lib/python3.9/site-packages/airflow/example_dags/tutorial_etl_dag.py
[2025-02-03 22:22:14,990] {processor.py:641} INFO - Processing file /home/luan-capella/Documentos/curso_airflow/airflowalura/venv/lib/python3.9/site-packages/airflow/example_dags/tutorial_etl_dag.py for tasks to queue
[2025-02-03 22:22:14,991] {logging_mixin.py:115} INFO - [2025-02-03 22:22:14,991] {dagbag.py:507} INFO - Filling up the DagBag from /home/luan-capella/Documentos/curso_airflow/airflowalura/venv/lib/python3.9/site-packages/airflow/example_dags/tutorial_etl_dag.py
[2025-02-03 22:22:14,999] {processor.py:651} INFO - DAG(s) dict_keys(['tutorial_etl_dag']) retrieved from /home/luan-capella/Documentos/curso_airflow/airflowalura/venv/lib/python3.9/site-packages/airflow/example_dags/tutorial_etl_dag.py
[2025-02-03 22:22:15,011] {logging_mixin.py:115} INFO - [2025-02-03 22:22:15,011] {dag.py:2379} INFO - Sync 1 DAGs
[2025-02-03 22:22:15,023] {logging_mixin.py:115} INFO - [2025-02-03 22:22:15,023] {dag.py:2927} INFO - Setting next_dagrun for tutorial_etl_dag to None, run_after=None
[2025-02-03 22:22:15,034] {processor.py:161} INFO - Processing /home/luan-capella/Documentos/curso_airflow/airflowalura/venv/lib/python3.9/site-packages/airflow/example_dags/tutorial_etl_dag.py took 0.050 seconds
[2025-02-03 22:22:49,218] {processor.py:153} INFO - Started process (PID=43256) to work on /home/luan-capella/Documentos/curso_airflow/airflowalura/venv/lib/python3.9/site-packages/airflow/example_dags/tutorial_etl_dag.py
[2025-02-03 22:22:49,219] {processor.py:641} INFO - Processing file /home/luan-capella/Documentos/curso_airflow/airflowalura/venv/lib/python3.9/site-packages/airflow/example_dags/tutorial_etl_dag.py for tasks to queue
[2025-02-03 22:22:49,220] {logging_mixin.py:115} INFO - [2025-02-03 22:22:49,220] {dagbag.py:507} INFO - Filling up the DagBag from /home/luan-capella/Documentos/curso_airflow/airflowalura/venv/lib/python3.9/site-packages/airflow/example_dags/tutorial_etl_dag.py
[2025-02-03 22:22:49,227] {processor.py:651} INFO - DAG(s) dict_keys(['tutorial_etl_dag']) retrieved from /home/luan-capella/Documentos/curso_airflow/airflowalura/venv/lib/python3.9/site-packages/airflow/example_dags/tutorial_etl_dag.py
[2025-02-03 22:22:49,239] {logging_mixin.py:115} INFO - [2025-02-03 22:22:49,238] {dag.py:2379} INFO - Sync 1 DAGs
[2025-02-03 22:22:49,250] {logging_mixin.py:115} INFO - [2025-02-03 22:22:49,250] {dag.py:2927} INFO - Setting next_dagrun for tutorial_etl_dag to None, run_after=None
[2025-02-03 22:22:49,261] {processor.py:161} INFO - Processing /home/luan-capella/Documentos/curso_airflow/airflowalura/venv/lib/python3.9/site-packages/airflow/example_dags/tutorial_etl_dag.py took 0.048 seconds
[2025-02-03 22:23:25,835] {processor.py:153} INFO - Started process (PID=43546) to work on /home/luan-capella/Documentos/curso_airflow/airflowalura/venv/lib/python3.9/site-packages/airflow/example_dags/tutorial_etl_dag.py
[2025-02-03 22:23:25,840] {processor.py:641} INFO - Processing file /home/luan-capella/Documentos/curso_airflow/airflowalura/venv/lib/python3.9/site-packages/airflow/example_dags/tutorial_etl_dag.py for tasks to queue
[2025-02-03 22:23:25,841] {logging_mixin.py:115} INFO - [2025-02-03 22:23:25,840] {dagbag.py:507} INFO - Filling up the DagBag from /home/luan-capella/Documentos/curso_airflow/airflowalura/venv/lib/python3.9/site-packages/airflow/example_dags/tutorial_etl_dag.py
[2025-02-03 22:23:25,846] {processor.py:651} INFO - DAG(s) dict_keys(['tutorial_etl_dag']) retrieved from /home/luan-capella/Documentos/curso_airflow/airflowalura/venv/lib/python3.9/site-packages/airflow/example_dags/tutorial_etl_dag.py
[2025-02-03 22:23:25,856] {logging_mixin.py:115} INFO - [2025-02-03 22:23:25,856] {dag.py:2379} INFO - Sync 1 DAGs
[2025-02-03 22:23:25,869] {logging_mixin.py:115} INFO - [2025-02-03 22:23:25,869] {dag.py:2927} INFO - Setting next_dagrun for tutorial_etl_dag to None, run_after=None
[2025-02-03 22:23:25,891] {processor.py:161} INFO - Processing /home/luan-capella/Documentos/curso_airflow/airflowalura/venv/lib/python3.9/site-packages/airflow/example_dags/tutorial_etl_dag.py took 0.058 seconds
[2025-02-03 22:24:01,980] {processor.py:153} INFO - Started process (PID=43697) to work on /home/luan-capella/Documentos/curso_airflow/airflowalura/venv/lib/python3.9/site-packages/airflow/example_dags/tutorial_etl_dag.py
[2025-02-03 22:24:01,981] {processor.py:641} INFO - Processing file /home/luan-capella/Documentos/curso_airflow/airflowalura/venv/lib/python3.9/site-packages/airflow/example_dags/tutorial_etl_dag.py for tasks to queue
[2025-02-03 22:24:01,982] {logging_mixin.py:115} INFO - [2025-02-03 22:24:01,982] {dagbag.py:507} INFO - Filling up the DagBag from /home/luan-capella/Documentos/curso_airflow/airflowalura/venv/lib/python3.9/site-packages/airflow/example_dags/tutorial_etl_dag.py
[2025-02-03 22:24:01,990] {processor.py:651} INFO - DAG(s) dict_keys(['tutorial_etl_dag']) retrieved from /home/luan-capella/Documentos/curso_airflow/airflowalura/venv/lib/python3.9/site-packages/airflow/example_dags/tutorial_etl_dag.py
[2025-02-03 22:24:02,002] {logging_mixin.py:115} INFO - [2025-02-03 22:24:02,002] {dag.py:2379} INFO - Sync 1 DAGs
[2025-02-03 22:24:02,013] {logging_mixin.py:115} INFO - [2025-02-03 22:24:02,013] {dag.py:2927} INFO - Setting next_dagrun for tutorial_etl_dag to None, run_after=None
[2025-02-03 22:24:02,024] {processor.py:161} INFO - Processing /home/luan-capella/Documentos/curso_airflow/airflowalura/venv/lib/python3.9/site-packages/airflow/example_dags/tutorial_etl_dag.py took 0.049 seconds
[2025-02-03 22:24:37,482] {processor.py:153} INFO - Started process (PID=44055) to work on /home/luan-capella/Documentos/curso_airflow/airflowalura/venv/lib/python3.9/site-packages/airflow/example_dags/tutorial_etl_dag.py
[2025-02-03 22:24:37,483] {processor.py:641} INFO - Processing file /home/luan-capella/Documentos/curso_airflow/airflowalura/venv/lib/python3.9/site-packages/airflow/example_dags/tutorial_etl_dag.py for tasks to queue
[2025-02-03 22:24:37,483] {logging_mixin.py:115} INFO - [2025-02-03 22:24:37,483] {dagbag.py:507} INFO - Filling up the DagBag from /home/luan-capella/Documentos/curso_airflow/airflowalura/venv/lib/python3.9/site-packages/airflow/example_dags/tutorial_etl_dag.py
[2025-02-03 22:24:37,489] {processor.py:651} INFO - DAG(s) dict_keys(['tutorial_etl_dag']) retrieved from /home/luan-capella/Documentos/curso_airflow/airflowalura/venv/lib/python3.9/site-packages/airflow/example_dags/tutorial_etl_dag.py
[2025-02-03 22:24:37,500] {logging_mixin.py:115} INFO - [2025-02-03 22:24:37,500] {dag.py:2379} INFO - Sync 1 DAGs
[2025-02-03 22:24:37,514] {logging_mixin.py:115} INFO - [2025-02-03 22:24:37,514] {dag.py:2927} INFO - Setting next_dagrun for tutorial_etl_dag to None, run_after=None
[2025-02-03 22:24:37,528] {processor.py:161} INFO - Processing /home/luan-capella/Documentos/curso_airflow/airflowalura/venv/lib/python3.9/site-packages/airflow/example_dags/tutorial_etl_dag.py took 0.048 seconds
[2025-02-03 22:25:12,332] {processor.py:153} INFO - Started process (PID=44440) to work on /home/luan-capella/Documentos/curso_airflow/airflowalura/venv/lib/python3.9/site-packages/airflow/example_dags/tutorial_etl_dag.py
[2025-02-03 22:25:12,332] {processor.py:641} INFO - Processing file /home/luan-capella/Documentos/curso_airflow/airflowalura/venv/lib/python3.9/site-packages/airflow/example_dags/tutorial_etl_dag.py for tasks to queue
[2025-02-03 22:25:12,333] {logging_mixin.py:115} INFO - [2025-02-03 22:25:12,332] {dagbag.py:507} INFO - Filling up the DagBag from /home/luan-capella/Documentos/curso_airflow/airflowalura/venv/lib/python3.9/site-packages/airflow/example_dags/tutorial_etl_dag.py
[2025-02-03 22:25:12,338] {processor.py:651} INFO - DAG(s) dict_keys(['tutorial_etl_dag']) retrieved from /home/luan-capella/Documentos/curso_airflow/airflowalura/venv/lib/python3.9/site-packages/airflow/example_dags/tutorial_etl_dag.py
[2025-02-03 22:25:12,350] {logging_mixin.py:115} INFO - [2025-02-03 22:25:12,350] {dag.py:2379} INFO - Sync 1 DAGs
[2025-02-03 22:25:12,364] {logging_mixin.py:115} INFO - [2025-02-03 22:25:12,364] {dag.py:2927} INFO - Setting next_dagrun for tutorial_etl_dag to None, run_after=None
[2025-02-03 22:25:12,376] {processor.py:161} INFO - Processing /home/luan-capella/Documentos/curso_airflow/airflowalura/venv/lib/python3.9/site-packages/airflow/example_dags/tutorial_etl_dag.py took 0.047 seconds
[2025-02-03 22:25:49,661] {processor.py:153} INFO - Started process (PID=44710) to work on /home/luan-capella/Documentos/curso_airflow/airflowalura/venv/lib/python3.9/site-packages/airflow/example_dags/tutorial_etl_dag.py
[2025-02-03 22:25:49,662] {processor.py:641} INFO - Processing file /home/luan-capella/Documentos/curso_airflow/airflowalura/venv/lib/python3.9/site-packages/airflow/example_dags/tutorial_etl_dag.py for tasks to queue
[2025-02-03 22:25:49,662] {logging_mixin.py:115} INFO - [2025-02-03 22:25:49,662] {dagbag.py:507} INFO - Filling up the DagBag from /home/luan-capella/Documentos/curso_airflow/airflowalura/venv/lib/python3.9/site-packages/airflow/example_dags/tutorial_etl_dag.py
[2025-02-03 22:25:49,671] {processor.py:651} INFO - DAG(s) dict_keys(['tutorial_etl_dag']) retrieved from /home/luan-capella/Documentos/curso_airflow/airflowalura/venv/lib/python3.9/site-packages/airflow/example_dags/tutorial_etl_dag.py
[2025-02-03 22:25:49,686] {logging_mixin.py:115} INFO - [2025-02-03 22:25:49,686] {dag.py:2379} INFO - Sync 1 DAGs
[2025-02-03 22:25:49,700] {logging_mixin.py:115} INFO - [2025-02-03 22:25:49,700] {dag.py:2927} INFO - Setting next_dagrun for tutorial_etl_dag to None, run_after=None
[2025-02-03 22:25:49,713] {processor.py:161} INFO - Processing /home/luan-capella/Documentos/curso_airflow/airflowalura/venv/lib/python3.9/site-packages/airflow/example_dags/tutorial_etl_dag.py took 0.057 seconds
[2025-02-03 22:26:25,807] {processor.py:153} INFO - Started process (PID=44985) to work on /home/luan-capella/Documentos/curso_airflow/airflowalura/venv/lib/python3.9/site-packages/airflow/example_dags/tutorial_etl_dag.py
[2025-02-03 22:26:25,808] {processor.py:641} INFO - Processing file /home/luan-capella/Documentos/curso_airflow/airflowalura/venv/lib/python3.9/site-packages/airflow/example_dags/tutorial_etl_dag.py for tasks to queue
[2025-02-03 22:26:25,809] {logging_mixin.py:115} INFO - [2025-02-03 22:26:25,809] {dagbag.py:507} INFO - Filling up the DagBag from /home/luan-capella/Documentos/curso_airflow/airflowalura/venv/lib/python3.9/site-packages/airflow/example_dags/tutorial_etl_dag.py
[2025-02-03 22:26:25,816] {processor.py:651} INFO - DAG(s) dict_keys(['tutorial_etl_dag']) retrieved from /home/luan-capella/Documentos/curso_airflow/airflowalura/venv/lib/python3.9/site-packages/airflow/example_dags/tutorial_etl_dag.py
[2025-02-03 22:26:25,830] {logging_mixin.py:115} INFO - [2025-02-03 22:26:25,830] {dag.py:2379} INFO - Sync 1 DAGs
[2025-02-03 22:26:25,842] {logging_mixin.py:115} INFO - [2025-02-03 22:26:25,842] {dag.py:2927} INFO - Setting next_dagrun for tutorial_etl_dag to None, run_after=None
[2025-02-03 22:26:25,854] {processor.py:161} INFO - Processing /home/luan-capella/Documentos/curso_airflow/airflowalura/venv/lib/python3.9/site-packages/airflow/example_dags/tutorial_etl_dag.py took 0.051 seconds
[2025-02-03 22:27:00,802] {processor.py:153} INFO - Started process (PID=45172) to work on /home/luan-capella/Documentos/curso_airflow/airflowalura/venv/lib/python3.9/site-packages/airflow/example_dags/tutorial_etl_dag.py
[2025-02-03 22:27:00,803] {processor.py:641} INFO - Processing file /home/luan-capella/Documentos/curso_airflow/airflowalura/venv/lib/python3.9/site-packages/airflow/example_dags/tutorial_etl_dag.py for tasks to queue
[2025-02-03 22:27:00,804] {logging_mixin.py:115} INFO - [2025-02-03 22:27:00,804] {dagbag.py:507} INFO - Filling up the DagBag from /home/luan-capella/Documentos/curso_airflow/airflowalura/venv/lib/python3.9/site-packages/airflow/example_dags/tutorial_etl_dag.py
[2025-02-03 22:27:00,812] {processor.py:651} INFO - DAG(s) dict_keys(['tutorial_etl_dag']) retrieved from /home/luan-capella/Documentos/curso_airflow/airflowalura/venv/lib/python3.9/site-packages/airflow/example_dags/tutorial_etl_dag.py
[2025-02-03 22:27:00,824] {logging_mixin.py:115} INFO - [2025-02-03 22:27:00,824] {dag.py:2379} INFO - Sync 1 DAGs
[2025-02-03 22:27:00,837] {logging_mixin.py:115} INFO - [2025-02-03 22:27:00,837] {dag.py:2927} INFO - Setting next_dagrun for tutorial_etl_dag to None, run_after=None
[2025-02-03 22:27:00,847] {processor.py:161} INFO - Processing /home/luan-capella/Documentos/curso_airflow/airflowalura/venv/lib/python3.9/site-packages/airflow/example_dags/tutorial_etl_dag.py took 0.051 seconds
[2025-02-03 22:27:35,729] {processor.py:153} INFO - Started process (PID=45334) to work on /home/luan-capella/Documentos/curso_airflow/airflowalura/venv/lib/python3.9/site-packages/airflow/example_dags/tutorial_etl_dag.py
[2025-02-03 22:27:35,732] {processor.py:641} INFO - Processing file /home/luan-capella/Documentos/curso_airflow/airflowalura/venv/lib/python3.9/site-packages/airflow/example_dags/tutorial_etl_dag.py for tasks to queue
[2025-02-03 22:27:35,732] {logging_mixin.py:115} INFO - [2025-02-03 22:27:35,732] {dagbag.py:507} INFO - Filling up the DagBag from /home/luan-capella/Documentos/curso_airflow/airflowalura/venv/lib/python3.9/site-packages/airflow/example_dags/tutorial_etl_dag.py
[2025-02-03 22:27:35,742] {processor.py:651} INFO - DAG(s) dict_keys(['tutorial_etl_dag']) retrieved from /home/luan-capella/Documentos/curso_airflow/airflowalura/venv/lib/python3.9/site-packages/airflow/example_dags/tutorial_etl_dag.py
[2025-02-03 22:27:35,753] {logging_mixin.py:115} INFO - [2025-02-03 22:27:35,753] {dag.py:2379} INFO - Sync 1 DAGs
[2025-02-03 22:27:35,765] {logging_mixin.py:115} INFO - [2025-02-03 22:27:35,765] {dag.py:2927} INFO - Setting next_dagrun for tutorial_etl_dag to None, run_after=None
[2025-02-03 22:27:35,781] {processor.py:161} INFO - Processing /home/luan-capella/Documentos/curso_airflow/airflowalura/venv/lib/python3.9/site-packages/airflow/example_dags/tutorial_etl_dag.py took 0.056 seconds
[2025-02-03 22:28:13,025] {processor.py:153} INFO - Started process (PID=45504) to work on /home/luan-capella/Documentos/curso_airflow/airflowalura/venv/lib/python3.9/site-packages/airflow/example_dags/tutorial_etl_dag.py
[2025-02-03 22:28:13,026] {processor.py:641} INFO - Processing file /home/luan-capella/Documentos/curso_airflow/airflowalura/venv/lib/python3.9/site-packages/airflow/example_dags/tutorial_etl_dag.py for tasks to queue
[2025-02-03 22:28:13,027] {logging_mixin.py:115} INFO - [2025-02-03 22:28:13,027] {dagbag.py:507} INFO - Filling up the DagBag from /home/luan-capella/Documentos/curso_airflow/airflowalura/venv/lib/python3.9/site-packages/airflow/example_dags/tutorial_etl_dag.py
[2025-02-03 22:28:13,035] {processor.py:651} INFO - DAG(s) dict_keys(['tutorial_etl_dag']) retrieved from /home/luan-capella/Documentos/curso_airflow/airflowalura/venv/lib/python3.9/site-packages/airflow/example_dags/tutorial_etl_dag.py
[2025-02-03 22:28:13,046] {logging_mixin.py:115} INFO - [2025-02-03 22:28:13,046] {dag.py:2379} INFO - Sync 1 DAGs
[2025-02-03 22:28:13,058] {logging_mixin.py:115} INFO - [2025-02-03 22:28:13,058] {dag.py:2927} INFO - Setting next_dagrun for tutorial_etl_dag to None, run_after=None
[2025-02-03 22:28:13,068] {processor.py:161} INFO - Processing /home/luan-capella/Documentos/curso_airflow/airflowalura/venv/lib/python3.9/site-packages/airflow/example_dags/tutorial_etl_dag.py took 0.048 seconds
