[2025-02-03 22:19:52,791] {processor.py:153} INFO - Started process (PID=41495) to work on /home/luan-capella/Documentos/curso_airflow/airflowalura/venv/lib/python3.9/site-packages/airflow/example_dags/tutorial.py
[2025-02-03 22:19:52,797] {processor.py:641} INFO - Processing file /home/luan-capella/Documentos/curso_airflow/airflowalura/venv/lib/python3.9/site-packages/airflow/example_dags/tutorial.py for tasks to queue
[2025-02-03 22:19:52,797] {logging_mixin.py:115} INFO - [2025-02-03 22:19:52,797] {dagbag.py:507} INFO - Filling up the DagBag from /home/luan-capella/Documentos/curso_airflow/airflowalura/venv/lib/python3.9/site-packages/airflow/example_dags/tutorial.py
[2025-02-03 22:19:52,802] {processor.py:651} INFO - DAG(s) dict_keys(['tutorial']) retrieved from /home/luan-capella/Documentos/curso_airflow/airflowalura/venv/lib/python3.9/site-packages/airflow/example_dags/tutorial.py
[2025-02-03 22:19:52,816] {logging_mixin.py:115} INFO - [2025-02-03 22:19:52,816] {dag.py:2379} INFO - Sync 1 DAGs
[2025-02-03 22:19:52,831] {logging_mixin.py:115} INFO - [2025-02-03 22:19:52,831] {dag.py:2927} INFO - Setting next_dagrun for tutorial to 2025-02-03T01:19:52.831571+00:00, run_after=2025-02-04T01:19:52.831571+00:00
[2025-02-03 22:19:52,846] {processor.py:161} INFO - Processing /home/luan-capella/Documentos/curso_airflow/airflowalura/venv/lib/python3.9/site-packages/airflow/example_dags/tutorial.py took 0.057 seconds
[2025-02-03 22:21:00,874] {processor.py:153} INFO - Started process (PID=42661) to work on /home/luan-capella/Documentos/curso_airflow/airflowalura/venv/lib/python3.9/site-packages/airflow/example_dags/tutorial.py
[2025-02-03 22:21:00,876] {processor.py:641} INFO - Processing file /home/luan-capella/Documentos/curso_airflow/airflowalura/venv/lib/python3.9/site-packages/airflow/example_dags/tutorial.py for tasks to queue
[2025-02-03 22:21:00,877] {logging_mixin.py:115} INFO - [2025-02-03 22:21:00,877] {dagbag.py:507} INFO - Filling up the DagBag from /home/luan-capella/Documentos/curso_airflow/airflowalura/venv/lib/python3.9/site-packages/airflow/example_dags/tutorial.py
[2025-02-03 22:21:00,885] {processor.py:651} INFO - DAG(s) dict_keys(['tutorial']) retrieved from /home/luan-capella/Documentos/curso_airflow/airflowalura/venv/lib/python3.9/site-packages/airflow/example_dags/tutorial.py
[2025-02-03 22:21:00,896] {logging_mixin.py:115} INFO - [2025-02-03 22:21:00,896] {dag.py:2379} INFO - Sync 1 DAGs
[2025-02-03 22:21:00,908] {logging_mixin.py:115} INFO - [2025-02-03 22:21:00,908] {dag.py:2927} INFO - Setting next_dagrun for tutorial to 2025-02-03T01:21:00.908139+00:00, run_after=2025-02-04T01:21:00.908139+00:00
[2025-02-03 22:21:00,931] {processor.py:161} INFO - Processing /home/luan-capella/Documentos/curso_airflow/airflowalura/venv/lib/python3.9/site-packages/airflow/example_dags/tutorial.py took 0.062 seconds
[2025-02-03 22:21:37,816] {processor.py:153} INFO - Started process (PID=42921) to work on /home/luan-capella/Documentos/curso_airflow/airflowalura/venv/lib/python3.9/site-packages/airflow/example_dags/tutorial.py
[2025-02-03 22:21:37,818] {processor.py:641} INFO - Processing file /home/luan-capella/Documentos/curso_airflow/airflowalura/venv/lib/python3.9/site-packages/airflow/example_dags/tutorial.py for tasks to queue
[2025-02-03 22:21:37,819] {logging_mixin.py:115} INFO - [2025-02-03 22:21:37,818] {dagbag.py:507} INFO - Filling up the DagBag from /home/luan-capella/Documentos/curso_airflow/airflowalura/venv/lib/python3.9/site-packages/airflow/example_dags/tutorial.py
[2025-02-03 22:21:37,824] {processor.py:651} INFO - DAG(s) dict_keys(['tutorial']) retrieved from /home/luan-capella/Documentos/curso_airflow/airflowalura/venv/lib/python3.9/site-packages/airflow/example_dags/tutorial.py
[2025-02-03 22:21:37,835] {logging_mixin.py:115} INFO - [2025-02-03 22:21:37,835] {dag.py:2379} INFO - Sync 1 DAGs
[2025-02-03 22:21:37,848] {logging_mixin.py:115} INFO - [2025-02-03 22:21:37,847] {dag.py:2927} INFO - Setting next_dagrun for tutorial to 2025-02-03T01:21:37.847711+00:00, run_after=2025-02-04T01:21:37.847711+00:00
[2025-02-03 22:21:37,859] {processor.py:161} INFO - Processing /home/luan-capella/Documentos/curso_airflow/airflowalura/venv/lib/python3.9/site-packages/airflow/example_dags/tutorial.py took 0.047 seconds
[2025-02-03 22:22:15,462] {processor.py:153} INFO - Started process (PID=43084) to work on /home/luan-capella/Documentos/curso_airflow/airflowalura/venv/lib/python3.9/site-packages/airflow/example_dags/tutorial.py
[2025-02-03 22:22:15,463] {processor.py:641} INFO - Processing file /home/luan-capella/Documentos/curso_airflow/airflowalura/venv/lib/python3.9/site-packages/airflow/example_dags/tutorial.py for tasks to queue
[2025-02-03 22:22:15,464] {logging_mixin.py:115} INFO - [2025-02-03 22:22:15,464] {dagbag.py:507} INFO - Filling up the DagBag from /home/luan-capella/Documentos/curso_airflow/airflowalura/venv/lib/python3.9/site-packages/airflow/example_dags/tutorial.py
[2025-02-03 22:22:15,471] {processor.py:651} INFO - DAG(s) dict_keys(['tutorial']) retrieved from /home/luan-capella/Documentos/curso_airflow/airflowalura/venv/lib/python3.9/site-packages/airflow/example_dags/tutorial.py
[2025-02-03 22:22:15,483] {logging_mixin.py:115} INFO - [2025-02-03 22:22:15,483] {dag.py:2379} INFO - Sync 1 DAGs
[2025-02-03 22:22:15,495] {logging_mixin.py:115} INFO - [2025-02-03 22:22:15,495] {dag.py:2927} INFO - Setting next_dagrun for tutorial to 2025-02-03T01:22:15.495154+00:00, run_after=2025-02-04T01:22:15.495154+00:00
[2025-02-03 22:22:15,507] {processor.py:161} INFO - Processing /home/luan-capella/Documentos/curso_airflow/airflowalura/venv/lib/python3.9/site-packages/airflow/example_dags/tutorial.py took 0.050 seconds
[2025-02-03 22:22:50,359] {processor.py:153} INFO - Started process (PID=43264) to work on /home/luan-capella/Documentos/curso_airflow/airflowalura/venv/lib/python3.9/site-packages/airflow/example_dags/tutorial.py
[2025-02-03 22:22:50,360] {processor.py:641} INFO - Processing file /home/luan-capella/Documentos/curso_airflow/airflowalura/venv/lib/python3.9/site-packages/airflow/example_dags/tutorial.py for tasks to queue
[2025-02-03 22:22:50,361] {logging_mixin.py:115} INFO - [2025-02-03 22:22:50,360] {dagbag.py:507} INFO - Filling up the DagBag from /home/luan-capella/Documentos/curso_airflow/airflowalura/venv/lib/python3.9/site-packages/airflow/example_dags/tutorial.py
[2025-02-03 22:22:50,365] {processor.py:651} INFO - DAG(s) dict_keys(['tutorial']) retrieved from /home/luan-capella/Documentos/curso_airflow/airflowalura/venv/lib/python3.9/site-packages/airflow/example_dags/tutorial.py
[2025-02-03 22:22:50,377] {logging_mixin.py:115} INFO - [2025-02-03 22:22:50,377] {dag.py:2379} INFO - Sync 1 DAGs
[2025-02-03 22:22:50,389] {logging_mixin.py:115} INFO - [2025-02-03 22:22:50,389] {dag.py:2927} INFO - Setting next_dagrun for tutorial to 2025-02-03T01:22:50.389411+00:00, run_after=2025-02-04T01:22:50.389411+00:00
[2025-02-03 22:22:50,401] {processor.py:161} INFO - Processing /home/luan-capella/Documentos/curso_airflow/airflowalura/venv/lib/python3.9/site-packages/airflow/example_dags/tutorial.py took 0.043 seconds
[2025-02-03 22:23:26,984] {processor.py:153} INFO - Started process (PID=43553) to work on /home/luan-capella/Documentos/curso_airflow/airflowalura/venv/lib/python3.9/site-packages/airflow/example_dags/tutorial.py
[2025-02-03 22:23:26,985] {processor.py:641} INFO - Processing file /home/luan-capella/Documentos/curso_airflow/airflowalura/venv/lib/python3.9/site-packages/airflow/example_dags/tutorial.py for tasks to queue
[2025-02-03 22:23:26,985] {logging_mixin.py:115} INFO - [2025-02-03 22:23:26,985] {dagbag.py:507} INFO - Filling up the DagBag from /home/luan-capella/Documentos/curso_airflow/airflowalura/venv/lib/python3.9/site-packages/airflow/example_dags/tutorial.py
[2025-02-03 22:23:26,991] {processor.py:651} INFO - DAG(s) dict_keys(['tutorial']) retrieved from /home/luan-capella/Documentos/curso_airflow/airflowalura/venv/lib/python3.9/site-packages/airflow/example_dags/tutorial.py
[2025-02-03 22:23:27,003] {logging_mixin.py:115} INFO - [2025-02-03 22:23:27,003] {dag.py:2379} INFO - Sync 1 DAGs
[2025-02-03 22:23:27,015] {logging_mixin.py:115} INFO - [2025-02-03 22:23:27,015] {dag.py:2927} INFO - Setting next_dagrun for tutorial to 2025-02-03T01:23:27.015568+00:00, run_after=2025-02-04T01:23:27.015568+00:00
[2025-02-03 22:23:27,030] {processor.py:161} INFO - Processing /home/luan-capella/Documentos/curso_airflow/airflowalura/venv/lib/python3.9/site-packages/airflow/example_dags/tutorial.py took 0.049 seconds
[2025-02-03 22:24:02,673] {processor.py:153} INFO - Started process (PID=43699) to work on /home/luan-capella/Documentos/curso_airflow/airflowalura/venv/lib/python3.9/site-packages/airflow/example_dags/tutorial.py
[2025-02-03 22:24:02,674] {processor.py:641} INFO - Processing file /home/luan-capella/Documentos/curso_airflow/airflowalura/venv/lib/python3.9/site-packages/airflow/example_dags/tutorial.py for tasks to queue
[2025-02-03 22:24:02,675] {logging_mixin.py:115} INFO - [2025-02-03 22:24:02,675] {dagbag.py:507} INFO - Filling up the DagBag from /home/luan-capella/Documentos/curso_airflow/airflowalura/venv/lib/python3.9/site-packages/airflow/example_dags/tutorial.py
[2025-02-03 22:24:02,683] {processor.py:651} INFO - DAG(s) dict_keys(['tutorial']) retrieved from /home/luan-capella/Documentos/curso_airflow/airflowalura/venv/lib/python3.9/site-packages/airflow/example_dags/tutorial.py
[2025-02-03 22:24:02,694] {logging_mixin.py:115} INFO - [2025-02-03 22:24:02,694] {dag.py:2379} INFO - Sync 1 DAGs
[2025-02-03 22:24:02,706] {logging_mixin.py:115} INFO - [2025-02-03 22:24:02,706] {dag.py:2927} INFO - Setting next_dagrun for tutorial to 2025-02-03T01:24:02.706404+00:00, run_after=2025-02-04T01:24:02.706404+00:00
[2025-02-03 22:24:02,717] {processor.py:161} INFO - Processing /home/luan-capella/Documentos/curso_airflow/airflowalura/venv/lib/python3.9/site-packages/airflow/example_dags/tutorial.py took 0.049 seconds
[2025-02-03 22:24:38,631] {processor.py:153} INFO - Started process (PID=44086) to work on /home/luan-capella/Documentos/curso_airflow/airflowalura/venv/lib/python3.9/site-packages/airflow/example_dags/tutorial.py
[2025-02-03 22:24:38,632] {processor.py:641} INFO - Processing file /home/luan-capella/Documentos/curso_airflow/airflowalura/venv/lib/python3.9/site-packages/airflow/example_dags/tutorial.py for tasks to queue
[2025-02-03 22:24:38,633] {logging_mixin.py:115} INFO - [2025-02-03 22:24:38,633] {dagbag.py:507} INFO - Filling up the DagBag from /home/luan-capella/Documentos/curso_airflow/airflowalura/venv/lib/python3.9/site-packages/airflow/example_dags/tutorial.py
[2025-02-03 22:24:38,639] {processor.py:651} INFO - DAG(s) dict_keys(['tutorial']) retrieved from /home/luan-capella/Documentos/curso_airflow/airflowalura/venv/lib/python3.9/site-packages/airflow/example_dags/tutorial.py
[2025-02-03 22:24:38,651] {logging_mixin.py:115} INFO - [2025-02-03 22:24:38,651] {dag.py:2379} INFO - Sync 1 DAGs
[2025-02-03 22:24:38,663] {logging_mixin.py:115} INFO - [2025-02-03 22:24:38,663] {dag.py:2927} INFO - Setting next_dagrun for tutorial to 2025-02-03T01:24:38.663383+00:00, run_after=2025-02-04T01:24:38.663383+00:00
[2025-02-03 22:24:38,674] {processor.py:161} INFO - Processing /home/luan-capella/Documentos/curso_airflow/airflowalura/venv/lib/python3.9/site-packages/airflow/example_dags/tutorial.py took 0.047 seconds
[2025-02-03 22:25:13,487] {processor.py:153} INFO - Started process (PID=44443) to work on /home/luan-capella/Documentos/curso_airflow/airflowalura/venv/lib/python3.9/site-packages/airflow/example_dags/tutorial.py
[2025-02-03 22:25:13,489] {processor.py:641} INFO - Processing file /home/luan-capella/Documentos/curso_airflow/airflowalura/venv/lib/python3.9/site-packages/airflow/example_dags/tutorial.py for tasks to queue
[2025-02-03 22:25:13,490] {logging_mixin.py:115} INFO - [2025-02-03 22:25:13,490] {dagbag.py:507} INFO - Filling up the DagBag from /home/luan-capella/Documentos/curso_airflow/airflowalura/venv/lib/python3.9/site-packages/airflow/example_dags/tutorial.py
[2025-02-03 22:25:13,497] {processor.py:651} INFO - DAG(s) dict_keys(['tutorial']) retrieved from /home/luan-capella/Documentos/curso_airflow/airflowalura/venv/lib/python3.9/site-packages/airflow/example_dags/tutorial.py
[2025-02-03 22:25:13,509] {logging_mixin.py:115} INFO - [2025-02-03 22:25:13,508] {dag.py:2379} INFO - Sync 1 DAGs
[2025-02-03 22:25:13,521] {logging_mixin.py:115} INFO - [2025-02-03 22:25:13,521] {dag.py:2927} INFO - Setting next_dagrun for tutorial to 2025-02-03T01:25:13.521126+00:00, run_after=2025-02-04T01:25:13.521126+00:00
[2025-02-03 22:25:13,538] {processor.py:161} INFO - Processing /home/luan-capella/Documentos/curso_airflow/airflowalura/venv/lib/python3.9/site-packages/airflow/example_dags/tutorial.py took 0.056 seconds
[2025-02-03 22:25:50,810] {processor.py:153} INFO - Started process (PID=44718) to work on /home/luan-capella/Documentos/curso_airflow/airflowalura/venv/lib/python3.9/site-packages/airflow/example_dags/tutorial.py
[2025-02-03 22:25:50,815] {processor.py:641} INFO - Processing file /home/luan-capella/Documentos/curso_airflow/airflowalura/venv/lib/python3.9/site-packages/airflow/example_dags/tutorial.py for tasks to queue
[2025-02-03 22:25:50,815] {logging_mixin.py:115} INFO - [2025-02-03 22:25:50,815] {dagbag.py:507} INFO - Filling up the DagBag from /home/luan-capella/Documentos/curso_airflow/airflowalura/venv/lib/python3.9/site-packages/airflow/example_dags/tutorial.py
[2025-02-03 22:25:50,824] {processor.py:651} INFO - DAG(s) dict_keys(['tutorial']) retrieved from /home/luan-capella/Documentos/curso_airflow/airflowalura/venv/lib/python3.9/site-packages/airflow/example_dags/tutorial.py
[2025-02-03 22:25:50,836] {logging_mixin.py:115} INFO - [2025-02-03 22:25:50,836] {dag.py:2379} INFO - Sync 1 DAGs
[2025-02-03 22:25:50,849] {logging_mixin.py:115} INFO - [2025-02-03 22:25:50,849] {dag.py:2927} INFO - Setting next_dagrun for tutorial to 2025-02-03T01:25:50.849085+00:00, run_after=2025-02-04T01:25:50.849085+00:00
[2025-02-03 22:25:50,873] {processor.py:161} INFO - Processing /home/luan-capella/Documentos/curso_airflow/airflowalura/venv/lib/python3.9/site-packages/airflow/example_dags/tutorial.py took 0.068 seconds
[2025-02-03 22:26:26,948] {processor.py:153} INFO - Started process (PID=44993) to work on /home/luan-capella/Documentos/curso_airflow/airflowalura/venv/lib/python3.9/site-packages/airflow/example_dags/tutorial.py
[2025-02-03 22:26:26,948] {processor.py:641} INFO - Processing file /home/luan-capella/Documentos/curso_airflow/airflowalura/venv/lib/python3.9/site-packages/airflow/example_dags/tutorial.py for tasks to queue
[2025-02-03 22:26:26,949] {logging_mixin.py:115} INFO - [2025-02-03 22:26:26,949] {dagbag.py:507} INFO - Filling up the DagBag from /home/luan-capella/Documentos/curso_airflow/airflowalura/venv/lib/python3.9/site-packages/airflow/example_dags/tutorial.py
[2025-02-03 22:26:26,953] {processor.py:651} INFO - DAG(s) dict_keys(['tutorial']) retrieved from /home/luan-capella/Documentos/curso_airflow/airflowalura/venv/lib/python3.9/site-packages/airflow/example_dags/tutorial.py
[2025-02-03 22:26:26,967] {logging_mixin.py:115} INFO - [2025-02-03 22:26:26,967] {dag.py:2379} INFO - Sync 1 DAGs
[2025-02-03 22:26:26,979] {logging_mixin.py:115} INFO - [2025-02-03 22:26:26,979] {dag.py:2927} INFO - Setting next_dagrun for tutorial to 2025-02-03T01:26:26.979691+00:00, run_after=2025-02-04T01:26:26.979691+00:00
[2025-02-03 22:26:26,992] {processor.py:161} INFO - Processing /home/luan-capella/Documentos/curso_airflow/airflowalura/venv/lib/python3.9/site-packages/airflow/example_dags/tutorial.py took 0.046 seconds
[2025-02-03 22:27:03,599] {processor.py:153} INFO - Started process (PID=45185) to work on /home/luan-capella/Documentos/curso_airflow/airflowalura/venv/lib/python3.9/site-packages/airflow/example_dags/tutorial.py
[2025-02-03 22:27:03,601] {processor.py:641} INFO - Processing file /home/luan-capella/Documentos/curso_airflow/airflowalura/venv/lib/python3.9/site-packages/airflow/example_dags/tutorial.py for tasks to queue
[2025-02-03 22:27:03,602] {logging_mixin.py:115} INFO - [2025-02-03 22:27:03,602] {dagbag.py:507} INFO - Filling up the DagBag from /home/luan-capella/Documentos/curso_airflow/airflowalura/venv/lib/python3.9/site-packages/airflow/example_dags/tutorial.py
[2025-02-03 22:27:03,609] {processor.py:651} INFO - DAG(s) dict_keys(['tutorial']) retrieved from /home/luan-capella/Documentos/curso_airflow/airflowalura/venv/lib/python3.9/site-packages/airflow/example_dags/tutorial.py
[2025-02-03 22:27:03,622] {logging_mixin.py:115} INFO - [2025-02-03 22:27:03,622] {dag.py:2379} INFO - Sync 1 DAGs
[2025-02-03 22:27:03,635] {logging_mixin.py:115} INFO - [2025-02-03 22:27:03,635] {dag.py:2927} INFO - Setting next_dagrun for tutorial to 2025-02-03T01:27:03.635012+00:00, run_after=2025-02-04T01:27:03.635012+00:00
[2025-02-03 22:27:03,646] {processor.py:161} INFO - Processing /home/luan-capella/Documentos/curso_airflow/airflowalura/venv/lib/python3.9/site-packages/airflow/example_dags/tutorial.py took 0.052 seconds
[2025-02-03 22:27:39,182] {processor.py:153} INFO - Started process (PID=45354) to work on /home/luan-capella/Documentos/curso_airflow/airflowalura/venv/lib/python3.9/site-packages/airflow/example_dags/tutorial.py
[2025-02-03 22:27:39,184] {processor.py:641} INFO - Processing file /home/luan-capella/Documentos/curso_airflow/airflowalura/venv/lib/python3.9/site-packages/airflow/example_dags/tutorial.py for tasks to queue
[2025-02-03 22:27:39,184] {logging_mixin.py:115} INFO - [2025-02-03 22:27:39,184] {dagbag.py:507} INFO - Filling up the DagBag from /home/luan-capella/Documentos/curso_airflow/airflowalura/venv/lib/python3.9/site-packages/airflow/example_dags/tutorial.py
[2025-02-03 22:27:39,192] {processor.py:651} INFO - DAG(s) dict_keys(['tutorial']) retrieved from /home/luan-capella/Documentos/curso_airflow/airflowalura/venv/lib/python3.9/site-packages/airflow/example_dags/tutorial.py
[2025-02-03 22:27:39,203] {logging_mixin.py:115} INFO - [2025-02-03 22:27:39,203] {dag.py:2379} INFO - Sync 1 DAGs
[2025-02-03 22:27:39,215] {logging_mixin.py:115} INFO - [2025-02-03 22:27:39,215] {dag.py:2927} INFO - Setting next_dagrun for tutorial to 2025-02-03T01:27:39.215282+00:00, run_after=2025-02-04T01:27:39.215282+00:00
[2025-02-03 22:27:39,226] {processor.py:161} INFO - Processing /home/luan-capella/Documentos/curso_airflow/airflowalura/venv/lib/python3.9/site-packages/airflow/example_dags/tutorial.py took 0.048 seconds
[2025-02-03 22:28:15,983] {processor.py:153} INFO - Started process (PID=45517) to work on /home/luan-capella/Documentos/curso_airflow/airflowalura/venv/lib/python3.9/site-packages/airflow/example_dags/tutorial.py
[2025-02-03 22:28:15,984] {processor.py:641} INFO - Processing file /home/luan-capella/Documentos/curso_airflow/airflowalura/venv/lib/python3.9/site-packages/airflow/example_dags/tutorial.py for tasks to queue
[2025-02-03 22:28:15,985] {logging_mixin.py:115} INFO - [2025-02-03 22:28:15,985] {dagbag.py:507} INFO - Filling up the DagBag from /home/luan-capella/Documentos/curso_airflow/airflowalura/venv/lib/python3.9/site-packages/airflow/example_dags/tutorial.py
[2025-02-03 22:28:15,991] {processor.py:651} INFO - DAG(s) dict_keys(['tutorial']) retrieved from /home/luan-capella/Documentos/curso_airflow/airflowalura/venv/lib/python3.9/site-packages/airflow/example_dags/tutorial.py
[2025-02-03 22:28:16,008] {logging_mixin.py:115} INFO - [2025-02-03 22:28:16,007] {dag.py:2379} INFO - Sync 1 DAGs
[2025-02-03 22:28:16,020] {logging_mixin.py:115} INFO - [2025-02-03 22:28:16,020] {dag.py:2927} INFO - Setting next_dagrun for tutorial to 2025-02-03T01:28:16.020388+00:00, run_after=2025-02-04T01:28:16.020388+00:00
[2025-02-03 22:28:16,032] {processor.py:161} INFO - Processing /home/luan-capella/Documentos/curso_airflow/airflowalura/venv/lib/python3.9/site-packages/airflow/example_dags/tutorial.py took 0.051 seconds
